[2024-10-17T13:24:41.561+0000] {local_task_job_runner.py:123} INFO - ::group::Pre task execution logs
[2024-10-17T13:24:41.583+0000] {taskinstance.py:2612} INFO - Dependencies all met for dep_context=non-requeueable deps ti=<TaskInstance: pipeline_cadastro_de_zonas.prepare_files manual__2024-10-17T13:24:36.518279+00:00 [queued]>
[2024-10-17T13:24:41.598+0000] {taskinstance.py:2612} INFO - Dependencies all met for dep_context=requeueable deps ti=<TaskInstance: pipeline_cadastro_de_zonas.prepare_files manual__2024-10-17T13:24:36.518279+00:00 [queued]>
[2024-10-17T13:24:41.599+0000] {taskinstance.py:2865} INFO - Starting attempt 1 of 2
[2024-10-17T13:24:41.621+0000] {taskinstance.py:2888} INFO - Executing <Task(PythonOperator): prepare_files> on 2024-10-17 13:24:36.518279+00:00
[2024-10-17T13:24:41.634+0000] {warnings.py:112} WARNING - /home/***/.local/lib/python3.12/site-packages/***/task/task_runner/standard_task_runner.py:70: DeprecationWarning: This process (pid=94) is multi-threaded, use of fork() may lead to deadlocks in the child.
  pid = os.fork()

[2024-10-17T13:24:41.637+0000] {standard_task_runner.py:104} INFO - Running: ['***', 'tasks', 'run', 'pipeline_cadastro_de_zonas', 'prepare_files', 'manual__2024-10-17T13:24:36.518279+00:00', '--job-id', '19', '--raw', '--subdir', 'DAGS_FOLDER/cadastro_de_zonas_dag.py', '--cfg-path', '/tmp/tmph44gr3ub']
[2024-10-17T13:24:41.639+0000] {standard_task_runner.py:105} INFO - Job 19: Subtask prepare_files
[2024-10-17T13:24:41.638+0000] {standard_task_runner.py:72} INFO - Started process 103 to run task
[2024-10-17T13:24:41.711+0000] {task_command.py:467} INFO - Running <TaskInstance: pipeline_cadastro_de_zonas.prepare_files manual__2024-10-17T13:24:36.518279+00:00 [running]> on host a67bc20bf3f9
[2024-10-17T13:24:41.833+0000] {taskinstance.py:3131} INFO - Exporting env vars: AIRFLOW_CTX_DAG_OWNER='***' AIRFLOW_CTX_DAG_ID='pipeline_cadastro_de_zonas' AIRFLOW_CTX_TASK_ID='prepare_files' AIRFLOW_CTX_EXECUTION_DATE='2024-10-17T13:24:36.518279+00:00' AIRFLOW_CTX_TRY_NUMBER='1' AIRFLOW_CTX_DAG_RUN_ID='manual__2024-10-17T13:24:36.518279+00:00'
[2024-10-17T13:24:41.835+0000] {logging_mixin.py:190} INFO - Task instance is in running state
[2024-10-17T13:24:41.835+0000] {logging_mixin.py:190} INFO -  Previous state of the Task instance: queued
[2024-10-17T13:24:41.836+0000] {logging_mixin.py:190} INFO - Current task name:prepare_files state:running start_date:2024-10-17 13:24:41.584196+00:00
[2024-10-17T13:24:41.836+0000] {logging_mixin.py:190} INFO - Dag name:pipeline_cadastro_de_zonas and current dag run status:running
[2024-10-17T13:24:41.837+0000] {taskinstance.py:731} INFO - ::endgroup::
[2024-10-17T13:24:41.838+0000] {cadastro_de_zonas_dag.py:89} INFO - Baixando o arquivo CESP_1t_AC_061020241406.zip...
[2024-10-17T13:24:41.839+0000] {cadastro_de_zonas_dag.py:97} INFO - Descompactando o arquivo CESP_1t_AC_061020241406.zip...
[2024-10-17T13:24:41.839+0000] {logging_mixin.py:190} INFO - Extraindo arquivos...
[2024-10-17T13:24:41.864+0000] {cadastro_de_zonas_dag.py:89} INFO - Baixando o arquivo CESP_1t_AL_061020241406.zip...
[2024-10-17T13:24:41.865+0000] {cadastro_de_zonas_dag.py:97} INFO - Descompactando o arquivo CESP_1t_AL_061020241406.zip...
[2024-10-17T13:24:41.865+0000] {logging_mixin.py:190} INFO - Extraindo arquivos...
[2024-10-17T13:24:41.905+0000] {python.py:240} INFO - Done. Returned value was: None
[2024-10-17T13:24:41.913+0000] {taskinstance.py:340} INFO - ::group::Post task execution logs
[2024-10-17T13:24:41.914+0000] {taskinstance.py:352} INFO - Marking task as SUCCESS. dag_id=pipeline_cadastro_de_zonas, task_id=prepare_files, run_id=manual__2024-10-17T13:24:36.518279+00:00, execution_date=20241017T132436, start_date=20241017T132441, end_date=20241017T132441
[2024-10-17T13:24:41.923+0000] {logging_mixin.py:190} INFO - Task instance in success state
[2024-10-17T13:24:41.924+0000] {logging_mixin.py:190} INFO -  Previous state of the Task instance: running
[2024-10-17T13:24:41.924+0000] {logging_mixin.py:190} INFO - Dag name:pipeline_cadastro_de_zonas queued_at:2024-10-17 13:24:36.535863+00:00
[2024-10-17T13:24:41.924+0000] {logging_mixin.py:190} INFO - Task hostname:a67bc20bf3f9 operator:PythonOperator
[2024-10-17T13:24:41.938+0000] {local_task_job_runner.py:266} INFO - Task exited with return code 0
[2024-10-17T13:24:41.956+0000] {taskinstance.py:3900} INFO - 1 downstream tasks scheduled from follow-on schedule check
[2024-10-17T13:24:41.958+0000] {local_task_job_runner.py:245} INFO - ::endgroup::
