[2024-10-17T13:43:12.208+0000] {local_task_job_runner.py:123} INFO - ::group::Pre task execution logs
[2024-10-17T13:43:12.222+0000] {taskinstance.py:2612} INFO - Dependencies all met for dep_context=non-requeueable deps ti=<TaskInstance: pipeline_cadastro_de_zonas.generate_parquet manual__2024-10-17T13:43:07.270541+00:00 [queued]>
[2024-10-17T13:43:12.229+0000] {taskinstance.py:2612} INFO - Dependencies all met for dep_context=requeueable deps ti=<TaskInstance: pipeline_cadastro_de_zonas.generate_parquet manual__2024-10-17T13:43:07.270541+00:00 [queued]>
[2024-10-17T13:43:12.229+0000] {taskinstance.py:2865} INFO - Starting attempt 1 of 2
[2024-10-17T13:43:12.241+0000] {taskinstance.py:2888} INFO - Executing <Task(PythonOperator): generate_parquet> on 2024-10-17 13:43:07.270541+00:00
[2024-10-17T13:43:12.248+0000] {warnings.py:112} WARNING - /home/***/.local/lib/python3.12/site-packages/***/task/task_runner/standard_task_runner.py:70: DeprecationWarning: This process (pid=274) is multi-threaded, use of fork() may lead to deadlocks in the child.
  pid = os.fork()

[2024-10-17T13:43:12.250+0000] {standard_task_runner.py:72} INFO - Started process 276 to run task
[2024-10-17T13:43:12.250+0000] {standard_task_runner.py:104} INFO - Running: ['***', 'tasks', 'run', 'pipeline_cadastro_de_zonas', 'generate_parquet', 'manual__2024-10-17T13:43:07.270541+00:00', '--job-id', '25', '--raw', '--subdir', 'DAGS_FOLDER/cadastro_de_zonas_dag.py', '--cfg-path', '/tmp/tmpzit1qaev']
[2024-10-17T13:43:12.251+0000] {standard_task_runner.py:105} INFO - Job 25: Subtask generate_parquet
[2024-10-17T13:43:12.293+0000] {task_command.py:467} INFO - Running <TaskInstance: pipeline_cadastro_de_zonas.generate_parquet manual__2024-10-17T13:43:07.270541+00:00 [running]> on host 8bfff3212160
[2024-10-17T13:43:12.372+0000] {taskinstance.py:3131} INFO - Exporting env vars: AIRFLOW_CTX_DAG_OWNER='***' AIRFLOW_CTX_DAG_ID='pipeline_cadastro_de_zonas' AIRFLOW_CTX_TASK_ID='generate_parquet' AIRFLOW_CTX_EXECUTION_DATE='2024-10-17T13:43:07.270541+00:00' AIRFLOW_CTX_TRY_NUMBER='1' AIRFLOW_CTX_DAG_RUN_ID='manual__2024-10-17T13:43:07.270541+00:00'
[2024-10-17T13:43:12.374+0000] {logging_mixin.py:190} INFO - Task instance is in running state
[2024-10-17T13:43:12.374+0000] {logging_mixin.py:190} INFO -  Previous state of the Task instance: queued
[2024-10-17T13:43:12.374+0000] {logging_mixin.py:190} INFO - Current task name:generate_parquet state:running start_date:2024-10-17 13:43:12.222903+00:00
[2024-10-17T13:43:12.375+0000] {logging_mixin.py:190} INFO - Dag name:pipeline_cadastro_de_zonas and current dag run status:running
[2024-10-17T13:43:12.375+0000] {taskinstance.py:731} INFO - ::endgroup::
[2024-10-17T13:43:15.704+0000] {logging_mixin.py:190} INFO - Gerando DataFrame no Spark...
[2024-10-17T13:43:25.061+0000] {logging_mixin.py:190} INFO - Número de linhas processadas: 10737
[2024-10-17T13:43:25.609+0000] {taskinstance.py:3310} ERROR - Task failed with exception
Traceback (most recent call last):
  File "/home/airflow/.local/lib/python3.12/site-packages/airflow/models/taskinstance.py", line 767, in _execute_task
    result = _execute_callable(context=context, **execute_callable_kwargs)
             ^^^^^^^^^^^^^^^^^^^^^^^^^^^^^^^^^^^^^^^^^^^^^^^^^^^^^^^^^^^^^
  File "/home/airflow/.local/lib/python3.12/site-packages/airflow/models/taskinstance.py", line 733, in _execute_callable
    return ExecutionCallableRunner(
           ^^^^^^^^^^^^^^^^^^^^^^^^
  File "/home/airflow/.local/lib/python3.12/site-packages/airflow/utils/operator_helpers.py", line 252, in run
    return self.func(*args, **kwargs)
           ^^^^^^^^^^^^^^^^^^^^^^^^^^
  File "/home/airflow/.local/lib/python3.12/site-packages/airflow/models/baseoperator.py", line 406, in wrapper
    return func(self, *args, **kwargs)
           ^^^^^^^^^^^^^^^^^^^^^^^^^^^
  File "/home/airflow/.local/lib/python3.12/site-packages/airflow/operators/python.py", line 238, in execute
    return_value = self.execute_callable()
                   ^^^^^^^^^^^^^^^^^^^^^^^
  File "/home/airflow/.local/lib/python3.12/site-packages/airflow/operators/python.py", line 256, in execute_callable
    return runner.run(*self.op_args, **self.op_kwargs)
           ^^^^^^^^^^^^^^^^^^^^^^^^^^^^^^^^^^^^^^^^^^^
  File "/home/airflow/.local/lib/python3.12/site-packages/airflow/utils/operator_helpers.py", line 252, in run
    return self.func(*args, **kwargs)
           ^^^^^^^^^^^^^^^^^^^^^^^^^^
  File "/opt/airflow/dags/cadastro_de_zonas_dag.py", line 44, in run_spark_task
    return df_final.count()
           ^^^^^^^^^^^^^^^^
  File "/home/airflow/.local/lib/python3.12/site-packages/pyspark/sql/dataframe.py", line 1240, in count
    return int(self._jdf.count())
               ^^^^^^^^^^^^^^^^^
  File "/home/airflow/.local/lib/python3.12/site-packages/py4j/java_gateway.py", line 1322, in __call__
    return_value = get_return_value(
                   ^^^^^^^^^^^^^^^^^
  File "/home/airflow/.local/lib/python3.12/site-packages/pyspark/errors/exceptions/captured.py", line 179, in deco
    return f(*a, **kw)
           ^^^^^^^^^^^
  File "/home/airflow/.local/lib/python3.12/site-packages/py4j/protocol.py", line 326, in get_return_value
    raise Py4JJavaError(
py4j.protocol.Py4JJavaError: An error occurred while calling o47.count.
: java.lang.IllegalStateException: Cannot call methods on a stopped SparkContext.
This stopped SparkContext was created at:

org.apache.spark.api.java.JavaSparkContext.<init>(JavaSparkContext.scala:58)
java.base/jdk.internal.reflect.NativeConstructorAccessorImpl.newInstance0(Native Method)
java.base/jdk.internal.reflect.NativeConstructorAccessorImpl.newInstance(NativeConstructorAccessorImpl.java:77)
java.base/jdk.internal.reflect.DelegatingConstructorAccessorImpl.newInstance(DelegatingConstructorAccessorImpl.java:45)
java.base/java.lang.reflect.Constructor.newInstanceWithCaller(Constructor.java:500)
java.base/java.lang.reflect.Constructor.newInstance(Constructor.java:481)
py4j.reflection.MethodInvoker.invoke(MethodInvoker.java:247)
py4j.reflection.ReflectionEngine.invoke(ReflectionEngine.java:374)
py4j.Gateway.invoke(Gateway.java:238)
py4j.commands.ConstructorCommand.invokeConstructor(ConstructorCommand.java:80)
py4j.commands.ConstructorCommand.execute(ConstructorCommand.java:69)
py4j.ClientServerConnection.waitForCommands(ClientServerConnection.java:182)
py4j.ClientServerConnection.run(ClientServerConnection.java:106)
java.base/java.lang.Thread.run(Thread.java:840)

The currently active SparkContext was created at:

(No active SparkContext.)
         
	at org.apache.spark.SparkContext.assertNotStopped(SparkContext.scala:122)
	at org.apache.spark.SparkContext.defaultParallelism(SparkContext.scala:2702)
	at org.apache.spark.sql.execution.adaptive.CoalesceShufflePartitions.$anonfun$apply$1(CoalesceShufflePartitions.scala:61)
	at scala.runtime.java8.JFunction0$mcI$sp.apply(JFunction0$mcI$sp.java:23)
	at scala.Option.getOrElse(Option.scala:189)
	at org.apache.spark.sql.execution.adaptive.CoalesceShufflePartitions.apply(CoalesceShufflePartitions.scala:58)
	at org.apache.spark.sql.execution.adaptive.CoalesceShufflePartitions.apply(CoalesceShufflePartitions.scala:34)
	at org.apache.spark.sql.execution.adaptive.AdaptiveSparkPlanExec.$anonfun$optimizeQueryStage$2(AdaptiveSparkPlanExec.scala:169)
	at scala.collection.LinearSeqOptimized.foldLeft(LinearSeqOptimized.scala:126)
	at scala.collection.LinearSeqOptimized.foldLeft$(LinearSeqOptimized.scala:122)
	at scala.collection.immutable.List.foldLeft(List.scala:91)
	at org.apache.spark.sql.execution.adaptive.AdaptiveSparkPlanExec.optimizeQueryStage(AdaptiveSparkPlanExec.scala:168)
	at org.apache.spark.sql.execution.adaptive.AdaptiveSparkPlanExec.newQueryStage(AdaptiveSparkPlanExec.scala:588)
	at org.apache.spark.sql.execution.adaptive.AdaptiveSparkPlanExec.createQueryStages(AdaptiveSparkPlanExec.scala:538)
	at org.apache.spark.sql.execution.adaptive.AdaptiveSparkPlanExec.$anonfun$createQueryStages$2(AdaptiveSparkPlanExec.scala:577)
	at scala.collection.TraversableLike.$anonfun$map$1(TraversableLike.scala:286)
	at scala.collection.Iterator.foreach(Iterator.scala:943)
	at scala.collection.Iterator.foreach$(Iterator.scala:943)
	at scala.collection.AbstractIterator.foreach(Iterator.scala:1431)
	at scala.collection.IterableLike.foreach(IterableLike.scala:74)
	at scala.collection.IterableLike.foreach$(IterableLike.scala:73)
	at scala.collection.AbstractIterable.foreach(Iterable.scala:56)
	at scala.collection.TraversableLike.map(TraversableLike.scala:286)
	at scala.collection.TraversableLike.map$(TraversableLike.scala:279)
	at scala.collection.AbstractTraversable.map(Traversable.scala:108)
	at org.apache.spark.sql.execution.adaptive.AdaptiveSparkPlanExec.createQueryStages(AdaptiveSparkPlanExec.scala:577)
	at org.apache.spark.sql.execution.adaptive.AdaptiveSparkPlanExec.$anonfun$createQueryStages$2(AdaptiveSparkPlanExec.scala:577)
	at scala.collection.TraversableLike.$anonfun$map$1(TraversableLike.scala:286)
	at scala.collection.Iterator.foreach(Iterator.scala:943)
	at scala.collection.Iterator.foreach$(Iterator.scala:943)
	at scala.collection.AbstractIterator.foreach(Iterator.scala:1431)
	at scala.collection.IterableLike.foreach(IterableLike.scala:74)
	at scala.collection.IterableLike.foreach$(IterableLike.scala:73)
	at scala.collection.AbstractIterable.foreach(Iterable.scala:56)
	at scala.collection.TraversableLike.map(TraversableLike.scala:286)
	at scala.collection.TraversableLike.map$(TraversableLike.scala:279)
	at scala.collection.AbstractTraversable.map(Traversable.scala:108)
	at org.apache.spark.sql.execution.adaptive.AdaptiveSparkPlanExec.createQueryStages(AdaptiveSparkPlanExec.scala:577)
	at org.apache.spark.sql.execution.adaptive.AdaptiveSparkPlanExec.createQueryStages(AdaptiveSparkPlanExec.scala:534)
	at org.apache.spark.sql.execution.adaptive.AdaptiveSparkPlanExec.$anonfun$createQueryStages$2(AdaptiveSparkPlanExec.scala:577)
	at scala.collection.TraversableLike.$anonfun$map$1(TraversableLike.scala:286)
	at scala.collection.Iterator.foreach(Iterator.scala:943)
	at scala.collection.Iterator.foreach$(Iterator.scala:943)
	at scala.collection.AbstractIterator.foreach(Iterator.scala:1431)
	at scala.collection.IterableLike.foreach(IterableLike.scala:74)
	at scala.collection.IterableLike.foreach$(IterableLike.scala:73)
	at scala.collection.AbstractIterable.foreach(Iterable.scala:56)
	at scala.collection.TraversableLike.map(TraversableLike.scala:286)
	at scala.collection.TraversableLike.map$(TraversableLike.scala:279)
	at scala.collection.AbstractTraversable.map(Traversable.scala:108)
	at org.apache.spark.sql.execution.adaptive.AdaptiveSparkPlanExec.createQueryStages(AdaptiveSparkPlanExec.scala:577)
	at org.apache.spark.sql.execution.adaptive.AdaptiveSparkPlanExec.$anonfun$getFinalPhysicalPlan$1(AdaptiveSparkPlanExec.scala:277)
	at org.apache.spark.sql.SparkSession.withActive(SparkSession.scala:900)
	at org.apache.spark.sql.execution.adaptive.AdaptiveSparkPlanExec.getFinalPhysicalPlan(AdaptiveSparkPlanExec.scala:272)
	at org.apache.spark.sql.execution.adaptive.AdaptiveSparkPlanExec.withFinalPlanUpdate(AdaptiveSparkPlanExec.scala:417)
	at org.apache.spark.sql.execution.adaptive.AdaptiveSparkPlanExec.executeCollect(AdaptiveSparkPlanExec.scala:390)
	at org.apache.spark.sql.Dataset.$anonfun$count$1(Dataset.scala:3616)
	at org.apache.spark.sql.Dataset.$anonfun$count$1$adapted(Dataset.scala:3615)
	at org.apache.spark.sql.Dataset.$anonfun$withAction$2(Dataset.scala:4323)
	at org.apache.spark.sql.execution.QueryExecution$.withInternalError(QueryExecution.scala:546)
	at org.apache.spark.sql.Dataset.$anonfun$withAction$1(Dataset.scala:4321)
	at org.apache.spark.sql.execution.SQLExecution$.$anonfun$withNewExecutionId$6(SQLExecution.scala:125)
	at org.apache.spark.sql.execution.SQLExecution$.withSQLConfPropagated(SQLExecution.scala:201)
	at org.apache.spark.sql.execution.SQLExecution$.$anonfun$withNewExecutionId$1(SQLExecution.scala:108)
	at org.apache.spark.sql.SparkSession.withActive(SparkSession.scala:900)
	at org.apache.spark.sql.execution.SQLExecution$.withNewExecutionId(SQLExecution.scala:66)
	at org.apache.spark.sql.Dataset.withAction(Dataset.scala:4321)
	at org.apache.spark.sql.Dataset.count(Dataset.scala:3615)
	at java.base/jdk.internal.reflect.NativeMethodAccessorImpl.invoke0(Native Method)
	at java.base/jdk.internal.reflect.NativeMethodAccessorImpl.invoke(NativeMethodAccessorImpl.java:77)
	at java.base/jdk.internal.reflect.DelegatingMethodAccessorImpl.invoke(DelegatingMethodAccessorImpl.java:43)
	at java.base/java.lang.reflect.Method.invoke(Method.java:569)
	at py4j.reflection.MethodInvoker.invoke(MethodInvoker.java:244)
	at py4j.reflection.ReflectionEngine.invoke(ReflectionEngine.java:374)
	at py4j.Gateway.invoke(Gateway.java:282)
	at py4j.commands.AbstractCommand.invokeMethod(AbstractCommand.java:132)
	at py4j.commands.CallCommand.execute(CallCommand.java:79)
	at py4j.ClientServerConnection.waitForCommands(ClientServerConnection.java:182)
	at py4j.ClientServerConnection.run(ClientServerConnection.java:106)
	at java.base/java.lang.Thread.run(Thread.java:840)

[2024-10-17T13:43:25.633+0000] {logging_mixin.py:190} INFO - Task instance in failure state
[2024-10-17T13:43:25.634+0000] {logging_mixin.py:190} INFO - Task start:2024-10-17 13:43:12.222903+00:00 end:2024-10-17 13:43:25.633389+00:00 duration:13.410486
[2024-10-17T13:43:25.635+0000] {logging_mixin.py:190} INFO - Task:<Task(PythonOperator): generate_parquet> dag:<DAG: pipeline_cadastro_de_zonas> dagrun:<DagRun pipeline_cadastro_de_zonas @ 2024-10-17 13:43:07.270541+00:00: manual__2024-10-17T13:43:07.270541+00:00, state:running, queued_at: 2024-10-17 13:43:07.286435+00:00. externally triggered: True>
[2024-10-17T13:43:25.636+0000] {logging_mixin.py:190} INFO - Failure caused by An error occurred while calling o47.count.
: java.lang.IllegalStateException: Cannot call methods on a stopped SparkContext.
This stopped SparkContext was created at:

org.apache.spark.api.java.JavaSparkContext.<init>(JavaSparkContext.scala:58)
java.base/jdk.internal.reflect.NativeConstructorAccessorImpl.newInstance0(Native Method)
java.base/jdk.internal.reflect.NativeConstructorAccessorImpl.newInstance(NativeConstructorAccessorImpl.java:77)
java.base/jdk.internal.reflect.DelegatingConstructorAccessorImpl.newInstance(DelegatingConstructorAccessorImpl.java:45)
java.base/java.lang.reflect.Constructor.newInstanceWithCaller(Constructor.java:500)
java.base/java.lang.reflect.Constructor.newInstance(Constructor.java:481)
py4j.reflection.MethodInvoker.invoke(MethodInvoker.java:247)
py4j.reflection.ReflectionEngine.invoke(ReflectionEngine.java:374)
py4j.Gateway.invoke(Gateway.java:238)
py4j.commands.ConstructorCommand.invokeConstructor(ConstructorCommand.java:80)
py4j.commands.ConstructorCommand.execute(ConstructorCommand.java:69)
py4j.ClientServerConnection.waitForCommands(ClientServerConnection.java:182)
py4j.ClientServerConnection.run(ClientServerConnection.java:106)
java.base/java.lang.Thread.run(Thread.java:840)

The currently active SparkContext was created at:

(No active SparkContext.)
         
	at org.apache.spark.SparkContext.assertNotStopped(SparkContext.scala:122)
	at org.apache.spark.SparkContext.defaultParallelism(SparkContext.scala:2702)
	at org.apache.spark.sql.execution.adaptive.CoalesceShufflePartitions.$anonfun$apply$1(CoalesceShufflePartitions.scala:61)
	at scala.runtime.java8.JFunction0$mcI$sp.apply(JFunction0$mcI$sp.java:23)
	at scala.Option.getOrElse(Option.scala:189)
	at org.apache.spark.sql.execution.adaptive.CoalesceShufflePartitions.apply(CoalesceShufflePartitions.scala:58)
	at org.apache.spark.sql.execution.adaptive.CoalesceShufflePartitions.apply(CoalesceShufflePartitions.scala:34)
	at org.apache.spark.sql.execution.adaptive.AdaptiveSparkPlanExec.$anonfun$optimizeQueryStage$2(AdaptiveSparkPlanExec.scala:169)
	at scala.collection.LinearSeqOptimized.foldLeft(LinearSeqOptimized.scala:126)
	at scala.collection.LinearSeqOptimized.foldLeft$(LinearSeqOptimized.scala:122)
	at scala.collection.immutable.List.foldLeft(List.scala:91)
	at org.apache.spark.sql.execution.adaptive.AdaptiveSparkPlanExec.optimizeQueryStage(AdaptiveSparkPlanExec.scala:168)
	at org.apache.spark.sql.execution.adaptive.AdaptiveSparkPlanExec.newQueryStage(AdaptiveSparkPlanExec.scala:588)
	at org.apache.spark.sql.execution.adaptive.AdaptiveSparkPlanExec.createQueryStages(AdaptiveSparkPlanExec.scala:538)
	at org.apache.spark.sql.execution.adaptive.AdaptiveSparkPlanExec.$anonfun$createQueryStages$2(AdaptiveSparkPlanExec.scala:577)
	at scala.collection.TraversableLike.$anonfun$map$1(TraversableLike.scala:286)
	at scala.collection.Iterator.foreach(Iterator.scala:943)
	at scala.collection.Iterator.foreach$(Iterator.scala:943)
	at scala.collection.AbstractIterator.foreach(Iterator.scala:1431)
	at scala.collection.IterableLike.foreach(IterableLike.scala:74)
	at scala.collection.IterableLike.foreach$(IterableLike.scala:73)
	at scala.collection.AbstractIterable.foreach(Iterable.scala:56)
	at scala.collection.TraversableLike.map(TraversableLike.scala:286)
	at scala.collection.TraversableLike.map$(TraversableLike.scala:279)
	at scala.collection.AbstractTraversable.map(Traversable.scala:108)
	at org.apache.spark.sql.execution.adaptive.AdaptiveSparkPlanExec.createQueryStages(AdaptiveSparkPlanExec.scala:577)
	at org.apache.spark.sql.execution.adaptive.AdaptiveSparkPlanExec.$anonfun$createQueryStages$2(AdaptiveSparkPlanExec.scala:577)
	at scala.collection.TraversableLike.$anonfun$map$1(TraversableLike.scala:286)
	at scala.collection.Iterator.foreach(Iterator.scala:943)
	at scala.collection.Iterator.foreach$(Iterator.scala:943)
	at scala.collection.AbstractIterator.foreach(Iterator.scala:1431)
	at scala.collection.IterableLike.foreach(IterableLike.scala:74)
	at scala.collection.IterableLike.foreach$(IterableLike.scala:73)
	at scala.collection.AbstractIterable.foreach(Iterable.scala:56)
	at scala.collection.TraversableLike.map(TraversableLike.scala:286)
	at scala.collection.TraversableLike.map$(TraversableLike.scala:279)
	at scala.collection.AbstractTraversable.map(Traversable.scala:108)
	at org.apache.spark.sql.execution.adaptive.AdaptiveSparkPlanExec.createQueryStages(AdaptiveSparkPlanExec.scala:577)
	at org.apache.spark.sql.execution.adaptive.AdaptiveSparkPlanExec.createQueryStages(AdaptiveSparkPlanExec.scala:534)
	at org.apache.spark.sql.execution.adaptive.AdaptiveSparkPlanExec.$anonfun$createQueryStages$2(AdaptiveSparkPlanExec.scala:577)
	at scala.collection.TraversableLike.$anonfun$map$1(TraversableLike.scala:286)
	at scala.collection.Iterator.foreach(Iterator.scala:943)
	at scala.collection.Iterator.foreach$(Iterator.scala:943)
	at scala.collection.AbstractIterator.foreach(Iterator.scala:1431)
	at scala.collection.IterableLike.foreach(IterableLike.scala:74)
	at scala.collection.IterableLike.foreach$(IterableLike.scala:73)
	at scala.collection.AbstractIterable.foreach(Iterable.scala:56)
	at scala.collection.TraversableLike.map(TraversableLike.scala:286)
	at scala.collection.TraversableLike.map$(TraversableLike.scala:279)
	at scala.collection.AbstractTraversable.map(Traversable.scala:108)
	at org.apache.spark.sql.execution.adaptive.AdaptiveSparkPlanExec.createQueryStages(AdaptiveSparkPlanExec.scala:577)
	at org.apache.spark.sql.execution.adaptive.AdaptiveSparkPlanExec.$anonfun$getFinalPhysicalPlan$1(AdaptiveSparkPlanExec.scala:277)
	at org.apache.spark.sql.SparkSession.withActive(SparkSession.scala:900)
	at org.apache.spark.sql.execution.adaptive.AdaptiveSparkPlanExec.getFinalPhysicalPlan(AdaptiveSparkPlanExec.scala:272)
	at org.apache.spark.sql.execution.adaptive.AdaptiveSparkPlanExec.withFinalPlanUpdate(AdaptiveSparkPlanExec.scala:417)
	at org.apache.spark.sql.execution.adaptive.AdaptiveSparkPlanExec.executeCollect(AdaptiveSparkPlanExec.scala:390)
	at org.apache.spark.sql.Dataset.$anonfun$count$1(Dataset.scala:3616)
	at org.apache.spark.sql.Dataset.$anonfun$count$1$adapted(Dataset.scala:3615)
	at org.apache.spark.sql.Dataset.$anonfun$withAction$2(Dataset.scala:4323)
	at org.apache.spark.sql.execution.QueryExecution$.withInternalError(QueryExecution.scala:546)
	at org.apache.spark.sql.Dataset.$anonfun$withAction$1(Dataset.scala:4321)
	at org.apache.spark.sql.execution.SQLExecution$.$anonfun$withNewExecutionId$6(SQLExecution.scala:125)
	at org.apache.spark.sql.execution.SQLExecution$.withSQLConfPropagated(SQLExecution.scala:201)
	at org.apache.spark.sql.execution.SQLExecution$.$anonfun$withNewExecutionId$1(SQLExecution.scala:108)
	at org.apache.spark.sql.SparkSession.withActive(SparkSession.scala:900)
	at org.apache.spark.sql.execution.SQLExecution$.withNewExecutionId(SQLExecution.scala:66)
	at org.apache.spark.sql.Dataset.withAction(Dataset.scala:4321)
	at org.apache.spark.sql.Dataset.count(Dataset.scala:3615)
	at java.base/jdk.internal.reflect.NativeMethodAccessorImpl.invoke0(Native Method)
	at java.base/jdk.internal.reflect.NativeMethodAccessorImpl.invoke(NativeMethodAccessorImpl.java:77)
	at java.base/jdk.internal.reflect.DelegatingMethodAccessorImpl.invoke(DelegatingMethodAccessorImpl.java:43)
	at java.base/java.lang.reflect.Method.invoke(Method.java:569)
	at py4j.reflection.MethodInvoker.invoke(MethodInvoker.java:244)
	at py4j.reflection.ReflectionEngine.invoke(ReflectionEngine.java:374)
	at py4j.Gateway.invoke(Gateway.java:282)
	at py4j.commands.AbstractCommand.invokeMethod(AbstractCommand.java:132)
	at py4j.commands.CallCommand.execute(CallCommand.java:79)
	at py4j.ClientServerConnection.waitForCommands(ClientServerConnection.java:182)
	at py4j.ClientServerConnection.run(ClientServerConnection.java:106)
	at java.base/java.lang.Thread.run(Thread.java:840)
[2024-10-17T13:43:25.637+0000] {taskinstance.py:1225} INFO - Marking task as UP_FOR_RETRY. dag_id=pipeline_cadastro_de_zonas, task_id=generate_parquet, run_id=manual__2024-10-17T13:43:07.270541+00:00, execution_date=20241017T134307, start_date=20241017T134312, end_date=20241017T134325
[2024-10-17T13:43:25.661+0000] {taskinstance.py:340} INFO - ::group::Post task execution logs
[2024-10-17T13:43:25.662+0000] {standard_task_runner.py:124} ERROR - Failed to execute job 25 for task generate_parquet (An error occurred while calling o47.count.
: java.lang.IllegalStateException: Cannot call methods on a stopped SparkContext.
This stopped SparkContext was created at:

org.apache.spark.api.java.JavaSparkContext.<init>(JavaSparkContext.scala:58)
java.base/jdk.internal.reflect.NativeConstructorAccessorImpl.newInstance0(Native Method)
java.base/jdk.internal.reflect.NativeConstructorAccessorImpl.newInstance(NativeConstructorAccessorImpl.java:77)
java.base/jdk.internal.reflect.DelegatingConstructorAccessorImpl.newInstance(DelegatingConstructorAccessorImpl.java:45)
java.base/java.lang.reflect.Constructor.newInstanceWithCaller(Constructor.java:500)
java.base/java.lang.reflect.Constructor.newInstance(Constructor.java:481)
py4j.reflection.MethodInvoker.invoke(MethodInvoker.java:247)
py4j.reflection.ReflectionEngine.invoke(ReflectionEngine.java:374)
py4j.Gateway.invoke(Gateway.java:238)
py4j.commands.ConstructorCommand.invokeConstructor(ConstructorCommand.java:80)
py4j.commands.ConstructorCommand.execute(ConstructorCommand.java:69)
py4j.ClientServerConnection.waitForCommands(ClientServerConnection.java:182)
py4j.ClientServerConnection.run(ClientServerConnection.java:106)
java.base/java.lang.Thread.run(Thread.java:840)

The currently active SparkContext was created at:

(No active SparkContext.)
         
	at org.apache.spark.SparkContext.assertNotStopped(SparkContext.scala:122)
	at org.apache.spark.SparkContext.defaultParallelism(SparkContext.scala:2702)
	at org.apache.spark.sql.execution.adaptive.CoalesceShufflePartitions.$anonfun$apply$1(CoalesceShufflePartitions.scala:61)
	at scala.runtime.java8.JFunction0$mcI$sp.apply(JFunction0$mcI$sp.java:23)
	at scala.Option.getOrElse(Option.scala:189)
	at org.apache.spark.sql.execution.adaptive.CoalesceShufflePartitions.apply(CoalesceShufflePartitions.scala:58)
	at org.apache.spark.sql.execution.adaptive.CoalesceShufflePartitions.apply(CoalesceShufflePartitions.scala:34)
	at org.apache.spark.sql.execution.adaptive.AdaptiveSparkPlanExec.$anonfun$optimizeQueryStage$2(AdaptiveSparkPlanExec.scala:169)
	at scala.collection.LinearSeqOptimized.foldLeft(LinearSeqOptimized.scala:126)
	at scala.collection.LinearSeqOptimized.foldLeft$(LinearSeqOptimized.scala:122)
	at scala.collection.immutable.List.foldLeft(List.scala:91)
	at org.apache.spark.sql.execution.adaptive.AdaptiveSparkPlanExec.optimizeQueryStage(AdaptiveSparkPlanExec.scala:168)
	at org.apache.spark.sql.execution.adaptive.AdaptiveSparkPlanExec.newQueryStage(AdaptiveSparkPlanExec.scala:588)
	at org.apache.spark.sql.execution.adaptive.AdaptiveSparkPlanExec.createQueryStages(AdaptiveSparkPlanExec.scala:538)
	at org.apache.spark.sql.execution.adaptive.AdaptiveSparkPlanExec.$anonfun$createQueryStages$2(AdaptiveSparkPlanExec.scala:577)
	at scala.collection.TraversableLike.$anonfun$map$1(TraversableLike.scala:286)
	at scala.collection.Iterator.foreach(Iterator.scala:943)
	at scala.collection.Iterator.foreach$(Iterator.scala:943)
	at scala.collection.AbstractIterator.foreach(Iterator.scala:1431)
	at scala.collection.IterableLike.foreach(IterableLike.scala:74)
	at scala.collection.IterableLike.foreach$(IterableLike.scala:73)
	at scala.collection.AbstractIterable.foreach(Iterable.scala:56)
	at scala.collection.TraversableLike.map(TraversableLike.scala:286)
	at scala.collection.TraversableLike.map$(TraversableLike.scala:279)
	at scala.collection.AbstractTraversable.map(Traversable.scala:108)
	at org.apache.spark.sql.execution.adaptive.AdaptiveSparkPlanExec.createQueryStages(AdaptiveSparkPlanExec.scala:577)
	at org.apache.spark.sql.execution.adaptive.AdaptiveSparkPlanExec.$anonfun$createQueryStages$2(AdaptiveSparkPlanExec.scala:577)
	at scala.collection.TraversableLike.$anonfun$map$1(TraversableLike.scala:286)
	at scala.collection.Iterator.foreach(Iterator.scala:943)
	at scala.collection.Iterator.foreach$(Iterator.scala:943)
	at scala.collection.AbstractIterator.foreach(Iterator.scala:1431)
	at scala.collection.IterableLike.foreach(IterableLike.scala:74)
	at scala.collection.IterableLike.foreach$(IterableLike.scala:73)
	at scala.collection.AbstractIterable.foreach(Iterable.scala:56)
	at scala.collection.TraversableLike.map(TraversableLike.scala:286)
	at scala.collection.TraversableLike.map$(TraversableLike.scala:279)
	at scala.collection.AbstractTraversable.map(Traversable.scala:108)
	at org.apache.spark.sql.execution.adaptive.AdaptiveSparkPlanExec.createQueryStages(AdaptiveSparkPlanExec.scala:577)
	at org.apache.spark.sql.execution.adaptive.AdaptiveSparkPlanExec.createQueryStages(AdaptiveSparkPlanExec.scala:534)
	at org.apache.spark.sql.execution.adaptive.AdaptiveSparkPlanExec.$anonfun$createQueryStages$2(AdaptiveSparkPlanExec.scala:577)
	at scala.collection.TraversableLike.$anonfun$map$1(TraversableLike.scala:286)
	at scala.collection.Iterator.foreach(Iterator.scala:943)
	at scala.collection.Iterator.foreach$(Iterator.scala:943)
	at scala.collection.AbstractIterator.foreach(Iterator.scala:1431)
	at scala.collection.IterableLike.foreach(IterableLike.scala:74)
	at scala.collection.IterableLike.foreach$(IterableLike.scala:73)
	at scala.collection.AbstractIterable.foreach(Iterable.scala:56)
	at scala.collection.TraversableLike.map(TraversableLike.scala:286)
	at scala.collection.TraversableLike.map$(TraversableLike.scala:279)
	at scala.collection.AbstractTraversable.map(Traversable.scala:108)
	at org.apache.spark.sql.execution.adaptive.AdaptiveSparkPlanExec.createQueryStages(AdaptiveSparkPlanExec.scala:577)
	at org.apache.spark.sql.execution.adaptive.AdaptiveSparkPlanExec.$anonfun$getFinalPhysicalPlan$1(AdaptiveSparkPlanExec.scala:277)
	at org.apache.spark.sql.SparkSession.withActive(SparkSession.scala:900)
	at org.apache.spark.sql.execution.adaptive.AdaptiveSparkPlanExec.getFinalPhysicalPlan(AdaptiveSparkPlanExec.scala:272)
	at org.apache.spark.sql.execution.adaptive.AdaptiveSparkPlanExec.withFinalPlanUpdate(AdaptiveSparkPlanExec.scala:417)
	at org.apache.spark.sql.execution.adaptive.AdaptiveSparkPlanExec.executeCollect(AdaptiveSparkPlanExec.scala:390)
	at org.apache.spark.sql.Dataset.$anonfun$count$1(Dataset.scala:3616)
	at org.apache.spark.sql.Dataset.$anonfun$count$1$adapted(Dataset.scala:3615)
	at org.apache.spark.sql.Dataset.$anonfun$withAction$2(Dataset.scala:4323)
	at org.apache.spark.sql.execution.QueryExecution$.withInternalError(QueryExecution.scala:546)
	at org.apache.spark.sql.Dataset.$anonfun$withAction$1(Dataset.scala:4321)
	at org.apache.spark.sql.execution.SQLExecution$.$anonfun$withNewExecutionId$6(SQLExecution.scala:125)
	at org.apache.spark.sql.execution.SQLExecution$.withSQLConfPropagated(SQLExecution.scala:201)
	at org.apache.spark.sql.execution.SQLExecution$.$anonfun$withNewExecutionId$1(SQLExecution.scala:108)
	at org.apache.spark.sql.SparkSession.withActive(SparkSession.scala:900)
	at org.apache.spark.sql.execution.SQLExecution$.withNewExecutionId(SQLExecution.scala:66)
	at org.apache.spark.sql.Dataset.withAction(Dataset.scala:4321)
	at org.apache.spark.sql.Dataset.count(Dataset.scala:3615)
	at java.base/jdk.internal.reflect.NativeMethodAccessorImpl.invoke0(Native Method)
	at java.base/jdk.internal.reflect.NativeMethodAccessorImpl.invoke(NativeMethodAccessorImpl.java:77)
	at java.base/jdk.internal.reflect.DelegatingMethodAccessorImpl.invoke(DelegatingMethodAccessorImpl.java:43)
	at java.base/java.lang.reflect.Method.invoke(Method.java:569)
	at py4j.reflection.MethodInvoker.invoke(MethodInvoker.java:244)
	at py4j.reflection.ReflectionEngine.invoke(ReflectionEngine.java:374)
	at py4j.Gateway.invoke(Gateway.java:282)
	at py4j.commands.AbstractCommand.invokeMethod(AbstractCommand.java:132)
	at py4j.commands.CallCommand.execute(CallCommand.java:79)
	at py4j.ClientServerConnection.waitForCommands(ClientServerConnection.java:182)
	at py4j.ClientServerConnection.run(ClientServerConnection.java:106)
	at java.base/java.lang.Thread.run(Thread.java:840)
; 276)
Traceback (most recent call last):
  File "/home/airflow/.local/lib/python3.12/site-packages/airflow/task/task_runner/standard_task_runner.py", line 117, in _start_by_fork
    ret = args.func(args, dag=self.dag)
          ^^^^^^^^^^^^^^^^^^^^^^^^^^^^^
  File "/home/airflow/.local/lib/python3.12/site-packages/airflow/cli/cli_config.py", line 49, in command
    return func(*args, **kwargs)
           ^^^^^^^^^^^^^^^^^^^^^
  File "/home/airflow/.local/lib/python3.12/site-packages/airflow/utils/cli.py", line 115, in wrapper
    return f(*args, **kwargs)
           ^^^^^^^^^^^^^^^^^^
  File "/home/airflow/.local/lib/python3.12/site-packages/airflow/cli/commands/task_command.py", line 483, in task_run
    task_return_code = _run_task_by_selected_method(args, _dag, ti)
                       ^^^^^^^^^^^^^^^^^^^^^^^^^^^^^^^^^^^^^^^^^^^^
  File "/home/airflow/.local/lib/python3.12/site-packages/airflow/cli/commands/task_command.py", line 256, in _run_task_by_selected_method
    return _run_raw_task(args, ti)
           ^^^^^^^^^^^^^^^^^^^^^^^
  File "/home/airflow/.local/lib/python3.12/site-packages/airflow/cli/commands/task_command.py", line 341, in _run_raw_task
    return ti._run_raw_task(
           ^^^^^^^^^^^^^^^^^
  File "/home/airflow/.local/lib/python3.12/site-packages/airflow/utils/session.py", line 97, in wrapper
    return func(*args, session=session, **kwargs)
           ^^^^^^^^^^^^^^^^^^^^^^^^^^^^^^^^^^^^^^
  File "/home/airflow/.local/lib/python3.12/site-packages/airflow/models/taskinstance.py", line 3004, in _run_raw_task
    return _run_raw_task(
           ^^^^^^^^^^^^^^
  File "/home/airflow/.local/lib/python3.12/site-packages/airflow/models/taskinstance.py", line 273, in _run_raw_task
    TaskInstance._execute_task_with_callbacks(
  File "/home/airflow/.local/lib/python3.12/site-packages/airflow/models/taskinstance.py", line 3158, in _execute_task_with_callbacks
    result = self._execute_task(context, task_orig)
             ^^^^^^^^^^^^^^^^^^^^^^^^^^^^^^^^^^^^^^
  File "/home/airflow/.local/lib/python3.12/site-packages/airflow/models/taskinstance.py", line 3182, in _execute_task
    return _execute_task(self, context, task_orig)
           ^^^^^^^^^^^^^^^^^^^^^^^^^^^^^^^^^^^^^^^
  File "/home/airflow/.local/lib/python3.12/site-packages/airflow/models/taskinstance.py", line 767, in _execute_task
    result = _execute_callable(context=context, **execute_callable_kwargs)
             ^^^^^^^^^^^^^^^^^^^^^^^^^^^^^^^^^^^^^^^^^^^^^^^^^^^^^^^^^^^^^
  File "/home/airflow/.local/lib/python3.12/site-packages/airflow/models/taskinstance.py", line 733, in _execute_callable
    return ExecutionCallableRunner(
           ^^^^^^^^^^^^^^^^^^^^^^^^
  File "/home/airflow/.local/lib/python3.12/site-packages/airflow/utils/operator_helpers.py", line 252, in run
    return self.func(*args, **kwargs)
           ^^^^^^^^^^^^^^^^^^^^^^^^^^
  File "/home/airflow/.local/lib/python3.12/site-packages/airflow/models/baseoperator.py", line 406, in wrapper
    return func(self, *args, **kwargs)
           ^^^^^^^^^^^^^^^^^^^^^^^^^^^
  File "/home/airflow/.local/lib/python3.12/site-packages/airflow/operators/python.py", line 238, in execute
    return_value = self.execute_callable()
                   ^^^^^^^^^^^^^^^^^^^^^^^
  File "/home/airflow/.local/lib/python3.12/site-packages/airflow/operators/python.py", line 256, in execute_callable
    return runner.run(*self.op_args, **self.op_kwargs)
           ^^^^^^^^^^^^^^^^^^^^^^^^^^^^^^^^^^^^^^^^^^^
  File "/home/airflow/.local/lib/python3.12/site-packages/airflow/utils/operator_helpers.py", line 252, in run
    return self.func(*args, **kwargs)
           ^^^^^^^^^^^^^^^^^^^^^^^^^^
  File "/opt/airflow/dags/cadastro_de_zonas_dag.py", line 44, in run_spark_task
    return df_final.count()
           ^^^^^^^^^^^^^^^^
  File "/home/airflow/.local/lib/python3.12/site-packages/pyspark/sql/dataframe.py", line 1240, in count
    return int(self._jdf.count())
               ^^^^^^^^^^^^^^^^^
  File "/home/airflow/.local/lib/python3.12/site-packages/py4j/java_gateway.py", line 1322, in __call__
    return_value = get_return_value(
                   ^^^^^^^^^^^^^^^^^
  File "/home/airflow/.local/lib/python3.12/site-packages/pyspark/errors/exceptions/captured.py", line 179, in deco
    return f(*a, **kw)
           ^^^^^^^^^^^
  File "/home/airflow/.local/lib/python3.12/site-packages/py4j/protocol.py", line 326, in get_return_value
    raise Py4JJavaError(
py4j.protocol.Py4JJavaError: An error occurred while calling o47.count.
: java.lang.IllegalStateException: Cannot call methods on a stopped SparkContext.
This stopped SparkContext was created at:

org.apache.spark.api.java.JavaSparkContext.<init>(JavaSparkContext.scala:58)
java.base/jdk.internal.reflect.NativeConstructorAccessorImpl.newInstance0(Native Method)
java.base/jdk.internal.reflect.NativeConstructorAccessorImpl.newInstance(NativeConstructorAccessorImpl.java:77)
java.base/jdk.internal.reflect.DelegatingConstructorAccessorImpl.newInstance(DelegatingConstructorAccessorImpl.java:45)
java.base/java.lang.reflect.Constructor.newInstanceWithCaller(Constructor.java:500)
java.base/java.lang.reflect.Constructor.newInstance(Constructor.java:481)
py4j.reflection.MethodInvoker.invoke(MethodInvoker.java:247)
py4j.reflection.ReflectionEngine.invoke(ReflectionEngine.java:374)
py4j.Gateway.invoke(Gateway.java:238)
py4j.commands.ConstructorCommand.invokeConstructor(ConstructorCommand.java:80)
py4j.commands.ConstructorCommand.execute(ConstructorCommand.java:69)
py4j.ClientServerConnection.waitForCommands(ClientServerConnection.java:182)
py4j.ClientServerConnection.run(ClientServerConnection.java:106)
java.base/java.lang.Thread.run(Thread.java:840)

The currently active SparkContext was created at:

(No active SparkContext.)
         
	at org.apache.spark.SparkContext.assertNotStopped(SparkContext.scala:122)
	at org.apache.spark.SparkContext.defaultParallelism(SparkContext.scala:2702)
	at org.apache.spark.sql.execution.adaptive.CoalesceShufflePartitions.$anonfun$apply$1(CoalesceShufflePartitions.scala:61)
	at scala.runtime.java8.JFunction0$mcI$sp.apply(JFunction0$mcI$sp.java:23)
	at scala.Option.getOrElse(Option.scala:189)
	at org.apache.spark.sql.execution.adaptive.CoalesceShufflePartitions.apply(CoalesceShufflePartitions.scala:58)
	at org.apache.spark.sql.execution.adaptive.CoalesceShufflePartitions.apply(CoalesceShufflePartitions.scala:34)
	at org.apache.spark.sql.execution.adaptive.AdaptiveSparkPlanExec.$anonfun$optimizeQueryStage$2(AdaptiveSparkPlanExec.scala:169)
	at scala.collection.LinearSeqOptimized.foldLeft(LinearSeqOptimized.scala:126)
	at scala.collection.LinearSeqOptimized.foldLeft$(LinearSeqOptimized.scala:122)
	at scala.collection.immutable.List.foldLeft(List.scala:91)
	at org.apache.spark.sql.execution.adaptive.AdaptiveSparkPlanExec.optimizeQueryStage(AdaptiveSparkPlanExec.scala:168)
	at org.apache.spark.sql.execution.adaptive.AdaptiveSparkPlanExec.newQueryStage(AdaptiveSparkPlanExec.scala:588)
	at org.apache.spark.sql.execution.adaptive.AdaptiveSparkPlanExec.createQueryStages(AdaptiveSparkPlanExec.scala:538)
	at org.apache.spark.sql.execution.adaptive.AdaptiveSparkPlanExec.$anonfun$createQueryStages$2(AdaptiveSparkPlanExec.scala:577)
	at scala.collection.TraversableLike.$anonfun$map$1(TraversableLike.scala:286)
	at scala.collection.Iterator.foreach(Iterator.scala:943)
	at scala.collection.Iterator.foreach$(Iterator.scala:943)
	at scala.collection.AbstractIterator.foreach(Iterator.scala:1431)
	at scala.collection.IterableLike.foreach(IterableLike.scala:74)
	at scala.collection.IterableLike.foreach$(IterableLike.scala:73)
	at scala.collection.AbstractIterable.foreach(Iterable.scala:56)
	at scala.collection.TraversableLike.map(TraversableLike.scala:286)
	at scala.collection.TraversableLike.map$(TraversableLike.scala:279)
	at scala.collection.AbstractTraversable.map(Traversable.scala:108)
	at org.apache.spark.sql.execution.adaptive.AdaptiveSparkPlanExec.createQueryStages(AdaptiveSparkPlanExec.scala:577)
	at org.apache.spark.sql.execution.adaptive.AdaptiveSparkPlanExec.$anonfun$createQueryStages$2(AdaptiveSparkPlanExec.scala:577)
	at scala.collection.TraversableLike.$anonfun$map$1(TraversableLike.scala:286)
	at scala.collection.Iterator.foreach(Iterator.scala:943)
	at scala.collection.Iterator.foreach$(Iterator.scala:943)
	at scala.collection.AbstractIterator.foreach(Iterator.scala:1431)
	at scala.collection.IterableLike.foreach(IterableLike.scala:74)
	at scala.collection.IterableLike.foreach$(IterableLike.scala:73)
	at scala.collection.AbstractIterable.foreach(Iterable.scala:56)
	at scala.collection.TraversableLike.map(TraversableLike.scala:286)
	at scala.collection.TraversableLike.map$(TraversableLike.scala:279)
	at scala.collection.AbstractTraversable.map(Traversable.scala:108)
	at org.apache.spark.sql.execution.adaptive.AdaptiveSparkPlanExec.createQueryStages(AdaptiveSparkPlanExec.scala:577)
	at org.apache.spark.sql.execution.adaptive.AdaptiveSparkPlanExec.createQueryStages(AdaptiveSparkPlanExec.scala:534)
	at org.apache.spark.sql.execution.adaptive.AdaptiveSparkPlanExec.$anonfun$createQueryStages$2(AdaptiveSparkPlanExec.scala:577)
	at scala.collection.TraversableLike.$anonfun$map$1(TraversableLike.scala:286)
	at scala.collection.Iterator.foreach(Iterator.scala:943)
	at scala.collection.Iterator.foreach$(Iterator.scala:943)
	at scala.collection.AbstractIterator.foreach(Iterator.scala:1431)
	at scala.collection.IterableLike.foreach(IterableLike.scala:74)
	at scala.collection.IterableLike.foreach$(IterableLike.scala:73)
	at scala.collection.AbstractIterable.foreach(Iterable.scala:56)
	at scala.collection.TraversableLike.map(TraversableLike.scala:286)
	at scala.collection.TraversableLike.map$(TraversableLike.scala:279)
	at scala.collection.AbstractTraversable.map(Traversable.scala:108)
	at org.apache.spark.sql.execution.adaptive.AdaptiveSparkPlanExec.createQueryStages(AdaptiveSparkPlanExec.scala:577)
	at org.apache.spark.sql.execution.adaptive.AdaptiveSparkPlanExec.$anonfun$getFinalPhysicalPlan$1(AdaptiveSparkPlanExec.scala:277)
	at org.apache.spark.sql.SparkSession.withActive(SparkSession.scala:900)
	at org.apache.spark.sql.execution.adaptive.AdaptiveSparkPlanExec.getFinalPhysicalPlan(AdaptiveSparkPlanExec.scala:272)
	at org.apache.spark.sql.execution.adaptive.AdaptiveSparkPlanExec.withFinalPlanUpdate(AdaptiveSparkPlanExec.scala:417)
	at org.apache.spark.sql.execution.adaptive.AdaptiveSparkPlanExec.executeCollect(AdaptiveSparkPlanExec.scala:390)
	at org.apache.spark.sql.Dataset.$anonfun$count$1(Dataset.scala:3616)
	at org.apache.spark.sql.Dataset.$anonfun$count$1$adapted(Dataset.scala:3615)
	at org.apache.spark.sql.Dataset.$anonfun$withAction$2(Dataset.scala:4323)
	at org.apache.spark.sql.execution.QueryExecution$.withInternalError(QueryExecution.scala:546)
	at org.apache.spark.sql.Dataset.$anonfun$withAction$1(Dataset.scala:4321)
	at org.apache.spark.sql.execution.SQLExecution$.$anonfun$withNewExecutionId$6(SQLExecution.scala:125)
	at org.apache.spark.sql.execution.SQLExecution$.withSQLConfPropagated(SQLExecution.scala:201)
	at org.apache.spark.sql.execution.SQLExecution$.$anonfun$withNewExecutionId$1(SQLExecution.scala:108)
	at org.apache.spark.sql.SparkSession.withActive(SparkSession.scala:900)
	at org.apache.spark.sql.execution.SQLExecution$.withNewExecutionId(SQLExecution.scala:66)
	at org.apache.spark.sql.Dataset.withAction(Dataset.scala:4321)
	at org.apache.spark.sql.Dataset.count(Dataset.scala:3615)
	at java.base/jdk.internal.reflect.NativeMethodAccessorImpl.invoke0(Native Method)
	at java.base/jdk.internal.reflect.NativeMethodAccessorImpl.invoke(NativeMethodAccessorImpl.java:77)
	at java.base/jdk.internal.reflect.DelegatingMethodAccessorImpl.invoke(DelegatingMethodAccessorImpl.java:43)
	at java.base/java.lang.reflect.Method.invoke(Method.java:569)
	at py4j.reflection.MethodInvoker.invoke(MethodInvoker.java:244)
	at py4j.reflection.ReflectionEngine.invoke(ReflectionEngine.java:374)
	at py4j.Gateway.invoke(Gateway.java:282)
	at py4j.commands.AbstractCommand.invokeMethod(AbstractCommand.java:132)
	at py4j.commands.CallCommand.execute(CallCommand.java:79)
	at py4j.ClientServerConnection.waitForCommands(ClientServerConnection.java:182)
	at py4j.ClientServerConnection.run(ClientServerConnection.java:106)
	at java.base/java.lang.Thread.run(Thread.java:840)

[2024-10-17T13:43:25.702+0000] {local_task_job_runner.py:266} INFO - Task exited with return code 1
[2024-10-17T13:43:25.720+0000] {taskinstance.py:3900} INFO - 0 downstream tasks scheduled from follow-on schedule check
[2024-10-17T13:43:25.724+0000] {local_task_job_runner.py:245} INFO - ::endgroup::
