[2024-10-11T18:48:21.248+0000] {processor.py:186} INFO - Started process (PID=666) to work on /opt/airflow/dags/eleicao.dag.py
[2024-10-11T18:48:21.249+0000] {processor.py:914} INFO - Processing file /opt/airflow/dags/eleicao.dag.py for tasks to queue
[2024-10-11T18:48:21.251+0000] {logging_mixin.py:190} INFO - [2024-10-11T18:48:21.250+0000] {dagbag.py:588} INFO - Filling up the DagBag from /opt/airflow/dags/eleicao.dag.py
[2024-10-11T18:48:21.280+0000] {processor.py:925} INFO - DAG(s) 'pipeline_urna_eleitoral' retrieved from /opt/airflow/dags/eleicao.dag.py
[2024-10-11T18:48:21.389+0000] {logging_mixin.py:190} INFO - [2024-10-11T18:48:21.389+0000] {override.py:1900} INFO - Created Permission View: can delete on DAG:pipeline_urna_eleitoral
[2024-10-11T18:48:21.401+0000] {logging_mixin.py:190} INFO - [2024-10-11T18:48:21.400+0000] {override.py:1900} INFO - Created Permission View: can edit on DAG:pipeline_urna_eleitoral
[2024-10-11T18:48:21.409+0000] {logging_mixin.py:190} INFO - [2024-10-11T18:48:21.408+0000] {override.py:1900} INFO - Created Permission View: can read on DAG:pipeline_urna_eleitoral
[2024-10-11T18:48:21.422+0000] {logging_mixin.py:190} INFO - [2024-10-11T18:48:21.422+0000] {override.py:1900} INFO - Created Permission View: menu access on DAG Run:pipeline_urna_eleitoral
[2024-10-11T18:48:21.430+0000] {logging_mixin.py:190} INFO - [2024-10-11T18:48:21.429+0000] {override.py:1900} INFO - Created Permission View: can delete on DAG Run:pipeline_urna_eleitoral
[2024-10-11T18:48:21.437+0000] {logging_mixin.py:190} INFO - [2024-10-11T18:48:21.437+0000] {override.py:1900} INFO - Created Permission View: can create on DAG Run:pipeline_urna_eleitoral
[2024-10-11T18:48:21.445+0000] {logging_mixin.py:190} INFO - [2024-10-11T18:48:21.445+0000] {override.py:1900} INFO - Created Permission View: can read on DAG Run:pipeline_urna_eleitoral
[2024-10-11T18:48:21.446+0000] {logging_mixin.py:190} INFO - [2024-10-11T18:48:21.446+0000] {dag.py:3239} INFO - Sync 1 DAGs
[2024-10-11T18:48:21.459+0000] {logging_mixin.py:190} INFO - [2024-10-11T18:48:21.459+0000] {dag.py:3262} INFO - Creating ORM DAG for pipeline_urna_eleitoral
[2024-10-11T18:48:21.473+0000] {logging_mixin.py:190} INFO - [2024-10-11T18:48:21.473+0000] {dag.py:4180} INFO - Setting next_dagrun for pipeline_urna_eleitoral to 2024-10-10 00:00:00+00:00, run_after=2024-10-11 00:00:00+00:00
[2024-10-11T18:48:21.494+0000] {processor.py:208} INFO - Processing /opt/airflow/dags/eleicao.dag.py took 0.251 seconds
[2024-10-11T18:48:52.112+0000] {processor.py:186} INFO - Started process (PID=729) to work on /opt/airflow/dags/eleicao.dag.py
[2024-10-11T18:48:52.114+0000] {processor.py:914} INFO - Processing file /opt/airflow/dags/eleicao.dag.py for tasks to queue
[2024-10-11T18:48:52.116+0000] {logging_mixin.py:190} INFO - [2024-10-11T18:48:52.116+0000] {dagbag.py:588} INFO - Filling up the DagBag from /opt/airflow/dags/eleicao.dag.py
[2024-10-11T18:48:52.137+0000] {processor.py:925} INFO - DAG(s) 'pipeline_urna_eleitoral' retrieved from /opt/airflow/dags/eleicao.dag.py
[2024-10-11T18:48:52.162+0000] {logging_mixin.py:190} INFO - [2024-10-11T18:48:52.162+0000] {dag.py:3239} INFO - Sync 1 DAGs
[2024-10-11T18:48:52.196+0000] {logging_mixin.py:190} INFO - [2024-10-11T18:48:52.195+0000] {dag.py:4180} INFO - Setting next_dagrun for pipeline_urna_eleitoral to 2024-10-10 00:00:00+00:00, run_after=2024-10-11 00:00:00+00:00
[2024-10-11T18:48:52.218+0000] {processor.py:208} INFO - Processing /opt/airflow/dags/eleicao.dag.py took 0.112 seconds
[2024-10-11T18:49:23.238+0000] {processor.py:186} INFO - Started process (PID=793) to work on /opt/airflow/dags/eleicao.dag.py
[2024-10-11T18:49:23.238+0000] {processor.py:914} INFO - Processing file /opt/airflow/dags/eleicao.dag.py for tasks to queue
[2024-10-11T18:49:23.241+0000] {logging_mixin.py:190} INFO - [2024-10-11T18:49:23.241+0000] {dagbag.py:588} INFO - Filling up the DagBag from /opt/airflow/dags/eleicao.dag.py
[2024-10-11T18:49:23.259+0000] {processor.py:925} INFO - DAG(s) 'pipeline_urna_eleitoral' retrieved from /opt/airflow/dags/eleicao.dag.py
[2024-10-11T18:49:23.280+0000] {logging_mixin.py:190} INFO - [2024-10-11T18:49:23.280+0000] {dag.py:3239} INFO - Sync 1 DAGs
[2024-10-11T18:49:23.304+0000] {logging_mixin.py:190} INFO - [2024-10-11T18:49:23.304+0000] {dag.py:4180} INFO - Setting next_dagrun for pipeline_urna_eleitoral to 2024-10-10 00:00:00+00:00, run_after=2024-10-11 00:00:00+00:00
[2024-10-11T18:49:23.324+0000] {processor.py:208} INFO - Processing /opt/airflow/dags/eleicao.dag.py took 0.092 seconds
[2024-10-11T18:49:53.524+0000] {processor.py:186} INFO - Started process (PID=856) to work on /opt/airflow/dags/eleicao.dag.py
[2024-10-11T18:49:53.525+0000] {processor.py:914} INFO - Processing file /opt/airflow/dags/eleicao.dag.py for tasks to queue
[2024-10-11T18:49:53.527+0000] {logging_mixin.py:190} INFO - [2024-10-11T18:49:53.527+0000] {dagbag.py:588} INFO - Filling up the DagBag from /opt/airflow/dags/eleicao.dag.py
[2024-10-11T18:49:53.545+0000] {processor.py:925} INFO - DAG(s) 'pipeline_urna_eleitoral' retrieved from /opt/airflow/dags/eleicao.dag.py
[2024-10-11T18:49:53.567+0000] {logging_mixin.py:190} INFO - [2024-10-11T18:49:53.566+0000] {dag.py:3239} INFO - Sync 1 DAGs
[2024-10-11T18:49:53.592+0000] {logging_mixin.py:190} INFO - [2024-10-11T18:49:53.592+0000] {dag.py:4180} INFO - Setting next_dagrun for pipeline_urna_eleitoral to 2024-10-10 00:00:00+00:00, run_after=2024-10-11 00:00:00+00:00
[2024-10-11T18:49:53.612+0000] {processor.py:208} INFO - Processing /opt/airflow/dags/eleicao.dag.py took 0.094 seconds
[2024-10-11T18:50:24.202+0000] {processor.py:186} INFO - Started process (PID=919) to work on /opt/airflow/dags/eleicao.dag.py
[2024-10-11T18:50:24.203+0000] {processor.py:914} INFO - Processing file /opt/airflow/dags/eleicao.dag.py for tasks to queue
[2024-10-11T18:50:24.205+0000] {logging_mixin.py:190} INFO - [2024-10-11T18:50:24.205+0000] {dagbag.py:588} INFO - Filling up the DagBag from /opt/airflow/dags/eleicao.dag.py
[2024-10-11T18:50:24.221+0000] {processor.py:925} INFO - DAG(s) 'pipeline_urna_eleitoral' retrieved from /opt/airflow/dags/eleicao.dag.py
[2024-10-11T18:50:24.238+0000] {logging_mixin.py:190} INFO - [2024-10-11T18:50:24.238+0000] {dag.py:3239} INFO - Sync 1 DAGs
[2024-10-11T18:50:24.258+0000] {logging_mixin.py:190} INFO - [2024-10-11T18:50:24.258+0000] {dag.py:4180} INFO - Setting next_dagrun for pipeline_urna_eleitoral to 2024-10-10 00:00:00+00:00, run_after=2024-10-11 00:00:00+00:00
[2024-10-11T18:50:24.277+0000] {processor.py:208} INFO - Processing /opt/airflow/dags/eleicao.dag.py took 0.081 seconds
