[2024-10-17T14:02:24.789+0000] {local_task_job_runner.py:123} INFO - ::group::Pre task execution logs
[2024-10-17T14:02:24.806+0000] {taskinstance.py:2612} INFO - Dependencies all met for dep_context=non-requeueable deps ti=<TaskInstance: pipeline_cadastro_de_zonas.generate_parquet manual__2024-10-17T14:02:17.173863+00:00 [queued]>
[2024-10-17T14:02:24.815+0000] {taskinstance.py:2612} INFO - Dependencies all met for dep_context=requeueable deps ti=<TaskInstance: pipeline_cadastro_de_zonas.generate_parquet manual__2024-10-17T14:02:17.173863+00:00 [queued]>
[2024-10-17T14:02:24.815+0000] {taskinstance.py:2865} INFO - Starting attempt 1 of 2
[2024-10-17T14:02:24.830+0000] {taskinstance.py:2888} INFO - Executing <Task(PythonOperator): generate_parquet> on 2024-10-17 14:02:17.173863+00:00
[2024-10-17T14:02:24.836+0000] {warnings.py:112} WARNING - /home/***/.local/lib/python3.12/site-packages/***/task/task_runner/standard_task_runner.py:70: DeprecationWarning: This process (pid=70) is multi-threaded, use of fork() may lead to deadlocks in the child.
  pid = os.fork()

[2024-10-17T14:02:24.838+0000] {standard_task_runner.py:72} INFO - Started process 72 to run task
[2024-10-17T14:02:24.838+0000] {standard_task_runner.py:104} INFO - Running: ['***', 'tasks', 'run', 'pipeline_cadastro_de_zonas', 'generate_parquet', 'manual__2024-10-17T14:02:17.173863+00:00', '--job-id', '39', '--raw', '--subdir', 'DAGS_FOLDER/cadastro_de_zonas_dag.py', '--cfg-path', '/tmp/tmpbpr_gw46']
[2024-10-17T14:02:24.839+0000] {standard_task_runner.py:105} INFO - Job 39: Subtask generate_parquet
[2024-10-17T14:02:24.885+0000] {task_command.py:467} INFO - Running <TaskInstance: pipeline_cadastro_de_zonas.generate_parquet manual__2024-10-17T14:02:17.173863+00:00 [running]> on host 4ebdcb35a116
[2024-10-17T14:02:24.973+0000] {taskinstance.py:3131} INFO - Exporting env vars: AIRFLOW_CTX_DAG_OWNER='***' AIRFLOW_CTX_DAG_ID='pipeline_cadastro_de_zonas' AIRFLOW_CTX_TASK_ID='generate_parquet' AIRFLOW_CTX_EXECUTION_DATE='2024-10-17T14:02:17.173863+00:00' AIRFLOW_CTX_TRY_NUMBER='1' AIRFLOW_CTX_DAG_RUN_ID='manual__2024-10-17T14:02:17.173863+00:00'
[2024-10-17T14:02:24.975+0000] {logging_mixin.py:190} INFO - Task instance is in running state
[2024-10-17T14:02:24.975+0000] {logging_mixin.py:190} INFO -  Previous state of the Task instance: queued
[2024-10-17T14:02:24.976+0000] {logging_mixin.py:190} INFO - Current task name:generate_parquet state:running start_date:2024-10-17 14:02:24.807063+00:00
[2024-10-17T14:02:24.976+0000] {logging_mixin.py:190} INFO - Dag name:pipeline_cadastro_de_zonas and current dag run status:running
[2024-10-17T14:02:24.977+0000] {taskinstance.py:731} INFO - ::endgroup::
[2024-10-17T14:02:28.366+0000] {logging_mixin.py:190} INFO - Gerando DataFrame no Spark...
[2024-10-17T14:02:41.370+0000] {logging_mixin.py:190} INFO - Número de linhas processadas: 10737
[2024-10-17T14:02:41.772+0000] {python.py:240} INFO - Done. Returned value was: None
[2024-10-17T14:02:41.787+0000] {taskinstance.py:340} INFO - ::group::Post task execution logs
[2024-10-17T14:02:41.790+0000] {taskinstance.py:352} INFO - Marking task as SUCCESS. dag_id=pipeline_cadastro_de_zonas, task_id=generate_parquet, run_id=manual__2024-10-17T14:02:17.173863+00:00, execution_date=20241017T140217, start_date=20241017T140224, end_date=20241017T140241
[2024-10-17T14:02:41.807+0000] {logging_mixin.py:190} INFO - Task instance in success state
[2024-10-17T14:02:41.808+0000] {logging_mixin.py:190} INFO -  Previous state of the Task instance: running
[2024-10-17T14:02:41.809+0000] {logging_mixin.py:190} INFO - Dag name:pipeline_cadastro_de_zonas queued_at:2024-10-17 14:02:17.189818+00:00
[2024-10-17T14:02:41.810+0000] {logging_mixin.py:190} INFO - Task hostname:4ebdcb35a116 operator:PythonOperator
[2024-10-17T14:02:41.826+0000] {local_task_job_runner.py:266} INFO - Task exited with return code 0
[2024-10-17T14:02:41.848+0000] {taskinstance.py:3900} INFO - 0 downstream tasks scheduled from follow-on schedule check
[2024-10-17T14:02:41.851+0000] {local_task_job_runner.py:245} INFO - ::endgroup::
