[2024-10-17T13:54:52.147+0000] {local_task_job_runner.py:123} INFO - ::group::Pre task execution logs
[2024-10-17T13:54:52.160+0000] {taskinstance.py:2612} INFO - Dependencies all met for dep_context=non-requeueable deps ti=<TaskInstance: pipeline_cadastro_de_zonas.generate_parquet manual__2024-10-17T13:49:30.960465+00:00 [queued]>
[2024-10-17T13:54:52.166+0000] {taskinstance.py:2612} INFO - Dependencies all met for dep_context=requeueable deps ti=<TaskInstance: pipeline_cadastro_de_zonas.generate_parquet manual__2024-10-17T13:49:30.960465+00:00 [queued]>
[2024-10-17T13:54:52.167+0000] {taskinstance.py:2865} INFO - Starting attempt 2 of 2
[2024-10-17T13:54:52.179+0000] {taskinstance.py:2888} INFO - Executing <Task(PythonOperator): generate_parquet> on 2024-10-17 13:49:30.960465+00:00
[2024-10-17T13:54:52.185+0000] {warnings.py:112} WARNING - /home/***/.local/lib/python3.12/site-packages/***/task/task_runner/standard_task_runner.py:70: DeprecationWarning: This process (pid=67) is multi-threaded, use of fork() may lead to deadlocks in the child.
  pid = os.fork()

[2024-10-17T13:54:52.186+0000] {standard_task_runner.py:72} INFO - Started process 69 to run task
[2024-10-17T13:54:52.187+0000] {standard_task_runner.py:104} INFO - Running: ['***', 'tasks', 'run', 'pipeline_cadastro_de_zonas', 'generate_parquet', 'manual__2024-10-17T13:49:30.960465+00:00', '--job-id', '33', '--raw', '--subdir', 'DAGS_FOLDER/cadastro_de_zonas_dag.py', '--cfg-path', '/tmp/tmpwi1nwdlw']
[2024-10-17T13:54:52.187+0000] {standard_task_runner.py:105} INFO - Job 33: Subtask generate_parquet
[2024-10-17T13:54:52.228+0000] {task_command.py:467} INFO - Running <TaskInstance: pipeline_cadastro_de_zonas.generate_parquet manual__2024-10-17T13:49:30.960465+00:00 [running]> on host c425b3e89059
[2024-10-17T13:54:52.306+0000] {taskinstance.py:3131} INFO - Exporting env vars: AIRFLOW_CTX_DAG_OWNER='***' AIRFLOW_CTX_DAG_ID='pipeline_cadastro_de_zonas' AIRFLOW_CTX_TASK_ID='generate_parquet' AIRFLOW_CTX_EXECUTION_DATE='2024-10-17T13:49:30.960465+00:00' AIRFLOW_CTX_TRY_NUMBER='2' AIRFLOW_CTX_DAG_RUN_ID='manual__2024-10-17T13:49:30.960465+00:00'
[2024-10-17T13:54:52.307+0000] {logging_mixin.py:190} INFO - Task instance is in running state
[2024-10-17T13:54:52.308+0000] {logging_mixin.py:190} INFO -  Previous state of the Task instance: queued
[2024-10-17T13:54:52.308+0000] {logging_mixin.py:190} INFO - Current task name:generate_parquet state:running start_date:2024-10-17 13:54:52.161026+00:00
[2024-10-17T13:54:52.308+0000] {logging_mixin.py:190} INFO - Dag name:pipeline_cadastro_de_zonas and current dag run status:running
[2024-10-17T13:54:52.309+0000] {taskinstance.py:731} INFO - ::endgroup::
[2024-10-17T13:54:56.290+0000] {logging_mixin.py:190} INFO - Gerando DataFrame no Spark...
[2024-10-17T13:55:03.013+0000] {logging_mixin.py:190} INFO - Número de linhas processadas: 10737
[2024-10-17T13:55:03.164+0000] {python.py:240} INFO - Done. Returned value was: None
[2024-10-17T13:55:03.180+0000] {taskinstance.py:340} INFO - ::group::Post task execution logs
[2024-10-17T13:55:03.181+0000] {taskinstance.py:352} INFO - Marking task as SUCCESS. dag_id=pipeline_cadastro_de_zonas, task_id=generate_parquet, run_id=manual__2024-10-17T13:49:30.960465+00:00, execution_date=20241017T134930, start_date=20241017T135452, end_date=20241017T135503
[2024-10-17T13:55:03.193+0000] {logging_mixin.py:190} INFO - Task instance in success state
[2024-10-17T13:55:03.194+0000] {logging_mixin.py:190} INFO -  Previous state of the Task instance: running
[2024-10-17T13:55:03.194+0000] {logging_mixin.py:190} INFO - Dag name:pipeline_cadastro_de_zonas queued_at:2024-10-17 13:49:30.976431+00:00
[2024-10-17T13:55:03.195+0000] {logging_mixin.py:190} INFO - Task hostname:c425b3e89059 operator:PythonOperator
[2024-10-17T13:55:03.208+0000] {local_task_job_runner.py:266} INFO - Task exited with return code 0
[2024-10-17T13:55:03.221+0000] {taskinstance.py:3900} INFO - 0 downstream tasks scheduled from follow-on schedule check
[2024-10-17T13:55:03.224+0000] {local_task_job_runner.py:245} INFO - ::endgroup::
