[2024-10-17T14:02:21.474+0000] {local_task_job_runner.py:123} INFO - ::group::Pre task execution logs
[2024-10-17T14:02:21.489+0000] {taskinstance.py:2612} INFO - Dependencies all met for dep_context=non-requeueable deps ti=<TaskInstance: pipeline_cadastro_de_zonas.prepare_files manual__2024-10-17T14:02:17.173863+00:00 [queued]>
[2024-10-17T14:02:21.498+0000] {taskinstance.py:2612} INFO - Dependencies all met for dep_context=requeueable deps ti=<TaskInstance: pipeline_cadastro_de_zonas.prepare_files manual__2024-10-17T14:02:17.173863+00:00 [queued]>
[2024-10-17T14:02:21.499+0000] {taskinstance.py:2865} INFO - Starting attempt 1 of 2
[2024-10-17T14:02:21.514+0000] {taskinstance.py:2888} INFO - Executing <Task(PythonOperator): prepare_files> on 2024-10-17 14:02:17.173863+00:00
[2024-10-17T14:02:21.520+0000] {warnings.py:112} WARNING - /home/***/.local/lib/python3.12/site-packages/***/task/task_runner/standard_task_runner.py:70: DeprecationWarning: This process (pid=66) is multi-threaded, use of fork() may lead to deadlocks in the child.
  pid = os.fork()

[2024-10-17T14:02:21.522+0000] {standard_task_runner.py:72} INFO - Started process 68 to run task
[2024-10-17T14:02:21.523+0000] {standard_task_runner.py:104} INFO - Running: ['***', 'tasks', 'run', 'pipeline_cadastro_de_zonas', 'prepare_files', 'manual__2024-10-17T14:02:17.173863+00:00', '--job-id', '38', '--raw', '--subdir', 'DAGS_FOLDER/cadastro_de_zonas_dag.py', '--cfg-path', '/tmp/tmp2er061bc']
[2024-10-17T14:02:21.525+0000] {standard_task_runner.py:105} INFO - Job 38: Subtask prepare_files
[2024-10-17T14:02:21.599+0000] {task_command.py:467} INFO - Running <TaskInstance: pipeline_cadastro_de_zonas.prepare_files manual__2024-10-17T14:02:17.173863+00:00 [running]> on host 4ebdcb35a116
[2024-10-17T14:02:21.728+0000] {taskinstance.py:3131} INFO - Exporting env vars: AIRFLOW_CTX_DAG_OWNER='***' AIRFLOW_CTX_DAG_ID='pipeline_cadastro_de_zonas' AIRFLOW_CTX_TASK_ID='prepare_files' AIRFLOW_CTX_EXECUTION_DATE='2024-10-17T14:02:17.173863+00:00' AIRFLOW_CTX_TRY_NUMBER='1' AIRFLOW_CTX_DAG_RUN_ID='manual__2024-10-17T14:02:17.173863+00:00'
[2024-10-17T14:02:21.731+0000] {logging_mixin.py:190} INFO - Task instance is in running state
[2024-10-17T14:02:21.732+0000] {logging_mixin.py:190} INFO -  Previous state of the Task instance: queued
[2024-10-17T14:02:21.733+0000] {logging_mixin.py:190} INFO - Current task name:prepare_files state:running start_date:2024-10-17 14:02:21.490737+00:00
[2024-10-17T14:02:21.733+0000] {logging_mixin.py:190} INFO - Dag name:pipeline_cadastro_de_zonas and current dag run status:running
[2024-10-17T14:02:21.734+0000] {taskinstance.py:731} INFO - ::endgroup::
[2024-10-17T14:02:21.734+0000] {cadastro_de_zonas_dag.py:100} INFO - Baixando o arquivo CESP_1t_AC_061020241406.zip...
[2024-10-17T14:02:21.735+0000] {logging_mixin.py:190} INFO - Baixando CESP_1t_AC_061020241406.zip...
[2024-10-17T14:02:22.146+0000] {cadastro_de_zonas_dag.py:108} INFO - Descompactando o arquivo CESP_1t_AC_061020241406.zip...
[2024-10-17T14:02:22.147+0000] {logging_mixin.py:190} INFO - Extraindo arquivos...
[2024-10-17T14:02:22.196+0000] {cadastro_de_zonas_dag.py:100} INFO - Baixando o arquivo CESP_1t_AL_061020241406.zip...
[2024-10-17T14:02:22.198+0000] {logging_mixin.py:190} INFO - Baixando CESP_1t_AL_061020241406.zip...
[2024-10-17T14:02:22.591+0000] {cadastro_de_zonas_dag.py:108} INFO - Descompactando o arquivo CESP_1t_AL_061020241406.zip...
[2024-10-17T14:02:22.592+0000] {logging_mixin.py:190} INFO - Extraindo arquivos...
[2024-10-17T14:02:22.689+0000] {python.py:240} INFO - Done. Returned value was: None
[2024-10-17T14:02:22.710+0000] {taskinstance.py:340} INFO - ::group::Post task execution logs
[2024-10-17T14:02:22.711+0000] {taskinstance.py:352} INFO - Marking task as SUCCESS. dag_id=pipeline_cadastro_de_zonas, task_id=prepare_files, run_id=manual__2024-10-17T14:02:17.173863+00:00, execution_date=20241017T140217, start_date=20241017T140221, end_date=20241017T140222
[2024-10-17T14:02:22.729+0000] {logging_mixin.py:190} INFO - Task instance in success state
[2024-10-17T14:02:22.731+0000] {logging_mixin.py:190} INFO -  Previous state of the Task instance: running
[2024-10-17T14:02:22.732+0000] {logging_mixin.py:190} INFO - Dag name:pipeline_cadastro_de_zonas queued_at:2024-10-17 14:02:17.189818+00:00
[2024-10-17T14:02:22.733+0000] {logging_mixin.py:190} INFO - Task hostname:4ebdcb35a116 operator:PythonOperator
[2024-10-17T14:02:22.782+0000] {local_task_job_runner.py:266} INFO - Task exited with return code 0
[2024-10-17T14:02:22.805+0000] {taskinstance.py:3900} INFO - 1 downstream tasks scheduled from follow-on schedule check
[2024-10-17T14:02:22.808+0000] {local_task_job_runner.py:245} INFO - ::endgroup::
