[2024-10-17T12:30:11.183+0000] {processor.py:186} INFO - Started process (PID=62) to work on /opt/airflow/dags/cadastro_de_zonas.py
[2024-10-17T12:30:11.184+0000] {processor.py:914} INFO - Processing file /opt/airflow/dags/cadastro_de_zonas.py for tasks to queue
[2024-10-17T12:30:11.192+0000] {logging_mixin.py:190} INFO - [2024-10-17T12:30:11.191+0000] {dagbag.py:588} INFO - Filling up the DagBag from /opt/airflow/dags/cadastro_de_zonas.py
[2024-10-17T12:30:11.279+0000] {processor.py:925} INFO - DAG(s) 'pipeline_cadastro_de_zonas' retrieved from /opt/airflow/dags/cadastro_de_zonas.py
[2024-10-17T12:30:11.602+0000] {logging_mixin.py:190} INFO - [2024-10-17T12:30:11.601+0000] {override.py:1900} INFO - Created Permission View: can read on DAG:pipeline_cadastro_de_zonas
[2024-10-17T12:30:11.614+0000] {logging_mixin.py:190} INFO - [2024-10-17T12:30:11.614+0000] {override.py:1900} INFO - Created Permission View: can edit on DAG:pipeline_cadastro_de_zonas
[2024-10-17T12:30:11.624+0000] {logging_mixin.py:190} INFO - [2024-10-17T12:30:11.624+0000] {override.py:1900} INFO - Created Permission View: can delete on DAG:pipeline_cadastro_de_zonas
[2024-10-17T12:30:11.636+0000] {logging_mixin.py:190} INFO - [2024-10-17T12:30:11.636+0000] {override.py:1900} INFO - Created Permission View: menu access on DAG Run:pipeline_cadastro_de_zonas
[2024-10-17T12:30:11.643+0000] {logging_mixin.py:190} INFO - [2024-10-17T12:30:11.643+0000] {override.py:1900} INFO - Created Permission View: can read on DAG Run:pipeline_cadastro_de_zonas
[2024-10-17T12:30:11.651+0000] {logging_mixin.py:190} INFO - [2024-10-17T12:30:11.650+0000] {override.py:1900} INFO - Created Permission View: can create on DAG Run:pipeline_cadastro_de_zonas
[2024-10-17T12:30:11.662+0000] {logging_mixin.py:190} INFO - [2024-10-17T12:30:11.662+0000] {override.py:1900} INFO - Created Permission View: can delete on DAG Run:pipeline_cadastro_de_zonas
[2024-10-17T12:30:11.663+0000] {logging_mixin.py:190} INFO - [2024-10-17T12:30:11.663+0000] {dag.py:3239} INFO - Sync 1 DAGs
[2024-10-17T12:30:11.687+0000] {logging_mixin.py:190} INFO - [2024-10-17T12:30:11.686+0000] {dag.py:3262} INFO - Creating ORM DAG for pipeline_cadastro_de_zonas
[2024-10-17T12:30:11.702+0000] {logging_mixin.py:190} INFO - [2024-10-17T12:30:11.701+0000] {dag.py:4180} INFO - Setting next_dagrun for pipeline_cadastro_de_zonas to 2024-10-16 00:00:00+00:00, run_after=2024-10-17 00:00:00+00:00
[2024-10-17T12:30:11.753+0000] {processor.py:208} INFO - Processing /opt/airflow/dags/cadastro_de_zonas.py took 0.578 seconds
[2024-10-17T12:30:41.947+0000] {processor.py:186} INFO - Started process (PID=126) to work on /opt/airflow/dags/cadastro_de_zonas.py
[2024-10-17T12:30:41.948+0000] {processor.py:914} INFO - Processing file /opt/airflow/dags/cadastro_de_zonas.py for tasks to queue
[2024-10-17T12:30:41.950+0000] {logging_mixin.py:190} INFO - [2024-10-17T12:30:41.950+0000] {dagbag.py:588} INFO - Filling up the DagBag from /opt/airflow/dags/cadastro_de_zonas.py
[2024-10-17T12:30:41.966+0000] {processor.py:925} INFO - DAG(s) 'pipeline_cadastro_de_zonas' retrieved from /opt/airflow/dags/cadastro_de_zonas.py
[2024-10-17T12:30:41.982+0000] {logging_mixin.py:190} INFO - [2024-10-17T12:30:41.982+0000] {dag.py:3239} INFO - Sync 1 DAGs
[2024-10-17T12:30:42.006+0000] {logging_mixin.py:190} INFO - [2024-10-17T12:30:42.006+0000] {dag.py:4180} INFO - Setting next_dagrun for pipeline_cadastro_de_zonas to 2024-10-16 00:00:00+00:00, run_after=2024-10-17 00:00:00+00:00
[2024-10-17T12:30:42.028+0000] {processor.py:208} INFO - Processing /opt/airflow/dags/cadastro_de_zonas.py took 0.086 seconds
[2024-10-17T12:31:12.545+0000] {processor.py:186} INFO - Started process (PID=190) to work on /opt/airflow/dags/cadastro_de_zonas.py
[2024-10-17T12:31:12.546+0000] {processor.py:914} INFO - Processing file /opt/airflow/dags/cadastro_de_zonas.py for tasks to queue
[2024-10-17T12:31:12.549+0000] {logging_mixin.py:190} INFO - [2024-10-17T12:31:12.549+0000] {dagbag.py:588} INFO - Filling up the DagBag from /opt/airflow/dags/cadastro_de_zonas.py
[2024-10-17T12:31:12.575+0000] {processor.py:925} INFO - DAG(s) 'pipeline_cadastro_de_zonas' retrieved from /opt/airflow/dags/cadastro_de_zonas.py
[2024-10-17T12:31:12.599+0000] {logging_mixin.py:190} INFO - [2024-10-17T12:31:12.599+0000] {dag.py:3239} INFO - Sync 1 DAGs
[2024-10-17T12:31:12.622+0000] {logging_mixin.py:190} INFO - [2024-10-17T12:31:12.622+0000] {dag.py:4180} INFO - Setting next_dagrun for pipeline_cadastro_de_zonas to 2024-10-16 00:00:00+00:00, run_after=2024-10-17 00:00:00+00:00
[2024-10-17T12:31:12.644+0000] {processor.py:208} INFO - Processing /opt/airflow/dags/cadastro_de_zonas.py took 0.108 seconds
[2024-10-17T12:31:43.661+0000] {processor.py:186} INFO - Started process (PID=254) to work on /opt/airflow/dags/cadastro_de_zonas.py
[2024-10-17T12:31:43.662+0000] {processor.py:914} INFO - Processing file /opt/airflow/dags/cadastro_de_zonas.py for tasks to queue
[2024-10-17T12:31:43.664+0000] {logging_mixin.py:190} INFO - [2024-10-17T12:31:43.664+0000] {dagbag.py:588} INFO - Filling up the DagBag from /opt/airflow/dags/cadastro_de_zonas.py
[2024-10-17T12:31:43.679+0000] {processor.py:925} INFO - DAG(s) 'pipeline_cadastro_de_zonas' retrieved from /opt/airflow/dags/cadastro_de_zonas.py
[2024-10-17T12:31:43.696+0000] {logging_mixin.py:190} INFO - [2024-10-17T12:31:43.695+0000] {dag.py:3239} INFO - Sync 1 DAGs
[2024-10-17T12:31:43.718+0000] {logging_mixin.py:190} INFO - [2024-10-17T12:31:43.718+0000] {dag.py:4180} INFO - Setting next_dagrun for pipeline_cadastro_de_zonas to 2024-10-16 00:00:00+00:00, run_after=2024-10-17 00:00:00+00:00
[2024-10-17T12:31:43.736+0000] {processor.py:208} INFO - Processing /opt/airflow/dags/cadastro_de_zonas.py took 0.080 seconds
[2024-10-17T12:31:56.611+0000] {processor.py:186} INFO - Started process (PID=312) to work on /opt/airflow/dags/cadastro_de_zonas.py
[2024-10-17T12:31:56.611+0000] {processor.py:914} INFO - Processing file /opt/airflow/dags/cadastro_de_zonas.py for tasks to queue
[2024-10-17T12:31:56.614+0000] {logging_mixin.py:190} INFO - [2024-10-17T12:31:56.614+0000] {dagbag.py:588} INFO - Filling up the DagBag from /opt/airflow/dags/cadastro_de_zonas.py
[2024-10-17T12:31:56.636+0000] {processor.py:925} INFO - DAG(s) 'pipeline_cadastro_de_zonas' retrieved from /opt/airflow/dags/cadastro_de_zonas.py
[2024-10-17T12:31:56.733+0000] {logging_mixin.py:190} INFO - [2024-10-17T12:31:56.733+0000] {dag.py:3239} INFO - Sync 1 DAGs
[2024-10-17T12:31:56.757+0000] {logging_mixin.py:190} INFO - [2024-10-17T12:31:56.756+0000] {dag.py:4180} INFO - Setting next_dagrun for pipeline_cadastro_de_zonas to 2024-10-16 00:00:00+00:00, run_after=2024-10-17 00:00:00+00:00
[2024-10-17T12:31:56.778+0000] {processor.py:208} INFO - Processing /opt/airflow/dags/cadastro_de_zonas.py took 0.174 seconds
[2024-10-17T12:32:27.020+0000] {processor.py:186} INFO - Started process (PID=376) to work on /opt/airflow/dags/cadastro_de_zonas.py
[2024-10-17T12:32:27.021+0000] {processor.py:914} INFO - Processing file /opt/airflow/dags/cadastro_de_zonas.py for tasks to queue
[2024-10-17T12:32:27.023+0000] {logging_mixin.py:190} INFO - [2024-10-17T12:32:27.023+0000] {dagbag.py:588} INFO - Filling up the DagBag from /opt/airflow/dags/cadastro_de_zonas.py
[2024-10-17T12:32:27.036+0000] {processor.py:925} INFO - DAG(s) 'pipeline_cadastro_de_zonas' retrieved from /opt/airflow/dags/cadastro_de_zonas.py
[2024-10-17T12:32:27.051+0000] {logging_mixin.py:190} INFO - [2024-10-17T12:32:27.050+0000] {dag.py:3239} INFO - Sync 1 DAGs
[2024-10-17T12:32:27.073+0000] {logging_mixin.py:190} INFO - [2024-10-17T12:32:27.073+0000] {dag.py:4180} INFO - Setting next_dagrun for pipeline_cadastro_de_zonas to 2024-10-17 00:00:00+00:00, run_after=2024-10-18 00:00:00+00:00
[2024-10-17T12:32:27.092+0000] {processor.py:208} INFO - Processing /opt/airflow/dags/cadastro_de_zonas.py took 0.077 seconds
[2024-10-17T12:32:57.718+0000] {processor.py:186} INFO - Started process (PID=440) to work on /opt/airflow/dags/cadastro_de_zonas.py
[2024-10-17T12:32:57.720+0000] {processor.py:914} INFO - Processing file /opt/airflow/dags/cadastro_de_zonas.py for tasks to queue
[2024-10-17T12:32:57.723+0000] {logging_mixin.py:190} INFO - [2024-10-17T12:32:57.722+0000] {dagbag.py:588} INFO - Filling up the DagBag from /opt/airflow/dags/cadastro_de_zonas.py
[2024-10-17T12:32:57.742+0000] {processor.py:925} INFO - DAG(s) 'pipeline_cadastro_de_zonas' retrieved from /opt/airflow/dags/cadastro_de_zonas.py
[2024-10-17T12:32:57.762+0000] {logging_mixin.py:190} INFO - [2024-10-17T12:32:57.762+0000] {dag.py:3239} INFO - Sync 1 DAGs
[2024-10-17T12:32:57.791+0000] {logging_mixin.py:190} INFO - [2024-10-17T12:32:57.791+0000] {dag.py:4180} INFO - Setting next_dagrun for pipeline_cadastro_de_zonas to 2024-10-17 00:00:00+00:00, run_after=2024-10-18 00:00:00+00:00
[2024-10-17T12:32:57.811+0000] {processor.py:208} INFO - Processing /opt/airflow/dags/cadastro_de_zonas.py took 0.099 seconds
[2024-10-17T12:33:28.170+0000] {processor.py:186} INFO - Started process (PID=504) to work on /opt/airflow/dags/cadastro_de_zonas.py
[2024-10-17T12:33:28.171+0000] {processor.py:914} INFO - Processing file /opt/airflow/dags/cadastro_de_zonas.py for tasks to queue
[2024-10-17T12:33:28.173+0000] {logging_mixin.py:190} INFO - [2024-10-17T12:33:28.173+0000] {dagbag.py:588} INFO - Filling up the DagBag from /opt/airflow/dags/cadastro_de_zonas.py
[2024-10-17T12:33:28.189+0000] {processor.py:925} INFO - DAG(s) 'pipeline_cadastro_de_zonas' retrieved from /opt/airflow/dags/cadastro_de_zonas.py
[2024-10-17T12:33:28.204+0000] {logging_mixin.py:190} INFO - [2024-10-17T12:33:28.204+0000] {dag.py:3239} INFO - Sync 1 DAGs
[2024-10-17T12:33:28.227+0000] {logging_mixin.py:190} INFO - [2024-10-17T12:33:28.227+0000] {dag.py:4180} INFO - Setting next_dagrun for pipeline_cadastro_de_zonas to 2024-10-17 00:00:00+00:00, run_after=2024-10-18 00:00:00+00:00
[2024-10-17T12:33:28.245+0000] {processor.py:208} INFO - Processing /opt/airflow/dags/cadastro_de_zonas.py took 0.080 seconds
[2024-10-17T12:33:58.829+0000] {processor.py:186} INFO - Started process (PID=568) to work on /opt/airflow/dags/cadastro_de_zonas.py
[2024-10-17T12:33:58.831+0000] {processor.py:914} INFO - Processing file /opt/airflow/dags/cadastro_de_zonas.py for tasks to queue
[2024-10-17T12:33:58.834+0000] {logging_mixin.py:190} INFO - [2024-10-17T12:33:58.833+0000] {dagbag.py:588} INFO - Filling up the DagBag from /opt/airflow/dags/cadastro_de_zonas.py
[2024-10-17T12:33:58.858+0000] {processor.py:925} INFO - DAG(s) 'pipeline_cadastro_de_zonas' retrieved from /opt/airflow/dags/cadastro_de_zonas.py
[2024-10-17T12:33:58.877+0000] {logging_mixin.py:190} INFO - [2024-10-17T12:33:58.877+0000] {dag.py:3239} INFO - Sync 1 DAGs
[2024-10-17T12:33:58.906+0000] {logging_mixin.py:190} INFO - [2024-10-17T12:33:58.905+0000] {dag.py:4180} INFO - Setting next_dagrun for pipeline_cadastro_de_zonas to 2024-10-17 00:00:00+00:00, run_after=2024-10-18 00:00:00+00:00
[2024-10-17T12:33:58.928+0000] {processor.py:208} INFO - Processing /opt/airflow/dags/cadastro_de_zonas.py took 0.107 seconds
[2024-10-17T12:34:29.692+0000] {processor.py:186} INFO - Started process (PID=632) to work on /opt/airflow/dags/cadastro_de_zonas.py
[2024-10-17T12:34:29.695+0000] {processor.py:914} INFO - Processing file /opt/airflow/dags/cadastro_de_zonas.py for tasks to queue
[2024-10-17T12:34:29.700+0000] {logging_mixin.py:190} INFO - [2024-10-17T12:34:29.699+0000] {dagbag.py:588} INFO - Filling up the DagBag from /opt/airflow/dags/cadastro_de_zonas.py
[2024-10-17T12:34:29.729+0000] {processor.py:925} INFO - DAG(s) 'pipeline_cadastro_de_zonas' retrieved from /opt/airflow/dags/cadastro_de_zonas.py
[2024-10-17T12:34:29.751+0000] {logging_mixin.py:190} INFO - [2024-10-17T12:34:29.750+0000] {dag.py:3239} INFO - Sync 1 DAGs
[2024-10-17T12:34:29.785+0000] {logging_mixin.py:190} INFO - [2024-10-17T12:34:29.784+0000] {dag.py:4180} INFO - Setting next_dagrun for pipeline_cadastro_de_zonas to 2024-10-17 00:00:00+00:00, run_after=2024-10-18 00:00:00+00:00
[2024-10-17T12:34:29.808+0000] {processor.py:208} INFO - Processing /opt/airflow/dags/cadastro_de_zonas.py took 0.129 seconds
[2024-10-17T12:34:59.893+0000] {processor.py:186} INFO - Started process (PID=696) to work on /opt/airflow/dags/cadastro_de_zonas.py
[2024-10-17T12:34:59.895+0000] {processor.py:914} INFO - Processing file /opt/airflow/dags/cadastro_de_zonas.py for tasks to queue
[2024-10-17T12:34:59.898+0000] {logging_mixin.py:190} INFO - [2024-10-17T12:34:59.897+0000] {dagbag.py:588} INFO - Filling up the DagBag from /opt/airflow/dags/cadastro_de_zonas.py
[2024-10-17T12:34:59.917+0000] {processor.py:925} INFO - DAG(s) 'pipeline_cadastro_de_zonas' retrieved from /opt/airflow/dags/cadastro_de_zonas.py
[2024-10-17T12:34:59.942+0000] {logging_mixin.py:190} INFO - [2024-10-17T12:34:59.941+0000] {dag.py:3239} INFO - Sync 1 DAGs
[2024-10-17T12:34:59.973+0000] {logging_mixin.py:190} INFO - [2024-10-17T12:34:59.973+0000] {dag.py:4180} INFO - Setting next_dagrun for pipeline_cadastro_de_zonas to 2024-10-17 00:00:00+00:00, run_after=2024-10-18 00:00:00+00:00
[2024-10-17T12:34:59.999+0000] {processor.py:208} INFO - Processing /opt/airflow/dags/cadastro_de_zonas.py took 0.113 seconds
[2024-10-17T12:35:30.782+0000] {processor.py:186} INFO - Started process (PID=760) to work on /opt/airflow/dags/cadastro_de_zonas.py
[2024-10-17T12:35:30.783+0000] {processor.py:914} INFO - Processing file /opt/airflow/dags/cadastro_de_zonas.py for tasks to queue
[2024-10-17T12:35:30.784+0000] {logging_mixin.py:190} INFO - [2024-10-17T12:35:30.784+0000] {dagbag.py:588} INFO - Filling up the DagBag from /opt/airflow/dags/cadastro_de_zonas.py
[2024-10-17T12:35:30.802+0000] {processor.py:925} INFO - DAG(s) 'pipeline_cadastro_de_zonas' retrieved from /opt/airflow/dags/cadastro_de_zonas.py
[2024-10-17T12:35:30.824+0000] {logging_mixin.py:190} INFO - [2024-10-17T12:35:30.824+0000] {dag.py:3239} INFO - Sync 1 DAGs
[2024-10-17T12:35:30.847+0000] {logging_mixin.py:190} INFO - [2024-10-17T12:35:30.846+0000] {dag.py:4180} INFO - Setting next_dagrun for pipeline_cadastro_de_zonas to 2024-10-17 00:00:00+00:00, run_after=2024-10-18 00:00:00+00:00
[2024-10-17T12:35:30.865+0000] {processor.py:208} INFO - Processing /opt/airflow/dags/cadastro_de_zonas.py took 0.088 seconds
[2024-10-17T12:36:01.866+0000] {processor.py:186} INFO - Started process (PID=824) to work on /opt/airflow/dags/cadastro_de_zonas.py
[2024-10-17T12:36:01.866+0000] {processor.py:914} INFO - Processing file /opt/airflow/dags/cadastro_de_zonas.py for tasks to queue
[2024-10-17T12:36:01.868+0000] {logging_mixin.py:190} INFO - [2024-10-17T12:36:01.868+0000] {dagbag.py:588} INFO - Filling up the DagBag from /opt/airflow/dags/cadastro_de_zonas.py
[2024-10-17T12:36:01.881+0000] {processor.py:925} INFO - DAG(s) 'pipeline_cadastro_de_zonas' retrieved from /opt/airflow/dags/cadastro_de_zonas.py
[2024-10-17T12:36:01.895+0000] {logging_mixin.py:190} INFO - [2024-10-17T12:36:01.895+0000] {dag.py:3239} INFO - Sync 1 DAGs
[2024-10-17T12:36:01.915+0000] {logging_mixin.py:190} INFO - [2024-10-17T12:36:01.915+0000] {dag.py:4180} INFO - Setting next_dagrun for pipeline_cadastro_de_zonas to 2024-10-17 00:00:00+00:00, run_after=2024-10-18 00:00:00+00:00
[2024-10-17T12:36:01.934+0000] {processor.py:208} INFO - Processing /opt/airflow/dags/cadastro_de_zonas.py took 0.073 seconds
[2024-10-17T12:36:32.577+0000] {processor.py:186} INFO - Started process (PID=888) to work on /opt/airflow/dags/cadastro_de_zonas.py
[2024-10-17T12:36:32.578+0000] {processor.py:914} INFO - Processing file /opt/airflow/dags/cadastro_de_zonas.py for tasks to queue
[2024-10-17T12:36:32.579+0000] {logging_mixin.py:190} INFO - [2024-10-17T12:36:32.579+0000] {dagbag.py:588} INFO - Filling up the DagBag from /opt/airflow/dags/cadastro_de_zonas.py
[2024-10-17T12:36:32.593+0000] {processor.py:925} INFO - DAG(s) 'pipeline_cadastro_de_zonas' retrieved from /opt/airflow/dags/cadastro_de_zonas.py
[2024-10-17T12:36:32.608+0000] {logging_mixin.py:190} INFO - [2024-10-17T12:36:32.608+0000] {dag.py:3239} INFO - Sync 1 DAGs
[2024-10-17T12:36:32.631+0000] {logging_mixin.py:190} INFO - [2024-10-17T12:36:32.630+0000] {dag.py:4180} INFO - Setting next_dagrun for pipeline_cadastro_de_zonas to 2024-10-17 00:00:00+00:00, run_after=2024-10-18 00:00:00+00:00
[2024-10-17T12:36:32.645+0000] {processor.py:208} INFO - Processing /opt/airflow/dags/cadastro_de_zonas.py took 0.073 seconds
[2024-10-17T12:37:03.223+0000] {processor.py:186} INFO - Started process (PID=952) to work on /opt/airflow/dags/cadastro_de_zonas.py
[2024-10-17T12:37:03.224+0000] {processor.py:914} INFO - Processing file /opt/airflow/dags/cadastro_de_zonas.py for tasks to queue
[2024-10-17T12:37:03.226+0000] {logging_mixin.py:190} INFO - [2024-10-17T12:37:03.225+0000] {dagbag.py:588} INFO - Filling up the DagBag from /opt/airflow/dags/cadastro_de_zonas.py
[2024-10-17T12:37:03.240+0000] {processor.py:925} INFO - DAG(s) 'pipeline_cadastro_de_zonas' retrieved from /opt/airflow/dags/cadastro_de_zonas.py
[2024-10-17T12:37:03.255+0000] {logging_mixin.py:190} INFO - [2024-10-17T12:37:03.255+0000] {dag.py:3239} INFO - Sync 1 DAGs
[2024-10-17T12:37:03.279+0000] {logging_mixin.py:190} INFO - [2024-10-17T12:37:03.278+0000] {dag.py:4180} INFO - Setting next_dagrun for pipeline_cadastro_de_zonas to 2024-10-17 00:00:00+00:00, run_after=2024-10-18 00:00:00+00:00
[2024-10-17T12:37:03.301+0000] {processor.py:208} INFO - Processing /opt/airflow/dags/cadastro_de_zonas.py took 0.083 seconds
[2024-10-17T12:37:33.886+0000] {processor.py:186} INFO - Started process (PID=1016) to work on /opt/airflow/dags/cadastro_de_zonas.py
[2024-10-17T12:37:33.887+0000] {processor.py:914} INFO - Processing file /opt/airflow/dags/cadastro_de_zonas.py for tasks to queue
[2024-10-17T12:37:33.889+0000] {logging_mixin.py:190} INFO - [2024-10-17T12:37:33.889+0000] {dagbag.py:588} INFO - Filling up the DagBag from /opt/airflow/dags/cadastro_de_zonas.py
[2024-10-17T12:37:33.903+0000] {processor.py:925} INFO - DAG(s) 'pipeline_cadastro_de_zonas' retrieved from /opt/airflow/dags/cadastro_de_zonas.py
[2024-10-17T12:37:33.917+0000] {logging_mixin.py:190} INFO - [2024-10-17T12:37:33.917+0000] {dag.py:3239} INFO - Sync 1 DAGs
[2024-10-17T12:37:33.939+0000] {logging_mixin.py:190} INFO - [2024-10-17T12:37:33.939+0000] {dag.py:4180} INFO - Setting next_dagrun for pipeline_cadastro_de_zonas to 2024-10-17 00:00:00+00:00, run_after=2024-10-18 00:00:00+00:00
[2024-10-17T12:37:33.958+0000] {processor.py:208} INFO - Processing /opt/airflow/dags/cadastro_de_zonas.py took 0.077 seconds
[2024-10-17T12:38:04.634+0000] {processor.py:186} INFO - Started process (PID=1080) to work on /opt/airflow/dags/cadastro_de_zonas.py
[2024-10-17T12:38:04.635+0000] {processor.py:914} INFO - Processing file /opt/airflow/dags/cadastro_de_zonas.py for tasks to queue
[2024-10-17T12:38:04.637+0000] {logging_mixin.py:190} INFO - [2024-10-17T12:38:04.637+0000] {dagbag.py:588} INFO - Filling up the DagBag from /opt/airflow/dags/cadastro_de_zonas.py
[2024-10-17T12:38:04.653+0000] {processor.py:925} INFO - DAG(s) 'pipeline_cadastro_de_zonas' retrieved from /opt/airflow/dags/cadastro_de_zonas.py
[2024-10-17T12:38:04.672+0000] {logging_mixin.py:190} INFO - [2024-10-17T12:38:04.672+0000] {dag.py:3239} INFO - Sync 1 DAGs
[2024-10-17T12:38:04.697+0000] {logging_mixin.py:190} INFO - [2024-10-17T12:38:04.697+0000] {dag.py:4180} INFO - Setting next_dagrun for pipeline_cadastro_de_zonas to 2024-10-17 00:00:00+00:00, run_after=2024-10-18 00:00:00+00:00
[2024-10-17T12:38:04.720+0000] {processor.py:208} INFO - Processing /opt/airflow/dags/cadastro_de_zonas.py took 0.092 seconds
[2024-10-17T12:38:35.317+0000] {processor.py:186} INFO - Started process (PID=1144) to work on /opt/airflow/dags/cadastro_de_zonas.py
[2024-10-17T12:38:35.318+0000] {processor.py:914} INFO - Processing file /opt/airflow/dags/cadastro_de_zonas.py for tasks to queue
[2024-10-17T12:38:35.320+0000] {logging_mixin.py:190} INFO - [2024-10-17T12:38:35.320+0000] {dagbag.py:588} INFO - Filling up the DagBag from /opt/airflow/dags/cadastro_de_zonas.py
[2024-10-17T12:38:35.336+0000] {processor.py:925} INFO - DAG(s) 'pipeline_cadastro_de_zonas' retrieved from /opt/airflow/dags/cadastro_de_zonas.py
[2024-10-17T12:38:35.350+0000] {logging_mixin.py:190} INFO - [2024-10-17T12:38:35.350+0000] {dag.py:3239} INFO - Sync 1 DAGs
[2024-10-17T12:38:35.375+0000] {logging_mixin.py:190} INFO - [2024-10-17T12:38:35.375+0000] {dag.py:4180} INFO - Setting next_dagrun for pipeline_cadastro_de_zonas to 2024-10-17 00:00:00+00:00, run_after=2024-10-18 00:00:00+00:00
[2024-10-17T12:38:35.393+0000] {processor.py:208} INFO - Processing /opt/airflow/dags/cadastro_de_zonas.py took 0.081 seconds
[2024-10-17T12:39:05.801+0000] {processor.py:186} INFO - Started process (PID=1208) to work on /opt/airflow/dags/cadastro_de_zonas.py
[2024-10-17T12:39:05.801+0000] {processor.py:914} INFO - Processing file /opt/airflow/dags/cadastro_de_zonas.py for tasks to queue
[2024-10-17T12:39:05.803+0000] {logging_mixin.py:190} INFO - [2024-10-17T12:39:05.803+0000] {dagbag.py:588} INFO - Filling up the DagBag from /opt/airflow/dags/cadastro_de_zonas.py
[2024-10-17T12:39:05.818+0000] {processor.py:925} INFO - DAG(s) 'pipeline_cadastro_de_zonas' retrieved from /opt/airflow/dags/cadastro_de_zonas.py
[2024-10-17T12:39:05.833+0000] {logging_mixin.py:190} INFO - [2024-10-17T12:39:05.833+0000] {dag.py:3239} INFO - Sync 1 DAGs
[2024-10-17T12:39:05.857+0000] {logging_mixin.py:190} INFO - [2024-10-17T12:39:05.857+0000] {dag.py:4180} INFO - Setting next_dagrun for pipeline_cadastro_de_zonas to 2024-10-17 00:00:00+00:00, run_after=2024-10-18 00:00:00+00:00
[2024-10-17T12:39:05.877+0000] {processor.py:208} INFO - Processing /opt/airflow/dags/cadastro_de_zonas.py took 0.081 seconds
[2024-10-17T12:39:36.709+0000] {processor.py:186} INFO - Started process (PID=1272) to work on /opt/airflow/dags/cadastro_de_zonas.py
[2024-10-17T12:39:36.710+0000] {processor.py:914} INFO - Processing file /opt/airflow/dags/cadastro_de_zonas.py for tasks to queue
[2024-10-17T12:39:36.712+0000] {logging_mixin.py:190} INFO - [2024-10-17T12:39:36.712+0000] {dagbag.py:588} INFO - Filling up the DagBag from /opt/airflow/dags/cadastro_de_zonas.py
[2024-10-17T12:39:36.728+0000] {processor.py:925} INFO - DAG(s) 'pipeline_cadastro_de_zonas' retrieved from /opt/airflow/dags/cadastro_de_zonas.py
[2024-10-17T12:39:36.743+0000] {logging_mixin.py:190} INFO - [2024-10-17T12:39:36.743+0000] {dag.py:3239} INFO - Sync 1 DAGs
[2024-10-17T12:39:36.764+0000] {logging_mixin.py:190} INFO - [2024-10-17T12:39:36.764+0000] {dag.py:4180} INFO - Setting next_dagrun for pipeline_cadastro_de_zonas to 2024-10-17 00:00:00+00:00, run_after=2024-10-18 00:00:00+00:00
[2024-10-17T12:39:36.783+0000] {processor.py:208} INFO - Processing /opt/airflow/dags/cadastro_de_zonas.py took 0.079 seconds
[2024-10-17T12:40:07.223+0000] {processor.py:186} INFO - Started process (PID=1336) to work on /opt/airflow/dags/cadastro_de_zonas.py
[2024-10-17T12:40:07.224+0000] {processor.py:914} INFO - Processing file /opt/airflow/dags/cadastro_de_zonas.py for tasks to queue
[2024-10-17T12:40:07.226+0000] {logging_mixin.py:190} INFO - [2024-10-17T12:40:07.226+0000] {dagbag.py:588} INFO - Filling up the DagBag from /opt/airflow/dags/cadastro_de_zonas.py
[2024-10-17T12:40:07.240+0000] {processor.py:925} INFO - DAG(s) 'pipeline_cadastro_de_zonas' retrieved from /opt/airflow/dags/cadastro_de_zonas.py
[2024-10-17T12:40:07.255+0000] {logging_mixin.py:190} INFO - [2024-10-17T12:40:07.254+0000] {dag.py:3239} INFO - Sync 1 DAGs
[2024-10-17T12:40:07.276+0000] {logging_mixin.py:190} INFO - [2024-10-17T12:40:07.276+0000] {dag.py:4180} INFO - Setting next_dagrun for pipeline_cadastro_de_zonas to 2024-10-17 00:00:00+00:00, run_after=2024-10-18 00:00:00+00:00
[2024-10-17T12:40:07.295+0000] {processor.py:208} INFO - Processing /opt/airflow/dags/cadastro_de_zonas.py took 0.076 seconds
[2024-10-17T12:40:37.925+0000] {processor.py:186} INFO - Started process (PID=1400) to work on /opt/airflow/dags/cadastro_de_zonas.py
[2024-10-17T12:40:37.926+0000] {processor.py:914} INFO - Processing file /opt/airflow/dags/cadastro_de_zonas.py for tasks to queue
[2024-10-17T12:40:37.928+0000] {logging_mixin.py:190} INFO - [2024-10-17T12:40:37.928+0000] {dagbag.py:588} INFO - Filling up the DagBag from /opt/airflow/dags/cadastro_de_zonas.py
[2024-10-17T12:40:37.945+0000] {processor.py:925} INFO - DAG(s) 'pipeline_cadastro_de_zonas' retrieved from /opt/airflow/dags/cadastro_de_zonas.py
[2024-10-17T12:40:37.961+0000] {logging_mixin.py:190} INFO - [2024-10-17T12:40:37.961+0000] {dag.py:3239} INFO - Sync 1 DAGs
[2024-10-17T12:40:37.989+0000] {logging_mixin.py:190} INFO - [2024-10-17T12:40:37.989+0000] {dag.py:4180} INFO - Setting next_dagrun for pipeline_cadastro_de_zonas to 2024-10-17 00:00:00+00:00, run_after=2024-10-18 00:00:00+00:00
[2024-10-17T12:40:38.012+0000] {processor.py:208} INFO - Processing /opt/airflow/dags/cadastro_de_zonas.py took 0.091 seconds
[2024-10-17T12:41:08.783+0000] {processor.py:186} INFO - Started process (PID=1464) to work on /opt/airflow/dags/cadastro_de_zonas.py
[2024-10-17T12:41:08.785+0000] {processor.py:914} INFO - Processing file /opt/airflow/dags/cadastro_de_zonas.py for tasks to queue
[2024-10-17T12:41:08.787+0000] {logging_mixin.py:190} INFO - [2024-10-17T12:41:08.787+0000] {dagbag.py:588} INFO - Filling up the DagBag from /opt/airflow/dags/cadastro_de_zonas.py
[2024-10-17T12:41:08.802+0000] {processor.py:925} INFO - DAG(s) 'pipeline_cadastro_de_zonas' retrieved from /opt/airflow/dags/cadastro_de_zonas.py
[2024-10-17T12:41:08.817+0000] {logging_mixin.py:190} INFO - [2024-10-17T12:41:08.817+0000] {dag.py:3239} INFO - Sync 1 DAGs
[2024-10-17T12:41:08.843+0000] {logging_mixin.py:190} INFO - [2024-10-17T12:41:08.842+0000] {dag.py:4180} INFO - Setting next_dagrun for pipeline_cadastro_de_zonas to 2024-10-17 00:00:00+00:00, run_after=2024-10-18 00:00:00+00:00
[2024-10-17T12:41:08.861+0000] {processor.py:208} INFO - Processing /opt/airflow/dags/cadastro_de_zonas.py took 0.083 seconds
[2024-10-17T12:41:39.413+0000] {processor.py:186} INFO - Started process (PID=1535) to work on /opt/airflow/dags/cadastro_de_zonas.py
[2024-10-17T12:41:39.414+0000] {processor.py:914} INFO - Processing file /opt/airflow/dags/cadastro_de_zonas.py for tasks to queue
[2024-10-17T12:41:39.416+0000] {logging_mixin.py:190} INFO - [2024-10-17T12:41:39.416+0000] {dagbag.py:588} INFO - Filling up the DagBag from /opt/airflow/dags/cadastro_de_zonas.py
[2024-10-17T12:41:39.430+0000] {processor.py:925} INFO - DAG(s) 'pipeline_cadastro_de_zonas' retrieved from /opt/airflow/dags/cadastro_de_zonas.py
[2024-10-17T12:41:39.446+0000] {logging_mixin.py:190} INFO - [2024-10-17T12:41:39.446+0000] {dag.py:3239} INFO - Sync 1 DAGs
[2024-10-17T12:41:39.469+0000] {logging_mixin.py:190} INFO - [2024-10-17T12:41:39.469+0000] {dag.py:4180} INFO - Setting next_dagrun for pipeline_cadastro_de_zonas to 2024-10-17 00:00:00+00:00, run_after=2024-10-18 00:00:00+00:00
[2024-10-17T12:41:39.488+0000] {processor.py:208} INFO - Processing /opt/airflow/dags/cadastro_de_zonas.py took 0.081 seconds
[2024-10-17T12:42:10.126+0000] {processor.py:186} INFO - Started process (PID=1599) to work on /opt/airflow/dags/cadastro_de_zonas.py
[2024-10-17T12:42:10.127+0000] {processor.py:914} INFO - Processing file /opt/airflow/dags/cadastro_de_zonas.py for tasks to queue
[2024-10-17T12:42:10.129+0000] {logging_mixin.py:190} INFO - [2024-10-17T12:42:10.128+0000] {dagbag.py:588} INFO - Filling up the DagBag from /opt/airflow/dags/cadastro_de_zonas.py
[2024-10-17T12:42:10.144+0000] {processor.py:925} INFO - DAG(s) 'pipeline_cadastro_de_zonas' retrieved from /opt/airflow/dags/cadastro_de_zonas.py
[2024-10-17T12:42:10.159+0000] {logging_mixin.py:190} INFO - [2024-10-17T12:42:10.159+0000] {dag.py:3239} INFO - Sync 1 DAGs
[2024-10-17T12:42:10.180+0000] {logging_mixin.py:190} INFO - [2024-10-17T12:42:10.179+0000] {dag.py:4180} INFO - Setting next_dagrun for pipeline_cadastro_de_zonas to 2024-10-17 00:00:00+00:00, run_after=2024-10-18 00:00:00+00:00
[2024-10-17T12:42:10.198+0000] {processor.py:208} INFO - Processing /opt/airflow/dags/cadastro_de_zonas.py took 0.077 seconds
[2024-10-17T12:42:40.944+0000] {processor.py:186} INFO - Started process (PID=1663) to work on /opt/airflow/dags/cadastro_de_zonas.py
[2024-10-17T12:42:40.945+0000] {processor.py:914} INFO - Processing file /opt/airflow/dags/cadastro_de_zonas.py for tasks to queue
[2024-10-17T12:42:40.947+0000] {logging_mixin.py:190} INFO - [2024-10-17T12:42:40.947+0000] {dagbag.py:588} INFO - Filling up the DagBag from /opt/airflow/dags/cadastro_de_zonas.py
[2024-10-17T12:42:40.962+0000] {processor.py:925} INFO - DAG(s) 'pipeline_cadastro_de_zonas' retrieved from /opt/airflow/dags/cadastro_de_zonas.py
[2024-10-17T12:42:40.977+0000] {logging_mixin.py:190} INFO - [2024-10-17T12:42:40.977+0000] {dag.py:3239} INFO - Sync 1 DAGs
[2024-10-17T12:42:40.999+0000] {logging_mixin.py:190} INFO - [2024-10-17T12:42:40.999+0000] {dag.py:4180} INFO - Setting next_dagrun for pipeline_cadastro_de_zonas to 2024-10-17 00:00:00+00:00, run_after=2024-10-18 00:00:00+00:00
[2024-10-17T12:42:41.017+0000] {processor.py:208} INFO - Processing /opt/airflow/dags/cadastro_de_zonas.py took 0.079 seconds
[2024-10-17T12:43:11.468+0000] {processor.py:186} INFO - Started process (PID=1727) to work on /opt/airflow/dags/cadastro_de_zonas.py
[2024-10-17T12:43:11.469+0000] {processor.py:914} INFO - Processing file /opt/airflow/dags/cadastro_de_zonas.py for tasks to queue
[2024-10-17T12:43:11.472+0000] {logging_mixin.py:190} INFO - [2024-10-17T12:43:11.472+0000] {dagbag.py:588} INFO - Filling up the DagBag from /opt/airflow/dags/cadastro_de_zonas.py
[2024-10-17T12:43:11.494+0000] {processor.py:925} INFO - DAG(s) 'pipeline_cadastro_de_zonas' retrieved from /opt/airflow/dags/cadastro_de_zonas.py
[2024-10-17T12:43:11.521+0000] {logging_mixin.py:190} INFO - [2024-10-17T12:43:11.521+0000] {dag.py:3239} INFO - Sync 1 DAGs
[2024-10-17T12:43:11.553+0000] {logging_mixin.py:190} INFO - [2024-10-17T12:43:11.553+0000] {dag.py:4180} INFO - Setting next_dagrun for pipeline_cadastro_de_zonas to 2024-10-17 00:00:00+00:00, run_after=2024-10-18 00:00:00+00:00
[2024-10-17T12:43:11.587+0000] {processor.py:208} INFO - Processing /opt/airflow/dags/cadastro_de_zonas.py took 0.127 seconds
[2024-10-17T12:43:42.168+0000] {processor.py:186} INFO - Started process (PID=1791) to work on /opt/airflow/dags/cadastro_de_zonas.py
[2024-10-17T12:43:42.169+0000] {processor.py:914} INFO - Processing file /opt/airflow/dags/cadastro_de_zonas.py for tasks to queue
[2024-10-17T12:43:42.171+0000] {logging_mixin.py:190} INFO - [2024-10-17T12:43:42.170+0000] {dagbag.py:588} INFO - Filling up the DagBag from /opt/airflow/dags/cadastro_de_zonas.py
[2024-10-17T12:43:42.184+0000] {processor.py:925} INFO - DAG(s) 'pipeline_cadastro_de_zonas' retrieved from /opt/airflow/dags/cadastro_de_zonas.py
[2024-10-17T12:43:42.199+0000] {logging_mixin.py:190} INFO - [2024-10-17T12:43:42.198+0000] {dag.py:3239} INFO - Sync 1 DAGs
[2024-10-17T12:43:42.220+0000] {logging_mixin.py:190} INFO - [2024-10-17T12:43:42.220+0000] {dag.py:4180} INFO - Setting next_dagrun for pipeline_cadastro_de_zonas to 2024-10-17 00:00:00+00:00, run_after=2024-10-18 00:00:00+00:00
[2024-10-17T12:43:42.240+0000] {processor.py:208} INFO - Processing /opt/airflow/dags/cadastro_de_zonas.py took 0.076 seconds
[2024-10-17T12:44:12.483+0000] {processor.py:186} INFO - Started process (PID=1855) to work on /opt/airflow/dags/cadastro_de_zonas.py
[2024-10-17T12:44:12.484+0000] {processor.py:914} INFO - Processing file /opt/airflow/dags/cadastro_de_zonas.py for tasks to queue
[2024-10-17T12:44:12.487+0000] {logging_mixin.py:190} INFO - [2024-10-17T12:44:12.486+0000] {dagbag.py:588} INFO - Filling up the DagBag from /opt/airflow/dags/cadastro_de_zonas.py
[2024-10-17T12:44:12.502+0000] {processor.py:925} INFO - DAG(s) 'pipeline_cadastro_de_zonas' retrieved from /opt/airflow/dags/cadastro_de_zonas.py
[2024-10-17T12:44:12.520+0000] {logging_mixin.py:190} INFO - [2024-10-17T12:44:12.520+0000] {dag.py:3239} INFO - Sync 1 DAGs
[2024-10-17T12:44:12.545+0000] {logging_mixin.py:190} INFO - [2024-10-17T12:44:12.545+0000] {dag.py:4180} INFO - Setting next_dagrun for pipeline_cadastro_de_zonas to 2024-10-17 00:00:00+00:00, run_after=2024-10-18 00:00:00+00:00
[2024-10-17T12:44:12.564+0000] {processor.py:208} INFO - Processing /opt/airflow/dags/cadastro_de_zonas.py took 0.086 seconds
[2024-10-17T12:45:20.444+0000] {processor.py:186} INFO - Started process (PID=57) to work on /opt/airflow/dags/cadastro_de_zonas.py
[2024-10-17T12:45:20.446+0000] {processor.py:914} INFO - Processing file /opt/airflow/dags/cadastro_de_zonas.py for tasks to queue
[2024-10-17T12:45:20.449+0000] {logging_mixin.py:190} INFO - [2024-10-17T12:45:20.448+0000] {dagbag.py:588} INFO - Filling up the DagBag from /opt/airflow/dags/cadastro_de_zonas.py
[2024-10-17T12:45:20.518+0000] {processor.py:925} INFO - DAG(s) 'pipeline_cadastro_de_zonas' retrieved from /opt/airflow/dags/cadastro_de_zonas.py
[2024-10-17T12:45:20.585+0000] {logging_mixin.py:190} INFO - [2024-10-17T12:45:20.585+0000] {dag.py:3239} INFO - Sync 1 DAGs
[2024-10-17T12:45:20.615+0000] {logging_mixin.py:190} INFO - [2024-10-17T12:45:20.615+0000] {dag.py:4180} INFO - Setting next_dagrun for pipeline_cadastro_de_zonas to 2024-10-17 00:00:00+00:00, run_after=2024-10-18 00:00:00+00:00
[2024-10-17T12:45:20.637+0000] {processor.py:208} INFO - Processing /opt/airflow/dags/cadastro_de_zonas.py took 0.201 seconds
[2024-10-17T12:45:51.090+0000] {processor.py:186} INFO - Started process (PID=121) to work on /opt/airflow/dags/cadastro_de_zonas.py
[2024-10-17T12:45:51.091+0000] {processor.py:914} INFO - Processing file /opt/airflow/dags/cadastro_de_zonas.py for tasks to queue
[2024-10-17T12:45:51.095+0000] {logging_mixin.py:190} INFO - [2024-10-17T12:45:51.094+0000] {dagbag.py:588} INFO - Filling up the DagBag from /opt/airflow/dags/cadastro_de_zonas.py
[2024-10-17T12:45:51.125+0000] {processor.py:925} INFO - DAG(s) 'pipeline_cadastro_de_zonas' retrieved from /opt/airflow/dags/cadastro_de_zonas.py
[2024-10-17T12:45:51.146+0000] {logging_mixin.py:190} INFO - [2024-10-17T12:45:51.146+0000] {dag.py:3239} INFO - Sync 1 DAGs
[2024-10-17T12:45:51.176+0000] {logging_mixin.py:190} INFO - [2024-10-17T12:45:51.175+0000] {dag.py:4180} INFO - Setting next_dagrun for pipeline_cadastro_de_zonas to 2024-10-17 00:00:00+00:00, run_after=2024-10-18 00:00:00+00:00
[2024-10-17T12:45:51.197+0000] {processor.py:208} INFO - Processing /opt/airflow/dags/cadastro_de_zonas.py took 0.114 seconds
[2024-10-17T12:46:21.312+0000] {processor.py:186} INFO - Started process (PID=186) to work on /opt/airflow/dags/cadastro_de_zonas.py
[2024-10-17T12:46:21.312+0000] {processor.py:914} INFO - Processing file /opt/airflow/dags/cadastro_de_zonas.py for tasks to queue
[2024-10-17T12:46:21.315+0000] {logging_mixin.py:190} INFO - [2024-10-17T12:46:21.314+0000] {dagbag.py:588} INFO - Filling up the DagBag from /opt/airflow/dags/cadastro_de_zonas.py
[2024-10-17T12:46:21.329+0000] {processor.py:925} INFO - DAG(s) 'pipeline_cadastro_de_zonas' retrieved from /opt/airflow/dags/cadastro_de_zonas.py
[2024-10-17T12:46:21.349+0000] {logging_mixin.py:190} INFO - [2024-10-17T12:46:21.349+0000] {dag.py:3239} INFO - Sync 1 DAGs
[2024-10-17T12:46:21.373+0000] {logging_mixin.py:190} INFO - [2024-10-17T12:46:21.373+0000] {dag.py:4180} INFO - Setting next_dagrun for pipeline_cadastro_de_zonas to 2024-10-17 00:00:00+00:00, run_after=2024-10-18 00:00:00+00:00
[2024-10-17T12:46:21.394+0000] {processor.py:208} INFO - Processing /opt/airflow/dags/cadastro_de_zonas.py took 0.088 seconds
[2024-10-17T12:46:52.203+0000] {processor.py:186} INFO - Started process (PID=250) to work on /opt/airflow/dags/cadastro_de_zonas.py
[2024-10-17T12:46:52.204+0000] {processor.py:914} INFO - Processing file /opt/airflow/dags/cadastro_de_zonas.py for tasks to queue
[2024-10-17T12:46:52.206+0000] {logging_mixin.py:190} INFO - [2024-10-17T12:46:52.205+0000] {dagbag.py:588} INFO - Filling up the DagBag from /opt/airflow/dags/cadastro_de_zonas.py
[2024-10-17T12:46:52.224+0000] {processor.py:925} INFO - DAG(s) 'pipeline_cadastro_de_zonas' retrieved from /opt/airflow/dags/cadastro_de_zonas.py
[2024-10-17T12:46:52.243+0000] {logging_mixin.py:190} INFO - [2024-10-17T12:46:52.243+0000] {dag.py:3239} INFO - Sync 1 DAGs
[2024-10-17T12:46:52.268+0000] {logging_mixin.py:190} INFO - [2024-10-17T12:46:52.267+0000] {dag.py:4180} INFO - Setting next_dagrun for pipeline_cadastro_de_zonas to 2024-10-17 00:00:00+00:00, run_after=2024-10-18 00:00:00+00:00
[2024-10-17T12:46:52.288+0000] {processor.py:208} INFO - Processing /opt/airflow/dags/cadastro_de_zonas.py took 0.091 seconds
[2024-10-17T12:47:23.056+0000] {processor.py:186} INFO - Started process (PID=314) to work on /opt/airflow/dags/cadastro_de_zonas.py
[2024-10-17T12:47:23.057+0000] {processor.py:914} INFO - Processing file /opt/airflow/dags/cadastro_de_zonas.py for tasks to queue
[2024-10-17T12:47:23.059+0000] {logging_mixin.py:190} INFO - [2024-10-17T12:47:23.059+0000] {dagbag.py:588} INFO - Filling up the DagBag from /opt/airflow/dags/cadastro_de_zonas.py
[2024-10-17T12:47:23.075+0000] {processor.py:925} INFO - DAG(s) 'pipeline_cadastro_de_zonas' retrieved from /opt/airflow/dags/cadastro_de_zonas.py
[2024-10-17T12:47:23.093+0000] {logging_mixin.py:190} INFO - [2024-10-17T12:47:23.093+0000] {dag.py:3239} INFO - Sync 1 DAGs
[2024-10-17T12:47:23.120+0000] {logging_mixin.py:190} INFO - [2024-10-17T12:47:23.120+0000] {dag.py:4180} INFO - Setting next_dagrun for pipeline_cadastro_de_zonas to 2024-10-17 00:00:00+00:00, run_after=2024-10-18 00:00:00+00:00
[2024-10-17T12:47:23.150+0000] {processor.py:208} INFO - Processing /opt/airflow/dags/cadastro_de_zonas.py took 0.099 seconds
[2024-10-17T12:47:54.079+0000] {processor.py:186} INFO - Started process (PID=384) to work on /opt/airflow/dags/cadastro_de_zonas.py
[2024-10-17T12:47:54.080+0000] {processor.py:914} INFO - Processing file /opt/airflow/dags/cadastro_de_zonas.py for tasks to queue
[2024-10-17T12:47:54.082+0000] {logging_mixin.py:190} INFO - [2024-10-17T12:47:54.082+0000] {dagbag.py:588} INFO - Filling up the DagBag from /opt/airflow/dags/cadastro_de_zonas.py
[2024-10-17T12:47:54.096+0000] {processor.py:925} INFO - DAG(s) 'pipeline_cadastro_de_zonas' retrieved from /opt/airflow/dags/cadastro_de_zonas.py
[2024-10-17T12:47:54.111+0000] {logging_mixin.py:190} INFO - [2024-10-17T12:47:54.111+0000] {dag.py:3239} INFO - Sync 1 DAGs
[2024-10-17T12:47:54.135+0000] {logging_mixin.py:190} INFO - [2024-10-17T12:47:54.135+0000] {dag.py:4180} INFO - Setting next_dagrun for pipeline_cadastro_de_zonas to 2024-10-17 00:00:00+00:00, run_after=2024-10-18 00:00:00+00:00
[2024-10-17T12:47:54.156+0000] {processor.py:208} INFO - Processing /opt/airflow/dags/cadastro_de_zonas.py took 0.082 seconds
[2024-10-17T12:48:24.815+0000] {processor.py:186} INFO - Started process (PID=449) to work on /opt/airflow/dags/cadastro_de_zonas.py
[2024-10-17T12:48:24.816+0000] {processor.py:914} INFO - Processing file /opt/airflow/dags/cadastro_de_zonas.py for tasks to queue
[2024-10-17T12:48:24.817+0000] {logging_mixin.py:190} INFO - [2024-10-17T12:48:24.817+0000] {dagbag.py:588} INFO - Filling up the DagBag from /opt/airflow/dags/cadastro_de_zonas.py
[2024-10-17T12:48:24.831+0000] {processor.py:925} INFO - DAG(s) 'pipeline_cadastro_de_zonas' retrieved from /opt/airflow/dags/cadastro_de_zonas.py
[2024-10-17T12:48:24.851+0000] {logging_mixin.py:190} INFO - [2024-10-17T12:48:24.851+0000] {dag.py:3239} INFO - Sync 1 DAGs
[2024-10-17T12:48:24.884+0000] {logging_mixin.py:190} INFO - [2024-10-17T12:48:24.884+0000] {dag.py:4180} INFO - Setting next_dagrun for pipeline_cadastro_de_zonas to 2024-10-17 00:00:00+00:00, run_after=2024-10-18 00:00:00+00:00
[2024-10-17T12:48:24.910+0000] {processor.py:208} INFO - Processing /opt/airflow/dags/cadastro_de_zonas.py took 0.101 seconds
[2024-10-17T12:48:55.333+0000] {processor.py:186} INFO - Started process (PID=513) to work on /opt/airflow/dags/cadastro_de_zonas.py
[2024-10-17T12:48:55.334+0000] {processor.py:914} INFO - Processing file /opt/airflow/dags/cadastro_de_zonas.py for tasks to queue
[2024-10-17T12:48:55.336+0000] {logging_mixin.py:190} INFO - [2024-10-17T12:48:55.336+0000] {dagbag.py:588} INFO - Filling up the DagBag from /opt/airflow/dags/cadastro_de_zonas.py
[2024-10-17T12:48:55.350+0000] {processor.py:925} INFO - DAG(s) 'pipeline_cadastro_de_zonas' retrieved from /opt/airflow/dags/cadastro_de_zonas.py
[2024-10-17T12:48:55.368+0000] {logging_mixin.py:190} INFO - [2024-10-17T12:48:55.368+0000] {dag.py:3239} INFO - Sync 1 DAGs
[2024-10-17T12:48:55.396+0000] {logging_mixin.py:190} INFO - [2024-10-17T12:48:55.396+0000] {dag.py:4180} INFO - Setting next_dagrun for pipeline_cadastro_de_zonas to 2024-10-17 00:00:00+00:00, run_after=2024-10-18 00:00:00+00:00
[2024-10-17T12:48:55.417+0000] {processor.py:208} INFO - Processing /opt/airflow/dags/cadastro_de_zonas.py took 0.091 seconds
[2024-10-17T12:49:26.443+0000] {processor.py:186} INFO - Started process (PID=577) to work on /opt/airflow/dags/cadastro_de_zonas.py
[2024-10-17T12:49:26.445+0000] {processor.py:914} INFO - Processing file /opt/airflow/dags/cadastro_de_zonas.py for tasks to queue
[2024-10-17T12:49:26.449+0000] {logging_mixin.py:190} INFO - [2024-10-17T12:49:26.448+0000] {dagbag.py:588} INFO - Filling up the DagBag from /opt/airflow/dags/cadastro_de_zonas.py
[2024-10-17T12:49:26.470+0000] {processor.py:925} INFO - DAG(s) 'pipeline_cadastro_de_zonas' retrieved from /opt/airflow/dags/cadastro_de_zonas.py
[2024-10-17T12:49:26.494+0000] {logging_mixin.py:190} INFO - [2024-10-17T12:49:26.494+0000] {dag.py:3239} INFO - Sync 1 DAGs
[2024-10-17T12:49:26.538+0000] {logging_mixin.py:190} INFO - [2024-10-17T12:49:26.537+0000] {dag.py:4180} INFO - Setting next_dagrun for pipeline_cadastro_de_zonas to 2024-10-17 00:00:00+00:00, run_after=2024-10-18 00:00:00+00:00
[2024-10-17T12:49:26.570+0000] {processor.py:208} INFO - Processing /opt/airflow/dags/cadastro_de_zonas.py took 0.133 seconds
