[2024-10-16T11:30:02.475+0000] {processor.py:186} INFO - Started process (PID=125597) to work on /home/airflow/.local/lib/python3.12/site-packages/airflow/example_dags/example_kubernetes_executor.py
[2024-10-16T11:30:02.481+0000] {processor.py:914} INFO - Processing file /home/airflow/.local/lib/python3.12/site-packages/airflow/example_dags/example_kubernetes_executor.py for tasks to queue
[2024-10-16T11:30:02.484+0000] {logging_mixin.py:190} INFO - [2024-10-16T11:30:02.483+0000] {dagbag.py:588} INFO - Filling up the DagBag from /home/airflow/.local/lib/python3.12/site-packages/airflow/example_dags/example_kubernetes_executor.py
[2024-10-16T11:30:02.533+0000] {processor.py:925} INFO - DAG(s) 'example_kubernetes_executor' retrieved from /home/airflow/.local/lib/python3.12/site-packages/airflow/example_dags/example_kubernetes_executor.py
[2024-10-16T11:30:02.665+0000] {logging_mixin.py:190} INFO - [2024-10-16T11:30:02.664+0000] {dag.py:3239} INFO - Sync 1 DAGs
[2024-10-16T11:30:02.736+0000] {logging_mixin.py:190} INFO - [2024-10-16T11:30:02.735+0000] {dag.py:4180} INFO - Setting next_dagrun for example_kubernetes_executor to None, run_after=None
[2024-10-16T11:30:02.800+0000] {processor.py:208} INFO - Processing /home/airflow/.local/lib/python3.12/site-packages/airflow/example_dags/example_kubernetes_executor.py took 0.341 seconds
[2024-10-16T11:30:33.166+0000] {processor.py:186} INFO - Started process (PID=125661) to work on /home/airflow/.local/lib/python3.12/site-packages/airflow/example_dags/example_kubernetes_executor.py
[2024-10-16T11:30:33.167+0000] {processor.py:914} INFO - Processing file /home/airflow/.local/lib/python3.12/site-packages/airflow/example_dags/example_kubernetes_executor.py for tasks to queue
[2024-10-16T11:30:33.169+0000] {logging_mixin.py:190} INFO - [2024-10-16T11:30:33.168+0000] {dagbag.py:588} INFO - Filling up the DagBag from /home/airflow/.local/lib/python3.12/site-packages/airflow/example_dags/example_kubernetes_executor.py
[2024-10-16T11:30:33.187+0000] {processor.py:925} INFO - DAG(s) 'example_kubernetes_executor' retrieved from /home/airflow/.local/lib/python3.12/site-packages/airflow/example_dags/example_kubernetes_executor.py
[2024-10-16T11:30:33.243+0000] {logging_mixin.py:190} INFO - [2024-10-16T11:30:33.243+0000] {dag.py:3239} INFO - Sync 1 DAGs
[2024-10-16T11:30:33.265+0000] {logging_mixin.py:190} INFO - [2024-10-16T11:30:33.265+0000] {dag.py:4180} INFO - Setting next_dagrun for example_kubernetes_executor to None, run_after=None
[2024-10-16T11:30:33.293+0000] {processor.py:208} INFO - Processing /home/airflow/.local/lib/python3.12/site-packages/airflow/example_dags/example_kubernetes_executor.py took 0.136 seconds
[2024-10-16T11:31:04.076+0000] {processor.py:186} INFO - Started process (PID=125724) to work on /home/airflow/.local/lib/python3.12/site-packages/airflow/example_dags/example_kubernetes_executor.py
[2024-10-16T11:31:04.077+0000] {processor.py:914} INFO - Processing file /home/airflow/.local/lib/python3.12/site-packages/airflow/example_dags/example_kubernetes_executor.py for tasks to queue
[2024-10-16T11:31:04.078+0000] {logging_mixin.py:190} INFO - [2024-10-16T11:31:04.078+0000] {dagbag.py:588} INFO - Filling up the DagBag from /home/airflow/.local/lib/python3.12/site-packages/airflow/example_dags/example_kubernetes_executor.py
[2024-10-16T11:31:04.093+0000] {processor.py:925} INFO - DAG(s) 'example_kubernetes_executor' retrieved from /home/airflow/.local/lib/python3.12/site-packages/airflow/example_dags/example_kubernetes_executor.py
[2024-10-16T11:31:04.127+0000] {logging_mixin.py:190} INFO - [2024-10-16T11:31:04.127+0000] {dag.py:3239} INFO - Sync 1 DAGs
[2024-10-16T11:31:04.142+0000] {logging_mixin.py:190} INFO - [2024-10-16T11:31:04.142+0000] {dag.py:4180} INFO - Setting next_dagrun for example_kubernetes_executor to None, run_after=None
[2024-10-16T11:31:04.162+0000] {processor.py:208} INFO - Processing /home/airflow/.local/lib/python3.12/site-packages/airflow/example_dags/example_kubernetes_executor.py took 0.092 seconds
[2024-10-16T11:31:34.705+0000] {processor.py:186} INFO - Started process (PID=125787) to work on /home/airflow/.local/lib/python3.12/site-packages/airflow/example_dags/example_kubernetes_executor.py
[2024-10-16T11:31:34.706+0000] {processor.py:914} INFO - Processing file /home/airflow/.local/lib/python3.12/site-packages/airflow/example_dags/example_kubernetes_executor.py for tasks to queue
[2024-10-16T11:31:34.707+0000] {logging_mixin.py:190} INFO - [2024-10-16T11:31:34.707+0000] {dagbag.py:588} INFO - Filling up the DagBag from /home/airflow/.local/lib/python3.12/site-packages/airflow/example_dags/example_kubernetes_executor.py
[2024-10-16T11:31:34.720+0000] {processor.py:925} INFO - DAG(s) 'example_kubernetes_executor' retrieved from /home/airflow/.local/lib/python3.12/site-packages/airflow/example_dags/example_kubernetes_executor.py
[2024-10-16T11:31:34.756+0000] {logging_mixin.py:190} INFO - [2024-10-16T11:31:34.755+0000] {dag.py:3239} INFO - Sync 1 DAGs
[2024-10-16T11:31:34.773+0000] {logging_mixin.py:190} INFO - [2024-10-16T11:31:34.773+0000] {dag.py:4180} INFO - Setting next_dagrun for example_kubernetes_executor to None, run_after=None
[2024-10-16T11:31:34.793+0000] {processor.py:208} INFO - Processing /home/airflow/.local/lib/python3.12/site-packages/airflow/example_dags/example_kubernetes_executor.py took 0.092 seconds
[2024-10-16T11:32:05.870+0000] {processor.py:186} INFO - Started process (PID=125850) to work on /home/airflow/.local/lib/python3.12/site-packages/airflow/example_dags/example_kubernetes_executor.py
[2024-10-16T11:32:05.871+0000] {processor.py:914} INFO - Processing file /home/airflow/.local/lib/python3.12/site-packages/airflow/example_dags/example_kubernetes_executor.py for tasks to queue
[2024-10-16T11:32:05.872+0000] {logging_mixin.py:190} INFO - [2024-10-16T11:32:05.872+0000] {dagbag.py:588} INFO - Filling up the DagBag from /home/airflow/.local/lib/python3.12/site-packages/airflow/example_dags/example_kubernetes_executor.py
[2024-10-16T11:32:05.888+0000] {processor.py:925} INFO - DAG(s) 'example_kubernetes_executor' retrieved from /home/airflow/.local/lib/python3.12/site-packages/airflow/example_dags/example_kubernetes_executor.py
[2024-10-16T11:32:05.922+0000] {logging_mixin.py:190} INFO - [2024-10-16T11:32:05.922+0000] {dag.py:3239} INFO - Sync 1 DAGs
[2024-10-16T11:32:05.937+0000] {logging_mixin.py:190} INFO - [2024-10-16T11:32:05.937+0000] {dag.py:4180} INFO - Setting next_dagrun for example_kubernetes_executor to None, run_after=None
[2024-10-16T11:32:05.956+0000] {processor.py:208} INFO - Processing /home/airflow/.local/lib/python3.12/site-packages/airflow/example_dags/example_kubernetes_executor.py took 0.092 seconds
[2024-10-16T11:32:36.747+0000] {processor.py:186} INFO - Started process (PID=125913) to work on /home/airflow/.local/lib/python3.12/site-packages/airflow/example_dags/example_kubernetes_executor.py
[2024-10-16T11:32:36.748+0000] {processor.py:914} INFO - Processing file /home/airflow/.local/lib/python3.12/site-packages/airflow/example_dags/example_kubernetes_executor.py for tasks to queue
[2024-10-16T11:32:36.749+0000] {logging_mixin.py:190} INFO - [2024-10-16T11:32:36.749+0000] {dagbag.py:588} INFO - Filling up the DagBag from /home/airflow/.local/lib/python3.12/site-packages/airflow/example_dags/example_kubernetes_executor.py
[2024-10-16T11:32:36.765+0000] {processor.py:925} INFO - DAG(s) 'example_kubernetes_executor' retrieved from /home/airflow/.local/lib/python3.12/site-packages/airflow/example_dags/example_kubernetes_executor.py
[2024-10-16T11:32:36.800+0000] {logging_mixin.py:190} INFO - [2024-10-16T11:32:36.800+0000] {dag.py:3239} INFO - Sync 1 DAGs
[2024-10-16T11:32:36.816+0000] {logging_mixin.py:190} INFO - [2024-10-16T11:32:36.816+0000] {dag.py:4180} INFO - Setting next_dagrun for example_kubernetes_executor to None, run_after=None
[2024-10-16T11:32:36.833+0000] {processor.py:208} INFO - Processing /home/airflow/.local/lib/python3.12/site-packages/airflow/example_dags/example_kubernetes_executor.py took 0.092 seconds
[2024-10-16T11:33:07.291+0000] {processor.py:186} INFO - Started process (PID=125976) to work on /home/airflow/.local/lib/python3.12/site-packages/airflow/example_dags/example_kubernetes_executor.py
[2024-10-16T11:33:07.292+0000] {processor.py:914} INFO - Processing file /home/airflow/.local/lib/python3.12/site-packages/airflow/example_dags/example_kubernetes_executor.py for tasks to queue
[2024-10-16T11:33:07.293+0000] {logging_mixin.py:190} INFO - [2024-10-16T11:33:07.293+0000] {dagbag.py:588} INFO - Filling up the DagBag from /home/airflow/.local/lib/python3.12/site-packages/airflow/example_dags/example_kubernetes_executor.py
[2024-10-16T11:33:07.307+0000] {processor.py:925} INFO - DAG(s) 'example_kubernetes_executor' retrieved from /home/airflow/.local/lib/python3.12/site-packages/airflow/example_dags/example_kubernetes_executor.py
[2024-10-16T11:33:07.341+0000] {logging_mixin.py:190} INFO - [2024-10-16T11:33:07.341+0000] {dag.py:3239} INFO - Sync 1 DAGs
[2024-10-16T11:33:07.356+0000] {logging_mixin.py:190} INFO - [2024-10-16T11:33:07.356+0000] {dag.py:4180} INFO - Setting next_dagrun for example_kubernetes_executor to None, run_after=None
[2024-10-16T11:33:07.374+0000] {processor.py:208} INFO - Processing /home/airflow/.local/lib/python3.12/site-packages/airflow/example_dags/example_kubernetes_executor.py took 0.089 seconds
[2024-10-16T11:33:37.574+0000] {processor.py:186} INFO - Started process (PID=126039) to work on /home/airflow/.local/lib/python3.12/site-packages/airflow/example_dags/example_kubernetes_executor.py
[2024-10-16T11:33:37.575+0000] {processor.py:914} INFO - Processing file /home/airflow/.local/lib/python3.12/site-packages/airflow/example_dags/example_kubernetes_executor.py for tasks to queue
[2024-10-16T11:33:37.576+0000] {logging_mixin.py:190} INFO - [2024-10-16T11:33:37.576+0000] {dagbag.py:588} INFO - Filling up the DagBag from /home/airflow/.local/lib/python3.12/site-packages/airflow/example_dags/example_kubernetes_executor.py
[2024-10-16T11:33:37.590+0000] {processor.py:925} INFO - DAG(s) 'example_kubernetes_executor' retrieved from /home/airflow/.local/lib/python3.12/site-packages/airflow/example_dags/example_kubernetes_executor.py
[2024-10-16T11:33:37.625+0000] {logging_mixin.py:190} INFO - [2024-10-16T11:33:37.624+0000] {dag.py:3239} INFO - Sync 1 DAGs
[2024-10-16T11:33:37.641+0000] {logging_mixin.py:190} INFO - [2024-10-16T11:33:37.641+0000] {dag.py:4180} INFO - Setting next_dagrun for example_kubernetes_executor to None, run_after=None
[2024-10-16T11:33:37.660+0000] {processor.py:208} INFO - Processing /home/airflow/.local/lib/python3.12/site-packages/airflow/example_dags/example_kubernetes_executor.py took 0.092 seconds
[2024-10-16T11:34:08.087+0000] {processor.py:186} INFO - Started process (PID=126102) to work on /home/airflow/.local/lib/python3.12/site-packages/airflow/example_dags/example_kubernetes_executor.py
[2024-10-16T11:34:08.088+0000] {processor.py:914} INFO - Processing file /home/airflow/.local/lib/python3.12/site-packages/airflow/example_dags/example_kubernetes_executor.py for tasks to queue
[2024-10-16T11:34:08.089+0000] {logging_mixin.py:190} INFO - [2024-10-16T11:34:08.089+0000] {dagbag.py:588} INFO - Filling up the DagBag from /home/airflow/.local/lib/python3.12/site-packages/airflow/example_dags/example_kubernetes_executor.py
[2024-10-16T11:34:08.102+0000] {processor.py:925} INFO - DAG(s) 'example_kubernetes_executor' retrieved from /home/airflow/.local/lib/python3.12/site-packages/airflow/example_dags/example_kubernetes_executor.py
[2024-10-16T11:34:08.137+0000] {logging_mixin.py:190} INFO - [2024-10-16T11:34:08.136+0000] {dag.py:3239} INFO - Sync 1 DAGs
[2024-10-16T11:34:08.151+0000] {logging_mixin.py:190} INFO - [2024-10-16T11:34:08.151+0000] {dag.py:4180} INFO - Setting next_dagrun for example_kubernetes_executor to None, run_after=None
[2024-10-16T11:34:08.171+0000] {processor.py:208} INFO - Processing /home/airflow/.local/lib/python3.12/site-packages/airflow/example_dags/example_kubernetes_executor.py took 0.089 seconds
[2024-10-16T11:34:38.366+0000] {processor.py:186} INFO - Started process (PID=126166) to work on /home/airflow/.local/lib/python3.12/site-packages/airflow/example_dags/example_kubernetes_executor.py
[2024-10-16T11:34:38.367+0000] {processor.py:914} INFO - Processing file /home/airflow/.local/lib/python3.12/site-packages/airflow/example_dags/example_kubernetes_executor.py for tasks to queue
[2024-10-16T11:34:38.369+0000] {logging_mixin.py:190} INFO - [2024-10-16T11:34:38.369+0000] {dagbag.py:588} INFO - Filling up the DagBag from /home/airflow/.local/lib/python3.12/site-packages/airflow/example_dags/example_kubernetes_executor.py
[2024-10-16T11:34:38.389+0000] {processor.py:925} INFO - DAG(s) 'example_kubernetes_executor' retrieved from /home/airflow/.local/lib/python3.12/site-packages/airflow/example_dags/example_kubernetes_executor.py
[2024-10-16T11:34:38.446+0000] {logging_mixin.py:190} INFO - [2024-10-16T11:34:38.446+0000] {dag.py:3239} INFO - Sync 1 DAGs
[2024-10-16T11:34:38.471+0000] {logging_mixin.py:190} INFO - [2024-10-16T11:34:38.470+0000] {dag.py:4180} INFO - Setting next_dagrun for example_kubernetes_executor to None, run_after=None
[2024-10-16T11:34:38.505+0000] {processor.py:208} INFO - Processing /home/airflow/.local/lib/python3.12/site-packages/airflow/example_dags/example_kubernetes_executor.py took 0.146 seconds
[2024-10-16T11:35:09.322+0000] {processor.py:186} INFO - Started process (PID=126229) to work on /home/airflow/.local/lib/python3.12/site-packages/airflow/example_dags/example_kubernetes_executor.py
[2024-10-16T11:35:09.323+0000] {processor.py:914} INFO - Processing file /home/airflow/.local/lib/python3.12/site-packages/airflow/example_dags/example_kubernetes_executor.py for tasks to queue
[2024-10-16T11:35:09.324+0000] {logging_mixin.py:190} INFO - [2024-10-16T11:35:09.324+0000] {dagbag.py:588} INFO - Filling up the DagBag from /home/airflow/.local/lib/python3.12/site-packages/airflow/example_dags/example_kubernetes_executor.py
[2024-10-16T11:35:09.338+0000] {processor.py:925} INFO - DAG(s) 'example_kubernetes_executor' retrieved from /home/airflow/.local/lib/python3.12/site-packages/airflow/example_dags/example_kubernetes_executor.py
[2024-10-16T11:35:09.373+0000] {logging_mixin.py:190} INFO - [2024-10-16T11:35:09.373+0000] {dag.py:3239} INFO - Sync 1 DAGs
[2024-10-16T11:35:09.388+0000] {logging_mixin.py:190} INFO - [2024-10-16T11:35:09.388+0000] {dag.py:4180} INFO - Setting next_dagrun for example_kubernetes_executor to None, run_after=None
[2024-10-16T11:35:09.404+0000] {processor.py:208} INFO - Processing /home/airflow/.local/lib/python3.12/site-packages/airflow/example_dags/example_kubernetes_executor.py took 0.088 seconds
[2024-10-16T11:35:39.839+0000] {processor.py:186} INFO - Started process (PID=126292) to work on /home/airflow/.local/lib/python3.12/site-packages/airflow/example_dags/example_kubernetes_executor.py
[2024-10-16T11:35:39.840+0000] {processor.py:914} INFO - Processing file /home/airflow/.local/lib/python3.12/site-packages/airflow/example_dags/example_kubernetes_executor.py for tasks to queue
[2024-10-16T11:35:39.842+0000] {logging_mixin.py:190} INFO - [2024-10-16T11:35:39.841+0000] {dagbag.py:588} INFO - Filling up the DagBag from /home/airflow/.local/lib/python3.12/site-packages/airflow/example_dags/example_kubernetes_executor.py
[2024-10-16T11:35:39.855+0000] {processor.py:925} INFO - DAG(s) 'example_kubernetes_executor' retrieved from /home/airflow/.local/lib/python3.12/site-packages/airflow/example_dags/example_kubernetes_executor.py
[2024-10-16T11:35:39.891+0000] {logging_mixin.py:190} INFO - [2024-10-16T11:35:39.891+0000] {dag.py:3239} INFO - Sync 1 DAGs
[2024-10-16T11:35:39.907+0000] {logging_mixin.py:190} INFO - [2024-10-16T11:35:39.906+0000] {dag.py:4180} INFO - Setting next_dagrun for example_kubernetes_executor to None, run_after=None
[2024-10-16T11:35:39.924+0000] {processor.py:208} INFO - Processing /home/airflow/.local/lib/python3.12/site-packages/airflow/example_dags/example_kubernetes_executor.py took 0.091 seconds
[2024-10-16T11:36:10.583+0000] {processor.py:186} INFO - Started process (PID=126355) to work on /home/airflow/.local/lib/python3.12/site-packages/airflow/example_dags/example_kubernetes_executor.py
[2024-10-16T11:36:10.584+0000] {processor.py:914} INFO - Processing file /home/airflow/.local/lib/python3.12/site-packages/airflow/example_dags/example_kubernetes_executor.py for tasks to queue
[2024-10-16T11:36:10.586+0000] {logging_mixin.py:190} INFO - [2024-10-16T11:36:10.585+0000] {dagbag.py:588} INFO - Filling up the DagBag from /home/airflow/.local/lib/python3.12/site-packages/airflow/example_dags/example_kubernetes_executor.py
[2024-10-16T11:36:10.600+0000] {processor.py:925} INFO - DAG(s) 'example_kubernetes_executor' retrieved from /home/airflow/.local/lib/python3.12/site-packages/airflow/example_dags/example_kubernetes_executor.py
[2024-10-16T11:36:10.633+0000] {logging_mixin.py:190} INFO - [2024-10-16T11:36:10.633+0000] {dag.py:3239} INFO - Sync 1 DAGs
[2024-10-16T11:36:10.648+0000] {logging_mixin.py:190} INFO - [2024-10-16T11:36:10.648+0000] {dag.py:4180} INFO - Setting next_dagrun for example_kubernetes_executor to None, run_after=None
[2024-10-16T11:36:10.670+0000] {processor.py:208} INFO - Processing /home/airflow/.local/lib/python3.12/site-packages/airflow/example_dags/example_kubernetes_executor.py took 0.093 seconds
[2024-10-16T11:36:41.059+0000] {processor.py:186} INFO - Started process (PID=126419) to work on /home/airflow/.local/lib/python3.12/site-packages/airflow/example_dags/example_kubernetes_executor.py
[2024-10-16T11:36:41.060+0000] {processor.py:914} INFO - Processing file /home/airflow/.local/lib/python3.12/site-packages/airflow/example_dags/example_kubernetes_executor.py for tasks to queue
[2024-10-16T11:36:41.061+0000] {logging_mixin.py:190} INFO - [2024-10-16T11:36:41.061+0000] {dagbag.py:588} INFO - Filling up the DagBag from /home/airflow/.local/lib/python3.12/site-packages/airflow/example_dags/example_kubernetes_executor.py
[2024-10-16T11:36:41.079+0000] {processor.py:925} INFO - DAG(s) 'example_kubernetes_executor' retrieved from /home/airflow/.local/lib/python3.12/site-packages/airflow/example_dags/example_kubernetes_executor.py
[2024-10-16T11:36:41.124+0000] {logging_mixin.py:190} INFO - [2024-10-16T11:36:41.124+0000] {dag.py:3239} INFO - Sync 1 DAGs
[2024-10-16T11:36:41.139+0000] {logging_mixin.py:190} INFO - [2024-10-16T11:36:41.139+0000] {dag.py:4180} INFO - Setting next_dagrun for example_kubernetes_executor to None, run_after=None
[2024-10-16T11:36:41.158+0000] {processor.py:208} INFO - Processing /home/airflow/.local/lib/python3.12/site-packages/airflow/example_dags/example_kubernetes_executor.py took 0.104 seconds
[2024-10-16T11:37:11.525+0000] {processor.py:186} INFO - Started process (PID=126482) to work on /home/airflow/.local/lib/python3.12/site-packages/airflow/example_dags/example_kubernetes_executor.py
[2024-10-16T11:37:11.526+0000] {processor.py:914} INFO - Processing file /home/airflow/.local/lib/python3.12/site-packages/airflow/example_dags/example_kubernetes_executor.py for tasks to queue
[2024-10-16T11:37:11.527+0000] {logging_mixin.py:190} INFO - [2024-10-16T11:37:11.527+0000] {dagbag.py:588} INFO - Filling up the DagBag from /home/airflow/.local/lib/python3.12/site-packages/airflow/example_dags/example_kubernetes_executor.py
[2024-10-16T11:37:11.541+0000] {processor.py:925} INFO - DAG(s) 'example_kubernetes_executor' retrieved from /home/airflow/.local/lib/python3.12/site-packages/airflow/example_dags/example_kubernetes_executor.py
[2024-10-16T11:37:11.576+0000] {logging_mixin.py:190} INFO - [2024-10-16T11:37:11.576+0000] {dag.py:3239} INFO - Sync 1 DAGs
[2024-10-16T11:37:11.591+0000] {logging_mixin.py:190} INFO - [2024-10-16T11:37:11.590+0000] {dag.py:4180} INFO - Setting next_dagrun for example_kubernetes_executor to None, run_after=None
[2024-10-16T11:37:11.608+0000] {processor.py:208} INFO - Processing /home/airflow/.local/lib/python3.12/site-packages/airflow/example_dags/example_kubernetes_executor.py took 0.088 seconds
[2024-10-16T11:37:42.207+0000] {processor.py:186} INFO - Started process (PID=126545) to work on /home/airflow/.local/lib/python3.12/site-packages/airflow/example_dags/example_kubernetes_executor.py
[2024-10-16T11:37:42.208+0000] {processor.py:914} INFO - Processing file /home/airflow/.local/lib/python3.12/site-packages/airflow/example_dags/example_kubernetes_executor.py for tasks to queue
[2024-10-16T11:37:42.210+0000] {logging_mixin.py:190} INFO - [2024-10-16T11:37:42.210+0000] {dagbag.py:588} INFO - Filling up the DagBag from /home/airflow/.local/lib/python3.12/site-packages/airflow/example_dags/example_kubernetes_executor.py
[2024-10-16T11:37:42.229+0000] {processor.py:925} INFO - DAG(s) 'example_kubernetes_executor' retrieved from /home/airflow/.local/lib/python3.12/site-packages/airflow/example_dags/example_kubernetes_executor.py
[2024-10-16T11:37:42.269+0000] {logging_mixin.py:190} INFO - [2024-10-16T11:37:42.268+0000] {dag.py:3239} INFO - Sync 1 DAGs
[2024-10-16T11:37:42.288+0000] {logging_mixin.py:190} INFO - [2024-10-16T11:37:42.288+0000] {dag.py:4180} INFO - Setting next_dagrun for example_kubernetes_executor to None, run_after=None
[2024-10-16T11:37:42.309+0000] {processor.py:208} INFO - Processing /home/airflow/.local/lib/python3.12/site-packages/airflow/example_dags/example_kubernetes_executor.py took 0.109 seconds
[2024-10-16T11:38:12.737+0000] {processor.py:186} INFO - Started process (PID=126608) to work on /home/airflow/.local/lib/python3.12/site-packages/airflow/example_dags/example_kubernetes_executor.py
[2024-10-16T11:38:12.739+0000] {processor.py:914} INFO - Processing file /home/airflow/.local/lib/python3.12/site-packages/airflow/example_dags/example_kubernetes_executor.py for tasks to queue
[2024-10-16T11:38:12.740+0000] {logging_mixin.py:190} INFO - [2024-10-16T11:38:12.740+0000] {dagbag.py:588} INFO - Filling up the DagBag from /home/airflow/.local/lib/python3.12/site-packages/airflow/example_dags/example_kubernetes_executor.py
[2024-10-16T11:38:12.758+0000] {processor.py:925} INFO - DAG(s) 'example_kubernetes_executor' retrieved from /home/airflow/.local/lib/python3.12/site-packages/airflow/example_dags/example_kubernetes_executor.py
[2024-10-16T11:38:12.802+0000] {logging_mixin.py:190} INFO - [2024-10-16T11:38:12.802+0000] {dag.py:3239} INFO - Sync 1 DAGs
[2024-10-16T11:38:12.820+0000] {logging_mixin.py:190} INFO - [2024-10-16T11:38:12.819+0000] {dag.py:4180} INFO - Setting next_dagrun for example_kubernetes_executor to None, run_after=None
[2024-10-16T11:38:12.842+0000] {processor.py:208} INFO - Processing /home/airflow/.local/lib/python3.12/site-packages/airflow/example_dags/example_kubernetes_executor.py took 0.112 seconds
[2024-10-16T11:38:43.103+0000] {processor.py:186} INFO - Started process (PID=126672) to work on /home/airflow/.local/lib/python3.12/site-packages/airflow/example_dags/example_kubernetes_executor.py
[2024-10-16T11:38:43.104+0000] {processor.py:914} INFO - Processing file /home/airflow/.local/lib/python3.12/site-packages/airflow/example_dags/example_kubernetes_executor.py for tasks to queue
[2024-10-16T11:38:43.106+0000] {logging_mixin.py:190} INFO - [2024-10-16T11:38:43.105+0000] {dagbag.py:588} INFO - Filling up the DagBag from /home/airflow/.local/lib/python3.12/site-packages/airflow/example_dags/example_kubernetes_executor.py
[2024-10-16T11:38:43.122+0000] {processor.py:925} INFO - DAG(s) 'example_kubernetes_executor' retrieved from /home/airflow/.local/lib/python3.12/site-packages/airflow/example_dags/example_kubernetes_executor.py
[2024-10-16T11:38:43.160+0000] {logging_mixin.py:190} INFO - [2024-10-16T11:38:43.160+0000] {dag.py:3239} INFO - Sync 1 DAGs
[2024-10-16T11:38:43.178+0000] {logging_mixin.py:190} INFO - [2024-10-16T11:38:43.178+0000] {dag.py:4180} INFO - Setting next_dagrun for example_kubernetes_executor to None, run_after=None
[2024-10-16T11:38:43.200+0000] {processor.py:208} INFO - Processing /home/airflow/.local/lib/python3.12/site-packages/airflow/example_dags/example_kubernetes_executor.py took 0.103 seconds
[2024-10-16T11:39:14.023+0000] {processor.py:186} INFO - Started process (PID=126734) to work on /home/airflow/.local/lib/python3.12/site-packages/airflow/example_dags/example_kubernetes_executor.py
[2024-10-16T11:39:14.024+0000] {processor.py:914} INFO - Processing file /home/airflow/.local/lib/python3.12/site-packages/airflow/example_dags/example_kubernetes_executor.py for tasks to queue
[2024-10-16T11:39:14.025+0000] {logging_mixin.py:190} INFO - [2024-10-16T11:39:14.025+0000] {dagbag.py:588} INFO - Filling up the DagBag from /home/airflow/.local/lib/python3.12/site-packages/airflow/example_dags/example_kubernetes_executor.py
[2024-10-16T11:39:14.042+0000] {processor.py:925} INFO - DAG(s) 'example_kubernetes_executor' retrieved from /home/airflow/.local/lib/python3.12/site-packages/airflow/example_dags/example_kubernetes_executor.py
[2024-10-16T11:39:14.083+0000] {logging_mixin.py:190} INFO - [2024-10-16T11:39:14.083+0000] {dag.py:3239} INFO - Sync 1 DAGs
[2024-10-16T11:39:14.099+0000] {logging_mixin.py:190} INFO - [2024-10-16T11:39:14.099+0000] {dag.py:4180} INFO - Setting next_dagrun for example_kubernetes_executor to None, run_after=None
[2024-10-16T11:39:14.120+0000] {processor.py:208} INFO - Processing /home/airflow/.local/lib/python3.12/site-packages/airflow/example_dags/example_kubernetes_executor.py took 0.104 seconds
[2024-10-16T11:39:44.851+0000] {processor.py:186} INFO - Started process (PID=126803) to work on /home/airflow/.local/lib/python3.12/site-packages/airflow/example_dags/example_kubernetes_executor.py
[2024-10-16T11:39:44.852+0000] {processor.py:914} INFO - Processing file /home/airflow/.local/lib/python3.12/site-packages/airflow/example_dags/example_kubernetes_executor.py for tasks to queue
[2024-10-16T11:39:44.853+0000] {logging_mixin.py:190} INFO - [2024-10-16T11:39:44.853+0000] {dagbag.py:588} INFO - Filling up the DagBag from /home/airflow/.local/lib/python3.12/site-packages/airflow/example_dags/example_kubernetes_executor.py
[2024-10-16T11:39:44.870+0000] {processor.py:925} INFO - DAG(s) 'example_kubernetes_executor' retrieved from /home/airflow/.local/lib/python3.12/site-packages/airflow/example_dags/example_kubernetes_executor.py
[2024-10-16T11:39:44.910+0000] {logging_mixin.py:190} INFO - [2024-10-16T11:39:44.910+0000] {dag.py:3239} INFO - Sync 1 DAGs
[2024-10-16T11:39:44.927+0000] {logging_mixin.py:190} INFO - [2024-10-16T11:39:44.926+0000] {dag.py:4180} INFO - Setting next_dagrun for example_kubernetes_executor to None, run_after=None
[2024-10-16T11:39:44.947+0000] {processor.py:208} INFO - Processing /home/airflow/.local/lib/python3.12/site-packages/airflow/example_dags/example_kubernetes_executor.py took 0.102 seconds
[2024-10-16T11:40:15.677+0000] {processor.py:186} INFO - Started process (PID=126865) to work on /home/airflow/.local/lib/python3.12/site-packages/airflow/example_dags/example_kubernetes_executor.py
[2024-10-16T11:40:15.678+0000] {processor.py:914} INFO - Processing file /home/airflow/.local/lib/python3.12/site-packages/airflow/example_dags/example_kubernetes_executor.py for tasks to queue
[2024-10-16T11:40:15.679+0000] {logging_mixin.py:190} INFO - [2024-10-16T11:40:15.679+0000] {dagbag.py:588} INFO - Filling up the DagBag from /home/airflow/.local/lib/python3.12/site-packages/airflow/example_dags/example_kubernetes_executor.py
[2024-10-16T11:40:15.695+0000] {processor.py:925} INFO - DAG(s) 'example_kubernetes_executor' retrieved from /home/airflow/.local/lib/python3.12/site-packages/airflow/example_dags/example_kubernetes_executor.py
[2024-10-16T11:40:15.734+0000] {logging_mixin.py:190} INFO - [2024-10-16T11:40:15.734+0000] {dag.py:3239} INFO - Sync 1 DAGs
[2024-10-16T11:40:15.750+0000] {logging_mixin.py:190} INFO - [2024-10-16T11:40:15.750+0000] {dag.py:4180} INFO - Setting next_dagrun for example_kubernetes_executor to None, run_after=None
[2024-10-16T11:40:15.770+0000] {processor.py:208} INFO - Processing /home/airflow/.local/lib/python3.12/site-packages/airflow/example_dags/example_kubernetes_executor.py took 0.101 seconds
[2024-10-16T11:40:46.069+0000] {processor.py:186} INFO - Started process (PID=126928) to work on /home/airflow/.local/lib/python3.12/site-packages/airflow/example_dags/example_kubernetes_executor.py
[2024-10-16T11:40:46.070+0000] {processor.py:914} INFO - Processing file /home/airflow/.local/lib/python3.12/site-packages/airflow/example_dags/example_kubernetes_executor.py for tasks to queue
[2024-10-16T11:40:46.072+0000] {logging_mixin.py:190} INFO - [2024-10-16T11:40:46.072+0000] {dagbag.py:588} INFO - Filling up the DagBag from /home/airflow/.local/lib/python3.12/site-packages/airflow/example_dags/example_kubernetes_executor.py
[2024-10-16T11:40:46.088+0000] {processor.py:925} INFO - DAG(s) 'example_kubernetes_executor' retrieved from /home/airflow/.local/lib/python3.12/site-packages/airflow/example_dags/example_kubernetes_executor.py
[2024-10-16T11:40:46.130+0000] {logging_mixin.py:190} INFO - [2024-10-16T11:40:46.129+0000] {dag.py:3239} INFO - Sync 1 DAGs
[2024-10-16T11:40:46.146+0000] {logging_mixin.py:190} INFO - [2024-10-16T11:40:46.145+0000] {dag.py:4180} INFO - Setting next_dagrun for example_kubernetes_executor to None, run_after=None
[2024-10-16T11:40:46.165+0000] {processor.py:208} INFO - Processing /home/airflow/.local/lib/python3.12/site-packages/airflow/example_dags/example_kubernetes_executor.py took 0.103 seconds
[2024-10-16T11:41:16.447+0000] {processor.py:186} INFO - Started process (PID=126991) to work on /home/airflow/.local/lib/python3.12/site-packages/airflow/example_dags/example_kubernetes_executor.py
[2024-10-16T11:41:16.449+0000] {processor.py:914} INFO - Processing file /home/airflow/.local/lib/python3.12/site-packages/airflow/example_dags/example_kubernetes_executor.py for tasks to queue
[2024-10-16T11:41:16.450+0000] {logging_mixin.py:190} INFO - [2024-10-16T11:41:16.450+0000] {dagbag.py:588} INFO - Filling up the DagBag from /home/airflow/.local/lib/python3.12/site-packages/airflow/example_dags/example_kubernetes_executor.py
[2024-10-16T11:41:16.466+0000] {processor.py:925} INFO - DAG(s) 'example_kubernetes_executor' retrieved from /home/airflow/.local/lib/python3.12/site-packages/airflow/example_dags/example_kubernetes_executor.py
[2024-10-16T11:41:16.503+0000] {logging_mixin.py:190} INFO - [2024-10-16T11:41:16.502+0000] {dag.py:3239} INFO - Sync 1 DAGs
[2024-10-16T11:41:16.520+0000] {logging_mixin.py:190} INFO - [2024-10-16T11:41:16.520+0000] {dag.py:4180} INFO - Setting next_dagrun for example_kubernetes_executor to None, run_after=None
[2024-10-16T11:41:16.552+0000] {processor.py:208} INFO - Processing /home/airflow/.local/lib/python3.12/site-packages/airflow/example_dags/example_kubernetes_executor.py took 0.111 seconds
[2024-10-16T11:41:47.398+0000] {processor.py:186} INFO - Started process (PID=127054) to work on /home/airflow/.local/lib/python3.12/site-packages/airflow/example_dags/example_kubernetes_executor.py
[2024-10-16T11:41:47.399+0000] {processor.py:914} INFO - Processing file /home/airflow/.local/lib/python3.12/site-packages/airflow/example_dags/example_kubernetes_executor.py for tasks to queue
[2024-10-16T11:41:47.400+0000] {logging_mixin.py:190} INFO - [2024-10-16T11:41:47.400+0000] {dagbag.py:588} INFO - Filling up the DagBag from /home/airflow/.local/lib/python3.12/site-packages/airflow/example_dags/example_kubernetes_executor.py
[2024-10-16T11:41:47.418+0000] {processor.py:925} INFO - DAG(s) 'example_kubernetes_executor' retrieved from /home/airflow/.local/lib/python3.12/site-packages/airflow/example_dags/example_kubernetes_executor.py
[2024-10-16T11:41:47.458+0000] {logging_mixin.py:190} INFO - [2024-10-16T11:41:47.457+0000] {dag.py:3239} INFO - Sync 1 DAGs
[2024-10-16T11:41:47.476+0000] {logging_mixin.py:190} INFO - [2024-10-16T11:41:47.475+0000] {dag.py:4180} INFO - Setting next_dagrun for example_kubernetes_executor to None, run_after=None
[2024-10-16T11:41:47.495+0000] {processor.py:208} INFO - Processing /home/airflow/.local/lib/python3.12/site-packages/airflow/example_dags/example_kubernetes_executor.py took 0.104 seconds
[2024-10-16T11:42:18.443+0000] {processor.py:186} INFO - Started process (PID=127117) to work on /home/airflow/.local/lib/python3.12/site-packages/airflow/example_dags/example_kubernetes_executor.py
[2024-10-16T11:42:18.444+0000] {processor.py:914} INFO - Processing file /home/airflow/.local/lib/python3.12/site-packages/airflow/example_dags/example_kubernetes_executor.py for tasks to queue
[2024-10-16T11:42:18.446+0000] {logging_mixin.py:190} INFO - [2024-10-16T11:42:18.445+0000] {dagbag.py:588} INFO - Filling up the DagBag from /home/airflow/.local/lib/python3.12/site-packages/airflow/example_dags/example_kubernetes_executor.py
[2024-10-16T11:42:18.461+0000] {processor.py:925} INFO - DAG(s) 'example_kubernetes_executor' retrieved from /home/airflow/.local/lib/python3.12/site-packages/airflow/example_dags/example_kubernetes_executor.py
[2024-10-16T11:42:18.497+0000] {logging_mixin.py:190} INFO - [2024-10-16T11:42:18.497+0000] {dag.py:3239} INFO - Sync 1 DAGs
[2024-10-16T11:42:18.515+0000] {logging_mixin.py:190} INFO - [2024-10-16T11:42:18.515+0000] {dag.py:4180} INFO - Setting next_dagrun for example_kubernetes_executor to None, run_after=None
[2024-10-16T11:42:18.538+0000] {processor.py:208} INFO - Processing /home/airflow/.local/lib/python3.12/site-packages/airflow/example_dags/example_kubernetes_executor.py took 0.101 seconds
[2024-10-16T11:42:49.093+0000] {processor.py:186} INFO - Started process (PID=127180) to work on /home/airflow/.local/lib/python3.12/site-packages/airflow/example_dags/example_kubernetes_executor.py
[2024-10-16T11:42:49.094+0000] {processor.py:914} INFO - Processing file /home/airflow/.local/lib/python3.12/site-packages/airflow/example_dags/example_kubernetes_executor.py for tasks to queue
[2024-10-16T11:42:49.096+0000] {logging_mixin.py:190} INFO - [2024-10-16T11:42:49.096+0000] {dagbag.py:588} INFO - Filling up the DagBag from /home/airflow/.local/lib/python3.12/site-packages/airflow/example_dags/example_kubernetes_executor.py
[2024-10-16T11:42:49.114+0000] {processor.py:925} INFO - DAG(s) 'example_kubernetes_executor' retrieved from /home/airflow/.local/lib/python3.12/site-packages/airflow/example_dags/example_kubernetes_executor.py
[2024-10-16T11:42:49.157+0000] {logging_mixin.py:190} INFO - [2024-10-16T11:42:49.156+0000] {dag.py:3239} INFO - Sync 1 DAGs
[2024-10-16T11:42:49.173+0000] {logging_mixin.py:190} INFO - [2024-10-16T11:42:49.172+0000] {dag.py:4180} INFO - Setting next_dagrun for example_kubernetes_executor to None, run_after=None
[2024-10-16T11:42:49.214+0000] {processor.py:208} INFO - Processing /home/airflow/.local/lib/python3.12/site-packages/airflow/example_dags/example_kubernetes_executor.py took 0.135 seconds
[2024-10-16T11:43:19.448+0000] {processor.py:186} INFO - Started process (PID=127243) to work on /home/airflow/.local/lib/python3.12/site-packages/airflow/example_dags/example_kubernetes_executor.py
[2024-10-16T11:43:19.449+0000] {processor.py:914} INFO - Processing file /home/airflow/.local/lib/python3.12/site-packages/airflow/example_dags/example_kubernetes_executor.py for tasks to queue
[2024-10-16T11:43:19.451+0000] {logging_mixin.py:190} INFO - [2024-10-16T11:43:19.450+0000] {dagbag.py:588} INFO - Filling up the DagBag from /home/airflow/.local/lib/python3.12/site-packages/airflow/example_dags/example_kubernetes_executor.py
[2024-10-16T11:43:19.468+0000] {processor.py:925} INFO - DAG(s) 'example_kubernetes_executor' retrieved from /home/airflow/.local/lib/python3.12/site-packages/airflow/example_dags/example_kubernetes_executor.py
[2024-10-16T11:43:19.506+0000] {logging_mixin.py:190} INFO - [2024-10-16T11:43:19.506+0000] {dag.py:3239} INFO - Sync 1 DAGs
[2024-10-16T11:43:19.522+0000] {logging_mixin.py:190} INFO - [2024-10-16T11:43:19.522+0000] {dag.py:4180} INFO - Setting next_dagrun for example_kubernetes_executor to None, run_after=None
[2024-10-16T11:43:19.542+0000] {processor.py:208} INFO - Processing /home/airflow/.local/lib/python3.12/site-packages/airflow/example_dags/example_kubernetes_executor.py took 0.102 seconds
[2024-10-16T11:43:50.054+0000] {processor.py:186} INFO - Started process (PID=127306) to work on /home/airflow/.local/lib/python3.12/site-packages/airflow/example_dags/example_kubernetes_executor.py
[2024-10-16T11:43:50.056+0000] {processor.py:914} INFO - Processing file /home/airflow/.local/lib/python3.12/site-packages/airflow/example_dags/example_kubernetes_executor.py for tasks to queue
[2024-10-16T11:43:50.057+0000] {logging_mixin.py:190} INFO - [2024-10-16T11:43:50.057+0000] {dagbag.py:588} INFO - Filling up the DagBag from /home/airflow/.local/lib/python3.12/site-packages/airflow/example_dags/example_kubernetes_executor.py
[2024-10-16T11:43:50.073+0000] {processor.py:925} INFO - DAG(s) 'example_kubernetes_executor' retrieved from /home/airflow/.local/lib/python3.12/site-packages/airflow/example_dags/example_kubernetes_executor.py
[2024-10-16T11:43:50.110+0000] {logging_mixin.py:190} INFO - [2024-10-16T11:43:50.110+0000] {dag.py:3239} INFO - Sync 1 DAGs
[2024-10-16T11:43:50.132+0000] {logging_mixin.py:190} INFO - [2024-10-16T11:43:50.132+0000] {dag.py:4180} INFO - Setting next_dagrun for example_kubernetes_executor to None, run_after=None
[2024-10-16T11:43:50.153+0000] {processor.py:208} INFO - Processing /home/airflow/.local/lib/python3.12/site-packages/airflow/example_dags/example_kubernetes_executor.py took 0.105 seconds
[2024-10-16T11:44:21.356+0000] {processor.py:186} INFO - Started process (PID=127370) to work on /home/airflow/.local/lib/python3.12/site-packages/airflow/example_dags/example_kubernetes_executor.py
[2024-10-16T11:44:21.357+0000] {processor.py:914} INFO - Processing file /home/airflow/.local/lib/python3.12/site-packages/airflow/example_dags/example_kubernetes_executor.py for tasks to queue
[2024-10-16T11:44:21.358+0000] {logging_mixin.py:190} INFO - [2024-10-16T11:44:21.358+0000] {dagbag.py:588} INFO - Filling up the DagBag from /home/airflow/.local/lib/python3.12/site-packages/airflow/example_dags/example_kubernetes_executor.py
[2024-10-16T11:44:21.374+0000] {processor.py:925} INFO - DAG(s) 'example_kubernetes_executor' retrieved from /home/airflow/.local/lib/python3.12/site-packages/airflow/example_dags/example_kubernetes_executor.py
[2024-10-16T11:44:21.414+0000] {logging_mixin.py:190} INFO - [2024-10-16T11:44:21.413+0000] {dag.py:3239} INFO - Sync 1 DAGs
[2024-10-16T11:44:21.431+0000] {logging_mixin.py:190} INFO - [2024-10-16T11:44:21.430+0000] {dag.py:4180} INFO - Setting next_dagrun for example_kubernetes_executor to None, run_after=None
[2024-10-16T11:44:21.452+0000] {processor.py:208} INFO - Processing /home/airflow/.local/lib/python3.12/site-packages/airflow/example_dags/example_kubernetes_executor.py took 0.102 seconds
[2024-10-16T11:44:51.813+0000] {processor.py:186} INFO - Started process (PID=127433) to work on /home/airflow/.local/lib/python3.12/site-packages/airflow/example_dags/example_kubernetes_executor.py
[2024-10-16T11:44:51.814+0000] {processor.py:914} INFO - Processing file /home/airflow/.local/lib/python3.12/site-packages/airflow/example_dags/example_kubernetes_executor.py for tasks to queue
[2024-10-16T11:44:51.816+0000] {logging_mixin.py:190} INFO - [2024-10-16T11:44:51.815+0000] {dagbag.py:588} INFO - Filling up the DagBag from /home/airflow/.local/lib/python3.12/site-packages/airflow/example_dags/example_kubernetes_executor.py
[2024-10-16T11:44:51.832+0000] {processor.py:925} INFO - DAG(s) 'example_kubernetes_executor' retrieved from /home/airflow/.local/lib/python3.12/site-packages/airflow/example_dags/example_kubernetes_executor.py
[2024-10-16T11:44:51.877+0000] {logging_mixin.py:190} INFO - [2024-10-16T11:44:51.876+0000] {dag.py:3239} INFO - Sync 1 DAGs
[2024-10-16T11:44:51.895+0000] {logging_mixin.py:190} INFO - [2024-10-16T11:44:51.895+0000] {dag.py:4180} INFO - Setting next_dagrun for example_kubernetes_executor to None, run_after=None
[2024-10-16T11:44:51.918+0000] {processor.py:208} INFO - Processing /home/airflow/.local/lib/python3.12/site-packages/airflow/example_dags/example_kubernetes_executor.py took 0.111 seconds
[2024-10-16T11:45:23.423+0000] {processor.py:186} INFO - Started process (PID=127496) to work on /home/airflow/.local/lib/python3.12/site-packages/airflow/example_dags/example_kubernetes_executor.py
[2024-10-16T11:45:23.424+0000] {processor.py:914} INFO - Processing file /home/airflow/.local/lib/python3.12/site-packages/airflow/example_dags/example_kubernetes_executor.py for tasks to queue
[2024-10-16T11:45:23.426+0000] {logging_mixin.py:190} INFO - [2024-10-16T11:45:23.425+0000] {dagbag.py:588} INFO - Filling up the DagBag from /home/airflow/.local/lib/python3.12/site-packages/airflow/example_dags/example_kubernetes_executor.py
[2024-10-16T11:45:23.446+0000] {processor.py:925} INFO - DAG(s) 'example_kubernetes_executor' retrieved from /home/airflow/.local/lib/python3.12/site-packages/airflow/example_dags/example_kubernetes_executor.py
[2024-10-16T11:45:23.492+0000] {logging_mixin.py:190} INFO - [2024-10-16T11:45:23.492+0000] {dag.py:3239} INFO - Sync 1 DAGs
[2024-10-16T11:45:23.510+0000] {logging_mixin.py:190} INFO - [2024-10-16T11:45:23.510+0000] {dag.py:4180} INFO - Setting next_dagrun for example_kubernetes_executor to None, run_after=None
[2024-10-16T11:45:23.534+0000] {processor.py:208} INFO - Processing /home/airflow/.local/lib/python3.12/site-packages/airflow/example_dags/example_kubernetes_executor.py took 0.118 seconds
[2024-10-16T11:45:55.800+0000] {processor.py:186} INFO - Started process (PID=127560) to work on /home/airflow/.local/lib/python3.12/site-packages/airflow/example_dags/example_kubernetes_executor.py
[2024-10-16T11:45:55.801+0000] {processor.py:914} INFO - Processing file /home/airflow/.local/lib/python3.12/site-packages/airflow/example_dags/example_kubernetes_executor.py for tasks to queue
[2024-10-16T11:45:55.803+0000] {logging_mixin.py:190} INFO - [2024-10-16T11:45:55.802+0000] {dagbag.py:588} INFO - Filling up the DagBag from /home/airflow/.local/lib/python3.12/site-packages/airflow/example_dags/example_kubernetes_executor.py
[2024-10-16T11:45:55.823+0000] {processor.py:925} INFO - DAG(s) 'example_kubernetes_executor' retrieved from /home/airflow/.local/lib/python3.12/site-packages/airflow/example_dags/example_kubernetes_executor.py
[2024-10-16T11:45:55.881+0000] {logging_mixin.py:190} INFO - [2024-10-16T11:45:55.881+0000] {dag.py:3239} INFO - Sync 1 DAGs
[2024-10-16T11:45:55.905+0000] {logging_mixin.py:190} INFO - [2024-10-16T11:45:55.905+0000] {dag.py:4180} INFO - Setting next_dagrun for example_kubernetes_executor to None, run_after=None
[2024-10-16T11:45:55.933+0000] {processor.py:208} INFO - Processing /home/airflow/.local/lib/python3.12/site-packages/airflow/example_dags/example_kubernetes_executor.py took 0.141 seconds
