[2024-10-16T11:29:53.578+0000] {processor.py:186} INFO - Started process (PID=125576) to work on /home/airflow/.local/lib/python3.12/site-packages/airflow/example_dags/example_workday_timetable.py
[2024-10-16T11:29:53.598+0000] {processor.py:914} INFO - Processing file /home/airflow/.local/lib/python3.12/site-packages/airflow/example_dags/example_workday_timetable.py for tasks to queue
[2024-10-16T11:29:53.610+0000] {logging_mixin.py:190} INFO - [2024-10-16T11:29:53.607+0000] {dagbag.py:588} INFO - Filling up the DagBag from /home/airflow/.local/lib/python3.12/site-packages/airflow/example_dags/example_workday_timetable.py
[2024-10-16T11:29:53.656+0000] {processor.py:925} INFO - DAG(s) 'example_workday_timetable' retrieved from /home/airflow/.local/lib/python3.12/site-packages/airflow/example_dags/example_workday_timetable.py
[2024-10-16T11:29:53.812+0000] {logging_mixin.py:190} INFO - [2024-10-16T11:29:53.800+0000] {dag.py:3239} INFO - Sync 1 DAGs
[2024-10-16T11:29:54.433+0000] {logging_mixin.py:190} INFO - [2024-10-16T11:29:54.432+0000] {dag.py:4180} INFO - Setting next_dagrun for example_workday_timetable to 2021-01-04 00:00:00+00:00, run_after=2021-01-05 00:00:00+00:00
[2024-10-16T11:29:54.587+0000] {processor.py:208} INFO - Processing /home/airflow/.local/lib/python3.12/site-packages/airflow/example_dags/example_workday_timetable.py took 1.053 seconds
[2024-10-16T11:30:24.756+0000] {processor.py:186} INFO - Started process (PID=125640) to work on /home/airflow/.local/lib/python3.12/site-packages/airflow/example_dags/example_workday_timetable.py
[2024-10-16T11:30:24.757+0000] {processor.py:914} INFO - Processing file /home/airflow/.local/lib/python3.12/site-packages/airflow/example_dags/example_workday_timetable.py for tasks to queue
[2024-10-16T11:30:24.759+0000] {logging_mixin.py:190} INFO - [2024-10-16T11:30:24.758+0000] {dagbag.py:588} INFO - Filling up the DagBag from /home/airflow/.local/lib/python3.12/site-packages/airflow/example_dags/example_workday_timetable.py
[2024-10-16T11:30:24.768+0000] {processor.py:925} INFO - DAG(s) 'example_workday_timetable' retrieved from /home/airflow/.local/lib/python3.12/site-packages/airflow/example_dags/example_workday_timetable.py
[2024-10-16T11:30:24.804+0000] {logging_mixin.py:190} INFO - [2024-10-16T11:30:24.804+0000] {dag.py:3239} INFO - Sync 1 DAGs
[2024-10-16T11:30:24.922+0000] {logging_mixin.py:190} INFO - [2024-10-16T11:30:24.922+0000] {dag.py:4180} INFO - Setting next_dagrun for example_workday_timetable to 2021-01-04 00:00:00+00:00, run_after=2021-01-05 00:00:00+00:00
[2024-10-16T11:30:24.979+0000] {processor.py:208} INFO - Processing /home/airflow/.local/lib/python3.12/site-packages/airflow/example_dags/example_workday_timetable.py took 0.229 seconds
[2024-10-16T11:30:55.523+0000] {processor.py:186} INFO - Started process (PID=125703) to work on /home/airflow/.local/lib/python3.12/site-packages/airflow/example_dags/example_workday_timetable.py
[2024-10-16T11:30:55.524+0000] {processor.py:914} INFO - Processing file /home/airflow/.local/lib/python3.12/site-packages/airflow/example_dags/example_workday_timetable.py for tasks to queue
[2024-10-16T11:30:55.525+0000] {logging_mixin.py:190} INFO - [2024-10-16T11:30:55.525+0000] {dagbag.py:588} INFO - Filling up the DagBag from /home/airflow/.local/lib/python3.12/site-packages/airflow/example_dags/example_workday_timetable.py
[2024-10-16T11:30:55.530+0000] {processor.py:925} INFO - DAG(s) 'example_workday_timetable' retrieved from /home/airflow/.local/lib/python3.12/site-packages/airflow/example_dags/example_workday_timetable.py
[2024-10-16T11:30:55.548+0000] {logging_mixin.py:190} INFO - [2024-10-16T11:30:55.547+0000] {dag.py:3239} INFO - Sync 1 DAGs
[2024-10-16T11:30:55.609+0000] {logging_mixin.py:190} INFO - [2024-10-16T11:30:55.609+0000] {dag.py:4180} INFO - Setting next_dagrun for example_workday_timetable to 2021-01-04 00:00:00+00:00, run_after=2021-01-05 00:00:00+00:00
[2024-10-16T11:30:55.627+0000] {processor.py:208} INFO - Processing /home/airflow/.local/lib/python3.12/site-packages/airflow/example_dags/example_workday_timetable.py took 0.109 seconds
[2024-10-16T11:31:26.342+0000] {processor.py:186} INFO - Started process (PID=125766) to work on /home/airflow/.local/lib/python3.12/site-packages/airflow/example_dags/example_workday_timetable.py
[2024-10-16T11:31:26.343+0000] {processor.py:914} INFO - Processing file /home/airflow/.local/lib/python3.12/site-packages/airflow/example_dags/example_workday_timetable.py for tasks to queue
[2024-10-16T11:31:26.344+0000] {logging_mixin.py:190} INFO - [2024-10-16T11:31:26.343+0000] {dagbag.py:588} INFO - Filling up the DagBag from /home/airflow/.local/lib/python3.12/site-packages/airflow/example_dags/example_workday_timetable.py
[2024-10-16T11:31:26.349+0000] {processor.py:925} INFO - DAG(s) 'example_workday_timetable' retrieved from /home/airflow/.local/lib/python3.12/site-packages/airflow/example_dags/example_workday_timetable.py
[2024-10-16T11:31:26.371+0000] {logging_mixin.py:190} INFO - [2024-10-16T11:31:26.371+0000] {dag.py:3239} INFO - Sync 1 DAGs
[2024-10-16T11:31:26.437+0000] {logging_mixin.py:190} INFO - [2024-10-16T11:31:26.437+0000] {dag.py:4180} INFO - Setting next_dagrun for example_workday_timetable to 2021-01-04 00:00:00+00:00, run_after=2021-01-05 00:00:00+00:00
[2024-10-16T11:31:26.456+0000] {processor.py:208} INFO - Processing /home/airflow/.local/lib/python3.12/site-packages/airflow/example_dags/example_workday_timetable.py took 0.120 seconds
[2024-10-16T11:31:56.866+0000] {processor.py:186} INFO - Started process (PID=125829) to work on /home/airflow/.local/lib/python3.12/site-packages/airflow/example_dags/example_workday_timetable.py
[2024-10-16T11:31:56.867+0000] {processor.py:914} INFO - Processing file /home/airflow/.local/lib/python3.12/site-packages/airflow/example_dags/example_workday_timetable.py for tasks to queue
[2024-10-16T11:31:56.871+0000] {logging_mixin.py:190} INFO - [2024-10-16T11:31:56.869+0000] {dagbag.py:588} INFO - Filling up the DagBag from /home/airflow/.local/lib/python3.12/site-packages/airflow/example_dags/example_workday_timetable.py
[2024-10-16T11:31:56.897+0000] {processor.py:925} INFO - DAG(s) 'example_workday_timetable' retrieved from /home/airflow/.local/lib/python3.12/site-packages/airflow/example_dags/example_workday_timetable.py
[2024-10-16T11:31:56.935+0000] {logging_mixin.py:190} INFO - [2024-10-16T11:31:56.935+0000] {dag.py:3239} INFO - Sync 1 DAGs
[2024-10-16T11:31:57.248+0000] {logging_mixin.py:190} INFO - [2024-10-16T11:31:57.248+0000] {dag.py:4180} INFO - Setting next_dagrun for example_workday_timetable to 2021-01-04 00:00:00+00:00, run_after=2021-01-05 00:00:00+00:00
[2024-10-16T11:31:57.338+0000] {processor.py:208} INFO - Processing /home/airflow/.local/lib/python3.12/site-packages/airflow/example_dags/example_workday_timetable.py took 0.478 seconds
[2024-10-16T11:32:27.445+0000] {processor.py:186} INFO - Started process (PID=125892) to work on /home/airflow/.local/lib/python3.12/site-packages/airflow/example_dags/example_workday_timetable.py
[2024-10-16T11:32:27.446+0000] {processor.py:914} INFO - Processing file /home/airflow/.local/lib/python3.12/site-packages/airflow/example_dags/example_workday_timetable.py for tasks to queue
[2024-10-16T11:32:27.447+0000] {logging_mixin.py:190} INFO - [2024-10-16T11:32:27.447+0000] {dagbag.py:588} INFO - Filling up the DagBag from /home/airflow/.local/lib/python3.12/site-packages/airflow/example_dags/example_workday_timetable.py
[2024-10-16T11:32:27.452+0000] {processor.py:925} INFO - DAG(s) 'example_workday_timetable' retrieved from /home/airflow/.local/lib/python3.12/site-packages/airflow/example_dags/example_workday_timetable.py
[2024-10-16T11:32:27.471+0000] {logging_mixin.py:190} INFO - [2024-10-16T11:32:27.471+0000] {dag.py:3239} INFO - Sync 1 DAGs
[2024-10-16T11:32:27.529+0000] {logging_mixin.py:190} INFO - [2024-10-16T11:32:27.529+0000] {dag.py:4180} INFO - Setting next_dagrun for example_workday_timetable to 2021-01-04 00:00:00+00:00, run_after=2021-01-05 00:00:00+00:00
[2024-10-16T11:32:27.549+0000] {processor.py:208} INFO - Processing /home/airflow/.local/lib/python3.12/site-packages/airflow/example_dags/example_workday_timetable.py took 0.109 seconds
[2024-10-16T11:32:57.811+0000] {processor.py:186} INFO - Started process (PID=125955) to work on /home/airflow/.local/lib/python3.12/site-packages/airflow/example_dags/example_workday_timetable.py
[2024-10-16T11:32:57.812+0000] {processor.py:914} INFO - Processing file /home/airflow/.local/lib/python3.12/site-packages/airflow/example_dags/example_workday_timetable.py for tasks to queue
[2024-10-16T11:32:57.813+0000] {logging_mixin.py:190} INFO - [2024-10-16T11:32:57.813+0000] {dagbag.py:588} INFO - Filling up the DagBag from /home/airflow/.local/lib/python3.12/site-packages/airflow/example_dags/example_workday_timetable.py
[2024-10-16T11:32:57.818+0000] {processor.py:925} INFO - DAG(s) 'example_workday_timetable' retrieved from /home/airflow/.local/lib/python3.12/site-packages/airflow/example_dags/example_workday_timetable.py
[2024-10-16T11:32:57.836+0000] {logging_mixin.py:190} INFO - [2024-10-16T11:32:57.836+0000] {dag.py:3239} INFO - Sync 1 DAGs
[2024-10-16T11:32:57.894+0000] {logging_mixin.py:190} INFO - [2024-10-16T11:32:57.894+0000] {dag.py:4180} INFO - Setting next_dagrun for example_workday_timetable to 2021-01-04 00:00:00+00:00, run_after=2021-01-05 00:00:00+00:00
[2024-10-16T11:32:57.911+0000] {processor.py:208} INFO - Processing /home/airflow/.local/lib/python3.12/site-packages/airflow/example_dags/example_workday_timetable.py took 0.106 seconds
[2024-10-16T11:33:28.128+0000] {processor.py:186} INFO - Started process (PID=126018) to work on /home/airflow/.local/lib/python3.12/site-packages/airflow/example_dags/example_workday_timetable.py
[2024-10-16T11:33:28.129+0000] {processor.py:914} INFO - Processing file /home/airflow/.local/lib/python3.12/site-packages/airflow/example_dags/example_workday_timetable.py for tasks to queue
[2024-10-16T11:33:28.131+0000] {logging_mixin.py:190} INFO - [2024-10-16T11:33:28.130+0000] {dagbag.py:588} INFO - Filling up the DagBag from /home/airflow/.local/lib/python3.12/site-packages/airflow/example_dags/example_workday_timetable.py
[2024-10-16T11:33:28.138+0000] {processor.py:925} INFO - DAG(s) 'example_workday_timetable' retrieved from /home/airflow/.local/lib/python3.12/site-packages/airflow/example_dags/example_workday_timetable.py
[2024-10-16T11:33:28.157+0000] {logging_mixin.py:190} INFO - [2024-10-16T11:33:28.156+0000] {dag.py:3239} INFO - Sync 1 DAGs
[2024-10-16T11:33:28.216+0000] {logging_mixin.py:190} INFO - [2024-10-16T11:33:28.216+0000] {dag.py:4180} INFO - Setting next_dagrun for example_workday_timetable to 2021-01-04 00:00:00+00:00, run_after=2021-01-05 00:00:00+00:00
[2024-10-16T11:33:28.233+0000] {processor.py:208} INFO - Processing /home/airflow/.local/lib/python3.12/site-packages/airflow/example_dags/example_workday_timetable.py took 0.109 seconds
[2024-10-16T11:33:58.349+0000] {processor.py:186} INFO - Started process (PID=126081) to work on /home/airflow/.local/lib/python3.12/site-packages/airflow/example_dags/example_workday_timetable.py
[2024-10-16T11:33:58.351+0000] {processor.py:914} INFO - Processing file /home/airflow/.local/lib/python3.12/site-packages/airflow/example_dags/example_workday_timetable.py for tasks to queue
[2024-10-16T11:33:58.353+0000] {logging_mixin.py:190} INFO - [2024-10-16T11:33:58.352+0000] {dagbag.py:588} INFO - Filling up the DagBag from /home/airflow/.local/lib/python3.12/site-packages/airflow/example_dags/example_workday_timetable.py
[2024-10-16T11:33:58.361+0000] {processor.py:925} INFO - DAG(s) 'example_workday_timetable' retrieved from /home/airflow/.local/lib/python3.12/site-packages/airflow/example_dags/example_workday_timetable.py
[2024-10-16T11:33:58.397+0000] {logging_mixin.py:190} INFO - [2024-10-16T11:33:58.397+0000] {dag.py:3239} INFO - Sync 1 DAGs
[2024-10-16T11:33:58.541+0000] {logging_mixin.py:190} INFO - [2024-10-16T11:33:58.541+0000] {dag.py:4180} INFO - Setting next_dagrun for example_workday_timetable to 2021-01-04 00:00:00+00:00, run_after=2021-01-05 00:00:00+00:00
[2024-10-16T11:33:58.572+0000] {processor.py:208} INFO - Processing /home/airflow/.local/lib/python3.12/site-packages/airflow/example_dags/example_workday_timetable.py took 0.232 seconds
[2024-10-16T11:34:28.764+0000] {processor.py:186} INFO - Started process (PID=126145) to work on /home/airflow/.local/lib/python3.12/site-packages/airflow/example_dags/example_workday_timetable.py
[2024-10-16T11:34:28.765+0000] {processor.py:914} INFO - Processing file /home/airflow/.local/lib/python3.12/site-packages/airflow/example_dags/example_workday_timetable.py for tasks to queue
[2024-10-16T11:34:28.767+0000] {logging_mixin.py:190} INFO - [2024-10-16T11:34:28.766+0000] {dagbag.py:588} INFO - Filling up the DagBag from /home/airflow/.local/lib/python3.12/site-packages/airflow/example_dags/example_workday_timetable.py
[2024-10-16T11:34:28.772+0000] {processor.py:925} INFO - DAG(s) 'example_workday_timetable' retrieved from /home/airflow/.local/lib/python3.12/site-packages/airflow/example_dags/example_workday_timetable.py
[2024-10-16T11:34:28.791+0000] {logging_mixin.py:190} INFO - [2024-10-16T11:34:28.791+0000] {dag.py:3239} INFO - Sync 1 DAGs
[2024-10-16T11:34:28.852+0000] {logging_mixin.py:190} INFO - [2024-10-16T11:34:28.852+0000] {dag.py:4180} INFO - Setting next_dagrun for example_workday_timetable to 2021-01-04 00:00:00+00:00, run_after=2021-01-05 00:00:00+00:00
[2024-10-16T11:34:28.872+0000] {processor.py:208} INFO - Processing /home/airflow/.local/lib/python3.12/site-packages/airflow/example_dags/example_workday_timetable.py took 0.114 seconds
[2024-10-16T11:34:58.963+0000] {processor.py:186} INFO - Started process (PID=126208) to work on /home/airflow/.local/lib/python3.12/site-packages/airflow/example_dags/example_workday_timetable.py
[2024-10-16T11:34:58.964+0000] {processor.py:914} INFO - Processing file /home/airflow/.local/lib/python3.12/site-packages/airflow/example_dags/example_workday_timetable.py for tasks to queue
[2024-10-16T11:34:58.965+0000] {logging_mixin.py:190} INFO - [2024-10-16T11:34:58.964+0000] {dagbag.py:588} INFO - Filling up the DagBag from /home/airflow/.local/lib/python3.12/site-packages/airflow/example_dags/example_workday_timetable.py
[2024-10-16T11:34:58.970+0000] {processor.py:925} INFO - DAG(s) 'example_workday_timetable' retrieved from /home/airflow/.local/lib/python3.12/site-packages/airflow/example_dags/example_workday_timetable.py
[2024-10-16T11:34:58.990+0000] {logging_mixin.py:190} INFO - [2024-10-16T11:34:58.990+0000] {dag.py:3239} INFO - Sync 1 DAGs
[2024-10-16T11:34:59.051+0000] {logging_mixin.py:190} INFO - [2024-10-16T11:34:59.051+0000] {dag.py:4180} INFO - Setting next_dagrun for example_workday_timetable to 2021-01-04 00:00:00+00:00, run_after=2021-01-05 00:00:00+00:00
[2024-10-16T11:34:59.067+0000] {processor.py:208} INFO - Processing /home/airflow/.local/lib/python3.12/site-packages/airflow/example_dags/example_workday_timetable.py took 0.109 seconds
[2024-10-16T11:35:29.612+0000] {processor.py:186} INFO - Started process (PID=126271) to work on /home/airflow/.local/lib/python3.12/site-packages/airflow/example_dags/example_workday_timetable.py
[2024-10-16T11:35:29.613+0000] {processor.py:914} INFO - Processing file /home/airflow/.local/lib/python3.12/site-packages/airflow/example_dags/example_workday_timetable.py for tasks to queue
[2024-10-16T11:35:29.614+0000] {logging_mixin.py:190} INFO - [2024-10-16T11:35:29.614+0000] {dagbag.py:588} INFO - Filling up the DagBag from /home/airflow/.local/lib/python3.12/site-packages/airflow/example_dags/example_workday_timetable.py
[2024-10-16T11:35:29.620+0000] {processor.py:925} INFO - DAG(s) 'example_workday_timetable' retrieved from /home/airflow/.local/lib/python3.12/site-packages/airflow/example_dags/example_workday_timetable.py
[2024-10-16T11:35:29.640+0000] {logging_mixin.py:190} INFO - [2024-10-16T11:35:29.640+0000] {dag.py:3239} INFO - Sync 1 DAGs
[2024-10-16T11:35:29.702+0000] {logging_mixin.py:190} INFO - [2024-10-16T11:35:29.702+0000] {dag.py:4180} INFO - Setting next_dagrun for example_workday_timetable to 2021-01-04 00:00:00+00:00, run_after=2021-01-05 00:00:00+00:00
[2024-10-16T11:35:29.718+0000] {processor.py:208} INFO - Processing /home/airflow/.local/lib/python3.12/site-packages/airflow/example_dags/example_workday_timetable.py took 0.113 seconds
[2024-10-16T11:36:00.100+0000] {processor.py:186} INFO - Started process (PID=126334) to work on /home/airflow/.local/lib/python3.12/site-packages/airflow/example_dags/example_workday_timetable.py
[2024-10-16T11:36:00.102+0000] {processor.py:914} INFO - Processing file /home/airflow/.local/lib/python3.12/site-packages/airflow/example_dags/example_workday_timetable.py for tasks to queue
[2024-10-16T11:36:00.105+0000] {logging_mixin.py:190} INFO - [2024-10-16T11:36:00.104+0000] {dagbag.py:588} INFO - Filling up the DagBag from /home/airflow/.local/lib/python3.12/site-packages/airflow/example_dags/example_workday_timetable.py
[2024-10-16T11:36:00.116+0000] {processor.py:925} INFO - DAG(s) 'example_workday_timetable' retrieved from /home/airflow/.local/lib/python3.12/site-packages/airflow/example_dags/example_workday_timetable.py
[2024-10-16T11:36:00.158+0000] {logging_mixin.py:190} INFO - [2024-10-16T11:36:00.155+0000] {dag.py:3239} INFO - Sync 1 DAGs
[2024-10-16T11:36:00.248+0000] {logging_mixin.py:190} INFO - [2024-10-16T11:36:00.247+0000] {dag.py:4180} INFO - Setting next_dagrun for example_workday_timetable to 2021-01-04 00:00:00+00:00, run_after=2021-01-05 00:00:00+00:00
[2024-10-16T11:36:00.272+0000] {processor.py:208} INFO - Processing /home/airflow/.local/lib/python3.12/site-packages/airflow/example_dags/example_workday_timetable.py took 0.180 seconds
[2024-10-16T11:36:30.841+0000] {processor.py:186} INFO - Started process (PID=126398) to work on /home/airflow/.local/lib/python3.12/site-packages/airflow/example_dags/example_workday_timetable.py
[2024-10-16T11:36:30.841+0000] {processor.py:914} INFO - Processing file /home/airflow/.local/lib/python3.12/site-packages/airflow/example_dags/example_workday_timetable.py for tasks to queue
[2024-10-16T11:36:30.842+0000] {logging_mixin.py:190} INFO - [2024-10-16T11:36:30.842+0000] {dagbag.py:588} INFO - Filling up the DagBag from /home/airflow/.local/lib/python3.12/site-packages/airflow/example_dags/example_workday_timetable.py
[2024-10-16T11:36:30.848+0000] {processor.py:925} INFO - DAG(s) 'example_workday_timetable' retrieved from /home/airflow/.local/lib/python3.12/site-packages/airflow/example_dags/example_workday_timetable.py
[2024-10-16T11:36:30.869+0000] {logging_mixin.py:190} INFO - [2024-10-16T11:36:30.868+0000] {dag.py:3239} INFO - Sync 1 DAGs
[2024-10-16T11:36:30.949+0000] {logging_mixin.py:190} INFO - [2024-10-16T11:36:30.949+0000] {dag.py:4180} INFO - Setting next_dagrun for example_workday_timetable to 2021-01-04 00:00:00+00:00, run_after=2021-01-05 00:00:00+00:00
[2024-10-16T11:36:30.967+0000] {processor.py:208} INFO - Processing /home/airflow/.local/lib/python3.12/site-packages/airflow/example_dags/example_workday_timetable.py took 0.133 seconds
[2024-10-16T11:37:01.222+0000] {processor.py:186} INFO - Started process (PID=126461) to work on /home/airflow/.local/lib/python3.12/site-packages/airflow/example_dags/example_workday_timetable.py
[2024-10-16T11:37:01.223+0000] {processor.py:914} INFO - Processing file /home/airflow/.local/lib/python3.12/site-packages/airflow/example_dags/example_workday_timetable.py for tasks to queue
[2024-10-16T11:37:01.224+0000] {logging_mixin.py:190} INFO - [2024-10-16T11:37:01.224+0000] {dagbag.py:588} INFO - Filling up the DagBag from /home/airflow/.local/lib/python3.12/site-packages/airflow/example_dags/example_workday_timetable.py
[2024-10-16T11:37:01.230+0000] {processor.py:925} INFO - DAG(s) 'example_workday_timetable' retrieved from /home/airflow/.local/lib/python3.12/site-packages/airflow/example_dags/example_workday_timetable.py
[2024-10-16T11:37:01.250+0000] {logging_mixin.py:190} INFO - [2024-10-16T11:37:01.249+0000] {dag.py:3239} INFO - Sync 1 DAGs
[2024-10-16T11:37:01.309+0000] {logging_mixin.py:190} INFO - [2024-10-16T11:37:01.309+0000] {dag.py:4180} INFO - Setting next_dagrun for example_workday_timetable to 2021-01-04 00:00:00+00:00, run_after=2021-01-05 00:00:00+00:00
[2024-10-16T11:37:01.325+0000] {processor.py:208} INFO - Processing /home/airflow/.local/lib/python3.12/site-packages/airflow/example_dags/example_workday_timetable.py took 0.109 seconds
[2024-10-16T11:37:31.699+0000] {processor.py:186} INFO - Started process (PID=126524) to work on /home/airflow/.local/lib/python3.12/site-packages/airflow/example_dags/example_workday_timetable.py
[2024-10-16T11:37:31.700+0000] {processor.py:914} INFO - Processing file /home/airflow/.local/lib/python3.12/site-packages/airflow/example_dags/example_workday_timetable.py for tasks to queue
[2024-10-16T11:37:31.701+0000] {logging_mixin.py:190} INFO - [2024-10-16T11:37:31.700+0000] {dagbag.py:588} INFO - Filling up the DagBag from /home/airflow/.local/lib/python3.12/site-packages/airflow/example_dags/example_workday_timetable.py
[2024-10-16T11:37:31.706+0000] {processor.py:925} INFO - DAG(s) 'example_workday_timetable' retrieved from /home/airflow/.local/lib/python3.12/site-packages/airflow/example_dags/example_workday_timetable.py
[2024-10-16T11:37:31.724+0000] {logging_mixin.py:190} INFO - [2024-10-16T11:37:31.724+0000] {dag.py:3239} INFO - Sync 1 DAGs
[2024-10-16T11:37:31.788+0000] {logging_mixin.py:190} INFO - [2024-10-16T11:37:31.788+0000] {dag.py:4180} INFO - Setting next_dagrun for example_workday_timetable to 2021-01-04 00:00:00+00:00, run_after=2021-01-05 00:00:00+00:00
[2024-10-16T11:37:31.806+0000] {processor.py:208} INFO - Processing /home/airflow/.local/lib/python3.12/site-packages/airflow/example_dags/example_workday_timetable.py took 0.113 seconds
[2024-10-16T11:38:01.859+0000] {processor.py:186} INFO - Started process (PID=126587) to work on /home/airflow/.local/lib/python3.12/site-packages/airflow/example_dags/example_workday_timetable.py
[2024-10-16T11:38:01.860+0000] {processor.py:914} INFO - Processing file /home/airflow/.local/lib/python3.12/site-packages/airflow/example_dags/example_workday_timetable.py for tasks to queue
[2024-10-16T11:38:01.862+0000] {logging_mixin.py:190} INFO - [2024-10-16T11:38:01.861+0000] {dagbag.py:588} INFO - Filling up the DagBag from /home/airflow/.local/lib/python3.12/site-packages/airflow/example_dags/example_workday_timetable.py
[2024-10-16T11:38:01.871+0000] {processor.py:925} INFO - DAG(s) 'example_workday_timetable' retrieved from /home/airflow/.local/lib/python3.12/site-packages/airflow/example_dags/example_workday_timetable.py
[2024-10-16T11:38:01.899+0000] {logging_mixin.py:190} INFO - [2024-10-16T11:38:01.899+0000] {dag.py:3239} INFO - Sync 1 DAGs
[2024-10-16T11:38:01.971+0000] {logging_mixin.py:190} INFO - [2024-10-16T11:38:01.971+0000] {dag.py:4180} INFO - Setting next_dagrun for example_workday_timetable to 2021-01-04 00:00:00+00:00, run_after=2021-01-05 00:00:00+00:00
[2024-10-16T11:38:01.991+0000] {processor.py:208} INFO - Processing /home/airflow/.local/lib/python3.12/site-packages/airflow/example_dags/example_workday_timetable.py took 0.139 seconds
[2024-10-16T11:38:32.559+0000] {processor.py:186} INFO - Started process (PID=126651) to work on /home/airflow/.local/lib/python3.12/site-packages/airflow/example_dags/example_workday_timetable.py
[2024-10-16T11:38:32.561+0000] {processor.py:914} INFO - Processing file /home/airflow/.local/lib/python3.12/site-packages/airflow/example_dags/example_workday_timetable.py for tasks to queue
[2024-10-16T11:38:32.562+0000] {logging_mixin.py:190} INFO - [2024-10-16T11:38:32.562+0000] {dagbag.py:588} INFO - Filling up the DagBag from /home/airflow/.local/lib/python3.12/site-packages/airflow/example_dags/example_workday_timetable.py
[2024-10-16T11:38:32.568+0000] {processor.py:925} INFO - DAG(s) 'example_workday_timetable' retrieved from /home/airflow/.local/lib/python3.12/site-packages/airflow/example_dags/example_workday_timetable.py
[2024-10-16T11:38:32.589+0000] {logging_mixin.py:190} INFO - [2024-10-16T11:38:32.589+0000] {dag.py:3239} INFO - Sync 1 DAGs
[2024-10-16T11:38:32.663+0000] {logging_mixin.py:190} INFO - [2024-10-16T11:38:32.663+0000] {dag.py:4180} INFO - Setting next_dagrun for example_workday_timetable to 2021-01-04 00:00:00+00:00, run_after=2021-01-05 00:00:00+00:00
[2024-10-16T11:38:32.684+0000] {processor.py:208} INFO - Processing /home/airflow/.local/lib/python3.12/site-packages/airflow/example_dags/example_workday_timetable.py took 0.132 seconds
[2024-10-16T11:39:03.612+0000] {processor.py:186} INFO - Started process (PID=126713) to work on /home/airflow/.local/lib/python3.12/site-packages/airflow/example_dags/example_workday_timetable.py
[2024-10-16T11:39:03.613+0000] {processor.py:914} INFO - Processing file /home/airflow/.local/lib/python3.12/site-packages/airflow/example_dags/example_workday_timetable.py for tasks to queue
[2024-10-16T11:39:03.615+0000] {logging_mixin.py:190} INFO - [2024-10-16T11:39:03.614+0000] {dagbag.py:588} INFO - Filling up the DagBag from /home/airflow/.local/lib/python3.12/site-packages/airflow/example_dags/example_workday_timetable.py
[2024-10-16T11:39:03.621+0000] {processor.py:925} INFO - DAG(s) 'example_workday_timetable' retrieved from /home/airflow/.local/lib/python3.12/site-packages/airflow/example_dags/example_workday_timetable.py
[2024-10-16T11:39:03.645+0000] {logging_mixin.py:190} INFO - [2024-10-16T11:39:03.644+0000] {dag.py:3239} INFO - Sync 1 DAGs
[2024-10-16T11:39:03.714+0000] {logging_mixin.py:190} INFO - [2024-10-16T11:39:03.714+0000] {dag.py:4180} INFO - Setting next_dagrun for example_workday_timetable to 2021-01-04 00:00:00+00:00, run_after=2021-01-05 00:00:00+00:00
[2024-10-16T11:39:03.741+0000] {processor.py:208} INFO - Processing /home/airflow/.local/lib/python3.12/site-packages/airflow/example_dags/example_workday_timetable.py took 0.136 seconds
[2024-10-16T11:39:34.348+0000] {processor.py:186} INFO - Started process (PID=126776) to work on /home/airflow/.local/lib/python3.12/site-packages/airflow/example_dags/example_workday_timetable.py
[2024-10-16T11:39:34.349+0000] {processor.py:914} INFO - Processing file /home/airflow/.local/lib/python3.12/site-packages/airflow/example_dags/example_workday_timetable.py for tasks to queue
[2024-10-16T11:39:34.350+0000] {logging_mixin.py:190} INFO - [2024-10-16T11:39:34.350+0000] {dagbag.py:588} INFO - Filling up the DagBag from /home/airflow/.local/lib/python3.12/site-packages/airflow/example_dags/example_workday_timetable.py
[2024-10-16T11:39:34.356+0000] {processor.py:925} INFO - DAG(s) 'example_workday_timetable' retrieved from /home/airflow/.local/lib/python3.12/site-packages/airflow/example_dags/example_workday_timetable.py
[2024-10-16T11:39:34.378+0000] {logging_mixin.py:190} INFO - [2024-10-16T11:39:34.378+0000] {dag.py:3239} INFO - Sync 1 DAGs
[2024-10-16T11:39:34.446+0000] {logging_mixin.py:190} INFO - [2024-10-16T11:39:34.445+0000] {dag.py:4180} INFO - Setting next_dagrun for example_workday_timetable to 2021-01-04 00:00:00+00:00, run_after=2021-01-05 00:00:00+00:00
[2024-10-16T11:39:34.467+0000] {processor.py:208} INFO - Processing /home/airflow/.local/lib/python3.12/site-packages/airflow/example_dags/example_workday_timetable.py took 0.126 seconds
[2024-10-16T11:40:05.100+0000] {processor.py:186} INFO - Started process (PID=126839) to work on /home/airflow/.local/lib/python3.12/site-packages/airflow/example_dags/example_workday_timetable.py
[2024-10-16T11:40:05.101+0000] {processor.py:914} INFO - Processing file /home/airflow/.local/lib/python3.12/site-packages/airflow/example_dags/example_workday_timetable.py for tasks to queue
[2024-10-16T11:40:05.102+0000] {logging_mixin.py:190} INFO - [2024-10-16T11:40:05.102+0000] {dagbag.py:588} INFO - Filling up the DagBag from /home/airflow/.local/lib/python3.12/site-packages/airflow/example_dags/example_workday_timetable.py
[2024-10-16T11:40:05.109+0000] {processor.py:925} INFO - DAG(s) 'example_workday_timetable' retrieved from /home/airflow/.local/lib/python3.12/site-packages/airflow/example_dags/example_workday_timetable.py
[2024-10-16T11:40:05.129+0000] {logging_mixin.py:190} INFO - [2024-10-16T11:40:05.129+0000] {dag.py:3239} INFO - Sync 1 DAGs
[2024-10-16T11:40:05.202+0000] {logging_mixin.py:190} INFO - [2024-10-16T11:40:05.202+0000] {dag.py:4180} INFO - Setting next_dagrun for example_workday_timetable to 2021-01-04 00:00:00+00:00, run_after=2021-01-05 00:00:00+00:00
[2024-10-16T11:40:05.223+0000] {processor.py:208} INFO - Processing /home/airflow/.local/lib/python3.12/site-packages/airflow/example_dags/example_workday_timetable.py took 0.128 seconds
[2024-10-16T11:40:35.321+0000] {processor.py:186} INFO - Started process (PID=126901) to work on /home/airflow/.local/lib/python3.12/site-packages/airflow/example_dags/example_workday_timetable.py
[2024-10-16T11:40:35.322+0000] {processor.py:914} INFO - Processing file /home/airflow/.local/lib/python3.12/site-packages/airflow/example_dags/example_workday_timetable.py for tasks to queue
[2024-10-16T11:40:35.324+0000] {logging_mixin.py:190} INFO - [2024-10-16T11:40:35.323+0000] {dagbag.py:588} INFO - Filling up the DagBag from /home/airflow/.local/lib/python3.12/site-packages/airflow/example_dags/example_workday_timetable.py
[2024-10-16T11:40:35.329+0000] {processor.py:925} INFO - DAG(s) 'example_workday_timetable' retrieved from /home/airflow/.local/lib/python3.12/site-packages/airflow/example_dags/example_workday_timetable.py
[2024-10-16T11:40:35.350+0000] {logging_mixin.py:190} INFO - [2024-10-16T11:40:35.350+0000] {dag.py:3239} INFO - Sync 1 DAGs
[2024-10-16T11:40:35.437+0000] {logging_mixin.py:190} INFO - [2024-10-16T11:40:35.436+0000] {dag.py:4180} INFO - Setting next_dagrun for example_workday_timetable to 2021-01-04 00:00:00+00:00, run_after=2021-01-05 00:00:00+00:00
[2024-10-16T11:40:35.457+0000] {processor.py:208} INFO - Processing /home/airflow/.local/lib/python3.12/site-packages/airflow/example_dags/example_workday_timetable.py took 0.142 seconds
[2024-10-16T11:41:05.588+0000] {processor.py:186} INFO - Started process (PID=126964) to work on /home/airflow/.local/lib/python3.12/site-packages/airflow/example_dags/example_workday_timetable.py
[2024-10-16T11:41:05.589+0000] {processor.py:914} INFO - Processing file /home/airflow/.local/lib/python3.12/site-packages/airflow/example_dags/example_workday_timetable.py for tasks to queue
[2024-10-16T11:41:05.591+0000] {logging_mixin.py:190} INFO - [2024-10-16T11:41:05.591+0000] {dagbag.py:588} INFO - Filling up the DagBag from /home/airflow/.local/lib/python3.12/site-packages/airflow/example_dags/example_workday_timetable.py
[2024-10-16T11:41:05.598+0000] {processor.py:925} INFO - DAG(s) 'example_workday_timetable' retrieved from /home/airflow/.local/lib/python3.12/site-packages/airflow/example_dags/example_workday_timetable.py
[2024-10-16T11:41:05.619+0000] {logging_mixin.py:190} INFO - [2024-10-16T11:41:05.619+0000] {dag.py:3239} INFO - Sync 1 DAGs
[2024-10-16T11:41:05.689+0000] {logging_mixin.py:190} INFO - [2024-10-16T11:41:05.689+0000] {dag.py:4180} INFO - Setting next_dagrun for example_workday_timetable to 2021-01-04 00:00:00+00:00, run_after=2021-01-05 00:00:00+00:00
[2024-10-16T11:41:05.709+0000] {processor.py:208} INFO - Processing /home/airflow/.local/lib/python3.12/site-packages/airflow/example_dags/example_workday_timetable.py took 0.127 seconds
[2024-10-16T11:41:35.991+0000] {processor.py:186} INFO - Started process (PID=127027) to work on /home/airflow/.local/lib/python3.12/site-packages/airflow/example_dags/example_workday_timetable.py
[2024-10-16T11:41:35.992+0000] {processor.py:914} INFO - Processing file /home/airflow/.local/lib/python3.12/site-packages/airflow/example_dags/example_workday_timetable.py for tasks to queue
[2024-10-16T11:41:35.994+0000] {logging_mixin.py:190} INFO - [2024-10-16T11:41:35.993+0000] {dagbag.py:588} INFO - Filling up the DagBag from /home/airflow/.local/lib/python3.12/site-packages/airflow/example_dags/example_workday_timetable.py
[2024-10-16T11:41:36.000+0000] {processor.py:925} INFO - DAG(s) 'example_workday_timetable' retrieved from /home/airflow/.local/lib/python3.12/site-packages/airflow/example_dags/example_workday_timetable.py
[2024-10-16T11:41:36.021+0000] {logging_mixin.py:190} INFO - [2024-10-16T11:41:36.020+0000] {dag.py:3239} INFO - Sync 1 DAGs
[2024-10-16T11:41:36.092+0000] {logging_mixin.py:190} INFO - [2024-10-16T11:41:36.092+0000] {dag.py:4180} INFO - Setting next_dagrun for example_workday_timetable to 2021-01-04 00:00:00+00:00, run_after=2021-01-05 00:00:00+00:00
[2024-10-16T11:41:36.112+0000] {processor.py:208} INFO - Processing /home/airflow/.local/lib/python3.12/site-packages/airflow/example_dags/example_workday_timetable.py took 0.127 seconds
[2024-10-16T11:42:06.946+0000] {processor.py:186} INFO - Started process (PID=127090) to work on /home/airflow/.local/lib/python3.12/site-packages/airflow/example_dags/example_workday_timetable.py
[2024-10-16T11:42:06.948+0000] {processor.py:914} INFO - Processing file /home/airflow/.local/lib/python3.12/site-packages/airflow/example_dags/example_workday_timetable.py for tasks to queue
[2024-10-16T11:42:06.950+0000] {logging_mixin.py:190} INFO - [2024-10-16T11:42:06.949+0000] {dagbag.py:588} INFO - Filling up the DagBag from /home/airflow/.local/lib/python3.12/site-packages/airflow/example_dags/example_workday_timetable.py
[2024-10-16T11:42:06.957+0000] {processor.py:925} INFO - DAG(s) 'example_workday_timetable' retrieved from /home/airflow/.local/lib/python3.12/site-packages/airflow/example_dags/example_workday_timetable.py
[2024-10-16T11:42:06.984+0000] {logging_mixin.py:190} INFO - [2024-10-16T11:42:06.983+0000] {dag.py:3239} INFO - Sync 1 DAGs
[2024-10-16T11:42:07.067+0000] {logging_mixin.py:190} INFO - [2024-10-16T11:42:07.066+0000] {dag.py:4180} INFO - Setting next_dagrun for example_workday_timetable to 2021-01-04 00:00:00+00:00, run_after=2021-01-05 00:00:00+00:00
[2024-10-16T11:42:07.088+0000] {processor.py:208} INFO - Processing /home/airflow/.local/lib/python3.12/site-packages/airflow/example_dags/example_workday_timetable.py took 0.152 seconds
[2024-10-16T11:42:37.212+0000] {processor.py:186} INFO - Started process (PID=127153) to work on /home/airflow/.local/lib/python3.12/site-packages/airflow/example_dags/example_workday_timetable.py
[2024-10-16T11:42:37.213+0000] {processor.py:914} INFO - Processing file /home/airflow/.local/lib/python3.12/site-packages/airflow/example_dags/example_workday_timetable.py for tasks to queue
[2024-10-16T11:42:37.215+0000] {logging_mixin.py:190} INFO - [2024-10-16T11:42:37.214+0000] {dagbag.py:588} INFO - Filling up the DagBag from /home/airflow/.local/lib/python3.12/site-packages/airflow/example_dags/example_workday_timetable.py
[2024-10-16T11:42:37.221+0000] {processor.py:925} INFO - DAG(s) 'example_workday_timetable' retrieved from /home/airflow/.local/lib/python3.12/site-packages/airflow/example_dags/example_workday_timetable.py
[2024-10-16T11:42:37.244+0000] {logging_mixin.py:190} INFO - [2024-10-16T11:42:37.243+0000] {dag.py:3239} INFO - Sync 1 DAGs
[2024-10-16T11:42:37.314+0000] {logging_mixin.py:190} INFO - [2024-10-16T11:42:37.313+0000] {dag.py:4180} INFO - Setting next_dagrun for example_workday_timetable to 2021-01-04 00:00:00+00:00, run_after=2021-01-05 00:00:00+00:00
[2024-10-16T11:42:37.334+0000] {processor.py:208} INFO - Processing /home/airflow/.local/lib/python3.12/site-packages/airflow/example_dags/example_workday_timetable.py took 0.129 seconds
[2024-10-16T11:43:07.921+0000] {processor.py:186} INFO - Started process (PID=127216) to work on /home/airflow/.local/lib/python3.12/site-packages/airflow/example_dags/example_workday_timetable.py
[2024-10-16T11:43:07.922+0000] {processor.py:914} INFO - Processing file /home/airflow/.local/lib/python3.12/site-packages/airflow/example_dags/example_workday_timetable.py for tasks to queue
[2024-10-16T11:43:07.923+0000] {logging_mixin.py:190} INFO - [2024-10-16T11:43:07.923+0000] {dagbag.py:588} INFO - Filling up the DagBag from /home/airflow/.local/lib/python3.12/site-packages/airflow/example_dags/example_workday_timetable.py
[2024-10-16T11:43:07.929+0000] {processor.py:925} INFO - DAG(s) 'example_workday_timetable' retrieved from /home/airflow/.local/lib/python3.12/site-packages/airflow/example_dags/example_workday_timetable.py
[2024-10-16T11:43:07.951+0000] {logging_mixin.py:190} INFO - [2024-10-16T11:43:07.950+0000] {dag.py:3239} INFO - Sync 1 DAGs
[2024-10-16T11:43:08.023+0000] {logging_mixin.py:190} INFO - [2024-10-16T11:43:08.023+0000] {dag.py:4180} INFO - Setting next_dagrun for example_workday_timetable to 2021-01-04 00:00:00+00:00, run_after=2021-01-05 00:00:00+00:00
[2024-10-16T11:43:08.042+0000] {processor.py:208} INFO - Processing /home/airflow/.local/lib/python3.12/site-packages/airflow/example_dags/example_workday_timetable.py took 0.127 seconds
[2024-10-16T11:43:38.121+0000] {processor.py:186} INFO - Started process (PID=127279) to work on /home/airflow/.local/lib/python3.12/site-packages/airflow/example_dags/example_workday_timetable.py
[2024-10-16T11:43:38.122+0000] {processor.py:914} INFO - Processing file /home/airflow/.local/lib/python3.12/site-packages/airflow/example_dags/example_workday_timetable.py for tasks to queue
[2024-10-16T11:43:38.124+0000] {logging_mixin.py:190} INFO - [2024-10-16T11:43:38.124+0000] {dagbag.py:588} INFO - Filling up the DagBag from /home/airflow/.local/lib/python3.12/site-packages/airflow/example_dags/example_workday_timetable.py
[2024-10-16T11:43:38.131+0000] {processor.py:925} INFO - DAG(s) 'example_workday_timetable' retrieved from /home/airflow/.local/lib/python3.12/site-packages/airflow/example_dags/example_workday_timetable.py
[2024-10-16T11:43:38.152+0000] {logging_mixin.py:190} INFO - [2024-10-16T11:43:38.152+0000] {dag.py:3239} INFO - Sync 1 DAGs
[2024-10-16T11:43:38.222+0000] {logging_mixin.py:190} INFO - [2024-10-16T11:43:38.222+0000] {dag.py:4180} INFO - Setting next_dagrun for example_workday_timetable to 2021-01-04 00:00:00+00:00, run_after=2021-01-05 00:00:00+00:00
[2024-10-16T11:43:38.243+0000] {processor.py:208} INFO - Processing /home/airflow/.local/lib/python3.12/site-packages/airflow/example_dags/example_workday_timetable.py took 0.129 seconds
[2024-10-16T11:44:08.370+0000] {processor.py:186} INFO - Started process (PID=127342) to work on /home/airflow/.local/lib/python3.12/site-packages/airflow/example_dags/example_workday_timetable.py
[2024-10-16T11:44:08.372+0000] {processor.py:914} INFO - Processing file /home/airflow/.local/lib/python3.12/site-packages/airflow/example_dags/example_workday_timetable.py for tasks to queue
[2024-10-16T11:44:08.373+0000] {logging_mixin.py:190} INFO - [2024-10-16T11:44:08.373+0000] {dagbag.py:588} INFO - Filling up the DagBag from /home/airflow/.local/lib/python3.12/site-packages/airflow/example_dags/example_workday_timetable.py
[2024-10-16T11:44:08.381+0000] {processor.py:925} INFO - DAG(s) 'example_workday_timetable' retrieved from /home/airflow/.local/lib/python3.12/site-packages/airflow/example_dags/example_workday_timetable.py
[2024-10-16T11:44:08.406+0000] {logging_mixin.py:190} INFO - [2024-10-16T11:44:08.405+0000] {dag.py:3239} INFO - Sync 1 DAGs
[2024-10-16T11:44:08.473+0000] {logging_mixin.py:190} INFO - [2024-10-16T11:44:08.472+0000] {dag.py:4180} INFO - Setting next_dagrun for example_workday_timetable to 2021-01-04 00:00:00+00:00, run_after=2021-01-05 00:00:00+00:00
[2024-10-16T11:44:08.491+0000] {processor.py:208} INFO - Processing /home/airflow/.local/lib/python3.12/site-packages/airflow/example_dags/example_workday_timetable.py took 0.127 seconds
[2024-10-16T11:44:39.098+0000] {processor.py:186} INFO - Started process (PID=127406) to work on /home/airflow/.local/lib/python3.12/site-packages/airflow/example_dags/example_workday_timetable.py
[2024-10-16T11:44:39.099+0000] {processor.py:914} INFO - Processing file /home/airflow/.local/lib/python3.12/site-packages/airflow/example_dags/example_workday_timetable.py for tasks to queue
[2024-10-16T11:44:39.100+0000] {logging_mixin.py:190} INFO - [2024-10-16T11:44:39.100+0000] {dagbag.py:588} INFO - Filling up the DagBag from /home/airflow/.local/lib/python3.12/site-packages/airflow/example_dags/example_workday_timetable.py
[2024-10-16T11:44:39.106+0000] {processor.py:925} INFO - DAG(s) 'example_workday_timetable' retrieved from /home/airflow/.local/lib/python3.12/site-packages/airflow/example_dags/example_workday_timetable.py
[2024-10-16T11:44:39.126+0000] {logging_mixin.py:190} INFO - [2024-10-16T11:44:39.126+0000] {dag.py:3239} INFO - Sync 1 DAGs
[2024-10-16T11:44:39.194+0000] {logging_mixin.py:190} INFO - [2024-10-16T11:44:39.194+0000] {dag.py:4180} INFO - Setting next_dagrun for example_workday_timetable to 2021-01-04 00:00:00+00:00, run_after=2021-01-05 00:00:00+00:00
[2024-10-16T11:44:39.213+0000] {processor.py:208} INFO - Processing /home/airflow/.local/lib/python3.12/site-packages/airflow/example_dags/example_workday_timetable.py took 0.123 seconds
[2024-10-16T11:45:09.364+0000] {processor.py:186} INFO - Started process (PID=127469) to work on /home/airflow/.local/lib/python3.12/site-packages/airflow/example_dags/example_workday_timetable.py
[2024-10-16T11:45:09.365+0000] {processor.py:914} INFO - Processing file /home/airflow/.local/lib/python3.12/site-packages/airflow/example_dags/example_workday_timetable.py for tasks to queue
[2024-10-16T11:45:09.366+0000] {logging_mixin.py:190} INFO - [2024-10-16T11:45:09.366+0000] {dagbag.py:588} INFO - Filling up the DagBag from /home/airflow/.local/lib/python3.12/site-packages/airflow/example_dags/example_workday_timetable.py
[2024-10-16T11:45:09.373+0000] {processor.py:925} INFO - DAG(s) 'example_workday_timetable' retrieved from /home/airflow/.local/lib/python3.12/site-packages/airflow/example_dags/example_workday_timetable.py
[2024-10-16T11:45:09.394+0000] {logging_mixin.py:190} INFO - [2024-10-16T11:45:09.394+0000] {dag.py:3239} INFO - Sync 1 DAGs
[2024-10-16T11:45:09.462+0000] {logging_mixin.py:190} INFO - [2024-10-16T11:45:09.461+0000] {dag.py:4180} INFO - Setting next_dagrun for example_workday_timetable to 2021-01-04 00:00:00+00:00, run_after=2021-01-05 00:00:00+00:00
[2024-10-16T11:45:09.482+0000] {processor.py:208} INFO - Processing /home/airflow/.local/lib/python3.12/site-packages/airflow/example_dags/example_workday_timetable.py took 0.125 seconds
[2024-10-16T11:45:39.751+0000] {processor.py:186} INFO - Started process (PID=127532) to work on /home/airflow/.local/lib/python3.12/site-packages/airflow/example_dags/example_workday_timetable.py
[2024-10-16T11:45:39.752+0000] {processor.py:914} INFO - Processing file /home/airflow/.local/lib/python3.12/site-packages/airflow/example_dags/example_workday_timetable.py for tasks to queue
[2024-10-16T11:45:39.753+0000] {logging_mixin.py:190} INFO - [2024-10-16T11:45:39.753+0000] {dagbag.py:588} INFO - Filling up the DagBag from /home/airflow/.local/lib/python3.12/site-packages/airflow/example_dags/example_workday_timetable.py
[2024-10-16T11:45:39.759+0000] {processor.py:925} INFO - DAG(s) 'example_workday_timetable' retrieved from /home/airflow/.local/lib/python3.12/site-packages/airflow/example_dags/example_workday_timetable.py
[2024-10-16T11:45:39.780+0000] {logging_mixin.py:190} INFO - [2024-10-16T11:45:39.780+0000] {dag.py:3239} INFO - Sync 1 DAGs
[2024-10-16T11:45:39.848+0000] {logging_mixin.py:190} INFO - [2024-10-16T11:45:39.847+0000] {dag.py:4180} INFO - Setting next_dagrun for example_workday_timetable to 2021-01-04 00:00:00+00:00, run_after=2021-01-05 00:00:00+00:00
[2024-10-16T11:45:39.870+0000] {processor.py:208} INFO - Processing /home/airflow/.local/lib/python3.12/site-packages/airflow/example_dags/example_workday_timetable.py took 0.125 seconds
