[2024-10-16T11:30:04.175+0000] {processor.py:186} INFO - Started process (PID=125608) to work on /home/airflow/.local/lib/python3.12/site-packages/airflow/example_dags/example_latest_only_with_trigger.py
[2024-10-16T11:30:04.177+0000] {processor.py:914} INFO - Processing file /home/airflow/.local/lib/python3.12/site-packages/airflow/example_dags/example_latest_only_with_trigger.py for tasks to queue
[2024-10-16T11:30:04.180+0000] {logging_mixin.py:190} INFO - [2024-10-16T11:30:04.180+0000] {dagbag.py:588} INFO - Filling up the DagBag from /home/airflow/.local/lib/python3.12/site-packages/airflow/example_dags/example_latest_only_with_trigger.py
[2024-10-16T11:30:04.206+0000] {processor.py:925} INFO - DAG(s) 'latest_only_with_trigger' retrieved from /home/airflow/.local/lib/python3.12/site-packages/airflow/example_dags/example_latest_only_with_trigger.py
[2024-10-16T11:30:04.249+0000] {logging_mixin.py:190} INFO - [2024-10-16T11:30:04.248+0000] {dag.py:3239} INFO - Sync 1 DAGs
[2024-10-16T11:30:04.283+0000] {logging_mixin.py:190} INFO - [2024-10-16T11:30:04.283+0000] {dag.py:4180} INFO - Setting next_dagrun for latest_only_with_trigger to 2024-10-16 04:00:00+00:00, run_after=2024-10-16 08:00:00+00:00
[2024-10-16T11:30:04.307+0000] {processor.py:208} INFO - Processing /home/airflow/.local/lib/python3.12/site-packages/airflow/example_dags/example_latest_only_with_trigger.py took 0.148 seconds
[2024-10-16T11:30:35.066+0000] {processor.py:186} INFO - Started process (PID=125672) to work on /home/airflow/.local/lib/python3.12/site-packages/airflow/example_dags/example_latest_only_with_trigger.py
[2024-10-16T11:30:35.067+0000] {processor.py:914} INFO - Processing file /home/airflow/.local/lib/python3.12/site-packages/airflow/example_dags/example_latest_only_with_trigger.py for tasks to queue
[2024-10-16T11:30:35.068+0000] {logging_mixin.py:190} INFO - [2024-10-16T11:30:35.068+0000] {dagbag.py:588} INFO - Filling up the DagBag from /home/airflow/.local/lib/python3.12/site-packages/airflow/example_dags/example_latest_only_with_trigger.py
[2024-10-16T11:30:35.077+0000] {processor.py:925} INFO - DAG(s) 'latest_only_with_trigger' retrieved from /home/airflow/.local/lib/python3.12/site-packages/airflow/example_dags/example_latest_only_with_trigger.py
[2024-10-16T11:30:35.099+0000] {logging_mixin.py:190} INFO - [2024-10-16T11:30:35.099+0000] {dag.py:3239} INFO - Sync 1 DAGs
[2024-10-16T11:30:35.130+0000] {logging_mixin.py:190} INFO - [2024-10-16T11:30:35.130+0000] {dag.py:4180} INFO - Setting next_dagrun for latest_only_with_trigger to 2024-10-16 04:00:00+00:00, run_after=2024-10-16 08:00:00+00:00
[2024-10-16T11:30:35.156+0000] {processor.py:208} INFO - Processing /home/airflow/.local/lib/python3.12/site-packages/airflow/example_dags/example_latest_only_with_trigger.py took 0.096 seconds
[2024-10-16T11:31:05.670+0000] {processor.py:186} INFO - Started process (PID=125735) to work on /home/airflow/.local/lib/python3.12/site-packages/airflow/example_dags/example_latest_only_with_trigger.py
[2024-10-16T11:31:05.671+0000] {processor.py:914} INFO - Processing file /home/airflow/.local/lib/python3.12/site-packages/airflow/example_dags/example_latest_only_with_trigger.py for tasks to queue
[2024-10-16T11:31:05.672+0000] {logging_mixin.py:190} INFO - [2024-10-16T11:31:05.672+0000] {dagbag.py:588} INFO - Filling up the DagBag from /home/airflow/.local/lib/python3.12/site-packages/airflow/example_dags/example_latest_only_with_trigger.py
[2024-10-16T11:31:05.680+0000] {processor.py:925} INFO - DAG(s) 'latest_only_with_trigger' retrieved from /home/airflow/.local/lib/python3.12/site-packages/airflow/example_dags/example_latest_only_with_trigger.py
[2024-10-16T11:31:05.700+0000] {logging_mixin.py:190} INFO - [2024-10-16T11:31:05.699+0000] {dag.py:3239} INFO - Sync 1 DAGs
[2024-10-16T11:31:05.721+0000] {logging_mixin.py:190} INFO - [2024-10-16T11:31:05.721+0000] {dag.py:4180} INFO - Setting next_dagrun for latest_only_with_trigger to 2024-10-16 04:00:00+00:00, run_after=2024-10-16 08:00:00+00:00
[2024-10-16T11:31:05.739+0000] {processor.py:208} INFO - Processing /home/airflow/.local/lib/python3.12/site-packages/airflow/example_dags/example_latest_only_with_trigger.py took 0.074 seconds
[2024-10-16T11:31:36.303+0000] {processor.py:186} INFO - Started process (PID=125798) to work on /home/airflow/.local/lib/python3.12/site-packages/airflow/example_dags/example_latest_only_with_trigger.py
[2024-10-16T11:31:36.304+0000] {processor.py:914} INFO - Processing file /home/airflow/.local/lib/python3.12/site-packages/airflow/example_dags/example_latest_only_with_trigger.py for tasks to queue
[2024-10-16T11:31:36.305+0000] {logging_mixin.py:190} INFO - [2024-10-16T11:31:36.305+0000] {dagbag.py:588} INFO - Filling up the DagBag from /home/airflow/.local/lib/python3.12/site-packages/airflow/example_dags/example_latest_only_with_trigger.py
[2024-10-16T11:31:36.313+0000] {processor.py:925} INFO - DAG(s) 'latest_only_with_trigger' retrieved from /home/airflow/.local/lib/python3.12/site-packages/airflow/example_dags/example_latest_only_with_trigger.py
[2024-10-16T11:31:36.332+0000] {logging_mixin.py:190} INFO - [2024-10-16T11:31:36.332+0000] {dag.py:3239} INFO - Sync 1 DAGs
[2024-10-16T11:31:36.354+0000] {logging_mixin.py:190} INFO - [2024-10-16T11:31:36.354+0000] {dag.py:4180} INFO - Setting next_dagrun for latest_only_with_trigger to 2024-10-16 04:00:00+00:00, run_after=2024-10-16 08:00:00+00:00
[2024-10-16T11:31:36.372+0000] {processor.py:208} INFO - Processing /home/airflow/.local/lib/python3.12/site-packages/airflow/example_dags/example_latest_only_with_trigger.py took 0.075 seconds
[2024-10-16T11:32:06.718+0000] {processor.py:186} INFO - Started process (PID=125861) to work on /home/airflow/.local/lib/python3.12/site-packages/airflow/example_dags/example_latest_only_with_trigger.py
[2024-10-16T11:32:06.719+0000] {processor.py:914} INFO - Processing file /home/airflow/.local/lib/python3.12/site-packages/airflow/example_dags/example_latest_only_with_trigger.py for tasks to queue
[2024-10-16T11:32:06.720+0000] {logging_mixin.py:190} INFO - [2024-10-16T11:32:06.720+0000] {dagbag.py:588} INFO - Filling up the DagBag from /home/airflow/.local/lib/python3.12/site-packages/airflow/example_dags/example_latest_only_with_trigger.py
[2024-10-16T11:32:06.729+0000] {processor.py:925} INFO - DAG(s) 'latest_only_with_trigger' retrieved from /home/airflow/.local/lib/python3.12/site-packages/airflow/example_dags/example_latest_only_with_trigger.py
[2024-10-16T11:32:06.749+0000] {logging_mixin.py:190} INFO - [2024-10-16T11:32:06.749+0000] {dag.py:3239} INFO - Sync 1 DAGs
[2024-10-16T11:32:06.772+0000] {logging_mixin.py:190} INFO - [2024-10-16T11:32:06.772+0000] {dag.py:4180} INFO - Setting next_dagrun for latest_only_with_trigger to 2024-10-16 04:00:00+00:00, run_after=2024-10-16 08:00:00+00:00
[2024-10-16T11:32:06.795+0000] {processor.py:208} INFO - Processing /home/airflow/.local/lib/python3.12/site-packages/airflow/example_dags/example_latest_only_with_trigger.py took 0.084 seconds
[2024-10-16T11:32:37.472+0000] {processor.py:186} INFO - Started process (PID=125924) to work on /home/airflow/.local/lib/python3.12/site-packages/airflow/example_dags/example_latest_only_with_trigger.py
[2024-10-16T11:32:37.473+0000] {processor.py:914} INFO - Processing file /home/airflow/.local/lib/python3.12/site-packages/airflow/example_dags/example_latest_only_with_trigger.py for tasks to queue
[2024-10-16T11:32:37.475+0000] {logging_mixin.py:190} INFO - [2024-10-16T11:32:37.474+0000] {dagbag.py:588} INFO - Filling up the DagBag from /home/airflow/.local/lib/python3.12/site-packages/airflow/example_dags/example_latest_only_with_trigger.py
[2024-10-16T11:32:37.483+0000] {processor.py:925} INFO - DAG(s) 'latest_only_with_trigger' retrieved from /home/airflow/.local/lib/python3.12/site-packages/airflow/example_dags/example_latest_only_with_trigger.py
[2024-10-16T11:32:37.507+0000] {logging_mixin.py:190} INFO - [2024-10-16T11:32:37.507+0000] {dag.py:3239} INFO - Sync 1 DAGs
[2024-10-16T11:32:37.538+0000] {logging_mixin.py:190} INFO - [2024-10-16T11:32:37.538+0000] {dag.py:4180} INFO - Setting next_dagrun for latest_only_with_trigger to 2024-10-16 04:00:00+00:00, run_after=2024-10-16 08:00:00+00:00
[2024-10-16T11:32:37.561+0000] {processor.py:208} INFO - Processing /home/airflow/.local/lib/python3.12/site-packages/airflow/example_dags/example_latest_only_with_trigger.py took 0.097 seconds
[2024-10-16T11:33:07.984+0000] {processor.py:186} INFO - Started process (PID=125987) to work on /home/airflow/.local/lib/python3.12/site-packages/airflow/example_dags/example_latest_only_with_trigger.py
[2024-10-16T11:33:07.985+0000] {processor.py:914} INFO - Processing file /home/airflow/.local/lib/python3.12/site-packages/airflow/example_dags/example_latest_only_with_trigger.py for tasks to queue
[2024-10-16T11:33:07.986+0000] {logging_mixin.py:190} INFO - [2024-10-16T11:33:07.986+0000] {dagbag.py:588} INFO - Filling up the DagBag from /home/airflow/.local/lib/python3.12/site-packages/airflow/example_dags/example_latest_only_with_trigger.py
[2024-10-16T11:33:07.997+0000] {processor.py:925} INFO - DAG(s) 'latest_only_with_trigger' retrieved from /home/airflow/.local/lib/python3.12/site-packages/airflow/example_dags/example_latest_only_with_trigger.py
[2024-10-16T11:33:08.022+0000] {logging_mixin.py:190} INFO - [2024-10-16T11:33:08.022+0000] {dag.py:3239} INFO - Sync 1 DAGs
[2024-10-16T11:33:08.052+0000] {logging_mixin.py:190} INFO - [2024-10-16T11:33:08.051+0000] {dag.py:4180} INFO - Setting next_dagrun for latest_only_with_trigger to 2024-10-16 04:00:00+00:00, run_after=2024-10-16 08:00:00+00:00
[2024-10-16T11:33:08.075+0000] {processor.py:208} INFO - Processing /home/airflow/.local/lib/python3.12/site-packages/airflow/example_dags/example_latest_only_with_trigger.py took 0.099 seconds
[2024-10-16T11:33:38.318+0000] {processor.py:186} INFO - Started process (PID=126050) to work on /home/airflow/.local/lib/python3.12/site-packages/airflow/example_dags/example_latest_only_with_trigger.py
[2024-10-16T11:33:38.320+0000] {processor.py:914} INFO - Processing file /home/airflow/.local/lib/python3.12/site-packages/airflow/example_dags/example_latest_only_with_trigger.py for tasks to queue
[2024-10-16T11:33:38.321+0000] {logging_mixin.py:190} INFO - [2024-10-16T11:33:38.321+0000] {dagbag.py:588} INFO - Filling up the DagBag from /home/airflow/.local/lib/python3.12/site-packages/airflow/example_dags/example_latest_only_with_trigger.py
[2024-10-16T11:33:38.333+0000] {processor.py:925} INFO - DAG(s) 'latest_only_with_trigger' retrieved from /home/airflow/.local/lib/python3.12/site-packages/airflow/example_dags/example_latest_only_with_trigger.py
[2024-10-16T11:33:38.361+0000] {logging_mixin.py:190} INFO - [2024-10-16T11:33:38.361+0000] {dag.py:3239} INFO - Sync 1 DAGs
[2024-10-16T11:33:38.395+0000] {logging_mixin.py:190} INFO - [2024-10-16T11:33:38.395+0000] {dag.py:4180} INFO - Setting next_dagrun for latest_only_with_trigger to 2024-10-16 04:00:00+00:00, run_after=2024-10-16 08:00:00+00:00
[2024-10-16T11:33:38.419+0000] {processor.py:208} INFO - Processing /home/airflow/.local/lib/python3.12/site-packages/airflow/example_dags/example_latest_only_with_trigger.py took 0.109 seconds
[2024-10-16T11:34:08.993+0000] {processor.py:186} INFO - Started process (PID=126113) to work on /home/airflow/.local/lib/python3.12/site-packages/airflow/example_dags/example_latest_only_with_trigger.py
[2024-10-16T11:34:08.994+0000] {processor.py:914} INFO - Processing file /home/airflow/.local/lib/python3.12/site-packages/airflow/example_dags/example_latest_only_with_trigger.py for tasks to queue
[2024-10-16T11:34:08.995+0000] {logging_mixin.py:190} INFO - [2024-10-16T11:34:08.995+0000] {dagbag.py:588} INFO - Filling up the DagBag from /home/airflow/.local/lib/python3.12/site-packages/airflow/example_dags/example_latest_only_with_trigger.py
[2024-10-16T11:34:09.003+0000] {processor.py:925} INFO - DAG(s) 'latest_only_with_trigger' retrieved from /home/airflow/.local/lib/python3.12/site-packages/airflow/example_dags/example_latest_only_with_trigger.py
[2024-10-16T11:34:09.023+0000] {logging_mixin.py:190} INFO - [2024-10-16T11:34:09.023+0000] {dag.py:3239} INFO - Sync 1 DAGs
[2024-10-16T11:34:09.043+0000] {logging_mixin.py:190} INFO - [2024-10-16T11:34:09.043+0000] {dag.py:4180} INFO - Setting next_dagrun for latest_only_with_trigger to 2024-10-16 04:00:00+00:00, run_after=2024-10-16 08:00:00+00:00
[2024-10-16T11:34:09.059+0000] {processor.py:208} INFO - Processing /home/airflow/.local/lib/python3.12/site-packages/airflow/example_dags/example_latest_only_with_trigger.py took 0.071 seconds
[2024-10-16T11:34:39.189+0000] {processor.py:186} INFO - Started process (PID=126177) to work on /home/airflow/.local/lib/python3.12/site-packages/airflow/example_dags/example_latest_only_with_trigger.py
[2024-10-16T11:34:39.190+0000] {processor.py:914} INFO - Processing file /home/airflow/.local/lib/python3.12/site-packages/airflow/example_dags/example_latest_only_with_trigger.py for tasks to queue
[2024-10-16T11:34:39.191+0000] {logging_mixin.py:190} INFO - [2024-10-16T11:34:39.191+0000] {dagbag.py:588} INFO - Filling up the DagBag from /home/airflow/.local/lib/python3.12/site-packages/airflow/example_dags/example_latest_only_with_trigger.py
[2024-10-16T11:34:39.199+0000] {processor.py:925} INFO - DAG(s) 'latest_only_with_trigger' retrieved from /home/airflow/.local/lib/python3.12/site-packages/airflow/example_dags/example_latest_only_with_trigger.py
[2024-10-16T11:34:39.216+0000] {logging_mixin.py:190} INFO - [2024-10-16T11:34:39.216+0000] {dag.py:3239} INFO - Sync 1 DAGs
[2024-10-16T11:34:39.238+0000] {logging_mixin.py:190} INFO - [2024-10-16T11:34:39.238+0000] {dag.py:4180} INFO - Setting next_dagrun for latest_only_with_trigger to 2024-10-16 04:00:00+00:00, run_after=2024-10-16 08:00:00+00:00
[2024-10-16T11:34:39.255+0000] {processor.py:208} INFO - Processing /home/airflow/.local/lib/python3.12/site-packages/airflow/example_dags/example_latest_only_with_trigger.py took 0.071 seconds
[2024-10-16T11:35:09.969+0000] {processor.py:186} INFO - Started process (PID=126240) to work on /home/airflow/.local/lib/python3.12/site-packages/airflow/example_dags/example_latest_only_with_trigger.py
[2024-10-16T11:35:09.970+0000] {processor.py:914} INFO - Processing file /home/airflow/.local/lib/python3.12/site-packages/airflow/example_dags/example_latest_only_with_trigger.py for tasks to queue
[2024-10-16T11:35:09.971+0000] {logging_mixin.py:190} INFO - [2024-10-16T11:35:09.971+0000] {dagbag.py:588} INFO - Filling up the DagBag from /home/airflow/.local/lib/python3.12/site-packages/airflow/example_dags/example_latest_only_with_trigger.py
[2024-10-16T11:35:09.980+0000] {processor.py:925} INFO - DAG(s) 'latest_only_with_trigger' retrieved from /home/airflow/.local/lib/python3.12/site-packages/airflow/example_dags/example_latest_only_with_trigger.py
[2024-10-16T11:35:09.998+0000] {logging_mixin.py:190} INFO - [2024-10-16T11:35:09.998+0000] {dag.py:3239} INFO - Sync 1 DAGs
[2024-10-16T11:35:10.020+0000] {logging_mixin.py:190} INFO - [2024-10-16T11:35:10.020+0000] {dag.py:4180} INFO - Setting next_dagrun for latest_only_with_trigger to 2024-10-16 04:00:00+00:00, run_after=2024-10-16 08:00:00+00:00
[2024-10-16T11:35:10.037+0000] {processor.py:208} INFO - Processing /home/airflow/.local/lib/python3.12/site-packages/airflow/example_dags/example_latest_only_with_trigger.py took 0.073 seconds
[2024-10-16T11:35:40.516+0000] {processor.py:186} INFO - Started process (PID=126303) to work on /home/airflow/.local/lib/python3.12/site-packages/airflow/example_dags/example_latest_only_with_trigger.py
[2024-10-16T11:35:40.517+0000] {processor.py:914} INFO - Processing file /home/airflow/.local/lib/python3.12/site-packages/airflow/example_dags/example_latest_only_with_trigger.py for tasks to queue
[2024-10-16T11:35:40.519+0000] {logging_mixin.py:190} INFO - [2024-10-16T11:35:40.518+0000] {dagbag.py:588} INFO - Filling up the DagBag from /home/airflow/.local/lib/python3.12/site-packages/airflow/example_dags/example_latest_only_with_trigger.py
[2024-10-16T11:35:40.528+0000] {processor.py:925} INFO - DAG(s) 'latest_only_with_trigger' retrieved from /home/airflow/.local/lib/python3.12/site-packages/airflow/example_dags/example_latest_only_with_trigger.py
[2024-10-16T11:35:40.547+0000] {logging_mixin.py:190} INFO - [2024-10-16T11:35:40.546+0000] {dag.py:3239} INFO - Sync 1 DAGs
[2024-10-16T11:35:40.571+0000] {logging_mixin.py:190} INFO - [2024-10-16T11:35:40.571+0000] {dag.py:4180} INFO - Setting next_dagrun for latest_only_with_trigger to 2024-10-16 04:00:00+00:00, run_after=2024-10-16 08:00:00+00:00
[2024-10-16T11:35:40.590+0000] {processor.py:208} INFO - Processing /home/airflow/.local/lib/python3.12/site-packages/airflow/example_dags/example_latest_only_with_trigger.py took 0.088 seconds
[2024-10-16T11:36:11.328+0000] {processor.py:186} INFO - Started process (PID=126366) to work on /home/airflow/.local/lib/python3.12/site-packages/airflow/example_dags/example_latest_only_with_trigger.py
[2024-10-16T11:36:11.329+0000] {processor.py:914} INFO - Processing file /home/airflow/.local/lib/python3.12/site-packages/airflow/example_dags/example_latest_only_with_trigger.py for tasks to queue
[2024-10-16T11:36:11.330+0000] {logging_mixin.py:190} INFO - [2024-10-16T11:36:11.330+0000] {dagbag.py:588} INFO - Filling up the DagBag from /home/airflow/.local/lib/python3.12/site-packages/airflow/example_dags/example_latest_only_with_trigger.py
[2024-10-16T11:36:11.338+0000] {processor.py:925} INFO - DAG(s) 'latest_only_with_trigger' retrieved from /home/airflow/.local/lib/python3.12/site-packages/airflow/example_dags/example_latest_only_with_trigger.py
[2024-10-16T11:36:11.356+0000] {logging_mixin.py:190} INFO - [2024-10-16T11:36:11.356+0000] {dag.py:3239} INFO - Sync 1 DAGs
[2024-10-16T11:36:11.378+0000] {logging_mixin.py:190} INFO - [2024-10-16T11:36:11.377+0000] {dag.py:4180} INFO - Setting next_dagrun for latest_only_with_trigger to 2024-10-16 04:00:00+00:00, run_after=2024-10-16 08:00:00+00:00
[2024-10-16T11:36:11.396+0000] {processor.py:208} INFO - Processing /home/airflow/.local/lib/python3.12/site-packages/airflow/example_dags/example_latest_only_with_trigger.py took 0.074 seconds
[2024-10-16T11:36:41.750+0000] {processor.py:186} INFO - Started process (PID=126430) to work on /home/airflow/.local/lib/python3.12/site-packages/airflow/example_dags/example_latest_only_with_trigger.py
[2024-10-16T11:36:41.751+0000] {processor.py:914} INFO - Processing file /home/airflow/.local/lib/python3.12/site-packages/airflow/example_dags/example_latest_only_with_trigger.py for tasks to queue
[2024-10-16T11:36:41.752+0000] {logging_mixin.py:190} INFO - [2024-10-16T11:36:41.752+0000] {dagbag.py:588} INFO - Filling up the DagBag from /home/airflow/.local/lib/python3.12/site-packages/airflow/example_dags/example_latest_only_with_trigger.py
[2024-10-16T11:36:41.759+0000] {processor.py:925} INFO - DAG(s) 'latest_only_with_trigger' retrieved from /home/airflow/.local/lib/python3.12/site-packages/airflow/example_dags/example_latest_only_with_trigger.py
[2024-10-16T11:36:41.779+0000] {logging_mixin.py:190} INFO - [2024-10-16T11:36:41.779+0000] {dag.py:3239} INFO - Sync 1 DAGs
[2024-10-16T11:36:41.801+0000] {logging_mixin.py:190} INFO - [2024-10-16T11:36:41.801+0000] {dag.py:4180} INFO - Setting next_dagrun for latest_only_with_trigger to 2024-10-16 04:00:00+00:00, run_after=2024-10-16 08:00:00+00:00
[2024-10-16T11:36:41.819+0000] {processor.py:208} INFO - Processing /home/airflow/.local/lib/python3.12/site-packages/airflow/example_dags/example_latest_only_with_trigger.py took 0.074 seconds
[2024-10-16T11:37:12.249+0000] {processor.py:186} INFO - Started process (PID=126493) to work on /home/airflow/.local/lib/python3.12/site-packages/airflow/example_dags/example_latest_only_with_trigger.py
[2024-10-16T11:37:12.250+0000] {processor.py:914} INFO - Processing file /home/airflow/.local/lib/python3.12/site-packages/airflow/example_dags/example_latest_only_with_trigger.py for tasks to queue
[2024-10-16T11:37:12.251+0000] {logging_mixin.py:190} INFO - [2024-10-16T11:37:12.251+0000] {dagbag.py:588} INFO - Filling up the DagBag from /home/airflow/.local/lib/python3.12/site-packages/airflow/example_dags/example_latest_only_with_trigger.py
[2024-10-16T11:37:12.258+0000] {processor.py:925} INFO - DAG(s) 'latest_only_with_trigger' retrieved from /home/airflow/.local/lib/python3.12/site-packages/airflow/example_dags/example_latest_only_with_trigger.py
[2024-10-16T11:37:12.277+0000] {logging_mixin.py:190} INFO - [2024-10-16T11:37:12.277+0000] {dag.py:3239} INFO - Sync 1 DAGs
[2024-10-16T11:37:12.297+0000] {logging_mixin.py:190} INFO - [2024-10-16T11:37:12.297+0000] {dag.py:4180} INFO - Setting next_dagrun for latest_only_with_trigger to 2024-10-16 04:00:00+00:00, run_after=2024-10-16 08:00:00+00:00
[2024-10-16T11:37:12.313+0000] {processor.py:208} INFO - Processing /home/airflow/.local/lib/python3.12/site-packages/airflow/example_dags/example_latest_only_with_trigger.py took 0.070 seconds
[2024-10-16T11:37:42.937+0000] {processor.py:186} INFO - Started process (PID=126556) to work on /home/airflow/.local/lib/python3.12/site-packages/airflow/example_dags/example_latest_only_with_trigger.py
[2024-10-16T11:37:42.938+0000] {processor.py:914} INFO - Processing file /home/airflow/.local/lib/python3.12/site-packages/airflow/example_dags/example_latest_only_with_trigger.py for tasks to queue
[2024-10-16T11:37:42.939+0000] {logging_mixin.py:190} INFO - [2024-10-16T11:37:42.939+0000] {dagbag.py:588} INFO - Filling up the DagBag from /home/airflow/.local/lib/python3.12/site-packages/airflow/example_dags/example_latest_only_with_trigger.py
[2024-10-16T11:37:42.947+0000] {processor.py:925} INFO - DAG(s) 'latest_only_with_trigger' retrieved from /home/airflow/.local/lib/python3.12/site-packages/airflow/example_dags/example_latest_only_with_trigger.py
[2024-10-16T11:37:42.966+0000] {logging_mixin.py:190} INFO - [2024-10-16T11:37:42.965+0000] {dag.py:3239} INFO - Sync 1 DAGs
[2024-10-16T11:37:42.988+0000] {logging_mixin.py:190} INFO - [2024-10-16T11:37:42.988+0000] {dag.py:4180} INFO - Setting next_dagrun for latest_only_with_trigger to 2024-10-16 04:00:00+00:00, run_after=2024-10-16 08:00:00+00:00
[2024-10-16T11:37:43.008+0000] {processor.py:208} INFO - Processing /home/airflow/.local/lib/python3.12/site-packages/airflow/example_dags/example_latest_only_with_trigger.py took 0.077 seconds
[2024-10-16T11:38:13.516+0000] {processor.py:186} INFO - Started process (PID=126619) to work on /home/airflow/.local/lib/python3.12/site-packages/airflow/example_dags/example_latest_only_with_trigger.py
[2024-10-16T11:38:13.517+0000] {processor.py:914} INFO - Processing file /home/airflow/.local/lib/python3.12/site-packages/airflow/example_dags/example_latest_only_with_trigger.py for tasks to queue
[2024-10-16T11:38:13.518+0000] {logging_mixin.py:190} INFO - [2024-10-16T11:38:13.518+0000] {dagbag.py:588} INFO - Filling up the DagBag from /home/airflow/.local/lib/python3.12/site-packages/airflow/example_dags/example_latest_only_with_trigger.py
[2024-10-16T11:38:13.527+0000] {processor.py:925} INFO - DAG(s) 'latest_only_with_trigger' retrieved from /home/airflow/.local/lib/python3.12/site-packages/airflow/example_dags/example_latest_only_with_trigger.py
[2024-10-16T11:38:13.549+0000] {logging_mixin.py:190} INFO - [2024-10-16T11:38:13.548+0000] {dag.py:3239} INFO - Sync 1 DAGs
[2024-10-16T11:38:13.573+0000] {logging_mixin.py:190} INFO - [2024-10-16T11:38:13.573+0000] {dag.py:4180} INFO - Setting next_dagrun for latest_only_with_trigger to 2024-10-16 04:00:00+00:00, run_after=2024-10-16 08:00:00+00:00
[2024-10-16T11:38:13.592+0000] {processor.py:208} INFO - Processing /home/airflow/.local/lib/python3.12/site-packages/airflow/example_dags/example_latest_only_with_trigger.py took 0.083 seconds
[2024-10-16T11:38:43.843+0000] {processor.py:186} INFO - Started process (PID=126683) to work on /home/airflow/.local/lib/python3.12/site-packages/airflow/example_dags/example_latest_only_with_trigger.py
[2024-10-16T11:38:43.845+0000] {processor.py:914} INFO - Processing file /home/airflow/.local/lib/python3.12/site-packages/airflow/example_dags/example_latest_only_with_trigger.py for tasks to queue
[2024-10-16T11:38:43.847+0000] {logging_mixin.py:190} INFO - [2024-10-16T11:38:43.846+0000] {dagbag.py:588} INFO - Filling up the DagBag from /home/airflow/.local/lib/python3.12/site-packages/airflow/example_dags/example_latest_only_with_trigger.py
[2024-10-16T11:38:43.858+0000] {processor.py:925} INFO - DAG(s) 'latest_only_with_trigger' retrieved from /home/airflow/.local/lib/python3.12/site-packages/airflow/example_dags/example_latest_only_with_trigger.py
[2024-10-16T11:38:43.884+0000] {logging_mixin.py:190} INFO - [2024-10-16T11:38:43.884+0000] {dag.py:3239} INFO - Sync 1 DAGs
[2024-10-16T11:38:43.913+0000] {logging_mixin.py:190} INFO - [2024-10-16T11:38:43.912+0000] {dag.py:4180} INFO - Setting next_dagrun for latest_only_with_trigger to 2024-10-16 04:00:00+00:00, run_after=2024-10-16 08:00:00+00:00
[2024-10-16T11:38:43.933+0000] {processor.py:208} INFO - Processing /home/airflow/.local/lib/python3.12/site-packages/airflow/example_dags/example_latest_only_with_trigger.py took 0.097 seconds
[2024-10-16T11:39:14.745+0000] {processor.py:186} INFO - Started process (PID=126751) to work on /home/airflow/.local/lib/python3.12/site-packages/airflow/example_dags/example_latest_only_with_trigger.py
[2024-10-16T11:39:14.746+0000] {processor.py:914} INFO - Processing file /home/airflow/.local/lib/python3.12/site-packages/airflow/example_dags/example_latest_only_with_trigger.py for tasks to queue
[2024-10-16T11:39:14.748+0000] {logging_mixin.py:190} INFO - [2024-10-16T11:39:14.747+0000] {dagbag.py:588} INFO - Filling up the DagBag from /home/airflow/.local/lib/python3.12/site-packages/airflow/example_dags/example_latest_only_with_trigger.py
[2024-10-16T11:39:14.758+0000] {processor.py:925} INFO - DAG(s) 'latest_only_with_trigger' retrieved from /home/airflow/.local/lib/python3.12/site-packages/airflow/example_dags/example_latest_only_with_trigger.py
[2024-10-16T11:39:14.782+0000] {logging_mixin.py:190} INFO - [2024-10-16T11:39:14.782+0000] {dag.py:3239} INFO - Sync 1 DAGs
[2024-10-16T11:39:14.820+0000] {logging_mixin.py:190} INFO - [2024-10-16T11:39:14.819+0000] {dag.py:4180} INFO - Setting next_dagrun for latest_only_with_trigger to 2024-10-16 04:00:00+00:00, run_after=2024-10-16 08:00:00+00:00
[2024-10-16T11:39:14.840+0000] {processor.py:208} INFO - Processing /home/airflow/.local/lib/python3.12/site-packages/airflow/example_dags/example_latest_only_with_trigger.py took 0.103 seconds
[2024-10-16T11:39:45.597+0000] {processor.py:186} INFO - Started process (PID=126814) to work on /home/airflow/.local/lib/python3.12/site-packages/airflow/example_dags/example_latest_only_with_trigger.py
[2024-10-16T11:39:45.598+0000] {processor.py:914} INFO - Processing file /home/airflow/.local/lib/python3.12/site-packages/airflow/example_dags/example_latest_only_with_trigger.py for tasks to queue
[2024-10-16T11:39:45.600+0000] {logging_mixin.py:190} INFO - [2024-10-16T11:39:45.600+0000] {dagbag.py:588} INFO - Filling up the DagBag from /home/airflow/.local/lib/python3.12/site-packages/airflow/example_dags/example_latest_only_with_trigger.py
[2024-10-16T11:39:45.609+0000] {processor.py:925} INFO - DAG(s) 'latest_only_with_trigger' retrieved from /home/airflow/.local/lib/python3.12/site-packages/airflow/example_dags/example_latest_only_with_trigger.py
[2024-10-16T11:39:45.632+0000] {logging_mixin.py:190} INFO - [2024-10-16T11:39:45.631+0000] {dag.py:3239} INFO - Sync 1 DAGs
[2024-10-16T11:39:45.661+0000] {logging_mixin.py:190} INFO - [2024-10-16T11:39:45.661+0000] {dag.py:4180} INFO - Setting next_dagrun for latest_only_with_trigger to 2024-10-16 04:00:00+00:00, run_after=2024-10-16 08:00:00+00:00
[2024-10-16T11:39:45.680+0000] {processor.py:208} INFO - Processing /home/airflow/.local/lib/python3.12/site-packages/airflow/example_dags/example_latest_only_with_trigger.py took 0.090 seconds
[2024-10-16T11:40:16.567+0000] {processor.py:186} INFO - Started process (PID=126876) to work on /home/airflow/.local/lib/python3.12/site-packages/airflow/example_dags/example_latest_only_with_trigger.py
[2024-10-16T11:40:16.568+0000] {processor.py:914} INFO - Processing file /home/airflow/.local/lib/python3.12/site-packages/airflow/example_dags/example_latest_only_with_trigger.py for tasks to queue
[2024-10-16T11:40:16.570+0000] {logging_mixin.py:190} INFO - [2024-10-16T11:40:16.569+0000] {dagbag.py:588} INFO - Filling up the DagBag from /home/airflow/.local/lib/python3.12/site-packages/airflow/example_dags/example_latest_only_with_trigger.py
[2024-10-16T11:40:16.579+0000] {processor.py:925} INFO - DAG(s) 'latest_only_with_trigger' retrieved from /home/airflow/.local/lib/python3.12/site-packages/airflow/example_dags/example_latest_only_with_trigger.py
[2024-10-16T11:40:16.602+0000] {logging_mixin.py:190} INFO - [2024-10-16T11:40:16.601+0000] {dag.py:3239} INFO - Sync 1 DAGs
[2024-10-16T11:40:16.628+0000] {logging_mixin.py:190} INFO - [2024-10-16T11:40:16.628+0000] {dag.py:4180} INFO - Setting next_dagrun for latest_only_with_trigger to 2024-10-16 04:00:00+00:00, run_after=2024-10-16 08:00:00+00:00
[2024-10-16T11:40:16.649+0000] {processor.py:208} INFO - Processing /home/airflow/.local/lib/python3.12/site-packages/airflow/example_dags/example_latest_only_with_trigger.py took 0.088 seconds
[2024-10-16T11:40:46.787+0000] {processor.py:186} INFO - Started process (PID=126939) to work on /home/airflow/.local/lib/python3.12/site-packages/airflow/example_dags/example_latest_only_with_trigger.py
[2024-10-16T11:40:46.788+0000] {processor.py:914} INFO - Processing file /home/airflow/.local/lib/python3.12/site-packages/airflow/example_dags/example_latest_only_with_trigger.py for tasks to queue
[2024-10-16T11:40:46.790+0000] {logging_mixin.py:190} INFO - [2024-10-16T11:40:46.789+0000] {dagbag.py:588} INFO - Filling up the DagBag from /home/airflow/.local/lib/python3.12/site-packages/airflow/example_dags/example_latest_only_with_trigger.py
[2024-10-16T11:40:46.798+0000] {processor.py:925} INFO - DAG(s) 'latest_only_with_trigger' retrieved from /home/airflow/.local/lib/python3.12/site-packages/airflow/example_dags/example_latest_only_with_trigger.py
[2024-10-16T11:40:46.819+0000] {logging_mixin.py:190} INFO - [2024-10-16T11:40:46.819+0000] {dag.py:3239} INFO - Sync 1 DAGs
[2024-10-16T11:40:46.847+0000] {logging_mixin.py:190} INFO - [2024-10-16T11:40:46.847+0000] {dag.py:4180} INFO - Setting next_dagrun for latest_only_with_trigger to 2024-10-16 04:00:00+00:00, run_after=2024-10-16 08:00:00+00:00
[2024-10-16T11:40:46.867+0000] {processor.py:208} INFO - Processing /home/airflow/.local/lib/python3.12/site-packages/airflow/example_dags/example_latest_only_with_trigger.py took 0.086 seconds
[2024-10-16T11:41:17.308+0000] {processor.py:186} INFO - Started process (PID=127002) to work on /home/airflow/.local/lib/python3.12/site-packages/airflow/example_dags/example_latest_only_with_trigger.py
[2024-10-16T11:41:17.310+0000] {processor.py:914} INFO - Processing file /home/airflow/.local/lib/python3.12/site-packages/airflow/example_dags/example_latest_only_with_trigger.py for tasks to queue
[2024-10-16T11:41:17.311+0000] {logging_mixin.py:190} INFO - [2024-10-16T11:41:17.311+0000] {dagbag.py:588} INFO - Filling up the DagBag from /home/airflow/.local/lib/python3.12/site-packages/airflow/example_dags/example_latest_only_with_trigger.py
[2024-10-16T11:41:17.320+0000] {processor.py:925} INFO - DAG(s) 'latest_only_with_trigger' retrieved from /home/airflow/.local/lib/python3.12/site-packages/airflow/example_dags/example_latest_only_with_trigger.py
[2024-10-16T11:41:17.344+0000] {logging_mixin.py:190} INFO - [2024-10-16T11:41:17.344+0000] {dag.py:3239} INFO - Sync 1 DAGs
[2024-10-16T11:41:17.371+0000] {logging_mixin.py:190} INFO - [2024-10-16T11:41:17.371+0000] {dag.py:4180} INFO - Setting next_dagrun for latest_only_with_trigger to 2024-10-16 04:00:00+00:00, run_after=2024-10-16 08:00:00+00:00
[2024-10-16T11:41:17.393+0000] {processor.py:208} INFO - Processing /home/airflow/.local/lib/python3.12/site-packages/airflow/example_dags/example_latest_only_with_trigger.py took 0.092 seconds
[2024-10-16T11:41:48.113+0000] {processor.py:186} INFO - Started process (PID=127065) to work on /home/airflow/.local/lib/python3.12/site-packages/airflow/example_dags/example_latest_only_with_trigger.py
[2024-10-16T11:41:48.114+0000] {processor.py:914} INFO - Processing file /home/airflow/.local/lib/python3.12/site-packages/airflow/example_dags/example_latest_only_with_trigger.py for tasks to queue
[2024-10-16T11:41:48.115+0000] {logging_mixin.py:190} INFO - [2024-10-16T11:41:48.115+0000] {dagbag.py:588} INFO - Filling up the DagBag from /home/airflow/.local/lib/python3.12/site-packages/airflow/example_dags/example_latest_only_with_trigger.py
[2024-10-16T11:41:48.124+0000] {processor.py:925} INFO - DAG(s) 'latest_only_with_trigger' retrieved from /home/airflow/.local/lib/python3.12/site-packages/airflow/example_dags/example_latest_only_with_trigger.py
[2024-10-16T11:41:48.145+0000] {logging_mixin.py:190} INFO - [2024-10-16T11:41:48.145+0000] {dag.py:3239} INFO - Sync 1 DAGs
[2024-10-16T11:41:48.169+0000] {logging_mixin.py:190} INFO - [2024-10-16T11:41:48.169+0000] {dag.py:4180} INFO - Setting next_dagrun for latest_only_with_trigger to 2024-10-16 04:00:00+00:00, run_after=2024-10-16 08:00:00+00:00
[2024-10-16T11:41:48.190+0000] {processor.py:208} INFO - Processing /home/airflow/.local/lib/python3.12/site-packages/airflow/example_dags/example_latest_only_with_trigger.py took 0.084 seconds
[2024-10-16T11:42:19.268+0000] {processor.py:186} INFO - Started process (PID=127128) to work on /home/airflow/.local/lib/python3.12/site-packages/airflow/example_dags/example_latest_only_with_trigger.py
[2024-10-16T11:42:19.269+0000] {processor.py:914} INFO - Processing file /home/airflow/.local/lib/python3.12/site-packages/airflow/example_dags/example_latest_only_with_trigger.py for tasks to queue
[2024-10-16T11:42:19.270+0000] {logging_mixin.py:190} INFO - [2024-10-16T11:42:19.270+0000] {dagbag.py:588} INFO - Filling up the DagBag from /home/airflow/.local/lib/python3.12/site-packages/airflow/example_dags/example_latest_only_with_trigger.py
[2024-10-16T11:42:19.279+0000] {processor.py:925} INFO - DAG(s) 'latest_only_with_trigger' retrieved from /home/airflow/.local/lib/python3.12/site-packages/airflow/example_dags/example_latest_only_with_trigger.py
[2024-10-16T11:42:19.301+0000] {logging_mixin.py:190} INFO - [2024-10-16T11:42:19.300+0000] {dag.py:3239} INFO - Sync 1 DAGs
[2024-10-16T11:42:19.327+0000] {logging_mixin.py:190} INFO - [2024-10-16T11:42:19.327+0000] {dag.py:4180} INFO - Setting next_dagrun for latest_only_with_trigger to 2024-10-16 04:00:00+00:00, run_after=2024-10-16 08:00:00+00:00
[2024-10-16T11:42:19.348+0000] {processor.py:208} INFO - Processing /home/airflow/.local/lib/python3.12/site-packages/airflow/example_dags/example_latest_only_with_trigger.py took 0.087 seconds
[2024-10-16T11:42:50.115+0000] {processor.py:186} INFO - Started process (PID=127191) to work on /home/airflow/.local/lib/python3.12/site-packages/airflow/example_dags/example_latest_only_with_trigger.py
[2024-10-16T11:42:50.117+0000] {processor.py:914} INFO - Processing file /home/airflow/.local/lib/python3.12/site-packages/airflow/example_dags/example_latest_only_with_trigger.py for tasks to queue
[2024-10-16T11:42:50.118+0000] {logging_mixin.py:190} INFO - [2024-10-16T11:42:50.118+0000] {dagbag.py:588} INFO - Filling up the DagBag from /home/airflow/.local/lib/python3.12/site-packages/airflow/example_dags/example_latest_only_with_trigger.py
[2024-10-16T11:42:50.127+0000] {processor.py:925} INFO - DAG(s) 'latest_only_with_trigger' retrieved from /home/airflow/.local/lib/python3.12/site-packages/airflow/example_dags/example_latest_only_with_trigger.py
[2024-10-16T11:42:50.150+0000] {logging_mixin.py:190} INFO - [2024-10-16T11:42:50.149+0000] {dag.py:3239} INFO - Sync 1 DAGs
[2024-10-16T11:42:50.173+0000] {logging_mixin.py:190} INFO - [2024-10-16T11:42:50.173+0000] {dag.py:4180} INFO - Setting next_dagrun for latest_only_with_trigger to 2024-10-16 04:00:00+00:00, run_after=2024-10-16 08:00:00+00:00
[2024-10-16T11:42:50.195+0000] {processor.py:208} INFO - Processing /home/airflow/.local/lib/python3.12/site-packages/airflow/example_dags/example_latest_only_with_trigger.py took 0.086 seconds
[2024-10-16T11:43:20.320+0000] {processor.py:186} INFO - Started process (PID=127254) to work on /home/airflow/.local/lib/python3.12/site-packages/airflow/example_dags/example_latest_only_with_trigger.py
[2024-10-16T11:43:20.321+0000] {processor.py:914} INFO - Processing file /home/airflow/.local/lib/python3.12/site-packages/airflow/example_dags/example_latest_only_with_trigger.py for tasks to queue
[2024-10-16T11:43:20.322+0000] {logging_mixin.py:190} INFO - [2024-10-16T11:43:20.322+0000] {dagbag.py:588} INFO - Filling up the DagBag from /home/airflow/.local/lib/python3.12/site-packages/airflow/example_dags/example_latest_only_with_trigger.py
[2024-10-16T11:43:20.332+0000] {processor.py:925} INFO - DAG(s) 'latest_only_with_trigger' retrieved from /home/airflow/.local/lib/python3.12/site-packages/airflow/example_dags/example_latest_only_with_trigger.py
[2024-10-16T11:43:20.355+0000] {logging_mixin.py:190} INFO - [2024-10-16T11:43:20.354+0000] {dag.py:3239} INFO - Sync 1 DAGs
[2024-10-16T11:43:20.380+0000] {logging_mixin.py:190} INFO - [2024-10-16T11:43:20.380+0000] {dag.py:4180} INFO - Setting next_dagrun for latest_only_with_trigger to 2024-10-16 04:00:00+00:00, run_after=2024-10-16 08:00:00+00:00
[2024-10-16T11:43:20.401+0000] {processor.py:208} INFO - Processing /home/airflow/.local/lib/python3.12/site-packages/airflow/example_dags/example_latest_only_with_trigger.py took 0.088 seconds
[2024-10-16T11:43:50.674+0000] {processor.py:186} INFO - Started process (PID=127317) to work on /home/airflow/.local/lib/python3.12/site-packages/airflow/example_dags/example_latest_only_with_trigger.py
[2024-10-16T11:43:50.675+0000] {processor.py:914} INFO - Processing file /home/airflow/.local/lib/python3.12/site-packages/airflow/example_dags/example_latest_only_with_trigger.py for tasks to queue
[2024-10-16T11:43:50.676+0000] {logging_mixin.py:190} INFO - [2024-10-16T11:43:50.676+0000] {dagbag.py:588} INFO - Filling up the DagBag from /home/airflow/.local/lib/python3.12/site-packages/airflow/example_dags/example_latest_only_with_trigger.py
[2024-10-16T11:43:50.686+0000] {processor.py:925} INFO - DAG(s) 'latest_only_with_trigger' retrieved from /home/airflow/.local/lib/python3.12/site-packages/airflow/example_dags/example_latest_only_with_trigger.py
[2024-10-16T11:43:50.707+0000] {logging_mixin.py:190} INFO - [2024-10-16T11:43:50.706+0000] {dag.py:3239} INFO - Sync 1 DAGs
[2024-10-16T11:43:50.735+0000] {logging_mixin.py:190} INFO - [2024-10-16T11:43:50.735+0000] {dag.py:4180} INFO - Setting next_dagrun for latest_only_with_trigger to 2024-10-16 04:00:00+00:00, run_after=2024-10-16 08:00:00+00:00
[2024-10-16T11:43:50.755+0000] {processor.py:208} INFO - Processing /home/airflow/.local/lib/python3.12/site-packages/airflow/example_dags/example_latest_only_with_trigger.py took 0.087 seconds
[2024-10-16T11:44:22.125+0000] {processor.py:186} INFO - Started process (PID=127381) to work on /home/airflow/.local/lib/python3.12/site-packages/airflow/example_dags/example_latest_only_with_trigger.py
[2024-10-16T11:44:22.126+0000] {processor.py:914} INFO - Processing file /home/airflow/.local/lib/python3.12/site-packages/airflow/example_dags/example_latest_only_with_trigger.py for tasks to queue
[2024-10-16T11:44:22.127+0000] {logging_mixin.py:190} INFO - [2024-10-16T11:44:22.127+0000] {dagbag.py:588} INFO - Filling up the DagBag from /home/airflow/.local/lib/python3.12/site-packages/airflow/example_dags/example_latest_only_with_trigger.py
[2024-10-16T11:44:22.137+0000] {processor.py:925} INFO - DAG(s) 'latest_only_with_trigger' retrieved from /home/airflow/.local/lib/python3.12/site-packages/airflow/example_dags/example_latest_only_with_trigger.py
[2024-10-16T11:44:22.158+0000] {logging_mixin.py:190} INFO - [2024-10-16T11:44:22.158+0000] {dag.py:3239} INFO - Sync 1 DAGs
[2024-10-16T11:44:22.184+0000] {logging_mixin.py:190} INFO - [2024-10-16T11:44:22.183+0000] {dag.py:4180} INFO - Setting next_dagrun for latest_only_with_trigger to 2024-10-16 04:00:00+00:00, run_after=2024-10-16 08:00:00+00:00
[2024-10-16T11:44:22.206+0000] {processor.py:208} INFO - Processing /home/airflow/.local/lib/python3.12/site-packages/airflow/example_dags/example_latest_only_with_trigger.py took 0.088 seconds
[2024-10-16T11:44:52.567+0000] {processor.py:186} INFO - Started process (PID=127444) to work on /home/airflow/.local/lib/python3.12/site-packages/airflow/example_dags/example_latest_only_with_trigger.py
[2024-10-16T11:44:52.568+0000] {processor.py:914} INFO - Processing file /home/airflow/.local/lib/python3.12/site-packages/airflow/example_dags/example_latest_only_with_trigger.py for tasks to queue
[2024-10-16T11:44:52.569+0000] {logging_mixin.py:190} INFO - [2024-10-16T11:44:52.569+0000] {dagbag.py:588} INFO - Filling up the DagBag from /home/airflow/.local/lib/python3.12/site-packages/airflow/example_dags/example_latest_only_with_trigger.py
[2024-10-16T11:44:52.579+0000] {processor.py:925} INFO - DAG(s) 'latest_only_with_trigger' retrieved from /home/airflow/.local/lib/python3.12/site-packages/airflow/example_dags/example_latest_only_with_trigger.py
[2024-10-16T11:44:52.600+0000] {logging_mixin.py:190} INFO - [2024-10-16T11:44:52.600+0000] {dag.py:3239} INFO - Sync 1 DAGs
[2024-10-16T11:44:52.625+0000] {logging_mixin.py:190} INFO - [2024-10-16T11:44:52.625+0000] {dag.py:4180} INFO - Setting next_dagrun for latest_only_with_trigger to 2024-10-16 04:00:00+00:00, run_after=2024-10-16 08:00:00+00:00
[2024-10-16T11:44:52.644+0000] {processor.py:208} INFO - Processing /home/airflow/.local/lib/python3.12/site-packages/airflow/example_dags/example_latest_only_with_trigger.py took 0.084 seconds
[2024-10-16T11:45:24.267+0000] {processor.py:186} INFO - Started process (PID=127507) to work on /home/airflow/.local/lib/python3.12/site-packages/airflow/example_dags/example_latest_only_with_trigger.py
[2024-10-16T11:45:24.268+0000] {processor.py:914} INFO - Processing file /home/airflow/.local/lib/python3.12/site-packages/airflow/example_dags/example_latest_only_with_trigger.py for tasks to queue
[2024-10-16T11:45:24.270+0000] {logging_mixin.py:190} INFO - [2024-10-16T11:45:24.269+0000] {dagbag.py:588} INFO - Filling up the DagBag from /home/airflow/.local/lib/python3.12/site-packages/airflow/example_dags/example_latest_only_with_trigger.py
[2024-10-16T11:45:24.279+0000] {processor.py:925} INFO - DAG(s) 'latest_only_with_trigger' retrieved from /home/airflow/.local/lib/python3.12/site-packages/airflow/example_dags/example_latest_only_with_trigger.py
[2024-10-16T11:45:24.308+0000] {logging_mixin.py:190} INFO - [2024-10-16T11:45:24.307+0000] {dag.py:3239} INFO - Sync 1 DAGs
[2024-10-16T11:45:24.349+0000] {logging_mixin.py:190} INFO - [2024-10-16T11:45:24.349+0000] {dag.py:4180} INFO - Setting next_dagrun for latest_only_with_trigger to 2024-10-16 04:00:00+00:00, run_after=2024-10-16 08:00:00+00:00
[2024-10-16T11:45:24.371+0000] {processor.py:208} INFO - Processing /home/airflow/.local/lib/python3.12/site-packages/airflow/example_dags/example_latest_only_with_trigger.py took 0.111 seconds
[2024-10-16T11:45:56.743+0000] {processor.py:186} INFO - Started process (PID=127571) to work on /home/airflow/.local/lib/python3.12/site-packages/airflow/example_dags/example_latest_only_with_trigger.py
[2024-10-16T11:45:56.745+0000] {processor.py:914} INFO - Processing file /home/airflow/.local/lib/python3.12/site-packages/airflow/example_dags/example_latest_only_with_trigger.py for tasks to queue
[2024-10-16T11:45:56.746+0000] {logging_mixin.py:190} INFO - [2024-10-16T11:45:56.746+0000] {dagbag.py:588} INFO - Filling up the DagBag from /home/airflow/.local/lib/python3.12/site-packages/airflow/example_dags/example_latest_only_with_trigger.py
[2024-10-16T11:45:56.756+0000] {processor.py:925} INFO - DAG(s) 'latest_only_with_trigger' retrieved from /home/airflow/.local/lib/python3.12/site-packages/airflow/example_dags/example_latest_only_with_trigger.py
[2024-10-16T11:45:56.779+0000] {logging_mixin.py:190} INFO - [2024-10-16T11:45:56.779+0000] {dag.py:3239} INFO - Sync 1 DAGs
[2024-10-16T11:45:56.804+0000] {logging_mixin.py:190} INFO - [2024-10-16T11:45:56.804+0000] {dag.py:4180} INFO - Setting next_dagrun for latest_only_with_trigger to 2024-10-16 04:00:00+00:00, run_after=2024-10-16 08:00:00+00:00
[2024-10-16T11:45:56.827+0000] {processor.py:208} INFO - Processing /home/airflow/.local/lib/python3.12/site-packages/airflow/example_dags/example_latest_only_with_trigger.py took 0.095 seconds
