[2024-10-16T11:29:56.831+0000] {processor.py:186} INFO - Started process (PID=125583) to work on /home/airflow/.local/lib/python3.12/site-packages/airflow/example_dags/example_setup_teardown_taskflow.py
[2024-10-16T11:29:56.833+0000] {processor.py:914} INFO - Processing file /home/airflow/.local/lib/python3.12/site-packages/airflow/example_dags/example_setup_teardown_taskflow.py for tasks to queue
[2024-10-16T11:29:56.848+0000] {logging_mixin.py:190} INFO - [2024-10-16T11:29:56.847+0000] {dagbag.py:588} INFO - Filling up the DagBag from /home/airflow/.local/lib/python3.12/site-packages/airflow/example_dags/example_setup_teardown_taskflow.py
[2024-10-16T11:29:56.907+0000] {processor.py:925} INFO - DAG(s) 'example_setup_teardown_taskflow' retrieved from /home/airflow/.local/lib/python3.12/site-packages/airflow/example_dags/example_setup_teardown_taskflow.py
[2024-10-16T11:29:57.125+0000] {logging_mixin.py:190} INFO - [2024-10-16T11:29:57.125+0000] {dag.py:3239} INFO - Sync 1 DAGs
[2024-10-16T11:29:57.182+0000] {logging_mixin.py:190} INFO - [2024-10-16T11:29:57.181+0000] {dag.py:4180} INFO - Setting next_dagrun for example_setup_teardown_taskflow to None, run_after=None
[2024-10-16T11:29:57.391+0000] {processor.py:208} INFO - Processing /home/airflow/.local/lib/python3.12/site-packages/airflow/example_dags/example_setup_teardown_taskflow.py took 0.702 seconds
[2024-10-16T11:30:27.573+0000] {processor.py:186} INFO - Started process (PID=125647) to work on /home/airflow/.local/lib/python3.12/site-packages/airflow/example_dags/example_setup_teardown_taskflow.py
[2024-10-16T11:30:27.574+0000] {processor.py:914} INFO - Processing file /home/airflow/.local/lib/python3.12/site-packages/airflow/example_dags/example_setup_teardown_taskflow.py for tasks to queue
[2024-10-16T11:30:27.575+0000] {logging_mixin.py:190} INFO - [2024-10-16T11:30:27.575+0000] {dagbag.py:588} INFO - Filling up the DagBag from /home/airflow/.local/lib/python3.12/site-packages/airflow/example_dags/example_setup_teardown_taskflow.py
[2024-10-16T11:30:27.587+0000] {processor.py:925} INFO - DAG(s) 'example_setup_teardown_taskflow' retrieved from /home/airflow/.local/lib/python3.12/site-packages/airflow/example_dags/example_setup_teardown_taskflow.py
[2024-10-16T11:30:27.611+0000] {logging_mixin.py:190} INFO - [2024-10-16T11:30:27.610+0000] {dag.py:3239} INFO - Sync 1 DAGs
[2024-10-16T11:30:27.626+0000] {logging_mixin.py:190} INFO - [2024-10-16T11:30:27.625+0000] {dag.py:4180} INFO - Setting next_dagrun for example_setup_teardown_taskflow to None, run_after=None
[2024-10-16T11:30:27.647+0000] {processor.py:208} INFO - Processing /home/airflow/.local/lib/python3.12/site-packages/airflow/example_dags/example_setup_teardown_taskflow.py took 0.080 seconds
[2024-10-16T11:30:58.130+0000] {processor.py:186} INFO - Started process (PID=125710) to work on /home/airflow/.local/lib/python3.12/site-packages/airflow/example_dags/example_setup_teardown_taskflow.py
[2024-10-16T11:30:58.132+0000] {processor.py:914} INFO - Processing file /home/airflow/.local/lib/python3.12/site-packages/airflow/example_dags/example_setup_teardown_taskflow.py for tasks to queue
[2024-10-16T11:30:58.134+0000] {logging_mixin.py:190} INFO - [2024-10-16T11:30:58.133+0000] {dagbag.py:588} INFO - Filling up the DagBag from /home/airflow/.local/lib/python3.12/site-packages/airflow/example_dags/example_setup_teardown_taskflow.py
[2024-10-16T11:30:58.145+0000] {processor.py:925} INFO - DAG(s) 'example_setup_teardown_taskflow' retrieved from /home/airflow/.local/lib/python3.12/site-packages/airflow/example_dags/example_setup_teardown_taskflow.py
[2024-10-16T11:30:58.173+0000] {logging_mixin.py:190} INFO - [2024-10-16T11:30:58.172+0000] {dag.py:3239} INFO - Sync 1 DAGs
[2024-10-16T11:30:58.204+0000] {logging_mixin.py:190} INFO - [2024-10-16T11:30:58.204+0000] {dag.py:4180} INFO - Setting next_dagrun for example_setup_teardown_taskflow to None, run_after=None
[2024-10-16T11:30:58.225+0000] {processor.py:208} INFO - Processing /home/airflow/.local/lib/python3.12/site-packages/airflow/example_dags/example_setup_teardown_taskflow.py took 0.101 seconds
[2024-10-16T11:31:28.828+0000] {processor.py:186} INFO - Started process (PID=125773) to work on /home/airflow/.local/lib/python3.12/site-packages/airflow/example_dags/example_setup_teardown_taskflow.py
[2024-10-16T11:31:28.828+0000] {processor.py:914} INFO - Processing file /home/airflow/.local/lib/python3.12/site-packages/airflow/example_dags/example_setup_teardown_taskflow.py for tasks to queue
[2024-10-16T11:31:28.830+0000] {logging_mixin.py:190} INFO - [2024-10-16T11:31:28.829+0000] {dagbag.py:588} INFO - Filling up the DagBag from /home/airflow/.local/lib/python3.12/site-packages/airflow/example_dags/example_setup_teardown_taskflow.py
[2024-10-16T11:31:28.838+0000] {processor.py:925} INFO - DAG(s) 'example_setup_teardown_taskflow' retrieved from /home/airflow/.local/lib/python3.12/site-packages/airflow/example_dags/example_setup_teardown_taskflow.py
[2024-10-16T11:31:28.857+0000] {logging_mixin.py:190} INFO - [2024-10-16T11:31:28.857+0000] {dag.py:3239} INFO - Sync 1 DAGs
[2024-10-16T11:31:28.869+0000] {logging_mixin.py:190} INFO - [2024-10-16T11:31:28.869+0000] {dag.py:4180} INFO - Setting next_dagrun for example_setup_teardown_taskflow to None, run_after=None
[2024-10-16T11:31:28.885+0000] {processor.py:208} INFO - Processing /home/airflow/.local/lib/python3.12/site-packages/airflow/example_dags/example_setup_teardown_taskflow.py took 0.062 seconds
[2024-10-16T11:32:00.166+0000] {processor.py:186} INFO - Started process (PID=125836) to work on /home/airflow/.local/lib/python3.12/site-packages/airflow/example_dags/example_setup_teardown_taskflow.py
[2024-10-16T11:32:00.189+0000] {processor.py:914} INFO - Processing file /home/airflow/.local/lib/python3.12/site-packages/airflow/example_dags/example_setup_teardown_taskflow.py for tasks to queue
[2024-10-16T11:32:00.202+0000] {logging_mixin.py:190} INFO - [2024-10-16T11:32:00.201+0000] {dagbag.py:588} INFO - Filling up the DagBag from /home/airflow/.local/lib/python3.12/site-packages/airflow/example_dags/example_setup_teardown_taskflow.py
[2024-10-16T11:32:00.246+0000] {processor.py:925} INFO - DAG(s) 'example_setup_teardown_taskflow' retrieved from /home/airflow/.local/lib/python3.12/site-packages/airflow/example_dags/example_setup_teardown_taskflow.py
[2024-10-16T11:32:00.315+0000] {logging_mixin.py:190} INFO - [2024-10-16T11:32:00.314+0000] {dag.py:3239} INFO - Sync 1 DAGs
[2024-10-16T11:32:00.371+0000] {logging_mixin.py:190} INFO - [2024-10-16T11:32:00.370+0000] {dag.py:4180} INFO - Setting next_dagrun for example_setup_teardown_taskflow to None, run_after=None
[2024-10-16T11:32:00.513+0000] {processor.py:208} INFO - Processing /home/airflow/.local/lib/python3.12/site-packages/airflow/example_dags/example_setup_teardown_taskflow.py took 0.360 seconds
[2024-10-16T11:32:30.713+0000] {processor.py:186} INFO - Started process (PID=125899) to work on /home/airflow/.local/lib/python3.12/site-packages/airflow/example_dags/example_setup_teardown_taskflow.py
[2024-10-16T11:32:30.714+0000] {processor.py:914} INFO - Processing file /home/airflow/.local/lib/python3.12/site-packages/airflow/example_dags/example_setup_teardown_taskflow.py for tasks to queue
[2024-10-16T11:32:30.715+0000] {logging_mixin.py:190} INFO - [2024-10-16T11:32:30.715+0000] {dagbag.py:588} INFO - Filling up the DagBag from /home/airflow/.local/lib/python3.12/site-packages/airflow/example_dags/example_setup_teardown_taskflow.py
[2024-10-16T11:32:30.725+0000] {processor.py:925} INFO - DAG(s) 'example_setup_teardown_taskflow' retrieved from /home/airflow/.local/lib/python3.12/site-packages/airflow/example_dags/example_setup_teardown_taskflow.py
[2024-10-16T11:32:30.747+0000] {logging_mixin.py:190} INFO - [2024-10-16T11:32:30.747+0000] {dag.py:3239} INFO - Sync 1 DAGs
[2024-10-16T11:32:30.762+0000] {logging_mixin.py:190} INFO - [2024-10-16T11:32:30.761+0000] {dag.py:4180} INFO - Setting next_dagrun for example_setup_teardown_taskflow to None, run_after=None
[2024-10-16T11:32:30.781+0000] {processor.py:208} INFO - Processing /home/airflow/.local/lib/python3.12/site-packages/airflow/example_dags/example_setup_teardown_taskflow.py took 0.073 seconds
[2024-10-16T11:33:01.157+0000] {processor.py:186} INFO - Started process (PID=125962) to work on /home/airflow/.local/lib/python3.12/site-packages/airflow/example_dags/example_setup_teardown_taskflow.py
[2024-10-16T11:33:01.158+0000] {processor.py:914} INFO - Processing file /home/airflow/.local/lib/python3.12/site-packages/airflow/example_dags/example_setup_teardown_taskflow.py for tasks to queue
[2024-10-16T11:33:01.160+0000] {logging_mixin.py:190} INFO - [2024-10-16T11:33:01.159+0000] {dagbag.py:588} INFO - Filling up the DagBag from /home/airflow/.local/lib/python3.12/site-packages/airflow/example_dags/example_setup_teardown_taskflow.py
[2024-10-16T11:33:01.170+0000] {processor.py:925} INFO - DAG(s) 'example_setup_teardown_taskflow' retrieved from /home/airflow/.local/lib/python3.12/site-packages/airflow/example_dags/example_setup_teardown_taskflow.py
[2024-10-16T11:33:01.194+0000] {logging_mixin.py:190} INFO - [2024-10-16T11:33:01.193+0000] {dag.py:3239} INFO - Sync 1 DAGs
[2024-10-16T11:33:01.210+0000] {logging_mixin.py:190} INFO - [2024-10-16T11:33:01.210+0000] {dag.py:4180} INFO - Setting next_dagrun for example_setup_teardown_taskflow to None, run_after=None
[2024-10-16T11:33:01.229+0000] {processor.py:208} INFO - Processing /home/airflow/.local/lib/python3.12/site-packages/airflow/example_dags/example_setup_teardown_taskflow.py took 0.077 seconds
[2024-10-16T11:33:31.470+0000] {processor.py:186} INFO - Started process (PID=126025) to work on /home/airflow/.local/lib/python3.12/site-packages/airflow/example_dags/example_setup_teardown_taskflow.py
[2024-10-16T11:33:31.470+0000] {processor.py:914} INFO - Processing file /home/airflow/.local/lib/python3.12/site-packages/airflow/example_dags/example_setup_teardown_taskflow.py for tasks to queue
[2024-10-16T11:33:31.472+0000] {logging_mixin.py:190} INFO - [2024-10-16T11:33:31.471+0000] {dagbag.py:588} INFO - Filling up the DagBag from /home/airflow/.local/lib/python3.12/site-packages/airflow/example_dags/example_setup_teardown_taskflow.py
[2024-10-16T11:33:31.483+0000] {processor.py:925} INFO - DAG(s) 'example_setup_teardown_taskflow' retrieved from /home/airflow/.local/lib/python3.12/site-packages/airflow/example_dags/example_setup_teardown_taskflow.py
[2024-10-16T11:33:31.502+0000] {logging_mixin.py:190} INFO - [2024-10-16T11:33:31.502+0000] {dag.py:3239} INFO - Sync 1 DAGs
[2024-10-16T11:33:31.517+0000] {logging_mixin.py:190} INFO - [2024-10-16T11:33:31.516+0000] {dag.py:4180} INFO - Setting next_dagrun for example_setup_teardown_taskflow to None, run_after=None
[2024-10-16T11:33:31.535+0000] {processor.py:208} INFO - Processing /home/airflow/.local/lib/python3.12/site-packages/airflow/example_dags/example_setup_teardown_taskflow.py took 0.071 seconds
[2024-10-16T11:34:01.772+0000] {processor.py:186} INFO - Started process (PID=126088) to work on /home/airflow/.local/lib/python3.12/site-packages/airflow/example_dags/example_setup_teardown_taskflow.py
[2024-10-16T11:34:01.773+0000] {processor.py:914} INFO - Processing file /home/airflow/.local/lib/python3.12/site-packages/airflow/example_dags/example_setup_teardown_taskflow.py for tasks to queue
[2024-10-16T11:34:01.775+0000] {logging_mixin.py:190} INFO - [2024-10-16T11:34:01.774+0000] {dagbag.py:588} INFO - Filling up the DagBag from /home/airflow/.local/lib/python3.12/site-packages/airflow/example_dags/example_setup_teardown_taskflow.py
[2024-10-16T11:34:01.798+0000] {processor.py:925} INFO - DAG(s) 'example_setup_teardown_taskflow' retrieved from /home/airflow/.local/lib/python3.12/site-packages/airflow/example_dags/example_setup_teardown_taskflow.py
[2024-10-16T11:34:01.827+0000] {logging_mixin.py:190} INFO - [2024-10-16T11:34:01.827+0000] {dag.py:3239} INFO - Sync 1 DAGs
[2024-10-16T11:34:01.843+0000] {logging_mixin.py:190} INFO - [2024-10-16T11:34:01.842+0000] {dag.py:4180} INFO - Setting next_dagrun for example_setup_teardown_taskflow to None, run_after=None
[2024-10-16T11:34:01.862+0000] {processor.py:208} INFO - Processing /home/airflow/.local/lib/python3.12/site-packages/airflow/example_dags/example_setup_teardown_taskflow.py took 0.096 seconds
[2024-10-16T11:34:32.105+0000] {processor.py:186} INFO - Started process (PID=126152) to work on /home/airflow/.local/lib/python3.12/site-packages/airflow/example_dags/example_setup_teardown_taskflow.py
[2024-10-16T11:34:32.107+0000] {processor.py:914} INFO - Processing file /home/airflow/.local/lib/python3.12/site-packages/airflow/example_dags/example_setup_teardown_taskflow.py for tasks to queue
[2024-10-16T11:34:32.108+0000] {logging_mixin.py:190} INFO - [2024-10-16T11:34:32.108+0000] {dagbag.py:588} INFO - Filling up the DagBag from /home/airflow/.local/lib/python3.12/site-packages/airflow/example_dags/example_setup_teardown_taskflow.py
[2024-10-16T11:34:32.122+0000] {processor.py:925} INFO - DAG(s) 'example_setup_teardown_taskflow' retrieved from /home/airflow/.local/lib/python3.12/site-packages/airflow/example_dags/example_setup_teardown_taskflow.py
[2024-10-16T11:34:32.149+0000] {logging_mixin.py:190} INFO - [2024-10-16T11:34:32.149+0000] {dag.py:3239} INFO - Sync 1 DAGs
[2024-10-16T11:34:32.169+0000] {logging_mixin.py:190} INFO - [2024-10-16T11:34:32.169+0000] {dag.py:4180} INFO - Setting next_dagrun for example_setup_teardown_taskflow to None, run_after=None
[2024-10-16T11:34:32.195+0000] {processor.py:208} INFO - Processing /home/airflow/.local/lib/python3.12/site-packages/airflow/example_dags/example_setup_teardown_taskflow.py took 0.097 seconds
[2024-10-16T11:35:02.343+0000] {processor.py:186} INFO - Started process (PID=126215) to work on /home/airflow/.local/lib/python3.12/site-packages/airflow/example_dags/example_setup_teardown_taskflow.py
[2024-10-16T11:35:02.344+0000] {processor.py:914} INFO - Processing file /home/airflow/.local/lib/python3.12/site-packages/airflow/example_dags/example_setup_teardown_taskflow.py for tasks to queue
[2024-10-16T11:35:02.345+0000] {logging_mixin.py:190} INFO - [2024-10-16T11:35:02.345+0000] {dagbag.py:588} INFO - Filling up the DagBag from /home/airflow/.local/lib/python3.12/site-packages/airflow/example_dags/example_setup_teardown_taskflow.py
[2024-10-16T11:35:02.354+0000] {processor.py:925} INFO - DAG(s) 'example_setup_teardown_taskflow' retrieved from /home/airflow/.local/lib/python3.12/site-packages/airflow/example_dags/example_setup_teardown_taskflow.py
[2024-10-16T11:35:02.377+0000] {logging_mixin.py:190} INFO - [2024-10-16T11:35:02.377+0000] {dag.py:3239} INFO - Sync 1 DAGs
[2024-10-16T11:35:02.393+0000] {logging_mixin.py:190} INFO - [2024-10-16T11:35:02.393+0000] {dag.py:4180} INFO - Setting next_dagrun for example_setup_teardown_taskflow to None, run_after=None
[2024-10-16T11:35:02.417+0000] {processor.py:208} INFO - Processing /home/airflow/.local/lib/python3.12/site-packages/airflow/example_dags/example_setup_teardown_taskflow.py took 0.079 seconds
[2024-10-16T11:35:32.922+0000] {processor.py:186} INFO - Started process (PID=126278) to work on /home/airflow/.local/lib/python3.12/site-packages/airflow/example_dags/example_setup_teardown_taskflow.py
[2024-10-16T11:35:32.923+0000] {processor.py:914} INFO - Processing file /home/airflow/.local/lib/python3.12/site-packages/airflow/example_dags/example_setup_teardown_taskflow.py for tasks to queue
[2024-10-16T11:35:32.924+0000] {logging_mixin.py:190} INFO - [2024-10-16T11:35:32.924+0000] {dagbag.py:588} INFO - Filling up the DagBag from /home/airflow/.local/lib/python3.12/site-packages/airflow/example_dags/example_setup_teardown_taskflow.py
[2024-10-16T11:35:32.934+0000] {processor.py:925} INFO - DAG(s) 'example_setup_teardown_taskflow' retrieved from /home/airflow/.local/lib/python3.12/site-packages/airflow/example_dags/example_setup_teardown_taskflow.py
[2024-10-16T11:35:32.954+0000] {logging_mixin.py:190} INFO - [2024-10-16T11:35:32.954+0000] {dag.py:3239} INFO - Sync 1 DAGs
[2024-10-16T11:35:32.969+0000] {logging_mixin.py:190} INFO - [2024-10-16T11:35:32.969+0000] {dag.py:4180} INFO - Setting next_dagrun for example_setup_teardown_taskflow to None, run_after=None
[2024-10-16T11:35:32.987+0000] {processor.py:208} INFO - Processing /home/airflow/.local/lib/python3.12/site-packages/airflow/example_dags/example_setup_teardown_taskflow.py took 0.070 seconds
[2024-10-16T11:36:03.547+0000] {processor.py:186} INFO - Started process (PID=126341) to work on /home/airflow/.local/lib/python3.12/site-packages/airflow/example_dags/example_setup_teardown_taskflow.py
[2024-10-16T11:36:03.548+0000] {processor.py:914} INFO - Processing file /home/airflow/.local/lib/python3.12/site-packages/airflow/example_dags/example_setup_teardown_taskflow.py for tasks to queue
[2024-10-16T11:36:03.550+0000] {logging_mixin.py:190} INFO - [2024-10-16T11:36:03.550+0000] {dagbag.py:588} INFO - Filling up the DagBag from /home/airflow/.local/lib/python3.12/site-packages/airflow/example_dags/example_setup_teardown_taskflow.py
[2024-10-16T11:36:03.561+0000] {processor.py:925} INFO - DAG(s) 'example_setup_teardown_taskflow' retrieved from /home/airflow/.local/lib/python3.12/site-packages/airflow/example_dags/example_setup_teardown_taskflow.py
[2024-10-16T11:36:03.601+0000] {logging_mixin.py:190} INFO - [2024-10-16T11:36:03.601+0000] {dag.py:3239} INFO - Sync 1 DAGs
[2024-10-16T11:36:03.630+0000] {logging_mixin.py:190} INFO - [2024-10-16T11:36:03.630+0000] {dag.py:4180} INFO - Setting next_dagrun for example_setup_teardown_taskflow to None, run_after=None
[2024-10-16T11:36:03.654+0000] {processor.py:208} INFO - Processing /home/airflow/.local/lib/python3.12/site-packages/airflow/example_dags/example_setup_teardown_taskflow.py took 0.114 seconds
[2024-10-16T11:36:34.155+0000] {processor.py:186} INFO - Started process (PID=126405) to work on /home/airflow/.local/lib/python3.12/site-packages/airflow/example_dags/example_setup_teardown_taskflow.py
[2024-10-16T11:36:34.155+0000] {processor.py:914} INFO - Processing file /home/airflow/.local/lib/python3.12/site-packages/airflow/example_dags/example_setup_teardown_taskflow.py for tasks to queue
[2024-10-16T11:36:34.156+0000] {logging_mixin.py:190} INFO - [2024-10-16T11:36:34.156+0000] {dagbag.py:588} INFO - Filling up the DagBag from /home/airflow/.local/lib/python3.12/site-packages/airflow/example_dags/example_setup_teardown_taskflow.py
[2024-10-16T11:36:34.166+0000] {processor.py:925} INFO - DAG(s) 'example_setup_teardown_taskflow' retrieved from /home/airflow/.local/lib/python3.12/site-packages/airflow/example_dags/example_setup_teardown_taskflow.py
[2024-10-16T11:36:34.187+0000] {logging_mixin.py:190} INFO - [2024-10-16T11:36:34.186+0000] {dag.py:3239} INFO - Sync 1 DAGs
[2024-10-16T11:36:34.201+0000] {logging_mixin.py:190} INFO - [2024-10-16T11:36:34.201+0000] {dag.py:4180} INFO - Setting next_dagrun for example_setup_teardown_taskflow to None, run_after=None
[2024-10-16T11:36:34.221+0000] {processor.py:208} INFO - Processing /home/airflow/.local/lib/python3.12/site-packages/airflow/example_dags/example_setup_teardown_taskflow.py took 0.072 seconds
[2024-10-16T11:37:04.551+0000] {processor.py:186} INFO - Started process (PID=126468) to work on /home/airflow/.local/lib/python3.12/site-packages/airflow/example_dags/example_setup_teardown_taskflow.py
[2024-10-16T11:37:04.552+0000] {processor.py:914} INFO - Processing file /home/airflow/.local/lib/python3.12/site-packages/airflow/example_dags/example_setup_teardown_taskflow.py for tasks to queue
[2024-10-16T11:37:04.553+0000] {logging_mixin.py:190} INFO - [2024-10-16T11:37:04.553+0000] {dagbag.py:588} INFO - Filling up the DagBag from /home/airflow/.local/lib/python3.12/site-packages/airflow/example_dags/example_setup_teardown_taskflow.py
[2024-10-16T11:37:04.563+0000] {processor.py:925} INFO - DAG(s) 'example_setup_teardown_taskflow' retrieved from /home/airflow/.local/lib/python3.12/site-packages/airflow/example_dags/example_setup_teardown_taskflow.py
[2024-10-16T11:37:04.585+0000] {logging_mixin.py:190} INFO - [2024-10-16T11:37:04.584+0000] {dag.py:3239} INFO - Sync 1 DAGs
[2024-10-16T11:37:04.601+0000] {logging_mixin.py:190} INFO - [2024-10-16T11:37:04.601+0000] {dag.py:4180} INFO - Setting next_dagrun for example_setup_teardown_taskflow to None, run_after=None
[2024-10-16T11:37:04.620+0000] {processor.py:208} INFO - Processing /home/airflow/.local/lib/python3.12/site-packages/airflow/example_dags/example_setup_teardown_taskflow.py took 0.075 seconds
[2024-10-16T11:37:35.002+0000] {processor.py:186} INFO - Started process (PID=126531) to work on /home/airflow/.local/lib/python3.12/site-packages/airflow/example_dags/example_setup_teardown_taskflow.py
[2024-10-16T11:37:35.003+0000] {processor.py:914} INFO - Processing file /home/airflow/.local/lib/python3.12/site-packages/airflow/example_dags/example_setup_teardown_taskflow.py for tasks to queue
[2024-10-16T11:37:35.004+0000] {logging_mixin.py:190} INFO - [2024-10-16T11:37:35.004+0000] {dagbag.py:588} INFO - Filling up the DagBag from /home/airflow/.local/lib/python3.12/site-packages/airflow/example_dags/example_setup_teardown_taskflow.py
[2024-10-16T11:37:35.015+0000] {processor.py:925} INFO - DAG(s) 'example_setup_teardown_taskflow' retrieved from /home/airflow/.local/lib/python3.12/site-packages/airflow/example_dags/example_setup_teardown_taskflow.py
[2024-10-16T11:37:35.040+0000] {logging_mixin.py:190} INFO - [2024-10-16T11:37:35.040+0000] {dag.py:3239} INFO - Sync 1 DAGs
[2024-10-16T11:37:35.056+0000] {logging_mixin.py:190} INFO - [2024-10-16T11:37:35.056+0000] {dag.py:4180} INFO - Setting next_dagrun for example_setup_teardown_taskflow to None, run_after=None
[2024-10-16T11:37:35.075+0000] {processor.py:208} INFO - Processing /home/airflow/.local/lib/python3.12/site-packages/airflow/example_dags/example_setup_teardown_taskflow.py took 0.080 seconds
[2024-10-16T11:38:05.253+0000] {processor.py:186} INFO - Started process (PID=126594) to work on /home/airflow/.local/lib/python3.12/site-packages/airflow/example_dags/example_setup_teardown_taskflow.py
[2024-10-16T11:38:05.254+0000] {processor.py:914} INFO - Processing file /home/airflow/.local/lib/python3.12/site-packages/airflow/example_dags/example_setup_teardown_taskflow.py for tasks to queue
[2024-10-16T11:38:05.255+0000] {logging_mixin.py:190} INFO - [2024-10-16T11:38:05.255+0000] {dagbag.py:588} INFO - Filling up the DagBag from /home/airflow/.local/lib/python3.12/site-packages/airflow/example_dags/example_setup_teardown_taskflow.py
[2024-10-16T11:38:05.267+0000] {processor.py:925} INFO - DAG(s) 'example_setup_teardown_taskflow' retrieved from /home/airflow/.local/lib/python3.12/site-packages/airflow/example_dags/example_setup_teardown_taskflow.py
[2024-10-16T11:38:05.291+0000] {logging_mixin.py:190} INFO - [2024-10-16T11:38:05.291+0000] {dag.py:3239} INFO - Sync 1 DAGs
[2024-10-16T11:38:05.308+0000] {logging_mixin.py:190} INFO - [2024-10-16T11:38:05.307+0000] {dag.py:4180} INFO - Setting next_dagrun for example_setup_teardown_taskflow to None, run_after=None
[2024-10-16T11:38:05.327+0000] {processor.py:208} INFO - Processing /home/airflow/.local/lib/python3.12/site-packages/airflow/example_dags/example_setup_teardown_taskflow.py took 0.080 seconds
[2024-10-16T11:38:35.937+0000] {processor.py:186} INFO - Started process (PID=126658) to work on /home/airflow/.local/lib/python3.12/site-packages/airflow/example_dags/example_setup_teardown_taskflow.py
[2024-10-16T11:38:35.938+0000] {processor.py:914} INFO - Processing file /home/airflow/.local/lib/python3.12/site-packages/airflow/example_dags/example_setup_teardown_taskflow.py for tasks to queue
[2024-10-16T11:38:35.940+0000] {logging_mixin.py:190} INFO - [2024-10-16T11:38:35.939+0000] {dagbag.py:588} INFO - Filling up the DagBag from /home/airflow/.local/lib/python3.12/site-packages/airflow/example_dags/example_setup_teardown_taskflow.py
[2024-10-16T11:38:35.952+0000] {processor.py:925} INFO - DAG(s) 'example_setup_teardown_taskflow' retrieved from /home/airflow/.local/lib/python3.12/site-packages/airflow/example_dags/example_setup_teardown_taskflow.py
[2024-10-16T11:38:35.975+0000] {logging_mixin.py:190} INFO - [2024-10-16T11:38:35.975+0000] {dag.py:3239} INFO - Sync 1 DAGs
[2024-10-16T11:38:35.993+0000] {logging_mixin.py:190} INFO - [2024-10-16T11:38:35.993+0000] {dag.py:4180} INFO - Setting next_dagrun for example_setup_teardown_taskflow to None, run_after=None
[2024-10-16T11:38:36.014+0000] {processor.py:208} INFO - Processing /home/airflow/.local/lib/python3.12/site-packages/airflow/example_dags/example_setup_teardown_taskflow.py took 0.085 seconds
[2024-10-16T11:39:06.878+0000] {processor.py:186} INFO - Started process (PID=126720) to work on /home/airflow/.local/lib/python3.12/site-packages/airflow/example_dags/example_setup_teardown_taskflow.py
[2024-10-16T11:39:06.879+0000] {processor.py:914} INFO - Processing file /home/airflow/.local/lib/python3.12/site-packages/airflow/example_dags/example_setup_teardown_taskflow.py for tasks to queue
[2024-10-16T11:39:06.881+0000] {logging_mixin.py:190} INFO - [2024-10-16T11:39:06.880+0000] {dagbag.py:588} INFO - Filling up the DagBag from /home/airflow/.local/lib/python3.12/site-packages/airflow/example_dags/example_setup_teardown_taskflow.py
[2024-10-16T11:39:06.893+0000] {processor.py:925} INFO - DAG(s) 'example_setup_teardown_taskflow' retrieved from /home/airflow/.local/lib/python3.12/site-packages/airflow/example_dags/example_setup_teardown_taskflow.py
[2024-10-16T11:39:06.918+0000] {logging_mixin.py:190} INFO - [2024-10-16T11:39:06.917+0000] {dag.py:3239} INFO - Sync 1 DAGs
[2024-10-16T11:39:06.934+0000] {logging_mixin.py:190} INFO - [2024-10-16T11:39:06.934+0000] {dag.py:4180} INFO - Setting next_dagrun for example_setup_teardown_taskflow to None, run_after=None
[2024-10-16T11:39:06.957+0000] {processor.py:208} INFO - Processing /home/airflow/.local/lib/python3.12/site-packages/airflow/example_dags/example_setup_teardown_taskflow.py took 0.086 seconds
[2024-10-16T11:39:37.712+0000] {processor.py:186} INFO - Started process (PID=126783) to work on /home/airflow/.local/lib/python3.12/site-packages/airflow/example_dags/example_setup_teardown_taskflow.py
[2024-10-16T11:39:37.713+0000] {processor.py:914} INFO - Processing file /home/airflow/.local/lib/python3.12/site-packages/airflow/example_dags/example_setup_teardown_taskflow.py for tasks to queue
[2024-10-16T11:39:37.714+0000] {logging_mixin.py:190} INFO - [2024-10-16T11:39:37.714+0000] {dagbag.py:588} INFO - Filling up the DagBag from /home/airflow/.local/lib/python3.12/site-packages/airflow/example_dags/example_setup_teardown_taskflow.py
[2024-10-16T11:39:37.726+0000] {processor.py:925} INFO - DAG(s) 'example_setup_teardown_taskflow' retrieved from /home/airflow/.local/lib/python3.12/site-packages/airflow/example_dags/example_setup_teardown_taskflow.py
[2024-10-16T11:39:37.751+0000] {logging_mixin.py:190} INFO - [2024-10-16T11:39:37.750+0000] {dag.py:3239} INFO - Sync 1 DAGs
[2024-10-16T11:39:37.769+0000] {logging_mixin.py:190} INFO - [2024-10-16T11:39:37.769+0000] {dag.py:4180} INFO - Setting next_dagrun for example_setup_teardown_taskflow to None, run_after=None
[2024-10-16T11:39:37.791+0000] {processor.py:208} INFO - Processing /home/airflow/.local/lib/python3.12/site-packages/airflow/example_dags/example_setup_teardown_taskflow.py took 0.086 seconds
[2024-10-16T11:40:08.470+0000] {processor.py:186} INFO - Started process (PID=126846) to work on /home/airflow/.local/lib/python3.12/site-packages/airflow/example_dags/example_setup_teardown_taskflow.py
[2024-10-16T11:40:08.471+0000] {processor.py:914} INFO - Processing file /home/airflow/.local/lib/python3.12/site-packages/airflow/example_dags/example_setup_teardown_taskflow.py for tasks to queue
[2024-10-16T11:40:08.472+0000] {logging_mixin.py:190} INFO - [2024-10-16T11:40:08.472+0000] {dagbag.py:588} INFO - Filling up the DagBag from /home/airflow/.local/lib/python3.12/site-packages/airflow/example_dags/example_setup_teardown_taskflow.py
[2024-10-16T11:40:08.484+0000] {processor.py:925} INFO - DAG(s) 'example_setup_teardown_taskflow' retrieved from /home/airflow/.local/lib/python3.12/site-packages/airflow/example_dags/example_setup_teardown_taskflow.py
[2024-10-16T11:40:08.509+0000] {logging_mixin.py:190} INFO - [2024-10-16T11:40:08.508+0000] {dag.py:3239} INFO - Sync 1 DAGs
[2024-10-16T11:40:08.525+0000] {logging_mixin.py:190} INFO - [2024-10-16T11:40:08.525+0000] {dag.py:4180} INFO - Setting next_dagrun for example_setup_teardown_taskflow to None, run_after=None
[2024-10-16T11:40:08.545+0000] {processor.py:208} INFO - Processing /home/airflow/.local/lib/python3.12/site-packages/airflow/example_dags/example_setup_teardown_taskflow.py took 0.083 seconds
[2024-10-16T11:40:38.743+0000] {processor.py:186} INFO - Started process (PID=126908) to work on /home/airflow/.local/lib/python3.12/site-packages/airflow/example_dags/example_setup_teardown_taskflow.py
[2024-10-16T11:40:38.744+0000] {processor.py:914} INFO - Processing file /home/airflow/.local/lib/python3.12/site-packages/airflow/example_dags/example_setup_teardown_taskflow.py for tasks to queue
[2024-10-16T11:40:38.747+0000] {logging_mixin.py:190} INFO - [2024-10-16T11:40:38.746+0000] {dagbag.py:588} INFO - Filling up the DagBag from /home/airflow/.local/lib/python3.12/site-packages/airflow/example_dags/example_setup_teardown_taskflow.py
[2024-10-16T11:40:38.764+0000] {processor.py:925} INFO - DAG(s) 'example_setup_teardown_taskflow' retrieved from /home/airflow/.local/lib/python3.12/site-packages/airflow/example_dags/example_setup_teardown_taskflow.py
[2024-10-16T11:40:38.792+0000] {logging_mixin.py:190} INFO - [2024-10-16T11:40:38.792+0000] {dag.py:3239} INFO - Sync 1 DAGs
[2024-10-16T11:40:38.814+0000] {logging_mixin.py:190} INFO - [2024-10-16T11:40:38.814+0000] {dag.py:4180} INFO - Setting next_dagrun for example_setup_teardown_taskflow to None, run_after=None
[2024-10-16T11:40:38.837+0000] {processor.py:208} INFO - Processing /home/airflow/.local/lib/python3.12/site-packages/airflow/example_dags/example_setup_teardown_taskflow.py took 0.102 seconds
[2024-10-16T11:41:08.968+0000] {processor.py:186} INFO - Started process (PID=126971) to work on /home/airflow/.local/lib/python3.12/site-packages/airflow/example_dags/example_setup_teardown_taskflow.py
[2024-10-16T11:41:08.969+0000] {processor.py:914} INFO - Processing file /home/airflow/.local/lib/python3.12/site-packages/airflow/example_dags/example_setup_teardown_taskflow.py for tasks to queue
[2024-10-16T11:41:08.970+0000] {logging_mixin.py:190} INFO - [2024-10-16T11:41:08.970+0000] {dagbag.py:588} INFO - Filling up the DagBag from /home/airflow/.local/lib/python3.12/site-packages/airflow/example_dags/example_setup_teardown_taskflow.py
[2024-10-16T11:41:08.983+0000] {processor.py:925} INFO - DAG(s) 'example_setup_teardown_taskflow' retrieved from /home/airflow/.local/lib/python3.12/site-packages/airflow/example_dags/example_setup_teardown_taskflow.py
[2024-10-16T11:41:09.006+0000] {logging_mixin.py:190} INFO - [2024-10-16T11:41:09.006+0000] {dag.py:3239} INFO - Sync 1 DAGs
[2024-10-16T11:41:09.023+0000] {logging_mixin.py:190} INFO - [2024-10-16T11:41:09.023+0000] {dag.py:4180} INFO - Setting next_dagrun for example_setup_teardown_taskflow to None, run_after=None
[2024-10-16T11:41:09.044+0000] {processor.py:208} INFO - Processing /home/airflow/.local/lib/python3.12/site-packages/airflow/example_dags/example_setup_teardown_taskflow.py took 0.084 seconds
[2024-10-16T11:41:39.347+0000] {processor.py:186} INFO - Started process (PID=127034) to work on /home/airflow/.local/lib/python3.12/site-packages/airflow/example_dags/example_setup_teardown_taskflow.py
[2024-10-16T11:41:39.348+0000] {processor.py:914} INFO - Processing file /home/airflow/.local/lib/python3.12/site-packages/airflow/example_dags/example_setup_teardown_taskflow.py for tasks to queue
[2024-10-16T11:41:39.350+0000] {logging_mixin.py:190} INFO - [2024-10-16T11:41:39.349+0000] {dagbag.py:588} INFO - Filling up the DagBag from /home/airflow/.local/lib/python3.12/site-packages/airflow/example_dags/example_setup_teardown_taskflow.py
[2024-10-16T11:41:39.363+0000] {processor.py:925} INFO - DAG(s) 'example_setup_teardown_taskflow' retrieved from /home/airflow/.local/lib/python3.12/site-packages/airflow/example_dags/example_setup_teardown_taskflow.py
[2024-10-16T11:41:39.387+0000] {logging_mixin.py:190} INFO - [2024-10-16T11:41:39.387+0000] {dag.py:3239} INFO - Sync 1 DAGs
[2024-10-16T11:41:39.403+0000] {logging_mixin.py:190} INFO - [2024-10-16T11:41:39.403+0000] {dag.py:4180} INFO - Setting next_dagrun for example_setup_teardown_taskflow to None, run_after=None
[2024-10-16T11:41:39.423+0000] {processor.py:208} INFO - Processing /home/airflow/.local/lib/python3.12/site-packages/airflow/example_dags/example_setup_teardown_taskflow.py took 0.083 seconds
[2024-10-16T11:42:10.330+0000] {processor.py:186} INFO - Started process (PID=127097) to work on /home/airflow/.local/lib/python3.12/site-packages/airflow/example_dags/example_setup_teardown_taskflow.py
[2024-10-16T11:42:10.331+0000] {processor.py:914} INFO - Processing file /home/airflow/.local/lib/python3.12/site-packages/airflow/example_dags/example_setup_teardown_taskflow.py for tasks to queue
[2024-10-16T11:42:10.333+0000] {logging_mixin.py:190} INFO - [2024-10-16T11:42:10.332+0000] {dagbag.py:588} INFO - Filling up the DagBag from /home/airflow/.local/lib/python3.12/site-packages/airflow/example_dags/example_setup_teardown_taskflow.py
[2024-10-16T11:42:10.345+0000] {processor.py:925} INFO - DAG(s) 'example_setup_teardown_taskflow' retrieved from /home/airflow/.local/lib/python3.12/site-packages/airflow/example_dags/example_setup_teardown_taskflow.py
[2024-10-16T11:42:10.369+0000] {logging_mixin.py:190} INFO - [2024-10-16T11:42:10.369+0000] {dag.py:3239} INFO - Sync 1 DAGs
[2024-10-16T11:42:10.391+0000] {logging_mixin.py:190} INFO - [2024-10-16T11:42:10.391+0000] {dag.py:4180} INFO - Setting next_dagrun for example_setup_teardown_taskflow to None, run_after=None
[2024-10-16T11:42:10.411+0000] {processor.py:208} INFO - Processing /home/airflow/.local/lib/python3.12/site-packages/airflow/example_dags/example_setup_teardown_taskflow.py took 0.088 seconds
[2024-10-16T11:42:40.474+0000] {processor.py:186} INFO - Started process (PID=127160) to work on /home/airflow/.local/lib/python3.12/site-packages/airflow/example_dags/example_setup_teardown_taskflow.py
[2024-10-16T11:42:40.476+0000] {processor.py:914} INFO - Processing file /home/airflow/.local/lib/python3.12/site-packages/airflow/example_dags/example_setup_teardown_taskflow.py for tasks to queue
[2024-10-16T11:42:40.477+0000] {logging_mixin.py:190} INFO - [2024-10-16T11:42:40.477+0000] {dagbag.py:588} INFO - Filling up the DagBag from /home/airflow/.local/lib/python3.12/site-packages/airflow/example_dags/example_setup_teardown_taskflow.py
[2024-10-16T11:42:40.489+0000] {processor.py:925} INFO - DAG(s) 'example_setup_teardown_taskflow' retrieved from /home/airflow/.local/lib/python3.12/site-packages/airflow/example_dags/example_setup_teardown_taskflow.py
[2024-10-16T11:42:40.512+0000] {logging_mixin.py:190} INFO - [2024-10-16T11:42:40.512+0000] {dag.py:3239} INFO - Sync 1 DAGs
[2024-10-16T11:42:40.528+0000] {logging_mixin.py:190} INFO - [2024-10-16T11:42:40.528+0000] {dag.py:4180} INFO - Setting next_dagrun for example_setup_teardown_taskflow to None, run_after=None
[2024-10-16T11:42:40.547+0000] {processor.py:208} INFO - Processing /home/airflow/.local/lib/python3.12/site-packages/airflow/example_dags/example_setup_teardown_taskflow.py took 0.079 seconds
[2024-10-16T11:43:11.238+0000] {processor.py:186} INFO - Started process (PID=127223) to work on /home/airflow/.local/lib/python3.12/site-packages/airflow/example_dags/example_setup_teardown_taskflow.py
[2024-10-16T11:43:11.239+0000] {processor.py:914} INFO - Processing file /home/airflow/.local/lib/python3.12/site-packages/airflow/example_dags/example_setup_teardown_taskflow.py for tasks to queue
[2024-10-16T11:43:11.240+0000] {logging_mixin.py:190} INFO - [2024-10-16T11:43:11.240+0000] {dagbag.py:588} INFO - Filling up the DagBag from /home/airflow/.local/lib/python3.12/site-packages/airflow/example_dags/example_setup_teardown_taskflow.py
[2024-10-16T11:43:11.253+0000] {processor.py:925} INFO - DAG(s) 'example_setup_teardown_taskflow' retrieved from /home/airflow/.local/lib/python3.12/site-packages/airflow/example_dags/example_setup_teardown_taskflow.py
[2024-10-16T11:43:11.277+0000] {logging_mixin.py:190} INFO - [2024-10-16T11:43:11.276+0000] {dag.py:3239} INFO - Sync 1 DAGs
[2024-10-16T11:43:11.294+0000] {logging_mixin.py:190} INFO - [2024-10-16T11:43:11.294+0000] {dag.py:4180} INFO - Setting next_dagrun for example_setup_teardown_taskflow to None, run_after=None
[2024-10-16T11:43:11.314+0000] {processor.py:208} INFO - Processing /home/airflow/.local/lib/python3.12/site-packages/airflow/example_dags/example_setup_teardown_taskflow.py took 0.082 seconds
[2024-10-16T11:43:41.504+0000] {processor.py:186} INFO - Started process (PID=127286) to work on /home/airflow/.local/lib/python3.12/site-packages/airflow/example_dags/example_setup_teardown_taskflow.py
[2024-10-16T11:43:41.505+0000] {processor.py:914} INFO - Processing file /home/airflow/.local/lib/python3.12/site-packages/airflow/example_dags/example_setup_teardown_taskflow.py for tasks to queue
[2024-10-16T11:43:41.507+0000] {logging_mixin.py:190} INFO - [2024-10-16T11:43:41.506+0000] {dagbag.py:588} INFO - Filling up the DagBag from /home/airflow/.local/lib/python3.12/site-packages/airflow/example_dags/example_setup_teardown_taskflow.py
[2024-10-16T11:43:41.518+0000] {processor.py:925} INFO - DAG(s) 'example_setup_teardown_taskflow' retrieved from /home/airflow/.local/lib/python3.12/site-packages/airflow/example_dags/example_setup_teardown_taskflow.py
[2024-10-16T11:43:41.543+0000] {logging_mixin.py:190} INFO - [2024-10-16T11:43:41.543+0000] {dag.py:3239} INFO - Sync 1 DAGs
[2024-10-16T11:43:41.559+0000] {logging_mixin.py:190} INFO - [2024-10-16T11:43:41.559+0000] {dag.py:4180} INFO - Setting next_dagrun for example_setup_teardown_taskflow to None, run_after=None
[2024-10-16T11:43:41.581+0000] {processor.py:208} INFO - Processing /home/airflow/.local/lib/python3.12/site-packages/airflow/example_dags/example_setup_teardown_taskflow.py took 0.083 seconds
[2024-10-16T11:44:11.735+0000] {processor.py:186} INFO - Started process (PID=127349) to work on /home/airflow/.local/lib/python3.12/site-packages/airflow/example_dags/example_setup_teardown_taskflow.py
[2024-10-16T11:44:11.735+0000] {processor.py:914} INFO - Processing file /home/airflow/.local/lib/python3.12/site-packages/airflow/example_dags/example_setup_teardown_taskflow.py for tasks to queue
[2024-10-16T11:44:11.737+0000] {logging_mixin.py:190} INFO - [2024-10-16T11:44:11.736+0000] {dagbag.py:588} INFO - Filling up the DagBag from /home/airflow/.local/lib/python3.12/site-packages/airflow/example_dags/example_setup_teardown_taskflow.py
[2024-10-16T11:44:11.748+0000] {processor.py:925} INFO - DAG(s) 'example_setup_teardown_taskflow' retrieved from /home/airflow/.local/lib/python3.12/site-packages/airflow/example_dags/example_setup_teardown_taskflow.py
[2024-10-16T11:44:11.772+0000] {logging_mixin.py:190} INFO - [2024-10-16T11:44:11.771+0000] {dag.py:3239} INFO - Sync 1 DAGs
[2024-10-16T11:44:11.789+0000] {logging_mixin.py:190} INFO - [2024-10-16T11:44:11.788+0000] {dag.py:4180} INFO - Setting next_dagrun for example_setup_teardown_taskflow to None, run_after=None
[2024-10-16T11:44:11.810+0000] {processor.py:208} INFO - Processing /home/airflow/.local/lib/python3.12/site-packages/airflow/example_dags/example_setup_teardown_taskflow.py took 0.082 seconds
[2024-10-16T11:44:42.380+0000] {processor.py:186} INFO - Started process (PID=127413) to work on /home/airflow/.local/lib/python3.12/site-packages/airflow/example_dags/example_setup_teardown_taskflow.py
[2024-10-16T11:44:42.382+0000] {processor.py:914} INFO - Processing file /home/airflow/.local/lib/python3.12/site-packages/airflow/example_dags/example_setup_teardown_taskflow.py for tasks to queue
[2024-10-16T11:44:42.383+0000] {logging_mixin.py:190} INFO - [2024-10-16T11:44:42.383+0000] {dagbag.py:588} INFO - Filling up the DagBag from /home/airflow/.local/lib/python3.12/site-packages/airflow/example_dags/example_setup_teardown_taskflow.py
[2024-10-16T11:44:42.396+0000] {processor.py:925} INFO - DAG(s) 'example_setup_teardown_taskflow' retrieved from /home/airflow/.local/lib/python3.12/site-packages/airflow/example_dags/example_setup_teardown_taskflow.py
[2024-10-16T11:44:42.420+0000] {logging_mixin.py:190} INFO - [2024-10-16T11:44:42.420+0000] {dag.py:3239} INFO - Sync 1 DAGs
[2024-10-16T11:44:42.437+0000] {logging_mixin.py:190} INFO - [2024-10-16T11:44:42.437+0000] {dag.py:4180} INFO - Setting next_dagrun for example_setup_teardown_taskflow to None, run_after=None
[2024-10-16T11:44:42.458+0000] {processor.py:208} INFO - Processing /home/airflow/.local/lib/python3.12/site-packages/airflow/example_dags/example_setup_teardown_taskflow.py took 0.084 seconds
[2024-10-16T11:45:12.734+0000] {processor.py:186} INFO - Started process (PID=127476) to work on /home/airflow/.local/lib/python3.12/site-packages/airflow/example_dags/example_setup_teardown_taskflow.py
[2024-10-16T11:45:12.736+0000] {processor.py:914} INFO - Processing file /home/airflow/.local/lib/python3.12/site-packages/airflow/example_dags/example_setup_teardown_taskflow.py for tasks to queue
[2024-10-16T11:45:12.737+0000] {logging_mixin.py:190} INFO - [2024-10-16T11:45:12.737+0000] {dagbag.py:588} INFO - Filling up the DagBag from /home/airflow/.local/lib/python3.12/site-packages/airflow/example_dags/example_setup_teardown_taskflow.py
[2024-10-16T11:45:12.749+0000] {processor.py:925} INFO - DAG(s) 'example_setup_teardown_taskflow' retrieved from /home/airflow/.local/lib/python3.12/site-packages/airflow/example_dags/example_setup_teardown_taskflow.py
[2024-10-16T11:45:12.773+0000] {logging_mixin.py:190} INFO - [2024-10-16T11:45:12.773+0000] {dag.py:3239} INFO - Sync 1 DAGs
[2024-10-16T11:45:12.791+0000] {logging_mixin.py:190} INFO - [2024-10-16T11:45:12.791+0000] {dag.py:4180} INFO - Setting next_dagrun for example_setup_teardown_taskflow to None, run_after=None
[2024-10-16T11:45:12.814+0000] {processor.py:208} INFO - Processing /home/airflow/.local/lib/python3.12/site-packages/airflow/example_dags/example_setup_teardown_taskflow.py took 0.087 seconds
[2024-10-16T11:45:43.125+0000] {processor.py:186} INFO - Started process (PID=127539) to work on /home/airflow/.local/lib/python3.12/site-packages/airflow/example_dags/example_setup_teardown_taskflow.py
[2024-10-16T11:45:43.126+0000] {processor.py:914} INFO - Processing file /home/airflow/.local/lib/python3.12/site-packages/airflow/example_dags/example_setup_teardown_taskflow.py for tasks to queue
[2024-10-16T11:45:43.127+0000] {logging_mixin.py:190} INFO - [2024-10-16T11:45:43.127+0000] {dagbag.py:588} INFO - Filling up the DagBag from /home/airflow/.local/lib/python3.12/site-packages/airflow/example_dags/example_setup_teardown_taskflow.py
[2024-10-16T11:45:43.142+0000] {processor.py:925} INFO - DAG(s) 'example_setup_teardown_taskflow' retrieved from /home/airflow/.local/lib/python3.12/site-packages/airflow/example_dags/example_setup_teardown_taskflow.py
[2024-10-16T11:45:43.168+0000] {logging_mixin.py:190} INFO - [2024-10-16T11:45:43.167+0000] {dag.py:3239} INFO - Sync 1 DAGs
[2024-10-16T11:45:43.184+0000] {logging_mixin.py:190} INFO - [2024-10-16T11:45:43.184+0000] {dag.py:4180} INFO - Setting next_dagrun for example_setup_teardown_taskflow to None, run_after=None
[2024-10-16T11:45:43.204+0000] {processor.py:208} INFO - Processing /home/airflow/.local/lib/python3.12/site-packages/airflow/example_dags/example_setup_teardown_taskflow.py took 0.087 seconds
