[2024-10-16T11:30:02.105+0000] {processor.py:186} INFO - Started process (PID=125595) to work on /home/airflow/.local/lib/python3.12/site-packages/airflow/example_dags/example_trigger_target_dag.py
[2024-10-16T11:30:02.107+0000] {processor.py:914} INFO - Processing file /home/airflow/.local/lib/python3.12/site-packages/airflow/example_dags/example_trigger_target_dag.py for tasks to queue
[2024-10-16T11:30:02.112+0000] {logging_mixin.py:190} INFO - [2024-10-16T11:30:02.110+0000] {dagbag.py:588} INFO - Filling up the DagBag from /home/airflow/.local/lib/python3.12/site-packages/airflow/example_dags/example_trigger_target_dag.py
[2024-10-16T11:30:02.132+0000] {processor.py:925} INFO - DAG(s) 'example_trigger_target_dag' retrieved from /home/airflow/.local/lib/python3.12/site-packages/airflow/example_dags/example_trigger_target_dag.py
[2024-10-16T11:30:02.196+0000] {logging_mixin.py:190} INFO - [2024-10-16T11:30:02.196+0000] {dag.py:3239} INFO - Sync 1 DAGs
[2024-10-16T11:30:02.274+0000] {logging_mixin.py:190} INFO - [2024-10-16T11:30:02.273+0000] {dag.py:4180} INFO - Setting next_dagrun for example_trigger_target_dag to None, run_after=None
[2024-10-16T11:30:02.333+0000] {processor.py:208} INFO - Processing /home/airflow/.local/lib/python3.12/site-packages/airflow/example_dags/example_trigger_target_dag.py took 0.242 seconds
[2024-10-16T11:30:32.994+0000] {processor.py:186} INFO - Started process (PID=125659) to work on /home/airflow/.local/lib/python3.12/site-packages/airflow/example_dags/example_trigger_target_dag.py
[2024-10-16T11:30:32.996+0000] {processor.py:914} INFO - Processing file /home/airflow/.local/lib/python3.12/site-packages/airflow/example_dags/example_trigger_target_dag.py for tasks to queue
[2024-10-16T11:30:32.999+0000] {logging_mixin.py:190} INFO - [2024-10-16T11:30:32.998+0000] {dagbag.py:588} INFO - Filling up the DagBag from /home/airflow/.local/lib/python3.12/site-packages/airflow/example_dags/example_trigger_target_dag.py
[2024-10-16T11:30:33.014+0000] {processor.py:925} INFO - DAG(s) 'example_trigger_target_dag' retrieved from /home/airflow/.local/lib/python3.12/site-packages/airflow/example_dags/example_trigger_target_dag.py
[2024-10-16T11:30:33.047+0000] {logging_mixin.py:190} INFO - [2024-10-16T11:30:33.047+0000] {dag.py:3239} INFO - Sync 1 DAGs
[2024-10-16T11:30:33.072+0000] {logging_mixin.py:190} INFO - [2024-10-16T11:30:33.072+0000] {dag.py:4180} INFO - Setting next_dagrun for example_trigger_target_dag to None, run_after=None
[2024-10-16T11:30:33.101+0000] {processor.py:208} INFO - Processing /home/airflow/.local/lib/python3.12/site-packages/airflow/example_dags/example_trigger_target_dag.py took 0.116 seconds
[2024-10-16T11:31:03.975+0000] {processor.py:186} INFO - Started process (PID=125722) to work on /home/airflow/.local/lib/python3.12/site-packages/airflow/example_dags/example_trigger_target_dag.py
[2024-10-16T11:31:03.976+0000] {processor.py:914} INFO - Processing file /home/airflow/.local/lib/python3.12/site-packages/airflow/example_dags/example_trigger_target_dag.py for tasks to queue
[2024-10-16T11:31:03.978+0000] {logging_mixin.py:190} INFO - [2024-10-16T11:31:03.977+0000] {dagbag.py:588} INFO - Filling up the DagBag from /home/airflow/.local/lib/python3.12/site-packages/airflow/example_dags/example_trigger_target_dag.py
[2024-10-16T11:31:03.985+0000] {processor.py:925} INFO - DAG(s) 'example_trigger_target_dag' retrieved from /home/airflow/.local/lib/python3.12/site-packages/airflow/example_dags/example_trigger_target_dag.py
[2024-10-16T11:31:04.003+0000] {logging_mixin.py:190} INFO - [2024-10-16T11:31:04.003+0000] {dag.py:3239} INFO - Sync 1 DAGs
[2024-10-16T11:31:04.018+0000] {logging_mixin.py:190} INFO - [2024-10-16T11:31:04.018+0000] {dag.py:4180} INFO - Setting next_dagrun for example_trigger_target_dag to None, run_after=None
[2024-10-16T11:31:04.039+0000] {processor.py:208} INFO - Processing /home/airflow/.local/lib/python3.12/site-packages/airflow/example_dags/example_trigger_target_dag.py took 0.069 seconds
[2024-10-16T11:31:34.617+0000] {processor.py:186} INFO - Started process (PID=125785) to work on /home/airflow/.local/lib/python3.12/site-packages/airflow/example_dags/example_trigger_target_dag.py
[2024-10-16T11:31:34.618+0000] {processor.py:914} INFO - Processing file /home/airflow/.local/lib/python3.12/site-packages/airflow/example_dags/example_trigger_target_dag.py for tasks to queue
[2024-10-16T11:31:34.619+0000] {logging_mixin.py:190} INFO - [2024-10-16T11:31:34.619+0000] {dagbag.py:588} INFO - Filling up the DagBag from /home/airflow/.local/lib/python3.12/site-packages/airflow/example_dags/example_trigger_target_dag.py
[2024-10-16T11:31:34.626+0000] {processor.py:925} INFO - DAG(s) 'example_trigger_target_dag' retrieved from /home/airflow/.local/lib/python3.12/site-packages/airflow/example_dags/example_trigger_target_dag.py
[2024-10-16T11:31:34.641+0000] {logging_mixin.py:190} INFO - [2024-10-16T11:31:34.640+0000] {dag.py:3239} INFO - Sync 1 DAGs
[2024-10-16T11:31:34.654+0000] {logging_mixin.py:190} INFO - [2024-10-16T11:31:34.654+0000] {dag.py:4180} INFO - Setting next_dagrun for example_trigger_target_dag to None, run_after=None
[2024-10-16T11:31:34.669+0000] {processor.py:208} INFO - Processing /home/airflow/.local/lib/python3.12/site-packages/airflow/example_dags/example_trigger_target_dag.py took 0.057 seconds
[2024-10-16T11:32:05.759+0000] {processor.py:186} INFO - Started process (PID=125848) to work on /home/airflow/.local/lib/python3.12/site-packages/airflow/example_dags/example_trigger_target_dag.py
[2024-10-16T11:32:05.760+0000] {processor.py:914} INFO - Processing file /home/airflow/.local/lib/python3.12/site-packages/airflow/example_dags/example_trigger_target_dag.py for tasks to queue
[2024-10-16T11:32:05.762+0000] {logging_mixin.py:190} INFO - [2024-10-16T11:32:05.761+0000] {dagbag.py:588} INFO - Filling up the DagBag from /home/airflow/.local/lib/python3.12/site-packages/airflow/example_dags/example_trigger_target_dag.py
[2024-10-16T11:32:05.770+0000] {processor.py:925} INFO - DAG(s) 'example_trigger_target_dag' retrieved from /home/airflow/.local/lib/python3.12/site-packages/airflow/example_dags/example_trigger_target_dag.py
[2024-10-16T11:32:05.792+0000] {logging_mixin.py:190} INFO - [2024-10-16T11:32:05.791+0000] {dag.py:3239} INFO - Sync 1 DAGs
[2024-10-16T11:32:05.812+0000] {logging_mixin.py:190} INFO - [2024-10-16T11:32:05.812+0000] {dag.py:4180} INFO - Setting next_dagrun for example_trigger_target_dag to None, run_after=None
[2024-10-16T11:32:05.829+0000] {processor.py:208} INFO - Processing /home/airflow/.local/lib/python3.12/site-packages/airflow/example_dags/example_trigger_target_dag.py took 0.076 seconds
[2024-10-16T11:32:36.643+0000] {processor.py:186} INFO - Started process (PID=125911) to work on /home/airflow/.local/lib/python3.12/site-packages/airflow/example_dags/example_trigger_target_dag.py
[2024-10-16T11:32:36.644+0000] {processor.py:914} INFO - Processing file /home/airflow/.local/lib/python3.12/site-packages/airflow/example_dags/example_trigger_target_dag.py for tasks to queue
[2024-10-16T11:32:36.646+0000] {logging_mixin.py:190} INFO - [2024-10-16T11:32:36.645+0000] {dagbag.py:588} INFO - Filling up the DagBag from /home/airflow/.local/lib/python3.12/site-packages/airflow/example_dags/example_trigger_target_dag.py
[2024-10-16T11:32:36.653+0000] {processor.py:925} INFO - DAG(s) 'example_trigger_target_dag' retrieved from /home/airflow/.local/lib/python3.12/site-packages/airflow/example_dags/example_trigger_target_dag.py
[2024-10-16T11:32:36.671+0000] {logging_mixin.py:190} INFO - [2024-10-16T11:32:36.671+0000] {dag.py:3239} INFO - Sync 1 DAGs
[2024-10-16T11:32:36.686+0000] {logging_mixin.py:190} INFO - [2024-10-16T11:32:36.685+0000] {dag.py:4180} INFO - Setting next_dagrun for example_trigger_target_dag to None, run_after=None
[2024-10-16T11:32:36.705+0000] {processor.py:208} INFO - Processing /home/airflow/.local/lib/python3.12/site-packages/airflow/example_dags/example_trigger_target_dag.py took 0.068 seconds
[2024-10-16T11:33:07.092+0000] {processor.py:186} INFO - Started process (PID=125974) to work on /home/airflow/.local/lib/python3.12/site-packages/airflow/example_dags/example_trigger_target_dag.py
[2024-10-16T11:33:07.093+0000] {processor.py:914} INFO - Processing file /home/airflow/.local/lib/python3.12/site-packages/airflow/example_dags/example_trigger_target_dag.py for tasks to queue
[2024-10-16T11:33:07.094+0000] {logging_mixin.py:190} INFO - [2024-10-16T11:33:07.094+0000] {dagbag.py:588} INFO - Filling up the DagBag from /home/airflow/.local/lib/python3.12/site-packages/airflow/example_dags/example_trigger_target_dag.py
[2024-10-16T11:33:07.101+0000] {processor.py:925} INFO - DAG(s) 'example_trigger_target_dag' retrieved from /home/airflow/.local/lib/python3.12/site-packages/airflow/example_dags/example_trigger_target_dag.py
[2024-10-16T11:33:07.118+0000] {logging_mixin.py:190} INFO - [2024-10-16T11:33:07.117+0000] {dag.py:3239} INFO - Sync 1 DAGs
[2024-10-16T11:33:07.131+0000] {logging_mixin.py:190} INFO - [2024-10-16T11:33:07.131+0000] {dag.py:4180} INFO - Setting next_dagrun for example_trigger_target_dag to None, run_after=None
[2024-10-16T11:33:07.149+0000] {processor.py:208} INFO - Processing /home/airflow/.local/lib/python3.12/site-packages/airflow/example_dags/example_trigger_target_dag.py took 0.063 seconds
[2024-10-16T11:33:37.474+0000] {processor.py:186} INFO - Started process (PID=126037) to work on /home/airflow/.local/lib/python3.12/site-packages/airflow/example_dags/example_trigger_target_dag.py
[2024-10-16T11:33:37.475+0000] {processor.py:914} INFO - Processing file /home/airflow/.local/lib/python3.12/site-packages/airflow/example_dags/example_trigger_target_dag.py for tasks to queue
[2024-10-16T11:33:37.477+0000] {logging_mixin.py:190} INFO - [2024-10-16T11:33:37.476+0000] {dagbag.py:588} INFO - Filling up the DagBag from /home/airflow/.local/lib/python3.12/site-packages/airflow/example_dags/example_trigger_target_dag.py
[2024-10-16T11:33:37.485+0000] {processor.py:925} INFO - DAG(s) 'example_trigger_target_dag' retrieved from /home/airflow/.local/lib/python3.12/site-packages/airflow/example_dags/example_trigger_target_dag.py
[2024-10-16T11:33:37.502+0000] {logging_mixin.py:190} INFO - [2024-10-16T11:33:37.501+0000] {dag.py:3239} INFO - Sync 1 DAGs
[2024-10-16T11:33:37.515+0000] {logging_mixin.py:190} INFO - [2024-10-16T11:33:37.515+0000] {dag.py:4180} INFO - Setting next_dagrun for example_trigger_target_dag to None, run_after=None
[2024-10-16T11:33:37.533+0000] {processor.py:208} INFO - Processing /home/airflow/.local/lib/python3.12/site-packages/airflow/example_dags/example_trigger_target_dag.py took 0.067 seconds
[2024-10-16T11:34:07.994+0000] {processor.py:186} INFO - Started process (PID=126100) to work on /home/airflow/.local/lib/python3.12/site-packages/airflow/example_dags/example_trigger_target_dag.py
[2024-10-16T11:34:07.995+0000] {processor.py:914} INFO - Processing file /home/airflow/.local/lib/python3.12/site-packages/airflow/example_dags/example_trigger_target_dag.py for tasks to queue
[2024-10-16T11:34:07.997+0000] {logging_mixin.py:190} INFO - [2024-10-16T11:34:07.996+0000] {dagbag.py:588} INFO - Filling up the DagBag from /home/airflow/.local/lib/python3.12/site-packages/airflow/example_dags/example_trigger_target_dag.py
[2024-10-16T11:34:08.005+0000] {processor.py:925} INFO - DAG(s) 'example_trigger_target_dag' retrieved from /home/airflow/.local/lib/python3.12/site-packages/airflow/example_dags/example_trigger_target_dag.py
[2024-10-16T11:34:08.024+0000] {logging_mixin.py:190} INFO - [2024-10-16T11:34:08.023+0000] {dag.py:3239} INFO - Sync 1 DAGs
[2024-10-16T11:34:08.039+0000] {logging_mixin.py:190} INFO - [2024-10-16T11:34:08.039+0000] {dag.py:4180} INFO - Setting next_dagrun for example_trigger_target_dag to None, run_after=None
[2024-10-16T11:34:08.056+0000] {processor.py:208} INFO - Processing /home/airflow/.local/lib/python3.12/site-packages/airflow/example_dags/example_trigger_target_dag.py took 0.067 seconds
[2024-10-16T11:34:38.253+0000] {processor.py:186} INFO - Started process (PID=126164) to work on /home/airflow/.local/lib/python3.12/site-packages/airflow/example_dags/example_trigger_target_dag.py
[2024-10-16T11:34:38.254+0000] {processor.py:914} INFO - Processing file /home/airflow/.local/lib/python3.12/site-packages/airflow/example_dags/example_trigger_target_dag.py for tasks to queue
[2024-10-16T11:34:38.255+0000] {logging_mixin.py:190} INFO - [2024-10-16T11:34:38.254+0000] {dagbag.py:588} INFO - Filling up the DagBag from /home/airflow/.local/lib/python3.12/site-packages/airflow/example_dags/example_trigger_target_dag.py
[2024-10-16T11:34:38.262+0000] {processor.py:925} INFO - DAG(s) 'example_trigger_target_dag' retrieved from /home/airflow/.local/lib/python3.12/site-packages/airflow/example_dags/example_trigger_target_dag.py
[2024-10-16T11:34:38.279+0000] {logging_mixin.py:190} INFO - [2024-10-16T11:34:38.278+0000] {dag.py:3239} INFO - Sync 1 DAGs
[2024-10-16T11:34:38.293+0000] {logging_mixin.py:190} INFO - [2024-10-16T11:34:38.293+0000] {dag.py:4180} INFO - Setting next_dagrun for example_trigger_target_dag to None, run_after=None
[2024-10-16T11:34:38.312+0000] {processor.py:208} INFO - Processing /home/airflow/.local/lib/python3.12/site-packages/airflow/example_dags/example_trigger_target_dag.py took 0.064 seconds
[2024-10-16T11:35:09.224+0000] {processor.py:186} INFO - Started process (PID=126227) to work on /home/airflow/.local/lib/python3.12/site-packages/airflow/example_dags/example_trigger_target_dag.py
[2024-10-16T11:35:09.225+0000] {processor.py:914} INFO - Processing file /home/airflow/.local/lib/python3.12/site-packages/airflow/example_dags/example_trigger_target_dag.py for tasks to queue
[2024-10-16T11:35:09.226+0000] {logging_mixin.py:190} INFO - [2024-10-16T11:35:09.226+0000] {dagbag.py:588} INFO - Filling up the DagBag from /home/airflow/.local/lib/python3.12/site-packages/airflow/example_dags/example_trigger_target_dag.py
[2024-10-16T11:35:09.233+0000] {processor.py:925} INFO - DAG(s) 'example_trigger_target_dag' retrieved from /home/airflow/.local/lib/python3.12/site-packages/airflow/example_dags/example_trigger_target_dag.py
[2024-10-16T11:35:09.251+0000] {logging_mixin.py:190} INFO - [2024-10-16T11:35:09.251+0000] {dag.py:3239} INFO - Sync 1 DAGs
[2024-10-16T11:35:09.265+0000] {logging_mixin.py:190} INFO - [2024-10-16T11:35:09.265+0000] {dag.py:4180} INFO - Setting next_dagrun for example_trigger_target_dag to None, run_after=None
[2024-10-16T11:35:09.283+0000] {processor.py:208} INFO - Processing /home/airflow/.local/lib/python3.12/site-packages/airflow/example_dags/example_trigger_target_dag.py took 0.064 seconds
[2024-10-16T11:35:39.743+0000] {processor.py:186} INFO - Started process (PID=126290) to work on /home/airflow/.local/lib/python3.12/site-packages/airflow/example_dags/example_trigger_target_dag.py
[2024-10-16T11:35:39.744+0000] {processor.py:914} INFO - Processing file /home/airflow/.local/lib/python3.12/site-packages/airflow/example_dags/example_trigger_target_dag.py for tasks to queue
[2024-10-16T11:35:39.746+0000] {logging_mixin.py:190} INFO - [2024-10-16T11:35:39.745+0000] {dagbag.py:588} INFO - Filling up the DagBag from /home/airflow/.local/lib/python3.12/site-packages/airflow/example_dags/example_trigger_target_dag.py
[2024-10-16T11:35:39.757+0000] {processor.py:925} INFO - DAG(s) 'example_trigger_target_dag' retrieved from /home/airflow/.local/lib/python3.12/site-packages/airflow/example_dags/example_trigger_target_dag.py
[2024-10-16T11:35:39.776+0000] {logging_mixin.py:190} INFO - [2024-10-16T11:35:39.776+0000] {dag.py:3239} INFO - Sync 1 DAGs
[2024-10-16T11:35:39.790+0000] {logging_mixin.py:190} INFO - [2024-10-16T11:35:39.790+0000] {dag.py:4180} INFO - Setting next_dagrun for example_trigger_target_dag to None, run_after=None
[2024-10-16T11:35:39.806+0000] {processor.py:208} INFO - Processing /home/airflow/.local/lib/python3.12/site-packages/airflow/example_dags/example_trigger_target_dag.py took 0.068 seconds
[2024-10-16T11:36:10.480+0000] {processor.py:186} INFO - Started process (PID=126353) to work on /home/airflow/.local/lib/python3.12/site-packages/airflow/example_dags/example_trigger_target_dag.py
[2024-10-16T11:36:10.481+0000] {processor.py:914} INFO - Processing file /home/airflow/.local/lib/python3.12/site-packages/airflow/example_dags/example_trigger_target_dag.py for tasks to queue
[2024-10-16T11:36:10.482+0000] {logging_mixin.py:190} INFO - [2024-10-16T11:36:10.482+0000] {dagbag.py:588} INFO - Filling up the DagBag from /home/airflow/.local/lib/python3.12/site-packages/airflow/example_dags/example_trigger_target_dag.py
[2024-10-16T11:36:10.491+0000] {processor.py:925} INFO - DAG(s) 'example_trigger_target_dag' retrieved from /home/airflow/.local/lib/python3.12/site-packages/airflow/example_dags/example_trigger_target_dag.py
[2024-10-16T11:36:10.509+0000] {logging_mixin.py:190} INFO - [2024-10-16T11:36:10.509+0000] {dag.py:3239} INFO - Sync 1 DAGs
[2024-10-16T11:36:10.527+0000] {logging_mixin.py:190} INFO - [2024-10-16T11:36:10.527+0000] {dag.py:4180} INFO - Setting next_dagrun for example_trigger_target_dag to None, run_after=None
[2024-10-16T11:36:10.543+0000] {processor.py:208} INFO - Processing /home/airflow/.local/lib/python3.12/site-packages/airflow/example_dags/example_trigger_target_dag.py took 0.069 seconds
[2024-10-16T11:36:40.967+0000] {processor.py:186} INFO - Started process (PID=126417) to work on /home/airflow/.local/lib/python3.12/site-packages/airflow/example_dags/example_trigger_target_dag.py
[2024-10-16T11:36:40.968+0000] {processor.py:914} INFO - Processing file /home/airflow/.local/lib/python3.12/site-packages/airflow/example_dags/example_trigger_target_dag.py for tasks to queue
[2024-10-16T11:36:40.969+0000] {logging_mixin.py:190} INFO - [2024-10-16T11:36:40.969+0000] {dagbag.py:588} INFO - Filling up the DagBag from /home/airflow/.local/lib/python3.12/site-packages/airflow/example_dags/example_trigger_target_dag.py
[2024-10-16T11:36:40.976+0000] {processor.py:925} INFO - DAG(s) 'example_trigger_target_dag' retrieved from /home/airflow/.local/lib/python3.12/site-packages/airflow/example_dags/example_trigger_target_dag.py
[2024-10-16T11:36:40.993+0000] {logging_mixin.py:190} INFO - [2024-10-16T11:36:40.993+0000] {dag.py:3239} INFO - Sync 1 DAGs
[2024-10-16T11:36:41.007+0000] {logging_mixin.py:190} INFO - [2024-10-16T11:36:41.007+0000] {dag.py:4180} INFO - Setting next_dagrun for example_trigger_target_dag to None, run_after=None
[2024-10-16T11:36:41.022+0000] {processor.py:208} INFO - Processing /home/airflow/.local/lib/python3.12/site-packages/airflow/example_dags/example_trigger_target_dag.py took 0.061 seconds
[2024-10-16T11:37:11.425+0000] {processor.py:186} INFO - Started process (PID=126480) to work on /home/airflow/.local/lib/python3.12/site-packages/airflow/example_dags/example_trigger_target_dag.py
[2024-10-16T11:37:11.426+0000] {processor.py:914} INFO - Processing file /home/airflow/.local/lib/python3.12/site-packages/airflow/example_dags/example_trigger_target_dag.py for tasks to queue
[2024-10-16T11:37:11.427+0000] {logging_mixin.py:190} INFO - [2024-10-16T11:37:11.427+0000] {dagbag.py:588} INFO - Filling up the DagBag from /home/airflow/.local/lib/python3.12/site-packages/airflow/example_dags/example_trigger_target_dag.py
[2024-10-16T11:37:11.435+0000] {processor.py:925} INFO - DAG(s) 'example_trigger_target_dag' retrieved from /home/airflow/.local/lib/python3.12/site-packages/airflow/example_dags/example_trigger_target_dag.py
[2024-10-16T11:37:11.455+0000] {logging_mixin.py:190} INFO - [2024-10-16T11:37:11.454+0000] {dag.py:3239} INFO - Sync 1 DAGs
[2024-10-16T11:37:11.471+0000] {logging_mixin.py:190} INFO - [2024-10-16T11:37:11.470+0000] {dag.py:4180} INFO - Setting next_dagrun for example_trigger_target_dag to None, run_after=None
[2024-10-16T11:37:11.486+0000] {processor.py:208} INFO - Processing /home/airflow/.local/lib/python3.12/site-packages/airflow/example_dags/example_trigger_target_dag.py took 0.067 seconds
[2024-10-16T11:37:42.065+0000] {processor.py:186} INFO - Started process (PID=126543) to work on /home/airflow/.local/lib/python3.12/site-packages/airflow/example_dags/example_trigger_target_dag.py
[2024-10-16T11:37:42.066+0000] {processor.py:914} INFO - Processing file /home/airflow/.local/lib/python3.12/site-packages/airflow/example_dags/example_trigger_target_dag.py for tasks to queue
[2024-10-16T11:37:42.068+0000] {logging_mixin.py:190} INFO - [2024-10-16T11:37:42.068+0000] {dagbag.py:588} INFO - Filling up the DagBag from /home/airflow/.local/lib/python3.12/site-packages/airflow/example_dags/example_trigger_target_dag.py
[2024-10-16T11:37:42.082+0000] {processor.py:925} INFO - DAG(s) 'example_trigger_target_dag' retrieved from /home/airflow/.local/lib/python3.12/site-packages/airflow/example_dags/example_trigger_target_dag.py
[2024-10-16T11:37:42.115+0000] {logging_mixin.py:190} INFO - [2024-10-16T11:37:42.115+0000] {dag.py:3239} INFO - Sync 1 DAGs
[2024-10-16T11:37:42.142+0000] {logging_mixin.py:190} INFO - [2024-10-16T11:37:42.142+0000] {dag.py:4180} INFO - Setting next_dagrun for example_trigger_target_dag to None, run_after=None
[2024-10-16T11:37:42.167+0000] {processor.py:208} INFO - Processing /home/airflow/.local/lib/python3.12/site-packages/airflow/example_dags/example_trigger_target_dag.py took 0.119 seconds
[2024-10-16T11:38:12.599+0000] {processor.py:186} INFO - Started process (PID=126606) to work on /home/airflow/.local/lib/python3.12/site-packages/airflow/example_dags/example_trigger_target_dag.py
[2024-10-16T11:38:12.600+0000] {processor.py:914} INFO - Processing file /home/airflow/.local/lib/python3.12/site-packages/airflow/example_dags/example_trigger_target_dag.py for tasks to queue
[2024-10-16T11:38:12.602+0000] {logging_mixin.py:190} INFO - [2024-10-16T11:38:12.601+0000] {dagbag.py:588} INFO - Filling up the DagBag from /home/airflow/.local/lib/python3.12/site-packages/airflow/example_dags/example_trigger_target_dag.py
[2024-10-16T11:38:12.611+0000] {processor.py:925} INFO - DAG(s) 'example_trigger_target_dag' retrieved from /home/airflow/.local/lib/python3.12/site-packages/airflow/example_dags/example_trigger_target_dag.py
[2024-10-16T11:38:12.634+0000] {logging_mixin.py:190} INFO - [2024-10-16T11:38:12.634+0000] {dag.py:3239} INFO - Sync 1 DAGs
[2024-10-16T11:38:12.653+0000] {logging_mixin.py:190} INFO - [2024-10-16T11:38:12.652+0000] {dag.py:4180} INFO - Setting next_dagrun for example_trigger_target_dag to None, run_after=None
[2024-10-16T11:38:12.686+0000] {processor.py:208} INFO - Processing /home/airflow/.local/lib/python3.12/site-packages/airflow/example_dags/example_trigger_target_dag.py took 0.094 seconds
[2024-10-16T11:38:42.989+0000] {processor.py:186} INFO - Started process (PID=126670) to work on /home/airflow/.local/lib/python3.12/site-packages/airflow/example_dags/example_trigger_target_dag.py
[2024-10-16T11:38:42.990+0000] {processor.py:914} INFO - Processing file /home/airflow/.local/lib/python3.12/site-packages/airflow/example_dags/example_trigger_target_dag.py for tasks to queue
[2024-10-16T11:38:42.991+0000] {logging_mixin.py:190} INFO - [2024-10-16T11:38:42.991+0000] {dagbag.py:588} INFO - Filling up the DagBag from /home/airflow/.local/lib/python3.12/site-packages/airflow/example_dags/example_trigger_target_dag.py
[2024-10-16T11:38:43.004+0000] {processor.py:925} INFO - DAG(s) 'example_trigger_target_dag' retrieved from /home/airflow/.local/lib/python3.12/site-packages/airflow/example_dags/example_trigger_target_dag.py
[2024-10-16T11:38:43.026+0000] {logging_mixin.py:190} INFO - [2024-10-16T11:38:43.025+0000] {dag.py:3239} INFO - Sync 1 DAGs
[2024-10-16T11:38:43.044+0000] {logging_mixin.py:190} INFO - [2024-10-16T11:38:43.044+0000] {dag.py:4180} INFO - Setting next_dagrun for example_trigger_target_dag to None, run_after=None
[2024-10-16T11:38:43.066+0000] {processor.py:208} INFO - Processing /home/airflow/.local/lib/python3.12/site-packages/airflow/example_dags/example_trigger_target_dag.py took 0.087 seconds
[2024-10-16T11:39:13.901+0000] {processor.py:186} INFO - Started process (PID=126732) to work on /home/airflow/.local/lib/python3.12/site-packages/airflow/example_dags/example_trigger_target_dag.py
[2024-10-16T11:39:13.903+0000] {processor.py:914} INFO - Processing file /home/airflow/.local/lib/python3.12/site-packages/airflow/example_dags/example_trigger_target_dag.py for tasks to queue
[2024-10-16T11:39:13.904+0000] {logging_mixin.py:190} INFO - [2024-10-16T11:39:13.904+0000] {dagbag.py:588} INFO - Filling up the DagBag from /home/airflow/.local/lib/python3.12/site-packages/airflow/example_dags/example_trigger_target_dag.py
[2024-10-16T11:39:13.914+0000] {processor.py:925} INFO - DAG(s) 'example_trigger_target_dag' retrieved from /home/airflow/.local/lib/python3.12/site-packages/airflow/example_dags/example_trigger_target_dag.py
[2024-10-16T11:39:13.934+0000] {logging_mixin.py:190} INFO - [2024-10-16T11:39:13.934+0000] {dag.py:3239} INFO - Sync 1 DAGs
[2024-10-16T11:39:13.954+0000] {logging_mixin.py:190} INFO - [2024-10-16T11:39:13.954+0000] {dag.py:4180} INFO - Setting next_dagrun for example_trigger_target_dag to None, run_after=None
[2024-10-16T11:39:13.974+0000] {processor.py:208} INFO - Processing /home/airflow/.local/lib/python3.12/site-packages/airflow/example_dags/example_trigger_target_dag.py took 0.082 seconds
[2024-10-16T11:39:44.744+0000] {processor.py:186} INFO - Started process (PID=126801) to work on /home/airflow/.local/lib/python3.12/site-packages/airflow/example_dags/example_trigger_target_dag.py
[2024-10-16T11:39:44.745+0000] {processor.py:914} INFO - Processing file /home/airflow/.local/lib/python3.12/site-packages/airflow/example_dags/example_trigger_target_dag.py for tasks to queue
[2024-10-16T11:39:44.747+0000] {logging_mixin.py:190} INFO - [2024-10-16T11:39:44.746+0000] {dagbag.py:588} INFO - Filling up the DagBag from /home/airflow/.local/lib/python3.12/site-packages/airflow/example_dags/example_trigger_target_dag.py
[2024-10-16T11:39:44.758+0000] {processor.py:925} INFO - DAG(s) 'example_trigger_target_dag' retrieved from /home/airflow/.local/lib/python3.12/site-packages/airflow/example_dags/example_trigger_target_dag.py
[2024-10-16T11:39:44.777+0000] {logging_mixin.py:190} INFO - [2024-10-16T11:39:44.777+0000] {dag.py:3239} INFO - Sync 1 DAGs
[2024-10-16T11:39:44.793+0000] {logging_mixin.py:190} INFO - [2024-10-16T11:39:44.793+0000] {dag.py:4180} INFO - Setting next_dagrun for example_trigger_target_dag to None, run_after=None
[2024-10-16T11:39:44.814+0000] {processor.py:208} INFO - Processing /home/airflow/.local/lib/python3.12/site-packages/airflow/example_dags/example_trigger_target_dag.py took 0.076 seconds
[2024-10-16T11:40:15.558+0000] {processor.py:186} INFO - Started process (PID=126863) to work on /home/airflow/.local/lib/python3.12/site-packages/airflow/example_dags/example_trigger_target_dag.py
[2024-10-16T11:40:15.559+0000] {processor.py:914} INFO - Processing file /home/airflow/.local/lib/python3.12/site-packages/airflow/example_dags/example_trigger_target_dag.py for tasks to queue
[2024-10-16T11:40:15.560+0000] {logging_mixin.py:190} INFO - [2024-10-16T11:40:15.560+0000] {dagbag.py:588} INFO - Filling up the DagBag from /home/airflow/.local/lib/python3.12/site-packages/airflow/example_dags/example_trigger_target_dag.py
[2024-10-16T11:40:15.570+0000] {processor.py:925} INFO - DAG(s) 'example_trigger_target_dag' retrieved from /home/airflow/.local/lib/python3.12/site-packages/airflow/example_dags/example_trigger_target_dag.py
[2024-10-16T11:40:15.590+0000] {logging_mixin.py:190} INFO - [2024-10-16T11:40:15.590+0000] {dag.py:3239} INFO - Sync 1 DAGs
[2024-10-16T11:40:15.608+0000] {logging_mixin.py:190} INFO - [2024-10-16T11:40:15.608+0000] {dag.py:4180} INFO - Setting next_dagrun for example_trigger_target_dag to None, run_after=None
[2024-10-16T11:40:15.630+0000] {processor.py:208} INFO - Processing /home/airflow/.local/lib/python3.12/site-packages/airflow/example_dags/example_trigger_target_dag.py took 0.080 seconds
[2024-10-16T11:40:45.940+0000] {processor.py:186} INFO - Started process (PID=126926) to work on /home/airflow/.local/lib/python3.12/site-packages/airflow/example_dags/example_trigger_target_dag.py
[2024-10-16T11:40:45.941+0000] {processor.py:914} INFO - Processing file /home/airflow/.local/lib/python3.12/site-packages/airflow/example_dags/example_trigger_target_dag.py for tasks to queue
[2024-10-16T11:40:45.942+0000] {logging_mixin.py:190} INFO - [2024-10-16T11:40:45.942+0000] {dagbag.py:588} INFO - Filling up the DagBag from /home/airflow/.local/lib/python3.12/site-packages/airflow/example_dags/example_trigger_target_dag.py
[2024-10-16T11:40:45.951+0000] {processor.py:925} INFO - DAG(s) 'example_trigger_target_dag' retrieved from /home/airflow/.local/lib/python3.12/site-packages/airflow/example_dags/example_trigger_target_dag.py
[2024-10-16T11:40:45.972+0000] {logging_mixin.py:190} INFO - [2024-10-16T11:40:45.971+0000] {dag.py:3239} INFO - Sync 1 DAGs
[2024-10-16T11:40:45.996+0000] {logging_mixin.py:190} INFO - [2024-10-16T11:40:45.995+0000] {dag.py:4180} INFO - Setting next_dagrun for example_trigger_target_dag to None, run_after=None
[2024-10-16T11:40:46.023+0000] {processor.py:208} INFO - Processing /home/airflow/.local/lib/python3.12/site-packages/airflow/example_dags/example_trigger_target_dag.py took 0.089 seconds
[2024-10-16T11:41:16.331+0000] {processor.py:186} INFO - Started process (PID=126989) to work on /home/airflow/.local/lib/python3.12/site-packages/airflow/example_dags/example_trigger_target_dag.py
[2024-10-16T11:41:16.332+0000] {processor.py:914} INFO - Processing file /home/airflow/.local/lib/python3.12/site-packages/airflow/example_dags/example_trigger_target_dag.py for tasks to queue
[2024-10-16T11:41:16.333+0000] {logging_mixin.py:190} INFO - [2024-10-16T11:41:16.333+0000] {dagbag.py:588} INFO - Filling up the DagBag from /home/airflow/.local/lib/python3.12/site-packages/airflow/example_dags/example_trigger_target_dag.py
[2024-10-16T11:41:16.342+0000] {processor.py:925} INFO - DAG(s) 'example_trigger_target_dag' retrieved from /home/airflow/.local/lib/python3.12/site-packages/airflow/example_dags/example_trigger_target_dag.py
[2024-10-16T11:41:16.364+0000] {logging_mixin.py:190} INFO - [2024-10-16T11:41:16.364+0000] {dag.py:3239} INFO - Sync 1 DAGs
[2024-10-16T11:41:16.382+0000] {logging_mixin.py:190} INFO - [2024-10-16T11:41:16.381+0000] {dag.py:4180} INFO - Setting next_dagrun for example_trigger_target_dag to None, run_after=None
[2024-10-16T11:41:16.402+0000] {processor.py:208} INFO - Processing /home/airflow/.local/lib/python3.12/site-packages/airflow/example_dags/example_trigger_target_dag.py took 0.078 seconds
[2024-10-16T11:41:47.281+0000] {processor.py:186} INFO - Started process (PID=127052) to work on /home/airflow/.local/lib/python3.12/site-packages/airflow/example_dags/example_trigger_target_dag.py
[2024-10-16T11:41:47.282+0000] {processor.py:914} INFO - Processing file /home/airflow/.local/lib/python3.12/site-packages/airflow/example_dags/example_trigger_target_dag.py for tasks to queue
[2024-10-16T11:41:47.284+0000] {logging_mixin.py:190} INFO - [2024-10-16T11:41:47.283+0000] {dagbag.py:588} INFO - Filling up the DagBag from /home/airflow/.local/lib/python3.12/site-packages/airflow/example_dags/example_trigger_target_dag.py
[2024-10-16T11:41:47.293+0000] {processor.py:925} INFO - DAG(s) 'example_trigger_target_dag' retrieved from /home/airflow/.local/lib/python3.12/site-packages/airflow/example_dags/example_trigger_target_dag.py
[2024-10-16T11:41:47.314+0000] {logging_mixin.py:190} INFO - [2024-10-16T11:41:47.314+0000] {dag.py:3239} INFO - Sync 1 DAGs
[2024-10-16T11:41:47.331+0000] {logging_mixin.py:190} INFO - [2024-10-16T11:41:47.331+0000] {dag.py:4180} INFO - Setting next_dagrun for example_trigger_target_dag to None, run_after=None
[2024-10-16T11:41:47.352+0000] {processor.py:208} INFO - Processing /home/airflow/.local/lib/python3.12/site-packages/airflow/example_dags/example_trigger_target_dag.py took 0.077 seconds
[2024-10-16T11:42:18.329+0000] {processor.py:186} INFO - Started process (PID=127115) to work on /home/airflow/.local/lib/python3.12/site-packages/airflow/example_dags/example_trigger_target_dag.py
[2024-10-16T11:42:18.330+0000] {processor.py:914} INFO - Processing file /home/airflow/.local/lib/python3.12/site-packages/airflow/example_dags/example_trigger_target_dag.py for tasks to queue
[2024-10-16T11:42:18.331+0000] {logging_mixin.py:190} INFO - [2024-10-16T11:42:18.331+0000] {dagbag.py:588} INFO - Filling up the DagBag from /home/airflow/.local/lib/python3.12/site-packages/airflow/example_dags/example_trigger_target_dag.py
[2024-10-16T11:42:18.341+0000] {processor.py:925} INFO - DAG(s) 'example_trigger_target_dag' retrieved from /home/airflow/.local/lib/python3.12/site-packages/airflow/example_dags/example_trigger_target_dag.py
[2024-10-16T11:42:18.362+0000] {logging_mixin.py:190} INFO - [2024-10-16T11:42:18.362+0000] {dag.py:3239} INFO - Sync 1 DAGs
[2024-10-16T11:42:18.379+0000] {logging_mixin.py:190} INFO - [2024-10-16T11:42:18.378+0000] {dag.py:4180} INFO - Setting next_dagrun for example_trigger_target_dag to None, run_after=None
[2024-10-16T11:42:18.399+0000] {processor.py:208} INFO - Processing /home/airflow/.local/lib/python3.12/site-packages/airflow/example_dags/example_trigger_target_dag.py took 0.076 seconds
[2024-10-16T11:42:48.932+0000] {processor.py:186} INFO - Started process (PID=127178) to work on /home/airflow/.local/lib/python3.12/site-packages/airflow/example_dags/example_trigger_target_dag.py
[2024-10-16T11:42:48.933+0000] {processor.py:914} INFO - Processing file /home/airflow/.local/lib/python3.12/site-packages/airflow/example_dags/example_trigger_target_dag.py for tasks to queue
[2024-10-16T11:42:48.935+0000] {logging_mixin.py:190} INFO - [2024-10-16T11:42:48.935+0000] {dagbag.py:588} INFO - Filling up the DagBag from /home/airflow/.local/lib/python3.12/site-packages/airflow/example_dags/example_trigger_target_dag.py
[2024-10-16T11:42:48.944+0000] {processor.py:925} INFO - DAG(s) 'example_trigger_target_dag' retrieved from /home/airflow/.local/lib/python3.12/site-packages/airflow/example_dags/example_trigger_target_dag.py
[2024-10-16T11:42:48.966+0000] {logging_mixin.py:190} INFO - [2024-10-16T11:42:48.966+0000] {dag.py:3239} INFO - Sync 1 DAGs
[2024-10-16T11:42:48.991+0000] {logging_mixin.py:190} INFO - [2024-10-16T11:42:48.990+0000] {dag.py:4180} INFO - Setting next_dagrun for example_trigger_target_dag to None, run_after=None
[2024-10-16T11:42:49.022+0000] {processor.py:208} INFO - Processing /home/airflow/.local/lib/python3.12/site-packages/airflow/example_dags/example_trigger_target_dag.py took 0.096 seconds
[2024-10-16T11:43:19.230+0000] {processor.py:186} INFO - Started process (PID=127241) to work on /home/airflow/.local/lib/python3.12/site-packages/airflow/example_dags/example_trigger_target_dag.py
[2024-10-16T11:43:19.231+0000] {processor.py:914} INFO - Processing file /home/airflow/.local/lib/python3.12/site-packages/airflow/example_dags/example_trigger_target_dag.py for tasks to queue
[2024-10-16T11:43:19.233+0000] {logging_mixin.py:190} INFO - [2024-10-16T11:43:19.233+0000] {dagbag.py:588} INFO - Filling up the DagBag from /home/airflow/.local/lib/python3.12/site-packages/airflow/example_dags/example_trigger_target_dag.py
[2024-10-16T11:43:19.242+0000] {processor.py:925} INFO - DAG(s) 'example_trigger_target_dag' retrieved from /home/airflow/.local/lib/python3.12/site-packages/airflow/example_dags/example_trigger_target_dag.py
[2024-10-16T11:43:19.265+0000] {logging_mixin.py:190} INFO - [2024-10-16T11:43:19.264+0000] {dag.py:3239} INFO - Sync 1 DAGs
[2024-10-16T11:43:19.283+0000] {logging_mixin.py:190} INFO - [2024-10-16T11:43:19.283+0000] {dag.py:4180} INFO - Setting next_dagrun for example_trigger_target_dag to None, run_after=None
[2024-10-16T11:43:19.305+0000] {processor.py:208} INFO - Processing /home/airflow/.local/lib/python3.12/site-packages/airflow/example_dags/example_trigger_target_dag.py took 0.082 seconds
[2024-10-16T11:43:49.805+0000] {processor.py:186} INFO - Started process (PID=127304) to work on /home/airflow/.local/lib/python3.12/site-packages/airflow/example_dags/example_trigger_target_dag.py
[2024-10-16T11:43:49.806+0000] {processor.py:914} INFO - Processing file /home/airflow/.local/lib/python3.12/site-packages/airflow/example_dags/example_trigger_target_dag.py for tasks to queue
[2024-10-16T11:43:49.807+0000] {logging_mixin.py:190} INFO - [2024-10-16T11:43:49.807+0000] {dagbag.py:588} INFO - Filling up the DagBag from /home/airflow/.local/lib/python3.12/site-packages/airflow/example_dags/example_trigger_target_dag.py
[2024-10-16T11:43:49.816+0000] {processor.py:925} INFO - DAG(s) 'example_trigger_target_dag' retrieved from /home/airflow/.local/lib/python3.12/site-packages/airflow/example_dags/example_trigger_target_dag.py
[2024-10-16T11:43:49.836+0000] {logging_mixin.py:190} INFO - [2024-10-16T11:43:49.836+0000] {dag.py:3239} INFO - Sync 1 DAGs
[2024-10-16T11:43:49.853+0000] {logging_mixin.py:190} INFO - [2024-10-16T11:43:49.852+0000] {dag.py:4180} INFO - Setting next_dagrun for example_trigger_target_dag to None, run_after=None
[2024-10-16T11:43:49.874+0000] {processor.py:208} INFO - Processing /home/airflow/.local/lib/python3.12/site-packages/airflow/example_dags/example_trigger_target_dag.py took 0.076 seconds
[2024-10-16T11:44:21.244+0000] {processor.py:186} INFO - Started process (PID=127368) to work on /home/airflow/.local/lib/python3.12/site-packages/airflow/example_dags/example_trigger_target_dag.py
[2024-10-16T11:44:21.245+0000] {processor.py:914} INFO - Processing file /home/airflow/.local/lib/python3.12/site-packages/airflow/example_dags/example_trigger_target_dag.py for tasks to queue
[2024-10-16T11:44:21.246+0000] {logging_mixin.py:190} INFO - [2024-10-16T11:44:21.246+0000] {dagbag.py:588} INFO - Filling up the DagBag from /home/airflow/.local/lib/python3.12/site-packages/airflow/example_dags/example_trigger_target_dag.py
[2024-10-16T11:44:21.255+0000] {processor.py:925} INFO - DAG(s) 'example_trigger_target_dag' retrieved from /home/airflow/.local/lib/python3.12/site-packages/airflow/example_dags/example_trigger_target_dag.py
[2024-10-16T11:44:21.275+0000] {logging_mixin.py:190} INFO - [2024-10-16T11:44:21.275+0000] {dag.py:3239} INFO - Sync 1 DAGs
[2024-10-16T11:44:21.292+0000] {logging_mixin.py:190} INFO - [2024-10-16T11:44:21.292+0000] {dag.py:4180} INFO - Setting next_dagrun for example_trigger_target_dag to None, run_after=None
[2024-10-16T11:44:21.314+0000] {processor.py:208} INFO - Processing /home/airflow/.local/lib/python3.12/site-packages/airflow/example_dags/example_trigger_target_dag.py took 0.076 seconds
[2024-10-16T11:44:51.575+0000] {processor.py:186} INFO - Started process (PID=127431) to work on /home/airflow/.local/lib/python3.12/site-packages/airflow/example_dags/example_trigger_target_dag.py
[2024-10-16T11:44:51.577+0000] {processor.py:914} INFO - Processing file /home/airflow/.local/lib/python3.12/site-packages/airflow/example_dags/example_trigger_target_dag.py for tasks to queue
[2024-10-16T11:44:51.578+0000] {logging_mixin.py:190} INFO - [2024-10-16T11:44:51.578+0000] {dagbag.py:588} INFO - Filling up the DagBag from /home/airflow/.local/lib/python3.12/site-packages/airflow/example_dags/example_trigger_target_dag.py
[2024-10-16T11:44:51.588+0000] {processor.py:925} INFO - DAG(s) 'example_trigger_target_dag' retrieved from /home/airflow/.local/lib/python3.12/site-packages/airflow/example_dags/example_trigger_target_dag.py
[2024-10-16T11:44:51.610+0000] {logging_mixin.py:190} INFO - [2024-10-16T11:44:51.609+0000] {dag.py:3239} INFO - Sync 1 DAGs
[2024-10-16T11:44:51.627+0000] {logging_mixin.py:190} INFO - [2024-10-16T11:44:51.627+0000] {dag.py:4180} INFO - Setting next_dagrun for example_trigger_target_dag to None, run_after=None
[2024-10-16T11:44:51.648+0000] {processor.py:208} INFO - Processing /home/airflow/.local/lib/python3.12/site-packages/airflow/example_dags/example_trigger_target_dag.py took 0.079 seconds
[2024-10-16T11:45:23.084+0000] {processor.py:186} INFO - Started process (PID=127494) to work on /home/airflow/.local/lib/python3.12/site-packages/airflow/example_dags/example_trigger_target_dag.py
[2024-10-16T11:45:23.085+0000] {processor.py:914} INFO - Processing file /home/airflow/.local/lib/python3.12/site-packages/airflow/example_dags/example_trigger_target_dag.py for tasks to queue
[2024-10-16T11:45:23.087+0000] {logging_mixin.py:190} INFO - [2024-10-16T11:45:23.086+0000] {dagbag.py:588} INFO - Filling up the DagBag from /home/airflow/.local/lib/python3.12/site-packages/airflow/example_dags/example_trigger_target_dag.py
[2024-10-16T11:45:23.100+0000] {processor.py:925} INFO - DAG(s) 'example_trigger_target_dag' retrieved from /home/airflow/.local/lib/python3.12/site-packages/airflow/example_dags/example_trigger_target_dag.py
[2024-10-16T11:45:23.136+0000] {logging_mixin.py:190} INFO - [2024-10-16T11:45:23.136+0000] {dag.py:3239} INFO - Sync 1 DAGs
[2024-10-16T11:45:23.181+0000] {logging_mixin.py:190} INFO - [2024-10-16T11:45:23.180+0000] {dag.py:4180} INFO - Setting next_dagrun for example_trigger_target_dag to None, run_after=None
[2024-10-16T11:45:23.212+0000] {processor.py:208} INFO - Processing /home/airflow/.local/lib/python3.12/site-packages/airflow/example_dags/example_trigger_target_dag.py took 0.138 seconds
[2024-10-16T11:45:55.633+0000] {processor.py:186} INFO - Started process (PID=127558) to work on /home/airflow/.local/lib/python3.12/site-packages/airflow/example_dags/example_trigger_target_dag.py
[2024-10-16T11:45:55.635+0000] {processor.py:914} INFO - Processing file /home/airflow/.local/lib/python3.12/site-packages/airflow/example_dags/example_trigger_target_dag.py for tasks to queue
[2024-10-16T11:45:55.638+0000] {logging_mixin.py:190} INFO - [2024-10-16T11:45:55.637+0000] {dagbag.py:588} INFO - Filling up the DagBag from /home/airflow/.local/lib/python3.12/site-packages/airflow/example_dags/example_trigger_target_dag.py
[2024-10-16T11:45:55.651+0000] {processor.py:925} INFO - DAG(s) 'example_trigger_target_dag' retrieved from /home/airflow/.local/lib/python3.12/site-packages/airflow/example_dags/example_trigger_target_dag.py
[2024-10-16T11:45:55.685+0000] {logging_mixin.py:190} INFO - [2024-10-16T11:45:55.685+0000] {dag.py:3239} INFO - Sync 1 DAGs
[2024-10-16T11:45:55.724+0000] {logging_mixin.py:190} INFO - [2024-10-16T11:45:55.724+0000] {dag.py:4180} INFO - Setting next_dagrun for example_trigger_target_dag to None, run_after=None
[2024-10-16T11:45:55.752+0000] {processor.py:208} INFO - Processing /home/airflow/.local/lib/python3.12/site-packages/airflow/example_dags/example_trigger_target_dag.py took 0.129 seconds
