[2024-10-16T11:30:01.023+0000] {processor.py:186} INFO - Started process (PID=125594) to work on /home/airflow/.local/lib/python3.12/site-packages/airflow/example_dags/example_dataset_alias.py
[2024-10-16T11:30:01.025+0000] {processor.py:914} INFO - Processing file /home/airflow/.local/lib/python3.12/site-packages/airflow/example_dags/example_dataset_alias.py for tasks to queue
[2024-10-16T11:30:01.028+0000] {logging_mixin.py:190} INFO - [2024-10-16T11:30:01.027+0000] {dagbag.py:588} INFO - Filling up the DagBag from /home/airflow/.local/lib/python3.12/site-packages/airflow/example_dags/example_dataset_alias.py
[2024-10-16T11:30:01.890+0000] {processor.py:925} INFO - DAG(s) 'dataset_s3_bucket_producer', 'dataset_s3_bucket_consumer', 'dataset_alias_example_alias_producer', 'dataset_alias_example_alias_consumer' retrieved from /home/airflow/.local/lib/python3.12/site-packages/airflow/example_dags/example_dataset_alias.py
[2024-10-16T11:30:01.991+0000] {logging_mixin.py:190} INFO - [2024-10-16T11:30:01.990+0000] {dag.py:3239} INFO - Sync 4 DAGs
[2024-10-16T11:30:02.074+0000] {logging_mixin.py:190} INFO - [2024-10-16T11:30:02.073+0000] {dag.py:4180} INFO - Setting next_dagrun for dataset_alias_example_alias_consumer to None, run_after=None
[2024-10-16T11:30:02.084+0000] {logging_mixin.py:190} INFO - [2024-10-16T11:30:02.083+0000] {dag.py:4180} INFO - Setting next_dagrun for dataset_alias_example_alias_producer to None, run_after=None
[2024-10-16T11:30:02.089+0000] {logging_mixin.py:190} INFO - [2024-10-16T11:30:02.088+0000] {dag.py:4180} INFO - Setting next_dagrun for dataset_s3_bucket_consumer to None, run_after=None
[2024-10-16T11:30:02.093+0000] {logging_mixin.py:190} INFO - [2024-10-16T11:30:02.092+0000] {dag.py:4180} INFO - Setting next_dagrun for dataset_s3_bucket_producer to None, run_after=None
[2024-10-16T11:30:02.144+0000] {processor.py:208} INFO - Processing /home/airflow/.local/lib/python3.12/site-packages/airflow/example_dags/example_dataset_alias.py took 1.132 seconds
[2024-10-16T11:30:32.567+0000] {processor.py:186} INFO - Started process (PID=125658) to work on /home/airflow/.local/lib/python3.12/site-packages/airflow/example_dags/example_dataset_alias.py
[2024-10-16T11:30:32.568+0000] {processor.py:914} INFO - Processing file /home/airflow/.local/lib/python3.12/site-packages/airflow/example_dags/example_dataset_alias.py for tasks to queue
[2024-10-16T11:30:32.570+0000] {logging_mixin.py:190} INFO - [2024-10-16T11:30:32.569+0000] {dagbag.py:588} INFO - Filling up the DagBag from /home/airflow/.local/lib/python3.12/site-packages/airflow/example_dags/example_dataset_alias.py
[2024-10-16T11:30:32.803+0000] {processor.py:925} INFO - DAG(s) 'dataset_s3_bucket_consumer', 'dataset_s3_bucket_producer', 'dataset_alias_example_alias_consumer', 'dataset_alias_example_alias_producer' retrieved from /home/airflow/.local/lib/python3.12/site-packages/airflow/example_dags/example_dataset_alias.py
[2024-10-16T11:30:32.835+0000] {logging_mixin.py:190} INFO - [2024-10-16T11:30:32.835+0000] {dag.py:3239} INFO - Sync 4 DAGs
[2024-10-16T11:30:32.891+0000] {logging_mixin.py:190} INFO - [2024-10-16T11:30:32.890+0000] {dag.py:4180} INFO - Setting next_dagrun for dataset_alias_example_alias_consumer to None, run_after=None
[2024-10-16T11:30:32.895+0000] {logging_mixin.py:190} INFO - [2024-10-16T11:30:32.894+0000] {dag.py:4180} INFO - Setting next_dagrun for dataset_alias_example_alias_producer to None, run_after=None
[2024-10-16T11:30:32.897+0000] {logging_mixin.py:190} INFO - [2024-10-16T11:30:32.896+0000] {dag.py:4180} INFO - Setting next_dagrun for dataset_s3_bucket_consumer to None, run_after=None
[2024-10-16T11:30:32.900+0000] {logging_mixin.py:190} INFO - [2024-10-16T11:30:32.900+0000] {dag.py:4180} INFO - Setting next_dagrun for dataset_s3_bucket_producer to None, run_after=None
[2024-10-16T11:30:32.941+0000] {processor.py:208} INFO - Processing /home/airflow/.local/lib/python3.12/site-packages/airflow/example_dags/example_dataset_alias.py took 0.381 seconds
[2024-10-16T11:31:03.729+0000] {processor.py:186} INFO - Started process (PID=125721) to work on /home/airflow/.local/lib/python3.12/site-packages/airflow/example_dags/example_dataset_alias.py
[2024-10-16T11:31:03.730+0000] {processor.py:914} INFO - Processing file /home/airflow/.local/lib/python3.12/site-packages/airflow/example_dags/example_dataset_alias.py for tasks to queue
[2024-10-16T11:31:03.732+0000] {logging_mixin.py:190} INFO - [2024-10-16T11:31:03.731+0000] {dagbag.py:588} INFO - Filling up the DagBag from /home/airflow/.local/lib/python3.12/site-packages/airflow/example_dags/example_dataset_alias.py
[2024-10-16T11:31:03.886+0000] {processor.py:925} INFO - DAG(s) 'dataset_alias_example_alias_consumer', 'dataset_alias_example_alias_producer', 'dataset_s3_bucket_consumer', 'dataset_s3_bucket_producer' retrieved from /home/airflow/.local/lib/python3.12/site-packages/airflow/example_dags/example_dataset_alias.py
[2024-10-16T11:31:03.907+0000] {logging_mixin.py:190} INFO - [2024-10-16T11:31:03.907+0000] {dag.py:3239} INFO - Sync 4 DAGs
[2024-10-16T11:31:03.932+0000] {logging_mixin.py:190} INFO - [2024-10-16T11:31:03.932+0000] {dag.py:4180} INFO - Setting next_dagrun for dataset_alias_example_alias_consumer to None, run_after=None
[2024-10-16T11:31:03.935+0000] {logging_mixin.py:190} INFO - [2024-10-16T11:31:03.934+0000] {dag.py:4180} INFO - Setting next_dagrun for dataset_alias_example_alias_producer to None, run_after=None
[2024-10-16T11:31:03.936+0000] {logging_mixin.py:190} INFO - [2024-10-16T11:31:03.936+0000] {dag.py:4180} INFO - Setting next_dagrun for dataset_s3_bucket_consumer to None, run_after=None
[2024-10-16T11:31:03.938+0000] {logging_mixin.py:190} INFO - [2024-10-16T11:31:03.937+0000] {dag.py:4180} INFO - Setting next_dagrun for dataset_s3_bucket_producer to None, run_after=None
[2024-10-16T11:31:03.965+0000] {processor.py:208} INFO - Processing /home/airflow/.local/lib/python3.12/site-packages/airflow/example_dags/example_dataset_alias.py took 0.242 seconds
[2024-10-16T11:31:34.398+0000] {processor.py:186} INFO - Started process (PID=125784) to work on /home/airflow/.local/lib/python3.12/site-packages/airflow/example_dags/example_dataset_alias.py
[2024-10-16T11:31:34.399+0000] {processor.py:914} INFO - Processing file /home/airflow/.local/lib/python3.12/site-packages/airflow/example_dags/example_dataset_alias.py for tasks to queue
[2024-10-16T11:31:34.401+0000] {logging_mixin.py:190} INFO - [2024-10-16T11:31:34.400+0000] {dagbag.py:588} INFO - Filling up the DagBag from /home/airflow/.local/lib/python3.12/site-packages/airflow/example_dags/example_dataset_alias.py
[2024-10-16T11:31:34.533+0000] {processor.py:925} INFO - DAG(s) 'dataset_alias_example_alias_producer', 'dataset_s3_bucket_producer', 'dataset_s3_bucket_consumer', 'dataset_alias_example_alias_consumer' retrieved from /home/airflow/.local/lib/python3.12/site-packages/airflow/example_dags/example_dataset_alias.py
[2024-10-16T11:31:34.550+0000] {logging_mixin.py:190} INFO - [2024-10-16T11:31:34.550+0000] {dag.py:3239} INFO - Sync 4 DAGs
[2024-10-16T11:31:34.571+0000] {logging_mixin.py:190} INFO - [2024-10-16T11:31:34.571+0000] {dag.py:4180} INFO - Setting next_dagrun for dataset_alias_example_alias_consumer to None, run_after=None
[2024-10-16T11:31:34.573+0000] {logging_mixin.py:190} INFO - [2024-10-16T11:31:34.573+0000] {dag.py:4180} INFO - Setting next_dagrun for dataset_alias_example_alias_producer to None, run_after=None
[2024-10-16T11:31:34.574+0000] {logging_mixin.py:190} INFO - [2024-10-16T11:31:34.574+0000] {dag.py:4180} INFO - Setting next_dagrun for dataset_s3_bucket_consumer to None, run_after=None
[2024-10-16T11:31:34.576+0000] {logging_mixin.py:190} INFO - [2024-10-16T11:31:34.576+0000] {dag.py:4180} INFO - Setting next_dagrun for dataset_s3_bucket_producer to None, run_after=None
[2024-10-16T11:31:34.593+0000] {processor.py:208} INFO - Processing /home/airflow/.local/lib/python3.12/site-packages/airflow/example_dags/example_dataset_alias.py took 0.200 seconds
[2024-10-16T11:32:05.469+0000] {processor.py:186} INFO - Started process (PID=125847) to work on /home/airflow/.local/lib/python3.12/site-packages/airflow/example_dags/example_dataset_alias.py
[2024-10-16T11:32:05.470+0000] {processor.py:914} INFO - Processing file /home/airflow/.local/lib/python3.12/site-packages/airflow/example_dags/example_dataset_alias.py for tasks to queue
[2024-10-16T11:32:05.471+0000] {logging_mixin.py:190} INFO - [2024-10-16T11:32:05.471+0000] {dagbag.py:588} INFO - Filling up the DagBag from /home/airflow/.local/lib/python3.12/site-packages/airflow/example_dags/example_dataset_alias.py
[2024-10-16T11:32:05.648+0000] {processor.py:925} INFO - DAG(s) 'dataset_alias_example_alias_consumer', 'dataset_s3_bucket_consumer', 'dataset_s3_bucket_producer', 'dataset_alias_example_alias_producer' retrieved from /home/airflow/.local/lib/python3.12/site-packages/airflow/example_dags/example_dataset_alias.py
[2024-10-16T11:32:05.668+0000] {logging_mixin.py:190} INFO - [2024-10-16T11:32:05.668+0000] {dag.py:3239} INFO - Sync 4 DAGs
[2024-10-16T11:32:05.695+0000] {logging_mixin.py:190} INFO - [2024-10-16T11:32:05.694+0000] {dag.py:4180} INFO - Setting next_dagrun for dataset_alias_example_alias_consumer to None, run_after=None
[2024-10-16T11:32:05.698+0000] {logging_mixin.py:190} INFO - [2024-10-16T11:32:05.698+0000] {dag.py:4180} INFO - Setting next_dagrun for dataset_alias_example_alias_producer to None, run_after=None
[2024-10-16T11:32:05.699+0000] {logging_mixin.py:190} INFO - [2024-10-16T11:32:05.699+0000] {dag.py:4180} INFO - Setting next_dagrun for dataset_s3_bucket_consumer to None, run_after=None
[2024-10-16T11:32:05.701+0000] {logging_mixin.py:190} INFO - [2024-10-16T11:32:05.701+0000] {dag.py:4180} INFO - Setting next_dagrun for dataset_s3_bucket_producer to None, run_after=None
[2024-10-16T11:32:05.722+0000] {processor.py:208} INFO - Processing /home/airflow/.local/lib/python3.12/site-packages/airflow/example_dags/example_dataset_alias.py took 0.260 seconds
[2024-10-16T11:32:36.380+0000] {processor.py:186} INFO - Started process (PID=125910) to work on /home/airflow/.local/lib/python3.12/site-packages/airflow/example_dags/example_dataset_alias.py
[2024-10-16T11:32:36.381+0000] {processor.py:914} INFO - Processing file /home/airflow/.local/lib/python3.12/site-packages/airflow/example_dags/example_dataset_alias.py for tasks to queue
[2024-10-16T11:32:36.382+0000] {logging_mixin.py:190} INFO - [2024-10-16T11:32:36.382+0000] {dagbag.py:588} INFO - Filling up the DagBag from /home/airflow/.local/lib/python3.12/site-packages/airflow/example_dags/example_dataset_alias.py
[2024-10-16T11:32:36.523+0000] {processor.py:925} INFO - DAG(s) 'dataset_s3_bucket_consumer', 'dataset_alias_example_alias_consumer', 'dataset_alias_example_alias_producer', 'dataset_s3_bucket_producer' retrieved from /home/airflow/.local/lib/python3.12/site-packages/airflow/example_dags/example_dataset_alias.py
[2024-10-16T11:32:36.548+0000] {logging_mixin.py:190} INFO - [2024-10-16T11:32:36.548+0000] {dag.py:3239} INFO - Sync 4 DAGs
[2024-10-16T11:32:36.572+0000] {logging_mixin.py:190} INFO - [2024-10-16T11:32:36.572+0000] {dag.py:4180} INFO - Setting next_dagrun for dataset_alias_example_alias_consumer to None, run_after=None
[2024-10-16T11:32:36.577+0000] {logging_mixin.py:190} INFO - [2024-10-16T11:32:36.577+0000] {dag.py:4180} INFO - Setting next_dagrun for dataset_alias_example_alias_producer to None, run_after=None
[2024-10-16T11:32:36.580+0000] {logging_mixin.py:190} INFO - [2024-10-16T11:32:36.579+0000] {dag.py:4180} INFO - Setting next_dagrun for dataset_s3_bucket_consumer to None, run_after=None
[2024-10-16T11:32:36.582+0000] {logging_mixin.py:190} INFO - [2024-10-16T11:32:36.582+0000] {dag.py:4180} INFO - Setting next_dagrun for dataset_s3_bucket_producer to None, run_after=None
[2024-10-16T11:32:36.611+0000] {processor.py:208} INFO - Processing /home/airflow/.local/lib/python3.12/site-packages/airflow/example_dags/example_dataset_alias.py took 0.255 seconds
[2024-10-16T11:33:06.864+0000] {processor.py:186} INFO - Started process (PID=125973) to work on /home/airflow/.local/lib/python3.12/site-packages/airflow/example_dags/example_dataset_alias.py
[2024-10-16T11:33:06.864+0000] {processor.py:914} INFO - Processing file /home/airflow/.local/lib/python3.12/site-packages/airflow/example_dags/example_dataset_alias.py for tasks to queue
[2024-10-16T11:33:06.866+0000] {logging_mixin.py:190} INFO - [2024-10-16T11:33:06.866+0000] {dagbag.py:588} INFO - Filling up the DagBag from /home/airflow/.local/lib/python3.12/site-packages/airflow/example_dags/example_dataset_alias.py
[2024-10-16T11:33:07.000+0000] {processor.py:925} INFO - DAG(s) 'dataset_alias_example_alias_producer', 'dataset_alias_example_alias_consumer', 'dataset_s3_bucket_producer', 'dataset_s3_bucket_consumer' retrieved from /home/airflow/.local/lib/python3.12/site-packages/airflow/example_dags/example_dataset_alias.py
[2024-10-16T11:33:07.018+0000] {logging_mixin.py:190} INFO - [2024-10-16T11:33:07.018+0000] {dag.py:3239} INFO - Sync 4 DAGs
[2024-10-16T11:33:07.039+0000] {logging_mixin.py:190} INFO - [2024-10-16T11:33:07.039+0000] {dag.py:4180} INFO - Setting next_dagrun for dataset_alias_example_alias_consumer to None, run_after=None
[2024-10-16T11:33:07.042+0000] {logging_mixin.py:190} INFO - [2024-10-16T11:33:07.041+0000] {dag.py:4180} INFO - Setting next_dagrun for dataset_alias_example_alias_producer to None, run_after=None
[2024-10-16T11:33:07.043+0000] {logging_mixin.py:190} INFO - [2024-10-16T11:33:07.043+0000] {dag.py:4180} INFO - Setting next_dagrun for dataset_s3_bucket_consumer to None, run_after=None
[2024-10-16T11:33:07.044+0000] {logging_mixin.py:190} INFO - [2024-10-16T11:33:07.044+0000] {dag.py:4180} INFO - Setting next_dagrun for dataset_s3_bucket_producer to None, run_after=None
[2024-10-16T11:33:07.064+0000] {processor.py:208} INFO - Processing /home/airflow/.local/lib/python3.12/site-packages/airflow/example_dags/example_dataset_alias.py took 0.206 seconds
[2024-10-16T11:33:37.224+0000] {processor.py:186} INFO - Started process (PID=126036) to work on /home/airflow/.local/lib/python3.12/site-packages/airflow/example_dags/example_dataset_alias.py
[2024-10-16T11:33:37.225+0000] {processor.py:914} INFO - Processing file /home/airflow/.local/lib/python3.12/site-packages/airflow/example_dags/example_dataset_alias.py for tasks to queue
[2024-10-16T11:33:37.227+0000] {logging_mixin.py:190} INFO - [2024-10-16T11:33:37.226+0000] {dagbag.py:588} INFO - Filling up the DagBag from /home/airflow/.local/lib/python3.12/site-packages/airflow/example_dags/example_dataset_alias.py
[2024-10-16T11:33:37.363+0000] {processor.py:925} INFO - DAG(s) 'dataset_alias_example_alias_consumer', 'dataset_alias_example_alias_producer', 'dataset_s3_bucket_consumer', 'dataset_s3_bucket_producer' retrieved from /home/airflow/.local/lib/python3.12/site-packages/airflow/example_dags/example_dataset_alias.py
[2024-10-16T11:33:37.383+0000] {logging_mixin.py:190} INFO - [2024-10-16T11:33:37.383+0000] {dag.py:3239} INFO - Sync 4 DAGs
[2024-10-16T11:33:37.405+0000] {logging_mixin.py:190} INFO - [2024-10-16T11:33:37.405+0000] {dag.py:4180} INFO - Setting next_dagrun for dataset_alias_example_alias_consumer to None, run_after=None
[2024-10-16T11:33:37.408+0000] {logging_mixin.py:190} INFO - [2024-10-16T11:33:37.408+0000] {dag.py:4180} INFO - Setting next_dagrun for dataset_alias_example_alias_producer to None, run_after=None
[2024-10-16T11:33:37.410+0000] {logging_mixin.py:190} INFO - [2024-10-16T11:33:37.409+0000] {dag.py:4180} INFO - Setting next_dagrun for dataset_s3_bucket_consumer to None, run_after=None
[2024-10-16T11:33:37.411+0000] {logging_mixin.py:190} INFO - [2024-10-16T11:33:37.411+0000] {dag.py:4180} INFO - Setting next_dagrun for dataset_s3_bucket_producer to None, run_after=None
[2024-10-16T11:33:37.434+0000] {processor.py:208} INFO - Processing /home/airflow/.local/lib/python3.12/site-packages/airflow/example_dags/example_dataset_alias.py took 0.215 seconds
[2024-10-16T11:34:07.713+0000] {processor.py:186} INFO - Started process (PID=126099) to work on /home/airflow/.local/lib/python3.12/site-packages/airflow/example_dags/example_dataset_alias.py
[2024-10-16T11:34:07.714+0000] {processor.py:914} INFO - Processing file /home/airflow/.local/lib/python3.12/site-packages/airflow/example_dags/example_dataset_alias.py for tasks to queue
[2024-10-16T11:34:07.716+0000] {logging_mixin.py:190} INFO - [2024-10-16T11:34:07.715+0000] {dagbag.py:588} INFO - Filling up the DagBag from /home/airflow/.local/lib/python3.12/site-packages/airflow/example_dags/example_dataset_alias.py
[2024-10-16T11:34:07.872+0000] {processor.py:925} INFO - DAG(s) 'dataset_s3_bucket_producer', 'dataset_alias_example_alias_consumer', 'dataset_alias_example_alias_producer', 'dataset_s3_bucket_consumer' retrieved from /home/airflow/.local/lib/python3.12/site-packages/airflow/example_dags/example_dataset_alias.py
[2024-10-16T11:34:07.897+0000] {logging_mixin.py:190} INFO - [2024-10-16T11:34:07.896+0000] {dag.py:3239} INFO - Sync 4 DAGs
[2024-10-16T11:34:07.921+0000] {logging_mixin.py:190} INFO - [2024-10-16T11:34:07.921+0000] {dag.py:4180} INFO - Setting next_dagrun for dataset_alias_example_alias_consumer to None, run_after=None
[2024-10-16T11:34:07.925+0000] {logging_mixin.py:190} INFO - [2024-10-16T11:34:07.924+0000] {dag.py:4180} INFO - Setting next_dagrun for dataset_alias_example_alias_producer to None, run_after=None
[2024-10-16T11:34:07.927+0000] {logging_mixin.py:190} INFO - [2024-10-16T11:34:07.926+0000] {dag.py:4180} INFO - Setting next_dagrun for dataset_s3_bucket_consumer to None, run_after=None
[2024-10-16T11:34:07.928+0000] {logging_mixin.py:190} INFO - [2024-10-16T11:34:07.928+0000] {dag.py:4180} INFO - Setting next_dagrun for dataset_s3_bucket_producer to None, run_after=None
[2024-10-16T11:34:07.955+0000] {processor.py:208} INFO - Processing /home/airflow/.local/lib/python3.12/site-packages/airflow/example_dags/example_dataset_alias.py took 0.248 seconds
[2024-10-16T11:34:38.004+0000] {processor.py:186} INFO - Started process (PID=126163) to work on /home/airflow/.local/lib/python3.12/site-packages/airflow/example_dags/example_dataset_alias.py
[2024-10-16T11:34:38.004+0000] {processor.py:914} INFO - Processing file /home/airflow/.local/lib/python3.12/site-packages/airflow/example_dags/example_dataset_alias.py for tasks to queue
[2024-10-16T11:34:38.005+0000] {logging_mixin.py:190} INFO - [2024-10-16T11:34:38.005+0000] {dagbag.py:588} INFO - Filling up the DagBag from /home/airflow/.local/lib/python3.12/site-packages/airflow/example_dags/example_dataset_alias.py
[2024-10-16T11:34:38.141+0000] {processor.py:925} INFO - DAG(s) 'dataset_s3_bucket_producer', 'dataset_alias_example_alias_consumer', 'dataset_s3_bucket_consumer', 'dataset_alias_example_alias_producer' retrieved from /home/airflow/.local/lib/python3.12/site-packages/airflow/example_dags/example_dataset_alias.py
[2024-10-16T11:34:38.164+0000] {logging_mixin.py:190} INFO - [2024-10-16T11:34:38.164+0000] {dag.py:3239} INFO - Sync 4 DAGs
[2024-10-16T11:34:38.189+0000] {logging_mixin.py:190} INFO - [2024-10-16T11:34:38.189+0000] {dag.py:4180} INFO - Setting next_dagrun for dataset_alias_example_alias_consumer to None, run_after=None
[2024-10-16T11:34:38.192+0000] {logging_mixin.py:190} INFO - [2024-10-16T11:34:38.191+0000] {dag.py:4180} INFO - Setting next_dagrun for dataset_alias_example_alias_producer to None, run_after=None
[2024-10-16T11:34:38.193+0000] {logging_mixin.py:190} INFO - [2024-10-16T11:34:38.193+0000] {dag.py:4180} INFO - Setting next_dagrun for dataset_s3_bucket_consumer to None, run_after=None
[2024-10-16T11:34:38.194+0000] {logging_mixin.py:190} INFO - [2024-10-16T11:34:38.194+0000] {dag.py:4180} INFO - Setting next_dagrun for dataset_s3_bucket_producer to None, run_after=None
[2024-10-16T11:34:38.217+0000] {processor.py:208} INFO - Processing /home/airflow/.local/lib/python3.12/site-packages/airflow/example_dags/example_dataset_alias.py took 0.219 seconds
[2024-10-16T11:35:08.979+0000] {processor.py:186} INFO - Started process (PID=126226) to work on /home/airflow/.local/lib/python3.12/site-packages/airflow/example_dags/example_dataset_alias.py
[2024-10-16T11:35:08.980+0000] {processor.py:914} INFO - Processing file /home/airflow/.local/lib/python3.12/site-packages/airflow/example_dags/example_dataset_alias.py for tasks to queue
[2024-10-16T11:35:08.981+0000] {logging_mixin.py:190} INFO - [2024-10-16T11:35:08.981+0000] {dagbag.py:588} INFO - Filling up the DagBag from /home/airflow/.local/lib/python3.12/site-packages/airflow/example_dags/example_dataset_alias.py
[2024-10-16T11:35:09.124+0000] {processor.py:925} INFO - DAG(s) 'dataset_alias_example_alias_producer', 'dataset_alias_example_alias_consumer', 'dataset_s3_bucket_consumer', 'dataset_s3_bucket_producer' retrieved from /home/airflow/.local/lib/python3.12/site-packages/airflow/example_dags/example_dataset_alias.py
[2024-10-16T11:35:09.144+0000] {logging_mixin.py:190} INFO - [2024-10-16T11:35:09.143+0000] {dag.py:3239} INFO - Sync 4 DAGs
[2024-10-16T11:35:09.167+0000] {logging_mixin.py:190} INFO - [2024-10-16T11:35:09.167+0000] {dag.py:4180} INFO - Setting next_dagrun for dataset_alias_example_alias_consumer to None, run_after=None
[2024-10-16T11:35:09.170+0000] {logging_mixin.py:190} INFO - [2024-10-16T11:35:09.170+0000] {dag.py:4180} INFO - Setting next_dagrun for dataset_alias_example_alias_producer to None, run_after=None
[2024-10-16T11:35:09.171+0000] {logging_mixin.py:190} INFO - [2024-10-16T11:35:09.171+0000] {dag.py:4180} INFO - Setting next_dagrun for dataset_s3_bucket_consumer to None, run_after=None
[2024-10-16T11:35:09.173+0000] {logging_mixin.py:190} INFO - [2024-10-16T11:35:09.173+0000] {dag.py:4180} INFO - Setting next_dagrun for dataset_s3_bucket_producer to None, run_after=None
[2024-10-16T11:35:09.194+0000] {processor.py:208} INFO - Processing /home/airflow/.local/lib/python3.12/site-packages/airflow/example_dags/example_dataset_alias.py took 0.221 seconds
[2024-10-16T11:35:39.490+0000] {processor.py:186} INFO - Started process (PID=126289) to work on /home/airflow/.local/lib/python3.12/site-packages/airflow/example_dags/example_dataset_alias.py
[2024-10-16T11:35:39.491+0000] {processor.py:914} INFO - Processing file /home/airflow/.local/lib/python3.12/site-packages/airflow/example_dags/example_dataset_alias.py for tasks to queue
[2024-10-16T11:35:39.492+0000] {logging_mixin.py:190} INFO - [2024-10-16T11:35:39.492+0000] {dagbag.py:588} INFO - Filling up the DagBag from /home/airflow/.local/lib/python3.12/site-packages/airflow/example_dags/example_dataset_alias.py
[2024-10-16T11:35:39.647+0000] {processor.py:925} INFO - DAG(s) 'dataset_alias_example_alias_producer', 'dataset_alias_example_alias_consumer', 'dataset_s3_bucket_consumer', 'dataset_s3_bucket_producer' retrieved from /home/airflow/.local/lib/python3.12/site-packages/airflow/example_dags/example_dataset_alias.py
[2024-10-16T11:35:39.664+0000] {logging_mixin.py:190} INFO - [2024-10-16T11:35:39.664+0000] {dag.py:3239} INFO - Sync 4 DAGs
[2024-10-16T11:35:39.686+0000] {logging_mixin.py:190} INFO - [2024-10-16T11:35:39.686+0000] {dag.py:4180} INFO - Setting next_dagrun for dataset_alias_example_alias_consumer to None, run_after=None
[2024-10-16T11:35:39.688+0000] {logging_mixin.py:190} INFO - [2024-10-16T11:35:39.688+0000] {dag.py:4180} INFO - Setting next_dagrun for dataset_alias_example_alias_producer to None, run_after=None
[2024-10-16T11:35:39.689+0000] {logging_mixin.py:190} INFO - [2024-10-16T11:35:39.689+0000] {dag.py:4180} INFO - Setting next_dagrun for dataset_s3_bucket_consumer to None, run_after=None
[2024-10-16T11:35:39.691+0000] {logging_mixin.py:190} INFO - [2024-10-16T11:35:39.690+0000] {dag.py:4180} INFO - Setting next_dagrun for dataset_s3_bucket_producer to None, run_after=None
[2024-10-16T11:35:39.709+0000] {processor.py:208} INFO - Processing /home/airflow/.local/lib/python3.12/site-packages/airflow/example_dags/example_dataset_alias.py took 0.224 seconds
[2024-10-16T11:36:10.241+0000] {processor.py:186} INFO - Started process (PID=126352) to work on /home/airflow/.local/lib/python3.12/site-packages/airflow/example_dags/example_dataset_alias.py
[2024-10-16T11:36:10.242+0000] {processor.py:914} INFO - Processing file /home/airflow/.local/lib/python3.12/site-packages/airflow/example_dags/example_dataset_alias.py for tasks to queue
[2024-10-16T11:36:10.243+0000] {logging_mixin.py:190} INFO - [2024-10-16T11:36:10.243+0000] {dagbag.py:588} INFO - Filling up the DagBag from /home/airflow/.local/lib/python3.12/site-packages/airflow/example_dags/example_dataset_alias.py
[2024-10-16T11:36:10.377+0000] {processor.py:925} INFO - DAG(s) 'dataset_s3_bucket_consumer', 'dataset_s3_bucket_producer', 'dataset_alias_example_alias_producer', 'dataset_alias_example_alias_consumer' retrieved from /home/airflow/.local/lib/python3.12/site-packages/airflow/example_dags/example_dataset_alias.py
[2024-10-16T11:36:10.397+0000] {logging_mixin.py:190} INFO - [2024-10-16T11:36:10.397+0000] {dag.py:3239} INFO - Sync 4 DAGs
[2024-10-16T11:36:10.419+0000] {logging_mixin.py:190} INFO - [2024-10-16T11:36:10.419+0000] {dag.py:4180} INFO - Setting next_dagrun for dataset_alias_example_alias_consumer to None, run_after=None
[2024-10-16T11:36:10.422+0000] {logging_mixin.py:190} INFO - [2024-10-16T11:36:10.422+0000] {dag.py:4180} INFO - Setting next_dagrun for dataset_alias_example_alias_producer to None, run_after=None
[2024-10-16T11:36:10.423+0000] {logging_mixin.py:190} INFO - [2024-10-16T11:36:10.423+0000] {dag.py:4180} INFO - Setting next_dagrun for dataset_s3_bucket_consumer to None, run_after=None
[2024-10-16T11:36:10.425+0000] {logging_mixin.py:190} INFO - [2024-10-16T11:36:10.425+0000] {dag.py:4180} INFO - Setting next_dagrun for dataset_s3_bucket_producer to None, run_after=None
[2024-10-16T11:36:10.447+0000] {processor.py:208} INFO - Processing /home/airflow/.local/lib/python3.12/site-packages/airflow/example_dags/example_dataset_alias.py took 0.212 seconds
[2024-10-16T11:36:40.728+0000] {processor.py:186} INFO - Started process (PID=126416) to work on /home/airflow/.local/lib/python3.12/site-packages/airflow/example_dags/example_dataset_alias.py
[2024-10-16T11:36:40.729+0000] {processor.py:914} INFO - Processing file /home/airflow/.local/lib/python3.12/site-packages/airflow/example_dags/example_dataset_alias.py for tasks to queue
[2024-10-16T11:36:40.730+0000] {logging_mixin.py:190} INFO - [2024-10-16T11:36:40.730+0000] {dagbag.py:588} INFO - Filling up the DagBag from /home/airflow/.local/lib/python3.12/site-packages/airflow/example_dags/example_dataset_alias.py
[2024-10-16T11:36:40.867+0000] {processor.py:925} INFO - DAG(s) 'dataset_alias_example_alias_consumer', 'dataset_s3_bucket_consumer', 'dataset_alias_example_alias_producer', 'dataset_s3_bucket_producer' retrieved from /home/airflow/.local/lib/python3.12/site-packages/airflow/example_dags/example_dataset_alias.py
[2024-10-16T11:36:40.887+0000] {logging_mixin.py:190} INFO - [2024-10-16T11:36:40.886+0000] {dag.py:3239} INFO - Sync 4 DAGs
[2024-10-16T11:36:40.910+0000] {logging_mixin.py:190} INFO - [2024-10-16T11:36:40.910+0000] {dag.py:4180} INFO - Setting next_dagrun for dataset_alias_example_alias_consumer to None, run_after=None
[2024-10-16T11:36:40.912+0000] {logging_mixin.py:190} INFO - [2024-10-16T11:36:40.912+0000] {dag.py:4180} INFO - Setting next_dagrun for dataset_alias_example_alias_producer to None, run_after=None
[2024-10-16T11:36:40.913+0000] {logging_mixin.py:190} INFO - [2024-10-16T11:36:40.913+0000] {dag.py:4180} INFO - Setting next_dagrun for dataset_s3_bucket_consumer to None, run_after=None
[2024-10-16T11:36:40.915+0000] {logging_mixin.py:190} INFO - [2024-10-16T11:36:40.914+0000] {dag.py:4180} INFO - Setting next_dagrun for dataset_s3_bucket_producer to None, run_after=None
[2024-10-16T11:36:40.935+0000] {processor.py:208} INFO - Processing /home/airflow/.local/lib/python3.12/site-packages/airflow/example_dags/example_dataset_alias.py took 0.212 seconds
[2024-10-16T11:37:11.166+0000] {processor.py:186} INFO - Started process (PID=126479) to work on /home/airflow/.local/lib/python3.12/site-packages/airflow/example_dags/example_dataset_alias.py
[2024-10-16T11:37:11.167+0000] {processor.py:914} INFO - Processing file /home/airflow/.local/lib/python3.12/site-packages/airflow/example_dags/example_dataset_alias.py for tasks to queue
[2024-10-16T11:37:11.168+0000] {logging_mixin.py:190} INFO - [2024-10-16T11:37:11.168+0000] {dagbag.py:588} INFO - Filling up the DagBag from /home/airflow/.local/lib/python3.12/site-packages/airflow/example_dags/example_dataset_alias.py
[2024-10-16T11:37:11.321+0000] {processor.py:925} INFO - DAG(s) 'dataset_alias_example_alias_producer', 'dataset_s3_bucket_producer', 'dataset_s3_bucket_consumer', 'dataset_alias_example_alias_consumer' retrieved from /home/airflow/.local/lib/python3.12/site-packages/airflow/example_dags/example_dataset_alias.py
[2024-10-16T11:37:11.343+0000] {logging_mixin.py:190} INFO - [2024-10-16T11:37:11.343+0000] {dag.py:3239} INFO - Sync 4 DAGs
[2024-10-16T11:37:11.366+0000] {logging_mixin.py:190} INFO - [2024-10-16T11:37:11.366+0000] {dag.py:4180} INFO - Setting next_dagrun for dataset_alias_example_alias_consumer to None, run_after=None
[2024-10-16T11:37:11.370+0000] {logging_mixin.py:190} INFO - [2024-10-16T11:37:11.369+0000] {dag.py:4180} INFO - Setting next_dagrun for dataset_alias_example_alias_producer to None, run_after=None
[2024-10-16T11:37:11.371+0000] {logging_mixin.py:190} INFO - [2024-10-16T11:37:11.371+0000] {dag.py:4180} INFO - Setting next_dagrun for dataset_s3_bucket_consumer to None, run_after=None
[2024-10-16T11:37:11.372+0000] {logging_mixin.py:190} INFO - [2024-10-16T11:37:11.372+0000] {dag.py:4180} INFO - Setting next_dagrun for dataset_s3_bucket_producer to None, run_after=None
[2024-10-16T11:37:11.392+0000] {processor.py:208} INFO - Processing /home/airflow/.local/lib/python3.12/site-packages/airflow/example_dags/example_dataset_alias.py took 0.231 seconds
[2024-10-16T11:37:41.666+0000] {processor.py:186} INFO - Started process (PID=126542) to work on /home/airflow/.local/lib/python3.12/site-packages/airflow/example_dags/example_dataset_alias.py
[2024-10-16T11:37:41.667+0000] {processor.py:914} INFO - Processing file /home/airflow/.local/lib/python3.12/site-packages/airflow/example_dags/example_dataset_alias.py for tasks to queue
[2024-10-16T11:37:41.669+0000] {logging_mixin.py:190} INFO - [2024-10-16T11:37:41.668+0000] {dagbag.py:588} INFO - Filling up the DagBag from /home/airflow/.local/lib/python3.12/site-packages/airflow/example_dags/example_dataset_alias.py
[2024-10-16T11:37:41.833+0000] {processor.py:925} INFO - DAG(s) 'dataset_s3_bucket_consumer', 'dataset_alias_example_alias_producer', 'dataset_s3_bucket_producer', 'dataset_alias_example_alias_consumer' retrieved from /home/airflow/.local/lib/python3.12/site-packages/airflow/example_dags/example_dataset_alias.py
[2024-10-16T11:37:41.895+0000] {logging_mixin.py:190} INFO - [2024-10-16T11:37:41.895+0000] {dag.py:3239} INFO - Sync 4 DAGs
[2024-10-16T11:37:41.952+0000] {logging_mixin.py:190} INFO - [2024-10-16T11:37:41.952+0000] {dag.py:4180} INFO - Setting next_dagrun for dataset_alias_example_alias_consumer to None, run_after=None
[2024-10-16T11:37:41.961+0000] {logging_mixin.py:190} INFO - [2024-10-16T11:37:41.961+0000] {dag.py:4180} INFO - Setting next_dagrun for dataset_alias_example_alias_producer to None, run_after=None
[2024-10-16T11:37:41.964+0000] {logging_mixin.py:190} INFO - [2024-10-16T11:37:41.964+0000] {dag.py:4180} INFO - Setting next_dagrun for dataset_s3_bucket_consumer to None, run_after=None
[2024-10-16T11:37:41.967+0000] {logging_mixin.py:190} INFO - [2024-10-16T11:37:41.967+0000] {dag.py:4180} INFO - Setting next_dagrun for dataset_s3_bucket_producer to None, run_after=None
[2024-10-16T11:37:42.020+0000] {processor.py:208} INFO - Processing /home/airflow/.local/lib/python3.12/site-packages/airflow/example_dags/example_dataset_alias.py took 0.361 seconds
[2024-10-16T11:38:12.202+0000] {processor.py:186} INFO - Started process (PID=126605) to work on /home/airflow/.local/lib/python3.12/site-packages/airflow/example_dags/example_dataset_alias.py
[2024-10-16T11:38:12.204+0000] {processor.py:914} INFO - Processing file /home/airflow/.local/lib/python3.12/site-packages/airflow/example_dags/example_dataset_alias.py for tasks to queue
[2024-10-16T11:38:12.208+0000] {logging_mixin.py:190} INFO - [2024-10-16T11:38:12.207+0000] {dagbag.py:588} INFO - Filling up the DagBag from /home/airflow/.local/lib/python3.12/site-packages/airflow/example_dags/example_dataset_alias.py
[2024-10-16T11:38:12.467+0000] {processor.py:925} INFO - DAG(s) 'dataset_s3_bucket_producer', 'dataset_s3_bucket_consumer', 'dataset_alias_example_alias_producer', 'dataset_alias_example_alias_consumer' retrieved from /home/airflow/.local/lib/python3.12/site-packages/airflow/example_dags/example_dataset_alias.py
[2024-10-16T11:38:12.491+0000] {logging_mixin.py:190} INFO - [2024-10-16T11:38:12.491+0000] {dag.py:3239} INFO - Sync 4 DAGs
[2024-10-16T11:38:12.522+0000] {logging_mixin.py:190} INFO - [2024-10-16T11:38:12.522+0000] {dag.py:4180} INFO - Setting next_dagrun for dataset_alias_example_alias_consumer to None, run_after=None
[2024-10-16T11:38:12.526+0000] {logging_mixin.py:190} INFO - [2024-10-16T11:38:12.526+0000] {dag.py:4180} INFO - Setting next_dagrun for dataset_alias_example_alias_producer to None, run_after=None
[2024-10-16T11:38:12.530+0000] {logging_mixin.py:190} INFO - [2024-10-16T11:38:12.530+0000] {dag.py:4180} INFO - Setting next_dagrun for dataset_s3_bucket_consumer to None, run_after=None
[2024-10-16T11:38:12.532+0000] {logging_mixin.py:190} INFO - [2024-10-16T11:38:12.532+0000] {dag.py:4180} INFO - Setting next_dagrun for dataset_s3_bucket_producer to None, run_after=None
[2024-10-16T11:38:12.555+0000] {processor.py:208} INFO - Processing /home/airflow/.local/lib/python3.12/site-packages/airflow/example_dags/example_dataset_alias.py took 0.371 seconds
[2024-10-16T11:38:42.621+0000] {processor.py:186} INFO - Started process (PID=126669) to work on /home/airflow/.local/lib/python3.12/site-packages/airflow/example_dags/example_dataset_alias.py
[2024-10-16T11:38:42.622+0000] {processor.py:914} INFO - Processing file /home/airflow/.local/lib/python3.12/site-packages/airflow/example_dags/example_dataset_alias.py for tasks to queue
[2024-10-16T11:38:42.624+0000] {logging_mixin.py:190} INFO - [2024-10-16T11:38:42.624+0000] {dagbag.py:588} INFO - Filling up the DagBag from /home/airflow/.local/lib/python3.12/site-packages/airflow/example_dags/example_dataset_alias.py
[2024-10-16T11:38:42.849+0000] {processor.py:925} INFO - DAG(s) 'dataset_alias_example_alias_consumer', 'dataset_s3_bucket_consumer', 'dataset_alias_example_alias_producer', 'dataset_s3_bucket_producer' retrieved from /home/airflow/.local/lib/python3.12/site-packages/airflow/example_dags/example_dataset_alias.py
[2024-10-16T11:38:42.878+0000] {logging_mixin.py:190} INFO - [2024-10-16T11:38:42.877+0000] {dag.py:3239} INFO - Sync 4 DAGs
[2024-10-16T11:38:42.910+0000] {logging_mixin.py:190} INFO - [2024-10-16T11:38:42.909+0000] {dag.py:4180} INFO - Setting next_dagrun for dataset_alias_example_alias_consumer to None, run_after=None
[2024-10-16T11:38:42.913+0000] {logging_mixin.py:190} INFO - [2024-10-16T11:38:42.913+0000] {dag.py:4180} INFO - Setting next_dagrun for dataset_alias_example_alias_producer to None, run_after=None
[2024-10-16T11:38:42.915+0000] {logging_mixin.py:190} INFO - [2024-10-16T11:38:42.915+0000] {dag.py:4180} INFO - Setting next_dagrun for dataset_s3_bucket_consumer to None, run_after=None
[2024-10-16T11:38:42.919+0000] {logging_mixin.py:190} INFO - [2024-10-16T11:38:42.918+0000] {dag.py:4180} INFO - Setting next_dagrun for dataset_s3_bucket_producer to None, run_after=None
[2024-10-16T11:38:42.943+0000] {processor.py:208} INFO - Processing /home/airflow/.local/lib/python3.12/site-packages/airflow/example_dags/example_dataset_alias.py took 0.328 seconds
[2024-10-16T11:39:13.585+0000] {processor.py:186} INFO - Started process (PID=126731) to work on /home/airflow/.local/lib/python3.12/site-packages/airflow/example_dags/example_dataset_alias.py
[2024-10-16T11:39:13.586+0000] {processor.py:914} INFO - Processing file /home/airflow/.local/lib/python3.12/site-packages/airflow/example_dags/example_dataset_alias.py for tasks to queue
[2024-10-16T11:39:13.588+0000] {logging_mixin.py:190} INFO - [2024-10-16T11:39:13.587+0000] {dagbag.py:588} INFO - Filling up the DagBag from /home/airflow/.local/lib/python3.12/site-packages/airflow/example_dags/example_dataset_alias.py
[2024-10-16T11:39:13.757+0000] {processor.py:925} INFO - DAG(s) 'dataset_s3_bucket_consumer', 'dataset_alias_example_alias_consumer', 'dataset_alias_example_alias_producer', 'dataset_s3_bucket_producer' retrieved from /home/airflow/.local/lib/python3.12/site-packages/airflow/example_dags/example_dataset_alias.py
[2024-10-16T11:39:13.779+0000] {logging_mixin.py:190} INFO - [2024-10-16T11:39:13.779+0000] {dag.py:3239} INFO - Sync 4 DAGs
[2024-10-16T11:39:13.811+0000] {logging_mixin.py:190} INFO - [2024-10-16T11:39:13.811+0000] {dag.py:4180} INFO - Setting next_dagrun for dataset_alias_example_alias_consumer to None, run_after=None
[2024-10-16T11:39:13.816+0000] {logging_mixin.py:190} INFO - [2024-10-16T11:39:13.815+0000] {dag.py:4180} INFO - Setting next_dagrun for dataset_alias_example_alias_producer to None, run_after=None
[2024-10-16T11:39:13.818+0000] {logging_mixin.py:190} INFO - [2024-10-16T11:39:13.818+0000] {dag.py:4180} INFO - Setting next_dagrun for dataset_s3_bucket_consumer to None, run_after=None
[2024-10-16T11:39:13.819+0000] {logging_mixin.py:190} INFO - [2024-10-16T11:39:13.819+0000] {dag.py:4180} INFO - Setting next_dagrun for dataset_s3_bucket_producer to None, run_after=None
[2024-10-16T11:39:13.845+0000] {processor.py:208} INFO - Processing /home/airflow/.local/lib/python3.12/site-packages/airflow/example_dags/example_dataset_alias.py took 0.267 seconds
[2024-10-16T11:39:44.465+0000] {processor.py:186} INFO - Started process (PID=126800) to work on /home/airflow/.local/lib/python3.12/site-packages/airflow/example_dags/example_dataset_alias.py
[2024-10-16T11:39:44.466+0000] {processor.py:914} INFO - Processing file /home/airflow/.local/lib/python3.12/site-packages/airflow/example_dags/example_dataset_alias.py for tasks to queue
[2024-10-16T11:39:44.467+0000] {logging_mixin.py:190} INFO - [2024-10-16T11:39:44.467+0000] {dagbag.py:588} INFO - Filling up the DagBag from /home/airflow/.local/lib/python3.12/site-packages/airflow/example_dags/example_dataset_alias.py
[2024-10-16T11:39:44.646+0000] {processor.py:925} INFO - DAG(s) 'dataset_s3_bucket_consumer', 'dataset_alias_example_alias_consumer', 'dataset_s3_bucket_producer', 'dataset_alias_example_alias_producer' retrieved from /home/airflow/.local/lib/python3.12/site-packages/airflow/example_dags/example_dataset_alias.py
[2024-10-16T11:39:44.670+0000] {logging_mixin.py:190} INFO - [2024-10-16T11:39:44.669+0000] {dag.py:3239} INFO - Sync 4 DAGs
[2024-10-16T11:39:44.695+0000] {logging_mixin.py:190} INFO - [2024-10-16T11:39:44.695+0000] {dag.py:4180} INFO - Setting next_dagrun for dataset_alias_example_alias_consumer to None, run_after=None
[2024-10-16T11:39:44.700+0000] {logging_mixin.py:190} INFO - [2024-10-16T11:39:44.699+0000] {dag.py:4180} INFO - Setting next_dagrun for dataset_alias_example_alias_producer to None, run_after=None
[2024-10-16T11:39:44.702+0000] {logging_mixin.py:190} INFO - [2024-10-16T11:39:44.701+0000] {dag.py:4180} INFO - Setting next_dagrun for dataset_s3_bucket_consumer to None, run_after=None
[2024-10-16T11:39:44.703+0000] {logging_mixin.py:190} INFO - [2024-10-16T11:39:44.703+0000] {dag.py:4180} INFO - Setting next_dagrun for dataset_s3_bucket_producer to None, run_after=None
[2024-10-16T11:39:44.727+0000] {processor.py:208} INFO - Processing /home/airflow/.local/lib/python3.12/site-packages/airflow/example_dags/example_dataset_alias.py took 0.269 seconds
[2024-10-16T11:40:15.264+0000] {processor.py:186} INFO - Started process (PID=126862) to work on /home/airflow/.local/lib/python3.12/site-packages/airflow/example_dags/example_dataset_alias.py
[2024-10-16T11:40:15.265+0000] {processor.py:914} INFO - Processing file /home/airflow/.local/lib/python3.12/site-packages/airflow/example_dags/example_dataset_alias.py for tasks to queue
[2024-10-16T11:40:15.267+0000] {logging_mixin.py:190} INFO - [2024-10-16T11:40:15.266+0000] {dagbag.py:588} INFO - Filling up the DagBag from /home/airflow/.local/lib/python3.12/site-packages/airflow/example_dags/example_dataset_alias.py
[2024-10-16T11:40:15.439+0000] {processor.py:925} INFO - DAG(s) 'dataset_s3_bucket_consumer', 'dataset_alias_example_alias_consumer', 'dataset_alias_example_alias_producer', 'dataset_s3_bucket_producer' retrieved from /home/airflow/.local/lib/python3.12/site-packages/airflow/example_dags/example_dataset_alias.py
[2024-10-16T11:40:15.465+0000] {logging_mixin.py:190} INFO - [2024-10-16T11:40:15.464+0000] {dag.py:3239} INFO - Sync 4 DAGs
[2024-10-16T11:40:15.490+0000] {logging_mixin.py:190} INFO - [2024-10-16T11:40:15.490+0000] {dag.py:4180} INFO - Setting next_dagrun for dataset_alias_example_alias_consumer to None, run_after=None
[2024-10-16T11:40:15.493+0000] {logging_mixin.py:190} INFO - [2024-10-16T11:40:15.493+0000] {dag.py:4180} INFO - Setting next_dagrun for dataset_alias_example_alias_producer to None, run_after=None
[2024-10-16T11:40:15.495+0000] {logging_mixin.py:190} INFO - [2024-10-16T11:40:15.495+0000] {dag.py:4180} INFO - Setting next_dagrun for dataset_s3_bucket_consumer to None, run_after=None
[2024-10-16T11:40:15.496+0000] {logging_mixin.py:190} INFO - [2024-10-16T11:40:15.496+0000] {dag.py:4180} INFO - Setting next_dagrun for dataset_s3_bucket_producer to None, run_after=None
[2024-10-16T11:40:15.518+0000] {processor.py:208} INFO - Processing /home/airflow/.local/lib/python3.12/site-packages/airflow/example_dags/example_dataset_alias.py took 0.262 seconds
[2024-10-16T11:40:45.669+0000] {processor.py:186} INFO - Started process (PID=126925) to work on /home/airflow/.local/lib/python3.12/site-packages/airflow/example_dags/example_dataset_alias.py
[2024-10-16T11:40:45.670+0000] {processor.py:914} INFO - Processing file /home/airflow/.local/lib/python3.12/site-packages/airflow/example_dags/example_dataset_alias.py for tasks to queue
[2024-10-16T11:40:45.671+0000] {logging_mixin.py:190} INFO - [2024-10-16T11:40:45.671+0000] {dagbag.py:588} INFO - Filling up the DagBag from /home/airflow/.local/lib/python3.12/site-packages/airflow/example_dags/example_dataset_alias.py
[2024-10-16T11:40:45.834+0000] {processor.py:925} INFO - DAG(s) 'dataset_alias_example_alias_producer', 'dataset_s3_bucket_producer', 'dataset_s3_bucket_consumer', 'dataset_alias_example_alias_consumer' retrieved from /home/airflow/.local/lib/python3.12/site-packages/airflow/example_dags/example_dataset_alias.py
[2024-10-16T11:40:45.855+0000] {logging_mixin.py:190} INFO - [2024-10-16T11:40:45.854+0000] {dag.py:3239} INFO - Sync 4 DAGs
[2024-10-16T11:40:45.879+0000] {logging_mixin.py:190} INFO - [2024-10-16T11:40:45.879+0000] {dag.py:4180} INFO - Setting next_dagrun for dataset_alias_example_alias_consumer to None, run_after=None
[2024-10-16T11:40:45.882+0000] {logging_mixin.py:190} INFO - [2024-10-16T11:40:45.882+0000] {dag.py:4180} INFO - Setting next_dagrun for dataset_alias_example_alias_producer to None, run_after=None
[2024-10-16T11:40:45.884+0000] {logging_mixin.py:190} INFO - [2024-10-16T11:40:45.884+0000] {dag.py:4180} INFO - Setting next_dagrun for dataset_s3_bucket_consumer to None, run_after=None
[2024-10-16T11:40:45.886+0000] {logging_mixin.py:190} INFO - [2024-10-16T11:40:45.886+0000] {dag.py:4180} INFO - Setting next_dagrun for dataset_s3_bucket_producer to None, run_after=None
[2024-10-16T11:40:45.909+0000] {processor.py:208} INFO - Processing /home/airflow/.local/lib/python3.12/site-packages/airflow/example_dags/example_dataset_alias.py took 0.248 seconds
[2024-10-16T11:41:16.048+0000] {processor.py:186} INFO - Started process (PID=126988) to work on /home/airflow/.local/lib/python3.12/site-packages/airflow/example_dags/example_dataset_alias.py
[2024-10-16T11:41:16.049+0000] {processor.py:914} INFO - Processing file /home/airflow/.local/lib/python3.12/site-packages/airflow/example_dags/example_dataset_alias.py for tasks to queue
[2024-10-16T11:41:16.051+0000] {logging_mixin.py:190} INFO - [2024-10-16T11:41:16.050+0000] {dagbag.py:588} INFO - Filling up the DagBag from /home/airflow/.local/lib/python3.12/site-packages/airflow/example_dags/example_dataset_alias.py
[2024-10-16T11:41:16.228+0000] {processor.py:925} INFO - DAG(s) 'dataset_s3_bucket_producer', 'dataset_alias_example_alias_consumer', 'dataset_s3_bucket_consumer', 'dataset_alias_example_alias_producer' retrieved from /home/airflow/.local/lib/python3.12/site-packages/airflow/example_dags/example_dataset_alias.py
[2024-10-16T11:41:16.248+0000] {logging_mixin.py:190} INFO - [2024-10-16T11:41:16.248+0000] {dag.py:3239} INFO - Sync 4 DAGs
[2024-10-16T11:41:16.272+0000] {logging_mixin.py:190} INFO - [2024-10-16T11:41:16.272+0000] {dag.py:4180} INFO - Setting next_dagrun for dataset_alias_example_alias_consumer to None, run_after=None
[2024-10-16T11:41:16.275+0000] {logging_mixin.py:190} INFO - [2024-10-16T11:41:16.275+0000] {dag.py:4180} INFO - Setting next_dagrun for dataset_alias_example_alias_producer to None, run_after=None
[2024-10-16T11:41:16.277+0000] {logging_mixin.py:190} INFO - [2024-10-16T11:41:16.276+0000] {dag.py:4180} INFO - Setting next_dagrun for dataset_s3_bucket_consumer to None, run_after=None
[2024-10-16T11:41:16.278+0000] {logging_mixin.py:190} INFO - [2024-10-16T11:41:16.278+0000] {dag.py:4180} INFO - Setting next_dagrun for dataset_s3_bucket_producer to None, run_after=None
[2024-10-16T11:41:16.300+0000] {processor.py:208} INFO - Processing /home/airflow/.local/lib/python3.12/site-packages/airflow/example_dags/example_dataset_alias.py took 0.258 seconds
[2024-10-16T11:41:47.014+0000] {processor.py:186} INFO - Started process (PID=127051) to work on /home/airflow/.local/lib/python3.12/site-packages/airflow/example_dags/example_dataset_alias.py
[2024-10-16T11:41:47.015+0000] {processor.py:914} INFO - Processing file /home/airflow/.local/lib/python3.12/site-packages/airflow/example_dags/example_dataset_alias.py for tasks to queue
[2024-10-16T11:41:47.017+0000] {logging_mixin.py:190} INFO - [2024-10-16T11:41:47.017+0000] {dagbag.py:588} INFO - Filling up the DagBag from /home/airflow/.local/lib/python3.12/site-packages/airflow/example_dags/example_dataset_alias.py
[2024-10-16T11:41:47.174+0000] {processor.py:925} INFO - DAG(s) 'dataset_s3_bucket_consumer', 'dataset_s3_bucket_producer', 'dataset_alias_example_alias_consumer', 'dataset_alias_example_alias_producer' retrieved from /home/airflow/.local/lib/python3.12/site-packages/airflow/example_dags/example_dataset_alias.py
[2024-10-16T11:41:47.195+0000] {logging_mixin.py:190} INFO - [2024-10-16T11:41:47.195+0000] {dag.py:3239} INFO - Sync 4 DAGs
[2024-10-16T11:41:47.221+0000] {logging_mixin.py:190} INFO - [2024-10-16T11:41:47.220+0000] {dag.py:4180} INFO - Setting next_dagrun for dataset_alias_example_alias_consumer to None, run_after=None
[2024-10-16T11:41:47.224+0000] {logging_mixin.py:190} INFO - [2024-10-16T11:41:47.224+0000] {dag.py:4180} INFO - Setting next_dagrun for dataset_alias_example_alias_producer to None, run_after=None
[2024-10-16T11:41:47.226+0000] {logging_mixin.py:190} INFO - [2024-10-16T11:41:47.225+0000] {dag.py:4180} INFO - Setting next_dagrun for dataset_s3_bucket_consumer to None, run_after=None
[2024-10-16T11:41:47.227+0000] {logging_mixin.py:190} INFO - [2024-10-16T11:41:47.227+0000] {dag.py:4180} INFO - Setting next_dagrun for dataset_s3_bucket_producer to None, run_after=None
[2024-10-16T11:41:47.251+0000] {processor.py:208} INFO - Processing /home/airflow/.local/lib/python3.12/site-packages/airflow/example_dags/example_dataset_alias.py took 0.244 seconds
[2024-10-16T11:42:18.046+0000] {processor.py:186} INFO - Started process (PID=127114) to work on /home/airflow/.local/lib/python3.12/site-packages/airflow/example_dags/example_dataset_alias.py
[2024-10-16T11:42:18.047+0000] {processor.py:914} INFO - Processing file /home/airflow/.local/lib/python3.12/site-packages/airflow/example_dags/example_dataset_alias.py for tasks to queue
[2024-10-16T11:42:18.049+0000] {logging_mixin.py:190} INFO - [2024-10-16T11:42:18.048+0000] {dagbag.py:588} INFO - Filling up the DagBag from /home/airflow/.local/lib/python3.12/site-packages/airflow/example_dags/example_dataset_alias.py
[2024-10-16T11:42:18.219+0000] {processor.py:925} INFO - DAG(s) 'dataset_s3_bucket_producer', 'dataset_alias_example_alias_producer', 'dataset_alias_example_alias_consumer', 'dataset_s3_bucket_consumer' retrieved from /home/airflow/.local/lib/python3.12/site-packages/airflow/example_dags/example_dataset_alias.py
[2024-10-16T11:42:18.240+0000] {logging_mixin.py:190} INFO - [2024-10-16T11:42:18.239+0000] {dag.py:3239} INFO - Sync 4 DAGs
[2024-10-16T11:42:18.267+0000] {logging_mixin.py:190} INFO - [2024-10-16T11:42:18.267+0000] {dag.py:4180} INFO - Setting next_dagrun for dataset_alias_example_alias_consumer to None, run_after=None
[2024-10-16T11:42:18.270+0000] {logging_mixin.py:190} INFO - [2024-10-16T11:42:18.270+0000] {dag.py:4180} INFO - Setting next_dagrun for dataset_alias_example_alias_producer to None, run_after=None
[2024-10-16T11:42:18.271+0000] {logging_mixin.py:190} INFO - [2024-10-16T11:42:18.271+0000] {dag.py:4180} INFO - Setting next_dagrun for dataset_s3_bucket_consumer to None, run_after=None
[2024-10-16T11:42:18.273+0000] {logging_mixin.py:190} INFO - [2024-10-16T11:42:18.273+0000] {dag.py:4180} INFO - Setting next_dagrun for dataset_s3_bucket_producer to None, run_after=None
[2024-10-16T11:42:18.293+0000] {processor.py:208} INFO - Processing /home/airflow/.local/lib/python3.12/site-packages/airflow/example_dags/example_dataset_alias.py took 0.254 seconds
[2024-10-16T11:42:48.609+0000] {processor.py:186} INFO - Started process (PID=127177) to work on /home/airflow/.local/lib/python3.12/site-packages/airflow/example_dags/example_dataset_alias.py
[2024-10-16T11:42:48.610+0000] {processor.py:914} INFO - Processing file /home/airflow/.local/lib/python3.12/site-packages/airflow/example_dags/example_dataset_alias.py for tasks to queue
[2024-10-16T11:42:48.612+0000] {logging_mixin.py:190} INFO - [2024-10-16T11:42:48.611+0000] {dagbag.py:588} INFO - Filling up the DagBag from /home/airflow/.local/lib/python3.12/site-packages/airflow/example_dags/example_dataset_alias.py
[2024-10-16T11:42:48.794+0000] {processor.py:925} INFO - DAG(s) 'dataset_alias_example_alias_consumer', 'dataset_alias_example_alias_producer', 'dataset_s3_bucket_producer', 'dataset_s3_bucket_consumer' retrieved from /home/airflow/.local/lib/python3.12/site-packages/airflow/example_dags/example_dataset_alias.py
[2024-10-16T11:42:48.823+0000] {logging_mixin.py:190} INFO - [2024-10-16T11:42:48.823+0000] {dag.py:3239} INFO - Sync 4 DAGs
[2024-10-16T11:42:48.853+0000] {logging_mixin.py:190} INFO - [2024-10-16T11:42:48.853+0000] {dag.py:4180} INFO - Setting next_dagrun for dataset_alias_example_alias_consumer to None, run_after=None
[2024-10-16T11:42:48.860+0000] {logging_mixin.py:190} INFO - [2024-10-16T11:42:48.859+0000] {dag.py:4180} INFO - Setting next_dagrun for dataset_alias_example_alias_producer to None, run_after=None
[2024-10-16T11:42:48.861+0000] {logging_mixin.py:190} INFO - [2024-10-16T11:42:48.861+0000] {dag.py:4180} INFO - Setting next_dagrun for dataset_s3_bucket_consumer to None, run_after=None
[2024-10-16T11:42:48.863+0000] {logging_mixin.py:190} INFO - [2024-10-16T11:42:48.863+0000] {dag.py:4180} INFO - Setting next_dagrun for dataset_s3_bucket_producer to None, run_after=None
[2024-10-16T11:42:48.894+0000] {processor.py:208} INFO - Processing /home/airflow/.local/lib/python3.12/site-packages/airflow/example_dags/example_dataset_alias.py took 0.292 seconds
[2024-10-16T11:43:19.148+0000] {processor.py:186} INFO - Started process (PID=127240) to work on /home/airflow/.local/lib/python3.12/site-packages/airflow/example_dags/example_dataset_alias.py
[2024-10-16T11:43:19.149+0000] {processor.py:914} INFO - Processing file /home/airflow/.local/lib/python3.12/site-packages/airflow/example_dags/example_dataset_alias.py for tasks to queue
[2024-10-16T11:43:19.151+0000] {logging_mixin.py:190} INFO - [2024-10-16T11:43:19.150+0000] {dagbag.py:588} INFO - Filling up the DagBag from /home/airflow/.local/lib/python3.12/site-packages/airflow/example_dags/example_dataset_alias.py
[2024-10-16T11:43:19.323+0000] {processor.py:925} INFO - DAG(s) 'dataset_s3_bucket_producer', 'dataset_s3_bucket_consumer', 'dataset_alias_example_alias_consumer', 'dataset_alias_example_alias_producer' retrieved from /home/airflow/.local/lib/python3.12/site-packages/airflow/example_dags/example_dataset_alias.py
[2024-10-16T11:43:19.350+0000] {logging_mixin.py:190} INFO - [2024-10-16T11:43:19.349+0000] {dag.py:3239} INFO - Sync 4 DAGs
[2024-10-16T11:43:19.377+0000] {logging_mixin.py:190} INFO - [2024-10-16T11:43:19.377+0000] {dag.py:4180} INFO - Setting next_dagrun for dataset_alias_example_alias_consumer to None, run_after=None
[2024-10-16T11:43:19.381+0000] {logging_mixin.py:190} INFO - [2024-10-16T11:43:19.380+0000] {dag.py:4180} INFO - Setting next_dagrun for dataset_alias_example_alias_producer to None, run_after=None
[2024-10-16T11:43:19.382+0000] {logging_mixin.py:190} INFO - [2024-10-16T11:43:19.382+0000] {dag.py:4180} INFO - Setting next_dagrun for dataset_s3_bucket_consumer to None, run_after=None
[2024-10-16T11:43:19.384+0000] {logging_mixin.py:190} INFO - [2024-10-16T11:43:19.384+0000] {dag.py:4180} INFO - Setting next_dagrun for dataset_s3_bucket_producer to None, run_after=None
[2024-10-16T11:43:19.407+0000] {processor.py:208} INFO - Processing /home/airflow/.local/lib/python3.12/site-packages/airflow/example_dags/example_dataset_alias.py took 0.265 seconds
[2024-10-16T11:43:49.527+0000] {processor.py:186} INFO - Started process (PID=127303) to work on /home/airflow/.local/lib/python3.12/site-packages/airflow/example_dags/example_dataset_alias.py
[2024-10-16T11:43:49.528+0000] {processor.py:914} INFO - Processing file /home/airflow/.local/lib/python3.12/site-packages/airflow/example_dags/example_dataset_alias.py for tasks to queue
[2024-10-16T11:43:49.529+0000] {logging_mixin.py:190} INFO - [2024-10-16T11:43:49.529+0000] {dagbag.py:588} INFO - Filling up the DagBag from /home/airflow/.local/lib/python3.12/site-packages/airflow/example_dags/example_dataset_alias.py
[2024-10-16T11:43:49.689+0000] {processor.py:925} INFO - DAG(s) 'dataset_alias_example_alias_consumer', 'dataset_alias_example_alias_producer', 'dataset_s3_bucket_consumer', 'dataset_s3_bucket_producer' retrieved from /home/airflow/.local/lib/python3.12/site-packages/airflow/example_dags/example_dataset_alias.py
[2024-10-16T11:43:49.713+0000] {logging_mixin.py:190} INFO - [2024-10-16T11:43:49.713+0000] {dag.py:3239} INFO - Sync 4 DAGs
[2024-10-16T11:43:49.738+0000] {logging_mixin.py:190} INFO - [2024-10-16T11:43:49.737+0000] {dag.py:4180} INFO - Setting next_dagrun for dataset_alias_example_alias_consumer to None, run_after=None
[2024-10-16T11:43:49.741+0000] {logging_mixin.py:190} INFO - [2024-10-16T11:43:49.740+0000] {dag.py:4180} INFO - Setting next_dagrun for dataset_alias_example_alias_producer to None, run_after=None
[2024-10-16T11:43:49.742+0000] {logging_mixin.py:190} INFO - [2024-10-16T11:43:49.742+0000] {dag.py:4180} INFO - Setting next_dagrun for dataset_s3_bucket_consumer to None, run_after=None
[2024-10-16T11:43:49.744+0000] {logging_mixin.py:190} INFO - [2024-10-16T11:43:49.743+0000] {dag.py:4180} INFO - Setting next_dagrun for dataset_s3_bucket_producer to None, run_after=None
[2024-10-16T11:43:49.766+0000] {processor.py:208} INFO - Processing /home/airflow/.local/lib/python3.12/site-packages/airflow/example_dags/example_dataset_alias.py took 0.246 seconds
[2024-10-16T11:44:20.783+0000] {processor.py:186} INFO - Started process (PID=127367) to work on /home/airflow/.local/lib/python3.12/site-packages/airflow/example_dags/example_dataset_alias.py
[2024-10-16T11:44:20.784+0000] {processor.py:914} INFO - Processing file /home/airflow/.local/lib/python3.12/site-packages/airflow/example_dags/example_dataset_alias.py for tasks to queue
[2024-10-16T11:44:20.786+0000] {logging_mixin.py:190} INFO - [2024-10-16T11:44:20.785+0000] {dagbag.py:588} INFO - Filling up the DagBag from /home/airflow/.local/lib/python3.12/site-packages/airflow/example_dags/example_dataset_alias.py
[2024-10-16T11:44:20.945+0000] {processor.py:925} INFO - DAG(s) 'dataset_s3_bucket_producer', 'dataset_s3_bucket_consumer', 'dataset_alias_example_alias_consumer', 'dataset_alias_example_alias_producer' retrieved from /home/airflow/.local/lib/python3.12/site-packages/airflow/example_dags/example_dataset_alias.py
[2024-10-16T11:44:20.975+0000] {logging_mixin.py:190} INFO - [2024-10-16T11:44:20.975+0000] {dag.py:3239} INFO - Sync 4 DAGs
[2024-10-16T11:44:21.169+0000] {logging_mixin.py:190} INFO - [2024-10-16T11:44:21.168+0000] {dag.py:4180} INFO - Setting next_dagrun for dataset_alias_example_alias_consumer to None, run_after=None
[2024-10-16T11:44:21.172+0000] {logging_mixin.py:190} INFO - [2024-10-16T11:44:21.172+0000] {dag.py:4180} INFO - Setting next_dagrun for dataset_alias_example_alias_producer to None, run_after=None
[2024-10-16T11:44:21.174+0000] {logging_mixin.py:190} INFO - [2024-10-16T11:44:21.173+0000] {dag.py:4180} INFO - Setting next_dagrun for dataset_s3_bucket_consumer to None, run_after=None
[2024-10-16T11:44:21.176+0000] {logging_mixin.py:190} INFO - [2024-10-16T11:44:21.175+0000] {dag.py:4180} INFO - Setting next_dagrun for dataset_s3_bucket_producer to None, run_after=None
[2024-10-16T11:44:21.198+0000] {processor.py:208} INFO - Processing /home/airflow/.local/lib/python3.12/site-packages/airflow/example_dags/example_dataset_alias.py took 0.422 seconds
[2024-10-16T11:44:51.519+0000] {processor.py:186} INFO - Started process (PID=127430) to work on /home/airflow/.local/lib/python3.12/site-packages/airflow/example_dags/example_dataset_alias.py
[2024-10-16T11:44:51.520+0000] {processor.py:914} INFO - Processing file /home/airflow/.local/lib/python3.12/site-packages/airflow/example_dags/example_dataset_alias.py for tasks to queue
[2024-10-16T11:44:51.522+0000] {logging_mixin.py:190} INFO - [2024-10-16T11:44:51.521+0000] {dagbag.py:588} INFO - Filling up the DagBag from /home/airflow/.local/lib/python3.12/site-packages/airflow/example_dags/example_dataset_alias.py
[2024-10-16T11:44:51.700+0000] {processor.py:925} INFO - DAG(s) 'dataset_alias_example_alias_producer', 'dataset_alias_example_alias_consumer', 'dataset_s3_bucket_producer', 'dataset_s3_bucket_consumer' retrieved from /home/airflow/.local/lib/python3.12/site-packages/airflow/example_dags/example_dataset_alias.py
[2024-10-16T11:44:51.727+0000] {logging_mixin.py:190} INFO - [2024-10-16T11:44:51.727+0000] {dag.py:3239} INFO - Sync 4 DAGs
[2024-10-16T11:44:51.914+0000] {logging_mixin.py:190} INFO - [2024-10-16T11:44:51.913+0000] {dag.py:4180} INFO - Setting next_dagrun for dataset_alias_example_alias_consumer to None, run_after=None
[2024-10-16T11:44:51.917+0000] {logging_mixin.py:190} INFO - [2024-10-16T11:44:51.916+0000] {dag.py:4180} INFO - Setting next_dagrun for dataset_alias_example_alias_producer to None, run_after=None
[2024-10-16T11:44:51.918+0000] {logging_mixin.py:190} INFO - [2024-10-16T11:44:51.918+0000] {dag.py:4180} INFO - Setting next_dagrun for dataset_s3_bucket_consumer to None, run_after=None
[2024-10-16T11:44:51.920+0000] {logging_mixin.py:190} INFO - [2024-10-16T11:44:51.920+0000] {dag.py:4180} INFO - Setting next_dagrun for dataset_s3_bucket_producer to None, run_after=None
[2024-10-16T11:44:51.944+0000] {processor.py:208} INFO - Processing /home/airflow/.local/lib/python3.12/site-packages/airflow/example_dags/example_dataset_alias.py took 0.432 seconds
[2024-10-16T11:45:23.018+0000] {processor.py:186} INFO - Started process (PID=127493) to work on /home/airflow/.local/lib/python3.12/site-packages/airflow/example_dags/example_dataset_alias.py
[2024-10-16T11:45:23.019+0000] {processor.py:914} INFO - Processing file /home/airflow/.local/lib/python3.12/site-packages/airflow/example_dags/example_dataset_alias.py for tasks to queue
[2024-10-16T11:45:23.021+0000] {logging_mixin.py:190} INFO - [2024-10-16T11:45:23.021+0000] {dagbag.py:588} INFO - Filling up the DagBag from /home/airflow/.local/lib/python3.12/site-packages/airflow/example_dags/example_dataset_alias.py
[2024-10-16T11:45:23.318+0000] {processor.py:925} INFO - DAG(s) 'dataset_alias_example_alias_producer', 'dataset_s3_bucket_producer', 'dataset_s3_bucket_consumer', 'dataset_alias_example_alias_consumer' retrieved from /home/airflow/.local/lib/python3.12/site-packages/airflow/example_dags/example_dataset_alias.py
[2024-10-16T11:45:23.348+0000] {logging_mixin.py:190} INFO - [2024-10-16T11:45:23.347+0000] {dag.py:3239} INFO - Sync 4 DAGs
[2024-10-16T11:45:23.382+0000] {logging_mixin.py:190} INFO - [2024-10-16T11:45:23.382+0000] {dag.py:4180} INFO - Setting next_dagrun for dataset_alias_example_alias_consumer to None, run_after=None
[2024-10-16T11:45:23.571+0000] {logging_mixin.py:190} INFO - [2024-10-16T11:45:23.571+0000] {dag.py:4180} INFO - Setting next_dagrun for dataset_alias_example_alias_producer to None, run_after=None
[2024-10-16T11:45:23.573+0000] {logging_mixin.py:190} INFO - [2024-10-16T11:45:23.573+0000] {dag.py:4180} INFO - Setting next_dagrun for dataset_s3_bucket_consumer to None, run_after=None
[2024-10-16T11:45:23.575+0000] {logging_mixin.py:190} INFO - [2024-10-16T11:45:23.575+0000] {dag.py:4180} INFO - Setting next_dagrun for dataset_s3_bucket_producer to None, run_after=None
[2024-10-16T11:45:23.601+0000] {processor.py:208} INFO - Processing /home/airflow/.local/lib/python3.12/site-packages/airflow/example_dags/example_dataset_alias.py took 0.591 seconds
[2024-10-16T11:45:55.103+0000] {processor.py:186} INFO - Started process (PID=127557) to work on /home/airflow/.local/lib/python3.12/site-packages/airflow/example_dags/example_dataset_alias.py
[2024-10-16T11:45:55.105+0000] {processor.py:914} INFO - Processing file /home/airflow/.local/lib/python3.12/site-packages/airflow/example_dags/example_dataset_alias.py for tasks to queue
[2024-10-16T11:45:55.132+0000] {logging_mixin.py:190} INFO - [2024-10-16T11:45:55.131+0000] {dagbag.py:588} INFO - Filling up the DagBag from /home/airflow/.local/lib/python3.12/site-packages/airflow/example_dags/example_dataset_alias.py
[2024-10-16T11:45:55.579+0000] {processor.py:925} INFO - DAG(s) 'dataset_alias_example_alias_producer', 'dataset_s3_bucket_producer', 'dataset_alias_example_alias_consumer', 'dataset_s3_bucket_consumer' retrieved from /home/airflow/.local/lib/python3.12/site-packages/airflow/example_dags/example_dataset_alias.py
[2024-10-16T11:45:55.628+0000] {logging_mixin.py:190} INFO - [2024-10-16T11:45:55.628+0000] {dag.py:3239} INFO - Sync 4 DAGs
[2024-10-16T11:45:55.666+0000] {logging_mixin.py:190} INFO - [2024-10-16T11:45:55.666+0000] {dag.py:4180} INFO - Setting next_dagrun for dataset_alias_example_alias_consumer to None, run_after=None
[2024-10-16T11:45:55.671+0000] {logging_mixin.py:190} INFO - [2024-10-16T11:45:55.670+0000] {dag.py:4180} INFO - Setting next_dagrun for dataset_alias_example_alias_producer to None, run_after=None
[2024-10-16T11:45:55.672+0000] {logging_mixin.py:190} INFO - [2024-10-16T11:45:55.672+0000] {dag.py:4180} INFO - Setting next_dagrun for dataset_s3_bucket_consumer to None, run_after=None
[2024-10-16T11:45:55.675+0000] {logging_mixin.py:190} INFO - [2024-10-16T11:45:55.674+0000] {dag.py:4180} INFO - Setting next_dagrun for dataset_s3_bucket_producer to None, run_after=None
[2024-10-16T11:45:55.725+0000] {processor.py:208} INFO - Processing /home/airflow/.local/lib/python3.12/site-packages/airflow/example_dags/example_dataset_alias.py took 0.642 seconds
