[2024-10-16T11:30:03.540+0000] {processor.py:186} INFO - Started process (PID=125604) to work on /home/airflow/.local/lib/python3.12/site-packages/airflow/example_dags/example_params_ui_tutorial.py
[2024-10-16T11:30:03.541+0000] {processor.py:914} INFO - Processing file /home/airflow/.local/lib/python3.12/site-packages/airflow/example_dags/example_params_ui_tutorial.py for tasks to queue
[2024-10-16T11:30:03.543+0000] {logging_mixin.py:190} INFO - [2024-10-16T11:30:03.543+0000] {dagbag.py:588} INFO - Filling up the DagBag from /home/airflow/.local/lib/python3.12/site-packages/airflow/example_dags/example_params_ui_tutorial.py
[2024-10-16T11:30:03.555+0000] {processor.py:925} INFO - DAG(s) 'example_params_ui_tutorial' retrieved from /home/airflow/.local/lib/python3.12/site-packages/airflow/example_dags/example_params_ui_tutorial.py
[2024-10-16T11:30:03.929+0000] {logging_mixin.py:190} INFO - [2024-10-16T11:30:03.928+0000] {dag.py:3239} INFO - Sync 1 DAGs
[2024-10-16T11:30:03.971+0000] {logging_mixin.py:190} INFO - [2024-10-16T11:30:03.971+0000] {dag.py:4180} INFO - Setting next_dagrun for example_params_ui_tutorial to None, run_after=None
[2024-10-16T11:30:04.059+0000] {processor.py:208} INFO - Processing /home/airflow/.local/lib/python3.12/site-packages/airflow/example_dags/example_params_ui_tutorial.py took 0.528 seconds
[2024-10-16T11:30:34.920+0000] {processor.py:186} INFO - Started process (PID=125669) to work on /home/airflow/.local/lib/python3.12/site-packages/airflow/example_dags/example_params_ui_tutorial.py
[2024-10-16T11:30:34.922+0000] {processor.py:914} INFO - Processing file /home/airflow/.local/lib/python3.12/site-packages/airflow/example_dags/example_params_ui_tutorial.py for tasks to queue
[2024-10-16T11:30:34.924+0000] {logging_mixin.py:190} INFO - [2024-10-16T11:30:34.923+0000] {dagbag.py:588} INFO - Filling up the DagBag from /home/airflow/.local/lib/python3.12/site-packages/airflow/example_dags/example_params_ui_tutorial.py
[2024-10-16T11:30:34.937+0000] {processor.py:925} INFO - DAG(s) 'example_params_ui_tutorial' retrieved from /home/airflow/.local/lib/python3.12/site-packages/airflow/example_dags/example_params_ui_tutorial.py
[2024-10-16T11:30:34.987+0000] {logging_mixin.py:190} INFO - [2024-10-16T11:30:34.986+0000] {dag.py:3239} INFO - Sync 1 DAGs
[2024-10-16T11:30:35.006+0000] {logging_mixin.py:190} INFO - [2024-10-16T11:30:35.006+0000] {dag.py:4180} INFO - Setting next_dagrun for example_params_ui_tutorial to None, run_after=None
[2024-10-16T11:30:35.030+0000] {processor.py:208} INFO - Processing /home/airflow/.local/lib/python3.12/site-packages/airflow/example_dags/example_params_ui_tutorial.py took 0.119 seconds
[2024-10-16T11:31:05.551+0000] {processor.py:186} INFO - Started process (PID=125732) to work on /home/airflow/.local/lib/python3.12/site-packages/airflow/example_dags/example_params_ui_tutorial.py
[2024-10-16T11:31:05.552+0000] {processor.py:914} INFO - Processing file /home/airflow/.local/lib/python3.12/site-packages/airflow/example_dags/example_params_ui_tutorial.py for tasks to queue
[2024-10-16T11:31:05.553+0000] {logging_mixin.py:190} INFO - [2024-10-16T11:31:05.552+0000] {dagbag.py:588} INFO - Filling up the DagBag from /home/airflow/.local/lib/python3.12/site-packages/airflow/example_dags/example_params_ui_tutorial.py
[2024-10-16T11:31:05.561+0000] {processor.py:925} INFO - DAG(s) 'example_params_ui_tutorial' retrieved from /home/airflow/.local/lib/python3.12/site-packages/airflow/example_dags/example_params_ui_tutorial.py
[2024-10-16T11:31:05.604+0000] {logging_mixin.py:190} INFO - [2024-10-16T11:31:05.603+0000] {dag.py:3239} INFO - Sync 1 DAGs
[2024-10-16T11:31:05.618+0000] {logging_mixin.py:190} INFO - [2024-10-16T11:31:05.617+0000] {dag.py:4180} INFO - Setting next_dagrun for example_params_ui_tutorial to None, run_after=None
[2024-10-16T11:31:05.636+0000] {processor.py:208} INFO - Processing /home/airflow/.local/lib/python3.12/site-packages/airflow/example_dags/example_params_ui_tutorial.py took 0.091 seconds
[2024-10-16T11:31:36.178+0000] {processor.py:186} INFO - Started process (PID=125795) to work on /home/airflow/.local/lib/python3.12/site-packages/airflow/example_dags/example_params_ui_tutorial.py
[2024-10-16T11:31:36.179+0000] {processor.py:914} INFO - Processing file /home/airflow/.local/lib/python3.12/site-packages/airflow/example_dags/example_params_ui_tutorial.py for tasks to queue
[2024-10-16T11:31:36.180+0000] {logging_mixin.py:190} INFO - [2024-10-16T11:31:36.180+0000] {dagbag.py:588} INFO - Filling up the DagBag from /home/airflow/.local/lib/python3.12/site-packages/airflow/example_dags/example_params_ui_tutorial.py
[2024-10-16T11:31:36.189+0000] {processor.py:925} INFO - DAG(s) 'example_params_ui_tutorial' retrieved from /home/airflow/.local/lib/python3.12/site-packages/airflow/example_dags/example_params_ui_tutorial.py
[2024-10-16T11:31:36.237+0000] {logging_mixin.py:190} INFO - [2024-10-16T11:31:36.236+0000] {dag.py:3239} INFO - Sync 1 DAGs
[2024-10-16T11:31:36.252+0000] {logging_mixin.py:190} INFO - [2024-10-16T11:31:36.252+0000] {dag.py:4180} INFO - Setting next_dagrun for example_params_ui_tutorial to None, run_after=None
[2024-10-16T11:31:36.272+0000] {processor.py:208} INFO - Processing /home/airflow/.local/lib/python3.12/site-packages/airflow/example_dags/example_params_ui_tutorial.py took 0.100 seconds
[2024-10-16T11:32:06.487+0000] {processor.py:186} INFO - Started process (PID=125858) to work on /home/airflow/.local/lib/python3.12/site-packages/airflow/example_dags/example_params_ui_tutorial.py
[2024-10-16T11:32:06.489+0000] {processor.py:914} INFO - Processing file /home/airflow/.local/lib/python3.12/site-packages/airflow/example_dags/example_params_ui_tutorial.py for tasks to queue
[2024-10-16T11:32:06.490+0000] {logging_mixin.py:190} INFO - [2024-10-16T11:32:06.490+0000] {dagbag.py:588} INFO - Filling up the DagBag from /home/airflow/.local/lib/python3.12/site-packages/airflow/example_dags/example_params_ui_tutorial.py
[2024-10-16T11:32:06.498+0000] {processor.py:925} INFO - DAG(s) 'example_params_ui_tutorial' retrieved from /home/airflow/.local/lib/python3.12/site-packages/airflow/example_dags/example_params_ui_tutorial.py
[2024-10-16T11:32:06.523+0000] {logging_mixin.py:190} INFO - [2024-10-16T11:32:06.522+0000] {dag.py:3239} INFO - Sync 1 DAGs
[2024-10-16T11:32:06.538+0000] {logging_mixin.py:190} INFO - [2024-10-16T11:32:06.538+0000] {dag.py:4180} INFO - Setting next_dagrun for example_params_ui_tutorial to None, run_after=None
[2024-10-16T11:32:06.556+0000] {processor.py:208} INFO - Processing /home/airflow/.local/lib/python3.12/site-packages/airflow/example_dags/example_params_ui_tutorial.py took 0.093 seconds
[2024-10-16T11:32:37.218+0000] {processor.py:186} INFO - Started process (PID=125920) to work on /home/airflow/.local/lib/python3.12/site-packages/airflow/example_dags/example_params_ui_tutorial.py
[2024-10-16T11:32:37.219+0000] {processor.py:914} INFO - Processing file /home/airflow/.local/lib/python3.12/site-packages/airflow/example_dags/example_params_ui_tutorial.py for tasks to queue
[2024-10-16T11:32:37.221+0000] {logging_mixin.py:190} INFO - [2024-10-16T11:32:37.220+0000] {dagbag.py:588} INFO - Filling up the DagBag from /home/airflow/.local/lib/python3.12/site-packages/airflow/example_dags/example_params_ui_tutorial.py
[2024-10-16T11:32:37.229+0000] {processor.py:925} INFO - DAG(s) 'example_params_ui_tutorial' retrieved from /home/airflow/.local/lib/python3.12/site-packages/airflow/example_dags/example_params_ui_tutorial.py
[2024-10-16T11:32:37.274+0000] {logging_mixin.py:190} INFO - [2024-10-16T11:32:37.274+0000] {dag.py:3239} INFO - Sync 1 DAGs
[2024-10-16T11:32:37.291+0000] {logging_mixin.py:190} INFO - [2024-10-16T11:32:37.291+0000] {dag.py:4180} INFO - Setting next_dagrun for example_params_ui_tutorial to None, run_after=None
[2024-10-16T11:32:37.312+0000] {processor.py:208} INFO - Processing /home/airflow/.local/lib/python3.12/site-packages/airflow/example_dags/example_params_ui_tutorial.py took 0.100 seconds
[2024-10-16T11:33:07.688+0000] {processor.py:186} INFO - Started process (PID=125983) to work on /home/airflow/.local/lib/python3.12/site-packages/airflow/example_dags/example_params_ui_tutorial.py
[2024-10-16T11:33:07.690+0000] {processor.py:914} INFO - Processing file /home/airflow/.local/lib/python3.12/site-packages/airflow/example_dags/example_params_ui_tutorial.py for tasks to queue
[2024-10-16T11:33:07.691+0000] {logging_mixin.py:190} INFO - [2024-10-16T11:33:07.691+0000] {dagbag.py:588} INFO - Filling up the DagBag from /home/airflow/.local/lib/python3.12/site-packages/airflow/example_dags/example_params_ui_tutorial.py
[2024-10-16T11:33:07.702+0000] {processor.py:925} INFO - DAG(s) 'example_params_ui_tutorial' retrieved from /home/airflow/.local/lib/python3.12/site-packages/airflow/example_dags/example_params_ui_tutorial.py
[2024-10-16T11:33:07.757+0000] {logging_mixin.py:190} INFO - [2024-10-16T11:33:07.757+0000] {dag.py:3239} INFO - Sync 1 DAGs
[2024-10-16T11:33:07.784+0000] {logging_mixin.py:190} INFO - [2024-10-16T11:33:07.784+0000] {dag.py:4180} INFO - Setting next_dagrun for example_params_ui_tutorial to None, run_after=None
[2024-10-16T11:33:07.811+0000] {processor.py:208} INFO - Processing /home/airflow/.local/lib/python3.12/site-packages/airflow/example_dags/example_params_ui_tutorial.py took 0.130 seconds
[2024-10-16T11:33:38.068+0000] {processor.py:186} INFO - Started process (PID=126046) to work on /home/airflow/.local/lib/python3.12/site-packages/airflow/example_dags/example_params_ui_tutorial.py
[2024-10-16T11:33:38.069+0000] {processor.py:914} INFO - Processing file /home/airflow/.local/lib/python3.12/site-packages/airflow/example_dags/example_params_ui_tutorial.py for tasks to queue
[2024-10-16T11:33:38.071+0000] {logging_mixin.py:190} INFO - [2024-10-16T11:33:38.070+0000] {dagbag.py:588} INFO - Filling up the DagBag from /home/airflow/.local/lib/python3.12/site-packages/airflow/example_dags/example_params_ui_tutorial.py
[2024-10-16T11:33:38.081+0000] {processor.py:925} INFO - DAG(s) 'example_params_ui_tutorial' retrieved from /home/airflow/.local/lib/python3.12/site-packages/airflow/example_dags/example_params_ui_tutorial.py
[2024-10-16T11:33:38.128+0000] {logging_mixin.py:190} INFO - [2024-10-16T11:33:38.127+0000] {dag.py:3239} INFO - Sync 1 DAGs
[2024-10-16T11:33:38.143+0000] {logging_mixin.py:190} INFO - [2024-10-16T11:33:38.143+0000] {dag.py:4180} INFO - Setting next_dagrun for example_params_ui_tutorial to None, run_after=None
[2024-10-16T11:33:38.162+0000] {processor.py:208} INFO - Processing /home/airflow/.local/lib/python3.12/site-packages/airflow/example_dags/example_params_ui_tutorial.py took 0.101 seconds
[2024-10-16T11:34:08.643+0000] {processor.py:186} INFO - Started process (PID=126109) to work on /home/airflow/.local/lib/python3.12/site-packages/airflow/example_dags/example_params_ui_tutorial.py
[2024-10-16T11:34:08.644+0000] {processor.py:914} INFO - Processing file /home/airflow/.local/lib/python3.12/site-packages/airflow/example_dags/example_params_ui_tutorial.py for tasks to queue
[2024-10-16T11:34:08.646+0000] {logging_mixin.py:190} INFO - [2024-10-16T11:34:08.646+0000] {dagbag.py:588} INFO - Filling up the DagBag from /home/airflow/.local/lib/python3.12/site-packages/airflow/example_dags/example_params_ui_tutorial.py
[2024-10-16T11:34:08.659+0000] {processor.py:925} INFO - DAG(s) 'example_params_ui_tutorial' retrieved from /home/airflow/.local/lib/python3.12/site-packages/airflow/example_dags/example_params_ui_tutorial.py
[2024-10-16T11:34:08.713+0000] {logging_mixin.py:190} INFO - [2024-10-16T11:34:08.712+0000] {dag.py:3239} INFO - Sync 1 DAGs
[2024-10-16T11:34:08.734+0000] {logging_mixin.py:190} INFO - [2024-10-16T11:34:08.734+0000] {dag.py:4180} INFO - Setting next_dagrun for example_params_ui_tutorial to None, run_after=None
[2024-10-16T11:34:08.762+0000] {processor.py:208} INFO - Processing /home/airflow/.local/lib/python3.12/site-packages/airflow/example_dags/example_params_ui_tutorial.py took 0.127 seconds
[2024-10-16T11:34:38.876+0000] {processor.py:186} INFO - Started process (PID=126173) to work on /home/airflow/.local/lib/python3.12/site-packages/airflow/example_dags/example_params_ui_tutorial.py
[2024-10-16T11:34:38.877+0000] {processor.py:914} INFO - Processing file /home/airflow/.local/lib/python3.12/site-packages/airflow/example_dags/example_params_ui_tutorial.py for tasks to queue
[2024-10-16T11:34:38.878+0000] {logging_mixin.py:190} INFO - [2024-10-16T11:34:38.878+0000] {dagbag.py:588} INFO - Filling up the DagBag from /home/airflow/.local/lib/python3.12/site-packages/airflow/example_dags/example_params_ui_tutorial.py
[2024-10-16T11:34:38.887+0000] {processor.py:925} INFO - DAG(s) 'example_params_ui_tutorial' retrieved from /home/airflow/.local/lib/python3.12/site-packages/airflow/example_dags/example_params_ui_tutorial.py
[2024-10-16T11:34:38.931+0000] {logging_mixin.py:190} INFO - [2024-10-16T11:34:38.931+0000] {dag.py:3239} INFO - Sync 1 DAGs
[2024-10-16T11:34:38.947+0000] {logging_mixin.py:190} INFO - [2024-10-16T11:34:38.947+0000] {dag.py:4180} INFO - Setting next_dagrun for example_params_ui_tutorial to None, run_after=None
[2024-10-16T11:34:38.967+0000] {processor.py:208} INFO - Processing /home/airflow/.local/lib/python3.12/site-packages/airflow/example_dags/example_params_ui_tutorial.py took 0.097 seconds
[2024-10-16T11:35:09.751+0000] {processor.py:186} INFO - Started process (PID=126236) to work on /home/airflow/.local/lib/python3.12/site-packages/airflow/example_dags/example_params_ui_tutorial.py
[2024-10-16T11:35:09.752+0000] {processor.py:914} INFO - Processing file /home/airflow/.local/lib/python3.12/site-packages/airflow/example_dags/example_params_ui_tutorial.py for tasks to queue
[2024-10-16T11:35:09.753+0000] {logging_mixin.py:190} INFO - [2024-10-16T11:35:09.753+0000] {dagbag.py:588} INFO - Filling up the DagBag from /home/airflow/.local/lib/python3.12/site-packages/airflow/example_dags/example_params_ui_tutorial.py
[2024-10-16T11:35:09.761+0000] {processor.py:925} INFO - DAG(s) 'example_params_ui_tutorial' retrieved from /home/airflow/.local/lib/python3.12/site-packages/airflow/example_dags/example_params_ui_tutorial.py
[2024-10-16T11:35:09.802+0000] {logging_mixin.py:190} INFO - [2024-10-16T11:35:09.802+0000] {dag.py:3239} INFO - Sync 1 DAGs
[2024-10-16T11:35:09.818+0000] {logging_mixin.py:190} INFO - [2024-10-16T11:35:09.818+0000] {dag.py:4180} INFO - Setting next_dagrun for example_params_ui_tutorial to None, run_after=None
[2024-10-16T11:35:09.838+0000] {processor.py:208} INFO - Processing /home/airflow/.local/lib/python3.12/site-packages/airflow/example_dags/example_params_ui_tutorial.py took 0.093 seconds
[2024-10-16T11:35:40.289+0000] {processor.py:186} INFO - Started process (PID=126299) to work on /home/airflow/.local/lib/python3.12/site-packages/airflow/example_dags/example_params_ui_tutorial.py
[2024-10-16T11:35:40.290+0000] {processor.py:914} INFO - Processing file /home/airflow/.local/lib/python3.12/site-packages/airflow/example_dags/example_params_ui_tutorial.py for tasks to queue
[2024-10-16T11:35:40.292+0000] {logging_mixin.py:190} INFO - [2024-10-16T11:35:40.291+0000] {dagbag.py:588} INFO - Filling up the DagBag from /home/airflow/.local/lib/python3.12/site-packages/airflow/example_dags/example_params_ui_tutorial.py
[2024-10-16T11:35:40.301+0000] {processor.py:925} INFO - DAG(s) 'example_params_ui_tutorial' retrieved from /home/airflow/.local/lib/python3.12/site-packages/airflow/example_dags/example_params_ui_tutorial.py
[2024-10-16T11:35:40.344+0000] {logging_mixin.py:190} INFO - [2024-10-16T11:35:40.343+0000] {dag.py:3239} INFO - Sync 1 DAGs
[2024-10-16T11:35:40.362+0000] {logging_mixin.py:190} INFO - [2024-10-16T11:35:40.362+0000] {dag.py:4180} INFO - Setting next_dagrun for example_params_ui_tutorial to None, run_after=None
[2024-10-16T11:35:40.380+0000] {processor.py:208} INFO - Processing /home/airflow/.local/lib/python3.12/site-packages/airflow/example_dags/example_params_ui_tutorial.py took 0.097 seconds
[2024-10-16T11:36:11.089+0000] {processor.py:186} INFO - Started process (PID=126362) to work on /home/airflow/.local/lib/python3.12/site-packages/airflow/example_dags/example_params_ui_tutorial.py
[2024-10-16T11:36:11.091+0000] {processor.py:914} INFO - Processing file /home/airflow/.local/lib/python3.12/site-packages/airflow/example_dags/example_params_ui_tutorial.py for tasks to queue
[2024-10-16T11:36:11.092+0000] {logging_mixin.py:190} INFO - [2024-10-16T11:36:11.092+0000] {dagbag.py:588} INFO - Filling up the DagBag from /home/airflow/.local/lib/python3.12/site-packages/airflow/example_dags/example_params_ui_tutorial.py
[2024-10-16T11:36:11.102+0000] {processor.py:925} INFO - DAG(s) 'example_params_ui_tutorial' retrieved from /home/airflow/.local/lib/python3.12/site-packages/airflow/example_dags/example_params_ui_tutorial.py
[2024-10-16T11:36:11.153+0000] {logging_mixin.py:190} INFO - [2024-10-16T11:36:11.152+0000] {dag.py:3239} INFO - Sync 1 DAGs
[2024-10-16T11:36:11.179+0000] {logging_mixin.py:190} INFO - [2024-10-16T11:36:11.179+0000] {dag.py:4180} INFO - Setting next_dagrun for example_params_ui_tutorial to None, run_after=None
[2024-10-16T11:36:11.201+0000] {processor.py:208} INFO - Processing /home/airflow/.local/lib/python3.12/site-packages/airflow/example_dags/example_params_ui_tutorial.py took 0.118 seconds
[2024-10-16T11:36:41.538+0000] {processor.py:186} INFO - Started process (PID=126426) to work on /home/airflow/.local/lib/python3.12/site-packages/airflow/example_dags/example_params_ui_tutorial.py
[2024-10-16T11:36:41.539+0000] {processor.py:914} INFO - Processing file /home/airflow/.local/lib/python3.12/site-packages/airflow/example_dags/example_params_ui_tutorial.py for tasks to queue
[2024-10-16T11:36:41.541+0000] {logging_mixin.py:190} INFO - [2024-10-16T11:36:41.540+0000] {dagbag.py:588} INFO - Filling up the DagBag from /home/airflow/.local/lib/python3.12/site-packages/airflow/example_dags/example_params_ui_tutorial.py
[2024-10-16T11:36:41.549+0000] {processor.py:925} INFO - DAG(s) 'example_params_ui_tutorial' retrieved from /home/airflow/.local/lib/python3.12/site-packages/airflow/example_dags/example_params_ui_tutorial.py
[2024-10-16T11:36:41.591+0000] {logging_mixin.py:190} INFO - [2024-10-16T11:36:41.591+0000] {dag.py:3239} INFO - Sync 1 DAGs
[2024-10-16T11:36:41.607+0000] {logging_mixin.py:190} INFO - [2024-10-16T11:36:41.607+0000] {dag.py:4180} INFO - Setting next_dagrun for example_params_ui_tutorial to None, run_after=None
[2024-10-16T11:36:41.625+0000] {processor.py:208} INFO - Processing /home/airflow/.local/lib/python3.12/site-packages/airflow/example_dags/example_params_ui_tutorial.py took 0.092 seconds
[2024-10-16T11:37:11.941+0000] {processor.py:186} INFO - Started process (PID=126489) to work on /home/airflow/.local/lib/python3.12/site-packages/airflow/example_dags/example_params_ui_tutorial.py
[2024-10-16T11:37:11.942+0000] {processor.py:914} INFO - Processing file /home/airflow/.local/lib/python3.12/site-packages/airflow/example_dags/example_params_ui_tutorial.py for tasks to queue
[2024-10-16T11:37:11.943+0000] {logging_mixin.py:190} INFO - [2024-10-16T11:37:11.943+0000] {dagbag.py:588} INFO - Filling up the DagBag from /home/airflow/.local/lib/python3.12/site-packages/airflow/example_dags/example_params_ui_tutorial.py
[2024-10-16T11:37:11.951+0000] {processor.py:925} INFO - DAG(s) 'example_params_ui_tutorial' retrieved from /home/airflow/.local/lib/python3.12/site-packages/airflow/example_dags/example_params_ui_tutorial.py
[2024-10-16T11:37:11.992+0000] {logging_mixin.py:190} INFO - [2024-10-16T11:37:11.992+0000] {dag.py:3239} INFO - Sync 1 DAGs
[2024-10-16T11:37:12.007+0000] {logging_mixin.py:190} INFO - [2024-10-16T11:37:12.006+0000] {dag.py:4180} INFO - Setting next_dagrun for example_params_ui_tutorial to None, run_after=None
[2024-10-16T11:37:12.024+0000] {processor.py:208} INFO - Processing /home/airflow/.local/lib/python3.12/site-packages/airflow/example_dags/example_params_ui_tutorial.py took 0.088 seconds
[2024-10-16T11:37:42.690+0000] {processor.py:186} INFO - Started process (PID=126552) to work on /home/airflow/.local/lib/python3.12/site-packages/airflow/example_dags/example_params_ui_tutorial.py
[2024-10-16T11:37:42.693+0000] {processor.py:914} INFO - Processing file /home/airflow/.local/lib/python3.12/site-packages/airflow/example_dags/example_params_ui_tutorial.py for tasks to queue
[2024-10-16T11:37:42.695+0000] {logging_mixin.py:190} INFO - [2024-10-16T11:37:42.695+0000] {dagbag.py:588} INFO - Filling up the DagBag from /home/airflow/.local/lib/python3.12/site-packages/airflow/example_dags/example_params_ui_tutorial.py
[2024-10-16T11:37:42.709+0000] {processor.py:925} INFO - DAG(s) 'example_params_ui_tutorial' retrieved from /home/airflow/.local/lib/python3.12/site-packages/airflow/example_dags/example_params_ui_tutorial.py
[2024-10-16T11:37:42.762+0000] {logging_mixin.py:190} INFO - [2024-10-16T11:37:42.761+0000] {dag.py:3239} INFO - Sync 1 DAGs
[2024-10-16T11:37:42.779+0000] {logging_mixin.py:190} INFO - [2024-10-16T11:37:42.779+0000] {dag.py:4180} INFO - Setting next_dagrun for example_params_ui_tutorial to None, run_after=None
[2024-10-16T11:37:42.801+0000] {processor.py:208} INFO - Processing /home/airflow/.local/lib/python3.12/site-packages/airflow/example_dags/example_params_ui_tutorial.py took 0.121 seconds
[2024-10-16T11:38:13.251+0000] {processor.py:186} INFO - Started process (PID=126615) to work on /home/airflow/.local/lib/python3.12/site-packages/airflow/example_dags/example_params_ui_tutorial.py
[2024-10-16T11:38:13.252+0000] {processor.py:914} INFO - Processing file /home/airflow/.local/lib/python3.12/site-packages/airflow/example_dags/example_params_ui_tutorial.py for tasks to queue
[2024-10-16T11:38:13.253+0000] {logging_mixin.py:190} INFO - [2024-10-16T11:38:13.253+0000] {dagbag.py:588} INFO - Filling up the DagBag from /home/airflow/.local/lib/python3.12/site-packages/airflow/example_dags/example_params_ui_tutorial.py
[2024-10-16T11:38:13.264+0000] {processor.py:925} INFO - DAG(s) 'example_params_ui_tutorial' retrieved from /home/airflow/.local/lib/python3.12/site-packages/airflow/example_dags/example_params_ui_tutorial.py
[2024-10-16T11:38:13.319+0000] {logging_mixin.py:190} INFO - [2024-10-16T11:38:13.319+0000] {dag.py:3239} INFO - Sync 1 DAGs
[2024-10-16T11:38:13.336+0000] {logging_mixin.py:190} INFO - [2024-10-16T11:38:13.335+0000] {dag.py:4180} INFO - Setting next_dagrun for example_params_ui_tutorial to None, run_after=None
[2024-10-16T11:38:13.355+0000] {processor.py:208} INFO - Processing /home/airflow/.local/lib/python3.12/site-packages/airflow/example_dags/example_params_ui_tutorial.py took 0.111 seconds
[2024-10-16T11:38:43.546+0000] {processor.py:186} INFO - Started process (PID=126679) to work on /home/airflow/.local/lib/python3.12/site-packages/airflow/example_dags/example_params_ui_tutorial.py
[2024-10-16T11:38:43.547+0000] {processor.py:914} INFO - Processing file /home/airflow/.local/lib/python3.12/site-packages/airflow/example_dags/example_params_ui_tutorial.py for tasks to queue
[2024-10-16T11:38:43.550+0000] {logging_mixin.py:190} INFO - [2024-10-16T11:38:43.549+0000] {dagbag.py:588} INFO - Filling up the DagBag from /home/airflow/.local/lib/python3.12/site-packages/airflow/example_dags/example_params_ui_tutorial.py
[2024-10-16T11:38:43.561+0000] {processor.py:925} INFO - DAG(s) 'example_params_ui_tutorial' retrieved from /home/airflow/.local/lib/python3.12/site-packages/airflow/example_dags/example_params_ui_tutorial.py
[2024-10-16T11:38:43.642+0000] {logging_mixin.py:190} INFO - [2024-10-16T11:38:43.642+0000] {dag.py:3239} INFO - Sync 1 DAGs
[2024-10-16T11:38:43.661+0000] {logging_mixin.py:190} INFO - [2024-10-16T11:38:43.660+0000] {dag.py:4180} INFO - Setting next_dagrun for example_params_ui_tutorial to None, run_after=None
[2024-10-16T11:38:43.686+0000] {processor.py:208} INFO - Processing /home/airflow/.local/lib/python3.12/site-packages/airflow/example_dags/example_params_ui_tutorial.py took 0.147 seconds
[2024-10-16T11:39:14.508+0000] {processor.py:186} INFO - Started process (PID=126747) to work on /home/airflow/.local/lib/python3.12/site-packages/airflow/example_dags/example_params_ui_tutorial.py
[2024-10-16T11:39:14.509+0000] {processor.py:914} INFO - Processing file /home/airflow/.local/lib/python3.12/site-packages/airflow/example_dags/example_params_ui_tutorial.py for tasks to queue
[2024-10-16T11:39:14.510+0000] {logging_mixin.py:190} INFO - [2024-10-16T11:39:14.510+0000] {dagbag.py:588} INFO - Filling up the DagBag from /home/airflow/.local/lib/python3.12/site-packages/airflow/example_dags/example_params_ui_tutorial.py
[2024-10-16T11:39:14.521+0000] {processor.py:925} INFO - DAG(s) 'example_params_ui_tutorial' retrieved from /home/airflow/.local/lib/python3.12/site-packages/airflow/example_dags/example_params_ui_tutorial.py
[2024-10-16T11:39:14.569+0000] {logging_mixin.py:190} INFO - [2024-10-16T11:39:14.568+0000] {dag.py:3239} INFO - Sync 1 DAGs
[2024-10-16T11:39:14.585+0000] {logging_mixin.py:190} INFO - [2024-10-16T11:39:14.585+0000] {dag.py:4180} INFO - Setting next_dagrun for example_params_ui_tutorial to None, run_after=None
[2024-10-16T11:39:14.604+0000] {processor.py:208} INFO - Processing /home/airflow/.local/lib/python3.12/site-packages/airflow/example_dags/example_params_ui_tutorial.py took 0.103 seconds
[2024-10-16T11:39:45.346+0000] {processor.py:186} INFO - Started process (PID=126810) to work on /home/airflow/.local/lib/python3.12/site-packages/airflow/example_dags/example_params_ui_tutorial.py
[2024-10-16T11:39:45.348+0000] {processor.py:914} INFO - Processing file /home/airflow/.local/lib/python3.12/site-packages/airflow/example_dags/example_params_ui_tutorial.py for tasks to queue
[2024-10-16T11:39:45.349+0000] {logging_mixin.py:190} INFO - [2024-10-16T11:39:45.349+0000] {dagbag.py:588} INFO - Filling up the DagBag from /home/airflow/.local/lib/python3.12/site-packages/airflow/example_dags/example_params_ui_tutorial.py
[2024-10-16T11:39:45.360+0000] {processor.py:925} INFO - DAG(s) 'example_params_ui_tutorial' retrieved from /home/airflow/.local/lib/python3.12/site-packages/airflow/example_dags/example_params_ui_tutorial.py
[2024-10-16T11:39:45.410+0000] {logging_mixin.py:190} INFO - [2024-10-16T11:39:45.410+0000] {dag.py:3239} INFO - Sync 1 DAGs
[2024-10-16T11:39:45.427+0000] {logging_mixin.py:190} INFO - [2024-10-16T11:39:45.426+0000] {dag.py:4180} INFO - Setting next_dagrun for example_params_ui_tutorial to None, run_after=None
[2024-10-16T11:39:45.446+0000] {processor.py:208} INFO - Processing /home/airflow/.local/lib/python3.12/site-packages/airflow/example_dags/example_params_ui_tutorial.py took 0.107 seconds
[2024-10-16T11:40:16.188+0000] {processor.py:186} INFO - Started process (PID=126872) to work on /home/airflow/.local/lib/python3.12/site-packages/airflow/example_dags/example_params_ui_tutorial.py
[2024-10-16T11:40:16.189+0000] {processor.py:914} INFO - Processing file /home/airflow/.local/lib/python3.12/site-packages/airflow/example_dags/example_params_ui_tutorial.py for tasks to queue
[2024-10-16T11:40:16.191+0000] {logging_mixin.py:190} INFO - [2024-10-16T11:40:16.190+0000] {dagbag.py:588} INFO - Filling up the DagBag from /home/airflow/.local/lib/python3.12/site-packages/airflow/example_dags/example_params_ui_tutorial.py
[2024-10-16T11:40:16.200+0000] {processor.py:925} INFO - DAG(s) 'example_params_ui_tutorial' retrieved from /home/airflow/.local/lib/python3.12/site-packages/airflow/example_dags/example_params_ui_tutorial.py
[2024-10-16T11:40:16.254+0000] {logging_mixin.py:190} INFO - [2024-10-16T11:40:16.254+0000] {dag.py:3239} INFO - Sync 1 DAGs
[2024-10-16T11:40:16.271+0000] {logging_mixin.py:190} INFO - [2024-10-16T11:40:16.271+0000] {dag.py:4180} INFO - Setting next_dagrun for example_params_ui_tutorial to None, run_after=None
[2024-10-16T11:40:16.292+0000] {processor.py:208} INFO - Processing /home/airflow/.local/lib/python3.12/site-packages/airflow/example_dags/example_params_ui_tutorial.py took 0.111 seconds
[2024-10-16T11:40:46.544+0000] {processor.py:186} INFO - Started process (PID=126935) to work on /home/airflow/.local/lib/python3.12/site-packages/airflow/example_dags/example_params_ui_tutorial.py
[2024-10-16T11:40:46.545+0000] {processor.py:914} INFO - Processing file /home/airflow/.local/lib/python3.12/site-packages/airflow/example_dags/example_params_ui_tutorial.py for tasks to queue
[2024-10-16T11:40:46.546+0000] {logging_mixin.py:190} INFO - [2024-10-16T11:40:46.546+0000] {dagbag.py:588} INFO - Filling up the DagBag from /home/airflow/.local/lib/python3.12/site-packages/airflow/example_dags/example_params_ui_tutorial.py
[2024-10-16T11:40:46.556+0000] {processor.py:925} INFO - DAG(s) 'example_params_ui_tutorial' retrieved from /home/airflow/.local/lib/python3.12/site-packages/airflow/example_dags/example_params_ui_tutorial.py
[2024-10-16T11:40:46.605+0000] {logging_mixin.py:190} INFO - [2024-10-16T11:40:46.605+0000] {dag.py:3239} INFO - Sync 1 DAGs
[2024-10-16T11:40:46.622+0000] {logging_mixin.py:190} INFO - [2024-10-16T11:40:46.621+0000] {dag.py:4180} INFO - Setting next_dagrun for example_params_ui_tutorial to None, run_after=None
[2024-10-16T11:40:46.642+0000] {processor.py:208} INFO - Processing /home/airflow/.local/lib/python3.12/site-packages/airflow/example_dags/example_params_ui_tutorial.py took 0.104 seconds
[2024-10-16T11:41:16.949+0000] {processor.py:186} INFO - Started process (PID=126998) to work on /home/airflow/.local/lib/python3.12/site-packages/airflow/example_dags/example_params_ui_tutorial.py
[2024-10-16T11:41:16.950+0000] {processor.py:914} INFO - Processing file /home/airflow/.local/lib/python3.12/site-packages/airflow/example_dags/example_params_ui_tutorial.py for tasks to queue
[2024-10-16T11:41:16.952+0000] {logging_mixin.py:190} INFO - [2024-10-16T11:41:16.952+0000] {dagbag.py:588} INFO - Filling up the DagBag from /home/airflow/.local/lib/python3.12/site-packages/airflow/example_dags/example_params_ui_tutorial.py
[2024-10-16T11:41:16.962+0000] {processor.py:925} INFO - DAG(s) 'example_params_ui_tutorial' retrieved from /home/airflow/.local/lib/python3.12/site-packages/airflow/example_dags/example_params_ui_tutorial.py
[2024-10-16T11:41:17.015+0000] {logging_mixin.py:190} INFO - [2024-10-16T11:41:17.015+0000] {dag.py:3239} INFO - Sync 1 DAGs
[2024-10-16T11:41:17.032+0000] {logging_mixin.py:190} INFO - [2024-10-16T11:41:17.032+0000] {dag.py:4180} INFO - Setting next_dagrun for example_params_ui_tutorial to None, run_after=None
[2024-10-16T11:41:17.052+0000] {processor.py:208} INFO - Processing /home/airflow/.local/lib/python3.12/site-packages/airflow/example_dags/example_params_ui_tutorial.py took 0.109 seconds
[2024-10-16T11:41:47.868+0000] {processor.py:186} INFO - Started process (PID=127061) to work on /home/airflow/.local/lib/python3.12/site-packages/airflow/example_dags/example_params_ui_tutorial.py
[2024-10-16T11:41:47.869+0000] {processor.py:914} INFO - Processing file /home/airflow/.local/lib/python3.12/site-packages/airflow/example_dags/example_params_ui_tutorial.py for tasks to queue
[2024-10-16T11:41:47.870+0000] {logging_mixin.py:190} INFO - [2024-10-16T11:41:47.870+0000] {dagbag.py:588} INFO - Filling up the DagBag from /home/airflow/.local/lib/python3.12/site-packages/airflow/example_dags/example_params_ui_tutorial.py
[2024-10-16T11:41:47.880+0000] {processor.py:925} INFO - DAG(s) 'example_params_ui_tutorial' retrieved from /home/airflow/.local/lib/python3.12/site-packages/airflow/example_dags/example_params_ui_tutorial.py
[2024-10-16T11:41:47.930+0000] {logging_mixin.py:190} INFO - [2024-10-16T11:41:47.930+0000] {dag.py:3239} INFO - Sync 1 DAGs
[2024-10-16T11:41:47.946+0000] {logging_mixin.py:190} INFO - [2024-10-16T11:41:47.946+0000] {dag.py:4180} INFO - Setting next_dagrun for example_params_ui_tutorial to None, run_after=None
[2024-10-16T11:41:47.967+0000] {processor.py:208} INFO - Processing /home/airflow/.local/lib/python3.12/site-packages/airflow/example_dags/example_params_ui_tutorial.py took 0.106 seconds
[2024-10-16T11:42:18.987+0000] {processor.py:186} INFO - Started process (PID=127124) to work on /home/airflow/.local/lib/python3.12/site-packages/airflow/example_dags/example_params_ui_tutorial.py
[2024-10-16T11:42:18.988+0000] {processor.py:914} INFO - Processing file /home/airflow/.local/lib/python3.12/site-packages/airflow/example_dags/example_params_ui_tutorial.py for tasks to queue
[2024-10-16T11:42:18.990+0000] {logging_mixin.py:190} INFO - [2024-10-16T11:42:18.989+0000] {dagbag.py:588} INFO - Filling up the DagBag from /home/airflow/.local/lib/python3.12/site-packages/airflow/example_dags/example_params_ui_tutorial.py
[2024-10-16T11:42:19.001+0000] {processor.py:925} INFO - DAG(s) 'example_params_ui_tutorial' retrieved from /home/airflow/.local/lib/python3.12/site-packages/airflow/example_dags/example_params_ui_tutorial.py
[2024-10-16T11:42:19.059+0000] {logging_mixin.py:190} INFO - [2024-10-16T11:42:19.059+0000] {dag.py:3239} INFO - Sync 1 DAGs
[2024-10-16T11:42:19.077+0000] {logging_mixin.py:190} INFO - [2024-10-16T11:42:19.077+0000] {dag.py:4180} INFO - Setting next_dagrun for example_params_ui_tutorial to None, run_after=None
[2024-10-16T11:42:19.101+0000] {processor.py:208} INFO - Processing /home/airflow/.local/lib/python3.12/site-packages/airflow/example_dags/example_params_ui_tutorial.py took 0.121 seconds
[2024-10-16T11:42:49.748+0000] {processor.py:186} INFO - Started process (PID=127187) to work on /home/airflow/.local/lib/python3.12/site-packages/airflow/example_dags/example_params_ui_tutorial.py
[2024-10-16T11:42:49.749+0000] {processor.py:914} INFO - Processing file /home/airflow/.local/lib/python3.12/site-packages/airflow/example_dags/example_params_ui_tutorial.py for tasks to queue
[2024-10-16T11:42:49.751+0000] {logging_mixin.py:190} INFO - [2024-10-16T11:42:49.750+0000] {dagbag.py:588} INFO - Filling up the DagBag from /home/airflow/.local/lib/python3.12/site-packages/airflow/example_dags/example_params_ui_tutorial.py
[2024-10-16T11:42:49.761+0000] {processor.py:925} INFO - DAG(s) 'example_params_ui_tutorial' retrieved from /home/airflow/.local/lib/python3.12/site-packages/airflow/example_dags/example_params_ui_tutorial.py
[2024-10-16T11:42:49.813+0000] {logging_mixin.py:190} INFO - [2024-10-16T11:42:49.812+0000] {dag.py:3239} INFO - Sync 1 DAGs
[2024-10-16T11:42:49.829+0000] {logging_mixin.py:190} INFO - [2024-10-16T11:42:49.829+0000] {dag.py:4180} INFO - Setting next_dagrun for example_params_ui_tutorial to None, run_after=None
[2024-10-16T11:42:49.849+0000] {processor.py:208} INFO - Processing /home/airflow/.local/lib/python3.12/site-packages/airflow/example_dags/example_params_ui_tutorial.py took 0.109 seconds
[2024-10-16T11:43:19.967+0000] {processor.py:186} INFO - Started process (PID=127250) to work on /home/airflow/.local/lib/python3.12/site-packages/airflow/example_dags/example_params_ui_tutorial.py
[2024-10-16T11:43:19.969+0000] {processor.py:914} INFO - Processing file /home/airflow/.local/lib/python3.12/site-packages/airflow/example_dags/example_params_ui_tutorial.py for tasks to queue
[2024-10-16T11:43:19.970+0000] {logging_mixin.py:190} INFO - [2024-10-16T11:43:19.970+0000] {dagbag.py:588} INFO - Filling up the DagBag from /home/airflow/.local/lib/python3.12/site-packages/airflow/example_dags/example_params_ui_tutorial.py
[2024-10-16T11:43:19.980+0000] {processor.py:925} INFO - DAG(s) 'example_params_ui_tutorial' retrieved from /home/airflow/.local/lib/python3.12/site-packages/airflow/example_dags/example_params_ui_tutorial.py
[2024-10-16T11:43:20.027+0000] {logging_mixin.py:190} INFO - [2024-10-16T11:43:20.026+0000] {dag.py:3239} INFO - Sync 1 DAGs
[2024-10-16T11:43:20.043+0000] {logging_mixin.py:190} INFO - [2024-10-16T11:43:20.043+0000] {dag.py:4180} INFO - Setting next_dagrun for example_params_ui_tutorial to None, run_after=None
[2024-10-16T11:43:20.063+0000] {processor.py:208} INFO - Processing /home/airflow/.local/lib/python3.12/site-packages/airflow/example_dags/example_params_ui_tutorial.py took 0.104 seconds
[2024-10-16T11:43:50.435+0000] {processor.py:186} INFO - Started process (PID=127313) to work on /home/airflow/.local/lib/python3.12/site-packages/airflow/example_dags/example_params_ui_tutorial.py
[2024-10-16T11:43:50.436+0000] {processor.py:914} INFO - Processing file /home/airflow/.local/lib/python3.12/site-packages/airflow/example_dags/example_params_ui_tutorial.py for tasks to queue
[2024-10-16T11:43:50.437+0000] {logging_mixin.py:190} INFO - [2024-10-16T11:43:50.437+0000] {dagbag.py:588} INFO - Filling up the DagBag from /home/airflow/.local/lib/python3.12/site-packages/airflow/example_dags/example_params_ui_tutorial.py
[2024-10-16T11:43:50.447+0000] {processor.py:925} INFO - DAG(s) 'example_params_ui_tutorial' retrieved from /home/airflow/.local/lib/python3.12/site-packages/airflow/example_dags/example_params_ui_tutorial.py
[2024-10-16T11:43:50.495+0000] {logging_mixin.py:190} INFO - [2024-10-16T11:43:50.495+0000] {dag.py:3239} INFO - Sync 1 DAGs
[2024-10-16T11:43:50.513+0000] {logging_mixin.py:190} INFO - [2024-10-16T11:43:50.512+0000] {dag.py:4180} INFO - Setting next_dagrun for example_params_ui_tutorial to None, run_after=None
[2024-10-16T11:43:50.534+0000] {processor.py:208} INFO - Processing /home/airflow/.local/lib/python3.12/site-packages/airflow/example_dags/example_params_ui_tutorial.py took 0.105 seconds
[2024-10-16T11:44:21.880+0000] {processor.py:186} INFO - Started process (PID=127377) to work on /home/airflow/.local/lib/python3.12/site-packages/airflow/example_dags/example_params_ui_tutorial.py
[2024-10-16T11:44:21.882+0000] {processor.py:914} INFO - Processing file /home/airflow/.local/lib/python3.12/site-packages/airflow/example_dags/example_params_ui_tutorial.py for tasks to queue
[2024-10-16T11:44:21.883+0000] {logging_mixin.py:190} INFO - [2024-10-16T11:44:21.883+0000] {dagbag.py:588} INFO - Filling up the DagBag from /home/airflow/.local/lib/python3.12/site-packages/airflow/example_dags/example_params_ui_tutorial.py
[2024-10-16T11:44:21.893+0000] {processor.py:925} INFO - DAG(s) 'example_params_ui_tutorial' retrieved from /home/airflow/.local/lib/python3.12/site-packages/airflow/example_dags/example_params_ui_tutorial.py
[2024-10-16T11:44:21.946+0000] {logging_mixin.py:190} INFO - [2024-10-16T11:44:21.946+0000] {dag.py:3239} INFO - Sync 1 DAGs
[2024-10-16T11:44:21.963+0000] {logging_mixin.py:190} INFO - [2024-10-16T11:44:21.962+0000] {dag.py:4180} INFO - Setting next_dagrun for example_params_ui_tutorial to None, run_after=None
[2024-10-16T11:44:21.983+0000] {processor.py:208} INFO - Processing /home/airflow/.local/lib/python3.12/site-packages/airflow/example_dags/example_params_ui_tutorial.py took 0.109 seconds
[2024-10-16T11:44:52.322+0000] {processor.py:186} INFO - Started process (PID=127440) to work on /home/airflow/.local/lib/python3.12/site-packages/airflow/example_dags/example_params_ui_tutorial.py
[2024-10-16T11:44:52.323+0000] {processor.py:914} INFO - Processing file /home/airflow/.local/lib/python3.12/site-packages/airflow/example_dags/example_params_ui_tutorial.py for tasks to queue
[2024-10-16T11:44:52.325+0000] {logging_mixin.py:190} INFO - [2024-10-16T11:44:52.325+0000] {dagbag.py:588} INFO - Filling up the DagBag from /home/airflow/.local/lib/python3.12/site-packages/airflow/example_dags/example_params_ui_tutorial.py
[2024-10-16T11:44:52.336+0000] {processor.py:925} INFO - DAG(s) 'example_params_ui_tutorial' retrieved from /home/airflow/.local/lib/python3.12/site-packages/airflow/example_dags/example_params_ui_tutorial.py
[2024-10-16T11:44:52.386+0000] {logging_mixin.py:190} INFO - [2024-10-16T11:44:52.386+0000] {dag.py:3239} INFO - Sync 1 DAGs
[2024-10-16T11:44:52.402+0000] {logging_mixin.py:190} INFO - [2024-10-16T11:44:52.402+0000] {dag.py:4180} INFO - Setting next_dagrun for example_params_ui_tutorial to None, run_after=None
[2024-10-16T11:44:52.423+0000] {processor.py:208} INFO - Processing /home/airflow/.local/lib/python3.12/site-packages/airflow/example_dags/example_params_ui_tutorial.py took 0.108 seconds
[2024-10-16T11:45:23.988+0000] {processor.py:186} INFO - Started process (PID=127503) to work on /home/airflow/.local/lib/python3.12/site-packages/airflow/example_dags/example_params_ui_tutorial.py
[2024-10-16T11:45:23.989+0000] {processor.py:914} INFO - Processing file /home/airflow/.local/lib/python3.12/site-packages/airflow/example_dags/example_params_ui_tutorial.py for tasks to queue
[2024-10-16T11:45:23.991+0000] {logging_mixin.py:190} INFO - [2024-10-16T11:45:23.990+0000] {dagbag.py:588} INFO - Filling up the DagBag from /home/airflow/.local/lib/python3.12/site-packages/airflow/example_dags/example_params_ui_tutorial.py
[2024-10-16T11:45:24.002+0000] {processor.py:925} INFO - DAG(s) 'example_params_ui_tutorial' retrieved from /home/airflow/.local/lib/python3.12/site-packages/airflow/example_dags/example_params_ui_tutorial.py
[2024-10-16T11:45:24.069+0000] {logging_mixin.py:190} INFO - [2024-10-16T11:45:24.069+0000] {dag.py:3239} INFO - Sync 1 DAGs
[2024-10-16T11:45:24.087+0000] {logging_mixin.py:190} INFO - [2024-10-16T11:45:24.087+0000] {dag.py:4180} INFO - Setting next_dagrun for example_params_ui_tutorial to None, run_after=None
[2024-10-16T11:45:24.108+0000] {processor.py:208} INFO - Processing /home/airflow/.local/lib/python3.12/site-packages/airflow/example_dags/example_params_ui_tutorial.py took 0.128 seconds
[2024-10-16T11:45:56.429+0000] {processor.py:186} INFO - Started process (PID=127567) to work on /home/airflow/.local/lib/python3.12/site-packages/airflow/example_dags/example_params_ui_tutorial.py
[2024-10-16T11:45:56.430+0000] {processor.py:914} INFO - Processing file /home/airflow/.local/lib/python3.12/site-packages/airflow/example_dags/example_params_ui_tutorial.py for tasks to queue
[2024-10-16T11:45:56.431+0000] {logging_mixin.py:190} INFO - [2024-10-16T11:45:56.431+0000] {dagbag.py:588} INFO - Filling up the DagBag from /home/airflow/.local/lib/python3.12/site-packages/airflow/example_dags/example_params_ui_tutorial.py
[2024-10-16T11:45:56.441+0000] {processor.py:925} INFO - DAG(s) 'example_params_ui_tutorial' retrieved from /home/airflow/.local/lib/python3.12/site-packages/airflow/example_dags/example_params_ui_tutorial.py
[2024-10-16T11:45:56.510+0000] {logging_mixin.py:190} INFO - [2024-10-16T11:45:56.510+0000] {dag.py:3239} INFO - Sync 1 DAGs
[2024-10-16T11:45:56.531+0000] {logging_mixin.py:190} INFO - [2024-10-16T11:45:56.531+0000] {dag.py:4180} INFO - Setting next_dagrun for example_params_ui_tutorial to None, run_after=None
[2024-10-16T11:45:56.557+0000] {processor.py:208} INFO - Processing /home/airflow/.local/lib/python3.12/site-packages/airflow/example_dags/example_params_ui_tutorial.py took 0.137 seconds
