[2024-10-16T11:30:03.331+0000] {processor.py:186} INFO - Started process (PID=125602) to work on /home/airflow/.local/lib/python3.12/site-packages/airflow/example_dags/example_xcomargs.py
[2024-10-16T11:30:03.334+0000] {processor.py:914} INFO - Processing file /home/airflow/.local/lib/python3.12/site-packages/airflow/example_dags/example_xcomargs.py for tasks to queue
[2024-10-16T11:30:03.337+0000] {logging_mixin.py:190} INFO - [2024-10-16T11:30:03.336+0000] {dagbag.py:588} INFO - Filling up the DagBag from /home/airflow/.local/lib/python3.12/site-packages/airflow/example_dags/example_xcomargs.py
[2024-10-16T11:30:03.358+0000] {processor.py:925} INFO - DAG(s) 'example_xcom_args_with_operators', 'example_xcom_args' retrieved from /home/airflow/.local/lib/python3.12/site-packages/airflow/example_dags/example_xcomargs.py
[2024-10-16T11:30:03.406+0000] {logging_mixin.py:190} INFO - [2024-10-16T11:30:03.405+0000] {dag.py:3239} INFO - Sync 2 DAGs
[2024-10-16T11:30:03.441+0000] {logging_mixin.py:190} INFO - [2024-10-16T11:30:03.440+0000] {dag.py:4180} INFO - Setting next_dagrun for example_xcom_args to None, run_after=None
[2024-10-16T11:30:03.450+0000] {logging_mixin.py:190} INFO - [2024-10-16T11:30:03.450+0000] {dag.py:4180} INFO - Setting next_dagrun for example_xcom_args_with_operators to None, run_after=None
[2024-10-16T11:30:03.488+0000] {processor.py:208} INFO - Processing /home/airflow/.local/lib/python3.12/site-packages/airflow/example_dags/example_xcomargs.py took 0.185 seconds
[2024-10-16T11:30:33.599+0000] {processor.py:186} INFO - Started process (PID=125666) to work on /home/airflow/.local/lib/python3.12/site-packages/airflow/example_dags/example_xcomargs.py
[2024-10-16T11:30:33.600+0000] {processor.py:914} INFO - Processing file /home/airflow/.local/lib/python3.12/site-packages/airflow/example_dags/example_xcomargs.py for tasks to queue
[2024-10-16T11:30:33.601+0000] {logging_mixin.py:190} INFO - [2024-10-16T11:30:33.601+0000] {dagbag.py:588} INFO - Filling up the DagBag from /home/airflow/.local/lib/python3.12/site-packages/airflow/example_dags/example_xcomargs.py
[2024-10-16T11:30:33.615+0000] {processor.py:925} INFO - DAG(s) 'example_xcom_args_with_operators', 'example_xcom_args' retrieved from /home/airflow/.local/lib/python3.12/site-packages/airflow/example_dags/example_xcomargs.py
[2024-10-16T11:30:33.643+0000] {logging_mixin.py:190} INFO - [2024-10-16T11:30:33.643+0000] {dag.py:3239} INFO - Sync 2 DAGs
[2024-10-16T11:30:33.663+0000] {logging_mixin.py:190} INFO - [2024-10-16T11:30:33.662+0000] {dag.py:4180} INFO - Setting next_dagrun for example_xcom_args to None, run_after=None
[2024-10-16T11:30:33.668+0000] {logging_mixin.py:190} INFO - [2024-10-16T11:30:33.668+0000] {dag.py:4180} INFO - Setting next_dagrun for example_xcom_args_with_operators to None, run_after=None
[2024-10-16T11:30:33.687+0000] {processor.py:208} INFO - Processing /home/airflow/.local/lib/python3.12/site-packages/airflow/example_dags/example_xcomargs.py took 0.098 seconds
[2024-10-16T11:31:04.354+0000] {processor.py:186} INFO - Started process (PID=125729) to work on /home/airflow/.local/lib/python3.12/site-packages/airflow/example_dags/example_xcomargs.py
[2024-10-16T11:31:04.355+0000] {processor.py:914} INFO - Processing file /home/airflow/.local/lib/python3.12/site-packages/airflow/example_dags/example_xcomargs.py for tasks to queue
[2024-10-16T11:31:04.356+0000] {logging_mixin.py:190} INFO - [2024-10-16T11:31:04.356+0000] {dagbag.py:588} INFO - Filling up the DagBag from /home/airflow/.local/lib/python3.12/site-packages/airflow/example_dags/example_xcomargs.py
[2024-10-16T11:31:04.366+0000] {processor.py:925} INFO - DAG(s) 'example_xcom_args_with_operators', 'example_xcom_args' retrieved from /home/airflow/.local/lib/python3.12/site-packages/airflow/example_dags/example_xcomargs.py
[2024-10-16T11:31:04.391+0000] {logging_mixin.py:190} INFO - [2024-10-16T11:31:04.391+0000] {dag.py:3239} INFO - Sync 2 DAGs
[2024-10-16T11:31:04.407+0000] {logging_mixin.py:190} INFO - [2024-10-16T11:31:04.407+0000] {dag.py:4180} INFO - Setting next_dagrun for example_xcom_args to None, run_after=None
[2024-10-16T11:31:04.411+0000] {logging_mixin.py:190} INFO - [2024-10-16T11:31:04.411+0000] {dag.py:4180} INFO - Setting next_dagrun for example_xcom_args_with_operators to None, run_after=None
[2024-10-16T11:31:04.427+0000] {processor.py:208} INFO - Processing /home/airflow/.local/lib/python3.12/site-packages/airflow/example_dags/example_xcomargs.py took 0.080 seconds
[2024-10-16T11:31:35.048+0000] {processor.py:186} INFO - Started process (PID=125792) to work on /home/airflow/.local/lib/python3.12/site-packages/airflow/example_dags/example_xcomargs.py
[2024-10-16T11:31:35.048+0000] {processor.py:914} INFO - Processing file /home/airflow/.local/lib/python3.12/site-packages/airflow/example_dags/example_xcomargs.py for tasks to queue
[2024-10-16T11:31:35.049+0000] {logging_mixin.py:190} INFO - [2024-10-16T11:31:35.049+0000] {dagbag.py:588} INFO - Filling up the DagBag from /home/airflow/.local/lib/python3.12/site-packages/airflow/example_dags/example_xcomargs.py
[2024-10-16T11:31:35.058+0000] {processor.py:925} INFO - DAG(s) 'example_xcom_args', 'example_xcom_args_with_operators' retrieved from /home/airflow/.local/lib/python3.12/site-packages/airflow/example_dags/example_xcomargs.py
[2024-10-16T11:31:35.080+0000] {logging_mixin.py:190} INFO - [2024-10-16T11:31:35.079+0000] {dag.py:3239} INFO - Sync 2 DAGs
[2024-10-16T11:31:35.093+0000] {logging_mixin.py:190} INFO - [2024-10-16T11:31:35.093+0000] {dag.py:4180} INFO - Setting next_dagrun for example_xcom_args to None, run_after=None
[2024-10-16T11:31:35.097+0000] {logging_mixin.py:190} INFO - [2024-10-16T11:31:35.096+0000] {dag.py:4180} INFO - Setting next_dagrun for example_xcom_args_with_operators to None, run_after=None
[2024-10-16T11:31:35.111+0000] {processor.py:208} INFO - Processing /home/airflow/.local/lib/python3.12/site-packages/airflow/example_dags/example_xcomargs.py took 0.068 seconds
[2024-10-16T11:32:06.245+0000] {processor.py:186} INFO - Started process (PID=125855) to work on /home/airflow/.local/lib/python3.12/site-packages/airflow/example_dags/example_xcomargs.py
[2024-10-16T11:32:06.246+0000] {processor.py:914} INFO - Processing file /home/airflow/.local/lib/python3.12/site-packages/airflow/example_dags/example_xcomargs.py for tasks to queue
[2024-10-16T11:32:06.250+0000] {logging_mixin.py:190} INFO - [2024-10-16T11:32:06.250+0000] {dagbag.py:588} INFO - Filling up the DagBag from /home/airflow/.local/lib/python3.12/site-packages/airflow/example_dags/example_xcomargs.py
[2024-10-16T11:32:06.266+0000] {processor.py:925} INFO - DAG(s) 'example_xcom_args_with_operators', 'example_xcom_args' retrieved from /home/airflow/.local/lib/python3.12/site-packages/airflow/example_dags/example_xcomargs.py
[2024-10-16T11:32:06.296+0000] {logging_mixin.py:190} INFO - [2024-10-16T11:32:06.295+0000] {dag.py:3239} INFO - Sync 2 DAGs
[2024-10-16T11:32:06.316+0000] {logging_mixin.py:190} INFO - [2024-10-16T11:32:06.316+0000] {dag.py:4180} INFO - Setting next_dagrun for example_xcom_args to None, run_after=None
[2024-10-16T11:32:06.321+0000] {logging_mixin.py:190} INFO - [2024-10-16T11:32:06.321+0000] {dag.py:4180} INFO - Setting next_dagrun for example_xcom_args_with_operators to None, run_after=None
[2024-10-16T11:32:06.340+0000] {processor.py:208} INFO - Processing /home/airflow/.local/lib/python3.12/site-packages/airflow/example_dags/example_xcomargs.py took 0.104 seconds
[2024-10-16T11:32:37.100+0000] {processor.py:186} INFO - Started process (PID=125918) to work on /home/airflow/.local/lib/python3.12/site-packages/airflow/example_dags/example_xcomargs.py
[2024-10-16T11:32:37.101+0000] {processor.py:914} INFO - Processing file /home/airflow/.local/lib/python3.12/site-packages/airflow/example_dags/example_xcomargs.py for tasks to queue
[2024-10-16T11:32:37.102+0000] {logging_mixin.py:190} INFO - [2024-10-16T11:32:37.102+0000] {dagbag.py:588} INFO - Filling up the DagBag from /home/airflow/.local/lib/python3.12/site-packages/airflow/example_dags/example_xcomargs.py
[2024-10-16T11:32:37.114+0000] {processor.py:925} INFO - DAG(s) 'example_xcom_args_with_operators', 'example_xcom_args' retrieved from /home/airflow/.local/lib/python3.12/site-packages/airflow/example_dags/example_xcomargs.py
[2024-10-16T11:32:37.144+0000] {logging_mixin.py:190} INFO - [2024-10-16T11:32:37.143+0000] {dag.py:3239} INFO - Sync 2 DAGs
[2024-10-16T11:32:37.160+0000] {logging_mixin.py:190} INFO - [2024-10-16T11:32:37.160+0000] {dag.py:4180} INFO - Setting next_dagrun for example_xcom_args to None, run_after=None
[2024-10-16T11:32:37.165+0000] {logging_mixin.py:190} INFO - [2024-10-16T11:32:37.165+0000] {dag.py:4180} INFO - Setting next_dagrun for example_xcom_args_with_operators to None, run_after=None
[2024-10-16T11:32:37.182+0000] {processor.py:208} INFO - Processing /home/airflow/.local/lib/python3.12/site-packages/airflow/example_dags/example_xcomargs.py took 0.088 seconds
[2024-10-16T11:33:07.525+0000] {processor.py:186} INFO - Started process (PID=125981) to work on /home/airflow/.local/lib/python3.12/site-packages/airflow/example_dags/example_xcomargs.py
[2024-10-16T11:33:07.527+0000] {processor.py:914} INFO - Processing file /home/airflow/.local/lib/python3.12/site-packages/airflow/example_dags/example_xcomargs.py for tasks to queue
[2024-10-16T11:33:07.529+0000] {logging_mixin.py:190} INFO - [2024-10-16T11:33:07.528+0000] {dagbag.py:588} INFO - Filling up the DagBag from /home/airflow/.local/lib/python3.12/site-packages/airflow/example_dags/example_xcomargs.py
[2024-10-16T11:33:07.544+0000] {processor.py:925} INFO - DAG(s) 'example_xcom_args', 'example_xcom_args_with_operators' retrieved from /home/airflow/.local/lib/python3.12/site-packages/airflow/example_dags/example_xcomargs.py
[2024-10-16T11:33:07.580+0000] {logging_mixin.py:190} INFO - [2024-10-16T11:33:07.579+0000] {dag.py:3239} INFO - Sync 2 DAGs
[2024-10-16T11:33:07.604+0000] {logging_mixin.py:190} INFO - [2024-10-16T11:33:07.603+0000] {dag.py:4180} INFO - Setting next_dagrun for example_xcom_args to None, run_after=None
[2024-10-16T11:33:07.611+0000] {logging_mixin.py:190} INFO - [2024-10-16T11:33:07.610+0000] {dag.py:4180} INFO - Setting next_dagrun for example_xcom_args_with_operators to None, run_after=None
[2024-10-16T11:33:07.643+0000] {processor.py:208} INFO - Processing /home/airflow/.local/lib/python3.12/site-packages/airflow/example_dags/example_xcomargs.py took 0.124 seconds
[2024-10-16T11:33:37.918+0000] {processor.py:186} INFO - Started process (PID=126044) to work on /home/airflow/.local/lib/python3.12/site-packages/airflow/example_dags/example_xcomargs.py
[2024-10-16T11:33:37.920+0000] {processor.py:914} INFO - Processing file /home/airflow/.local/lib/python3.12/site-packages/airflow/example_dags/example_xcomargs.py for tasks to queue
[2024-10-16T11:33:37.922+0000] {logging_mixin.py:190} INFO - [2024-10-16T11:33:37.922+0000] {dagbag.py:588} INFO - Filling up the DagBag from /home/airflow/.local/lib/python3.12/site-packages/airflow/example_dags/example_xcomargs.py
[2024-10-16T11:33:37.938+0000] {processor.py:925} INFO - DAG(s) 'example_xcom_args', 'example_xcom_args_with_operators' retrieved from /home/airflow/.local/lib/python3.12/site-packages/airflow/example_dags/example_xcomargs.py
[2024-10-16T11:33:37.972+0000] {logging_mixin.py:190} INFO - [2024-10-16T11:33:37.971+0000] {dag.py:3239} INFO - Sync 2 DAGs
[2024-10-16T11:33:37.997+0000] {logging_mixin.py:190} INFO - [2024-10-16T11:33:37.997+0000] {dag.py:4180} INFO - Setting next_dagrun for example_xcom_args to None, run_after=None
[2024-10-16T11:33:38.004+0000] {logging_mixin.py:190} INFO - [2024-10-16T11:33:38.003+0000] {dag.py:4180} INFO - Setting next_dagrun for example_xcom_args_with_operators to None, run_after=None
[2024-10-16T11:33:38.027+0000] {processor.py:208} INFO - Processing /home/airflow/.local/lib/python3.12/site-packages/airflow/example_dags/example_xcomargs.py took 0.117 seconds
[2024-10-16T11:34:08.503+0000] {processor.py:186} INFO - Started process (PID=126107) to work on /home/airflow/.local/lib/python3.12/site-packages/airflow/example_dags/example_xcomargs.py
[2024-10-16T11:34:08.504+0000] {processor.py:914} INFO - Processing file /home/airflow/.local/lib/python3.12/site-packages/airflow/example_dags/example_xcomargs.py for tasks to queue
[2024-10-16T11:34:08.505+0000] {logging_mixin.py:190} INFO - [2024-10-16T11:34:08.505+0000] {dagbag.py:588} INFO - Filling up the DagBag from /home/airflow/.local/lib/python3.12/site-packages/airflow/example_dags/example_xcomargs.py
[2024-10-16T11:34:08.517+0000] {processor.py:925} INFO - DAG(s) 'example_xcom_args', 'example_xcom_args_with_operators' retrieved from /home/airflow/.local/lib/python3.12/site-packages/airflow/example_dags/example_xcomargs.py
[2024-10-16T11:34:08.546+0000] {logging_mixin.py:190} INFO - [2024-10-16T11:34:08.546+0000] {dag.py:3239} INFO - Sync 2 DAGs
[2024-10-16T11:34:08.565+0000] {logging_mixin.py:190} INFO - [2024-10-16T11:34:08.565+0000] {dag.py:4180} INFO - Setting next_dagrun for example_xcom_args to None, run_after=None
[2024-10-16T11:34:08.570+0000] {logging_mixin.py:190} INFO - [2024-10-16T11:34:08.570+0000] {dag.py:4180} INFO - Setting next_dagrun for example_xcom_args_with_operators to None, run_after=None
[2024-10-16T11:34:08.589+0000] {processor.py:208} INFO - Processing /home/airflow/.local/lib/python3.12/site-packages/airflow/example_dags/example_xcomargs.py took 0.094 seconds
[2024-10-16T11:34:38.757+0000] {processor.py:186} INFO - Started process (PID=126171) to work on /home/airflow/.local/lib/python3.12/site-packages/airflow/example_dags/example_xcomargs.py
[2024-10-16T11:34:38.757+0000] {processor.py:914} INFO - Processing file /home/airflow/.local/lib/python3.12/site-packages/airflow/example_dags/example_xcomargs.py for tasks to queue
[2024-10-16T11:34:38.759+0000] {logging_mixin.py:190} INFO - [2024-10-16T11:34:38.758+0000] {dagbag.py:588} INFO - Filling up the DagBag from /home/airflow/.local/lib/python3.12/site-packages/airflow/example_dags/example_xcomargs.py
[2024-10-16T11:34:38.768+0000] {processor.py:925} INFO - DAG(s) 'example_xcom_args_with_operators', 'example_xcom_args' retrieved from /home/airflow/.local/lib/python3.12/site-packages/airflow/example_dags/example_xcomargs.py
[2024-10-16T11:34:38.792+0000] {logging_mixin.py:190} INFO - [2024-10-16T11:34:38.792+0000] {dag.py:3239} INFO - Sync 2 DAGs
[2024-10-16T11:34:38.810+0000] {logging_mixin.py:190} INFO - [2024-10-16T11:34:38.810+0000] {dag.py:4180} INFO - Setting next_dagrun for example_xcom_args to None, run_after=None
[2024-10-16T11:34:38.815+0000] {logging_mixin.py:190} INFO - [2024-10-16T11:34:38.815+0000] {dag.py:4180} INFO - Setting next_dagrun for example_xcom_args_with_operators to None, run_after=None
[2024-10-16T11:34:38.834+0000] {processor.py:208} INFO - Processing /home/airflow/.local/lib/python3.12/site-packages/airflow/example_dags/example_xcomargs.py took 0.083 seconds
[2024-10-16T11:35:09.645+0000] {processor.py:186} INFO - Started process (PID=126234) to work on /home/airflow/.local/lib/python3.12/site-packages/airflow/example_dags/example_xcomargs.py
[2024-10-16T11:35:09.646+0000] {processor.py:914} INFO - Processing file /home/airflow/.local/lib/python3.12/site-packages/airflow/example_dags/example_xcomargs.py for tasks to queue
[2024-10-16T11:35:09.648+0000] {logging_mixin.py:190} INFO - [2024-10-16T11:35:09.648+0000] {dagbag.py:588} INFO - Filling up the DagBag from /home/airflow/.local/lib/python3.12/site-packages/airflow/example_dags/example_xcomargs.py
[2024-10-16T11:35:09.658+0000] {processor.py:925} INFO - DAG(s) 'example_xcom_args_with_operators', 'example_xcom_args' retrieved from /home/airflow/.local/lib/python3.12/site-packages/airflow/example_dags/example_xcomargs.py
[2024-10-16T11:35:09.681+0000] {logging_mixin.py:190} INFO - [2024-10-16T11:35:09.680+0000] {dag.py:3239} INFO - Sync 2 DAGs
[2024-10-16T11:35:09.697+0000] {logging_mixin.py:190} INFO - [2024-10-16T11:35:09.696+0000] {dag.py:4180} INFO - Setting next_dagrun for example_xcom_args to None, run_after=None
[2024-10-16T11:35:09.701+0000] {logging_mixin.py:190} INFO - [2024-10-16T11:35:09.700+0000] {dag.py:4180} INFO - Setting next_dagrun for example_xcom_args_with_operators to None, run_after=None
[2024-10-16T11:35:09.718+0000] {processor.py:208} INFO - Processing /home/airflow/.local/lib/python3.12/site-packages/airflow/example_dags/example_xcomargs.py took 0.078 seconds
[2024-10-16T11:35:40.179+0000] {processor.py:186} INFO - Started process (PID=126297) to work on /home/airflow/.local/lib/python3.12/site-packages/airflow/example_dags/example_xcomargs.py
[2024-10-16T11:35:40.180+0000] {processor.py:914} INFO - Processing file /home/airflow/.local/lib/python3.12/site-packages/airflow/example_dags/example_xcomargs.py for tasks to queue
[2024-10-16T11:35:40.182+0000] {logging_mixin.py:190} INFO - [2024-10-16T11:35:40.181+0000] {dagbag.py:588} INFO - Filling up the DagBag from /home/airflow/.local/lib/python3.12/site-packages/airflow/example_dags/example_xcomargs.py
[2024-10-16T11:35:40.194+0000] {processor.py:925} INFO - DAG(s) 'example_xcom_args_with_operators', 'example_xcom_args' retrieved from /home/airflow/.local/lib/python3.12/site-packages/airflow/example_dags/example_xcomargs.py
[2024-10-16T11:35:40.217+0000] {logging_mixin.py:190} INFO - [2024-10-16T11:35:40.216+0000] {dag.py:3239} INFO - Sync 2 DAGs
[2024-10-16T11:35:40.234+0000] {logging_mixin.py:190} INFO - [2024-10-16T11:35:40.234+0000] {dag.py:4180} INFO - Setting next_dagrun for example_xcom_args to None, run_after=None
[2024-10-16T11:35:40.240+0000] {logging_mixin.py:190} INFO - [2024-10-16T11:35:40.239+0000] {dag.py:4180} INFO - Setting next_dagrun for example_xcom_args_with_operators to None, run_after=None
[2024-10-16T11:35:40.255+0000] {processor.py:208} INFO - Processing /home/airflow/.local/lib/python3.12/site-packages/airflow/example_dags/example_xcomargs.py took 0.081 seconds
[2024-10-16T11:36:10.955+0000] {processor.py:186} INFO - Started process (PID=126360) to work on /home/airflow/.local/lib/python3.12/site-packages/airflow/example_dags/example_xcomargs.py
[2024-10-16T11:36:10.956+0000] {processor.py:914} INFO - Processing file /home/airflow/.local/lib/python3.12/site-packages/airflow/example_dags/example_xcomargs.py for tasks to queue
[2024-10-16T11:36:10.958+0000] {logging_mixin.py:190} INFO - [2024-10-16T11:36:10.957+0000] {dagbag.py:588} INFO - Filling up the DagBag from /home/airflow/.local/lib/python3.12/site-packages/airflow/example_dags/example_xcomargs.py
[2024-10-16T11:36:10.971+0000] {processor.py:925} INFO - DAG(s) 'example_xcom_args', 'example_xcom_args_with_operators' retrieved from /home/airflow/.local/lib/python3.12/site-packages/airflow/example_dags/example_xcomargs.py
[2024-10-16T11:36:11.000+0000] {logging_mixin.py:190} INFO - [2024-10-16T11:36:10.999+0000] {dag.py:3239} INFO - Sync 2 DAGs
[2024-10-16T11:36:11.018+0000] {logging_mixin.py:190} INFO - [2024-10-16T11:36:11.018+0000] {dag.py:4180} INFO - Setting next_dagrun for example_xcom_args to None, run_after=None
[2024-10-16T11:36:11.022+0000] {logging_mixin.py:190} INFO - [2024-10-16T11:36:11.022+0000] {dag.py:4180} INFO - Setting next_dagrun for example_xcom_args_with_operators to None, run_after=None
[2024-10-16T11:36:11.045+0000] {processor.py:208} INFO - Processing /home/airflow/.local/lib/python3.12/site-packages/airflow/example_dags/example_xcomargs.py took 0.096 seconds
[2024-10-16T11:36:41.430+0000] {processor.py:186} INFO - Started process (PID=126424) to work on /home/airflow/.local/lib/python3.12/site-packages/airflow/example_dags/example_xcomargs.py
[2024-10-16T11:36:41.431+0000] {processor.py:914} INFO - Processing file /home/airflow/.local/lib/python3.12/site-packages/airflow/example_dags/example_xcomargs.py for tasks to queue
[2024-10-16T11:36:41.432+0000] {logging_mixin.py:190} INFO - [2024-10-16T11:36:41.432+0000] {dagbag.py:588} INFO - Filling up the DagBag from /home/airflow/.local/lib/python3.12/site-packages/airflow/example_dags/example_xcomargs.py
[2024-10-16T11:36:41.444+0000] {processor.py:925} INFO - DAG(s) 'example_xcom_args_with_operators', 'example_xcom_args' retrieved from /home/airflow/.local/lib/python3.12/site-packages/airflow/example_dags/example_xcomargs.py
[2024-10-16T11:36:41.468+0000] {logging_mixin.py:190} INFO - [2024-10-16T11:36:41.467+0000] {dag.py:3239} INFO - Sync 2 DAGs
[2024-10-16T11:36:41.483+0000] {logging_mixin.py:190} INFO - [2024-10-16T11:36:41.482+0000] {dag.py:4180} INFO - Setting next_dagrun for example_xcom_args to None, run_after=None
[2024-10-16T11:36:41.487+0000] {logging_mixin.py:190} INFO - [2024-10-16T11:36:41.487+0000] {dag.py:4180} INFO - Setting next_dagrun for example_xcom_args_with_operators to None, run_after=None
[2024-10-16T11:36:41.502+0000] {processor.py:208} INFO - Processing /home/airflow/.local/lib/python3.12/site-packages/airflow/example_dags/example_xcomargs.py took 0.079 seconds
[2024-10-16T11:37:11.839+0000] {processor.py:186} INFO - Started process (PID=126487) to work on /home/airflow/.local/lib/python3.12/site-packages/airflow/example_dags/example_xcomargs.py
[2024-10-16T11:37:11.839+0000] {processor.py:914} INFO - Processing file /home/airflow/.local/lib/python3.12/site-packages/airflow/example_dags/example_xcomargs.py for tasks to queue
[2024-10-16T11:37:11.841+0000] {logging_mixin.py:190} INFO - [2024-10-16T11:37:11.840+0000] {dagbag.py:588} INFO - Filling up the DagBag from /home/airflow/.local/lib/python3.12/site-packages/airflow/example_dags/example_xcomargs.py
[2024-10-16T11:37:11.849+0000] {processor.py:925} INFO - DAG(s) 'example_xcom_args_with_operators', 'example_xcom_args' retrieved from /home/airflow/.local/lib/python3.12/site-packages/airflow/example_dags/example_xcomargs.py
[2024-10-16T11:37:11.871+0000] {logging_mixin.py:190} INFO - [2024-10-16T11:37:11.871+0000] {dag.py:3239} INFO - Sync 2 DAGs
[2024-10-16T11:37:11.885+0000] {logging_mixin.py:190} INFO - [2024-10-16T11:37:11.885+0000] {dag.py:4180} INFO - Setting next_dagrun for example_xcom_args to None, run_after=None
[2024-10-16T11:37:11.889+0000] {logging_mixin.py:190} INFO - [2024-10-16T11:37:11.888+0000] {dag.py:4180} INFO - Setting next_dagrun for example_xcom_args_with_operators to None, run_after=None
[2024-10-16T11:37:11.903+0000] {processor.py:208} INFO - Processing /home/airflow/.local/lib/python3.12/site-packages/airflow/example_dags/example_xcomargs.py took 0.070 seconds
[2024-10-16T11:37:42.552+0000] {processor.py:186} INFO - Started process (PID=126550) to work on /home/airflow/.local/lib/python3.12/site-packages/airflow/example_dags/example_xcomargs.py
[2024-10-16T11:37:42.553+0000] {processor.py:914} INFO - Processing file /home/airflow/.local/lib/python3.12/site-packages/airflow/example_dags/example_xcomargs.py for tasks to queue
[2024-10-16T11:37:42.554+0000] {logging_mixin.py:190} INFO - [2024-10-16T11:37:42.554+0000] {dagbag.py:588} INFO - Filling up the DagBag from /home/airflow/.local/lib/python3.12/site-packages/airflow/example_dags/example_xcomargs.py
[2024-10-16T11:37:42.567+0000] {processor.py:925} INFO - DAG(s) 'example_xcom_args', 'example_xcom_args_with_operators' retrieved from /home/airflow/.local/lib/python3.12/site-packages/airflow/example_dags/example_xcomargs.py
[2024-10-16T11:37:42.593+0000] {logging_mixin.py:190} INFO - [2024-10-16T11:37:42.593+0000] {dag.py:3239} INFO - Sync 2 DAGs
[2024-10-16T11:37:42.614+0000] {logging_mixin.py:190} INFO - [2024-10-16T11:37:42.614+0000] {dag.py:4180} INFO - Setting next_dagrun for example_xcom_args to None, run_after=None
[2024-10-16T11:37:42.619+0000] {logging_mixin.py:190} INFO - [2024-10-16T11:37:42.619+0000] {dag.py:4180} INFO - Setting next_dagrun for example_xcom_args_with_operators to None, run_after=None
[2024-10-16T11:37:42.644+0000] {processor.py:208} INFO - Processing /home/airflow/.local/lib/python3.12/site-packages/airflow/example_dags/example_xcomargs.py took 0.098 seconds
[2024-10-16T11:38:13.124+0000] {processor.py:186} INFO - Started process (PID=126613) to work on /home/airflow/.local/lib/python3.12/site-packages/airflow/example_dags/example_xcomargs.py
[2024-10-16T11:38:13.125+0000] {processor.py:914} INFO - Processing file /home/airflow/.local/lib/python3.12/site-packages/airflow/example_dags/example_xcomargs.py for tasks to queue
[2024-10-16T11:38:13.127+0000] {logging_mixin.py:190} INFO - [2024-10-16T11:38:13.126+0000] {dagbag.py:588} INFO - Filling up the DagBag from /home/airflow/.local/lib/python3.12/site-packages/airflow/example_dags/example_xcomargs.py
[2024-10-16T11:38:13.139+0000] {processor.py:925} INFO - DAG(s) 'example_xcom_args_with_operators', 'example_xcom_args' retrieved from /home/airflow/.local/lib/python3.12/site-packages/airflow/example_dags/example_xcomargs.py
[2024-10-16T11:38:13.166+0000] {logging_mixin.py:190} INFO - [2024-10-16T11:38:13.165+0000] {dag.py:3239} INFO - Sync 2 DAGs
[2024-10-16T11:38:13.185+0000] {logging_mixin.py:190} INFO - [2024-10-16T11:38:13.185+0000] {dag.py:4180} INFO - Setting next_dagrun for example_xcom_args to None, run_after=None
[2024-10-16T11:38:13.190+0000] {logging_mixin.py:190} INFO - [2024-10-16T11:38:13.190+0000] {dag.py:4180} INFO - Setting next_dagrun for example_xcom_args_with_operators to None, run_after=None
[2024-10-16T11:38:13.210+0000] {processor.py:208} INFO - Processing /home/airflow/.local/lib/python3.12/site-packages/airflow/example_dags/example_xcomargs.py took 0.093 seconds
[2024-10-16T11:38:43.416+0000] {processor.py:186} INFO - Started process (PID=126677) to work on /home/airflow/.local/lib/python3.12/site-packages/airflow/example_dags/example_xcomargs.py
[2024-10-16T11:38:43.418+0000] {processor.py:914} INFO - Processing file /home/airflow/.local/lib/python3.12/site-packages/airflow/example_dags/example_xcomargs.py for tasks to queue
[2024-10-16T11:38:43.419+0000] {logging_mixin.py:190} INFO - [2024-10-16T11:38:43.419+0000] {dagbag.py:588} INFO - Filling up the DagBag from /home/airflow/.local/lib/python3.12/site-packages/airflow/example_dags/example_xcomargs.py
[2024-10-16T11:38:43.431+0000] {processor.py:925} INFO - DAG(s) 'example_xcom_args', 'example_xcom_args_with_operators' retrieved from /home/airflow/.local/lib/python3.12/site-packages/airflow/example_dags/example_xcomargs.py
[2024-10-16T11:38:43.460+0000] {logging_mixin.py:190} INFO - [2024-10-16T11:38:43.460+0000] {dag.py:3239} INFO - Sync 2 DAGs
[2024-10-16T11:38:43.478+0000] {logging_mixin.py:190} INFO - [2024-10-16T11:38:43.478+0000] {dag.py:4180} INFO - Setting next_dagrun for example_xcom_args to None, run_after=None
[2024-10-16T11:38:43.486+0000] {logging_mixin.py:190} INFO - [2024-10-16T11:38:43.486+0000] {dag.py:4180} INFO - Setting next_dagrun for example_xcom_args_with_operators to None, run_after=None
[2024-10-16T11:38:43.506+0000] {processor.py:208} INFO - Processing /home/airflow/.local/lib/python3.12/site-packages/airflow/example_dags/example_xcomargs.py took 0.097 seconds
[2024-10-16T11:39:14.395+0000] {processor.py:186} INFO - Started process (PID=126745) to work on /home/airflow/.local/lib/python3.12/site-packages/airflow/example_dags/example_xcomargs.py
[2024-10-16T11:39:14.396+0000] {processor.py:914} INFO - Processing file /home/airflow/.local/lib/python3.12/site-packages/airflow/example_dags/example_xcomargs.py for tasks to queue
[2024-10-16T11:39:14.397+0000] {logging_mixin.py:190} INFO - [2024-10-16T11:39:14.397+0000] {dagbag.py:588} INFO - Filling up the DagBag from /home/airflow/.local/lib/python3.12/site-packages/airflow/example_dags/example_xcomargs.py
[2024-10-16T11:39:14.409+0000] {processor.py:925} INFO - DAG(s) 'example_xcom_args', 'example_xcom_args_with_operators' retrieved from /home/airflow/.local/lib/python3.12/site-packages/airflow/example_dags/example_xcomargs.py
[2024-10-16T11:39:14.433+0000] {logging_mixin.py:190} INFO - [2024-10-16T11:39:14.432+0000] {dag.py:3239} INFO - Sync 2 DAGs
[2024-10-16T11:39:14.450+0000] {logging_mixin.py:190} INFO - [2024-10-16T11:39:14.449+0000] {dag.py:4180} INFO - Setting next_dagrun for example_xcom_args to None, run_after=None
[2024-10-16T11:39:14.454+0000] {logging_mixin.py:190} INFO - [2024-10-16T11:39:14.454+0000] {dag.py:4180} INFO - Setting next_dagrun for example_xcom_args_with_operators to None, run_after=None
[2024-10-16T11:39:14.471+0000] {processor.py:208} INFO - Processing /home/airflow/.local/lib/python3.12/site-packages/airflow/example_dags/example_xcomargs.py took 0.083 seconds
[2024-10-16T11:39:45.233+0000] {processor.py:186} INFO - Started process (PID=126808) to work on /home/airflow/.local/lib/python3.12/site-packages/airflow/example_dags/example_xcomargs.py
[2024-10-16T11:39:45.234+0000] {processor.py:914} INFO - Processing file /home/airflow/.local/lib/python3.12/site-packages/airflow/example_dags/example_xcomargs.py for tasks to queue
[2024-10-16T11:39:45.236+0000] {logging_mixin.py:190} INFO - [2024-10-16T11:39:45.235+0000] {dagbag.py:588} INFO - Filling up the DagBag from /home/airflow/.local/lib/python3.12/site-packages/airflow/example_dags/example_xcomargs.py
[2024-10-16T11:39:45.246+0000] {processor.py:925} INFO - DAG(s) 'example_xcom_args_with_operators', 'example_xcom_args' retrieved from /home/airflow/.local/lib/python3.12/site-packages/airflow/example_dags/example_xcomargs.py
[2024-10-16T11:39:45.270+0000] {logging_mixin.py:190} INFO - [2024-10-16T11:39:45.270+0000] {dag.py:3239} INFO - Sync 2 DAGs
[2024-10-16T11:39:45.287+0000] {logging_mixin.py:190} INFO - [2024-10-16T11:39:45.287+0000] {dag.py:4180} INFO - Setting next_dagrun for example_xcom_args to None, run_after=None
[2024-10-16T11:39:45.291+0000] {logging_mixin.py:190} INFO - [2024-10-16T11:39:45.291+0000] {dag.py:4180} INFO - Setting next_dagrun for example_xcom_args_with_operators to None, run_after=None
[2024-10-16T11:39:45.309+0000] {processor.py:208} INFO - Processing /home/airflow/.local/lib/python3.12/site-packages/airflow/example_dags/example_xcomargs.py took 0.082 seconds
[2024-10-16T11:40:16.061+0000] {processor.py:186} INFO - Started process (PID=126870) to work on /home/airflow/.local/lib/python3.12/site-packages/airflow/example_dags/example_xcomargs.py
[2024-10-16T11:40:16.062+0000] {processor.py:914} INFO - Processing file /home/airflow/.local/lib/python3.12/site-packages/airflow/example_dags/example_xcomargs.py for tasks to queue
[2024-10-16T11:40:16.063+0000] {logging_mixin.py:190} INFO - [2024-10-16T11:40:16.063+0000] {dagbag.py:588} INFO - Filling up the DagBag from /home/airflow/.local/lib/python3.12/site-packages/airflow/example_dags/example_xcomargs.py
[2024-10-16T11:40:16.075+0000] {processor.py:925} INFO - DAG(s) 'example_xcom_args', 'example_xcom_args_with_operators' retrieved from /home/airflow/.local/lib/python3.12/site-packages/airflow/example_dags/example_xcomargs.py
[2024-10-16T11:40:16.101+0000] {logging_mixin.py:190} INFO - [2024-10-16T11:40:16.101+0000] {dag.py:3239} INFO - Sync 2 DAGs
[2024-10-16T11:40:16.119+0000] {logging_mixin.py:190} INFO - [2024-10-16T11:40:16.119+0000] {dag.py:4180} INFO - Setting next_dagrun for example_xcom_args to None, run_after=None
[2024-10-16T11:40:16.124+0000] {logging_mixin.py:190} INFO - [2024-10-16T11:40:16.123+0000] {dag.py:4180} INFO - Setting next_dagrun for example_xcom_args_with_operators to None, run_after=None
[2024-10-16T11:40:16.142+0000] {processor.py:208} INFO - Processing /home/airflow/.local/lib/python3.12/site-packages/airflow/example_dags/example_xcomargs.py took 0.088 seconds
[2024-10-16T11:40:46.419+0000] {processor.py:186} INFO - Started process (PID=126933) to work on /home/airflow/.local/lib/python3.12/site-packages/airflow/example_dags/example_xcomargs.py
[2024-10-16T11:40:46.420+0000] {processor.py:914} INFO - Processing file /home/airflow/.local/lib/python3.12/site-packages/airflow/example_dags/example_xcomargs.py for tasks to queue
[2024-10-16T11:40:46.421+0000] {logging_mixin.py:190} INFO - [2024-10-16T11:40:46.421+0000] {dagbag.py:588} INFO - Filling up the DagBag from /home/airflow/.local/lib/python3.12/site-packages/airflow/example_dags/example_xcomargs.py
[2024-10-16T11:40:46.435+0000] {processor.py:925} INFO - DAG(s) 'example_xcom_args_with_operators', 'example_xcom_args' retrieved from /home/airflow/.local/lib/python3.12/site-packages/airflow/example_dags/example_xcomargs.py
[2024-10-16T11:40:46.464+0000] {logging_mixin.py:190} INFO - [2024-10-16T11:40:46.464+0000] {dag.py:3239} INFO - Sync 2 DAGs
[2024-10-16T11:40:46.486+0000] {logging_mixin.py:190} INFO - [2024-10-16T11:40:46.486+0000] {dag.py:4180} INFO - Setting next_dagrun for example_xcom_args to None, run_after=None
[2024-10-16T11:40:46.491+0000] {logging_mixin.py:190} INFO - [2024-10-16T11:40:46.491+0000] {dag.py:4180} INFO - Setting next_dagrun for example_xcom_args_with_operators to None, run_after=None
[2024-10-16T11:40:46.508+0000] {processor.py:208} INFO - Processing /home/airflow/.local/lib/python3.12/site-packages/airflow/example_dags/example_xcomargs.py took 0.096 seconds
[2024-10-16T11:41:16.822+0000] {processor.py:186} INFO - Started process (PID=126996) to work on /home/airflow/.local/lib/python3.12/site-packages/airflow/example_dags/example_xcomargs.py
[2024-10-16T11:41:16.823+0000] {processor.py:914} INFO - Processing file /home/airflow/.local/lib/python3.12/site-packages/airflow/example_dags/example_xcomargs.py for tasks to queue
[2024-10-16T11:41:16.824+0000] {logging_mixin.py:190} INFO - [2024-10-16T11:41:16.824+0000] {dagbag.py:588} INFO - Filling up the DagBag from /home/airflow/.local/lib/python3.12/site-packages/airflow/example_dags/example_xcomargs.py
[2024-10-16T11:41:16.835+0000] {processor.py:925} INFO - DAG(s) 'example_xcom_args_with_operators', 'example_xcom_args' retrieved from /home/airflow/.local/lib/python3.12/site-packages/airflow/example_dags/example_xcomargs.py
[2024-10-16T11:41:16.860+0000] {logging_mixin.py:190} INFO - [2024-10-16T11:41:16.860+0000] {dag.py:3239} INFO - Sync 2 DAGs
[2024-10-16T11:41:16.878+0000] {logging_mixin.py:190} INFO - [2024-10-16T11:41:16.878+0000] {dag.py:4180} INFO - Setting next_dagrun for example_xcom_args to None, run_after=None
[2024-10-16T11:41:16.883+0000] {logging_mixin.py:190} INFO - [2024-10-16T11:41:16.883+0000] {dag.py:4180} INFO - Setting next_dagrun for example_xcom_args_with_operators to None, run_after=None
[2024-10-16T11:41:16.902+0000] {processor.py:208} INFO - Processing /home/airflow/.local/lib/python3.12/site-packages/airflow/example_dags/example_xcomargs.py took 0.087 seconds
[2024-10-16T11:41:47.751+0000] {processor.py:186} INFO - Started process (PID=127059) to work on /home/airflow/.local/lib/python3.12/site-packages/airflow/example_dags/example_xcomargs.py
[2024-10-16T11:41:47.752+0000] {processor.py:914} INFO - Processing file /home/airflow/.local/lib/python3.12/site-packages/airflow/example_dags/example_xcomargs.py for tasks to queue
[2024-10-16T11:41:47.754+0000] {logging_mixin.py:190} INFO - [2024-10-16T11:41:47.753+0000] {dagbag.py:588} INFO - Filling up the DagBag from /home/airflow/.local/lib/python3.12/site-packages/airflow/example_dags/example_xcomargs.py
[2024-10-16T11:41:47.766+0000] {processor.py:925} INFO - DAG(s) 'example_xcom_args', 'example_xcom_args_with_operators' retrieved from /home/airflow/.local/lib/python3.12/site-packages/airflow/example_dags/example_xcomargs.py
[2024-10-16T11:41:47.792+0000] {logging_mixin.py:190} INFO - [2024-10-16T11:41:47.792+0000] {dag.py:3239} INFO - Sync 2 DAGs
[2024-10-16T11:41:47.808+0000] {logging_mixin.py:190} INFO - [2024-10-16T11:41:47.808+0000] {dag.py:4180} INFO - Setting next_dagrun for example_xcom_args to None, run_after=None
[2024-10-16T11:41:47.813+0000] {logging_mixin.py:190} INFO - [2024-10-16T11:41:47.812+0000] {dag.py:4180} INFO - Setting next_dagrun for example_xcom_args_with_operators to None, run_after=None
[2024-10-16T11:41:47.832+0000] {processor.py:208} INFO - Processing /home/airflow/.local/lib/python3.12/site-packages/airflow/example_dags/example_xcomargs.py took 0.087 seconds
[2024-10-16T11:42:18.835+0000] {processor.py:186} INFO - Started process (PID=127122) to work on /home/airflow/.local/lib/python3.12/site-packages/airflow/example_dags/example_xcomargs.py
[2024-10-16T11:42:18.836+0000] {processor.py:914} INFO - Processing file /home/airflow/.local/lib/python3.12/site-packages/airflow/example_dags/example_xcomargs.py for tasks to queue
[2024-10-16T11:42:18.838+0000] {logging_mixin.py:190} INFO - [2024-10-16T11:42:18.838+0000] {dagbag.py:588} INFO - Filling up the DagBag from /home/airflow/.local/lib/python3.12/site-packages/airflow/example_dags/example_xcomargs.py
[2024-10-16T11:42:18.855+0000] {processor.py:925} INFO - DAG(s) 'example_xcom_args', 'example_xcom_args_with_operators' retrieved from /home/airflow/.local/lib/python3.12/site-packages/airflow/example_dags/example_xcomargs.py
[2024-10-16T11:42:18.898+0000] {logging_mixin.py:190} INFO - [2024-10-16T11:42:18.898+0000] {dag.py:3239} INFO - Sync 2 DAGs
[2024-10-16T11:42:18.918+0000] {logging_mixin.py:190} INFO - [2024-10-16T11:42:18.918+0000] {dag.py:4180} INFO - Setting next_dagrun for example_xcom_args to None, run_after=None
[2024-10-16T11:42:18.922+0000] {logging_mixin.py:190} INFO - [2024-10-16T11:42:18.922+0000] {dag.py:4180} INFO - Setting next_dagrun for example_xcom_args_with_operators to None, run_after=None
[2024-10-16T11:42:18.943+0000] {processor.py:208} INFO - Processing /home/airflow/.local/lib/python3.12/site-packages/airflow/example_dags/example_xcomargs.py took 0.118 seconds
[2024-10-16T11:42:49.615+0000] {processor.py:186} INFO - Started process (PID=127185) to work on /home/airflow/.local/lib/python3.12/site-packages/airflow/example_dags/example_xcomargs.py
[2024-10-16T11:42:49.616+0000] {processor.py:914} INFO - Processing file /home/airflow/.local/lib/python3.12/site-packages/airflow/example_dags/example_xcomargs.py for tasks to queue
[2024-10-16T11:42:49.617+0000] {logging_mixin.py:190} INFO - [2024-10-16T11:42:49.617+0000] {dagbag.py:588} INFO - Filling up the DagBag from /home/airflow/.local/lib/python3.12/site-packages/airflow/example_dags/example_xcomargs.py
[2024-10-16T11:42:49.628+0000] {processor.py:925} INFO - DAG(s) 'example_xcom_args', 'example_xcom_args_with_operators' retrieved from /home/airflow/.local/lib/python3.12/site-packages/airflow/example_dags/example_xcomargs.py
[2024-10-16T11:42:49.654+0000] {logging_mixin.py:190} INFO - [2024-10-16T11:42:49.654+0000] {dag.py:3239} INFO - Sync 2 DAGs
[2024-10-16T11:42:49.674+0000] {logging_mixin.py:190} INFO - [2024-10-16T11:42:49.674+0000] {dag.py:4180} INFO - Setting next_dagrun for example_xcom_args to None, run_after=None
[2024-10-16T11:42:49.680+0000] {logging_mixin.py:190} INFO - [2024-10-16T11:42:49.680+0000] {dag.py:4180} INFO - Setting next_dagrun for example_xcom_args_with_operators to None, run_after=None
[2024-10-16T11:42:49.700+0000] {processor.py:208} INFO - Processing /home/airflow/.local/lib/python3.12/site-packages/airflow/example_dags/example_xcomargs.py took 0.092 seconds
[2024-10-16T11:43:19.837+0000] {processor.py:186} INFO - Started process (PID=127248) to work on /home/airflow/.local/lib/python3.12/site-packages/airflow/example_dags/example_xcomargs.py
[2024-10-16T11:43:19.838+0000] {processor.py:914} INFO - Processing file /home/airflow/.local/lib/python3.12/site-packages/airflow/example_dags/example_xcomargs.py for tasks to queue
[2024-10-16T11:43:19.839+0000] {logging_mixin.py:190} INFO - [2024-10-16T11:43:19.839+0000] {dagbag.py:588} INFO - Filling up the DagBag from /home/airflow/.local/lib/python3.12/site-packages/airflow/example_dags/example_xcomargs.py
[2024-10-16T11:43:19.851+0000] {processor.py:925} INFO - DAG(s) 'example_xcom_args_with_operators', 'example_xcom_args' retrieved from /home/airflow/.local/lib/python3.12/site-packages/airflow/example_dags/example_xcomargs.py
[2024-10-16T11:43:19.878+0000] {logging_mixin.py:190} INFO - [2024-10-16T11:43:19.877+0000] {dag.py:3239} INFO - Sync 2 DAGs
[2024-10-16T11:43:19.896+0000] {logging_mixin.py:190} INFO - [2024-10-16T11:43:19.896+0000] {dag.py:4180} INFO - Setting next_dagrun for example_xcom_args to None, run_after=None
[2024-10-16T11:43:19.901+0000] {logging_mixin.py:190} INFO - [2024-10-16T11:43:19.901+0000] {dag.py:4180} INFO - Setting next_dagrun for example_xcom_args_with_operators to None, run_after=None
[2024-10-16T11:43:19.920+0000] {processor.py:208} INFO - Processing /home/airflow/.local/lib/python3.12/site-packages/airflow/example_dags/example_xcomargs.py took 0.090 seconds
[2024-10-16T11:43:50.317+0000] {processor.py:186} INFO - Started process (PID=127311) to work on /home/airflow/.local/lib/python3.12/site-packages/airflow/example_dags/example_xcomargs.py
[2024-10-16T11:43:50.318+0000] {processor.py:914} INFO - Processing file /home/airflow/.local/lib/python3.12/site-packages/airflow/example_dags/example_xcomargs.py for tasks to queue
[2024-10-16T11:43:50.320+0000] {logging_mixin.py:190} INFO - [2024-10-16T11:43:50.319+0000] {dagbag.py:588} INFO - Filling up the DagBag from /home/airflow/.local/lib/python3.12/site-packages/airflow/example_dags/example_xcomargs.py
[2024-10-16T11:43:50.331+0000] {processor.py:925} INFO - DAG(s) 'example_xcom_args', 'example_xcom_args_with_operators' retrieved from /home/airflow/.local/lib/python3.12/site-packages/airflow/example_dags/example_xcomargs.py
[2024-10-16T11:43:50.357+0000] {logging_mixin.py:190} INFO - [2024-10-16T11:43:50.357+0000] {dag.py:3239} INFO - Sync 2 DAGs
[2024-10-16T11:43:50.375+0000] {logging_mixin.py:190} INFO - [2024-10-16T11:43:50.375+0000] {dag.py:4180} INFO - Setting next_dagrun for example_xcom_args to None, run_after=None
[2024-10-16T11:43:50.381+0000] {logging_mixin.py:190} INFO - [2024-10-16T11:43:50.380+0000] {dag.py:4180} INFO - Setting next_dagrun for example_xcom_args_with_operators to None, run_after=None
[2024-10-16T11:43:50.398+0000] {processor.py:208} INFO - Processing /home/airflow/.local/lib/python3.12/site-packages/airflow/example_dags/example_xcomargs.py took 0.088 seconds
[2024-10-16T11:44:21.751+0000] {processor.py:186} INFO - Started process (PID=127375) to work on /home/airflow/.local/lib/python3.12/site-packages/airflow/example_dags/example_xcomargs.py
[2024-10-16T11:44:21.752+0000] {processor.py:914} INFO - Processing file /home/airflow/.local/lib/python3.12/site-packages/airflow/example_dags/example_xcomargs.py for tasks to queue
[2024-10-16T11:44:21.753+0000] {logging_mixin.py:190} INFO - [2024-10-16T11:44:21.753+0000] {dagbag.py:588} INFO - Filling up the DagBag from /home/airflow/.local/lib/python3.12/site-packages/airflow/example_dags/example_xcomargs.py
[2024-10-16T11:44:21.764+0000] {processor.py:925} INFO - DAG(s) 'example_xcom_args', 'example_xcom_args_with_operators' retrieved from /home/airflow/.local/lib/python3.12/site-packages/airflow/example_dags/example_xcomargs.py
[2024-10-16T11:44:21.789+0000] {logging_mixin.py:190} INFO - [2024-10-16T11:44:21.789+0000] {dag.py:3239} INFO - Sync 2 DAGs
[2024-10-16T11:44:21.809+0000] {logging_mixin.py:190} INFO - [2024-10-16T11:44:21.808+0000] {dag.py:4180} INFO - Setting next_dagrun for example_xcom_args to None, run_after=None
[2024-10-16T11:44:21.813+0000] {logging_mixin.py:190} INFO - [2024-10-16T11:44:21.813+0000] {dag.py:4180} INFO - Setting next_dagrun for example_xcom_args_with_operators to None, run_after=None
[2024-10-16T11:44:21.833+0000] {processor.py:208} INFO - Processing /home/airflow/.local/lib/python3.12/site-packages/airflow/example_dags/example_xcomargs.py took 0.089 seconds
[2024-10-16T11:44:52.204+0000] {processor.py:186} INFO - Started process (PID=127438) to work on /home/airflow/.local/lib/python3.12/site-packages/airflow/example_dags/example_xcomargs.py
[2024-10-16T11:44:52.205+0000] {processor.py:914} INFO - Processing file /home/airflow/.local/lib/python3.12/site-packages/airflow/example_dags/example_xcomargs.py for tasks to queue
[2024-10-16T11:44:52.207+0000] {logging_mixin.py:190} INFO - [2024-10-16T11:44:52.207+0000] {dagbag.py:588} INFO - Filling up the DagBag from /home/airflow/.local/lib/python3.12/site-packages/airflow/example_dags/example_xcomargs.py
[2024-10-16T11:44:52.220+0000] {processor.py:925} INFO - DAG(s) 'example_xcom_args', 'example_xcom_args_with_operators' retrieved from /home/airflow/.local/lib/python3.12/site-packages/airflow/example_dags/example_xcomargs.py
[2024-10-16T11:44:52.244+0000] {logging_mixin.py:190} INFO - [2024-10-16T11:44:52.244+0000] {dag.py:3239} INFO - Sync 2 DAGs
[2024-10-16T11:44:52.262+0000] {logging_mixin.py:190} INFO - [2024-10-16T11:44:52.261+0000] {dag.py:4180} INFO - Setting next_dagrun for example_xcom_args to None, run_after=None
[2024-10-16T11:44:52.266+0000] {logging_mixin.py:190} INFO - [2024-10-16T11:44:52.266+0000] {dag.py:4180} INFO - Setting next_dagrun for example_xcom_args_with_operators to None, run_after=None
[2024-10-16T11:44:52.284+0000] {processor.py:208} INFO - Processing /home/airflow/.local/lib/python3.12/site-packages/airflow/example_dags/example_xcomargs.py took 0.088 seconds
[2024-10-16T11:45:23.850+0000] {processor.py:186} INFO - Started process (PID=127501) to work on /home/airflow/.local/lib/python3.12/site-packages/airflow/example_dags/example_xcomargs.py
[2024-10-16T11:45:23.851+0000] {processor.py:914} INFO - Processing file /home/airflow/.local/lib/python3.12/site-packages/airflow/example_dags/example_xcomargs.py for tasks to queue
[2024-10-16T11:45:23.853+0000] {logging_mixin.py:190} INFO - [2024-10-16T11:45:23.853+0000] {dagbag.py:588} INFO - Filling up the DagBag from /home/airflow/.local/lib/python3.12/site-packages/airflow/example_dags/example_xcomargs.py
[2024-10-16T11:45:23.867+0000] {processor.py:925} INFO - DAG(s) 'example_xcom_args', 'example_xcom_args_with_operators' retrieved from /home/airflow/.local/lib/python3.12/site-packages/airflow/example_dags/example_xcomargs.py
[2024-10-16T11:45:23.899+0000] {logging_mixin.py:190} INFO - [2024-10-16T11:45:23.898+0000] {dag.py:3239} INFO - Sync 2 DAGs
[2024-10-16T11:45:23.922+0000] {logging_mixin.py:190} INFO - [2024-10-16T11:45:23.922+0000] {dag.py:4180} INFO - Setting next_dagrun for example_xcom_args to None, run_after=None
[2024-10-16T11:45:23.927+0000] {logging_mixin.py:190} INFO - [2024-10-16T11:45:23.927+0000] {dag.py:4180} INFO - Setting next_dagrun for example_xcom_args_with_operators to None, run_after=None
[2024-10-16T11:45:23.947+0000] {processor.py:208} INFO - Processing /home/airflow/.local/lib/python3.12/site-packages/airflow/example_dags/example_xcomargs.py took 0.105 seconds
[2024-10-16T11:45:56.270+0000] {processor.py:186} INFO - Started process (PID=127565) to work on /home/airflow/.local/lib/python3.12/site-packages/airflow/example_dags/example_xcomargs.py
[2024-10-16T11:45:56.272+0000] {processor.py:914} INFO - Processing file /home/airflow/.local/lib/python3.12/site-packages/airflow/example_dags/example_xcomargs.py for tasks to queue
[2024-10-16T11:45:56.274+0000] {logging_mixin.py:190} INFO - [2024-10-16T11:45:56.273+0000] {dagbag.py:588} INFO - Filling up the DagBag from /home/airflow/.local/lib/python3.12/site-packages/airflow/example_dags/example_xcomargs.py
[2024-10-16T11:45:56.294+0000] {processor.py:925} INFO - DAG(s) 'example_xcom_args', 'example_xcom_args_with_operators' retrieved from /home/airflow/.local/lib/python3.12/site-packages/airflow/example_dags/example_xcomargs.py
[2024-10-16T11:45:56.334+0000] {logging_mixin.py:190} INFO - [2024-10-16T11:45:56.334+0000] {dag.py:3239} INFO - Sync 2 DAGs
[2024-10-16T11:45:56.358+0000] {logging_mixin.py:190} INFO - [2024-10-16T11:45:56.358+0000] {dag.py:4180} INFO - Setting next_dagrun for example_xcom_args to None, run_after=None
[2024-10-16T11:45:56.365+0000] {logging_mixin.py:190} INFO - [2024-10-16T11:45:56.365+0000] {dag.py:4180} INFO - Setting next_dagrun for example_xcom_args_with_operators to None, run_after=None
[2024-10-16T11:45:56.386+0000] {processor.py:208} INFO - Processing /home/airflow/.local/lib/python3.12/site-packages/airflow/example_dags/example_xcomargs.py took 0.134 seconds
