[2024-10-16T11:30:02.667+0000] {processor.py:186} INFO - Started process (PID=125598) to work on /home/airflow/.local/lib/python3.12/site-packages/airflow/example_dags/example_dynamic_task_mapping.py
[2024-10-16T11:30:02.669+0000] {processor.py:914} INFO - Processing file /home/airflow/.local/lib/python3.12/site-packages/airflow/example_dags/example_dynamic_task_mapping.py for tasks to queue
[2024-10-16T11:30:02.673+0000] {logging_mixin.py:190} INFO - [2024-10-16T11:30:02.672+0000] {dagbag.py:588} INFO - Filling up the DagBag from /home/airflow/.local/lib/python3.12/site-packages/airflow/example_dags/example_dynamic_task_mapping.py
[2024-10-16T11:30:02.698+0000] {processor.py:925} INFO - DAG(s) 'example_dynamic_task_mapping' retrieved from /home/airflow/.local/lib/python3.12/site-packages/airflow/example_dags/example_dynamic_task_mapping.py
[2024-10-16T11:30:02.768+0000] {logging_mixin.py:190} INFO - [2024-10-16T11:30:02.767+0000] {dag.py:3239} INFO - Sync 1 DAGs
[2024-10-16T11:30:02.817+0000] {logging_mixin.py:190} INFO - [2024-10-16T11:30:02.817+0000] {dag.py:4180} INFO - Setting next_dagrun for example_dynamic_task_mapping to None, run_after=None
[2024-10-16T11:30:02.874+0000] {processor.py:208} INFO - Processing /home/airflow/.local/lib/python3.12/site-packages/airflow/example_dags/example_dynamic_task_mapping.py took 0.226 seconds
[2024-10-16T11:30:33.308+0000] {processor.py:186} INFO - Started process (PID=125662) to work on /home/airflow/.local/lib/python3.12/site-packages/airflow/example_dags/example_dynamic_task_mapping.py
[2024-10-16T11:30:33.310+0000] {processor.py:914} INFO - Processing file /home/airflow/.local/lib/python3.12/site-packages/airflow/example_dags/example_dynamic_task_mapping.py for tasks to queue
[2024-10-16T11:30:33.312+0000] {logging_mixin.py:190} INFO - [2024-10-16T11:30:33.311+0000] {dagbag.py:588} INFO - Filling up the DagBag from /home/airflow/.local/lib/python3.12/site-packages/airflow/example_dags/example_dynamic_task_mapping.py
[2024-10-16T11:30:33.325+0000] {processor.py:925} INFO - DAG(s) 'example_dynamic_task_mapping' retrieved from /home/airflow/.local/lib/python3.12/site-packages/airflow/example_dags/example_dynamic_task_mapping.py
[2024-10-16T11:30:33.350+0000] {logging_mixin.py:190} INFO - [2024-10-16T11:30:33.349+0000] {dag.py:3239} INFO - Sync 1 DAGs
[2024-10-16T11:30:33.371+0000] {logging_mixin.py:190} INFO - [2024-10-16T11:30:33.371+0000] {dag.py:4180} INFO - Setting next_dagrun for example_dynamic_task_mapping to None, run_after=None
[2024-10-16T11:30:33.392+0000] {processor.py:208} INFO - Processing /home/airflow/.local/lib/python3.12/site-packages/airflow/example_dags/example_dynamic_task_mapping.py took 0.093 seconds
[2024-10-16T11:31:04.118+0000] {processor.py:186} INFO - Started process (PID=125725) to work on /home/airflow/.local/lib/python3.12/site-packages/airflow/example_dags/example_dynamic_task_mapping.py
[2024-10-16T11:31:04.119+0000] {processor.py:914} INFO - Processing file /home/airflow/.local/lib/python3.12/site-packages/airflow/example_dags/example_dynamic_task_mapping.py for tasks to queue
[2024-10-16T11:31:04.120+0000] {logging_mixin.py:190} INFO - [2024-10-16T11:31:04.120+0000] {dagbag.py:588} INFO - Filling up the DagBag from /home/airflow/.local/lib/python3.12/site-packages/airflow/example_dags/example_dynamic_task_mapping.py
[2024-10-16T11:31:04.129+0000] {processor.py:925} INFO - DAG(s) 'example_dynamic_task_mapping' retrieved from /home/airflow/.local/lib/python3.12/site-packages/airflow/example_dags/example_dynamic_task_mapping.py
[2024-10-16T11:31:04.148+0000] {logging_mixin.py:190} INFO - [2024-10-16T11:31:04.148+0000] {dag.py:3239} INFO - Sync 1 DAGs
[2024-10-16T11:31:04.161+0000] {logging_mixin.py:190} INFO - [2024-10-16T11:31:04.161+0000] {dag.py:4180} INFO - Setting next_dagrun for example_dynamic_task_mapping to None, run_after=None
[2024-10-16T11:31:04.179+0000] {processor.py:208} INFO - Processing /home/airflow/.local/lib/python3.12/site-packages/airflow/example_dags/example_dynamic_task_mapping.py took 0.067 seconds
[2024-10-16T11:31:34.814+0000] {processor.py:186} INFO - Started process (PID=125788) to work on /home/airflow/.local/lib/python3.12/site-packages/airflow/example_dags/example_dynamic_task_mapping.py
[2024-10-16T11:31:34.815+0000] {processor.py:914} INFO - Processing file /home/airflow/.local/lib/python3.12/site-packages/airflow/example_dags/example_dynamic_task_mapping.py for tasks to queue
[2024-10-16T11:31:34.817+0000] {logging_mixin.py:190} INFO - [2024-10-16T11:31:34.816+0000] {dagbag.py:588} INFO - Filling up the DagBag from /home/airflow/.local/lib/python3.12/site-packages/airflow/example_dags/example_dynamic_task_mapping.py
[2024-10-16T11:31:34.825+0000] {processor.py:925} INFO - DAG(s) 'example_dynamic_task_mapping' retrieved from /home/airflow/.local/lib/python3.12/site-packages/airflow/example_dags/example_dynamic_task_mapping.py
[2024-10-16T11:31:34.841+0000] {logging_mixin.py:190} INFO - [2024-10-16T11:31:34.841+0000] {dag.py:3239} INFO - Sync 1 DAGs
[2024-10-16T11:31:34.853+0000] {logging_mixin.py:190} INFO - [2024-10-16T11:31:34.853+0000] {dag.py:4180} INFO - Setting next_dagrun for example_dynamic_task_mapping to None, run_after=None
[2024-10-16T11:31:34.869+0000] {processor.py:208} INFO - Processing /home/airflow/.local/lib/python3.12/site-packages/airflow/example_dags/example_dynamic_task_mapping.py took 0.059 seconds
[2024-10-16T11:32:05.988+0000] {processor.py:186} INFO - Started process (PID=125851) to work on /home/airflow/.local/lib/python3.12/site-packages/airflow/example_dags/example_dynamic_task_mapping.py
[2024-10-16T11:32:05.989+0000] {processor.py:914} INFO - Processing file /home/airflow/.local/lib/python3.12/site-packages/airflow/example_dags/example_dynamic_task_mapping.py for tasks to queue
[2024-10-16T11:32:05.991+0000] {logging_mixin.py:190} INFO - [2024-10-16T11:32:05.990+0000] {dagbag.py:588} INFO - Filling up the DagBag from /home/airflow/.local/lib/python3.12/site-packages/airflow/example_dags/example_dynamic_task_mapping.py
[2024-10-16T11:32:06.001+0000] {processor.py:925} INFO - DAG(s) 'example_dynamic_task_mapping' retrieved from /home/airflow/.local/lib/python3.12/site-packages/airflow/example_dags/example_dynamic_task_mapping.py
[2024-10-16T11:32:06.022+0000] {logging_mixin.py:190} INFO - [2024-10-16T11:32:06.021+0000] {dag.py:3239} INFO - Sync 1 DAGs
[2024-10-16T11:32:06.037+0000] {logging_mixin.py:190} INFO - [2024-10-16T11:32:06.037+0000] {dag.py:4180} INFO - Setting next_dagrun for example_dynamic_task_mapping to None, run_after=None
[2024-10-16T11:32:06.060+0000] {processor.py:208} INFO - Processing /home/airflow/.local/lib/python3.12/site-packages/airflow/example_dags/example_dynamic_task_mapping.py took 0.078 seconds
[2024-10-16T11:32:36.866+0000] {processor.py:186} INFO - Started process (PID=125914) to work on /home/airflow/.local/lib/python3.12/site-packages/airflow/example_dags/example_dynamic_task_mapping.py
[2024-10-16T11:32:36.867+0000] {processor.py:914} INFO - Processing file /home/airflow/.local/lib/python3.12/site-packages/airflow/example_dags/example_dynamic_task_mapping.py for tasks to queue
[2024-10-16T11:32:36.869+0000] {logging_mixin.py:190} INFO - [2024-10-16T11:32:36.868+0000] {dagbag.py:588} INFO - Filling up the DagBag from /home/airflow/.local/lib/python3.12/site-packages/airflow/example_dags/example_dynamic_task_mapping.py
[2024-10-16T11:32:36.878+0000] {processor.py:925} INFO - DAG(s) 'example_dynamic_task_mapping' retrieved from /home/airflow/.local/lib/python3.12/site-packages/airflow/example_dags/example_dynamic_task_mapping.py
[2024-10-16T11:32:36.898+0000] {logging_mixin.py:190} INFO - [2024-10-16T11:32:36.898+0000] {dag.py:3239} INFO - Sync 1 DAGs
[2024-10-16T11:32:36.914+0000] {logging_mixin.py:190} INFO - [2024-10-16T11:32:36.914+0000] {dag.py:4180} INFO - Setting next_dagrun for example_dynamic_task_mapping to None, run_after=None
[2024-10-16T11:32:36.934+0000] {processor.py:208} INFO - Processing /home/airflow/.local/lib/python3.12/site-packages/airflow/example_dags/example_dynamic_task_mapping.py took 0.074 seconds
[2024-10-16T11:33:07.292+0000] {processor.py:186} INFO - Started process (PID=125977) to work on /home/airflow/.local/lib/python3.12/site-packages/airflow/example_dags/example_dynamic_task_mapping.py
[2024-10-16T11:33:07.293+0000] {processor.py:914} INFO - Processing file /home/airflow/.local/lib/python3.12/site-packages/airflow/example_dags/example_dynamic_task_mapping.py for tasks to queue
[2024-10-16T11:33:07.294+0000] {logging_mixin.py:190} INFO - [2024-10-16T11:33:07.294+0000] {dagbag.py:588} INFO - Filling up the DagBag from /home/airflow/.local/lib/python3.12/site-packages/airflow/example_dags/example_dynamic_task_mapping.py
[2024-10-16T11:33:07.302+0000] {processor.py:925} INFO - DAG(s) 'example_dynamic_task_mapping' retrieved from /home/airflow/.local/lib/python3.12/site-packages/airflow/example_dags/example_dynamic_task_mapping.py
[2024-10-16T11:33:07.322+0000] {logging_mixin.py:190} INFO - [2024-10-16T11:33:07.322+0000] {dag.py:3239} INFO - Sync 1 DAGs
[2024-10-16T11:33:07.336+0000] {logging_mixin.py:190} INFO - [2024-10-16T11:33:07.335+0000] {dag.py:4180} INFO - Setting next_dagrun for example_dynamic_task_mapping to None, run_after=None
[2024-10-16T11:33:07.353+0000] {processor.py:208} INFO - Processing /home/airflow/.local/lib/python3.12/site-packages/airflow/example_dags/example_dynamic_task_mapping.py took 0.067 seconds
[2024-10-16T11:33:37.678+0000] {processor.py:186} INFO - Started process (PID=126040) to work on /home/airflow/.local/lib/python3.12/site-packages/airflow/example_dags/example_dynamic_task_mapping.py
[2024-10-16T11:33:37.679+0000] {processor.py:914} INFO - Processing file /home/airflow/.local/lib/python3.12/site-packages/airflow/example_dags/example_dynamic_task_mapping.py for tasks to queue
[2024-10-16T11:33:37.681+0000] {logging_mixin.py:190} INFO - [2024-10-16T11:33:37.680+0000] {dagbag.py:588} INFO - Filling up the DagBag from /home/airflow/.local/lib/python3.12/site-packages/airflow/example_dags/example_dynamic_task_mapping.py
[2024-10-16T11:33:37.690+0000] {processor.py:925} INFO - DAG(s) 'example_dynamic_task_mapping' retrieved from /home/airflow/.local/lib/python3.12/site-packages/airflow/example_dags/example_dynamic_task_mapping.py
[2024-10-16T11:33:37.709+0000] {logging_mixin.py:190} INFO - [2024-10-16T11:33:37.709+0000] {dag.py:3239} INFO - Sync 1 DAGs
[2024-10-16T11:33:37.724+0000] {logging_mixin.py:190} INFO - [2024-10-16T11:33:37.724+0000] {dag.py:4180} INFO - Setting next_dagrun for example_dynamic_task_mapping to None, run_after=None
[2024-10-16T11:33:37.744+0000] {processor.py:208} INFO - Processing /home/airflow/.local/lib/python3.12/site-packages/airflow/example_dags/example_dynamic_task_mapping.py took 0.073 seconds
[2024-10-16T11:34:08.103+0000] {processor.py:186} INFO - Started process (PID=126103) to work on /home/airflow/.local/lib/python3.12/site-packages/airflow/example_dags/example_dynamic_task_mapping.py
[2024-10-16T11:34:08.104+0000] {processor.py:914} INFO - Processing file /home/airflow/.local/lib/python3.12/site-packages/airflow/example_dags/example_dynamic_task_mapping.py for tasks to queue
[2024-10-16T11:34:08.105+0000] {logging_mixin.py:190} INFO - [2024-10-16T11:34:08.105+0000] {dagbag.py:588} INFO - Filling up the DagBag from /home/airflow/.local/lib/python3.12/site-packages/airflow/example_dags/example_dynamic_task_mapping.py
[2024-10-16T11:34:08.114+0000] {processor.py:925} INFO - DAG(s) 'example_dynamic_task_mapping' retrieved from /home/airflow/.local/lib/python3.12/site-packages/airflow/example_dags/example_dynamic_task_mapping.py
[2024-10-16T11:34:08.133+0000] {logging_mixin.py:190} INFO - [2024-10-16T11:34:08.132+0000] {dag.py:3239} INFO - Sync 1 DAGs
[2024-10-16T11:34:08.147+0000] {logging_mixin.py:190} INFO - [2024-10-16T11:34:08.147+0000] {dag.py:4180} INFO - Setting next_dagrun for example_dynamic_task_mapping to None, run_after=None
[2024-10-16T11:34:08.165+0000] {processor.py:208} INFO - Processing /home/airflow/.local/lib/python3.12/site-packages/airflow/example_dags/example_dynamic_task_mapping.py took 0.068 seconds
[2024-10-16T11:34:38.534+0000] {processor.py:186} INFO - Started process (PID=126167) to work on /home/airflow/.local/lib/python3.12/site-packages/airflow/example_dags/example_dynamic_task_mapping.py
[2024-10-16T11:34:38.535+0000] {processor.py:914} INFO - Processing file /home/airflow/.local/lib/python3.12/site-packages/airflow/example_dags/example_dynamic_task_mapping.py for tasks to queue
[2024-10-16T11:34:38.536+0000] {logging_mixin.py:190} INFO - [2024-10-16T11:34:38.536+0000] {dagbag.py:588} INFO - Filling up the DagBag from /home/airflow/.local/lib/python3.12/site-packages/airflow/example_dags/example_dynamic_task_mapping.py
[2024-10-16T11:34:38.548+0000] {processor.py:925} INFO - DAG(s) 'example_dynamic_task_mapping' retrieved from /home/airflow/.local/lib/python3.12/site-packages/airflow/example_dags/example_dynamic_task_mapping.py
[2024-10-16T11:34:38.566+0000] {logging_mixin.py:190} INFO - [2024-10-16T11:34:38.565+0000] {dag.py:3239} INFO - Sync 1 DAGs
[2024-10-16T11:34:38.580+0000] {logging_mixin.py:190} INFO - [2024-10-16T11:34:38.579+0000] {dag.py:4180} INFO - Setting next_dagrun for example_dynamic_task_mapping to None, run_after=None
[2024-10-16T11:34:38.597+0000] {processor.py:208} INFO - Processing /home/airflow/.local/lib/python3.12/site-packages/airflow/example_dags/example_dynamic_task_mapping.py took 0.070 seconds
[2024-10-16T11:35:09.429+0000] {processor.py:186} INFO - Started process (PID=126230) to work on /home/airflow/.local/lib/python3.12/site-packages/airflow/example_dags/example_dynamic_task_mapping.py
[2024-10-16T11:35:09.430+0000] {processor.py:914} INFO - Processing file /home/airflow/.local/lib/python3.12/site-packages/airflow/example_dags/example_dynamic_task_mapping.py for tasks to queue
[2024-10-16T11:35:09.431+0000] {logging_mixin.py:190} INFO - [2024-10-16T11:35:09.431+0000] {dagbag.py:588} INFO - Filling up the DagBag from /home/airflow/.local/lib/python3.12/site-packages/airflow/example_dags/example_dynamic_task_mapping.py
[2024-10-16T11:35:09.439+0000] {processor.py:925} INFO - DAG(s) 'example_dynamic_task_mapping' retrieved from /home/airflow/.local/lib/python3.12/site-packages/airflow/example_dags/example_dynamic_task_mapping.py
[2024-10-16T11:35:09.461+0000] {logging_mixin.py:190} INFO - [2024-10-16T11:35:09.460+0000] {dag.py:3239} INFO - Sync 1 DAGs
[2024-10-16T11:35:09.475+0000] {logging_mixin.py:190} INFO - [2024-10-16T11:35:09.474+0000] {dag.py:4180} INFO - Setting next_dagrun for example_dynamic_task_mapping to None, run_after=None
[2024-10-16T11:35:09.497+0000] {processor.py:208} INFO - Processing /home/airflow/.local/lib/python3.12/site-packages/airflow/example_dags/example_dynamic_task_mapping.py took 0.073 seconds
[2024-10-16T11:35:39.863+0000] {processor.py:186} INFO - Started process (PID=126293) to work on /home/airflow/.local/lib/python3.12/site-packages/airflow/example_dags/example_dynamic_task_mapping.py
[2024-10-16T11:35:39.864+0000] {processor.py:914} INFO - Processing file /home/airflow/.local/lib/python3.12/site-packages/airflow/example_dags/example_dynamic_task_mapping.py for tasks to queue
[2024-10-16T11:35:39.866+0000] {logging_mixin.py:190} INFO - [2024-10-16T11:35:39.865+0000] {dagbag.py:588} INFO - Filling up the DagBag from /home/airflow/.local/lib/python3.12/site-packages/airflow/example_dags/example_dynamic_task_mapping.py
[2024-10-16T11:35:39.876+0000] {processor.py:925} INFO - DAG(s) 'example_dynamic_task_mapping' retrieved from /home/airflow/.local/lib/python3.12/site-packages/airflow/example_dags/example_dynamic_task_mapping.py
[2024-10-16T11:35:39.897+0000] {logging_mixin.py:190} INFO - [2024-10-16T11:35:39.896+0000] {dag.py:3239} INFO - Sync 1 DAGs
[2024-10-16T11:35:39.912+0000] {logging_mixin.py:190} INFO - [2024-10-16T11:35:39.911+0000] {dag.py:4180} INFO - Setting next_dagrun for example_dynamic_task_mapping to None, run_after=None
[2024-10-16T11:35:39.928+0000] {processor.py:208} INFO - Processing /home/airflow/.local/lib/python3.12/site-packages/airflow/example_dags/example_dynamic_task_mapping.py took 0.071 seconds
[2024-10-16T11:36:10.687+0000] {processor.py:186} INFO - Started process (PID=126356) to work on /home/airflow/.local/lib/python3.12/site-packages/airflow/example_dags/example_dynamic_task_mapping.py
[2024-10-16T11:36:10.688+0000] {processor.py:914} INFO - Processing file /home/airflow/.local/lib/python3.12/site-packages/airflow/example_dags/example_dynamic_task_mapping.py for tasks to queue
[2024-10-16T11:36:10.690+0000] {logging_mixin.py:190} INFO - [2024-10-16T11:36:10.689+0000] {dagbag.py:588} INFO - Filling up the DagBag from /home/airflow/.local/lib/python3.12/site-packages/airflow/example_dags/example_dynamic_task_mapping.py
[2024-10-16T11:36:10.701+0000] {processor.py:925} INFO - DAG(s) 'example_dynamic_task_mapping' retrieved from /home/airflow/.local/lib/python3.12/site-packages/airflow/example_dags/example_dynamic_task_mapping.py
[2024-10-16T11:36:10.724+0000] {logging_mixin.py:190} INFO - [2024-10-16T11:36:10.724+0000] {dag.py:3239} INFO - Sync 1 DAGs
[2024-10-16T11:36:10.739+0000] {logging_mixin.py:190} INFO - [2024-10-16T11:36:10.739+0000] {dag.py:4180} INFO - Setting next_dagrun for example_dynamic_task_mapping to None, run_after=None
[2024-10-16T11:36:10.761+0000] {processor.py:208} INFO - Processing /home/airflow/.local/lib/python3.12/site-packages/airflow/example_dags/example_dynamic_task_mapping.py took 0.080 seconds
[2024-10-16T11:36:41.191+0000] {processor.py:186} INFO - Started process (PID=126420) to work on /home/airflow/.local/lib/python3.12/site-packages/airflow/example_dags/example_dynamic_task_mapping.py
[2024-10-16T11:36:41.192+0000] {processor.py:914} INFO - Processing file /home/airflow/.local/lib/python3.12/site-packages/airflow/example_dags/example_dynamic_task_mapping.py for tasks to queue
[2024-10-16T11:36:41.194+0000] {logging_mixin.py:190} INFO - [2024-10-16T11:36:41.193+0000] {dagbag.py:588} INFO - Filling up the DagBag from /home/airflow/.local/lib/python3.12/site-packages/airflow/example_dags/example_dynamic_task_mapping.py
[2024-10-16T11:36:41.204+0000] {processor.py:925} INFO - DAG(s) 'example_dynamic_task_mapping' retrieved from /home/airflow/.local/lib/python3.12/site-packages/airflow/example_dags/example_dynamic_task_mapping.py
[2024-10-16T11:36:41.224+0000] {logging_mixin.py:190} INFO - [2024-10-16T11:36:41.224+0000] {dag.py:3239} INFO - Sync 1 DAGs
[2024-10-16T11:36:41.242+0000] {logging_mixin.py:190} INFO - [2024-10-16T11:36:41.242+0000] {dag.py:4180} INFO - Setting next_dagrun for example_dynamic_task_mapping to None, run_after=None
[2024-10-16T11:36:41.260+0000] {processor.py:208} INFO - Processing /home/airflow/.local/lib/python3.12/site-packages/airflow/example_dags/example_dynamic_task_mapping.py took 0.076 seconds
[2024-10-16T11:37:11.631+0000] {processor.py:186} INFO - Started process (PID=126483) to work on /home/airflow/.local/lib/python3.12/site-packages/airflow/example_dags/example_dynamic_task_mapping.py
[2024-10-16T11:37:11.632+0000] {processor.py:914} INFO - Processing file /home/airflow/.local/lib/python3.12/site-packages/airflow/example_dags/example_dynamic_task_mapping.py for tasks to queue
[2024-10-16T11:37:11.633+0000] {logging_mixin.py:190} INFO - [2024-10-16T11:37:11.633+0000] {dagbag.py:588} INFO - Filling up the DagBag from /home/airflow/.local/lib/python3.12/site-packages/airflow/example_dags/example_dynamic_task_mapping.py
[2024-10-16T11:37:11.642+0000] {processor.py:925} INFO - DAG(s) 'example_dynamic_task_mapping' retrieved from /home/airflow/.local/lib/python3.12/site-packages/airflow/example_dags/example_dynamic_task_mapping.py
[2024-10-16T11:37:11.659+0000] {logging_mixin.py:190} INFO - [2024-10-16T11:37:11.658+0000] {dag.py:3239} INFO - Sync 1 DAGs
[2024-10-16T11:37:11.673+0000] {logging_mixin.py:190} INFO - [2024-10-16T11:37:11.672+0000] {dag.py:4180} INFO - Setting next_dagrun for example_dynamic_task_mapping to None, run_after=None
[2024-10-16T11:37:11.689+0000] {processor.py:208} INFO - Processing /home/airflow/.local/lib/python3.12/site-packages/airflow/example_dags/example_dynamic_task_mapping.py took 0.063 seconds
[2024-10-16T11:37:42.243+0000] {processor.py:186} INFO - Started process (PID=126546) to work on /home/airflow/.local/lib/python3.12/site-packages/airflow/example_dags/example_dynamic_task_mapping.py
[2024-10-16T11:37:42.244+0000] {processor.py:914} INFO - Processing file /home/airflow/.local/lib/python3.12/site-packages/airflow/example_dags/example_dynamic_task_mapping.py for tasks to queue
[2024-10-16T11:37:42.245+0000] {logging_mixin.py:190} INFO - [2024-10-16T11:37:42.245+0000] {dagbag.py:588} INFO - Filling up the DagBag from /home/airflow/.local/lib/python3.12/site-packages/airflow/example_dags/example_dynamic_task_mapping.py
[2024-10-16T11:37:42.255+0000] {processor.py:925} INFO - DAG(s) 'example_dynamic_task_mapping' retrieved from /home/airflow/.local/lib/python3.12/site-packages/airflow/example_dags/example_dynamic_task_mapping.py
[2024-10-16T11:37:42.278+0000] {logging_mixin.py:190} INFO - [2024-10-16T11:37:42.277+0000] {dag.py:3239} INFO - Sync 1 DAGs
[2024-10-16T11:37:42.294+0000] {logging_mixin.py:190} INFO - [2024-10-16T11:37:42.294+0000] {dag.py:4180} INFO - Setting next_dagrun for example_dynamic_task_mapping to None, run_after=None
[2024-10-16T11:37:42.319+0000] {processor.py:208} INFO - Processing /home/airflow/.local/lib/python3.12/site-packages/airflow/example_dags/example_dynamic_task_mapping.py took 0.084 seconds
[2024-10-16T11:38:12.871+0000] {processor.py:186} INFO - Started process (PID=126609) to work on /home/airflow/.local/lib/python3.12/site-packages/airflow/example_dags/example_dynamic_task_mapping.py
[2024-10-16T11:38:12.872+0000] {processor.py:914} INFO - Processing file /home/airflow/.local/lib/python3.12/site-packages/airflow/example_dags/example_dynamic_task_mapping.py for tasks to queue
[2024-10-16T11:38:12.874+0000] {logging_mixin.py:190} INFO - [2024-10-16T11:38:12.874+0000] {dagbag.py:588} INFO - Filling up the DagBag from /home/airflow/.local/lib/python3.12/site-packages/airflow/example_dags/example_dynamic_task_mapping.py
[2024-10-16T11:38:12.886+0000] {processor.py:925} INFO - DAG(s) 'example_dynamic_task_mapping' retrieved from /home/airflow/.local/lib/python3.12/site-packages/airflow/example_dags/example_dynamic_task_mapping.py
[2024-10-16T11:38:12.907+0000] {logging_mixin.py:190} INFO - [2024-10-16T11:38:12.907+0000] {dag.py:3239} INFO - Sync 1 DAGs
[2024-10-16T11:38:12.924+0000] {logging_mixin.py:190} INFO - [2024-10-16T11:38:12.924+0000] {dag.py:4180} INFO - Setting next_dagrun for example_dynamic_task_mapping to None, run_after=None
[2024-10-16T11:38:12.944+0000] {processor.py:208} INFO - Processing /home/airflow/.local/lib/python3.12/site-packages/airflow/example_dags/example_dynamic_task_mapping.py took 0.080 seconds
[2024-10-16T11:38:43.146+0000] {processor.py:186} INFO - Started process (PID=126673) to work on /home/airflow/.local/lib/python3.12/site-packages/airflow/example_dags/example_dynamic_task_mapping.py
[2024-10-16T11:38:43.147+0000] {processor.py:914} INFO - Processing file /home/airflow/.local/lib/python3.12/site-packages/airflow/example_dags/example_dynamic_task_mapping.py for tasks to queue
[2024-10-16T11:38:43.148+0000] {logging_mixin.py:190} INFO - [2024-10-16T11:38:43.148+0000] {dagbag.py:588} INFO - Filling up the DagBag from /home/airflow/.local/lib/python3.12/site-packages/airflow/example_dags/example_dynamic_task_mapping.py
[2024-10-16T11:38:43.160+0000] {processor.py:925} INFO - DAG(s) 'example_dynamic_task_mapping' retrieved from /home/airflow/.local/lib/python3.12/site-packages/airflow/example_dags/example_dynamic_task_mapping.py
[2024-10-16T11:38:43.181+0000] {logging_mixin.py:190} INFO - [2024-10-16T11:38:43.181+0000] {dag.py:3239} INFO - Sync 1 DAGs
[2024-10-16T11:38:43.199+0000] {logging_mixin.py:190} INFO - [2024-10-16T11:38:43.198+0000] {dag.py:4180} INFO - Setting next_dagrun for example_dynamic_task_mapping to None, run_after=None
[2024-10-16T11:38:43.224+0000] {processor.py:208} INFO - Processing /home/airflow/.local/lib/python3.12/site-packages/airflow/example_dags/example_dynamic_task_mapping.py took 0.085 seconds
[2024-10-16T11:39:14.143+0000] {processor.py:186} INFO - Started process (PID=126735) to work on /home/airflow/.local/lib/python3.12/site-packages/airflow/example_dags/example_dynamic_task_mapping.py
[2024-10-16T11:39:14.144+0000] {processor.py:914} INFO - Processing file /home/airflow/.local/lib/python3.12/site-packages/airflow/example_dags/example_dynamic_task_mapping.py for tasks to queue
[2024-10-16T11:39:14.146+0000] {logging_mixin.py:190} INFO - [2024-10-16T11:39:14.146+0000] {dagbag.py:588} INFO - Filling up the DagBag from /home/airflow/.local/lib/python3.12/site-packages/airflow/example_dags/example_dynamic_task_mapping.py
[2024-10-16T11:39:14.158+0000] {processor.py:925} INFO - DAG(s) 'example_dynamic_task_mapping' retrieved from /home/airflow/.local/lib/python3.12/site-packages/airflow/example_dags/example_dynamic_task_mapping.py
[2024-10-16T11:39:14.182+0000] {logging_mixin.py:190} INFO - [2024-10-16T11:39:14.182+0000] {dag.py:3239} INFO - Sync 1 DAGs
[2024-10-16T11:39:14.198+0000] {logging_mixin.py:190} INFO - [2024-10-16T11:39:14.197+0000] {dag.py:4180} INFO - Setting next_dagrun for example_dynamic_task_mapping to None, run_after=None
[2024-10-16T11:39:14.216+0000] {processor.py:208} INFO - Processing /home/airflow/.local/lib/python3.12/site-packages/airflow/example_dags/example_dynamic_task_mapping.py took 0.085 seconds
[2024-10-16T11:39:44.889+0000] {processor.py:186} INFO - Started process (PID=126804) to work on /home/airflow/.local/lib/python3.12/site-packages/airflow/example_dags/example_dynamic_task_mapping.py
[2024-10-16T11:39:44.890+0000] {processor.py:914} INFO - Processing file /home/airflow/.local/lib/python3.12/site-packages/airflow/example_dags/example_dynamic_task_mapping.py for tasks to queue
[2024-10-16T11:39:44.892+0000] {logging_mixin.py:190} INFO - [2024-10-16T11:39:44.891+0000] {dagbag.py:588} INFO - Filling up the DagBag from /home/airflow/.local/lib/python3.12/site-packages/airflow/example_dags/example_dynamic_task_mapping.py
[2024-10-16T11:39:44.901+0000] {processor.py:925} INFO - DAG(s) 'example_dynamic_task_mapping' retrieved from /home/airflow/.local/lib/python3.12/site-packages/airflow/example_dags/example_dynamic_task_mapping.py
[2024-10-16T11:39:44.923+0000] {logging_mixin.py:190} INFO - [2024-10-16T11:39:44.923+0000] {dag.py:3239} INFO - Sync 1 DAGs
[2024-10-16T11:39:44.939+0000] {logging_mixin.py:190} INFO - [2024-10-16T11:39:44.939+0000] {dag.py:4180} INFO - Setting next_dagrun for example_dynamic_task_mapping to None, run_after=None
[2024-10-16T11:39:44.958+0000] {processor.py:208} INFO - Processing /home/airflow/.local/lib/python3.12/site-packages/airflow/example_dags/example_dynamic_task_mapping.py took 0.076 seconds
[2024-10-16T11:40:15.800+0000] {processor.py:186} INFO - Started process (PID=126866) to work on /home/airflow/.local/lib/python3.12/site-packages/airflow/example_dags/example_dynamic_task_mapping.py
[2024-10-16T11:40:15.801+0000] {processor.py:914} INFO - Processing file /home/airflow/.local/lib/python3.12/site-packages/airflow/example_dags/example_dynamic_task_mapping.py for tasks to queue
[2024-10-16T11:40:15.802+0000] {logging_mixin.py:190} INFO - [2024-10-16T11:40:15.802+0000] {dagbag.py:588} INFO - Filling up the DagBag from /home/airflow/.local/lib/python3.12/site-packages/airflow/example_dags/example_dynamic_task_mapping.py
[2024-10-16T11:40:15.813+0000] {processor.py:925} INFO - DAG(s) 'example_dynamic_task_mapping' retrieved from /home/airflow/.local/lib/python3.12/site-packages/airflow/example_dags/example_dynamic_task_mapping.py
[2024-10-16T11:40:15.833+0000] {logging_mixin.py:190} INFO - [2024-10-16T11:40:15.832+0000] {dag.py:3239} INFO - Sync 1 DAGs
[2024-10-16T11:40:15.849+0000] {logging_mixin.py:190} INFO - [2024-10-16T11:40:15.848+0000] {dag.py:4180} INFO - Setting next_dagrun for example_dynamic_task_mapping to None, run_after=None
[2024-10-16T11:40:15.868+0000] {processor.py:208} INFO - Processing /home/airflow/.local/lib/python3.12/site-packages/airflow/example_dags/example_dynamic_task_mapping.py took 0.076 seconds
[2024-10-16T11:40:46.185+0000] {processor.py:186} INFO - Started process (PID=126929) to work on /home/airflow/.local/lib/python3.12/site-packages/airflow/example_dags/example_dynamic_task_mapping.py
[2024-10-16T11:40:46.186+0000] {processor.py:914} INFO - Processing file /home/airflow/.local/lib/python3.12/site-packages/airflow/example_dags/example_dynamic_task_mapping.py for tasks to queue
[2024-10-16T11:40:46.188+0000] {logging_mixin.py:190} INFO - [2024-10-16T11:40:46.188+0000] {dagbag.py:588} INFO - Filling up the DagBag from /home/airflow/.local/lib/python3.12/site-packages/airflow/example_dags/example_dynamic_task_mapping.py
[2024-10-16T11:40:46.198+0000] {processor.py:925} INFO - DAG(s) 'example_dynamic_task_mapping' retrieved from /home/airflow/.local/lib/python3.12/site-packages/airflow/example_dags/example_dynamic_task_mapping.py
[2024-10-16T11:40:46.217+0000] {logging_mixin.py:190} INFO - [2024-10-16T11:40:46.217+0000] {dag.py:3239} INFO - Sync 1 DAGs
[2024-10-16T11:40:46.233+0000] {logging_mixin.py:190} INFO - [2024-10-16T11:40:46.233+0000] {dag.py:4180} INFO - Setting next_dagrun for example_dynamic_task_mapping to None, run_after=None
[2024-10-16T11:40:46.251+0000] {processor.py:208} INFO - Processing /home/airflow/.local/lib/python3.12/site-packages/airflow/example_dags/example_dynamic_task_mapping.py took 0.072 seconds
[2024-10-16T11:41:16.582+0000] {processor.py:186} INFO - Started process (PID=126992) to work on /home/airflow/.local/lib/python3.12/site-packages/airflow/example_dags/example_dynamic_task_mapping.py
[2024-10-16T11:41:16.583+0000] {processor.py:914} INFO - Processing file /home/airflow/.local/lib/python3.12/site-packages/airflow/example_dags/example_dynamic_task_mapping.py for tasks to queue
[2024-10-16T11:41:16.584+0000] {logging_mixin.py:190} INFO - [2024-10-16T11:41:16.584+0000] {dagbag.py:588} INFO - Filling up the DagBag from /home/airflow/.local/lib/python3.12/site-packages/airflow/example_dags/example_dynamic_task_mapping.py
[2024-10-16T11:41:16.593+0000] {processor.py:925} INFO - DAG(s) 'example_dynamic_task_mapping' retrieved from /home/airflow/.local/lib/python3.12/site-packages/airflow/example_dags/example_dynamic_task_mapping.py
[2024-10-16T11:41:16.613+0000] {logging_mixin.py:190} INFO - [2024-10-16T11:41:16.612+0000] {dag.py:3239} INFO - Sync 1 DAGs
[2024-10-16T11:41:16.628+0000] {logging_mixin.py:190} INFO - [2024-10-16T11:41:16.628+0000] {dag.py:4180} INFO - Setting next_dagrun for example_dynamic_task_mapping to None, run_after=None
[2024-10-16T11:41:16.648+0000] {processor.py:208} INFO - Processing /home/airflow/.local/lib/python3.12/site-packages/airflow/example_dags/example_dynamic_task_mapping.py took 0.071 seconds
[2024-10-16T11:41:47.513+0000] {processor.py:186} INFO - Started process (PID=127055) to work on /home/airflow/.local/lib/python3.12/site-packages/airflow/example_dags/example_dynamic_task_mapping.py
[2024-10-16T11:41:47.515+0000] {processor.py:914} INFO - Processing file /home/airflow/.local/lib/python3.12/site-packages/airflow/example_dags/example_dynamic_task_mapping.py for tasks to queue
[2024-10-16T11:41:47.516+0000] {logging_mixin.py:190} INFO - [2024-10-16T11:41:47.516+0000] {dagbag.py:588} INFO - Filling up the DagBag from /home/airflow/.local/lib/python3.12/site-packages/airflow/example_dags/example_dynamic_task_mapping.py
[2024-10-16T11:41:47.526+0000] {processor.py:925} INFO - DAG(s) 'example_dynamic_task_mapping' retrieved from /home/airflow/.local/lib/python3.12/site-packages/airflow/example_dags/example_dynamic_task_mapping.py
[2024-10-16T11:41:47.547+0000] {logging_mixin.py:190} INFO - [2024-10-16T11:41:47.547+0000] {dag.py:3239} INFO - Sync 1 DAGs
[2024-10-16T11:41:47.562+0000] {logging_mixin.py:190} INFO - [2024-10-16T11:41:47.562+0000] {dag.py:4180} INFO - Setting next_dagrun for example_dynamic_task_mapping to None, run_after=None
[2024-10-16T11:41:47.583+0000] {processor.py:208} INFO - Processing /home/airflow/.local/lib/python3.12/site-packages/airflow/example_dags/example_dynamic_task_mapping.py took 0.077 seconds
[2024-10-16T11:42:18.556+0000] {processor.py:186} INFO - Started process (PID=127118) to work on /home/airflow/.local/lib/python3.12/site-packages/airflow/example_dags/example_dynamic_task_mapping.py
[2024-10-16T11:42:18.557+0000] {processor.py:914} INFO - Processing file /home/airflow/.local/lib/python3.12/site-packages/airflow/example_dags/example_dynamic_task_mapping.py for tasks to queue
[2024-10-16T11:42:18.558+0000] {logging_mixin.py:190} INFO - [2024-10-16T11:42:18.558+0000] {dagbag.py:588} INFO - Filling up the DagBag from /home/airflow/.local/lib/python3.12/site-packages/airflow/example_dags/example_dynamic_task_mapping.py
[2024-10-16T11:42:18.568+0000] {processor.py:925} INFO - DAG(s) 'example_dynamic_task_mapping' retrieved from /home/airflow/.local/lib/python3.12/site-packages/airflow/example_dags/example_dynamic_task_mapping.py
[2024-10-16T11:42:18.588+0000] {logging_mixin.py:190} INFO - [2024-10-16T11:42:18.587+0000] {dag.py:3239} INFO - Sync 1 DAGs
[2024-10-16T11:42:18.604+0000] {logging_mixin.py:190} INFO - [2024-10-16T11:42:18.603+0000] {dag.py:4180} INFO - Setting next_dagrun for example_dynamic_task_mapping to None, run_after=None
[2024-10-16T11:42:18.622+0000] {processor.py:208} INFO - Processing /home/airflow/.local/lib/python3.12/site-packages/airflow/example_dags/example_dynamic_task_mapping.py took 0.072 seconds
[2024-10-16T11:42:49.245+0000] {processor.py:186} INFO - Started process (PID=127181) to work on /home/airflow/.local/lib/python3.12/site-packages/airflow/example_dags/example_dynamic_task_mapping.py
[2024-10-16T11:42:49.247+0000] {processor.py:914} INFO - Processing file /home/airflow/.local/lib/python3.12/site-packages/airflow/example_dags/example_dynamic_task_mapping.py for tasks to queue
[2024-10-16T11:42:49.250+0000] {logging_mixin.py:190} INFO - [2024-10-16T11:42:49.249+0000] {dagbag.py:588} INFO - Filling up the DagBag from /home/airflow/.local/lib/python3.12/site-packages/airflow/example_dags/example_dynamic_task_mapping.py
[2024-10-16T11:42:49.265+0000] {processor.py:925} INFO - DAG(s) 'example_dynamic_task_mapping' retrieved from /home/airflow/.local/lib/python3.12/site-packages/airflow/example_dags/example_dynamic_task_mapping.py
[2024-10-16T11:42:49.294+0000] {logging_mixin.py:190} INFO - [2024-10-16T11:42:49.294+0000] {dag.py:3239} INFO - Sync 1 DAGs
[2024-10-16T11:42:49.314+0000] {logging_mixin.py:190} INFO - [2024-10-16T11:42:49.314+0000] {dag.py:4180} INFO - Setting next_dagrun for example_dynamic_task_mapping to None, run_after=None
[2024-10-16T11:42:49.349+0000] {processor.py:208} INFO - Processing /home/airflow/.local/lib/python3.12/site-packages/airflow/example_dags/example_dynamic_task_mapping.py took 0.114 seconds
[2024-10-16T11:43:19.477+0000] {processor.py:186} INFO - Started process (PID=127244) to work on /home/airflow/.local/lib/python3.12/site-packages/airflow/example_dags/example_dynamic_task_mapping.py
[2024-10-16T11:43:19.478+0000] {processor.py:914} INFO - Processing file /home/airflow/.local/lib/python3.12/site-packages/airflow/example_dags/example_dynamic_task_mapping.py for tasks to queue
[2024-10-16T11:43:19.480+0000] {logging_mixin.py:190} INFO - [2024-10-16T11:43:19.479+0000] {dagbag.py:588} INFO - Filling up the DagBag from /home/airflow/.local/lib/python3.12/site-packages/airflow/example_dags/example_dynamic_task_mapping.py
[2024-10-16T11:43:19.490+0000] {processor.py:925} INFO - DAG(s) 'example_dynamic_task_mapping' retrieved from /home/airflow/.local/lib/python3.12/site-packages/airflow/example_dags/example_dynamic_task_mapping.py
[2024-10-16T11:43:19.510+0000] {logging_mixin.py:190} INFO - [2024-10-16T11:43:19.510+0000] {dag.py:3239} INFO - Sync 1 DAGs
[2024-10-16T11:43:19.525+0000] {logging_mixin.py:190} INFO - [2024-10-16T11:43:19.525+0000] {dag.py:4180} INFO - Setting next_dagrun for example_dynamic_task_mapping to None, run_after=None
[2024-10-16T11:43:19.544+0000] {processor.py:208} INFO - Processing /home/airflow/.local/lib/python3.12/site-packages/airflow/example_dags/example_dynamic_task_mapping.py took 0.074 seconds
[2024-10-16T11:43:50.056+0000] {processor.py:186} INFO - Started process (PID=127307) to work on /home/airflow/.local/lib/python3.12/site-packages/airflow/example_dags/example_dynamic_task_mapping.py
[2024-10-16T11:43:50.057+0000] {processor.py:914} INFO - Processing file /home/airflow/.local/lib/python3.12/site-packages/airflow/example_dags/example_dynamic_task_mapping.py for tasks to queue
[2024-10-16T11:43:50.058+0000] {logging_mixin.py:190} INFO - [2024-10-16T11:43:50.058+0000] {dagbag.py:588} INFO - Filling up the DagBag from /home/airflow/.local/lib/python3.12/site-packages/airflow/example_dags/example_dynamic_task_mapping.py
[2024-10-16T11:43:50.068+0000] {processor.py:925} INFO - DAG(s) 'example_dynamic_task_mapping' retrieved from /home/airflow/.local/lib/python3.12/site-packages/airflow/example_dags/example_dynamic_task_mapping.py
[2024-10-16T11:43:50.090+0000] {logging_mixin.py:190} INFO - [2024-10-16T11:43:50.090+0000] {dag.py:3239} INFO - Sync 1 DAGs
[2024-10-16T11:43:50.105+0000] {logging_mixin.py:190} INFO - [2024-10-16T11:43:50.105+0000] {dag.py:4180} INFO - Setting next_dagrun for example_dynamic_task_mapping to None, run_after=None
[2024-10-16T11:43:50.124+0000] {processor.py:208} INFO - Processing /home/airflow/.local/lib/python3.12/site-packages/airflow/example_dags/example_dynamic_task_mapping.py took 0.075 seconds
[2024-10-16T11:44:21.503+0000] {processor.py:186} INFO - Started process (PID=127371) to work on /home/airflow/.local/lib/python3.12/site-packages/airflow/example_dags/example_dynamic_task_mapping.py
[2024-10-16T11:44:21.504+0000] {processor.py:914} INFO - Processing file /home/airflow/.local/lib/python3.12/site-packages/airflow/example_dags/example_dynamic_task_mapping.py for tasks to queue
[2024-10-16T11:44:21.506+0000] {logging_mixin.py:190} INFO - [2024-10-16T11:44:21.505+0000] {dagbag.py:588} INFO - Filling up the DagBag from /home/airflow/.local/lib/python3.12/site-packages/airflow/example_dags/example_dynamic_task_mapping.py
[2024-10-16T11:44:21.517+0000] {processor.py:925} INFO - DAG(s) 'example_dynamic_task_mapping' retrieved from /home/airflow/.local/lib/python3.12/site-packages/airflow/example_dags/example_dynamic_task_mapping.py
[2024-10-16T11:44:21.538+0000] {logging_mixin.py:190} INFO - [2024-10-16T11:44:21.538+0000] {dag.py:3239} INFO - Sync 1 DAGs
[2024-10-16T11:44:21.554+0000] {logging_mixin.py:190} INFO - [2024-10-16T11:44:21.554+0000] {dag.py:4180} INFO - Setting next_dagrun for example_dynamic_task_mapping to None, run_after=None
[2024-10-16T11:44:21.572+0000] {processor.py:208} INFO - Processing /home/airflow/.local/lib/python3.12/site-packages/airflow/example_dags/example_dynamic_task_mapping.py took 0.080 seconds
[2024-10-16T11:44:51.956+0000] {processor.py:186} INFO - Started process (PID=127434) to work on /home/airflow/.local/lib/python3.12/site-packages/airflow/example_dags/example_dynamic_task_mapping.py
[2024-10-16T11:44:51.957+0000] {processor.py:914} INFO - Processing file /home/airflow/.local/lib/python3.12/site-packages/airflow/example_dags/example_dynamic_task_mapping.py for tasks to queue
[2024-10-16T11:44:51.959+0000] {logging_mixin.py:190} INFO - [2024-10-16T11:44:51.958+0000] {dagbag.py:588} INFO - Filling up the DagBag from /home/airflow/.local/lib/python3.12/site-packages/airflow/example_dags/example_dynamic_task_mapping.py
[2024-10-16T11:44:51.970+0000] {processor.py:925} INFO - DAG(s) 'example_dynamic_task_mapping' retrieved from /home/airflow/.local/lib/python3.12/site-packages/airflow/example_dags/example_dynamic_task_mapping.py
[2024-10-16T11:44:51.990+0000] {logging_mixin.py:190} INFO - [2024-10-16T11:44:51.990+0000] {dag.py:3239} INFO - Sync 1 DAGs
[2024-10-16T11:44:52.006+0000] {logging_mixin.py:190} INFO - [2024-10-16T11:44:52.006+0000] {dag.py:4180} INFO - Setting next_dagrun for example_dynamic_task_mapping to None, run_after=None
[2024-10-16T11:44:52.026+0000] {processor.py:208} INFO - Processing /home/airflow/.local/lib/python3.12/site-packages/airflow/example_dags/example_dynamic_task_mapping.py took 0.078 seconds
[2024-10-16T11:45:23.576+0000] {processor.py:186} INFO - Started process (PID=127497) to work on /home/airflow/.local/lib/python3.12/site-packages/airflow/example_dags/example_dynamic_task_mapping.py
[2024-10-16T11:45:23.577+0000] {processor.py:914} INFO - Processing file /home/airflow/.local/lib/python3.12/site-packages/airflow/example_dags/example_dynamic_task_mapping.py for tasks to queue
[2024-10-16T11:45:23.579+0000] {logging_mixin.py:190} INFO - [2024-10-16T11:45:23.578+0000] {dagbag.py:588} INFO - Filling up the DagBag from /home/airflow/.local/lib/python3.12/site-packages/airflow/example_dags/example_dynamic_task_mapping.py
[2024-10-16T11:45:23.592+0000] {processor.py:925} INFO - DAG(s) 'example_dynamic_task_mapping' retrieved from /home/airflow/.local/lib/python3.12/site-packages/airflow/example_dags/example_dynamic_task_mapping.py
[2024-10-16T11:45:23.617+0000] {logging_mixin.py:190} INFO - [2024-10-16T11:45:23.617+0000] {dag.py:3239} INFO - Sync 1 DAGs
[2024-10-16T11:45:23.637+0000] {logging_mixin.py:190} INFO - [2024-10-16T11:45:23.637+0000] {dag.py:4180} INFO - Setting next_dagrun for example_dynamic_task_mapping to None, run_after=None
[2024-10-16T11:45:23.659+0000] {processor.py:208} INFO - Processing /home/airflow/.local/lib/python3.12/site-packages/airflow/example_dags/example_dynamic_task_mapping.py took 0.092 seconds
[2024-10-16T11:45:55.929+0000] {processor.py:186} INFO - Started process (PID=127561) to work on /home/airflow/.local/lib/python3.12/site-packages/airflow/example_dags/example_dynamic_task_mapping.py
[2024-10-16T11:45:55.930+0000] {processor.py:914} INFO - Processing file /home/airflow/.local/lib/python3.12/site-packages/airflow/example_dags/example_dynamic_task_mapping.py for tasks to queue
[2024-10-16T11:45:55.932+0000] {logging_mixin.py:190} INFO - [2024-10-16T11:45:55.931+0000] {dagbag.py:588} INFO - Filling up the DagBag from /home/airflow/.local/lib/python3.12/site-packages/airflow/example_dags/example_dynamic_task_mapping.py
[2024-10-16T11:45:55.944+0000] {processor.py:925} INFO - DAG(s) 'example_dynamic_task_mapping' retrieved from /home/airflow/.local/lib/python3.12/site-packages/airflow/example_dags/example_dynamic_task_mapping.py
[2024-10-16T11:45:55.971+0000] {logging_mixin.py:190} INFO - [2024-10-16T11:45:55.970+0000] {dag.py:3239} INFO - Sync 1 DAGs
[2024-10-16T11:45:55.991+0000] {logging_mixin.py:190} INFO - [2024-10-16T11:45:55.991+0000] {dag.py:4180} INFO - Setting next_dagrun for example_dynamic_task_mapping to None, run_after=None
[2024-10-16T11:45:56.016+0000] {processor.py:208} INFO - Processing /home/airflow/.local/lib/python3.12/site-packages/airflow/example_dags/example_dynamic_task_mapping.py took 0.096 seconds
