[2024-10-16T11:30:10.867+0000] {processor.py:186} INFO - Started process (PID=125617) to work on /home/airflow/.local/lib/python3.12/site-packages/airflow/example_dags/example_dataset_alias_with_no_taskflow.py
[2024-10-16T11:30:10.868+0000] {processor.py:914} INFO - Processing file /home/airflow/.local/lib/python3.12/site-packages/airflow/example_dags/example_dataset_alias_with_no_taskflow.py for tasks to queue
[2024-10-16T11:30:10.870+0000] {logging_mixin.py:190} INFO - [2024-10-16T11:30:10.869+0000] {dagbag.py:588} INFO - Filling up the DagBag from /home/airflow/.local/lib/python3.12/site-packages/airflow/example_dags/example_dataset_alias_with_no_taskflow.py
[2024-10-16T11:30:11.033+0000] {processor.py:925} INFO - DAG(s) 'dataset_alias_example_alias_consumer_with_no_taskflow', 'dataset_s3_bucket_consumer_with_no_taskflow', 'dataset_s3_bucket_producer_with_no_taskflow', 'dataset_alias_example_alias_producer_with_no_taskflow' retrieved from /home/airflow/.local/lib/python3.12/site-packages/airflow/example_dags/example_dataset_alias_with_no_taskflow.py
[2024-10-16T11:30:11.202+0000] {logging_mixin.py:190} INFO - [2024-10-16T11:30:11.202+0000] {dag.py:3239} INFO - Sync 4 DAGs
[2024-10-16T11:30:11.228+0000] {logging_mixin.py:190} INFO - [2024-10-16T11:30:11.228+0000] {dag.py:4180} INFO - Setting next_dagrun for dataset_alias_example_alias_consumer_with_no_taskflow to None, run_after=None
[2024-10-16T11:30:11.231+0000] {logging_mixin.py:190} INFO - [2024-10-16T11:30:11.231+0000] {dag.py:4180} INFO - Setting next_dagrun for dataset_alias_example_alias_producer_with_no_taskflow to None, run_after=None
[2024-10-16T11:30:11.232+0000] {logging_mixin.py:190} INFO - [2024-10-16T11:30:11.232+0000] {dag.py:4180} INFO - Setting next_dagrun for dataset_s3_bucket_consumer_with_no_taskflow to None, run_after=None
[2024-10-16T11:30:11.234+0000] {logging_mixin.py:190} INFO - [2024-10-16T11:30:11.234+0000] {dag.py:4180} INFO - Setting next_dagrun for dataset_s3_bucket_producer_with_no_taskflow to None, run_after=None
[2024-10-16T11:30:11.258+0000] {processor.py:208} INFO - Processing /home/airflow/.local/lib/python3.12/site-packages/airflow/example_dags/example_dataset_alias_with_no_taskflow.py took 0.397 seconds
[2024-10-16T11:30:41.596+0000] {processor.py:186} INFO - Started process (PID=125681) to work on /home/airflow/.local/lib/python3.12/site-packages/airflow/example_dags/example_dataset_alias_with_no_taskflow.py
[2024-10-16T11:30:41.597+0000] {processor.py:914} INFO - Processing file /home/airflow/.local/lib/python3.12/site-packages/airflow/example_dags/example_dataset_alias_with_no_taskflow.py for tasks to queue
[2024-10-16T11:30:41.599+0000] {logging_mixin.py:190} INFO - [2024-10-16T11:30:41.598+0000] {dagbag.py:588} INFO - Filling up the DagBag from /home/airflow/.local/lib/python3.12/site-packages/airflow/example_dags/example_dataset_alias_with_no_taskflow.py
[2024-10-16T11:30:41.768+0000] {processor.py:925} INFO - DAG(s) 'dataset_s3_bucket_producer_with_no_taskflow', 'dataset_alias_example_alias_producer_with_no_taskflow', 'dataset_s3_bucket_consumer_with_no_taskflow', 'dataset_alias_example_alias_consumer_with_no_taskflow' retrieved from /home/airflow/.local/lib/python3.12/site-packages/airflow/example_dags/example_dataset_alias_with_no_taskflow.py
[2024-10-16T11:30:41.789+0000] {logging_mixin.py:190} INFO - [2024-10-16T11:30:41.789+0000] {dag.py:3239} INFO - Sync 4 DAGs
[2024-10-16T11:30:41.812+0000] {logging_mixin.py:190} INFO - [2024-10-16T11:30:41.812+0000] {dag.py:4180} INFO - Setting next_dagrun for dataset_alias_example_alias_consumer_with_no_taskflow to None, run_after=None
[2024-10-16T11:30:41.815+0000] {logging_mixin.py:190} INFO - [2024-10-16T11:30:41.814+0000] {dag.py:4180} INFO - Setting next_dagrun for dataset_alias_example_alias_producer_with_no_taskflow to None, run_after=None
[2024-10-16T11:30:41.816+0000] {logging_mixin.py:190} INFO - [2024-10-16T11:30:41.816+0000] {dag.py:4180} INFO - Setting next_dagrun for dataset_s3_bucket_consumer_with_no_taskflow to None, run_after=None
[2024-10-16T11:30:41.818+0000] {logging_mixin.py:190} INFO - [2024-10-16T11:30:41.817+0000] {dag.py:4180} INFO - Setting next_dagrun for dataset_s3_bucket_producer_with_no_taskflow to None, run_after=None
[2024-10-16T11:30:41.841+0000] {processor.py:208} INFO - Processing /home/airflow/.local/lib/python3.12/site-packages/airflow/example_dags/example_dataset_alias_with_no_taskflow.py took 0.251 seconds
[2024-10-16T11:31:12.390+0000] {processor.py:186} INFO - Started process (PID=125744) to work on /home/airflow/.local/lib/python3.12/site-packages/airflow/example_dags/example_dataset_alias_with_no_taskflow.py
[2024-10-16T11:31:12.391+0000] {processor.py:914} INFO - Processing file /home/airflow/.local/lib/python3.12/site-packages/airflow/example_dags/example_dataset_alias_with_no_taskflow.py for tasks to queue
[2024-10-16T11:31:12.392+0000] {logging_mixin.py:190} INFO - [2024-10-16T11:31:12.392+0000] {dagbag.py:588} INFO - Filling up the DagBag from /home/airflow/.local/lib/python3.12/site-packages/airflow/example_dags/example_dataset_alias_with_no_taskflow.py
[2024-10-16T11:31:12.531+0000] {processor.py:925} INFO - DAG(s) 'dataset_s3_bucket_producer_with_no_taskflow', 'dataset_s3_bucket_consumer_with_no_taskflow', 'dataset_alias_example_alias_producer_with_no_taskflow', 'dataset_alias_example_alias_consumer_with_no_taskflow' retrieved from /home/airflow/.local/lib/python3.12/site-packages/airflow/example_dags/example_dataset_alias_with_no_taskflow.py
[2024-10-16T11:31:12.550+0000] {logging_mixin.py:190} INFO - [2024-10-16T11:31:12.550+0000] {dag.py:3239} INFO - Sync 4 DAGs
[2024-10-16T11:31:12.572+0000] {logging_mixin.py:190} INFO - [2024-10-16T11:31:12.571+0000] {dag.py:4180} INFO - Setting next_dagrun for dataset_alias_example_alias_consumer_with_no_taskflow to None, run_after=None
[2024-10-16T11:31:12.574+0000] {logging_mixin.py:190} INFO - [2024-10-16T11:31:12.574+0000] {dag.py:4180} INFO - Setting next_dagrun for dataset_alias_example_alias_producer_with_no_taskflow to None, run_after=None
[2024-10-16T11:31:12.575+0000] {logging_mixin.py:190} INFO - [2024-10-16T11:31:12.575+0000] {dag.py:4180} INFO - Setting next_dagrun for dataset_s3_bucket_consumer_with_no_taskflow to None, run_after=None
[2024-10-16T11:31:12.577+0000] {logging_mixin.py:190} INFO - [2024-10-16T11:31:12.577+0000] {dag.py:4180} INFO - Setting next_dagrun for dataset_s3_bucket_producer_with_no_taskflow to None, run_after=None
[2024-10-16T11:31:12.597+0000] {processor.py:208} INFO - Processing /home/airflow/.local/lib/python3.12/site-packages/airflow/example_dags/example_dataset_alias_with_no_taskflow.py took 0.213 seconds
[2024-10-16T11:31:42.743+0000] {processor.py:186} INFO - Started process (PID=125807) to work on /home/airflow/.local/lib/python3.12/site-packages/airflow/example_dags/example_dataset_alias_with_no_taskflow.py
[2024-10-16T11:31:42.744+0000] {processor.py:914} INFO - Processing file /home/airflow/.local/lib/python3.12/site-packages/airflow/example_dags/example_dataset_alias_with_no_taskflow.py for tasks to queue
[2024-10-16T11:31:42.746+0000] {logging_mixin.py:190} INFO - [2024-10-16T11:31:42.745+0000] {dagbag.py:588} INFO - Filling up the DagBag from /home/airflow/.local/lib/python3.12/site-packages/airflow/example_dags/example_dataset_alias_with_no_taskflow.py
[2024-10-16T11:31:42.871+0000] {processor.py:925} INFO - DAG(s) 'dataset_s3_bucket_consumer_with_no_taskflow', 'dataset_s3_bucket_producer_with_no_taskflow', 'dataset_alias_example_alias_consumer_with_no_taskflow', 'dataset_alias_example_alias_producer_with_no_taskflow' retrieved from /home/airflow/.local/lib/python3.12/site-packages/airflow/example_dags/example_dataset_alias_with_no_taskflow.py
[2024-10-16T11:31:42.888+0000] {logging_mixin.py:190} INFO - [2024-10-16T11:31:42.888+0000] {dag.py:3239} INFO - Sync 4 DAGs
[2024-10-16T11:31:42.908+0000] {logging_mixin.py:190} INFO - [2024-10-16T11:31:42.908+0000] {dag.py:4180} INFO - Setting next_dagrun for dataset_alias_example_alias_consumer_with_no_taskflow to None, run_after=None
[2024-10-16T11:31:42.911+0000] {logging_mixin.py:190} INFO - [2024-10-16T11:31:42.911+0000] {dag.py:4180} INFO - Setting next_dagrun for dataset_alias_example_alias_producer_with_no_taskflow to None, run_after=None
[2024-10-16T11:31:42.912+0000] {logging_mixin.py:190} INFO - [2024-10-16T11:31:42.912+0000] {dag.py:4180} INFO - Setting next_dagrun for dataset_s3_bucket_consumer_with_no_taskflow to None, run_after=None
[2024-10-16T11:31:42.913+0000] {logging_mixin.py:190} INFO - [2024-10-16T11:31:42.913+0000] {dag.py:4180} INFO - Setting next_dagrun for dataset_s3_bucket_producer_with_no_taskflow to None, run_after=None
[2024-10-16T11:31:42.935+0000] {processor.py:208} INFO - Processing /home/airflow/.local/lib/python3.12/site-packages/airflow/example_dags/example_dataset_alias_with_no_taskflow.py took 0.197 seconds
[2024-10-16T11:32:13.435+0000] {processor.py:186} INFO - Started process (PID=125870) to work on /home/airflow/.local/lib/python3.12/site-packages/airflow/example_dags/example_dataset_alias_with_no_taskflow.py
[2024-10-16T11:32:13.435+0000] {processor.py:914} INFO - Processing file /home/airflow/.local/lib/python3.12/site-packages/airflow/example_dags/example_dataset_alias_with_no_taskflow.py for tasks to queue
[2024-10-16T11:32:13.437+0000] {logging_mixin.py:190} INFO - [2024-10-16T11:32:13.436+0000] {dagbag.py:588} INFO - Filling up the DagBag from /home/airflow/.local/lib/python3.12/site-packages/airflow/example_dags/example_dataset_alias_with_no_taskflow.py
[2024-10-16T11:32:13.585+0000] {processor.py:925} INFO - DAG(s) 'dataset_alias_example_alias_producer_with_no_taskflow', 'dataset_s3_bucket_producer_with_no_taskflow', 'dataset_s3_bucket_consumer_with_no_taskflow', 'dataset_alias_example_alias_consumer_with_no_taskflow' retrieved from /home/airflow/.local/lib/python3.12/site-packages/airflow/example_dags/example_dataset_alias_with_no_taskflow.py
[2024-10-16T11:32:13.614+0000] {logging_mixin.py:190} INFO - [2024-10-16T11:32:13.613+0000] {dag.py:3239} INFO - Sync 4 DAGs
[2024-10-16T11:32:13.640+0000] {logging_mixin.py:190} INFO - [2024-10-16T11:32:13.640+0000] {dag.py:4180} INFO - Setting next_dagrun for dataset_alias_example_alias_consumer_with_no_taskflow to None, run_after=None
[2024-10-16T11:32:13.643+0000] {logging_mixin.py:190} INFO - [2024-10-16T11:32:13.643+0000] {dag.py:4180} INFO - Setting next_dagrun for dataset_alias_example_alias_producer_with_no_taskflow to None, run_after=None
[2024-10-16T11:32:13.645+0000] {logging_mixin.py:190} INFO - [2024-10-16T11:32:13.645+0000] {dag.py:4180} INFO - Setting next_dagrun for dataset_s3_bucket_consumer_with_no_taskflow to None, run_after=None
[2024-10-16T11:32:13.646+0000] {logging_mixin.py:190} INFO - [2024-10-16T11:32:13.646+0000] {dag.py:4180} INFO - Setting next_dagrun for dataset_s3_bucket_producer_with_no_taskflow to None, run_after=None
[2024-10-16T11:32:13.668+0000] {processor.py:208} INFO - Processing /home/airflow/.local/lib/python3.12/site-packages/airflow/example_dags/example_dataset_alias_with_no_taskflow.py took 0.240 seconds
[2024-10-16T11:32:44.155+0000] {processor.py:186} INFO - Started process (PID=125939) to work on /home/airflow/.local/lib/python3.12/site-packages/airflow/example_dags/example_dataset_alias_with_no_taskflow.py
[2024-10-16T11:32:44.156+0000] {processor.py:914} INFO - Processing file /home/airflow/.local/lib/python3.12/site-packages/airflow/example_dags/example_dataset_alias_with_no_taskflow.py for tasks to queue
[2024-10-16T11:32:44.157+0000] {logging_mixin.py:190} INFO - [2024-10-16T11:32:44.157+0000] {dagbag.py:588} INFO - Filling up the DagBag from /home/airflow/.local/lib/python3.12/site-packages/airflow/example_dags/example_dataset_alias_with_no_taskflow.py
[2024-10-16T11:32:44.287+0000] {processor.py:925} INFO - DAG(s) 'dataset_alias_example_alias_producer_with_no_taskflow', 'dataset_alias_example_alias_consumer_with_no_taskflow', 'dataset_s3_bucket_consumer_with_no_taskflow', 'dataset_s3_bucket_producer_with_no_taskflow' retrieved from /home/airflow/.local/lib/python3.12/site-packages/airflow/example_dags/example_dataset_alias_with_no_taskflow.py
[2024-10-16T11:32:44.307+0000] {logging_mixin.py:190} INFO - [2024-10-16T11:32:44.307+0000] {dag.py:3239} INFO - Sync 4 DAGs
[2024-10-16T11:32:44.328+0000] {logging_mixin.py:190} INFO - [2024-10-16T11:32:44.328+0000] {dag.py:4180} INFO - Setting next_dagrun for dataset_alias_example_alias_consumer_with_no_taskflow to None, run_after=None
[2024-10-16T11:32:44.330+0000] {logging_mixin.py:190} INFO - [2024-10-16T11:32:44.330+0000] {dag.py:4180} INFO - Setting next_dagrun for dataset_alias_example_alias_producer_with_no_taskflow to None, run_after=None
[2024-10-16T11:32:44.332+0000] {logging_mixin.py:190} INFO - [2024-10-16T11:32:44.331+0000] {dag.py:4180} INFO - Setting next_dagrun for dataset_s3_bucket_consumer_with_no_taskflow to None, run_after=None
[2024-10-16T11:32:44.333+0000] {logging_mixin.py:190} INFO - [2024-10-16T11:32:44.333+0000] {dag.py:4180} INFO - Setting next_dagrun for dataset_s3_bucket_producer_with_no_taskflow to None, run_after=None
[2024-10-16T11:32:44.353+0000] {processor.py:208} INFO - Processing /home/airflow/.local/lib/python3.12/site-packages/airflow/example_dags/example_dataset_alias_with_no_taskflow.py took 0.203 seconds
[2024-10-16T11:33:14.991+0000] {processor.py:186} INFO - Started process (PID=126002) to work on /home/airflow/.local/lib/python3.12/site-packages/airflow/example_dags/example_dataset_alias_with_no_taskflow.py
[2024-10-16T11:33:14.992+0000] {processor.py:914} INFO - Processing file /home/airflow/.local/lib/python3.12/site-packages/airflow/example_dags/example_dataset_alias_with_no_taskflow.py for tasks to queue
[2024-10-16T11:33:14.993+0000] {logging_mixin.py:190} INFO - [2024-10-16T11:33:14.993+0000] {dagbag.py:588} INFO - Filling up the DagBag from /home/airflow/.local/lib/python3.12/site-packages/airflow/example_dags/example_dataset_alias_with_no_taskflow.py
[2024-10-16T11:33:15.136+0000] {processor.py:925} INFO - DAG(s) 'dataset_alias_example_alias_producer_with_no_taskflow', 'dataset_s3_bucket_producer_with_no_taskflow', 'dataset_s3_bucket_consumer_with_no_taskflow', 'dataset_alias_example_alias_consumer_with_no_taskflow' retrieved from /home/airflow/.local/lib/python3.12/site-packages/airflow/example_dags/example_dataset_alias_with_no_taskflow.py
[2024-10-16T11:33:15.156+0000] {logging_mixin.py:190} INFO - [2024-10-16T11:33:15.155+0000] {dag.py:3239} INFO - Sync 4 DAGs
[2024-10-16T11:33:15.258+0000] {logging_mixin.py:190} INFO - [2024-10-16T11:33:15.257+0000] {dag.py:4180} INFO - Setting next_dagrun for dataset_alias_example_alias_consumer_with_no_taskflow to None, run_after=None
[2024-10-16T11:33:15.275+0000] {logging_mixin.py:190} INFO - [2024-10-16T11:33:15.274+0000] {dag.py:4180} INFO - Setting next_dagrun for dataset_alias_example_alias_producer_with_no_taskflow to None, run_after=None
[2024-10-16T11:33:15.281+0000] {logging_mixin.py:190} INFO - [2024-10-16T11:33:15.280+0000] {dag.py:4180} INFO - Setting next_dagrun for dataset_s3_bucket_consumer_with_no_taskflow to None, run_after=None
[2024-10-16T11:33:15.291+0000] {logging_mixin.py:190} INFO - [2024-10-16T11:33:15.289+0000] {dag.py:4180} INFO - Setting next_dagrun for dataset_s3_bucket_producer_with_no_taskflow to None, run_after=None
[2024-10-16T11:33:15.332+0000] {processor.py:208} INFO - Processing /home/airflow/.local/lib/python3.12/site-packages/airflow/example_dags/example_dataset_alias_with_no_taskflow.py took 0.346 seconds
[2024-10-16T11:33:46.135+0000] {processor.py:186} INFO - Started process (PID=126065) to work on /home/airflow/.local/lib/python3.12/site-packages/airflow/example_dags/example_dataset_alias_with_no_taskflow.py
[2024-10-16T11:33:46.136+0000] {processor.py:914} INFO - Processing file /home/airflow/.local/lib/python3.12/site-packages/airflow/example_dags/example_dataset_alias_with_no_taskflow.py for tasks to queue
[2024-10-16T11:33:46.137+0000] {logging_mixin.py:190} INFO - [2024-10-16T11:33:46.136+0000] {dagbag.py:588} INFO - Filling up the DagBag from /home/airflow/.local/lib/python3.12/site-packages/airflow/example_dags/example_dataset_alias_with_no_taskflow.py
[2024-10-16T11:33:46.266+0000] {processor.py:925} INFO - DAG(s) 'dataset_alias_example_alias_producer_with_no_taskflow', 'dataset_s3_bucket_consumer_with_no_taskflow', 'dataset_s3_bucket_producer_with_no_taskflow', 'dataset_alias_example_alias_consumer_with_no_taskflow' retrieved from /home/airflow/.local/lib/python3.12/site-packages/airflow/example_dags/example_dataset_alias_with_no_taskflow.py
[2024-10-16T11:33:46.284+0000] {logging_mixin.py:190} INFO - [2024-10-16T11:33:46.284+0000] {dag.py:3239} INFO - Sync 4 DAGs
[2024-10-16T11:33:46.309+0000] {logging_mixin.py:190} INFO - [2024-10-16T11:33:46.309+0000] {dag.py:4180} INFO - Setting next_dagrun for dataset_alias_example_alias_consumer_with_no_taskflow to None, run_after=None
[2024-10-16T11:33:46.315+0000] {logging_mixin.py:190} INFO - [2024-10-16T11:33:46.314+0000] {dag.py:4180} INFO - Setting next_dagrun for dataset_alias_example_alias_producer_with_no_taskflow to None, run_after=None
[2024-10-16T11:33:46.318+0000] {logging_mixin.py:190} INFO - [2024-10-16T11:33:46.317+0000] {dag.py:4180} INFO - Setting next_dagrun for dataset_s3_bucket_consumer_with_no_taskflow to None, run_after=None
[2024-10-16T11:33:46.319+0000] {logging_mixin.py:190} INFO - [2024-10-16T11:33:46.319+0000] {dag.py:4180} INFO - Setting next_dagrun for dataset_s3_bucket_producer_with_no_taskflow to None, run_after=None
[2024-10-16T11:33:46.340+0000] {processor.py:208} INFO - Processing /home/airflow/.local/lib/python3.12/site-packages/airflow/example_dags/example_dataset_alias_with_no_taskflow.py took 0.211 seconds
[2024-10-16T11:34:16.656+0000] {processor.py:186} INFO - Started process (PID=126129) to work on /home/airflow/.local/lib/python3.12/site-packages/airflow/example_dags/example_dataset_alias_with_no_taskflow.py
[2024-10-16T11:34:16.657+0000] {processor.py:914} INFO - Processing file /home/airflow/.local/lib/python3.12/site-packages/airflow/example_dags/example_dataset_alias_with_no_taskflow.py for tasks to queue
[2024-10-16T11:34:16.658+0000] {logging_mixin.py:190} INFO - [2024-10-16T11:34:16.658+0000] {dagbag.py:588} INFO - Filling up the DagBag from /home/airflow/.local/lib/python3.12/site-packages/airflow/example_dags/example_dataset_alias_with_no_taskflow.py
[2024-10-16T11:34:16.794+0000] {processor.py:925} INFO - DAG(s) 'dataset_alias_example_alias_producer_with_no_taskflow', 'dataset_s3_bucket_consumer_with_no_taskflow', 'dataset_alias_example_alias_consumer_with_no_taskflow', 'dataset_s3_bucket_producer_with_no_taskflow' retrieved from /home/airflow/.local/lib/python3.12/site-packages/airflow/example_dags/example_dataset_alias_with_no_taskflow.py
[2024-10-16T11:34:16.816+0000] {logging_mixin.py:190} INFO - [2024-10-16T11:34:16.815+0000] {dag.py:3239} INFO - Sync 4 DAGs
[2024-10-16T11:34:16.840+0000] {logging_mixin.py:190} INFO - [2024-10-16T11:34:16.840+0000] {dag.py:4180} INFO - Setting next_dagrun for dataset_alias_example_alias_consumer_with_no_taskflow to None, run_after=None
[2024-10-16T11:34:16.843+0000] {logging_mixin.py:190} INFO - [2024-10-16T11:34:16.842+0000] {dag.py:4180} INFO - Setting next_dagrun for dataset_alias_example_alias_producer_with_no_taskflow to None, run_after=None
[2024-10-16T11:34:16.844+0000] {logging_mixin.py:190} INFO - [2024-10-16T11:34:16.844+0000] {dag.py:4180} INFO - Setting next_dagrun for dataset_s3_bucket_consumer_with_no_taskflow to None, run_after=None
[2024-10-16T11:34:16.845+0000] {logging_mixin.py:190} INFO - [2024-10-16T11:34:16.845+0000] {dag.py:4180} INFO - Setting next_dagrun for dataset_s3_bucket_producer_with_no_taskflow to None, run_after=None
[2024-10-16T11:34:16.864+0000] {processor.py:208} INFO - Processing /home/airflow/.local/lib/python3.12/site-packages/airflow/example_dags/example_dataset_alias_with_no_taskflow.py took 0.214 seconds
[2024-10-16T11:34:46.909+0000] {processor.py:186} INFO - Started process (PID=126192) to work on /home/airflow/.local/lib/python3.12/site-packages/airflow/example_dags/example_dataset_alias_with_no_taskflow.py
[2024-10-16T11:34:46.910+0000] {processor.py:914} INFO - Processing file /home/airflow/.local/lib/python3.12/site-packages/airflow/example_dags/example_dataset_alias_with_no_taskflow.py for tasks to queue
[2024-10-16T11:34:46.911+0000] {logging_mixin.py:190} INFO - [2024-10-16T11:34:46.911+0000] {dagbag.py:588} INFO - Filling up the DagBag from /home/airflow/.local/lib/python3.12/site-packages/airflow/example_dags/example_dataset_alias_with_no_taskflow.py
[2024-10-16T11:34:47.058+0000] {processor.py:925} INFO - DAG(s) 'dataset_alias_example_alias_producer_with_no_taskflow', 'dataset_alias_example_alias_consumer_with_no_taskflow', 'dataset_s3_bucket_consumer_with_no_taskflow', 'dataset_s3_bucket_producer_with_no_taskflow' retrieved from /home/airflow/.local/lib/python3.12/site-packages/airflow/example_dags/example_dataset_alias_with_no_taskflow.py
[2024-10-16T11:34:47.076+0000] {logging_mixin.py:190} INFO - [2024-10-16T11:34:47.076+0000] {dag.py:3239} INFO - Sync 4 DAGs
[2024-10-16T11:34:47.098+0000] {logging_mixin.py:190} INFO - [2024-10-16T11:34:47.098+0000] {dag.py:4180} INFO - Setting next_dagrun for dataset_alias_example_alias_consumer_with_no_taskflow to None, run_after=None
[2024-10-16T11:34:47.101+0000] {logging_mixin.py:190} INFO - [2024-10-16T11:34:47.101+0000] {dag.py:4180} INFO - Setting next_dagrun for dataset_alias_example_alias_producer_with_no_taskflow to None, run_after=None
[2024-10-16T11:34:47.102+0000] {logging_mixin.py:190} INFO - [2024-10-16T11:34:47.102+0000] {dag.py:4180} INFO - Setting next_dagrun for dataset_s3_bucket_consumer_with_no_taskflow to None, run_after=None
[2024-10-16T11:34:47.103+0000] {logging_mixin.py:190} INFO - [2024-10-16T11:34:47.103+0000] {dag.py:4180} INFO - Setting next_dagrun for dataset_s3_bucket_producer_with_no_taskflow to None, run_after=None
[2024-10-16T11:34:47.122+0000] {processor.py:208} INFO - Processing /home/airflow/.local/lib/python3.12/site-packages/airflow/example_dags/example_dataset_alias_with_no_taskflow.py took 0.221 seconds
[2024-10-16T11:35:17.684+0000] {processor.py:186} INFO - Started process (PID=126255) to work on /home/airflow/.local/lib/python3.12/site-packages/airflow/example_dags/example_dataset_alias_with_no_taskflow.py
[2024-10-16T11:35:17.685+0000] {processor.py:914} INFO - Processing file /home/airflow/.local/lib/python3.12/site-packages/airflow/example_dags/example_dataset_alias_with_no_taskflow.py for tasks to queue
[2024-10-16T11:35:17.686+0000] {logging_mixin.py:190} INFO - [2024-10-16T11:35:17.686+0000] {dagbag.py:588} INFO - Filling up the DagBag from /home/airflow/.local/lib/python3.12/site-packages/airflow/example_dags/example_dataset_alias_with_no_taskflow.py
[2024-10-16T11:35:17.815+0000] {processor.py:925} INFO - DAG(s) 'dataset_alias_example_alias_consumer_with_no_taskflow', 'dataset_s3_bucket_producer_with_no_taskflow', 'dataset_alias_example_alias_producer_with_no_taskflow', 'dataset_s3_bucket_consumer_with_no_taskflow' retrieved from /home/airflow/.local/lib/python3.12/site-packages/airflow/example_dags/example_dataset_alias_with_no_taskflow.py
[2024-10-16T11:35:17.833+0000] {logging_mixin.py:190} INFO - [2024-10-16T11:35:17.832+0000] {dag.py:3239} INFO - Sync 4 DAGs
[2024-10-16T11:35:17.851+0000] {logging_mixin.py:190} INFO - [2024-10-16T11:35:17.851+0000] {dag.py:4180} INFO - Setting next_dagrun for dataset_alias_example_alias_consumer_with_no_taskflow to None, run_after=None
[2024-10-16T11:35:17.855+0000] {logging_mixin.py:190} INFO - [2024-10-16T11:35:17.855+0000] {dag.py:4180} INFO - Setting next_dagrun for dataset_alias_example_alias_producer_with_no_taskflow to None, run_after=None
[2024-10-16T11:35:17.856+0000] {logging_mixin.py:190} INFO - [2024-10-16T11:35:17.856+0000] {dag.py:4180} INFO - Setting next_dagrun for dataset_s3_bucket_consumer_with_no_taskflow to None, run_after=None
[2024-10-16T11:35:17.857+0000] {logging_mixin.py:190} INFO - [2024-10-16T11:35:17.857+0000] {dag.py:4180} INFO - Setting next_dagrun for dataset_s3_bucket_producer_with_no_taskflow to None, run_after=None
[2024-10-16T11:35:17.877+0000] {processor.py:208} INFO - Processing /home/airflow/.local/lib/python3.12/site-packages/airflow/example_dags/example_dataset_alias_with_no_taskflow.py took 0.198 seconds
[2024-10-16T11:35:48.066+0000] {processor.py:186} INFO - Started process (PID=126318) to work on /home/airflow/.local/lib/python3.12/site-packages/airflow/example_dags/example_dataset_alias_with_no_taskflow.py
[2024-10-16T11:35:48.067+0000] {processor.py:914} INFO - Processing file /home/airflow/.local/lib/python3.12/site-packages/airflow/example_dags/example_dataset_alias_with_no_taskflow.py for tasks to queue
[2024-10-16T11:35:48.069+0000] {logging_mixin.py:190} INFO - [2024-10-16T11:35:48.068+0000] {dagbag.py:588} INFO - Filling up the DagBag from /home/airflow/.local/lib/python3.12/site-packages/airflow/example_dags/example_dataset_alias_with_no_taskflow.py
[2024-10-16T11:35:48.278+0000] {processor.py:925} INFO - DAG(s) 'dataset_s3_bucket_producer_with_no_taskflow', 'dataset_alias_example_alias_consumer_with_no_taskflow', 'dataset_alias_example_alias_producer_with_no_taskflow', 'dataset_s3_bucket_consumer_with_no_taskflow' retrieved from /home/airflow/.local/lib/python3.12/site-packages/airflow/example_dags/example_dataset_alias_with_no_taskflow.py
[2024-10-16T11:35:48.305+0000] {logging_mixin.py:190} INFO - [2024-10-16T11:35:48.305+0000] {dag.py:3239} INFO - Sync 4 DAGs
[2024-10-16T11:35:48.333+0000] {logging_mixin.py:190} INFO - [2024-10-16T11:35:48.332+0000] {dag.py:4180} INFO - Setting next_dagrun for dataset_alias_example_alias_consumer_with_no_taskflow to None, run_after=None
[2024-10-16T11:35:48.336+0000] {logging_mixin.py:190} INFO - [2024-10-16T11:35:48.336+0000] {dag.py:4180} INFO - Setting next_dagrun for dataset_alias_example_alias_producer_with_no_taskflow to None, run_after=None
[2024-10-16T11:35:48.338+0000] {logging_mixin.py:190} INFO - [2024-10-16T11:35:48.338+0000] {dag.py:4180} INFO - Setting next_dagrun for dataset_s3_bucket_consumer_with_no_taskflow to None, run_after=None
[2024-10-16T11:35:48.340+0000] {logging_mixin.py:190} INFO - [2024-10-16T11:35:48.340+0000] {dag.py:4180} INFO - Setting next_dagrun for dataset_s3_bucket_producer_with_no_taskflow to None, run_after=None
[2024-10-16T11:35:48.369+0000] {processor.py:208} INFO - Processing /home/airflow/.local/lib/python3.12/site-packages/airflow/example_dags/example_dataset_alias_with_no_taskflow.py took 0.309 seconds
[2024-10-16T11:36:18.909+0000] {processor.py:186} INFO - Started process (PID=126382) to work on /home/airflow/.local/lib/python3.12/site-packages/airflow/example_dags/example_dataset_alias_with_no_taskflow.py
[2024-10-16T11:36:18.910+0000] {processor.py:914} INFO - Processing file /home/airflow/.local/lib/python3.12/site-packages/airflow/example_dags/example_dataset_alias_with_no_taskflow.py for tasks to queue
[2024-10-16T11:36:18.911+0000] {logging_mixin.py:190} INFO - [2024-10-16T11:36:18.911+0000] {dagbag.py:588} INFO - Filling up the DagBag from /home/airflow/.local/lib/python3.12/site-packages/airflow/example_dags/example_dataset_alias_with_no_taskflow.py
[2024-10-16T11:36:19.043+0000] {processor.py:925} INFO - DAG(s) 'dataset_alias_example_alias_consumer_with_no_taskflow', 'dataset_s3_bucket_producer_with_no_taskflow', 'dataset_alias_example_alias_producer_with_no_taskflow', 'dataset_s3_bucket_consumer_with_no_taskflow' retrieved from /home/airflow/.local/lib/python3.12/site-packages/airflow/example_dags/example_dataset_alias_with_no_taskflow.py
[2024-10-16T11:36:19.062+0000] {logging_mixin.py:190} INFO - [2024-10-16T11:36:19.062+0000] {dag.py:3239} INFO - Sync 4 DAGs
[2024-10-16T11:36:19.082+0000] {logging_mixin.py:190} INFO - [2024-10-16T11:36:19.082+0000] {dag.py:4180} INFO - Setting next_dagrun for dataset_alias_example_alias_consumer_with_no_taskflow to None, run_after=None
[2024-10-16T11:36:19.085+0000] {logging_mixin.py:190} INFO - [2024-10-16T11:36:19.085+0000] {dag.py:4180} INFO - Setting next_dagrun for dataset_alias_example_alias_producer_with_no_taskflow to None, run_after=None
[2024-10-16T11:36:19.086+0000] {logging_mixin.py:190} INFO - [2024-10-16T11:36:19.086+0000] {dag.py:4180} INFO - Setting next_dagrun for dataset_s3_bucket_consumer_with_no_taskflow to None, run_after=None
[2024-10-16T11:36:19.088+0000] {logging_mixin.py:190} INFO - [2024-10-16T11:36:19.087+0000] {dag.py:4180} INFO - Setting next_dagrun for dataset_s3_bucket_producer_with_no_taskflow to None, run_after=None
[2024-10-16T11:36:19.107+0000] {processor.py:208} INFO - Processing /home/airflow/.local/lib/python3.12/site-packages/airflow/example_dags/example_dataset_alias_with_no_taskflow.py took 0.204 seconds
[2024-10-16T11:36:49.311+0000] {processor.py:186} INFO - Started process (PID=126445) to work on /home/airflow/.local/lib/python3.12/site-packages/airflow/example_dags/example_dataset_alias_with_no_taskflow.py
[2024-10-16T11:36:49.312+0000] {processor.py:914} INFO - Processing file /home/airflow/.local/lib/python3.12/site-packages/airflow/example_dags/example_dataset_alias_with_no_taskflow.py for tasks to queue
[2024-10-16T11:36:49.313+0000] {logging_mixin.py:190} INFO - [2024-10-16T11:36:49.313+0000] {dagbag.py:588} INFO - Filling up the DagBag from /home/airflow/.local/lib/python3.12/site-packages/airflow/example_dags/example_dataset_alias_with_no_taskflow.py
[2024-10-16T11:36:49.455+0000] {processor.py:925} INFO - DAG(s) 'dataset_s3_bucket_producer_with_no_taskflow', 'dataset_s3_bucket_consumer_with_no_taskflow', 'dataset_alias_example_alias_producer_with_no_taskflow', 'dataset_alias_example_alias_consumer_with_no_taskflow' retrieved from /home/airflow/.local/lib/python3.12/site-packages/airflow/example_dags/example_dataset_alias_with_no_taskflow.py
[2024-10-16T11:36:49.474+0000] {logging_mixin.py:190} INFO - [2024-10-16T11:36:49.473+0000] {dag.py:3239} INFO - Sync 4 DAGs
[2024-10-16T11:36:49.494+0000] {logging_mixin.py:190} INFO - [2024-10-16T11:36:49.494+0000] {dag.py:4180} INFO - Setting next_dagrun for dataset_alias_example_alias_consumer_with_no_taskflow to None, run_after=None
[2024-10-16T11:36:49.496+0000] {logging_mixin.py:190} INFO - [2024-10-16T11:36:49.496+0000] {dag.py:4180} INFO - Setting next_dagrun for dataset_alias_example_alias_producer_with_no_taskflow to None, run_after=None
[2024-10-16T11:36:49.498+0000] {logging_mixin.py:190} INFO - [2024-10-16T11:36:49.498+0000] {dag.py:4180} INFO - Setting next_dagrun for dataset_s3_bucket_consumer_with_no_taskflow to None, run_after=None
[2024-10-16T11:36:49.500+0000] {logging_mixin.py:190} INFO - [2024-10-16T11:36:49.499+0000] {dag.py:4180} INFO - Setting next_dagrun for dataset_s3_bucket_producer_with_no_taskflow to None, run_after=None
[2024-10-16T11:36:49.519+0000] {processor.py:208} INFO - Processing /home/airflow/.local/lib/python3.12/site-packages/airflow/example_dags/example_dataset_alias_with_no_taskflow.py took 0.213 seconds
[2024-10-16T11:37:19.793+0000] {processor.py:186} INFO - Started process (PID=126508) to work on /home/airflow/.local/lib/python3.12/site-packages/airflow/example_dags/example_dataset_alias_with_no_taskflow.py
[2024-10-16T11:37:19.794+0000] {processor.py:914} INFO - Processing file /home/airflow/.local/lib/python3.12/site-packages/airflow/example_dags/example_dataset_alias_with_no_taskflow.py for tasks to queue
[2024-10-16T11:37:19.795+0000] {logging_mixin.py:190} INFO - [2024-10-16T11:37:19.795+0000] {dagbag.py:588} INFO - Filling up the DagBag from /home/airflow/.local/lib/python3.12/site-packages/airflow/example_dags/example_dataset_alias_with_no_taskflow.py
[2024-10-16T11:37:19.926+0000] {processor.py:925} INFO - DAG(s) 'dataset_alias_example_alias_producer_with_no_taskflow', 'dataset_s3_bucket_producer_with_no_taskflow', 'dataset_s3_bucket_consumer_with_no_taskflow', 'dataset_alias_example_alias_consumer_with_no_taskflow' retrieved from /home/airflow/.local/lib/python3.12/site-packages/airflow/example_dags/example_dataset_alias_with_no_taskflow.py
[2024-10-16T11:37:19.944+0000] {logging_mixin.py:190} INFO - [2024-10-16T11:37:19.943+0000] {dag.py:3239} INFO - Sync 4 DAGs
[2024-10-16T11:37:19.963+0000] {logging_mixin.py:190} INFO - [2024-10-16T11:37:19.963+0000] {dag.py:4180} INFO - Setting next_dagrun for dataset_alias_example_alias_consumer_with_no_taskflow to None, run_after=None
[2024-10-16T11:37:19.965+0000] {logging_mixin.py:190} INFO - [2024-10-16T11:37:19.965+0000] {dag.py:4180} INFO - Setting next_dagrun for dataset_alias_example_alias_producer_with_no_taskflow to None, run_after=None
[2024-10-16T11:37:19.966+0000] {logging_mixin.py:190} INFO - [2024-10-16T11:37:19.966+0000] {dag.py:4180} INFO - Setting next_dagrun for dataset_s3_bucket_consumer_with_no_taskflow to None, run_after=None
[2024-10-16T11:37:19.967+0000] {logging_mixin.py:190} INFO - [2024-10-16T11:37:19.967+0000] {dag.py:4180} INFO - Setting next_dagrun for dataset_s3_bucket_producer_with_no_taskflow to None, run_after=None
[2024-10-16T11:37:19.987+0000] {processor.py:208} INFO - Processing /home/airflow/.local/lib/python3.12/site-packages/airflow/example_dags/example_dataset_alias_with_no_taskflow.py took 0.199 seconds
[2024-10-16T11:37:50.644+0000] {processor.py:186} INFO - Started process (PID=126571) to work on /home/airflow/.local/lib/python3.12/site-packages/airflow/example_dags/example_dataset_alias_with_no_taskflow.py
[2024-10-16T11:37:50.645+0000] {processor.py:914} INFO - Processing file /home/airflow/.local/lib/python3.12/site-packages/airflow/example_dags/example_dataset_alias_with_no_taskflow.py for tasks to queue
[2024-10-16T11:37:50.647+0000] {logging_mixin.py:190} INFO - [2024-10-16T11:37:50.646+0000] {dagbag.py:588} INFO - Filling up the DagBag from /home/airflow/.local/lib/python3.12/site-packages/airflow/example_dags/example_dataset_alias_with_no_taskflow.py
[2024-10-16T11:37:50.785+0000] {processor.py:925} INFO - DAG(s) 'dataset_alias_example_alias_producer_with_no_taskflow', 'dataset_alias_example_alias_consumer_with_no_taskflow', 'dataset_s3_bucket_producer_with_no_taskflow', 'dataset_s3_bucket_consumer_with_no_taskflow' retrieved from /home/airflow/.local/lib/python3.12/site-packages/airflow/example_dags/example_dataset_alias_with_no_taskflow.py
[2024-10-16T11:37:50.804+0000] {logging_mixin.py:190} INFO - [2024-10-16T11:37:50.804+0000] {dag.py:3239} INFO - Sync 4 DAGs
[2024-10-16T11:37:50.825+0000] {logging_mixin.py:190} INFO - [2024-10-16T11:37:50.824+0000] {dag.py:4180} INFO - Setting next_dagrun for dataset_alias_example_alias_consumer_with_no_taskflow to None, run_after=None
[2024-10-16T11:37:50.827+0000] {logging_mixin.py:190} INFO - [2024-10-16T11:37:50.827+0000] {dag.py:4180} INFO - Setting next_dagrun for dataset_alias_example_alias_producer_with_no_taskflow to None, run_after=None
[2024-10-16T11:37:50.828+0000] {logging_mixin.py:190} INFO - [2024-10-16T11:37:50.828+0000] {dag.py:4180} INFO - Setting next_dagrun for dataset_s3_bucket_consumer_with_no_taskflow to None, run_after=None
[2024-10-16T11:37:50.829+0000] {logging_mixin.py:190} INFO - [2024-10-16T11:37:50.829+0000] {dag.py:4180} INFO - Setting next_dagrun for dataset_s3_bucket_producer_with_no_taskflow to None, run_after=None
[2024-10-16T11:37:50.848+0000] {processor.py:208} INFO - Processing /home/airflow/.local/lib/python3.12/site-packages/airflow/example_dags/example_dataset_alias_with_no_taskflow.py took 0.209 seconds
[2024-10-16T11:38:21.338+0000] {processor.py:186} INFO - Started process (PID=126635) to work on /home/airflow/.local/lib/python3.12/site-packages/airflow/example_dags/example_dataset_alias_with_no_taskflow.py
[2024-10-16T11:38:21.340+0000] {processor.py:914} INFO - Processing file /home/airflow/.local/lib/python3.12/site-packages/airflow/example_dags/example_dataset_alias_with_no_taskflow.py for tasks to queue
[2024-10-16T11:38:21.342+0000] {logging_mixin.py:190} INFO - [2024-10-16T11:38:21.341+0000] {dagbag.py:588} INFO - Filling up the DagBag from /home/airflow/.local/lib/python3.12/site-packages/airflow/example_dags/example_dataset_alias_with_no_taskflow.py
[2024-10-16T11:38:21.606+0000] {processor.py:925} INFO - DAG(s) 'dataset_s3_bucket_producer_with_no_taskflow', 'dataset_alias_example_alias_producer_with_no_taskflow', 'dataset_s3_bucket_consumer_with_no_taskflow', 'dataset_alias_example_alias_consumer_with_no_taskflow' retrieved from /home/airflow/.local/lib/python3.12/site-packages/airflow/example_dags/example_dataset_alias_with_no_taskflow.py
[2024-10-16T11:38:21.635+0000] {logging_mixin.py:190} INFO - [2024-10-16T11:38:21.635+0000] {dag.py:3239} INFO - Sync 4 DAGs
[2024-10-16T11:38:21.679+0000] {logging_mixin.py:190} INFO - [2024-10-16T11:38:21.679+0000] {dag.py:4180} INFO - Setting next_dagrun for dataset_alias_example_alias_consumer_with_no_taskflow to None, run_after=None
[2024-10-16T11:38:21.684+0000] {logging_mixin.py:190} INFO - [2024-10-16T11:38:21.683+0000] {dag.py:4180} INFO - Setting next_dagrun for dataset_alias_example_alias_producer_with_no_taskflow to None, run_after=None
[2024-10-16T11:38:21.686+0000] {logging_mixin.py:190} INFO - [2024-10-16T11:38:21.686+0000] {dag.py:4180} INFO - Setting next_dagrun for dataset_s3_bucket_consumer_with_no_taskflow to None, run_after=None
[2024-10-16T11:38:21.690+0000] {logging_mixin.py:190} INFO - [2024-10-16T11:38:21.689+0000] {dag.py:4180} INFO - Setting next_dagrun for dataset_s3_bucket_producer_with_no_taskflow to None, run_after=None
[2024-10-16T11:38:21.734+0000] {processor.py:208} INFO - Processing /home/airflow/.local/lib/python3.12/site-packages/airflow/example_dags/example_dataset_alias_with_no_taskflow.py took 0.406 seconds
[2024-10-16T11:38:51.781+0000] {processor.py:186} INFO - Started process (PID=126697) to work on /home/airflow/.local/lib/python3.12/site-packages/airflow/example_dags/example_dataset_alias_with_no_taskflow.py
[2024-10-16T11:38:51.782+0000] {processor.py:914} INFO - Processing file /home/airflow/.local/lib/python3.12/site-packages/airflow/example_dags/example_dataset_alias_with_no_taskflow.py for tasks to queue
[2024-10-16T11:38:51.784+0000] {logging_mixin.py:190} INFO - [2024-10-16T11:38:51.783+0000] {dagbag.py:588} INFO - Filling up the DagBag from /home/airflow/.local/lib/python3.12/site-packages/airflow/example_dags/example_dataset_alias_with_no_taskflow.py
[2024-10-16T11:38:51.968+0000] {processor.py:925} INFO - DAG(s) 'dataset_alias_example_alias_consumer_with_no_taskflow', 'dataset_alias_example_alias_producer_with_no_taskflow', 'dataset_s3_bucket_producer_with_no_taskflow', 'dataset_s3_bucket_consumer_with_no_taskflow' retrieved from /home/airflow/.local/lib/python3.12/site-packages/airflow/example_dags/example_dataset_alias_with_no_taskflow.py
[2024-10-16T11:38:51.993+0000] {logging_mixin.py:190} INFO - [2024-10-16T11:38:51.993+0000] {dag.py:3239} INFO - Sync 4 DAGs
[2024-10-16T11:38:52.019+0000] {logging_mixin.py:190} INFO - [2024-10-16T11:38:52.019+0000] {dag.py:4180} INFO - Setting next_dagrun for dataset_alias_example_alias_consumer_with_no_taskflow to None, run_after=None
[2024-10-16T11:38:52.022+0000] {logging_mixin.py:190} INFO - [2024-10-16T11:38:52.022+0000] {dag.py:4180} INFO - Setting next_dagrun for dataset_alias_example_alias_producer_with_no_taskflow to None, run_after=None
[2024-10-16T11:38:52.024+0000] {logging_mixin.py:190} INFO - [2024-10-16T11:38:52.024+0000] {dag.py:4180} INFO - Setting next_dagrun for dataset_s3_bucket_consumer_with_no_taskflow to None, run_after=None
[2024-10-16T11:38:52.025+0000] {logging_mixin.py:190} INFO - [2024-10-16T11:38:52.025+0000] {dag.py:4180} INFO - Setting next_dagrun for dataset_s3_bucket_producer_with_no_taskflow to None, run_after=None
[2024-10-16T11:38:52.049+0000] {processor.py:208} INFO - Processing /home/airflow/.local/lib/python3.12/site-packages/airflow/example_dags/example_dataset_alias_with_no_taskflow.py took 0.274 seconds
[2024-10-16T11:39:22.354+0000] {processor.py:186} INFO - Started process (PID=126760) to work on /home/airflow/.local/lib/python3.12/site-packages/airflow/example_dags/example_dataset_alias_with_no_taskflow.py
[2024-10-16T11:39:22.355+0000] {processor.py:914} INFO - Processing file /home/airflow/.local/lib/python3.12/site-packages/airflow/example_dags/example_dataset_alias_with_no_taskflow.py for tasks to queue
[2024-10-16T11:39:22.356+0000] {logging_mixin.py:190} INFO - [2024-10-16T11:39:22.356+0000] {dagbag.py:588} INFO - Filling up the DagBag from /home/airflow/.local/lib/python3.12/site-packages/airflow/example_dags/example_dataset_alias_with_no_taskflow.py
[2024-10-16T11:39:22.522+0000] {processor.py:925} INFO - DAG(s) 'dataset_s3_bucket_producer_with_no_taskflow', 'dataset_alias_example_alias_producer_with_no_taskflow', 'dataset_alias_example_alias_consumer_with_no_taskflow', 'dataset_s3_bucket_consumer_with_no_taskflow' retrieved from /home/airflow/.local/lib/python3.12/site-packages/airflow/example_dags/example_dataset_alias_with_no_taskflow.py
[2024-10-16T11:39:22.548+0000] {logging_mixin.py:190} INFO - [2024-10-16T11:39:22.548+0000] {dag.py:3239} INFO - Sync 4 DAGs
[2024-10-16T11:39:22.578+0000] {logging_mixin.py:190} INFO - [2024-10-16T11:39:22.578+0000] {dag.py:4180} INFO - Setting next_dagrun for dataset_alias_example_alias_consumer_with_no_taskflow to None, run_after=None
[2024-10-16T11:39:22.581+0000] {logging_mixin.py:190} INFO - [2024-10-16T11:39:22.581+0000] {dag.py:4180} INFO - Setting next_dagrun for dataset_alias_example_alias_producer_with_no_taskflow to None, run_after=None
[2024-10-16T11:39:22.582+0000] {logging_mixin.py:190} INFO - [2024-10-16T11:39:22.582+0000] {dag.py:4180} INFO - Setting next_dagrun for dataset_s3_bucket_consumer_with_no_taskflow to None, run_after=None
[2024-10-16T11:39:22.584+0000] {logging_mixin.py:190} INFO - [2024-10-16T11:39:22.584+0000] {dag.py:4180} INFO - Setting next_dagrun for dataset_s3_bucket_producer_with_no_taskflow to None, run_after=None
[2024-10-16T11:39:22.612+0000] {processor.py:208} INFO - Processing /home/airflow/.local/lib/python3.12/site-packages/airflow/example_dags/example_dataset_alias_with_no_taskflow.py took 0.266 seconds
[2024-10-16T11:39:53.296+0000] {processor.py:186} INFO - Started process (PID=126823) to work on /home/airflow/.local/lib/python3.12/site-packages/airflow/example_dags/example_dataset_alias_with_no_taskflow.py
[2024-10-16T11:39:53.297+0000] {processor.py:914} INFO - Processing file /home/airflow/.local/lib/python3.12/site-packages/airflow/example_dags/example_dataset_alias_with_no_taskflow.py for tasks to queue
[2024-10-16T11:39:53.299+0000] {logging_mixin.py:190} INFO - [2024-10-16T11:39:53.298+0000] {dagbag.py:588} INFO - Filling up the DagBag from /home/airflow/.local/lib/python3.12/site-packages/airflow/example_dags/example_dataset_alias_with_no_taskflow.py
[2024-10-16T11:39:53.468+0000] {processor.py:925} INFO - DAG(s) 'dataset_alias_example_alias_producer_with_no_taskflow', 'dataset_s3_bucket_producer_with_no_taskflow', 'dataset_alias_example_alias_consumer_with_no_taskflow', 'dataset_s3_bucket_consumer_with_no_taskflow' retrieved from /home/airflow/.local/lib/python3.12/site-packages/airflow/example_dags/example_dataset_alias_with_no_taskflow.py
[2024-10-16T11:39:53.499+0000] {logging_mixin.py:190} INFO - [2024-10-16T11:39:53.498+0000] {dag.py:3239} INFO - Sync 4 DAGs
[2024-10-16T11:39:53.529+0000] {logging_mixin.py:190} INFO - [2024-10-16T11:39:53.529+0000] {dag.py:4180} INFO - Setting next_dagrun for dataset_alias_example_alias_consumer_with_no_taskflow to None, run_after=None
[2024-10-16T11:39:53.533+0000] {logging_mixin.py:190} INFO - [2024-10-16T11:39:53.533+0000] {dag.py:4180} INFO - Setting next_dagrun for dataset_alias_example_alias_producer_with_no_taskflow to None, run_after=None
[2024-10-16T11:39:53.535+0000] {logging_mixin.py:190} INFO - [2024-10-16T11:39:53.535+0000] {dag.py:4180} INFO - Setting next_dagrun for dataset_s3_bucket_consumer_with_no_taskflow to None, run_after=None
[2024-10-16T11:39:53.538+0000] {logging_mixin.py:190} INFO - [2024-10-16T11:39:53.537+0000] {dag.py:4180} INFO - Setting next_dagrun for dataset_s3_bucket_producer_with_no_taskflow to None, run_after=None
[2024-10-16T11:39:53.567+0000] {processor.py:208} INFO - Processing /home/airflow/.local/lib/python3.12/site-packages/airflow/example_dags/example_dataset_alias_with_no_taskflow.py took 0.279 seconds
[2024-10-16T11:40:24.219+0000] {processor.py:186} INFO - Started process (PID=126885) to work on /home/airflow/.local/lib/python3.12/site-packages/airflow/example_dags/example_dataset_alias_with_no_taskflow.py
[2024-10-16T11:40:24.221+0000] {processor.py:914} INFO - Processing file /home/airflow/.local/lib/python3.12/site-packages/airflow/example_dags/example_dataset_alias_with_no_taskflow.py for tasks to queue
[2024-10-16T11:40:24.222+0000] {logging_mixin.py:190} INFO - [2024-10-16T11:40:24.222+0000] {dagbag.py:588} INFO - Filling up the DagBag from /home/airflow/.local/lib/python3.12/site-packages/airflow/example_dags/example_dataset_alias_with_no_taskflow.py
[2024-10-16T11:40:24.389+0000] {processor.py:925} INFO - DAG(s) 'dataset_s3_bucket_consumer_with_no_taskflow', 'dataset_alias_example_alias_producer_with_no_taskflow', 'dataset_s3_bucket_producer_with_no_taskflow', 'dataset_alias_example_alias_consumer_with_no_taskflow' retrieved from /home/airflow/.local/lib/python3.12/site-packages/airflow/example_dags/example_dataset_alias_with_no_taskflow.py
[2024-10-16T11:40:24.412+0000] {logging_mixin.py:190} INFO - [2024-10-16T11:40:24.412+0000] {dag.py:3239} INFO - Sync 4 DAGs
[2024-10-16T11:40:24.440+0000] {logging_mixin.py:190} INFO - [2024-10-16T11:40:24.440+0000] {dag.py:4180} INFO - Setting next_dagrun for dataset_alias_example_alias_consumer_with_no_taskflow to None, run_after=None
[2024-10-16T11:40:24.443+0000] {logging_mixin.py:190} INFO - [2024-10-16T11:40:24.443+0000] {dag.py:4180} INFO - Setting next_dagrun for dataset_alias_example_alias_producer_with_no_taskflow to None, run_after=None
[2024-10-16T11:40:24.445+0000] {logging_mixin.py:190} INFO - [2024-10-16T11:40:24.445+0000] {dag.py:4180} INFO - Setting next_dagrun for dataset_s3_bucket_consumer_with_no_taskflow to None, run_after=None
[2024-10-16T11:40:24.446+0000] {logging_mixin.py:190} INFO - [2024-10-16T11:40:24.446+0000] {dag.py:4180} INFO - Setting next_dagrun for dataset_s3_bucket_producer_with_no_taskflow to None, run_after=None
[2024-10-16T11:40:24.468+0000] {processor.py:208} INFO - Processing /home/airflow/.local/lib/python3.12/site-packages/airflow/example_dags/example_dataset_alias_with_no_taskflow.py took 0.255 seconds
[2024-10-16T11:40:54.754+0000] {processor.py:186} INFO - Started process (PID=126948) to work on /home/airflow/.local/lib/python3.12/site-packages/airflow/example_dags/example_dataset_alias_with_no_taskflow.py
[2024-10-16T11:40:54.756+0000] {processor.py:914} INFO - Processing file /home/airflow/.local/lib/python3.12/site-packages/airflow/example_dags/example_dataset_alias_with_no_taskflow.py for tasks to queue
[2024-10-16T11:40:54.757+0000] {logging_mixin.py:190} INFO - [2024-10-16T11:40:54.757+0000] {dagbag.py:588} INFO - Filling up the DagBag from /home/airflow/.local/lib/python3.12/site-packages/airflow/example_dags/example_dataset_alias_with_no_taskflow.py
[2024-10-16T11:40:54.917+0000] {processor.py:925} INFO - DAG(s) 'dataset_alias_example_alias_producer_with_no_taskflow', 'dataset_s3_bucket_producer_with_no_taskflow', 'dataset_alias_example_alias_consumer_with_no_taskflow', 'dataset_s3_bucket_consumer_with_no_taskflow' retrieved from /home/airflow/.local/lib/python3.12/site-packages/airflow/example_dags/example_dataset_alias_with_no_taskflow.py
[2024-10-16T11:40:54.938+0000] {logging_mixin.py:190} INFO - [2024-10-16T11:40:54.938+0000] {dag.py:3239} INFO - Sync 4 DAGs
[2024-10-16T11:40:54.965+0000] {logging_mixin.py:190} INFO - [2024-10-16T11:40:54.965+0000] {dag.py:4180} INFO - Setting next_dagrun for dataset_alias_example_alias_consumer_with_no_taskflow to None, run_after=None
[2024-10-16T11:40:54.968+0000] {logging_mixin.py:190} INFO - [2024-10-16T11:40:54.968+0000] {dag.py:4180} INFO - Setting next_dagrun for dataset_alias_example_alias_producer_with_no_taskflow to None, run_after=None
[2024-10-16T11:40:54.970+0000] {logging_mixin.py:190} INFO - [2024-10-16T11:40:54.969+0000] {dag.py:4180} INFO - Setting next_dagrun for dataset_s3_bucket_consumer_with_no_taskflow to None, run_after=None
[2024-10-16T11:40:54.971+0000] {logging_mixin.py:190} INFO - [2024-10-16T11:40:54.971+0000] {dag.py:4180} INFO - Setting next_dagrun for dataset_s3_bucket_producer_with_no_taskflow to None, run_after=None
[2024-10-16T11:40:54.994+0000] {processor.py:208} INFO - Processing /home/airflow/.local/lib/python3.12/site-packages/airflow/example_dags/example_dataset_alias_with_no_taskflow.py took 0.246 seconds
[2024-10-16T11:41:25.166+0000] {processor.py:186} INFO - Started process (PID=127011) to work on /home/airflow/.local/lib/python3.12/site-packages/airflow/example_dags/example_dataset_alias_with_no_taskflow.py
[2024-10-16T11:41:25.167+0000] {processor.py:914} INFO - Processing file /home/airflow/.local/lib/python3.12/site-packages/airflow/example_dags/example_dataset_alias_with_no_taskflow.py for tasks to queue
[2024-10-16T11:41:25.169+0000] {logging_mixin.py:190} INFO - [2024-10-16T11:41:25.168+0000] {dagbag.py:588} INFO - Filling up the DagBag from /home/airflow/.local/lib/python3.12/site-packages/airflow/example_dags/example_dataset_alias_with_no_taskflow.py
[2024-10-16T11:41:25.340+0000] {processor.py:925} INFO - DAG(s) 'dataset_s3_bucket_producer_with_no_taskflow', 'dataset_alias_example_alias_producer_with_no_taskflow', 'dataset_alias_example_alias_consumer_with_no_taskflow', 'dataset_s3_bucket_consumer_with_no_taskflow' retrieved from /home/airflow/.local/lib/python3.12/site-packages/airflow/example_dags/example_dataset_alias_with_no_taskflow.py
[2024-10-16T11:41:25.363+0000] {logging_mixin.py:190} INFO - [2024-10-16T11:41:25.363+0000] {dag.py:3239} INFO - Sync 4 DAGs
[2024-10-16T11:41:25.391+0000] {logging_mixin.py:190} INFO - [2024-10-16T11:41:25.390+0000] {dag.py:4180} INFO - Setting next_dagrun for dataset_alias_example_alias_consumer_with_no_taskflow to None, run_after=None
[2024-10-16T11:41:25.394+0000] {logging_mixin.py:190} INFO - [2024-10-16T11:41:25.394+0000] {dag.py:4180} INFO - Setting next_dagrun for dataset_alias_example_alias_producer_with_no_taskflow to None, run_after=None
[2024-10-16T11:41:25.395+0000] {logging_mixin.py:190} INFO - [2024-10-16T11:41:25.395+0000] {dag.py:4180} INFO - Setting next_dagrun for dataset_s3_bucket_consumer_with_no_taskflow to None, run_after=None
[2024-10-16T11:41:25.397+0000] {logging_mixin.py:190} INFO - [2024-10-16T11:41:25.397+0000] {dag.py:4180} INFO - Setting next_dagrun for dataset_s3_bucket_producer_with_no_taskflow to None, run_after=None
[2024-10-16T11:41:25.420+0000] {processor.py:208} INFO - Processing /home/airflow/.local/lib/python3.12/site-packages/airflow/example_dags/example_dataset_alias_with_no_taskflow.py took 0.261 seconds
[2024-10-16T11:41:55.695+0000] {processor.py:186} INFO - Started process (PID=127074) to work on /home/airflow/.local/lib/python3.12/site-packages/airflow/example_dags/example_dataset_alias_with_no_taskflow.py
[2024-10-16T11:41:55.696+0000] {processor.py:914} INFO - Processing file /home/airflow/.local/lib/python3.12/site-packages/airflow/example_dags/example_dataset_alias_with_no_taskflow.py for tasks to queue
[2024-10-16T11:41:55.697+0000] {logging_mixin.py:190} INFO - [2024-10-16T11:41:55.697+0000] {dagbag.py:588} INFO - Filling up the DagBag from /home/airflow/.local/lib/python3.12/site-packages/airflow/example_dags/example_dataset_alias_with_no_taskflow.py
[2024-10-16T11:41:55.870+0000] {processor.py:925} INFO - DAG(s) 'dataset_alias_example_alias_producer_with_no_taskflow', 'dataset_s3_bucket_consumer_with_no_taskflow', 'dataset_alias_example_alias_consumer_with_no_taskflow', 'dataset_s3_bucket_producer_with_no_taskflow' retrieved from /home/airflow/.local/lib/python3.12/site-packages/airflow/example_dags/example_dataset_alias_with_no_taskflow.py
[2024-10-16T11:41:55.893+0000] {logging_mixin.py:190} INFO - [2024-10-16T11:41:55.893+0000] {dag.py:3239} INFO - Sync 4 DAGs
[2024-10-16T11:41:55.918+0000] {logging_mixin.py:190} INFO - [2024-10-16T11:41:55.917+0000] {dag.py:4180} INFO - Setting next_dagrun for dataset_alias_example_alias_consumer_with_no_taskflow to None, run_after=None
[2024-10-16T11:41:55.922+0000] {logging_mixin.py:190} INFO - [2024-10-16T11:41:55.922+0000] {dag.py:4180} INFO - Setting next_dagrun for dataset_alias_example_alias_producer_with_no_taskflow to None, run_after=None
[2024-10-16T11:41:55.924+0000] {logging_mixin.py:190} INFO - [2024-10-16T11:41:55.924+0000] {dag.py:4180} INFO - Setting next_dagrun for dataset_s3_bucket_consumer_with_no_taskflow to None, run_after=None
[2024-10-16T11:41:55.925+0000] {logging_mixin.py:190} INFO - [2024-10-16T11:41:55.925+0000] {dag.py:4180} INFO - Setting next_dagrun for dataset_s3_bucket_producer_with_no_taskflow to None, run_after=None
[2024-10-16T11:41:55.950+0000] {processor.py:208} INFO - Processing /home/airflow/.local/lib/python3.12/site-packages/airflow/example_dags/example_dataset_alias_with_no_taskflow.py took 0.262 seconds
[2024-10-16T11:42:26.226+0000] {processor.py:186} INFO - Started process (PID=127137) to work on /home/airflow/.local/lib/python3.12/site-packages/airflow/example_dags/example_dataset_alias_with_no_taskflow.py
[2024-10-16T11:42:26.228+0000] {processor.py:914} INFO - Processing file /home/airflow/.local/lib/python3.12/site-packages/airflow/example_dags/example_dataset_alias_with_no_taskflow.py for tasks to queue
[2024-10-16T11:42:26.229+0000] {logging_mixin.py:190} INFO - [2024-10-16T11:42:26.229+0000] {dagbag.py:588} INFO - Filling up the DagBag from /home/airflow/.local/lib/python3.12/site-packages/airflow/example_dags/example_dataset_alias_with_no_taskflow.py
[2024-10-16T11:42:26.394+0000] {processor.py:925} INFO - DAG(s) 'dataset_s3_bucket_consumer_with_no_taskflow', 'dataset_s3_bucket_producer_with_no_taskflow', 'dataset_alias_example_alias_consumer_with_no_taskflow', 'dataset_alias_example_alias_producer_with_no_taskflow' retrieved from /home/airflow/.local/lib/python3.12/site-packages/airflow/example_dags/example_dataset_alias_with_no_taskflow.py
[2024-10-16T11:42:26.417+0000] {logging_mixin.py:190} INFO - [2024-10-16T11:42:26.416+0000] {dag.py:3239} INFO - Sync 4 DAGs
[2024-10-16T11:42:26.443+0000] {logging_mixin.py:190} INFO - [2024-10-16T11:42:26.443+0000] {dag.py:4180} INFO - Setting next_dagrun for dataset_alias_example_alias_consumer_with_no_taskflow to None, run_after=None
[2024-10-16T11:42:26.446+0000] {logging_mixin.py:190} INFO - [2024-10-16T11:42:26.446+0000] {dag.py:4180} INFO - Setting next_dagrun for dataset_alias_example_alias_producer_with_no_taskflow to None, run_after=None
[2024-10-16T11:42:26.447+0000] {logging_mixin.py:190} INFO - [2024-10-16T11:42:26.447+0000] {dag.py:4180} INFO - Setting next_dagrun for dataset_s3_bucket_consumer_with_no_taskflow to None, run_after=None
[2024-10-16T11:42:26.449+0000] {logging_mixin.py:190} INFO - [2024-10-16T11:42:26.449+0000] {dag.py:4180} INFO - Setting next_dagrun for dataset_s3_bucket_producer_with_no_taskflow to None, run_after=None
[2024-10-16T11:42:26.475+0000] {processor.py:208} INFO - Processing /home/airflow/.local/lib/python3.12/site-packages/airflow/example_dags/example_dataset_alias_with_no_taskflow.py took 0.255 seconds
[2024-10-16T11:42:56.814+0000] {processor.py:186} INFO - Started process (PID=127200) to work on /home/airflow/.local/lib/python3.12/site-packages/airflow/example_dags/example_dataset_alias_with_no_taskflow.py
[2024-10-16T11:42:56.815+0000] {processor.py:914} INFO - Processing file /home/airflow/.local/lib/python3.12/site-packages/airflow/example_dags/example_dataset_alias_with_no_taskflow.py for tasks to queue
[2024-10-16T11:42:56.816+0000] {logging_mixin.py:190} INFO - [2024-10-16T11:42:56.816+0000] {dagbag.py:588} INFO - Filling up the DagBag from /home/airflow/.local/lib/python3.12/site-packages/airflow/example_dags/example_dataset_alias_with_no_taskflow.py
[2024-10-16T11:42:56.991+0000] {processor.py:925} INFO - DAG(s) 'dataset_alias_example_alias_producer_with_no_taskflow', 'dataset_s3_bucket_consumer_with_no_taskflow', 'dataset_alias_example_alias_consumer_with_no_taskflow', 'dataset_s3_bucket_producer_with_no_taskflow' retrieved from /home/airflow/.local/lib/python3.12/site-packages/airflow/example_dags/example_dataset_alias_with_no_taskflow.py
[2024-10-16T11:42:57.012+0000] {logging_mixin.py:190} INFO - [2024-10-16T11:42:57.012+0000] {dag.py:3239} INFO - Sync 4 DAGs
[2024-10-16T11:42:57.037+0000] {logging_mixin.py:190} INFO - [2024-10-16T11:42:57.037+0000] {dag.py:4180} INFO - Setting next_dagrun for dataset_alias_example_alias_consumer_with_no_taskflow to None, run_after=None
[2024-10-16T11:42:57.041+0000] {logging_mixin.py:190} INFO - [2024-10-16T11:42:57.040+0000] {dag.py:4180} INFO - Setting next_dagrun for dataset_alias_example_alias_producer_with_no_taskflow to None, run_after=None
[2024-10-16T11:42:57.042+0000] {logging_mixin.py:190} INFO - [2024-10-16T11:42:57.042+0000] {dag.py:4180} INFO - Setting next_dagrun for dataset_s3_bucket_consumer_with_no_taskflow to None, run_after=None
[2024-10-16T11:42:57.043+0000] {logging_mixin.py:190} INFO - [2024-10-16T11:42:57.043+0000] {dag.py:4180} INFO - Setting next_dagrun for dataset_s3_bucket_producer_with_no_taskflow to None, run_after=None
[2024-10-16T11:42:57.066+0000] {processor.py:208} INFO - Processing /home/airflow/.local/lib/python3.12/site-packages/airflow/example_dags/example_dataset_alias_with_no_taskflow.py took 0.260 seconds
[2024-10-16T11:43:27.159+0000] {processor.py:186} INFO - Started process (PID=127263) to work on /home/airflow/.local/lib/python3.12/site-packages/airflow/example_dags/example_dataset_alias_with_no_taskflow.py
[2024-10-16T11:43:27.161+0000] {processor.py:914} INFO - Processing file /home/airflow/.local/lib/python3.12/site-packages/airflow/example_dags/example_dataset_alias_with_no_taskflow.py for tasks to queue
[2024-10-16T11:43:27.162+0000] {logging_mixin.py:190} INFO - [2024-10-16T11:43:27.162+0000] {dagbag.py:588} INFO - Filling up the DagBag from /home/airflow/.local/lib/python3.12/site-packages/airflow/example_dags/example_dataset_alias_with_no_taskflow.py
[2024-10-16T11:43:27.346+0000] {processor.py:925} INFO - DAG(s) 'dataset_s3_bucket_consumer_with_no_taskflow', 'dataset_alias_example_alias_consumer_with_no_taskflow', 'dataset_s3_bucket_producer_with_no_taskflow', 'dataset_alias_example_alias_producer_with_no_taskflow' retrieved from /home/airflow/.local/lib/python3.12/site-packages/airflow/example_dags/example_dataset_alias_with_no_taskflow.py
[2024-10-16T11:43:27.370+0000] {logging_mixin.py:190} INFO - [2024-10-16T11:43:27.370+0000] {dag.py:3239} INFO - Sync 4 DAGs
[2024-10-16T11:43:27.396+0000] {logging_mixin.py:190} INFO - [2024-10-16T11:43:27.396+0000] {dag.py:4180} INFO - Setting next_dagrun for dataset_alias_example_alias_consumer_with_no_taskflow to None, run_after=None
[2024-10-16T11:43:27.399+0000] {logging_mixin.py:190} INFO - [2024-10-16T11:43:27.399+0000] {dag.py:4180} INFO - Setting next_dagrun for dataset_alias_example_alias_producer_with_no_taskflow to None, run_after=None
[2024-10-16T11:43:27.401+0000] {logging_mixin.py:190} INFO - [2024-10-16T11:43:27.401+0000] {dag.py:4180} INFO - Setting next_dagrun for dataset_s3_bucket_consumer_with_no_taskflow to None, run_after=None
[2024-10-16T11:43:27.402+0000] {logging_mixin.py:190} INFO - [2024-10-16T11:43:27.402+0000] {dag.py:4180} INFO - Setting next_dagrun for dataset_s3_bucket_producer_with_no_taskflow to None, run_after=None
[2024-10-16T11:43:27.428+0000] {processor.py:208} INFO - Processing /home/airflow/.local/lib/python3.12/site-packages/airflow/example_dags/example_dataset_alias_with_no_taskflow.py took 0.276 seconds
[2024-10-16T11:43:57.483+0000] {processor.py:186} INFO - Started process (PID=127326) to work on /home/airflow/.local/lib/python3.12/site-packages/airflow/example_dags/example_dataset_alias_with_no_taskflow.py
[2024-10-16T11:43:57.484+0000] {processor.py:914} INFO - Processing file /home/airflow/.local/lib/python3.12/site-packages/airflow/example_dags/example_dataset_alias_with_no_taskflow.py for tasks to queue
[2024-10-16T11:43:57.486+0000] {logging_mixin.py:190} INFO - [2024-10-16T11:43:57.485+0000] {dagbag.py:588} INFO - Filling up the DagBag from /home/airflow/.local/lib/python3.12/site-packages/airflow/example_dags/example_dataset_alias_with_no_taskflow.py
[2024-10-16T11:43:57.662+0000] {processor.py:925} INFO - DAG(s) 'dataset_alias_example_alias_consumer_with_no_taskflow', 'dataset_s3_bucket_consumer_with_no_taskflow', 'dataset_s3_bucket_producer_with_no_taskflow', 'dataset_alias_example_alias_producer_with_no_taskflow' retrieved from /home/airflow/.local/lib/python3.12/site-packages/airflow/example_dags/example_dataset_alias_with_no_taskflow.py
[2024-10-16T11:43:57.684+0000] {logging_mixin.py:190} INFO - [2024-10-16T11:43:57.684+0000] {dag.py:3239} INFO - Sync 4 DAGs
[2024-10-16T11:43:57.709+0000] {logging_mixin.py:190} INFO - [2024-10-16T11:43:57.708+0000] {dag.py:4180} INFO - Setting next_dagrun for dataset_alias_example_alias_consumer_with_no_taskflow to None, run_after=None
[2024-10-16T11:43:57.712+0000] {logging_mixin.py:190} INFO - [2024-10-16T11:43:57.712+0000] {dag.py:4180} INFO - Setting next_dagrun for dataset_alias_example_alias_producer_with_no_taskflow to None, run_after=None
[2024-10-16T11:43:57.714+0000] {logging_mixin.py:190} INFO - [2024-10-16T11:43:57.713+0000] {dag.py:4180} INFO - Setting next_dagrun for dataset_s3_bucket_consumer_with_no_taskflow to None, run_after=None
[2024-10-16T11:43:57.715+0000] {logging_mixin.py:190} INFO - [2024-10-16T11:43:57.715+0000] {dag.py:4180} INFO - Setting next_dagrun for dataset_s3_bucket_producer_with_no_taskflow to None, run_after=None
[2024-10-16T11:43:57.737+0000] {processor.py:208} INFO - Processing /home/airflow/.local/lib/python3.12/site-packages/airflow/example_dags/example_dataset_alias_with_no_taskflow.py took 0.261 seconds
[2024-10-16T11:44:27.795+0000] {processor.py:186} INFO - Started process (PID=127390) to work on /home/airflow/.local/lib/python3.12/site-packages/airflow/example_dags/example_dataset_alias_with_no_taskflow.py
[2024-10-16T11:44:27.796+0000] {processor.py:914} INFO - Processing file /home/airflow/.local/lib/python3.12/site-packages/airflow/example_dags/example_dataset_alias_with_no_taskflow.py for tasks to queue
[2024-10-16T11:44:27.798+0000] {logging_mixin.py:190} INFO - [2024-10-16T11:44:27.797+0000] {dagbag.py:588} INFO - Filling up the DagBag from /home/airflow/.local/lib/python3.12/site-packages/airflow/example_dags/example_dataset_alias_with_no_taskflow.py
[2024-10-16T11:44:27.977+0000] {processor.py:925} INFO - DAG(s) 'dataset_s3_bucket_consumer_with_no_taskflow', 'dataset_alias_example_alias_consumer_with_no_taskflow', 'dataset_s3_bucket_producer_with_no_taskflow', 'dataset_alias_example_alias_producer_with_no_taskflow' retrieved from /home/airflow/.local/lib/python3.12/site-packages/airflow/example_dags/example_dataset_alias_with_no_taskflow.py
[2024-10-16T11:44:28.168+0000] {logging_mixin.py:190} INFO - [2024-10-16T11:44:28.168+0000] {dag.py:3239} INFO - Sync 4 DAGs
[2024-10-16T11:44:28.192+0000] {logging_mixin.py:190} INFO - [2024-10-16T11:44:28.192+0000] {dag.py:4180} INFO - Setting next_dagrun for dataset_alias_example_alias_consumer_with_no_taskflow to None, run_after=None
[2024-10-16T11:44:28.195+0000] {logging_mixin.py:190} INFO - [2024-10-16T11:44:28.195+0000] {dag.py:4180} INFO - Setting next_dagrun for dataset_alias_example_alias_producer_with_no_taskflow to None, run_after=None
[2024-10-16T11:44:28.197+0000] {logging_mixin.py:190} INFO - [2024-10-16T11:44:28.196+0000] {dag.py:4180} INFO - Setting next_dagrun for dataset_s3_bucket_consumer_with_no_taskflow to None, run_after=None
[2024-10-16T11:44:28.198+0000] {logging_mixin.py:190} INFO - [2024-10-16T11:44:28.198+0000] {dag.py:4180} INFO - Setting next_dagrun for dataset_s3_bucket_producer_with_no_taskflow to None, run_after=None
[2024-10-16T11:44:28.219+0000] {processor.py:208} INFO - Processing /home/airflow/.local/lib/python3.12/site-packages/airflow/example_dags/example_dataset_alias_with_no_taskflow.py took 0.430 seconds
[2024-10-16T11:44:58.544+0000] {processor.py:186} INFO - Started process (PID=127453) to work on /home/airflow/.local/lib/python3.12/site-packages/airflow/example_dags/example_dataset_alias_with_no_taskflow.py
[2024-10-16T11:44:58.545+0000] {processor.py:914} INFO - Processing file /home/airflow/.local/lib/python3.12/site-packages/airflow/example_dags/example_dataset_alias_with_no_taskflow.py for tasks to queue
[2024-10-16T11:44:58.547+0000] {logging_mixin.py:190} INFO - [2024-10-16T11:44:58.547+0000] {dagbag.py:588} INFO - Filling up the DagBag from /home/airflow/.local/lib/python3.12/site-packages/airflow/example_dags/example_dataset_alias_with_no_taskflow.py
[2024-10-16T11:44:58.718+0000] {processor.py:925} INFO - DAG(s) 'dataset_s3_bucket_consumer_with_no_taskflow', 'dataset_s3_bucket_producer_with_no_taskflow', 'dataset_alias_example_alias_consumer_with_no_taskflow', 'dataset_alias_example_alias_producer_with_no_taskflow' retrieved from /home/airflow/.local/lib/python3.12/site-packages/airflow/example_dags/example_dataset_alias_with_no_taskflow.py
[2024-10-16T11:44:58.933+0000] {logging_mixin.py:190} INFO - [2024-10-16T11:44:58.932+0000] {dag.py:3239} INFO - Sync 4 DAGs
[2024-10-16T11:44:58.970+0000] {logging_mixin.py:190} INFO - [2024-10-16T11:44:58.970+0000] {dag.py:4180} INFO - Setting next_dagrun for dataset_alias_example_alias_consumer_with_no_taskflow to None, run_after=None
[2024-10-16T11:44:58.974+0000] {logging_mixin.py:190} INFO - [2024-10-16T11:44:58.974+0000] {dag.py:4180} INFO - Setting next_dagrun for dataset_alias_example_alias_producer_with_no_taskflow to None, run_after=None
[2024-10-16T11:44:58.977+0000] {logging_mixin.py:190} INFO - [2024-10-16T11:44:58.977+0000] {dag.py:4180} INFO - Setting next_dagrun for dataset_s3_bucket_consumer_with_no_taskflow to None, run_after=None
[2024-10-16T11:44:58.980+0000] {logging_mixin.py:190} INFO - [2024-10-16T11:44:58.979+0000] {dag.py:4180} INFO - Setting next_dagrun for dataset_s3_bucket_producer_with_no_taskflow to None, run_after=None
[2024-10-16T11:44:59.011+0000] {processor.py:208} INFO - Processing /home/airflow/.local/lib/python3.12/site-packages/airflow/example_dags/example_dataset_alias_with_no_taskflow.py took 0.474 seconds
[2024-10-16T11:45:29.417+0000] {processor.py:186} INFO - Started process (PID=127516) to work on /home/airflow/.local/lib/python3.12/site-packages/airflow/example_dags/example_dataset_alias_with_no_taskflow.py
[2024-10-16T11:45:29.418+0000] {processor.py:914} INFO - Processing file /home/airflow/.local/lib/python3.12/site-packages/airflow/example_dags/example_dataset_alias_with_no_taskflow.py for tasks to queue
[2024-10-16T11:45:29.420+0000] {logging_mixin.py:190} INFO - [2024-10-16T11:45:29.419+0000] {dagbag.py:588} INFO - Filling up the DagBag from /home/airflow/.local/lib/python3.12/site-packages/airflow/example_dags/example_dataset_alias_with_no_taskflow.py
[2024-10-16T11:45:29.586+0000] {processor.py:925} INFO - DAG(s) 'dataset_s3_bucket_producer_with_no_taskflow', 'dataset_s3_bucket_consumer_with_no_taskflow', 'dataset_alias_example_alias_consumer_with_no_taskflow', 'dataset_alias_example_alias_producer_with_no_taskflow' retrieved from /home/airflow/.local/lib/python3.12/site-packages/airflow/example_dags/example_dataset_alias_with_no_taskflow.py
[2024-10-16T11:45:29.610+0000] {logging_mixin.py:190} INFO - [2024-10-16T11:45:29.610+0000] {dag.py:3239} INFO - Sync 4 DAGs
[2024-10-16T11:45:29.796+0000] {logging_mixin.py:190} INFO - [2024-10-16T11:45:29.795+0000] {dag.py:4180} INFO - Setting next_dagrun for dataset_alias_example_alias_consumer_with_no_taskflow to None, run_after=None
[2024-10-16T11:45:29.799+0000] {logging_mixin.py:190} INFO - [2024-10-16T11:45:29.799+0000] {dag.py:4180} INFO - Setting next_dagrun for dataset_alias_example_alias_producer_with_no_taskflow to None, run_after=None
[2024-10-16T11:45:29.800+0000] {logging_mixin.py:190} INFO - [2024-10-16T11:45:29.800+0000] {dag.py:4180} INFO - Setting next_dagrun for dataset_s3_bucket_consumer_with_no_taskflow to None, run_after=None
[2024-10-16T11:45:29.802+0000] {logging_mixin.py:190} INFO - [2024-10-16T11:45:29.802+0000] {dag.py:4180} INFO - Setting next_dagrun for dataset_s3_bucket_producer_with_no_taskflow to None, run_after=None
[2024-10-16T11:45:29.825+0000] {processor.py:208} INFO - Processing /home/airflow/.local/lib/python3.12/site-packages/airflow/example_dags/example_dataset_alias_with_no_taskflow.py took 0.415 seconds
[2024-10-16T11:46:00.373+0000] {processor.py:186} INFO - Started process (PID=127580) to work on /home/airflow/.local/lib/python3.12/site-packages/airflow/example_dags/example_dataset_alias_with_no_taskflow.py
[2024-10-16T11:46:00.374+0000] {processor.py:914} INFO - Processing file /home/airflow/.local/lib/python3.12/site-packages/airflow/example_dags/example_dataset_alias_with_no_taskflow.py for tasks to queue
[2024-10-16T11:46:00.378+0000] {logging_mixin.py:190} INFO - [2024-10-16T11:46:00.376+0000] {dagbag.py:588} INFO - Filling up the DagBag from /home/airflow/.local/lib/python3.12/site-packages/airflow/example_dags/example_dataset_alias_with_no_taskflow.py
[2024-10-16T11:46:00.603+0000] {processor.py:925} INFO - DAG(s) 'dataset_s3_bucket_consumer_with_no_taskflow', 'dataset_s3_bucket_producer_with_no_taskflow', 'dataset_alias_example_alias_producer_with_no_taskflow', 'dataset_alias_example_alias_consumer_with_no_taskflow' retrieved from /home/airflow/.local/lib/python3.12/site-packages/airflow/example_dags/example_dataset_alias_with_no_taskflow.py
[2024-10-16T11:46:00.789+0000] {logging_mixin.py:190} INFO - [2024-10-16T11:46:00.788+0000] {dag.py:3239} INFO - Sync 4 DAGs
