[2024-10-16T11:29:53.873+0000] {processor.py:186} INFO - Started process (PID=125577) to work on /home/airflow/.local/lib/python3.12/site-packages/airflow/example_dags/example_sla_dag.py
[2024-10-16T11:29:53.885+0000] {processor.py:914} INFO - Processing file /home/airflow/.local/lib/python3.12/site-packages/airflow/example_dags/example_sla_dag.py for tasks to queue
[2024-10-16T11:29:53.909+0000] {logging_mixin.py:190} INFO - [2024-10-16T11:29:53.909+0000] {dagbag.py:588} INFO - Filling up the DagBag from /home/airflow/.local/lib/python3.12/site-packages/airflow/example_dags/example_sla_dag.py
[2024-10-16T11:29:54.035+0000] {processor.py:925} INFO - DAG(s) 'example_sla_dag' retrieved from /home/airflow/.local/lib/python3.12/site-packages/airflow/example_dags/example_sla_dag.py
[2024-10-16T11:29:54.179+0000] {logging_mixin.py:190} INFO - [2024-10-16T11:29:54.178+0000] {dag.py:3239} INFO - Sync 1 DAGs
[2024-10-16T11:29:54.514+0000] {logging_mixin.py:190} INFO - [2024-10-16T11:29:54.514+0000] {dag.py:4180} INFO - Setting next_dagrun for example_sla_dag to 2024-10-16 11:26:00+00:00, run_after=2024-10-16 11:28:00+00:00
[2024-10-16T11:29:54.592+0000] {processor.py:208} INFO - Processing /home/airflow/.local/lib/python3.12/site-packages/airflow/example_dags/example_sla_dag.py took 0.745 seconds
[2024-10-16T11:30:24.760+0000] {processor.py:186} INFO - Started process (PID=125641) to work on /home/airflow/.local/lib/python3.12/site-packages/airflow/example_dags/example_sla_dag.py
[2024-10-16T11:30:24.762+0000] {processor.py:914} INFO - Processing file /home/airflow/.local/lib/python3.12/site-packages/airflow/example_dags/example_sla_dag.py for tasks to queue
[2024-10-16T11:30:24.764+0000] {logging_mixin.py:190} INFO - [2024-10-16T11:30:24.763+0000] {dagbag.py:588} INFO - Filling up the DagBag from /home/airflow/.local/lib/python3.12/site-packages/airflow/example_dags/example_sla_dag.py
[2024-10-16T11:30:24.780+0000] {processor.py:925} INFO - DAG(s) 'example_sla_dag' retrieved from /home/airflow/.local/lib/python3.12/site-packages/airflow/example_dags/example_sla_dag.py
[2024-10-16T11:30:24.815+0000] {logging_mixin.py:190} INFO - [2024-10-16T11:30:24.814+0000] {dag.py:3239} INFO - Sync 1 DAGs
[2024-10-16T11:30:24.886+0000] {logging_mixin.py:190} INFO - [2024-10-16T11:30:24.886+0000] {dag.py:4180} INFO - Setting next_dagrun for example_sla_dag to 2024-10-16 11:28:00+00:00, run_after=2024-10-16 11:30:00+00:00
[2024-10-16T11:30:24.950+0000] {processor.py:208} INFO - Processing /home/airflow/.local/lib/python3.12/site-packages/airflow/example_dags/example_sla_dag.py took 0.196 seconds
[2024-10-16T11:30:55.623+0000] {processor.py:186} INFO - Started process (PID=125704) to work on /home/airflow/.local/lib/python3.12/site-packages/airflow/example_dags/example_sla_dag.py
[2024-10-16T11:30:55.624+0000] {processor.py:914} INFO - Processing file /home/airflow/.local/lib/python3.12/site-packages/airflow/example_dags/example_sla_dag.py for tasks to queue
[2024-10-16T11:30:55.626+0000] {logging_mixin.py:190} INFO - [2024-10-16T11:30:55.625+0000] {dagbag.py:588} INFO - Filling up the DagBag from /home/airflow/.local/lib/python3.12/site-packages/airflow/example_dags/example_sla_dag.py
[2024-10-16T11:30:55.636+0000] {processor.py:925} INFO - DAG(s) 'example_sla_dag' retrieved from /home/airflow/.local/lib/python3.12/site-packages/airflow/example_dags/example_sla_dag.py
[2024-10-16T11:30:55.654+0000] {logging_mixin.py:190} INFO - [2024-10-16T11:30:55.654+0000] {dag.py:3239} INFO - Sync 1 DAGs
[2024-10-16T11:30:55.679+0000] {logging_mixin.py:190} INFO - [2024-10-16T11:30:55.679+0000] {dag.py:4180} INFO - Setting next_dagrun for example_sla_dag to 2024-10-16 11:28:00+00:00, run_after=2024-10-16 11:30:00+00:00
[2024-10-16T11:30:55.696+0000] {processor.py:208} INFO - Processing /home/airflow/.local/lib/python3.12/site-packages/airflow/example_dags/example_sla_dag.py took 0.079 seconds
[2024-10-16T11:31:26.443+0000] {processor.py:186} INFO - Started process (PID=125767) to work on /home/airflow/.local/lib/python3.12/site-packages/airflow/example_dags/example_sla_dag.py
[2024-10-16T11:31:26.444+0000] {processor.py:914} INFO - Processing file /home/airflow/.local/lib/python3.12/site-packages/airflow/example_dags/example_sla_dag.py for tasks to queue
[2024-10-16T11:31:26.445+0000] {logging_mixin.py:190} INFO - [2024-10-16T11:31:26.445+0000] {dagbag.py:588} INFO - Filling up the DagBag from /home/airflow/.local/lib/python3.12/site-packages/airflow/example_dags/example_sla_dag.py
[2024-10-16T11:31:26.456+0000] {processor.py:925} INFO - DAG(s) 'example_sla_dag' retrieved from /home/airflow/.local/lib/python3.12/site-packages/airflow/example_dags/example_sla_dag.py
[2024-10-16T11:31:26.477+0000] {logging_mixin.py:190} INFO - [2024-10-16T11:31:26.477+0000] {dag.py:3239} INFO - Sync 1 DAGs
[2024-10-16T11:31:26.503+0000] {logging_mixin.py:190} INFO - [2024-10-16T11:31:26.503+0000] {dag.py:4180} INFO - Setting next_dagrun for example_sla_dag to 2024-10-16 11:28:00+00:00, run_after=2024-10-16 11:30:00+00:00
[2024-10-16T11:31:26.520+0000] {processor.py:208} INFO - Processing /home/airflow/.local/lib/python3.12/site-packages/airflow/example_dags/example_sla_dag.py took 0.083 seconds
[2024-10-16T11:31:57.275+0000] {processor.py:186} INFO - Started process (PID=125830) to work on /home/airflow/.local/lib/python3.12/site-packages/airflow/example_dags/example_sla_dag.py
[2024-10-16T11:31:57.284+0000] {processor.py:914} INFO - Processing file /home/airflow/.local/lib/python3.12/site-packages/airflow/example_dags/example_sla_dag.py for tasks to queue
[2024-10-16T11:31:57.293+0000] {logging_mixin.py:190} INFO - [2024-10-16T11:31:57.292+0000] {dagbag.py:588} INFO - Filling up the DagBag from /home/airflow/.local/lib/python3.12/site-packages/airflow/example_dags/example_sla_dag.py
[2024-10-16T11:31:57.325+0000] {processor.py:925} INFO - DAG(s) 'example_sla_dag' retrieved from /home/airflow/.local/lib/python3.12/site-packages/airflow/example_dags/example_sla_dag.py
[2024-10-16T11:31:57.416+0000] {logging_mixin.py:190} INFO - [2024-10-16T11:31:57.415+0000] {dag.py:3239} INFO - Sync 1 DAGs
[2024-10-16T11:31:57.547+0000] {logging_mixin.py:190} INFO - [2024-10-16T11:31:57.543+0000] {dag.py:4180} INFO - Setting next_dagrun for example_sla_dag to 2024-10-16 11:28:00+00:00, run_after=2024-10-16 11:30:00+00:00
[2024-10-16T11:31:57.626+0000] {processor.py:208} INFO - Processing /home/airflow/.local/lib/python3.12/site-packages/airflow/example_dags/example_sla_dag.py took 0.368 seconds
[2024-10-16T11:32:28.457+0000] {processor.py:186} INFO - Started process (PID=125893) to work on /home/airflow/.local/lib/python3.12/site-packages/airflow/example_dags/example_sla_dag.py
[2024-10-16T11:32:28.458+0000] {processor.py:914} INFO - Processing file /home/airflow/.local/lib/python3.12/site-packages/airflow/example_dags/example_sla_dag.py for tasks to queue
[2024-10-16T11:32:28.459+0000] {logging_mixin.py:190} INFO - [2024-10-16T11:32:28.459+0000] {dagbag.py:588} INFO - Filling up the DagBag from /home/airflow/.local/lib/python3.12/site-packages/airflow/example_dags/example_sla_dag.py
[2024-10-16T11:32:28.469+0000] {processor.py:925} INFO - DAG(s) 'example_sla_dag' retrieved from /home/airflow/.local/lib/python3.12/site-packages/airflow/example_dags/example_sla_dag.py
[2024-10-16T11:32:28.487+0000] {logging_mixin.py:190} INFO - [2024-10-16T11:32:28.487+0000] {dag.py:3239} INFO - Sync 1 DAGs
[2024-10-16T11:32:28.512+0000] {logging_mixin.py:190} INFO - [2024-10-16T11:32:28.512+0000] {dag.py:4180} INFO - Setting next_dagrun for example_sla_dag to 2024-10-16 11:30:00+00:00, run_after=2024-10-16 11:32:00+00:00
[2024-10-16T11:32:28.535+0000] {processor.py:208} INFO - Processing /home/airflow/.local/lib/python3.12/site-packages/airflow/example_dags/example_sla_dag.py took 0.084 seconds
[2024-10-16T11:32:58.914+0000] {processor.py:186} INFO - Started process (PID=125956) to work on /home/airflow/.local/lib/python3.12/site-packages/airflow/example_dags/example_sla_dag.py
[2024-10-16T11:32:58.915+0000] {processor.py:914} INFO - Processing file /home/airflow/.local/lib/python3.12/site-packages/airflow/example_dags/example_sla_dag.py for tasks to queue
[2024-10-16T11:32:58.916+0000] {logging_mixin.py:190} INFO - [2024-10-16T11:32:58.916+0000] {dagbag.py:588} INFO - Filling up the DagBag from /home/airflow/.local/lib/python3.12/site-packages/airflow/example_dags/example_sla_dag.py
[2024-10-16T11:32:58.927+0000] {processor.py:925} INFO - DAG(s) 'example_sla_dag' retrieved from /home/airflow/.local/lib/python3.12/site-packages/airflow/example_dags/example_sla_dag.py
[2024-10-16T11:32:58.947+0000] {logging_mixin.py:190} INFO - [2024-10-16T11:32:58.947+0000] {dag.py:3239} INFO - Sync 1 DAGs
[2024-10-16T11:32:58.972+0000] {logging_mixin.py:190} INFO - [2024-10-16T11:32:58.972+0000] {dag.py:4180} INFO - Setting next_dagrun for example_sla_dag to 2024-10-16 11:30:00+00:00, run_after=2024-10-16 11:32:00+00:00
[2024-10-16T11:32:58.992+0000] {processor.py:208} INFO - Processing /home/airflow/.local/lib/python3.12/site-packages/airflow/example_dags/example_sla_dag.py took 0.084 seconds
[2024-10-16T11:33:29.245+0000] {processor.py:186} INFO - Started process (PID=126019) to work on /home/airflow/.local/lib/python3.12/site-packages/airflow/example_dags/example_sla_dag.py
[2024-10-16T11:33:29.246+0000] {processor.py:914} INFO - Processing file /home/airflow/.local/lib/python3.12/site-packages/airflow/example_dags/example_sla_dag.py for tasks to queue
[2024-10-16T11:33:29.248+0000] {logging_mixin.py:190} INFO - [2024-10-16T11:33:29.247+0000] {dagbag.py:588} INFO - Filling up the DagBag from /home/airflow/.local/lib/python3.12/site-packages/airflow/example_dags/example_sla_dag.py
[2024-10-16T11:33:29.259+0000] {processor.py:925} INFO - DAG(s) 'example_sla_dag' retrieved from /home/airflow/.local/lib/python3.12/site-packages/airflow/example_dags/example_sla_dag.py
[2024-10-16T11:33:29.280+0000] {logging_mixin.py:190} INFO - [2024-10-16T11:33:29.279+0000] {dag.py:3239} INFO - Sync 1 DAGs
[2024-10-16T11:33:29.308+0000] {logging_mixin.py:190} INFO - [2024-10-16T11:33:29.308+0000] {dag.py:4180} INFO - Setting next_dagrun for example_sla_dag to 2024-10-16 11:30:00+00:00, run_after=2024-10-16 11:32:00+00:00
[2024-10-16T11:33:29.324+0000] {processor.py:208} INFO - Processing /home/airflow/.local/lib/python3.12/site-packages/airflow/example_dags/example_sla_dag.py took 0.085 seconds
[2024-10-16T11:33:59.540+0000] {processor.py:186} INFO - Started process (PID=126082) to work on /home/airflow/.local/lib/python3.12/site-packages/airflow/example_dags/example_sla_dag.py
[2024-10-16T11:33:59.542+0000] {processor.py:914} INFO - Processing file /home/airflow/.local/lib/python3.12/site-packages/airflow/example_dags/example_sla_dag.py for tasks to queue
[2024-10-16T11:33:59.545+0000] {logging_mixin.py:190} INFO - [2024-10-16T11:33:59.544+0000] {dagbag.py:588} INFO - Filling up the DagBag from /home/airflow/.local/lib/python3.12/site-packages/airflow/example_dags/example_sla_dag.py
[2024-10-16T11:33:59.556+0000] {processor.py:925} INFO - DAG(s) 'example_sla_dag' retrieved from /home/airflow/.local/lib/python3.12/site-packages/airflow/example_dags/example_sla_dag.py
[2024-10-16T11:33:59.576+0000] {logging_mixin.py:190} INFO - [2024-10-16T11:33:59.575+0000] {dag.py:3239} INFO - Sync 1 DAGs
[2024-10-16T11:33:59.603+0000] {logging_mixin.py:190} INFO - [2024-10-16T11:33:59.603+0000] {dag.py:4180} INFO - Setting next_dagrun for example_sla_dag to 2024-10-16 11:30:00+00:00, run_after=2024-10-16 11:32:00+00:00
[2024-10-16T11:33:59.623+0000] {processor.py:208} INFO - Processing /home/airflow/.local/lib/python3.12/site-packages/airflow/example_dags/example_sla_dag.py took 0.088 seconds
[2024-10-16T11:34:29.874+0000] {processor.py:186} INFO - Started process (PID=126146) to work on /home/airflow/.local/lib/python3.12/site-packages/airflow/example_dags/example_sla_dag.py
[2024-10-16T11:34:29.875+0000] {processor.py:914} INFO - Processing file /home/airflow/.local/lib/python3.12/site-packages/airflow/example_dags/example_sla_dag.py for tasks to queue
[2024-10-16T11:34:29.877+0000] {logging_mixin.py:190} INFO - [2024-10-16T11:34:29.876+0000] {dagbag.py:588} INFO - Filling up the DagBag from /home/airflow/.local/lib/python3.12/site-packages/airflow/example_dags/example_sla_dag.py
[2024-10-16T11:34:29.889+0000] {processor.py:925} INFO - DAG(s) 'example_sla_dag' retrieved from /home/airflow/.local/lib/python3.12/site-packages/airflow/example_dags/example_sla_dag.py
[2024-10-16T11:34:29.911+0000] {logging_mixin.py:190} INFO - [2024-10-16T11:34:29.911+0000] {dag.py:3239} INFO - Sync 1 DAGs
[2024-10-16T11:34:29.940+0000] {logging_mixin.py:190} INFO - [2024-10-16T11:34:29.940+0000] {dag.py:4180} INFO - Setting next_dagrun for example_sla_dag to 2024-10-16 11:32:00+00:00, run_after=2024-10-16 11:34:00+00:00
[2024-10-16T11:34:29.959+0000] {processor.py:208} INFO - Processing /home/airflow/.local/lib/python3.12/site-packages/airflow/example_dags/example_sla_dag.py took 0.092 seconds
[2024-10-16T11:35:00.075+0000] {processor.py:186} INFO - Started process (PID=126209) to work on /home/airflow/.local/lib/python3.12/site-packages/airflow/example_dags/example_sla_dag.py
[2024-10-16T11:35:00.076+0000] {processor.py:914} INFO - Processing file /home/airflow/.local/lib/python3.12/site-packages/airflow/example_dags/example_sla_dag.py for tasks to queue
[2024-10-16T11:35:00.077+0000] {logging_mixin.py:190} INFO - [2024-10-16T11:35:00.077+0000] {dagbag.py:588} INFO - Filling up the DagBag from /home/airflow/.local/lib/python3.12/site-packages/airflow/example_dags/example_sla_dag.py
[2024-10-16T11:35:00.090+0000] {processor.py:925} INFO - DAG(s) 'example_sla_dag' retrieved from /home/airflow/.local/lib/python3.12/site-packages/airflow/example_dags/example_sla_dag.py
[2024-10-16T11:35:00.114+0000] {logging_mixin.py:190} INFO - [2024-10-16T11:35:00.114+0000] {dag.py:3239} INFO - Sync 1 DAGs
[2024-10-16T11:35:00.148+0000] {logging_mixin.py:190} INFO - [2024-10-16T11:35:00.147+0000] {dag.py:4180} INFO - Setting next_dagrun for example_sla_dag to 2024-10-16 11:32:00+00:00, run_after=2024-10-16 11:34:00+00:00
[2024-10-16T11:35:00.174+0000] {processor.py:208} INFO - Processing /home/airflow/.local/lib/python3.12/site-packages/airflow/example_dags/example_sla_dag.py took 0.105 seconds
[2024-10-16T11:35:30.721+0000] {processor.py:186} INFO - Started process (PID=126272) to work on /home/airflow/.local/lib/python3.12/site-packages/airflow/example_dags/example_sla_dag.py
[2024-10-16T11:35:30.722+0000] {processor.py:914} INFO - Processing file /home/airflow/.local/lib/python3.12/site-packages/airflow/example_dags/example_sla_dag.py for tasks to queue
[2024-10-16T11:35:30.723+0000] {logging_mixin.py:190} INFO - [2024-10-16T11:35:30.723+0000] {dagbag.py:588} INFO - Filling up the DagBag from /home/airflow/.local/lib/python3.12/site-packages/airflow/example_dags/example_sla_dag.py
[2024-10-16T11:35:30.733+0000] {processor.py:925} INFO - DAG(s) 'example_sla_dag' retrieved from /home/airflow/.local/lib/python3.12/site-packages/airflow/example_dags/example_sla_dag.py
[2024-10-16T11:35:30.751+0000] {logging_mixin.py:190} INFO - [2024-10-16T11:35:30.750+0000] {dag.py:3239} INFO - Sync 1 DAGs
[2024-10-16T11:35:30.774+0000] {logging_mixin.py:190} INFO - [2024-10-16T11:35:30.773+0000] {dag.py:4180} INFO - Setting next_dagrun for example_sla_dag to 2024-10-16 11:32:00+00:00, run_after=2024-10-16 11:34:00+00:00
[2024-10-16T11:35:30.791+0000] {processor.py:208} INFO - Processing /home/airflow/.local/lib/python3.12/site-packages/airflow/example_dags/example_sla_dag.py took 0.074 seconds
[2024-10-16T11:36:01.283+0000] {processor.py:186} INFO - Started process (PID=126335) to work on /home/airflow/.local/lib/python3.12/site-packages/airflow/example_dags/example_sla_dag.py
[2024-10-16T11:36:01.284+0000] {processor.py:914} INFO - Processing file /home/airflow/.local/lib/python3.12/site-packages/airflow/example_dags/example_sla_dag.py for tasks to queue
[2024-10-16T11:36:01.287+0000] {logging_mixin.py:190} INFO - [2024-10-16T11:36:01.286+0000] {dagbag.py:588} INFO - Filling up the DagBag from /home/airflow/.local/lib/python3.12/site-packages/airflow/example_dags/example_sla_dag.py
[2024-10-16T11:36:01.305+0000] {processor.py:925} INFO - DAG(s) 'example_sla_dag' retrieved from /home/airflow/.local/lib/python3.12/site-packages/airflow/example_dags/example_sla_dag.py
[2024-10-16T11:36:01.337+0000] {logging_mixin.py:190} INFO - [2024-10-16T11:36:01.337+0000] {dag.py:3239} INFO - Sync 1 DAGs
[2024-10-16T11:36:01.377+0000] {logging_mixin.py:190} INFO - [2024-10-16T11:36:01.377+0000] {dag.py:4180} INFO - Setting next_dagrun for example_sla_dag to 2024-10-16 11:34:00+00:00, run_after=2024-10-16 11:36:00+00:00
[2024-10-16T11:36:01.400+0000] {processor.py:208} INFO - Processing /home/airflow/.local/lib/python3.12/site-packages/airflow/example_dags/example_sla_dag.py took 0.128 seconds
[2024-10-16T11:36:31.960+0000] {processor.py:186} INFO - Started process (PID=126399) to work on /home/airflow/.local/lib/python3.12/site-packages/airflow/example_dags/example_sla_dag.py
[2024-10-16T11:36:31.961+0000] {processor.py:914} INFO - Processing file /home/airflow/.local/lib/python3.12/site-packages/airflow/example_dags/example_sla_dag.py for tasks to queue
[2024-10-16T11:36:31.962+0000] {logging_mixin.py:190} INFO - [2024-10-16T11:36:31.962+0000] {dagbag.py:588} INFO - Filling up the DagBag from /home/airflow/.local/lib/python3.12/site-packages/airflow/example_dags/example_sla_dag.py
[2024-10-16T11:36:31.973+0000] {processor.py:925} INFO - DAG(s) 'example_sla_dag' retrieved from /home/airflow/.local/lib/python3.12/site-packages/airflow/example_dags/example_sla_dag.py
[2024-10-16T11:36:31.991+0000] {logging_mixin.py:190} INFO - [2024-10-16T11:36:31.991+0000] {dag.py:3239} INFO - Sync 1 DAGs
[2024-10-16T11:36:32.020+0000] {logging_mixin.py:190} INFO - [2024-10-16T11:36:32.020+0000] {dag.py:4180} INFO - Setting next_dagrun for example_sla_dag to 2024-10-16 11:34:00+00:00, run_after=2024-10-16 11:36:00+00:00
[2024-10-16T11:36:32.038+0000] {processor.py:208} INFO - Processing /home/airflow/.local/lib/python3.12/site-packages/airflow/example_dags/example_sla_dag.py took 0.084 seconds
[2024-10-16T11:37:02.333+0000] {processor.py:186} INFO - Started process (PID=126462) to work on /home/airflow/.local/lib/python3.12/site-packages/airflow/example_dags/example_sla_dag.py
[2024-10-16T11:37:02.334+0000] {processor.py:914} INFO - Processing file /home/airflow/.local/lib/python3.12/site-packages/airflow/example_dags/example_sla_dag.py for tasks to queue
[2024-10-16T11:37:02.335+0000] {logging_mixin.py:190} INFO - [2024-10-16T11:37:02.334+0000] {dagbag.py:588} INFO - Filling up the DagBag from /home/airflow/.local/lib/python3.12/site-packages/airflow/example_dags/example_sla_dag.py
[2024-10-16T11:37:02.345+0000] {processor.py:925} INFO - DAG(s) 'example_sla_dag' retrieved from /home/airflow/.local/lib/python3.12/site-packages/airflow/example_dags/example_sla_dag.py
[2024-10-16T11:37:02.363+0000] {logging_mixin.py:190} INFO - [2024-10-16T11:37:02.363+0000] {dag.py:3239} INFO - Sync 1 DAGs
[2024-10-16T11:37:02.387+0000] {logging_mixin.py:190} INFO - [2024-10-16T11:37:02.387+0000] {dag.py:4180} INFO - Setting next_dagrun for example_sla_dag to 2024-10-16 11:34:00+00:00, run_after=2024-10-16 11:36:00+00:00
[2024-10-16T11:37:02.404+0000] {processor.py:208} INFO - Processing /home/airflow/.local/lib/python3.12/site-packages/airflow/example_dags/example_sla_dag.py took 0.076 seconds
[2024-10-16T11:37:32.815+0000] {processor.py:186} INFO - Started process (PID=126525) to work on /home/airflow/.local/lib/python3.12/site-packages/airflow/example_dags/example_sla_dag.py
[2024-10-16T11:37:32.817+0000] {processor.py:914} INFO - Processing file /home/airflow/.local/lib/python3.12/site-packages/airflow/example_dags/example_sla_dag.py for tasks to queue
[2024-10-16T11:37:32.819+0000] {logging_mixin.py:190} INFO - [2024-10-16T11:37:32.818+0000] {dagbag.py:588} INFO - Filling up the DagBag from /home/airflow/.local/lib/python3.12/site-packages/airflow/example_dags/example_sla_dag.py
[2024-10-16T11:37:32.831+0000] {processor.py:925} INFO - DAG(s) 'example_sla_dag' retrieved from /home/airflow/.local/lib/python3.12/site-packages/airflow/example_dags/example_sla_dag.py
[2024-10-16T11:37:32.858+0000] {logging_mixin.py:190} INFO - [2024-10-16T11:37:32.857+0000] {dag.py:3239} INFO - Sync 1 DAGs
[2024-10-16T11:37:32.893+0000] {logging_mixin.py:190} INFO - [2024-10-16T11:37:32.892+0000] {dag.py:4180} INFO - Setting next_dagrun for example_sla_dag to 2024-10-16 11:34:00+00:00, run_after=2024-10-16 11:36:00+00:00
[2024-10-16T11:37:32.922+0000] {processor.py:208} INFO - Processing /home/airflow/.local/lib/python3.12/site-packages/airflow/example_dags/example_sla_dag.py took 0.117 seconds
[2024-10-16T11:38:03.002+0000] {processor.py:186} INFO - Started process (PID=126588) to work on /home/airflow/.local/lib/python3.12/site-packages/airflow/example_dags/example_sla_dag.py
[2024-10-16T11:38:03.003+0000] {processor.py:914} INFO - Processing file /home/airflow/.local/lib/python3.12/site-packages/airflow/example_dags/example_sla_dag.py for tasks to queue
[2024-10-16T11:38:03.005+0000] {logging_mixin.py:190} INFO - [2024-10-16T11:38:03.005+0000] {dagbag.py:588} INFO - Filling up the DagBag from /home/airflow/.local/lib/python3.12/site-packages/airflow/example_dags/example_sla_dag.py
[2024-10-16T11:38:03.017+0000] {processor.py:925} INFO - DAG(s) 'example_sla_dag' retrieved from /home/airflow/.local/lib/python3.12/site-packages/airflow/example_dags/example_sla_dag.py
[2024-10-16T11:38:03.040+0000] {logging_mixin.py:190} INFO - [2024-10-16T11:38:03.040+0000] {dag.py:3239} INFO - Sync 1 DAGs
[2024-10-16T11:38:03.069+0000] {logging_mixin.py:190} INFO - [2024-10-16T11:38:03.068+0000] {dag.py:4180} INFO - Setting next_dagrun for example_sla_dag to 2024-10-16 11:36:00+00:00, run_after=2024-10-16 11:38:00+00:00
[2024-10-16T11:38:03.089+0000] {processor.py:208} INFO - Processing /home/airflow/.local/lib/python3.12/site-packages/airflow/example_dags/example_sla_dag.py took 0.093 seconds
[2024-10-16T11:38:33.692+0000] {processor.py:186} INFO - Started process (PID=126652) to work on /home/airflow/.local/lib/python3.12/site-packages/airflow/example_dags/example_sla_dag.py
[2024-10-16T11:38:33.693+0000] {processor.py:914} INFO - Processing file /home/airflow/.local/lib/python3.12/site-packages/airflow/example_dags/example_sla_dag.py for tasks to queue
[2024-10-16T11:38:33.695+0000] {logging_mixin.py:190} INFO - [2024-10-16T11:38:33.694+0000] {dagbag.py:588} INFO - Filling up the DagBag from /home/airflow/.local/lib/python3.12/site-packages/airflow/example_dags/example_sla_dag.py
[2024-10-16T11:38:33.706+0000] {processor.py:925} INFO - DAG(s) 'example_sla_dag' retrieved from /home/airflow/.local/lib/python3.12/site-packages/airflow/example_dags/example_sla_dag.py
[2024-10-16T11:38:33.728+0000] {logging_mixin.py:190} INFO - [2024-10-16T11:38:33.727+0000] {dag.py:3239} INFO - Sync 1 DAGs
[2024-10-16T11:38:33.758+0000] {logging_mixin.py:190} INFO - [2024-10-16T11:38:33.758+0000] {dag.py:4180} INFO - Setting next_dagrun for example_sla_dag to 2024-10-16 11:36:00+00:00, run_after=2024-10-16 11:38:00+00:00
[2024-10-16T11:38:33.778+0000] {processor.py:208} INFO - Processing /home/airflow/.local/lib/python3.12/site-packages/airflow/example_dags/example_sla_dag.py took 0.093 seconds
[2024-10-16T11:39:04.627+0000] {processor.py:186} INFO - Started process (PID=126714) to work on /home/airflow/.local/lib/python3.12/site-packages/airflow/example_dags/example_sla_dag.py
[2024-10-16T11:39:04.628+0000] {processor.py:914} INFO - Processing file /home/airflow/.local/lib/python3.12/site-packages/airflow/example_dags/example_sla_dag.py for tasks to queue
[2024-10-16T11:39:04.630+0000] {logging_mixin.py:190} INFO - [2024-10-16T11:39:04.629+0000] {dagbag.py:588} INFO - Filling up the DagBag from /home/airflow/.local/lib/python3.12/site-packages/airflow/example_dags/example_sla_dag.py
[2024-10-16T11:39:04.642+0000] {processor.py:925} INFO - DAG(s) 'example_sla_dag' retrieved from /home/airflow/.local/lib/python3.12/site-packages/airflow/example_dags/example_sla_dag.py
[2024-10-16T11:39:04.663+0000] {logging_mixin.py:190} INFO - [2024-10-16T11:39:04.663+0000] {dag.py:3239} INFO - Sync 1 DAGs
[2024-10-16T11:39:04.692+0000] {logging_mixin.py:190} INFO - [2024-10-16T11:39:04.691+0000] {dag.py:4180} INFO - Setting next_dagrun for example_sla_dag to 2024-10-16 11:36:00+00:00, run_after=2024-10-16 11:38:00+00:00
[2024-10-16T11:39:04.712+0000] {processor.py:208} INFO - Processing /home/airflow/.local/lib/python3.12/site-packages/airflow/example_dags/example_sla_dag.py took 0.092 seconds
[2024-10-16T11:39:35.466+0000] {processor.py:186} INFO - Started process (PID=126777) to work on /home/airflow/.local/lib/python3.12/site-packages/airflow/example_dags/example_sla_dag.py
[2024-10-16T11:39:35.467+0000] {processor.py:914} INFO - Processing file /home/airflow/.local/lib/python3.12/site-packages/airflow/example_dags/example_sla_dag.py for tasks to queue
[2024-10-16T11:39:35.469+0000] {logging_mixin.py:190} INFO - [2024-10-16T11:39:35.468+0000] {dagbag.py:588} INFO - Filling up the DagBag from /home/airflow/.local/lib/python3.12/site-packages/airflow/example_dags/example_sla_dag.py
[2024-10-16T11:39:35.485+0000] {processor.py:925} INFO - DAG(s) 'example_sla_dag' retrieved from /home/airflow/.local/lib/python3.12/site-packages/airflow/example_dags/example_sla_dag.py
[2024-10-16T11:39:35.506+0000] {logging_mixin.py:190} INFO - [2024-10-16T11:39:35.505+0000] {dag.py:3239} INFO - Sync 1 DAGs
[2024-10-16T11:39:35.534+0000] {logging_mixin.py:190} INFO - [2024-10-16T11:39:35.534+0000] {dag.py:4180} INFO - Setting next_dagrun for example_sla_dag to 2024-10-16 11:36:00+00:00, run_after=2024-10-16 11:38:00+00:00
[2024-10-16T11:39:35.554+0000] {processor.py:208} INFO - Processing /home/airflow/.local/lib/python3.12/site-packages/airflow/example_dags/example_sla_dag.py took 0.096 seconds
[2024-10-16T11:40:06.221+0000] {processor.py:186} INFO - Started process (PID=126840) to work on /home/airflow/.local/lib/python3.12/site-packages/airflow/example_dags/example_sla_dag.py
[2024-10-16T11:40:06.224+0000] {processor.py:914} INFO - Processing file /home/airflow/.local/lib/python3.12/site-packages/airflow/example_dags/example_sla_dag.py for tasks to queue
[2024-10-16T11:40:06.226+0000] {logging_mixin.py:190} INFO - [2024-10-16T11:40:06.225+0000] {dagbag.py:588} INFO - Filling up the DagBag from /home/airflow/.local/lib/python3.12/site-packages/airflow/example_dags/example_sla_dag.py
[2024-10-16T11:40:06.237+0000] {processor.py:925} INFO - DAG(s) 'example_sla_dag' retrieved from /home/airflow/.local/lib/python3.12/site-packages/airflow/example_dags/example_sla_dag.py
[2024-10-16T11:40:06.258+0000] {logging_mixin.py:190} INFO - [2024-10-16T11:40:06.258+0000] {dag.py:3239} INFO - Sync 1 DAGs
[2024-10-16T11:40:06.288+0000] {logging_mixin.py:190} INFO - [2024-10-16T11:40:06.287+0000] {dag.py:4180} INFO - Setting next_dagrun for example_sla_dag to 2024-10-16 11:38:00+00:00, run_after=2024-10-16 11:40:00+00:00
[2024-10-16T11:40:06.309+0000] {processor.py:208} INFO - Processing /home/airflow/.local/lib/python3.12/site-packages/airflow/example_dags/example_sla_dag.py took 0.094 seconds
[2024-10-16T11:40:36.456+0000] {processor.py:186} INFO - Started process (PID=126902) to work on /home/airflow/.local/lib/python3.12/site-packages/airflow/example_dags/example_sla_dag.py
[2024-10-16T11:40:36.457+0000] {processor.py:914} INFO - Processing file /home/airflow/.local/lib/python3.12/site-packages/airflow/example_dags/example_sla_dag.py for tasks to queue
[2024-10-16T11:40:36.458+0000] {logging_mixin.py:190} INFO - [2024-10-16T11:40:36.458+0000] {dagbag.py:588} INFO - Filling up the DagBag from /home/airflow/.local/lib/python3.12/site-packages/airflow/example_dags/example_sla_dag.py
[2024-10-16T11:40:36.469+0000] {processor.py:925} INFO - DAG(s) 'example_sla_dag' retrieved from /home/airflow/.local/lib/python3.12/site-packages/airflow/example_dags/example_sla_dag.py
[2024-10-16T11:40:36.491+0000] {logging_mixin.py:190} INFO - [2024-10-16T11:40:36.491+0000] {dag.py:3239} INFO - Sync 1 DAGs
[2024-10-16T11:40:36.519+0000] {logging_mixin.py:190} INFO - [2024-10-16T11:40:36.519+0000] {dag.py:4180} INFO - Setting next_dagrun for example_sla_dag to 2024-10-16 11:38:00+00:00, run_after=2024-10-16 11:40:00+00:00
[2024-10-16T11:40:36.540+0000] {processor.py:208} INFO - Processing /home/airflow/.local/lib/python3.12/site-packages/airflow/example_dags/example_sla_dag.py took 0.096 seconds
[2024-10-16T11:41:06.711+0000] {processor.py:186} INFO - Started process (PID=126965) to work on /home/airflow/.local/lib/python3.12/site-packages/airflow/example_dags/example_sla_dag.py
[2024-10-16T11:41:06.712+0000] {processor.py:914} INFO - Processing file /home/airflow/.local/lib/python3.12/site-packages/airflow/example_dags/example_sla_dag.py for tasks to queue
[2024-10-16T11:41:06.713+0000] {logging_mixin.py:190} INFO - [2024-10-16T11:41:06.713+0000] {dagbag.py:588} INFO - Filling up the DagBag from /home/airflow/.local/lib/python3.12/site-packages/airflow/example_dags/example_sla_dag.py
[2024-10-16T11:41:06.725+0000] {processor.py:925} INFO - DAG(s) 'example_sla_dag' retrieved from /home/airflow/.local/lib/python3.12/site-packages/airflow/example_dags/example_sla_dag.py
[2024-10-16T11:41:06.750+0000] {logging_mixin.py:190} INFO - [2024-10-16T11:41:06.750+0000] {dag.py:3239} INFO - Sync 1 DAGs
[2024-10-16T11:41:06.779+0000] {logging_mixin.py:190} INFO - [2024-10-16T11:41:06.779+0000] {dag.py:4180} INFO - Setting next_dagrun for example_sla_dag to 2024-10-16 11:38:00+00:00, run_after=2024-10-16 11:40:00+00:00
[2024-10-16T11:41:06.797+0000] {processor.py:208} INFO - Processing /home/airflow/.local/lib/python3.12/site-packages/airflow/example_dags/example_sla_dag.py took 0.094 seconds
[2024-10-16T11:41:37.106+0000] {processor.py:186} INFO - Started process (PID=127028) to work on /home/airflow/.local/lib/python3.12/site-packages/airflow/example_dags/example_sla_dag.py
[2024-10-16T11:41:37.107+0000] {processor.py:914} INFO - Processing file /home/airflow/.local/lib/python3.12/site-packages/airflow/example_dags/example_sla_dag.py for tasks to queue
[2024-10-16T11:41:37.109+0000] {logging_mixin.py:190} INFO - [2024-10-16T11:41:37.108+0000] {dagbag.py:588} INFO - Filling up the DagBag from /home/airflow/.local/lib/python3.12/site-packages/airflow/example_dags/example_sla_dag.py
[2024-10-16T11:41:37.122+0000] {processor.py:925} INFO - DAG(s) 'example_sla_dag' retrieved from /home/airflow/.local/lib/python3.12/site-packages/airflow/example_dags/example_sla_dag.py
[2024-10-16T11:41:37.142+0000] {logging_mixin.py:190} INFO - [2024-10-16T11:41:37.142+0000] {dag.py:3239} INFO - Sync 1 DAGs
[2024-10-16T11:41:37.170+0000] {logging_mixin.py:190} INFO - [2024-10-16T11:41:37.169+0000] {dag.py:4180} INFO - Setting next_dagrun for example_sla_dag to 2024-10-16 11:38:00+00:00, run_after=2024-10-16 11:40:00+00:00
[2024-10-16T11:41:37.189+0000] {processor.py:208} INFO - Processing /home/airflow/.local/lib/python3.12/site-packages/airflow/example_dags/example_sla_dag.py took 0.090 seconds
[2024-10-16T11:42:08.077+0000] {processor.py:186} INFO - Started process (PID=127091) to work on /home/airflow/.local/lib/python3.12/site-packages/airflow/example_dags/example_sla_dag.py
[2024-10-16T11:42:08.078+0000] {processor.py:914} INFO - Processing file /home/airflow/.local/lib/python3.12/site-packages/airflow/example_dags/example_sla_dag.py for tasks to queue
[2024-10-16T11:42:08.080+0000] {logging_mixin.py:190} INFO - [2024-10-16T11:42:08.079+0000] {dagbag.py:588} INFO - Filling up the DagBag from /home/airflow/.local/lib/python3.12/site-packages/airflow/example_dags/example_sla_dag.py
[2024-10-16T11:42:08.091+0000] {processor.py:925} INFO - DAG(s) 'example_sla_dag' retrieved from /home/airflow/.local/lib/python3.12/site-packages/airflow/example_dags/example_sla_dag.py
[2024-10-16T11:42:08.112+0000] {logging_mixin.py:190} INFO - [2024-10-16T11:42:08.112+0000] {dag.py:3239} INFO - Sync 1 DAGs
[2024-10-16T11:42:08.143+0000] {logging_mixin.py:190} INFO - [2024-10-16T11:42:08.143+0000] {dag.py:4180} INFO - Setting next_dagrun for example_sla_dag to 2024-10-16 11:40:00+00:00, run_after=2024-10-16 11:42:00+00:00
[2024-10-16T11:42:08.162+0000] {processor.py:208} INFO - Processing /home/airflow/.local/lib/python3.12/site-packages/airflow/example_dags/example_sla_dag.py took 0.092 seconds
[2024-10-16T11:42:38.225+0000] {processor.py:186} INFO - Started process (PID=127154) to work on /home/airflow/.local/lib/python3.12/site-packages/airflow/example_dags/example_sla_dag.py
[2024-10-16T11:42:38.226+0000] {processor.py:914} INFO - Processing file /home/airflow/.local/lib/python3.12/site-packages/airflow/example_dags/example_sla_dag.py for tasks to queue
[2024-10-16T11:42:38.227+0000] {logging_mixin.py:190} INFO - [2024-10-16T11:42:38.227+0000] {dagbag.py:588} INFO - Filling up the DagBag from /home/airflow/.local/lib/python3.12/site-packages/airflow/example_dags/example_sla_dag.py
[2024-10-16T11:42:38.239+0000] {processor.py:925} INFO - DAG(s) 'example_sla_dag' retrieved from /home/airflow/.local/lib/python3.12/site-packages/airflow/example_dags/example_sla_dag.py
[2024-10-16T11:42:38.261+0000] {logging_mixin.py:190} INFO - [2024-10-16T11:42:38.261+0000] {dag.py:3239} INFO - Sync 1 DAGs
[2024-10-16T11:42:38.288+0000] {logging_mixin.py:190} INFO - [2024-10-16T11:42:38.288+0000] {dag.py:4180} INFO - Setting next_dagrun for example_sla_dag to 2024-10-16 11:40:00+00:00, run_after=2024-10-16 11:42:00+00:00
[2024-10-16T11:42:38.307+0000] {processor.py:208} INFO - Processing /home/airflow/.local/lib/python3.12/site-packages/airflow/example_dags/example_sla_dag.py took 0.090 seconds
[2024-10-16T11:43:08.940+0000] {processor.py:186} INFO - Started process (PID=127217) to work on /home/airflow/.local/lib/python3.12/site-packages/airflow/example_dags/example_sla_dag.py
[2024-10-16T11:43:08.941+0000] {processor.py:914} INFO - Processing file /home/airflow/.local/lib/python3.12/site-packages/airflow/example_dags/example_sla_dag.py for tasks to queue
[2024-10-16T11:43:08.943+0000] {logging_mixin.py:190} INFO - [2024-10-16T11:43:08.942+0000] {dagbag.py:588} INFO - Filling up the DagBag from /home/airflow/.local/lib/python3.12/site-packages/airflow/example_dags/example_sla_dag.py
[2024-10-16T11:43:08.958+0000] {processor.py:925} INFO - DAG(s) 'example_sla_dag' retrieved from /home/airflow/.local/lib/python3.12/site-packages/airflow/example_dags/example_sla_dag.py
[2024-10-16T11:43:08.985+0000] {logging_mixin.py:190} INFO - [2024-10-16T11:43:08.985+0000] {dag.py:3239} INFO - Sync 1 DAGs
[2024-10-16T11:43:09.023+0000] {logging_mixin.py:190} INFO - [2024-10-16T11:43:09.022+0000] {dag.py:4180} INFO - Setting next_dagrun for example_sla_dag to 2024-10-16 11:40:00+00:00, run_after=2024-10-16 11:42:00+00:00
[2024-10-16T11:43:09.044+0000] {processor.py:208} INFO - Processing /home/airflow/.local/lib/python3.12/site-packages/airflow/example_dags/example_sla_dag.py took 0.111 seconds
[2024-10-16T11:43:39.259+0000] {processor.py:186} INFO - Started process (PID=127280) to work on /home/airflow/.local/lib/python3.12/site-packages/airflow/example_dags/example_sla_dag.py
[2024-10-16T11:43:39.260+0000] {processor.py:914} INFO - Processing file /home/airflow/.local/lib/python3.12/site-packages/airflow/example_dags/example_sla_dag.py for tasks to queue
[2024-10-16T11:43:39.262+0000] {logging_mixin.py:190} INFO - [2024-10-16T11:43:39.261+0000] {dagbag.py:588} INFO - Filling up the DagBag from /home/airflow/.local/lib/python3.12/site-packages/airflow/example_dags/example_sla_dag.py
[2024-10-16T11:43:39.275+0000] {processor.py:925} INFO - DAG(s) 'example_sla_dag' retrieved from /home/airflow/.local/lib/python3.12/site-packages/airflow/example_dags/example_sla_dag.py
[2024-10-16T11:43:39.296+0000] {logging_mixin.py:190} INFO - [2024-10-16T11:43:39.296+0000] {dag.py:3239} INFO - Sync 1 DAGs
[2024-10-16T11:43:39.324+0000] {logging_mixin.py:190} INFO - [2024-10-16T11:43:39.323+0000] {dag.py:4180} INFO - Setting next_dagrun for example_sla_dag to 2024-10-16 11:40:00+00:00, run_after=2024-10-16 11:42:00+00:00
[2024-10-16T11:43:39.348+0000] {processor.py:208} INFO - Processing /home/airflow/.local/lib/python3.12/site-packages/airflow/example_dags/example_sla_dag.py took 0.096 seconds
[2024-10-16T11:44:09.493+0000] {processor.py:186} INFO - Started process (PID=127343) to work on /home/airflow/.local/lib/python3.12/site-packages/airflow/example_dags/example_sla_dag.py
[2024-10-16T11:44:09.494+0000] {processor.py:914} INFO - Processing file /home/airflow/.local/lib/python3.12/site-packages/airflow/example_dags/example_sla_dag.py for tasks to queue
[2024-10-16T11:44:09.496+0000] {logging_mixin.py:190} INFO - [2024-10-16T11:44:09.495+0000] {dagbag.py:588} INFO - Filling up the DagBag from /home/airflow/.local/lib/python3.12/site-packages/airflow/example_dags/example_sla_dag.py
[2024-10-16T11:44:09.507+0000] {processor.py:925} INFO - DAG(s) 'example_sla_dag' retrieved from /home/airflow/.local/lib/python3.12/site-packages/airflow/example_dags/example_sla_dag.py
[2024-10-16T11:44:09.528+0000] {logging_mixin.py:190} INFO - [2024-10-16T11:44:09.528+0000] {dag.py:3239} INFO - Sync 1 DAGs
[2024-10-16T11:44:09.556+0000] {logging_mixin.py:190} INFO - [2024-10-16T11:44:09.556+0000] {dag.py:4180} INFO - Setting next_dagrun for example_sla_dag to 2024-10-16 11:42:00+00:00, run_after=2024-10-16 11:44:00+00:00
[2024-10-16T11:44:09.576+0000] {processor.py:208} INFO - Processing /home/airflow/.local/lib/python3.12/site-packages/airflow/example_dags/example_sla_dag.py took 0.090 seconds
[2024-10-16T11:44:40.113+0000] {processor.py:186} INFO - Started process (PID=127407) to work on /home/airflow/.local/lib/python3.12/site-packages/airflow/example_dags/example_sla_dag.py
[2024-10-16T11:44:40.114+0000] {processor.py:914} INFO - Processing file /home/airflow/.local/lib/python3.12/site-packages/airflow/example_dags/example_sla_dag.py for tasks to queue
[2024-10-16T11:44:40.116+0000] {logging_mixin.py:190} INFO - [2024-10-16T11:44:40.115+0000] {dagbag.py:588} INFO - Filling up the DagBag from /home/airflow/.local/lib/python3.12/site-packages/airflow/example_dags/example_sla_dag.py
[2024-10-16T11:44:40.129+0000] {processor.py:925} INFO - DAG(s) 'example_sla_dag' retrieved from /home/airflow/.local/lib/python3.12/site-packages/airflow/example_dags/example_sla_dag.py
[2024-10-16T11:44:40.152+0000] {logging_mixin.py:190} INFO - [2024-10-16T11:44:40.151+0000] {dag.py:3239} INFO - Sync 1 DAGs
[2024-10-16T11:44:40.184+0000] {logging_mixin.py:190} INFO - [2024-10-16T11:44:40.184+0000] {dag.py:4180} INFO - Setting next_dagrun for example_sla_dag to 2024-10-16 11:42:00+00:00, run_after=2024-10-16 11:44:00+00:00
[2024-10-16T11:44:40.207+0000] {processor.py:208} INFO - Processing /home/airflow/.local/lib/python3.12/site-packages/airflow/example_dags/example_sla_dag.py took 0.101 seconds
[2024-10-16T11:45:10.485+0000] {processor.py:186} INFO - Started process (PID=127470) to work on /home/airflow/.local/lib/python3.12/site-packages/airflow/example_dags/example_sla_dag.py
[2024-10-16T11:45:10.486+0000] {processor.py:914} INFO - Processing file /home/airflow/.local/lib/python3.12/site-packages/airflow/example_dags/example_sla_dag.py for tasks to queue
[2024-10-16T11:45:10.487+0000] {logging_mixin.py:190} INFO - [2024-10-16T11:45:10.487+0000] {dagbag.py:588} INFO - Filling up the DagBag from /home/airflow/.local/lib/python3.12/site-packages/airflow/example_dags/example_sla_dag.py
[2024-10-16T11:45:10.502+0000] {processor.py:925} INFO - DAG(s) 'example_sla_dag' retrieved from /home/airflow/.local/lib/python3.12/site-packages/airflow/example_dags/example_sla_dag.py
[2024-10-16T11:45:10.523+0000] {logging_mixin.py:190} INFO - [2024-10-16T11:45:10.523+0000] {dag.py:3239} INFO - Sync 1 DAGs
[2024-10-16T11:45:10.555+0000] {logging_mixin.py:190} INFO - [2024-10-16T11:45:10.554+0000] {dag.py:4180} INFO - Setting next_dagrun for example_sla_dag to 2024-10-16 11:42:00+00:00, run_after=2024-10-16 11:44:00+00:00
[2024-10-16T11:45:10.575+0000] {processor.py:208} INFO - Processing /home/airflow/.local/lib/python3.12/site-packages/airflow/example_dags/example_sla_dag.py took 0.097 seconds
[2024-10-16T11:45:40.867+0000] {processor.py:186} INFO - Started process (PID=127533) to work on /home/airflow/.local/lib/python3.12/site-packages/airflow/example_dags/example_sla_dag.py
[2024-10-16T11:45:40.868+0000] {processor.py:914} INFO - Processing file /home/airflow/.local/lib/python3.12/site-packages/airflow/example_dags/example_sla_dag.py for tasks to queue
[2024-10-16T11:45:40.869+0000] {logging_mixin.py:190} INFO - [2024-10-16T11:45:40.869+0000] {dagbag.py:588} INFO - Filling up the DagBag from /home/airflow/.local/lib/python3.12/site-packages/airflow/example_dags/example_sla_dag.py
[2024-10-16T11:45:40.881+0000] {processor.py:925} INFO - DAG(s) 'example_sla_dag' retrieved from /home/airflow/.local/lib/python3.12/site-packages/airflow/example_dags/example_sla_dag.py
[2024-10-16T11:45:40.904+0000] {logging_mixin.py:190} INFO - [2024-10-16T11:45:40.904+0000] {dag.py:3239} INFO - Sync 1 DAGs
[2024-10-16T11:45:40.933+0000] {logging_mixin.py:190} INFO - [2024-10-16T11:45:40.933+0000] {dag.py:4180} INFO - Setting next_dagrun for example_sla_dag to 2024-10-16 11:42:00+00:00, run_after=2024-10-16 11:44:00+00:00
[2024-10-16T11:45:40.955+0000] {processor.py:208} INFO - Processing /home/airflow/.local/lib/python3.12/site-packages/airflow/example_dags/example_sla_dag.py took 0.095 seconds
