[2024-10-16T11:29:59.781+0000] {processor.py:186} INFO - Started process (PID=125589) to work on /home/airflow/.local/lib/python3.12/site-packages/airflow/example_dags/example_nested_branch_dag.py
[2024-10-16T11:29:59.800+0000] {processor.py:914} INFO - Processing file /home/airflow/.local/lib/python3.12/site-packages/airflow/example_dags/example_nested_branch_dag.py for tasks to queue
[2024-10-16T11:29:59.810+0000] {logging_mixin.py:190} INFO - [2024-10-16T11:29:59.809+0000] {dagbag.py:588} INFO - Filling up the DagBag from /home/airflow/.local/lib/python3.12/site-packages/airflow/example_dags/example_nested_branch_dag.py
[2024-10-16T11:29:59.864+0000] {processor.py:925} INFO - DAG(s) 'example_nested_branch_dag' retrieved from /home/airflow/.local/lib/python3.12/site-packages/airflow/example_dags/example_nested_branch_dag.py
[2024-10-16T11:29:59.934+0000] {logging_mixin.py:190} INFO - [2024-10-16T11:29:59.934+0000] {dag.py:3239} INFO - Sync 1 DAGs
[2024-10-16T11:30:00.015+0000] {logging_mixin.py:190} INFO - [2024-10-16T11:30:00.014+0000] {dag.py:4180} INFO - Setting next_dagrun for example_nested_branch_dag to 2024-10-15 00:00:00+00:00, run_after=2024-10-16 00:00:00+00:00
[2024-10-16T11:30:00.067+0000] {processor.py:208} INFO - Processing /home/airflow/.local/lib/python3.12/site-packages/airflow/example_dags/example_nested_branch_dag.py took 0.319 seconds
[2024-10-16T11:30:30.908+0000] {processor.py:186} INFO - Started process (PID=125653) to work on /home/airflow/.local/lib/python3.12/site-packages/airflow/example_dags/example_nested_branch_dag.py
[2024-10-16T11:30:30.909+0000] {processor.py:914} INFO - Processing file /home/airflow/.local/lib/python3.12/site-packages/airflow/example_dags/example_nested_branch_dag.py for tasks to queue
[2024-10-16T11:30:30.910+0000] {logging_mixin.py:190} INFO - [2024-10-16T11:30:30.910+0000] {dagbag.py:588} INFO - Filling up the DagBag from /home/airflow/.local/lib/python3.12/site-packages/airflow/example_dags/example_nested_branch_dag.py
[2024-10-16T11:30:30.928+0000] {processor.py:925} INFO - DAG(s) 'example_nested_branch_dag' retrieved from /home/airflow/.local/lib/python3.12/site-packages/airflow/example_dags/example_nested_branch_dag.py
[2024-10-16T11:30:30.951+0000] {logging_mixin.py:190} INFO - [2024-10-16T11:30:30.951+0000] {dag.py:3239} INFO - Sync 1 DAGs
[2024-10-16T11:30:31.090+0000] {logging_mixin.py:190} INFO - [2024-10-16T11:30:31.089+0000] {dag.py:4180} INFO - Setting next_dagrun for example_nested_branch_dag to 2024-10-15 00:00:00+00:00, run_after=2024-10-16 00:00:00+00:00
[2024-10-16T11:30:31.122+0000] {processor.py:208} INFO - Processing /home/airflow/.local/lib/python3.12/site-packages/airflow/example_dags/example_nested_branch_dag.py took 0.265 seconds
[2024-10-16T11:31:01.398+0000] {processor.py:186} INFO - Started process (PID=125715) to work on /home/airflow/.local/lib/python3.12/site-packages/airflow/example_dags/example_nested_branch_dag.py
[2024-10-16T11:31:01.400+0000] {processor.py:914} INFO - Processing file /home/airflow/.local/lib/python3.12/site-packages/airflow/example_dags/example_nested_branch_dag.py for tasks to queue
[2024-10-16T11:31:01.401+0000] {logging_mixin.py:190} INFO - [2024-10-16T11:31:01.401+0000] {dagbag.py:588} INFO - Filling up the DagBag from /home/airflow/.local/lib/python3.12/site-packages/airflow/example_dags/example_nested_branch_dag.py
[2024-10-16T11:31:01.412+0000] {processor.py:925} INFO - DAG(s) 'example_nested_branch_dag' retrieved from /home/airflow/.local/lib/python3.12/site-packages/airflow/example_dags/example_nested_branch_dag.py
[2024-10-16T11:31:01.431+0000] {logging_mixin.py:190} INFO - [2024-10-16T11:31:01.431+0000] {dag.py:3239} INFO - Sync 1 DAGs
[2024-10-16T11:31:01.453+0000] {logging_mixin.py:190} INFO - [2024-10-16T11:31:01.453+0000] {dag.py:4180} INFO - Setting next_dagrun for example_nested_branch_dag to 2024-10-15 00:00:00+00:00, run_after=2024-10-16 00:00:00+00:00
[2024-10-16T11:31:01.470+0000] {processor.py:208} INFO - Processing /home/airflow/.local/lib/python3.12/site-packages/airflow/example_dags/example_nested_branch_dag.py took 0.077 seconds
[2024-10-16T11:31:32.061+0000] {processor.py:186} INFO - Started process (PID=125779) to work on /home/airflow/.local/lib/python3.12/site-packages/airflow/example_dags/example_nested_branch_dag.py
[2024-10-16T11:31:32.062+0000] {processor.py:914} INFO - Processing file /home/airflow/.local/lib/python3.12/site-packages/airflow/example_dags/example_nested_branch_dag.py for tasks to queue
[2024-10-16T11:31:32.064+0000] {logging_mixin.py:190} INFO - [2024-10-16T11:31:32.063+0000] {dagbag.py:588} INFO - Filling up the DagBag from /home/airflow/.local/lib/python3.12/site-packages/airflow/example_dags/example_nested_branch_dag.py
[2024-10-16T11:31:32.073+0000] {processor.py:925} INFO - DAG(s) 'example_nested_branch_dag' retrieved from /home/airflow/.local/lib/python3.12/site-packages/airflow/example_dags/example_nested_branch_dag.py
[2024-10-16T11:31:32.092+0000] {logging_mixin.py:190} INFO - [2024-10-16T11:31:32.092+0000] {dag.py:3239} INFO - Sync 1 DAGs
[2024-10-16T11:31:32.112+0000] {logging_mixin.py:190} INFO - [2024-10-16T11:31:32.112+0000] {dag.py:4180} INFO - Setting next_dagrun for example_nested_branch_dag to 2024-10-15 00:00:00+00:00, run_after=2024-10-16 00:00:00+00:00
[2024-10-16T11:31:32.128+0000] {processor.py:208} INFO - Processing /home/airflow/.local/lib/python3.12/site-packages/airflow/example_dags/example_nested_branch_dag.py took 0.071 seconds
[2024-10-16T11:32:02.805+0000] {processor.py:186} INFO - Started process (PID=125842) to work on /home/airflow/.local/lib/python3.12/site-packages/airflow/example_dags/example_nested_branch_dag.py
[2024-10-16T11:32:02.807+0000] {processor.py:914} INFO - Processing file /home/airflow/.local/lib/python3.12/site-packages/airflow/example_dags/example_nested_branch_dag.py for tasks to queue
[2024-10-16T11:32:02.809+0000] {logging_mixin.py:190} INFO - [2024-10-16T11:32:02.809+0000] {dagbag.py:588} INFO - Filling up the DagBag from /home/airflow/.local/lib/python3.12/site-packages/airflow/example_dags/example_nested_branch_dag.py
[2024-10-16T11:32:02.838+0000] {processor.py:925} INFO - DAG(s) 'example_nested_branch_dag' retrieved from /home/airflow/.local/lib/python3.12/site-packages/airflow/example_dags/example_nested_branch_dag.py
[2024-10-16T11:32:02.886+0000] {logging_mixin.py:190} INFO - [2024-10-16T11:32:02.886+0000] {dag.py:3239} INFO - Sync 1 DAGs
[2024-10-16T11:32:02.935+0000] {logging_mixin.py:190} INFO - [2024-10-16T11:32:02.934+0000] {dag.py:4180} INFO - Setting next_dagrun for example_nested_branch_dag to 2024-10-15 00:00:00+00:00, run_after=2024-10-16 00:00:00+00:00
[2024-10-16T11:32:02.975+0000] {processor.py:208} INFO - Processing /home/airflow/.local/lib/python3.12/site-packages/airflow/example_dags/example_nested_branch_dag.py took 0.187 seconds
[2024-10-16T11:32:33.039+0000] {processor.py:186} INFO - Started process (PID=125904) to work on /home/airflow/.local/lib/python3.12/site-packages/airflow/example_dags/example_nested_branch_dag.py
[2024-10-16T11:32:33.039+0000] {processor.py:914} INFO - Processing file /home/airflow/.local/lib/python3.12/site-packages/airflow/example_dags/example_nested_branch_dag.py for tasks to queue
[2024-10-16T11:32:33.041+0000] {logging_mixin.py:190} INFO - [2024-10-16T11:32:33.040+0000] {dagbag.py:588} INFO - Filling up the DagBag from /home/airflow/.local/lib/python3.12/site-packages/airflow/example_dags/example_nested_branch_dag.py
[2024-10-16T11:32:33.051+0000] {processor.py:925} INFO - DAG(s) 'example_nested_branch_dag' retrieved from /home/airflow/.local/lib/python3.12/site-packages/airflow/example_dags/example_nested_branch_dag.py
[2024-10-16T11:32:33.071+0000] {logging_mixin.py:190} INFO - [2024-10-16T11:32:33.071+0000] {dag.py:3239} INFO - Sync 1 DAGs
[2024-10-16T11:32:33.095+0000] {logging_mixin.py:190} INFO - [2024-10-16T11:32:33.095+0000] {dag.py:4180} INFO - Setting next_dagrun for example_nested_branch_dag to 2024-10-15 00:00:00+00:00, run_after=2024-10-16 00:00:00+00:00
[2024-10-16T11:32:33.114+0000] {processor.py:208} INFO - Processing /home/airflow/.local/lib/python3.12/site-packages/airflow/example_dags/example_nested_branch_dag.py took 0.080 seconds
[2024-10-16T11:33:03.549+0000] {processor.py:186} INFO - Started process (PID=125967) to work on /home/airflow/.local/lib/python3.12/site-packages/airflow/example_dags/example_nested_branch_dag.py
[2024-10-16T11:33:03.550+0000] {processor.py:914} INFO - Processing file /home/airflow/.local/lib/python3.12/site-packages/airflow/example_dags/example_nested_branch_dag.py for tasks to queue
[2024-10-16T11:33:03.552+0000] {logging_mixin.py:190} INFO - [2024-10-16T11:33:03.551+0000] {dagbag.py:588} INFO - Filling up the DagBag from /home/airflow/.local/lib/python3.12/site-packages/airflow/example_dags/example_nested_branch_dag.py
[2024-10-16T11:33:03.567+0000] {processor.py:925} INFO - DAG(s) 'example_nested_branch_dag' retrieved from /home/airflow/.local/lib/python3.12/site-packages/airflow/example_dags/example_nested_branch_dag.py
[2024-10-16T11:33:03.589+0000] {logging_mixin.py:190} INFO - [2024-10-16T11:33:03.589+0000] {dag.py:3239} INFO - Sync 1 DAGs
[2024-10-16T11:33:03.618+0000] {logging_mixin.py:190} INFO - [2024-10-16T11:33:03.618+0000] {dag.py:4180} INFO - Setting next_dagrun for example_nested_branch_dag to 2024-10-15 00:00:00+00:00, run_after=2024-10-16 00:00:00+00:00
[2024-10-16T11:33:03.638+0000] {processor.py:208} INFO - Processing /home/airflow/.local/lib/python3.12/site-packages/airflow/example_dags/example_nested_branch_dag.py took 0.096 seconds
[2024-10-16T11:33:33.727+0000] {processor.py:186} INFO - Started process (PID=126030) to work on /home/airflow/.local/lib/python3.12/site-packages/airflow/example_dags/example_nested_branch_dag.py
[2024-10-16T11:33:33.728+0000] {processor.py:914} INFO - Processing file /home/airflow/.local/lib/python3.12/site-packages/airflow/example_dags/example_nested_branch_dag.py for tasks to queue
[2024-10-16T11:33:33.729+0000] {logging_mixin.py:190} INFO - [2024-10-16T11:33:33.728+0000] {dagbag.py:588} INFO - Filling up the DagBag from /home/airflow/.local/lib/python3.12/site-packages/airflow/example_dags/example_nested_branch_dag.py
[2024-10-16T11:33:33.739+0000] {processor.py:925} INFO - DAG(s) 'example_nested_branch_dag' retrieved from /home/airflow/.local/lib/python3.12/site-packages/airflow/example_dags/example_nested_branch_dag.py
[2024-10-16T11:33:33.759+0000] {logging_mixin.py:190} INFO - [2024-10-16T11:33:33.759+0000] {dag.py:3239} INFO - Sync 1 DAGs
[2024-10-16T11:33:33.780+0000] {logging_mixin.py:190} INFO - [2024-10-16T11:33:33.780+0000] {dag.py:4180} INFO - Setting next_dagrun for example_nested_branch_dag to 2024-10-15 00:00:00+00:00, run_after=2024-10-16 00:00:00+00:00
[2024-10-16T11:33:33.801+0000] {processor.py:208} INFO - Processing /home/airflow/.local/lib/python3.12/site-packages/airflow/example_dags/example_nested_branch_dag.py took 0.080 seconds
[2024-10-16T11:34:04.134+0000] {processor.py:186} INFO - Started process (PID=126093) to work on /home/airflow/.local/lib/python3.12/site-packages/airflow/example_dags/example_nested_branch_dag.py
[2024-10-16T11:34:04.134+0000] {processor.py:914} INFO - Processing file /home/airflow/.local/lib/python3.12/site-packages/airflow/example_dags/example_nested_branch_dag.py for tasks to queue
[2024-10-16T11:34:04.135+0000] {logging_mixin.py:190} INFO - [2024-10-16T11:34:04.135+0000] {dagbag.py:588} INFO - Filling up the DagBag from /home/airflow/.local/lib/python3.12/site-packages/airflow/example_dags/example_nested_branch_dag.py
[2024-10-16T11:34:04.145+0000] {processor.py:925} INFO - DAG(s) 'example_nested_branch_dag' retrieved from /home/airflow/.local/lib/python3.12/site-packages/airflow/example_dags/example_nested_branch_dag.py
[2024-10-16T11:34:04.164+0000] {logging_mixin.py:190} INFO - [2024-10-16T11:34:04.164+0000] {dag.py:3239} INFO - Sync 1 DAGs
[2024-10-16T11:34:04.185+0000] {logging_mixin.py:190} INFO - [2024-10-16T11:34:04.185+0000] {dag.py:4180} INFO - Setting next_dagrun for example_nested_branch_dag to 2024-10-15 00:00:00+00:00, run_after=2024-10-16 00:00:00+00:00
[2024-10-16T11:34:04.203+0000] {processor.py:208} INFO - Processing /home/airflow/.local/lib/python3.12/site-packages/airflow/example_dags/example_nested_branch_dag.py took 0.075 seconds
[2024-10-16T11:34:34.482+0000] {processor.py:186} INFO - Started process (PID=126157) to work on /home/airflow/.local/lib/python3.12/site-packages/airflow/example_dags/example_nested_branch_dag.py
[2024-10-16T11:34:34.482+0000] {processor.py:914} INFO - Processing file /home/airflow/.local/lib/python3.12/site-packages/airflow/example_dags/example_nested_branch_dag.py for tasks to queue
[2024-10-16T11:34:34.484+0000] {logging_mixin.py:190} INFO - [2024-10-16T11:34:34.483+0000] {dagbag.py:588} INFO - Filling up the DagBag from /home/airflow/.local/lib/python3.12/site-packages/airflow/example_dags/example_nested_branch_dag.py
[2024-10-16T11:34:34.497+0000] {processor.py:925} INFO - DAG(s) 'example_nested_branch_dag' retrieved from /home/airflow/.local/lib/python3.12/site-packages/airflow/example_dags/example_nested_branch_dag.py
[2024-10-16T11:34:34.518+0000] {logging_mixin.py:190} INFO - [2024-10-16T11:34:34.518+0000] {dag.py:3239} INFO - Sync 1 DAGs
[2024-10-16T11:34:34.543+0000] {logging_mixin.py:190} INFO - [2024-10-16T11:34:34.543+0000] {dag.py:4180} INFO - Setting next_dagrun for example_nested_branch_dag to 2024-10-15 00:00:00+00:00, run_after=2024-10-16 00:00:00+00:00
[2024-10-16T11:34:34.566+0000] {processor.py:208} INFO - Processing /home/airflow/.local/lib/python3.12/site-packages/airflow/example_dags/example_nested_branch_dag.py took 0.090 seconds
[2024-10-16T11:35:04.688+0000] {processor.py:186} INFO - Started process (PID=126220) to work on /home/airflow/.local/lib/python3.12/site-packages/airflow/example_dags/example_nested_branch_dag.py
[2024-10-16T11:35:04.689+0000] {processor.py:914} INFO - Processing file /home/airflow/.local/lib/python3.12/site-packages/airflow/example_dags/example_nested_branch_dag.py for tasks to queue
[2024-10-16T11:35:04.690+0000] {logging_mixin.py:190} INFO - [2024-10-16T11:35:04.689+0000] {dagbag.py:588} INFO - Filling up the DagBag from /home/airflow/.local/lib/python3.12/site-packages/airflow/example_dags/example_nested_branch_dag.py
[2024-10-16T11:35:04.699+0000] {processor.py:925} INFO - DAG(s) 'example_nested_branch_dag' retrieved from /home/airflow/.local/lib/python3.12/site-packages/airflow/example_dags/example_nested_branch_dag.py
[2024-10-16T11:35:04.717+0000] {logging_mixin.py:190} INFO - [2024-10-16T11:35:04.717+0000] {dag.py:3239} INFO - Sync 1 DAGs
[2024-10-16T11:35:04.739+0000] {logging_mixin.py:190} INFO - [2024-10-16T11:35:04.738+0000] {dag.py:4180} INFO - Setting next_dagrun for example_nested_branch_dag to 2024-10-15 00:00:00+00:00, run_after=2024-10-16 00:00:00+00:00
[2024-10-16T11:35:04.755+0000] {processor.py:208} INFO - Processing /home/airflow/.local/lib/python3.12/site-packages/airflow/example_dags/example_nested_branch_dag.py took 0.073 seconds
[2024-10-16T11:35:35.241+0000] {processor.py:186} INFO - Started process (PID=126283) to work on /home/airflow/.local/lib/python3.12/site-packages/airflow/example_dags/example_nested_branch_dag.py
[2024-10-16T11:35:35.241+0000] {processor.py:914} INFO - Processing file /home/airflow/.local/lib/python3.12/site-packages/airflow/example_dags/example_nested_branch_dag.py for tasks to queue
[2024-10-16T11:35:35.242+0000] {logging_mixin.py:190} INFO - [2024-10-16T11:35:35.242+0000] {dagbag.py:588} INFO - Filling up the DagBag from /home/airflow/.local/lib/python3.12/site-packages/airflow/example_dags/example_nested_branch_dag.py
[2024-10-16T11:35:35.253+0000] {processor.py:925} INFO - DAG(s) 'example_nested_branch_dag' retrieved from /home/airflow/.local/lib/python3.12/site-packages/airflow/example_dags/example_nested_branch_dag.py
[2024-10-16T11:35:35.272+0000] {logging_mixin.py:190} INFO - [2024-10-16T11:35:35.271+0000] {dag.py:3239} INFO - Sync 1 DAGs
[2024-10-16T11:35:35.295+0000] {logging_mixin.py:190} INFO - [2024-10-16T11:35:35.294+0000] {dag.py:4180} INFO - Setting next_dagrun for example_nested_branch_dag to 2024-10-15 00:00:00+00:00, run_after=2024-10-16 00:00:00+00:00
[2024-10-16T11:35:35.312+0000] {processor.py:208} INFO - Processing /home/airflow/.local/lib/python3.12/site-packages/airflow/example_dags/example_nested_branch_dag.py took 0.076 seconds
[2024-10-16T11:36:05.964+0000] {processor.py:186} INFO - Started process (PID=126346) to work on /home/airflow/.local/lib/python3.12/site-packages/airflow/example_dags/example_nested_branch_dag.py
[2024-10-16T11:36:05.965+0000] {processor.py:914} INFO - Processing file /home/airflow/.local/lib/python3.12/site-packages/airflow/example_dags/example_nested_branch_dag.py for tasks to queue
[2024-10-16T11:36:05.966+0000] {logging_mixin.py:190} INFO - [2024-10-16T11:36:05.966+0000] {dagbag.py:588} INFO - Filling up the DagBag from /home/airflow/.local/lib/python3.12/site-packages/airflow/example_dags/example_nested_branch_dag.py
[2024-10-16T11:36:05.977+0000] {processor.py:925} INFO - DAG(s) 'example_nested_branch_dag' retrieved from /home/airflow/.local/lib/python3.12/site-packages/airflow/example_dags/example_nested_branch_dag.py
[2024-10-16T11:36:05.995+0000] {logging_mixin.py:190} INFO - [2024-10-16T11:36:05.994+0000] {dag.py:3239} INFO - Sync 1 DAGs
[2024-10-16T11:36:06.015+0000] {logging_mixin.py:190} INFO - [2024-10-16T11:36:06.015+0000] {dag.py:4180} INFO - Setting next_dagrun for example_nested_branch_dag to 2024-10-15 00:00:00+00:00, run_after=2024-10-16 00:00:00+00:00
[2024-10-16T11:36:06.031+0000] {processor.py:208} INFO - Processing /home/airflow/.local/lib/python3.12/site-packages/airflow/example_dags/example_nested_branch_dag.py took 0.072 seconds
[2024-10-16T11:36:36.488+0000] {processor.py:186} INFO - Started process (PID=126410) to work on /home/airflow/.local/lib/python3.12/site-packages/airflow/example_dags/example_nested_branch_dag.py
[2024-10-16T11:36:36.489+0000] {processor.py:914} INFO - Processing file /home/airflow/.local/lib/python3.12/site-packages/airflow/example_dags/example_nested_branch_dag.py for tasks to queue
[2024-10-16T11:36:36.490+0000] {logging_mixin.py:190} INFO - [2024-10-16T11:36:36.490+0000] {dagbag.py:588} INFO - Filling up the DagBag from /home/airflow/.local/lib/python3.12/site-packages/airflow/example_dags/example_nested_branch_dag.py
[2024-10-16T11:36:36.500+0000] {processor.py:925} INFO - DAG(s) 'example_nested_branch_dag' retrieved from /home/airflow/.local/lib/python3.12/site-packages/airflow/example_dags/example_nested_branch_dag.py
[2024-10-16T11:36:36.519+0000] {logging_mixin.py:190} INFO - [2024-10-16T11:36:36.519+0000] {dag.py:3239} INFO - Sync 1 DAGs
[2024-10-16T11:36:36.541+0000] {logging_mixin.py:190} INFO - [2024-10-16T11:36:36.541+0000] {dag.py:4180} INFO - Setting next_dagrun for example_nested_branch_dag to 2024-10-15 00:00:00+00:00, run_after=2024-10-16 00:00:00+00:00
[2024-10-16T11:36:36.558+0000] {processor.py:208} INFO - Processing /home/airflow/.local/lib/python3.12/site-packages/airflow/example_dags/example_nested_branch_dag.py took 0.074 seconds
[2024-10-16T11:37:06.877+0000] {processor.py:186} INFO - Started process (PID=126473) to work on /home/airflow/.local/lib/python3.12/site-packages/airflow/example_dags/example_nested_branch_dag.py
[2024-10-16T11:37:06.878+0000] {processor.py:914} INFO - Processing file /home/airflow/.local/lib/python3.12/site-packages/airflow/example_dags/example_nested_branch_dag.py for tasks to queue
[2024-10-16T11:37:06.879+0000] {logging_mixin.py:190} INFO - [2024-10-16T11:37:06.879+0000] {dagbag.py:588} INFO - Filling up the DagBag from /home/airflow/.local/lib/python3.12/site-packages/airflow/example_dags/example_nested_branch_dag.py
[2024-10-16T11:37:06.889+0000] {processor.py:925} INFO - DAG(s) 'example_nested_branch_dag' retrieved from /home/airflow/.local/lib/python3.12/site-packages/airflow/example_dags/example_nested_branch_dag.py
[2024-10-16T11:37:06.908+0000] {logging_mixin.py:190} INFO - [2024-10-16T11:37:06.908+0000] {dag.py:3239} INFO - Sync 1 DAGs
[2024-10-16T11:37:06.931+0000] {logging_mixin.py:190} INFO - [2024-10-16T11:37:06.931+0000] {dag.py:4180} INFO - Setting next_dagrun for example_nested_branch_dag to 2024-10-15 00:00:00+00:00, run_after=2024-10-16 00:00:00+00:00
[2024-10-16T11:37:06.950+0000] {processor.py:208} INFO - Processing /home/airflow/.local/lib/python3.12/site-packages/airflow/example_dags/example_nested_branch_dag.py took 0.079 seconds
[2024-10-16T11:37:37.363+0000] {processor.py:186} INFO - Started process (PID=126536) to work on /home/airflow/.local/lib/python3.12/site-packages/airflow/example_dags/example_nested_branch_dag.py
[2024-10-16T11:37:37.364+0000] {processor.py:914} INFO - Processing file /home/airflow/.local/lib/python3.12/site-packages/airflow/example_dags/example_nested_branch_dag.py for tasks to queue
[2024-10-16T11:37:37.365+0000] {logging_mixin.py:190} INFO - [2024-10-16T11:37:37.365+0000] {dagbag.py:588} INFO - Filling up the DagBag from /home/airflow/.local/lib/python3.12/site-packages/airflow/example_dags/example_nested_branch_dag.py
[2024-10-16T11:37:37.376+0000] {processor.py:925} INFO - DAG(s) 'example_nested_branch_dag' retrieved from /home/airflow/.local/lib/python3.12/site-packages/airflow/example_dags/example_nested_branch_dag.py
[2024-10-16T11:37:37.398+0000] {logging_mixin.py:190} INFO - [2024-10-16T11:37:37.398+0000] {dag.py:3239} INFO - Sync 1 DAGs
[2024-10-16T11:37:37.422+0000] {logging_mixin.py:190} INFO - [2024-10-16T11:37:37.422+0000] {dag.py:4180} INFO - Setting next_dagrun for example_nested_branch_dag to 2024-10-15 00:00:00+00:00, run_after=2024-10-16 00:00:00+00:00
[2024-10-16T11:37:37.439+0000] {processor.py:208} INFO - Processing /home/airflow/.local/lib/python3.12/site-packages/airflow/example_dags/example_nested_branch_dag.py took 0.081 seconds
[2024-10-16T11:38:07.629+0000] {processor.py:186} INFO - Started process (PID=126599) to work on /home/airflow/.local/lib/python3.12/site-packages/airflow/example_dags/example_nested_branch_dag.py
[2024-10-16T11:38:07.630+0000] {processor.py:914} INFO - Processing file /home/airflow/.local/lib/python3.12/site-packages/airflow/example_dags/example_nested_branch_dag.py for tasks to queue
[2024-10-16T11:38:07.631+0000] {logging_mixin.py:190} INFO - [2024-10-16T11:38:07.631+0000] {dagbag.py:588} INFO - Filling up the DagBag from /home/airflow/.local/lib/python3.12/site-packages/airflow/example_dags/example_nested_branch_dag.py
[2024-10-16T11:38:07.643+0000] {processor.py:925} INFO - DAG(s) 'example_nested_branch_dag' retrieved from /home/airflow/.local/lib/python3.12/site-packages/airflow/example_dags/example_nested_branch_dag.py
[2024-10-16T11:38:07.668+0000] {logging_mixin.py:190} INFO - [2024-10-16T11:38:07.667+0000] {dag.py:3239} INFO - Sync 1 DAGs
[2024-10-16T11:38:07.694+0000] {logging_mixin.py:190} INFO - [2024-10-16T11:38:07.694+0000] {dag.py:4180} INFO - Setting next_dagrun for example_nested_branch_dag to 2024-10-15 00:00:00+00:00, run_after=2024-10-16 00:00:00+00:00
[2024-10-16T11:38:07.715+0000] {processor.py:208} INFO - Processing /home/airflow/.local/lib/python3.12/site-packages/airflow/example_dags/example_nested_branch_dag.py took 0.092 seconds
[2024-10-16T11:38:38.334+0000] {processor.py:186} INFO - Started process (PID=126663) to work on /home/airflow/.local/lib/python3.12/site-packages/airflow/example_dags/example_nested_branch_dag.py
[2024-10-16T11:38:38.335+0000] {processor.py:914} INFO - Processing file /home/airflow/.local/lib/python3.12/site-packages/airflow/example_dags/example_nested_branch_dag.py for tasks to queue
[2024-10-16T11:38:38.336+0000] {logging_mixin.py:190} INFO - [2024-10-16T11:38:38.336+0000] {dagbag.py:588} INFO - Filling up the DagBag from /home/airflow/.local/lib/python3.12/site-packages/airflow/example_dags/example_nested_branch_dag.py
[2024-10-16T11:38:38.349+0000] {processor.py:925} INFO - DAG(s) 'example_nested_branch_dag' retrieved from /home/airflow/.local/lib/python3.12/site-packages/airflow/example_dags/example_nested_branch_dag.py
[2024-10-16T11:38:38.370+0000] {logging_mixin.py:190} INFO - [2024-10-16T11:38:38.370+0000] {dag.py:3239} INFO - Sync 1 DAGs
[2024-10-16T11:38:38.398+0000] {logging_mixin.py:190} INFO - [2024-10-16T11:38:38.398+0000] {dag.py:4180} INFO - Setting next_dagrun for example_nested_branch_dag to 2024-10-15 00:00:00+00:00, run_after=2024-10-16 00:00:00+00:00
[2024-10-16T11:38:38.418+0000] {processor.py:208} INFO - Processing /home/airflow/.local/lib/python3.12/site-packages/airflow/example_dags/example_nested_branch_dag.py took 0.091 seconds
[2024-10-16T11:39:09.257+0000] {processor.py:186} INFO - Started process (PID=126725) to work on /home/airflow/.local/lib/python3.12/site-packages/airflow/example_dags/example_nested_branch_dag.py
[2024-10-16T11:39:09.258+0000] {processor.py:914} INFO - Processing file /home/airflow/.local/lib/python3.12/site-packages/airflow/example_dags/example_nested_branch_dag.py for tasks to queue
[2024-10-16T11:39:09.260+0000] {logging_mixin.py:190} INFO - [2024-10-16T11:39:09.259+0000] {dagbag.py:588} INFO - Filling up the DagBag from /home/airflow/.local/lib/python3.12/site-packages/airflow/example_dags/example_nested_branch_dag.py
[2024-10-16T11:39:09.273+0000] {processor.py:925} INFO - DAG(s) 'example_nested_branch_dag' retrieved from /home/airflow/.local/lib/python3.12/site-packages/airflow/example_dags/example_nested_branch_dag.py
[2024-10-16T11:39:09.296+0000] {logging_mixin.py:190} INFO - [2024-10-16T11:39:09.296+0000] {dag.py:3239} INFO - Sync 1 DAGs
[2024-10-16T11:39:09.328+0000] {logging_mixin.py:190} INFO - [2024-10-16T11:39:09.327+0000] {dag.py:4180} INFO - Setting next_dagrun for example_nested_branch_dag to 2024-10-15 00:00:00+00:00, run_after=2024-10-16 00:00:00+00:00
[2024-10-16T11:39:09.352+0000] {processor.py:208} INFO - Processing /home/airflow/.local/lib/python3.12/site-packages/airflow/example_dags/example_nested_branch_dag.py took 0.100 seconds
[2024-10-16T11:39:40.107+0000] {processor.py:186} INFO - Started process (PID=126788) to work on /home/airflow/.local/lib/python3.12/site-packages/airflow/example_dags/example_nested_branch_dag.py
[2024-10-16T11:39:40.108+0000] {processor.py:914} INFO - Processing file /home/airflow/.local/lib/python3.12/site-packages/airflow/example_dags/example_nested_branch_dag.py for tasks to queue
[2024-10-16T11:39:40.109+0000] {logging_mixin.py:190} INFO - [2024-10-16T11:39:40.109+0000] {dagbag.py:588} INFO - Filling up the DagBag from /home/airflow/.local/lib/python3.12/site-packages/airflow/example_dags/example_nested_branch_dag.py
[2024-10-16T11:39:40.122+0000] {processor.py:925} INFO - DAG(s) 'example_nested_branch_dag' retrieved from /home/airflow/.local/lib/python3.12/site-packages/airflow/example_dags/example_nested_branch_dag.py
[2024-10-16T11:39:40.145+0000] {logging_mixin.py:190} INFO - [2024-10-16T11:39:40.145+0000] {dag.py:3239} INFO - Sync 1 DAGs
[2024-10-16T11:39:40.173+0000] {logging_mixin.py:190} INFO - [2024-10-16T11:39:40.173+0000] {dag.py:4180} INFO - Setting next_dagrun for example_nested_branch_dag to 2024-10-15 00:00:00+00:00, run_after=2024-10-16 00:00:00+00:00
[2024-10-16T11:39:40.194+0000] {processor.py:208} INFO - Processing /home/airflow/.local/lib/python3.12/site-packages/airflow/example_dags/example_nested_branch_dag.py took 0.094 seconds
[2024-10-16T11:40:10.890+0000] {processor.py:186} INFO - Started process (PID=126851) to work on /home/airflow/.local/lib/python3.12/site-packages/airflow/example_dags/example_nested_branch_dag.py
[2024-10-16T11:40:10.891+0000] {processor.py:914} INFO - Processing file /home/airflow/.local/lib/python3.12/site-packages/airflow/example_dags/example_nested_branch_dag.py for tasks to queue
[2024-10-16T11:40:10.893+0000] {logging_mixin.py:190} INFO - [2024-10-16T11:40:10.892+0000] {dagbag.py:588} INFO - Filling up the DagBag from /home/airflow/.local/lib/python3.12/site-packages/airflow/example_dags/example_nested_branch_dag.py
[2024-10-16T11:40:10.906+0000] {processor.py:925} INFO - DAG(s) 'example_nested_branch_dag' retrieved from /home/airflow/.local/lib/python3.12/site-packages/airflow/example_dags/example_nested_branch_dag.py
[2024-10-16T11:40:10.929+0000] {logging_mixin.py:190} INFO - [2024-10-16T11:40:10.928+0000] {dag.py:3239} INFO - Sync 1 DAGs
[2024-10-16T11:40:10.962+0000] {logging_mixin.py:190} INFO - [2024-10-16T11:40:10.962+0000] {dag.py:4180} INFO - Setting next_dagrun for example_nested_branch_dag to 2024-10-15 00:00:00+00:00, run_after=2024-10-16 00:00:00+00:00
[2024-10-16T11:40:10.984+0000] {processor.py:208} INFO - Processing /home/airflow/.local/lib/python3.12/site-packages/airflow/example_dags/example_nested_branch_dag.py took 0.103 seconds
[2024-10-16T11:40:41.141+0000] {processor.py:186} INFO - Started process (PID=126913) to work on /home/airflow/.local/lib/python3.12/site-packages/airflow/example_dags/example_nested_branch_dag.py
[2024-10-16T11:40:41.142+0000] {processor.py:914} INFO - Processing file /home/airflow/.local/lib/python3.12/site-packages/airflow/example_dags/example_nested_branch_dag.py for tasks to queue
[2024-10-16T11:40:41.143+0000] {logging_mixin.py:190} INFO - [2024-10-16T11:40:41.143+0000] {dagbag.py:588} INFO - Filling up the DagBag from /home/airflow/.local/lib/python3.12/site-packages/airflow/example_dags/example_nested_branch_dag.py
[2024-10-16T11:40:41.155+0000] {processor.py:925} INFO - DAG(s) 'example_nested_branch_dag' retrieved from /home/airflow/.local/lib/python3.12/site-packages/airflow/example_dags/example_nested_branch_dag.py
[2024-10-16T11:40:41.179+0000] {logging_mixin.py:190} INFO - [2024-10-16T11:40:41.179+0000] {dag.py:3239} INFO - Sync 1 DAGs
[2024-10-16T11:40:41.207+0000] {logging_mixin.py:190} INFO - [2024-10-16T11:40:41.207+0000] {dag.py:4180} INFO - Setting next_dagrun for example_nested_branch_dag to 2024-10-15 00:00:00+00:00, run_after=2024-10-16 00:00:00+00:00
[2024-10-16T11:40:41.228+0000] {processor.py:208} INFO - Processing /home/airflow/.local/lib/python3.12/site-packages/airflow/example_dags/example_nested_branch_dag.py took 0.093 seconds
[2024-10-16T11:41:11.355+0000] {processor.py:186} INFO - Started process (PID=126976) to work on /home/airflow/.local/lib/python3.12/site-packages/airflow/example_dags/example_nested_branch_dag.py
[2024-10-16T11:41:11.356+0000] {processor.py:914} INFO - Processing file /home/airflow/.local/lib/python3.12/site-packages/airflow/example_dags/example_nested_branch_dag.py for tasks to queue
[2024-10-16T11:41:11.357+0000] {logging_mixin.py:190} INFO - [2024-10-16T11:41:11.357+0000] {dagbag.py:588} INFO - Filling up the DagBag from /home/airflow/.local/lib/python3.12/site-packages/airflow/example_dags/example_nested_branch_dag.py
[2024-10-16T11:41:11.369+0000] {processor.py:925} INFO - DAG(s) 'example_nested_branch_dag' retrieved from /home/airflow/.local/lib/python3.12/site-packages/airflow/example_dags/example_nested_branch_dag.py
[2024-10-16T11:41:11.394+0000] {logging_mixin.py:190} INFO - [2024-10-16T11:41:11.393+0000] {dag.py:3239} INFO - Sync 1 DAGs
[2024-10-16T11:41:11.421+0000] {logging_mixin.py:190} INFO - [2024-10-16T11:41:11.421+0000] {dag.py:4180} INFO - Setting next_dagrun for example_nested_branch_dag to 2024-10-15 00:00:00+00:00, run_after=2024-10-16 00:00:00+00:00
[2024-10-16T11:41:11.443+0000] {processor.py:208} INFO - Processing /home/airflow/.local/lib/python3.12/site-packages/airflow/example_dags/example_nested_branch_dag.py took 0.095 seconds
[2024-10-16T11:41:41.727+0000] {processor.py:186} INFO - Started process (PID=127039) to work on /home/airflow/.local/lib/python3.12/site-packages/airflow/example_dags/example_nested_branch_dag.py
[2024-10-16T11:41:41.728+0000] {processor.py:914} INFO - Processing file /home/airflow/.local/lib/python3.12/site-packages/airflow/example_dags/example_nested_branch_dag.py for tasks to queue
[2024-10-16T11:41:41.730+0000] {logging_mixin.py:190} INFO - [2024-10-16T11:41:41.729+0000] {dagbag.py:588} INFO - Filling up the DagBag from /home/airflow/.local/lib/python3.12/site-packages/airflow/example_dags/example_nested_branch_dag.py
[2024-10-16T11:41:41.743+0000] {processor.py:925} INFO - DAG(s) 'example_nested_branch_dag' retrieved from /home/airflow/.local/lib/python3.12/site-packages/airflow/example_dags/example_nested_branch_dag.py
[2024-10-16T11:41:41.766+0000] {logging_mixin.py:190} INFO - [2024-10-16T11:41:41.766+0000] {dag.py:3239} INFO - Sync 1 DAGs
[2024-10-16T11:41:41.793+0000] {logging_mixin.py:190} INFO - [2024-10-16T11:41:41.793+0000] {dag.py:4180} INFO - Setting next_dagrun for example_nested_branch_dag to 2024-10-15 00:00:00+00:00, run_after=2024-10-16 00:00:00+00:00
[2024-10-16T11:41:41.813+0000] {processor.py:208} INFO - Processing /home/airflow/.local/lib/python3.12/site-packages/airflow/example_dags/example_nested_branch_dag.py took 0.092 seconds
[2024-10-16T11:42:12.720+0000] {processor.py:186} INFO - Started process (PID=127102) to work on /home/airflow/.local/lib/python3.12/site-packages/airflow/example_dags/example_nested_branch_dag.py
[2024-10-16T11:42:12.721+0000] {processor.py:914} INFO - Processing file /home/airflow/.local/lib/python3.12/site-packages/airflow/example_dags/example_nested_branch_dag.py for tasks to queue
[2024-10-16T11:42:12.723+0000] {logging_mixin.py:190} INFO - [2024-10-16T11:42:12.722+0000] {dagbag.py:588} INFO - Filling up the DagBag from /home/airflow/.local/lib/python3.12/site-packages/airflow/example_dags/example_nested_branch_dag.py
[2024-10-16T11:42:12.735+0000] {processor.py:925} INFO - DAG(s) 'example_nested_branch_dag' retrieved from /home/airflow/.local/lib/python3.12/site-packages/airflow/example_dags/example_nested_branch_dag.py
[2024-10-16T11:42:12.757+0000] {logging_mixin.py:190} INFO - [2024-10-16T11:42:12.757+0000] {dag.py:3239} INFO - Sync 1 DAGs
[2024-10-16T11:42:12.785+0000] {logging_mixin.py:190} INFO - [2024-10-16T11:42:12.784+0000] {dag.py:4180} INFO - Setting next_dagrun for example_nested_branch_dag to 2024-10-15 00:00:00+00:00, run_after=2024-10-16 00:00:00+00:00
[2024-10-16T11:42:12.804+0000] {processor.py:208} INFO - Processing /home/airflow/.local/lib/python3.12/site-packages/airflow/example_dags/example_nested_branch_dag.py took 0.090 seconds
[2024-10-16T11:42:42.851+0000] {processor.py:186} INFO - Started process (PID=127165) to work on /home/airflow/.local/lib/python3.12/site-packages/airflow/example_dags/example_nested_branch_dag.py
[2024-10-16T11:42:42.852+0000] {processor.py:914} INFO - Processing file /home/airflow/.local/lib/python3.12/site-packages/airflow/example_dags/example_nested_branch_dag.py for tasks to queue
[2024-10-16T11:42:42.853+0000] {logging_mixin.py:190} INFO - [2024-10-16T11:42:42.853+0000] {dagbag.py:588} INFO - Filling up the DagBag from /home/airflow/.local/lib/python3.12/site-packages/airflow/example_dags/example_nested_branch_dag.py
[2024-10-16T11:42:42.865+0000] {processor.py:925} INFO - DAG(s) 'example_nested_branch_dag' retrieved from /home/airflow/.local/lib/python3.12/site-packages/airflow/example_dags/example_nested_branch_dag.py
[2024-10-16T11:42:42.890+0000] {logging_mixin.py:190} INFO - [2024-10-16T11:42:42.890+0000] {dag.py:3239} INFO - Sync 1 DAGs
[2024-10-16T11:42:42.918+0000] {logging_mixin.py:190} INFO - [2024-10-16T11:42:42.918+0000] {dag.py:4180} INFO - Setting next_dagrun for example_nested_branch_dag to 2024-10-15 00:00:00+00:00, run_after=2024-10-16 00:00:00+00:00
[2024-10-16T11:42:42.939+0000] {processor.py:208} INFO - Processing /home/airflow/.local/lib/python3.12/site-packages/airflow/example_dags/example_nested_branch_dag.py took 0.094 seconds
[2024-10-16T11:43:13.633+0000] {processor.py:186} INFO - Started process (PID=127228) to work on /home/airflow/.local/lib/python3.12/site-packages/airflow/example_dags/example_nested_branch_dag.py
[2024-10-16T11:43:13.635+0000] {processor.py:914} INFO - Processing file /home/airflow/.local/lib/python3.12/site-packages/airflow/example_dags/example_nested_branch_dag.py for tasks to queue
[2024-10-16T11:43:13.636+0000] {logging_mixin.py:190} INFO - [2024-10-16T11:43:13.636+0000] {dagbag.py:588} INFO - Filling up the DagBag from /home/airflow/.local/lib/python3.12/site-packages/airflow/example_dags/example_nested_branch_dag.py
[2024-10-16T11:43:13.648+0000] {processor.py:925} INFO - DAG(s) 'example_nested_branch_dag' retrieved from /home/airflow/.local/lib/python3.12/site-packages/airflow/example_dags/example_nested_branch_dag.py
[2024-10-16T11:43:13.672+0000] {logging_mixin.py:190} INFO - [2024-10-16T11:43:13.671+0000] {dag.py:3239} INFO - Sync 1 DAGs
[2024-10-16T11:43:13.699+0000] {logging_mixin.py:190} INFO - [2024-10-16T11:43:13.699+0000] {dag.py:4180} INFO - Setting next_dagrun for example_nested_branch_dag to 2024-10-15 00:00:00+00:00, run_after=2024-10-16 00:00:00+00:00
[2024-10-16T11:43:13.719+0000] {processor.py:208} INFO - Processing /home/airflow/.local/lib/python3.12/site-packages/airflow/example_dags/example_nested_branch_dag.py took 0.092 seconds
[2024-10-16T11:43:43.884+0000] {processor.py:186} INFO - Started process (PID=127291) to work on /home/airflow/.local/lib/python3.12/site-packages/airflow/example_dags/example_nested_branch_dag.py
[2024-10-16T11:43:43.885+0000] {processor.py:914} INFO - Processing file /home/airflow/.local/lib/python3.12/site-packages/airflow/example_dags/example_nested_branch_dag.py for tasks to queue
[2024-10-16T11:43:43.886+0000] {logging_mixin.py:190} INFO - [2024-10-16T11:43:43.886+0000] {dagbag.py:588} INFO - Filling up the DagBag from /home/airflow/.local/lib/python3.12/site-packages/airflow/example_dags/example_nested_branch_dag.py
[2024-10-16T11:43:43.899+0000] {processor.py:925} INFO - DAG(s) 'example_nested_branch_dag' retrieved from /home/airflow/.local/lib/python3.12/site-packages/airflow/example_dags/example_nested_branch_dag.py
[2024-10-16T11:43:43.921+0000] {logging_mixin.py:190} INFO - [2024-10-16T11:43:43.921+0000] {dag.py:3239} INFO - Sync 1 DAGs
[2024-10-16T11:43:43.947+0000] {logging_mixin.py:190} INFO - [2024-10-16T11:43:43.947+0000] {dag.py:4180} INFO - Setting next_dagrun for example_nested_branch_dag to 2024-10-15 00:00:00+00:00, run_after=2024-10-16 00:00:00+00:00
[2024-10-16T11:43:43.967+0000] {processor.py:208} INFO - Processing /home/airflow/.local/lib/python3.12/site-packages/airflow/example_dags/example_nested_branch_dag.py took 0.089 seconds
[2024-10-16T11:44:14.106+0000] {processor.py:186} INFO - Started process (PID=127354) to work on /home/airflow/.local/lib/python3.12/site-packages/airflow/example_dags/example_nested_branch_dag.py
[2024-10-16T11:44:14.107+0000] {processor.py:914} INFO - Processing file /home/airflow/.local/lib/python3.12/site-packages/airflow/example_dags/example_nested_branch_dag.py for tasks to queue
[2024-10-16T11:44:14.109+0000] {logging_mixin.py:190} INFO - [2024-10-16T11:44:14.108+0000] {dagbag.py:588} INFO - Filling up the DagBag from /home/airflow/.local/lib/python3.12/site-packages/airflow/example_dags/example_nested_branch_dag.py
[2024-10-16T11:44:14.121+0000] {processor.py:925} INFO - DAG(s) 'example_nested_branch_dag' retrieved from /home/airflow/.local/lib/python3.12/site-packages/airflow/example_dags/example_nested_branch_dag.py
[2024-10-16T11:44:14.145+0000] {logging_mixin.py:190} INFO - [2024-10-16T11:44:14.144+0000] {dag.py:3239} INFO - Sync 1 DAGs
[2024-10-16T11:44:14.173+0000] {logging_mixin.py:190} INFO - [2024-10-16T11:44:14.173+0000] {dag.py:4180} INFO - Setting next_dagrun for example_nested_branch_dag to 2024-10-15 00:00:00+00:00, run_after=2024-10-16 00:00:00+00:00
[2024-10-16T11:44:14.195+0000] {processor.py:208} INFO - Processing /home/airflow/.local/lib/python3.12/site-packages/airflow/example_dags/example_nested_branch_dag.py took 0.094 seconds
[2024-10-16T11:44:44.858+0000] {processor.py:186} INFO - Started process (PID=127424) to work on /home/airflow/.local/lib/python3.12/site-packages/airflow/example_dags/example_nested_branch_dag.py
[2024-10-16T11:44:44.859+0000] {processor.py:914} INFO - Processing file /home/airflow/.local/lib/python3.12/site-packages/airflow/example_dags/example_nested_branch_dag.py for tasks to queue
[2024-10-16T11:44:44.860+0000] {logging_mixin.py:190} INFO - [2024-10-16T11:44:44.860+0000] {dagbag.py:588} INFO - Filling up the DagBag from /home/airflow/.local/lib/python3.12/site-packages/airflow/example_dags/example_nested_branch_dag.py
[2024-10-16T11:44:44.874+0000] {processor.py:925} INFO - DAG(s) 'example_nested_branch_dag' retrieved from /home/airflow/.local/lib/python3.12/site-packages/airflow/example_dags/example_nested_branch_dag.py
[2024-10-16T11:44:44.898+0000] {logging_mixin.py:190} INFO - [2024-10-16T11:44:44.897+0000] {dag.py:3239} INFO - Sync 1 DAGs
[2024-10-16T11:44:44.944+0000] {logging_mixin.py:190} INFO - [2024-10-16T11:44:44.944+0000] {dag.py:4180} INFO - Setting next_dagrun for example_nested_branch_dag to 2024-10-15 00:00:00+00:00, run_after=2024-10-16 00:00:00+00:00
[2024-10-16T11:44:44.970+0000] {processor.py:208} INFO - Processing /home/airflow/.local/lib/python3.12/site-packages/airflow/example_dags/example_nested_branch_dag.py took 0.119 seconds
[2024-10-16T11:45:15.115+0000] {processor.py:186} INFO - Started process (PID=127487) to work on /home/airflow/.local/lib/python3.12/site-packages/airflow/example_dags/example_nested_branch_dag.py
[2024-10-16T11:45:15.116+0000] {processor.py:914} INFO - Processing file /home/airflow/.local/lib/python3.12/site-packages/airflow/example_dags/example_nested_branch_dag.py for tasks to queue
[2024-10-16T11:45:15.118+0000] {logging_mixin.py:190} INFO - [2024-10-16T11:45:15.117+0000] {dagbag.py:588} INFO - Filling up the DagBag from /home/airflow/.local/lib/python3.12/site-packages/airflow/example_dags/example_nested_branch_dag.py
[2024-10-16T11:45:15.131+0000] {processor.py:925} INFO - DAG(s) 'example_nested_branch_dag' retrieved from /home/airflow/.local/lib/python3.12/site-packages/airflow/example_dags/example_nested_branch_dag.py
[2024-10-16T11:45:15.155+0000] {logging_mixin.py:190} INFO - [2024-10-16T11:45:15.155+0000] {dag.py:3239} INFO - Sync 1 DAGs
[2024-10-16T11:45:15.184+0000] {logging_mixin.py:190} INFO - [2024-10-16T11:45:15.184+0000] {dag.py:4180} INFO - Setting next_dagrun for example_nested_branch_dag to 2024-10-15 00:00:00+00:00, run_after=2024-10-16 00:00:00+00:00
[2024-10-16T11:45:15.205+0000] {processor.py:208} INFO - Processing /home/airflow/.local/lib/python3.12/site-packages/airflow/example_dags/example_nested_branch_dag.py took 0.097 seconds
[2024-10-16T11:45:45.541+0000] {processor.py:186} INFO - Started process (PID=127551) to work on /home/airflow/.local/lib/python3.12/site-packages/airflow/example_dags/example_nested_branch_dag.py
[2024-10-16T11:45:45.542+0000] {processor.py:914} INFO - Processing file /home/airflow/.local/lib/python3.12/site-packages/airflow/example_dags/example_nested_branch_dag.py for tasks to queue
[2024-10-16T11:45:45.543+0000] {logging_mixin.py:190} INFO - [2024-10-16T11:45:45.543+0000] {dagbag.py:588} INFO - Filling up the DagBag from /home/airflow/.local/lib/python3.12/site-packages/airflow/example_dags/example_nested_branch_dag.py
[2024-10-16T11:45:45.557+0000] {processor.py:925} INFO - DAG(s) 'example_nested_branch_dag' retrieved from /home/airflow/.local/lib/python3.12/site-packages/airflow/example_dags/example_nested_branch_dag.py
[2024-10-16T11:45:45.583+0000] {logging_mixin.py:190} INFO - [2024-10-16T11:45:45.583+0000] {dag.py:3239} INFO - Sync 1 DAGs
[2024-10-16T11:45:45.614+0000] {logging_mixin.py:190} INFO - [2024-10-16T11:45:45.613+0000] {dag.py:4180} INFO - Setting next_dagrun for example_nested_branch_dag to 2024-10-15 00:00:00+00:00, run_after=2024-10-16 00:00:00+00:00
[2024-10-16T11:45:45.636+0000] {processor.py:208} INFO - Processing /home/airflow/.local/lib/python3.12/site-packages/airflow/example_dags/example_nested_branch_dag.py took 0.102 seconds
