[2024-10-16T11:29:47.244+0000] {processor.py:186} INFO - Started process (PID=125564) to work on /home/airflow/.local/lib/python3.12/site-packages/airflow/example_dags/example_bash_decorator.py
[2024-10-16T11:29:47.248+0000] {processor.py:914} INFO - Processing file /home/airflow/.local/lib/python3.12/site-packages/airflow/example_dags/example_bash_decorator.py for tasks to queue
[2024-10-16T11:29:47.253+0000] {logging_mixin.py:190} INFO - [2024-10-16T11:29:47.251+0000] {dagbag.py:588} INFO - Filling up the DagBag from /home/airflow/.local/lib/python3.12/site-packages/airflow/example_dags/example_bash_decorator.py
[2024-10-16T11:29:47.345+0000] {processor.py:925} INFO - DAG(s) 'example_bash_decorator' retrieved from /home/airflow/.local/lib/python3.12/site-packages/airflow/example_dags/example_bash_decorator.py
[2024-10-16T11:29:47.574+0000] {logging_mixin.py:190} INFO - [2024-10-16T11:29:47.574+0000] {dag.py:3239} INFO - Sync 1 DAGs
[2024-10-16T11:29:47.636+0000] {logging_mixin.py:190} INFO - [2024-10-16T11:29:47.636+0000] {dag.py:4180} INFO - Setting next_dagrun for example_bash_decorator to None, run_after=None
[2024-10-16T11:29:47.733+0000] {processor.py:208} INFO - Processing /home/airflow/.local/lib/python3.12/site-packages/airflow/example_dags/example_bash_decorator.py took 0.525 seconds
[2024-10-16T11:30:18.640+0000] {processor.py:186} INFO - Started process (PID=125629) to work on /home/airflow/.local/lib/python3.12/site-packages/airflow/example_dags/example_bash_decorator.py
[2024-10-16T11:30:18.643+0000] {processor.py:914} INFO - Processing file /home/airflow/.local/lib/python3.12/site-packages/airflow/example_dags/example_bash_decorator.py for tasks to queue
[2024-10-16T11:30:18.646+0000] {logging_mixin.py:190} INFO - [2024-10-16T11:30:18.645+0000] {dagbag.py:588} INFO - Filling up the DagBag from /home/airflow/.local/lib/python3.12/site-packages/airflow/example_dags/example_bash_decorator.py
[2024-10-16T11:30:18.669+0000] {processor.py:925} INFO - DAG(s) 'example_bash_decorator' retrieved from /home/airflow/.local/lib/python3.12/site-packages/airflow/example_dags/example_bash_decorator.py
[2024-10-16T11:30:18.724+0000] {logging_mixin.py:190} INFO - [2024-10-16T11:30:18.723+0000] {dag.py:3239} INFO - Sync 1 DAGs
[2024-10-16T11:30:18.750+0000] {logging_mixin.py:190} INFO - [2024-10-16T11:30:18.749+0000] {dag.py:4180} INFO - Setting next_dagrun for example_bash_decorator to None, run_after=None
[2024-10-16T11:30:18.796+0000] {processor.py:208} INFO - Processing /home/airflow/.local/lib/python3.12/site-packages/airflow/example_dags/example_bash_decorator.py took 0.166 seconds
[2024-10-16T11:30:49.026+0000] {processor.py:186} INFO - Started process (PID=125692) to work on /home/airflow/.local/lib/python3.12/site-packages/airflow/example_dags/example_bash_decorator.py
[2024-10-16T11:30:49.027+0000] {processor.py:914} INFO - Processing file /home/airflow/.local/lib/python3.12/site-packages/airflow/example_dags/example_bash_decorator.py for tasks to queue
[2024-10-16T11:30:49.028+0000] {logging_mixin.py:190} INFO - [2024-10-16T11:30:49.028+0000] {dagbag.py:588} INFO - Filling up the DagBag from /home/airflow/.local/lib/python3.12/site-packages/airflow/example_dags/example_bash_decorator.py
[2024-10-16T11:30:49.042+0000] {processor.py:925} INFO - DAG(s) 'example_bash_decorator' retrieved from /home/airflow/.local/lib/python3.12/site-packages/airflow/example_dags/example_bash_decorator.py
[2024-10-16T11:30:49.065+0000] {logging_mixin.py:190} INFO - [2024-10-16T11:30:49.064+0000] {dag.py:3239} INFO - Sync 1 DAGs
[2024-10-16T11:30:49.079+0000] {logging_mixin.py:190} INFO - [2024-10-16T11:30:49.079+0000] {dag.py:4180} INFO - Setting next_dagrun for example_bash_decorator to None, run_after=None
[2024-10-16T11:30:49.097+0000] {processor.py:208} INFO - Processing /home/airflow/.local/lib/python3.12/site-packages/airflow/example_dags/example_bash_decorator.py took 0.076 seconds
[2024-10-16T11:31:19.815+0000] {processor.py:186} INFO - Started process (PID=125755) to work on /home/airflow/.local/lib/python3.12/site-packages/airflow/example_dags/example_bash_decorator.py
[2024-10-16T11:31:19.816+0000] {processor.py:914} INFO - Processing file /home/airflow/.local/lib/python3.12/site-packages/airflow/example_dags/example_bash_decorator.py for tasks to queue
[2024-10-16T11:31:19.818+0000] {logging_mixin.py:190} INFO - [2024-10-16T11:31:19.817+0000] {dagbag.py:588} INFO - Filling up the DagBag from /home/airflow/.local/lib/python3.12/site-packages/airflow/example_dags/example_bash_decorator.py
[2024-10-16T11:31:19.835+0000] {processor.py:925} INFO - DAG(s) 'example_bash_decorator' retrieved from /home/airflow/.local/lib/python3.12/site-packages/airflow/example_dags/example_bash_decorator.py
[2024-10-16T11:31:19.860+0000] {logging_mixin.py:190} INFO - [2024-10-16T11:31:19.860+0000] {dag.py:3239} INFO - Sync 1 DAGs
[2024-10-16T11:31:19.876+0000] {logging_mixin.py:190} INFO - [2024-10-16T11:31:19.876+0000] {dag.py:4180} INFO - Setting next_dagrun for example_bash_decorator to None, run_after=None
[2024-10-16T11:31:19.894+0000] {processor.py:208} INFO - Processing /home/airflow/.local/lib/python3.12/site-packages/airflow/example_dags/example_bash_decorator.py took 0.087 seconds
[2024-10-16T11:31:50.037+0000] {processor.py:186} INFO - Started process (PID=125818) to work on /home/airflow/.local/lib/python3.12/site-packages/airflow/example_dags/example_bash_decorator.py
[2024-10-16T11:31:50.038+0000] {processor.py:914} INFO - Processing file /home/airflow/.local/lib/python3.12/site-packages/airflow/example_dags/example_bash_decorator.py for tasks to queue
[2024-10-16T11:31:50.040+0000] {logging_mixin.py:190} INFO - [2024-10-16T11:31:50.039+0000] {dagbag.py:588} INFO - Filling up the DagBag from /home/airflow/.local/lib/python3.12/site-packages/airflow/example_dags/example_bash_decorator.py
[2024-10-16T11:31:50.072+0000] {processor.py:925} INFO - DAG(s) 'example_bash_decorator' retrieved from /home/airflow/.local/lib/python3.12/site-packages/airflow/example_dags/example_bash_decorator.py
[2024-10-16T11:31:50.132+0000] {logging_mixin.py:190} INFO - [2024-10-16T11:31:50.131+0000] {dag.py:3239} INFO - Sync 1 DAGs
[2024-10-16T11:31:50.175+0000] {logging_mixin.py:190} INFO - [2024-10-16T11:31:50.174+0000] {dag.py:4180} INFO - Setting next_dagrun for example_bash_decorator to None, run_after=None
[2024-10-16T11:31:50.214+0000] {processor.py:208} INFO - Processing /home/airflow/.local/lib/python3.12/site-packages/airflow/example_dags/example_bash_decorator.py took 0.186 seconds
[2024-10-16T11:32:20.854+0000] {processor.py:186} INFO - Started process (PID=125881) to work on /home/airflow/.local/lib/python3.12/site-packages/airflow/example_dags/example_bash_decorator.py
[2024-10-16T11:32:20.855+0000] {processor.py:914} INFO - Processing file /home/airflow/.local/lib/python3.12/site-packages/airflow/example_dags/example_bash_decorator.py for tasks to queue
[2024-10-16T11:32:20.856+0000] {logging_mixin.py:190} INFO - [2024-10-16T11:32:20.856+0000] {dagbag.py:588} INFO - Filling up the DagBag from /home/airflow/.local/lib/python3.12/site-packages/airflow/example_dags/example_bash_decorator.py
[2024-10-16T11:32:20.871+0000] {processor.py:925} INFO - DAG(s) 'example_bash_decorator' retrieved from /home/airflow/.local/lib/python3.12/site-packages/airflow/example_dags/example_bash_decorator.py
[2024-10-16T11:32:20.899+0000] {logging_mixin.py:190} INFO - [2024-10-16T11:32:20.899+0000] {dag.py:3239} INFO - Sync 1 DAGs
[2024-10-16T11:32:20.924+0000] {logging_mixin.py:190} INFO - [2024-10-16T11:32:20.924+0000] {dag.py:4180} INFO - Setting next_dagrun for example_bash_decorator to None, run_after=None
[2024-10-16T11:32:20.944+0000] {processor.py:208} INFO - Processing /home/airflow/.local/lib/python3.12/site-packages/airflow/example_dags/example_bash_decorator.py took 0.096 seconds
[2024-10-16T11:32:51.321+0000] {processor.py:186} INFO - Started process (PID=125944) to work on /home/airflow/.local/lib/python3.12/site-packages/airflow/example_dags/example_bash_decorator.py
[2024-10-16T11:32:51.321+0000] {processor.py:914} INFO - Processing file /home/airflow/.local/lib/python3.12/site-packages/airflow/example_dags/example_bash_decorator.py for tasks to queue
[2024-10-16T11:32:51.323+0000] {logging_mixin.py:190} INFO - [2024-10-16T11:32:51.322+0000] {dagbag.py:588} INFO - Filling up the DagBag from /home/airflow/.local/lib/python3.12/site-packages/airflow/example_dags/example_bash_decorator.py
[2024-10-16T11:32:51.337+0000] {processor.py:925} INFO - DAG(s) 'example_bash_decorator' retrieved from /home/airflow/.local/lib/python3.12/site-packages/airflow/example_dags/example_bash_decorator.py
[2024-10-16T11:32:51.360+0000] {logging_mixin.py:190} INFO - [2024-10-16T11:32:51.360+0000] {dag.py:3239} INFO - Sync 1 DAGs
[2024-10-16T11:32:51.374+0000] {logging_mixin.py:190} INFO - [2024-10-16T11:32:51.374+0000] {dag.py:4180} INFO - Setting next_dagrun for example_bash_decorator to None, run_after=None
[2024-10-16T11:32:51.393+0000] {processor.py:208} INFO - Processing /home/airflow/.local/lib/python3.12/site-packages/airflow/example_dags/example_bash_decorator.py took 0.078 seconds
[2024-10-16T11:33:21.584+0000] {processor.py:186} INFO - Started process (PID=126007) to work on /home/airflow/.local/lib/python3.12/site-packages/airflow/example_dags/example_bash_decorator.py
[2024-10-16T11:33:21.585+0000] {processor.py:914} INFO - Processing file /home/airflow/.local/lib/python3.12/site-packages/airflow/example_dags/example_bash_decorator.py for tasks to queue
[2024-10-16T11:33:21.586+0000] {logging_mixin.py:190} INFO - [2024-10-16T11:33:21.585+0000] {dagbag.py:588} INFO - Filling up the DagBag from /home/airflow/.local/lib/python3.12/site-packages/airflow/example_dags/example_bash_decorator.py
[2024-10-16T11:33:21.602+0000] {processor.py:925} INFO - DAG(s) 'example_bash_decorator' retrieved from /home/airflow/.local/lib/python3.12/site-packages/airflow/example_dags/example_bash_decorator.py
[2024-10-16T11:33:21.628+0000] {logging_mixin.py:190} INFO - [2024-10-16T11:33:21.628+0000] {dag.py:3239} INFO - Sync 1 DAGs
[2024-10-16T11:33:21.645+0000] {logging_mixin.py:190} INFO - [2024-10-16T11:33:21.644+0000] {dag.py:4180} INFO - Setting next_dagrun for example_bash_decorator to None, run_after=None
[2024-10-16T11:33:21.664+0000] {processor.py:208} INFO - Processing /home/airflow/.local/lib/python3.12/site-packages/airflow/example_dags/example_bash_decorator.py took 0.086 seconds
[2024-10-16T11:33:51.725+0000] {processor.py:186} INFO - Started process (PID=126070) to work on /home/airflow/.local/lib/python3.12/site-packages/airflow/example_dags/example_bash_decorator.py
[2024-10-16T11:33:51.726+0000] {processor.py:914} INFO - Processing file /home/airflow/.local/lib/python3.12/site-packages/airflow/example_dags/example_bash_decorator.py for tasks to queue
[2024-10-16T11:33:51.729+0000] {logging_mixin.py:190} INFO - [2024-10-16T11:33:51.729+0000] {dagbag.py:588} INFO - Filling up the DagBag from /home/airflow/.local/lib/python3.12/site-packages/airflow/example_dags/example_bash_decorator.py
[2024-10-16T11:33:51.762+0000] {processor.py:925} INFO - DAG(s) 'example_bash_decorator' retrieved from /home/airflow/.local/lib/python3.12/site-packages/airflow/example_dags/example_bash_decorator.py
[2024-10-16T11:33:51.801+0000] {logging_mixin.py:190} INFO - [2024-10-16T11:33:51.801+0000] {dag.py:3239} INFO - Sync 1 DAGs
[2024-10-16T11:33:51.827+0000] {logging_mixin.py:190} INFO - [2024-10-16T11:33:51.827+0000] {dag.py:4180} INFO - Setting next_dagrun for example_bash_decorator to None, run_after=None
[2024-10-16T11:33:51.855+0000] {processor.py:208} INFO - Processing /home/airflow/.local/lib/python3.12/site-packages/airflow/example_dags/example_bash_decorator.py took 0.139 seconds
[2024-10-16T11:34:22.088+0000] {processor.py:186} INFO - Started process (PID=126133) to work on /home/airflow/.local/lib/python3.12/site-packages/airflow/example_dags/example_bash_decorator.py
[2024-10-16T11:34:22.089+0000] {processor.py:914} INFO - Processing file /home/airflow/.local/lib/python3.12/site-packages/airflow/example_dags/example_bash_decorator.py for tasks to queue
[2024-10-16T11:34:22.090+0000] {logging_mixin.py:190} INFO - [2024-10-16T11:34:22.090+0000] {dagbag.py:588} INFO - Filling up the DagBag from /home/airflow/.local/lib/python3.12/site-packages/airflow/example_dags/example_bash_decorator.py
[2024-10-16T11:34:22.108+0000] {processor.py:925} INFO - DAG(s) 'example_bash_decorator' retrieved from /home/airflow/.local/lib/python3.12/site-packages/airflow/example_dags/example_bash_decorator.py
[2024-10-16T11:34:22.135+0000] {logging_mixin.py:190} INFO - [2024-10-16T11:34:22.134+0000] {dag.py:3239} INFO - Sync 1 DAGs
[2024-10-16T11:34:22.150+0000] {logging_mixin.py:190} INFO - [2024-10-16T11:34:22.150+0000] {dag.py:4180} INFO - Setting next_dagrun for example_bash_decorator to None, run_after=None
[2024-10-16T11:34:22.166+0000] {processor.py:208} INFO - Processing /home/airflow/.local/lib/python3.12/site-packages/airflow/example_dags/example_bash_decorator.py took 0.085 seconds
[2024-10-16T11:34:52.310+0000] {processor.py:186} INFO - Started process (PID=126196) to work on /home/airflow/.local/lib/python3.12/site-packages/airflow/example_dags/example_bash_decorator.py
[2024-10-16T11:34:52.311+0000] {processor.py:914} INFO - Processing file /home/airflow/.local/lib/python3.12/site-packages/airflow/example_dags/example_bash_decorator.py for tasks to queue
[2024-10-16T11:34:52.312+0000] {logging_mixin.py:190} INFO - [2024-10-16T11:34:52.312+0000] {dagbag.py:588} INFO - Filling up the DagBag from /home/airflow/.local/lib/python3.12/site-packages/airflow/example_dags/example_bash_decorator.py
[2024-10-16T11:34:52.327+0000] {processor.py:925} INFO - DAG(s) 'example_bash_decorator' retrieved from /home/airflow/.local/lib/python3.12/site-packages/airflow/example_dags/example_bash_decorator.py
[2024-10-16T11:34:52.356+0000] {logging_mixin.py:190} INFO - [2024-10-16T11:34:52.356+0000] {dag.py:3239} INFO - Sync 1 DAGs
[2024-10-16T11:34:52.384+0000] {logging_mixin.py:190} INFO - [2024-10-16T11:34:52.384+0000] {dag.py:4180} INFO - Setting next_dagrun for example_bash_decorator to None, run_after=None
[2024-10-16T11:34:52.407+0000] {processor.py:208} INFO - Processing /home/airflow/.local/lib/python3.12/site-packages/airflow/example_dags/example_bash_decorator.py took 0.103 seconds
[2024-10-16T11:35:23.058+0000] {processor.py:186} INFO - Started process (PID=126259) to work on /home/airflow/.local/lib/python3.12/site-packages/airflow/example_dags/example_bash_decorator.py
[2024-10-16T11:35:23.059+0000] {processor.py:914} INFO - Processing file /home/airflow/.local/lib/python3.12/site-packages/airflow/example_dags/example_bash_decorator.py for tasks to queue
[2024-10-16T11:35:23.060+0000] {logging_mixin.py:190} INFO - [2024-10-16T11:35:23.060+0000] {dagbag.py:588} INFO - Filling up the DagBag from /home/airflow/.local/lib/python3.12/site-packages/airflow/example_dags/example_bash_decorator.py
[2024-10-16T11:35:23.073+0000] {processor.py:925} INFO - DAG(s) 'example_bash_decorator' retrieved from /home/airflow/.local/lib/python3.12/site-packages/airflow/example_dags/example_bash_decorator.py
[2024-10-16T11:35:23.094+0000] {logging_mixin.py:190} INFO - [2024-10-16T11:35:23.093+0000] {dag.py:3239} INFO - Sync 1 DAGs
[2024-10-16T11:35:23.108+0000] {logging_mixin.py:190} INFO - [2024-10-16T11:35:23.108+0000] {dag.py:4180} INFO - Setting next_dagrun for example_bash_decorator to None, run_after=None
[2024-10-16T11:35:23.123+0000] {processor.py:208} INFO - Processing /home/airflow/.local/lib/python3.12/site-packages/airflow/example_dags/example_bash_decorator.py took 0.070 seconds
[2024-10-16T11:35:53.590+0000] {processor.py:186} INFO - Started process (PID=126322) to work on /home/airflow/.local/lib/python3.12/site-packages/airflow/example_dags/example_bash_decorator.py
[2024-10-16T11:35:53.591+0000] {processor.py:914} INFO - Processing file /home/airflow/.local/lib/python3.12/site-packages/airflow/example_dags/example_bash_decorator.py for tasks to queue
[2024-10-16T11:35:53.593+0000] {logging_mixin.py:190} INFO - [2024-10-16T11:35:53.592+0000] {dagbag.py:588} INFO - Filling up the DagBag from /home/airflow/.local/lib/python3.12/site-packages/airflow/example_dags/example_bash_decorator.py
[2024-10-16T11:35:53.609+0000] {processor.py:925} INFO - DAG(s) 'example_bash_decorator' retrieved from /home/airflow/.local/lib/python3.12/site-packages/airflow/example_dags/example_bash_decorator.py
[2024-10-16T11:35:53.631+0000] {logging_mixin.py:190} INFO - [2024-10-16T11:35:53.631+0000] {dag.py:3239} INFO - Sync 1 DAGs
[2024-10-16T11:35:53.647+0000] {logging_mixin.py:190} INFO - [2024-10-16T11:35:53.646+0000] {dag.py:4180} INFO - Setting next_dagrun for example_bash_decorator to None, run_after=None
[2024-10-16T11:35:53.665+0000] {processor.py:208} INFO - Processing /home/airflow/.local/lib/python3.12/site-packages/airflow/example_dags/example_bash_decorator.py took 0.081 seconds
[2024-10-16T11:36:24.271+0000] {processor.py:186} INFO - Started process (PID=126386) to work on /home/airflow/.local/lib/python3.12/site-packages/airflow/example_dags/example_bash_decorator.py
[2024-10-16T11:36:24.272+0000] {processor.py:914} INFO - Processing file /home/airflow/.local/lib/python3.12/site-packages/airflow/example_dags/example_bash_decorator.py for tasks to queue
[2024-10-16T11:36:24.273+0000] {logging_mixin.py:190} INFO - [2024-10-16T11:36:24.273+0000] {dagbag.py:588} INFO - Filling up the DagBag from /home/airflow/.local/lib/python3.12/site-packages/airflow/example_dags/example_bash_decorator.py
[2024-10-16T11:36:24.287+0000] {processor.py:925} INFO - DAG(s) 'example_bash_decorator' retrieved from /home/airflow/.local/lib/python3.12/site-packages/airflow/example_dags/example_bash_decorator.py
[2024-10-16T11:36:24.308+0000] {logging_mixin.py:190} INFO - [2024-10-16T11:36:24.307+0000] {dag.py:3239} INFO - Sync 1 DAGs
[2024-10-16T11:36:24.322+0000] {logging_mixin.py:190} INFO - [2024-10-16T11:36:24.322+0000] {dag.py:4180} INFO - Setting next_dagrun for example_bash_decorator to None, run_after=None
[2024-10-16T11:36:24.342+0000] {processor.py:208} INFO - Processing /home/airflow/.local/lib/python3.12/site-packages/airflow/example_dags/example_bash_decorator.py took 0.076 seconds
[2024-10-16T11:36:54.682+0000] {processor.py:186} INFO - Started process (PID=126449) to work on /home/airflow/.local/lib/python3.12/site-packages/airflow/example_dags/example_bash_decorator.py
[2024-10-16T11:36:54.683+0000] {processor.py:914} INFO - Processing file /home/airflow/.local/lib/python3.12/site-packages/airflow/example_dags/example_bash_decorator.py for tasks to queue
[2024-10-16T11:36:54.684+0000] {logging_mixin.py:190} INFO - [2024-10-16T11:36:54.683+0000] {dagbag.py:588} INFO - Filling up the DagBag from /home/airflow/.local/lib/python3.12/site-packages/airflow/example_dags/example_bash_decorator.py
[2024-10-16T11:36:54.697+0000] {processor.py:925} INFO - DAG(s) 'example_bash_decorator' retrieved from /home/airflow/.local/lib/python3.12/site-packages/airflow/example_dags/example_bash_decorator.py
[2024-10-16T11:36:54.717+0000] {logging_mixin.py:190} INFO - [2024-10-16T11:36:54.717+0000] {dag.py:3239} INFO - Sync 1 DAGs
[2024-10-16T11:36:54.733+0000] {logging_mixin.py:190} INFO - [2024-10-16T11:36:54.732+0000] {dag.py:4180} INFO - Setting next_dagrun for example_bash_decorator to None, run_after=None
[2024-10-16T11:36:54.749+0000] {processor.py:208} INFO - Processing /home/airflow/.local/lib/python3.12/site-packages/airflow/example_dags/example_bash_decorator.py took 0.072 seconds
[2024-10-16T11:37:25.164+0000] {processor.py:186} INFO - Started process (PID=126512) to work on /home/airflow/.local/lib/python3.12/site-packages/airflow/example_dags/example_bash_decorator.py
[2024-10-16T11:37:25.165+0000] {processor.py:914} INFO - Processing file /home/airflow/.local/lib/python3.12/site-packages/airflow/example_dags/example_bash_decorator.py for tasks to queue
[2024-10-16T11:37:25.166+0000] {logging_mixin.py:190} INFO - [2024-10-16T11:37:25.166+0000] {dagbag.py:588} INFO - Filling up the DagBag from /home/airflow/.local/lib/python3.12/site-packages/airflow/example_dags/example_bash_decorator.py
[2024-10-16T11:37:25.182+0000] {processor.py:925} INFO - DAG(s) 'example_bash_decorator' retrieved from /home/airflow/.local/lib/python3.12/site-packages/airflow/example_dags/example_bash_decorator.py
[2024-10-16T11:37:25.211+0000] {logging_mixin.py:190} INFO - [2024-10-16T11:37:25.211+0000] {dag.py:3239} INFO - Sync 1 DAGs
[2024-10-16T11:37:25.229+0000] {logging_mixin.py:190} INFO - [2024-10-16T11:37:25.229+0000] {dag.py:4180} INFO - Setting next_dagrun for example_bash_decorator to None, run_after=None
[2024-10-16T11:37:25.249+0000] {processor.py:208} INFO - Processing /home/airflow/.local/lib/python3.12/site-packages/airflow/example_dags/example_bash_decorator.py took 0.091 seconds
[2024-10-16T11:37:56.028+0000] {processor.py:186} INFO - Started process (PID=126575) to work on /home/airflow/.local/lib/python3.12/site-packages/airflow/example_dags/example_bash_decorator.py
[2024-10-16T11:37:56.028+0000] {processor.py:914} INFO - Processing file /home/airflow/.local/lib/python3.12/site-packages/airflow/example_dags/example_bash_decorator.py for tasks to queue
[2024-10-16T11:37:56.030+0000] {logging_mixin.py:190} INFO - [2024-10-16T11:37:56.029+0000] {dagbag.py:588} INFO - Filling up the DagBag from /home/airflow/.local/lib/python3.12/site-packages/airflow/example_dags/example_bash_decorator.py
[2024-10-16T11:37:56.043+0000] {processor.py:925} INFO - DAG(s) 'example_bash_decorator' retrieved from /home/airflow/.local/lib/python3.12/site-packages/airflow/example_dags/example_bash_decorator.py
[2024-10-16T11:37:56.065+0000] {logging_mixin.py:190} INFO - [2024-10-16T11:37:56.064+0000] {dag.py:3239} INFO - Sync 1 DAGs
[2024-10-16T11:37:56.081+0000] {logging_mixin.py:190} INFO - [2024-10-16T11:37:56.080+0000] {dag.py:4180} INFO - Setting next_dagrun for example_bash_decorator to None, run_after=None
[2024-10-16T11:37:56.097+0000] {processor.py:208} INFO - Processing /home/airflow/.local/lib/python3.12/site-packages/airflow/example_dags/example_bash_decorator.py took 0.076 seconds
[2024-10-16T11:38:26.679+0000] {processor.py:186} INFO - Started process (PID=126639) to work on /home/airflow/.local/lib/python3.12/site-packages/airflow/example_dags/example_bash_decorator.py
[2024-10-16T11:38:26.680+0000] {processor.py:914} INFO - Processing file /home/airflow/.local/lib/python3.12/site-packages/airflow/example_dags/example_bash_decorator.py for tasks to queue
[2024-10-16T11:38:26.681+0000] {logging_mixin.py:190} INFO - [2024-10-16T11:38:26.681+0000] {dagbag.py:588} INFO - Filling up the DagBag from /home/airflow/.local/lib/python3.12/site-packages/airflow/example_dags/example_bash_decorator.py
[2024-10-16T11:38:26.698+0000] {processor.py:925} INFO - DAG(s) 'example_bash_decorator' retrieved from /home/airflow/.local/lib/python3.12/site-packages/airflow/example_dags/example_bash_decorator.py
[2024-10-16T11:38:26.723+0000] {logging_mixin.py:190} INFO - [2024-10-16T11:38:26.722+0000] {dag.py:3239} INFO - Sync 1 DAGs
[2024-10-16T11:38:26.741+0000] {logging_mixin.py:190} INFO - [2024-10-16T11:38:26.741+0000] {dag.py:4180} INFO - Setting next_dagrun for example_bash_decorator to None, run_after=None
[2024-10-16T11:38:26.762+0000] {processor.py:208} INFO - Processing /home/airflow/.local/lib/python3.12/site-packages/airflow/example_dags/example_bash_decorator.py took 0.089 seconds
[2024-10-16T11:38:57.860+0000] {processor.py:186} INFO - Started process (PID=126701) to work on /home/airflow/.local/lib/python3.12/site-packages/airflow/example_dags/example_bash_decorator.py
[2024-10-16T11:38:57.861+0000] {processor.py:914} INFO - Processing file /home/airflow/.local/lib/python3.12/site-packages/airflow/example_dags/example_bash_decorator.py for tasks to queue
[2024-10-16T11:38:57.863+0000] {logging_mixin.py:190} INFO - [2024-10-16T11:38:57.862+0000] {dagbag.py:588} INFO - Filling up the DagBag from /home/airflow/.local/lib/python3.12/site-packages/airflow/example_dags/example_bash_decorator.py
[2024-10-16T11:38:57.879+0000] {processor.py:925} INFO - DAG(s) 'example_bash_decorator' retrieved from /home/airflow/.local/lib/python3.12/site-packages/airflow/example_dags/example_bash_decorator.py
[2024-10-16T11:38:57.904+0000] {logging_mixin.py:190} INFO - [2024-10-16T11:38:57.903+0000] {dag.py:3239} INFO - Sync 1 DAGs
[2024-10-16T11:38:57.920+0000] {logging_mixin.py:190} INFO - [2024-10-16T11:38:57.920+0000] {dag.py:4180} INFO - Setting next_dagrun for example_bash_decorator to None, run_after=None
[2024-10-16T11:38:57.944+0000] {processor.py:208} INFO - Processing /home/airflow/.local/lib/python3.12/site-packages/airflow/example_dags/example_bash_decorator.py took 0.091 seconds
[2024-10-16T11:39:28.740+0000] {processor.py:186} INFO - Started process (PID=126764) to work on /home/airflow/.local/lib/python3.12/site-packages/airflow/example_dags/example_bash_decorator.py
[2024-10-16T11:39:28.742+0000] {processor.py:914} INFO - Processing file /home/airflow/.local/lib/python3.12/site-packages/airflow/example_dags/example_bash_decorator.py for tasks to queue
[2024-10-16T11:39:28.744+0000] {logging_mixin.py:190} INFO - [2024-10-16T11:39:28.744+0000] {dagbag.py:588} INFO - Filling up the DagBag from /home/airflow/.local/lib/python3.12/site-packages/airflow/example_dags/example_bash_decorator.py
[2024-10-16T11:39:28.763+0000] {processor.py:925} INFO - DAG(s) 'example_bash_decorator' retrieved from /home/airflow/.local/lib/python3.12/site-packages/airflow/example_dags/example_bash_decorator.py
[2024-10-16T11:39:28.795+0000] {logging_mixin.py:190} INFO - [2024-10-16T11:39:28.795+0000] {dag.py:3239} INFO - Sync 1 DAGs
[2024-10-16T11:39:28.818+0000] {logging_mixin.py:190} INFO - [2024-10-16T11:39:28.818+0000] {dag.py:4180} INFO - Setting next_dagrun for example_bash_decorator to None, run_after=None
[2024-10-16T11:39:28.840+0000] {processor.py:208} INFO - Processing /home/airflow/.local/lib/python3.12/site-packages/airflow/example_dags/example_bash_decorator.py took 0.107 seconds
[2024-10-16T11:39:59.513+0000] {processor.py:186} INFO - Started process (PID=126827) to work on /home/airflow/.local/lib/python3.12/site-packages/airflow/example_dags/example_bash_decorator.py
[2024-10-16T11:39:59.514+0000] {processor.py:914} INFO - Processing file /home/airflow/.local/lib/python3.12/site-packages/airflow/example_dags/example_bash_decorator.py for tasks to queue
[2024-10-16T11:39:59.516+0000] {logging_mixin.py:190} INFO - [2024-10-16T11:39:59.515+0000] {dagbag.py:588} INFO - Filling up the DagBag from /home/airflow/.local/lib/python3.12/site-packages/airflow/example_dags/example_bash_decorator.py
[2024-10-16T11:39:59.534+0000] {processor.py:925} INFO - DAG(s) 'example_bash_decorator' retrieved from /home/airflow/.local/lib/python3.12/site-packages/airflow/example_dags/example_bash_decorator.py
[2024-10-16T11:39:59.561+0000] {logging_mixin.py:190} INFO - [2024-10-16T11:39:59.560+0000] {dag.py:3239} INFO - Sync 1 DAGs
[2024-10-16T11:39:59.578+0000] {logging_mixin.py:190} INFO - [2024-10-16T11:39:59.578+0000] {dag.py:4180} INFO - Setting next_dagrun for example_bash_decorator to None, run_after=None
[2024-10-16T11:39:59.597+0000] {processor.py:208} INFO - Processing /home/airflow/.local/lib/python3.12/site-packages/airflow/example_dags/example_bash_decorator.py took 0.091 seconds
[2024-10-16T11:40:29.719+0000] {processor.py:186} INFO - Started process (PID=126890) to work on /home/airflow/.local/lib/python3.12/site-packages/airflow/example_dags/example_bash_decorator.py
[2024-10-16T11:40:29.721+0000] {processor.py:914} INFO - Processing file /home/airflow/.local/lib/python3.12/site-packages/airflow/example_dags/example_bash_decorator.py for tasks to queue
[2024-10-16T11:40:29.723+0000] {logging_mixin.py:190} INFO - [2024-10-16T11:40:29.723+0000] {dagbag.py:588} INFO - Filling up the DagBag from /home/airflow/.local/lib/python3.12/site-packages/airflow/example_dags/example_bash_decorator.py
[2024-10-16T11:40:29.740+0000] {processor.py:925} INFO - DAG(s) 'example_bash_decorator' retrieved from /home/airflow/.local/lib/python3.12/site-packages/airflow/example_dags/example_bash_decorator.py
[2024-10-16T11:40:29.764+0000] {logging_mixin.py:190} INFO - [2024-10-16T11:40:29.764+0000] {dag.py:3239} INFO - Sync 1 DAGs
[2024-10-16T11:40:29.780+0000] {logging_mixin.py:190} INFO - [2024-10-16T11:40:29.780+0000] {dag.py:4180} INFO - Setting next_dagrun for example_bash_decorator to None, run_after=None
[2024-10-16T11:40:29.799+0000] {processor.py:208} INFO - Processing /home/airflow/.local/lib/python3.12/site-packages/airflow/example_dags/example_bash_decorator.py took 0.086 seconds
[2024-10-16T11:41:00.051+0000] {processor.py:186} INFO - Started process (PID=126954) to work on /home/airflow/.local/lib/python3.12/site-packages/airflow/example_dags/example_bash_decorator.py
[2024-10-16T11:41:00.053+0000] {processor.py:914} INFO - Processing file /home/airflow/.local/lib/python3.12/site-packages/airflow/example_dags/example_bash_decorator.py for tasks to queue
[2024-10-16T11:41:00.054+0000] {logging_mixin.py:190} INFO - [2024-10-16T11:41:00.054+0000] {dagbag.py:588} INFO - Filling up the DagBag from /home/airflow/.local/lib/python3.12/site-packages/airflow/example_dags/example_bash_decorator.py
[2024-10-16T11:41:00.070+0000] {processor.py:925} INFO - DAG(s) 'example_bash_decorator' retrieved from /home/airflow/.local/lib/python3.12/site-packages/airflow/example_dags/example_bash_decorator.py
[2024-10-16T11:41:00.096+0000] {logging_mixin.py:190} INFO - [2024-10-16T11:41:00.095+0000] {dag.py:3239} INFO - Sync 1 DAGs
[2024-10-16T11:41:00.112+0000] {logging_mixin.py:190} INFO - [2024-10-16T11:41:00.112+0000] {dag.py:4180} INFO - Setting next_dagrun for example_bash_decorator to None, run_after=None
[2024-10-16T11:41:00.131+0000] {processor.py:208} INFO - Processing /home/airflow/.local/lib/python3.12/site-packages/airflow/example_dags/example_bash_decorator.py took 0.087 seconds
[2024-10-16T11:41:30.324+0000] {processor.py:186} INFO - Started process (PID=127015) to work on /home/airflow/.local/lib/python3.12/site-packages/airflow/example_dags/example_bash_decorator.py
[2024-10-16T11:41:30.325+0000] {processor.py:914} INFO - Processing file /home/airflow/.local/lib/python3.12/site-packages/airflow/example_dags/example_bash_decorator.py for tasks to queue
[2024-10-16T11:41:30.327+0000] {logging_mixin.py:190} INFO - [2024-10-16T11:41:30.326+0000] {dagbag.py:588} INFO - Filling up the DagBag from /home/airflow/.local/lib/python3.12/site-packages/airflow/example_dags/example_bash_decorator.py
[2024-10-16T11:41:30.344+0000] {processor.py:925} INFO - DAG(s) 'example_bash_decorator' retrieved from /home/airflow/.local/lib/python3.12/site-packages/airflow/example_dags/example_bash_decorator.py
[2024-10-16T11:41:30.371+0000] {logging_mixin.py:190} INFO - [2024-10-16T11:41:30.371+0000] {dag.py:3239} INFO - Sync 1 DAGs
[2024-10-16T11:41:30.389+0000] {logging_mixin.py:190} INFO - [2024-10-16T11:41:30.388+0000] {dag.py:4180} INFO - Setting next_dagrun for example_bash_decorator to None, run_after=None
[2024-10-16T11:41:30.408+0000] {processor.py:208} INFO - Processing /home/airflow/.local/lib/python3.12/site-packages/airflow/example_dags/example_bash_decorator.py took 0.091 seconds
[2024-10-16T11:42:01.133+0000] {processor.py:186} INFO - Started process (PID=127078) to work on /home/airflow/.local/lib/python3.12/site-packages/airflow/example_dags/example_bash_decorator.py
[2024-10-16T11:42:01.134+0000] {processor.py:914} INFO - Processing file /home/airflow/.local/lib/python3.12/site-packages/airflow/example_dags/example_bash_decorator.py for tasks to queue
[2024-10-16T11:42:01.136+0000] {logging_mixin.py:190} INFO - [2024-10-16T11:42:01.135+0000] {dagbag.py:588} INFO - Filling up the DagBag from /home/airflow/.local/lib/python3.12/site-packages/airflow/example_dags/example_bash_decorator.py
[2024-10-16T11:42:01.151+0000] {processor.py:925} INFO - DAG(s) 'example_bash_decorator' retrieved from /home/airflow/.local/lib/python3.12/site-packages/airflow/example_dags/example_bash_decorator.py
[2024-10-16T11:42:01.175+0000] {logging_mixin.py:190} INFO - [2024-10-16T11:42:01.175+0000] {dag.py:3239} INFO - Sync 1 DAGs
[2024-10-16T11:42:01.190+0000] {logging_mixin.py:190} INFO - [2024-10-16T11:42:01.190+0000] {dag.py:4180} INFO - Setting next_dagrun for example_bash_decorator to None, run_after=None
[2024-10-16T11:42:01.209+0000] {processor.py:208} INFO - Processing /home/airflow/.local/lib/python3.12/site-packages/airflow/example_dags/example_bash_decorator.py took 0.081 seconds
[2024-10-16T11:42:31.399+0000] {processor.py:186} INFO - Started process (PID=127141) to work on /home/airflow/.local/lib/python3.12/site-packages/airflow/example_dags/example_bash_decorator.py
[2024-10-16T11:42:31.400+0000] {processor.py:914} INFO - Processing file /home/airflow/.local/lib/python3.12/site-packages/airflow/example_dags/example_bash_decorator.py for tasks to queue
[2024-10-16T11:42:31.402+0000] {logging_mixin.py:190} INFO - [2024-10-16T11:42:31.402+0000] {dagbag.py:588} INFO - Filling up the DagBag from /home/airflow/.local/lib/python3.12/site-packages/airflow/example_dags/example_bash_decorator.py
[2024-10-16T11:42:31.427+0000] {processor.py:925} INFO - DAG(s) 'example_bash_decorator' retrieved from /home/airflow/.local/lib/python3.12/site-packages/airflow/example_dags/example_bash_decorator.py
[2024-10-16T11:42:31.450+0000] {logging_mixin.py:190} INFO - [2024-10-16T11:42:31.450+0000] {dag.py:3239} INFO - Sync 1 DAGs
[2024-10-16T11:42:31.468+0000] {logging_mixin.py:190} INFO - [2024-10-16T11:42:31.467+0000] {dag.py:4180} INFO - Setting next_dagrun for example_bash_decorator to None, run_after=None
[2024-10-16T11:42:31.489+0000] {processor.py:208} INFO - Processing /home/airflow/.local/lib/python3.12/site-packages/airflow/example_dags/example_bash_decorator.py took 0.098 seconds
[2024-10-16T11:43:02.258+0000] {processor.py:186} INFO - Started process (PID=127204) to work on /home/airflow/.local/lib/python3.12/site-packages/airflow/example_dags/example_bash_decorator.py
[2024-10-16T11:43:02.259+0000] {processor.py:914} INFO - Processing file /home/airflow/.local/lib/python3.12/site-packages/airflow/example_dags/example_bash_decorator.py for tasks to queue
[2024-10-16T11:43:02.260+0000] {logging_mixin.py:190} INFO - [2024-10-16T11:43:02.260+0000] {dagbag.py:588} INFO - Filling up the DagBag from /home/airflow/.local/lib/python3.12/site-packages/airflow/example_dags/example_bash_decorator.py
[2024-10-16T11:43:02.278+0000] {processor.py:925} INFO - DAG(s) 'example_bash_decorator' retrieved from /home/airflow/.local/lib/python3.12/site-packages/airflow/example_dags/example_bash_decorator.py
[2024-10-16T11:43:02.305+0000] {logging_mixin.py:190} INFO - [2024-10-16T11:43:02.304+0000] {dag.py:3239} INFO - Sync 1 DAGs
[2024-10-16T11:43:02.323+0000] {logging_mixin.py:190} INFO - [2024-10-16T11:43:02.322+0000] {dag.py:4180} INFO - Setting next_dagrun for example_bash_decorator to None, run_after=None
[2024-10-16T11:43:02.342+0000] {processor.py:208} INFO - Processing /home/airflow/.local/lib/python3.12/site-packages/airflow/example_dags/example_bash_decorator.py took 0.091 seconds
[2024-10-16T11:43:32.457+0000] {processor.py:186} INFO - Started process (PID=127267) to work on /home/airflow/.local/lib/python3.12/site-packages/airflow/example_dags/example_bash_decorator.py
[2024-10-16T11:43:32.458+0000] {processor.py:914} INFO - Processing file /home/airflow/.local/lib/python3.12/site-packages/airflow/example_dags/example_bash_decorator.py for tasks to queue
[2024-10-16T11:43:32.459+0000] {logging_mixin.py:190} INFO - [2024-10-16T11:43:32.459+0000] {dagbag.py:588} INFO - Filling up the DagBag from /home/airflow/.local/lib/python3.12/site-packages/airflow/example_dags/example_bash_decorator.py
[2024-10-16T11:43:32.475+0000] {processor.py:925} INFO - DAG(s) 'example_bash_decorator' retrieved from /home/airflow/.local/lib/python3.12/site-packages/airflow/example_dags/example_bash_decorator.py
[2024-10-16T11:43:32.500+0000] {logging_mixin.py:190} INFO - [2024-10-16T11:43:32.500+0000] {dag.py:3239} INFO - Sync 1 DAGs
[2024-10-16T11:43:32.518+0000] {logging_mixin.py:190} INFO - [2024-10-16T11:43:32.518+0000] {dag.py:4180} INFO - Setting next_dagrun for example_bash_decorator to None, run_after=None
[2024-10-16T11:43:32.538+0000] {processor.py:208} INFO - Processing /home/airflow/.local/lib/python3.12/site-packages/airflow/example_dags/example_bash_decorator.py took 0.087 seconds
[2024-10-16T11:44:02.713+0000] {processor.py:186} INFO - Started process (PID=127331) to work on /home/airflow/.local/lib/python3.12/site-packages/airflow/example_dags/example_bash_decorator.py
[2024-10-16T11:44:02.714+0000] {processor.py:914} INFO - Processing file /home/airflow/.local/lib/python3.12/site-packages/airflow/example_dags/example_bash_decorator.py for tasks to queue
[2024-10-16T11:44:02.715+0000] {logging_mixin.py:190} INFO - [2024-10-16T11:44:02.715+0000] {dagbag.py:588} INFO - Filling up the DagBag from /home/airflow/.local/lib/python3.12/site-packages/airflow/example_dags/example_bash_decorator.py
[2024-10-16T11:44:02.732+0000] {processor.py:925} INFO - DAG(s) 'example_bash_decorator' retrieved from /home/airflow/.local/lib/python3.12/site-packages/airflow/example_dags/example_bash_decorator.py
[2024-10-16T11:44:02.757+0000] {logging_mixin.py:190} INFO - [2024-10-16T11:44:02.756+0000] {dag.py:3239} INFO - Sync 1 DAGs
[2024-10-16T11:44:02.773+0000] {logging_mixin.py:190} INFO - [2024-10-16T11:44:02.773+0000] {dag.py:4180} INFO - Setting next_dagrun for example_bash_decorator to None, run_after=None
[2024-10-16T11:44:02.792+0000] {processor.py:208} INFO - Processing /home/airflow/.local/lib/python3.12/site-packages/airflow/example_dags/example_bash_decorator.py took 0.086 seconds
[2024-10-16T11:44:33.417+0000] {processor.py:186} INFO - Started process (PID=127394) to work on /home/airflow/.local/lib/python3.12/site-packages/airflow/example_dags/example_bash_decorator.py
[2024-10-16T11:44:33.418+0000] {processor.py:914} INFO - Processing file /home/airflow/.local/lib/python3.12/site-packages/airflow/example_dags/example_bash_decorator.py for tasks to queue
[2024-10-16T11:44:33.420+0000] {logging_mixin.py:190} INFO - [2024-10-16T11:44:33.419+0000] {dagbag.py:588} INFO - Filling up the DagBag from /home/airflow/.local/lib/python3.12/site-packages/airflow/example_dags/example_bash_decorator.py
[2024-10-16T11:44:33.439+0000] {processor.py:925} INFO - DAG(s) 'example_bash_decorator' retrieved from /home/airflow/.local/lib/python3.12/site-packages/airflow/example_dags/example_bash_decorator.py
[2024-10-16T11:44:33.464+0000] {logging_mixin.py:190} INFO - [2024-10-16T11:44:33.463+0000] {dag.py:3239} INFO - Sync 1 DAGs
[2024-10-16T11:44:33.483+0000] {logging_mixin.py:190} INFO - [2024-10-16T11:44:33.482+0000] {dag.py:4180} INFO - Setting next_dagrun for example_bash_decorator to None, run_after=None
[2024-10-16T11:44:33.503+0000] {processor.py:208} INFO - Processing /home/airflow/.local/lib/python3.12/site-packages/airflow/example_dags/example_bash_decorator.py took 0.093 seconds
[2024-10-16T11:45:03.704+0000] {processor.py:186} INFO - Started process (PID=127457) to work on /home/airflow/.local/lib/python3.12/site-packages/airflow/example_dags/example_bash_decorator.py
[2024-10-16T11:45:03.705+0000] {processor.py:914} INFO - Processing file /home/airflow/.local/lib/python3.12/site-packages/airflow/example_dags/example_bash_decorator.py for tasks to queue
[2024-10-16T11:45:03.707+0000] {logging_mixin.py:190} INFO - [2024-10-16T11:45:03.707+0000] {dagbag.py:588} INFO - Filling up the DagBag from /home/airflow/.local/lib/python3.12/site-packages/airflow/example_dags/example_bash_decorator.py
[2024-10-16T11:45:03.725+0000] {processor.py:925} INFO - DAG(s) 'example_bash_decorator' retrieved from /home/airflow/.local/lib/python3.12/site-packages/airflow/example_dags/example_bash_decorator.py
[2024-10-16T11:45:03.750+0000] {logging_mixin.py:190} INFO - [2024-10-16T11:45:03.749+0000] {dag.py:3239} INFO - Sync 1 DAGs
[2024-10-16T11:45:03.765+0000] {logging_mixin.py:190} INFO - [2024-10-16T11:45:03.765+0000] {dag.py:4180} INFO - Setting next_dagrun for example_bash_decorator to None, run_after=None
[2024-10-16T11:45:03.783+0000] {processor.py:208} INFO - Processing /home/airflow/.local/lib/python3.12/site-packages/airflow/example_dags/example_bash_decorator.py took 0.086 seconds
[2024-10-16T11:45:34.053+0000] {processor.py:186} INFO - Started process (PID=127520) to work on /home/airflow/.local/lib/python3.12/site-packages/airflow/example_dags/example_bash_decorator.py
[2024-10-16T11:45:34.054+0000] {processor.py:914} INFO - Processing file /home/airflow/.local/lib/python3.12/site-packages/airflow/example_dags/example_bash_decorator.py for tasks to queue
[2024-10-16T11:45:34.055+0000] {logging_mixin.py:190} INFO - [2024-10-16T11:45:34.055+0000] {dagbag.py:588} INFO - Filling up the DagBag from /home/airflow/.local/lib/python3.12/site-packages/airflow/example_dags/example_bash_decorator.py
[2024-10-16T11:45:34.076+0000] {processor.py:925} INFO - DAG(s) 'example_bash_decorator' retrieved from /home/airflow/.local/lib/python3.12/site-packages/airflow/example_dags/example_bash_decorator.py
[2024-10-16T11:45:34.115+0000] {logging_mixin.py:190} INFO - [2024-10-16T11:45:34.112+0000] {dag.py:3239} INFO - Sync 1 DAGs
[2024-10-16T11:45:34.143+0000] {logging_mixin.py:190} INFO - [2024-10-16T11:45:34.142+0000] {dag.py:4180} INFO - Setting next_dagrun for example_bash_decorator to None, run_after=None
[2024-10-16T11:45:34.170+0000] {processor.py:208} INFO - Processing /home/airflow/.local/lib/python3.12/site-packages/airflow/example_dags/example_bash_decorator.py took 0.125 seconds
