[2024-10-16T11:30:04.726+0000] {processor.py:186} INFO - Started process (PID=125616) to work on /home/airflow/.local/lib/python3.12/site-packages/airflow/example_dags/example_inlet_event_extra.py
[2024-10-16T11:30:04.727+0000] {processor.py:914} INFO - Processing file /home/airflow/.local/lib/python3.12/site-packages/airflow/example_dags/example_inlet_event_extra.py for tasks to queue
[2024-10-16T11:30:04.729+0000] {logging_mixin.py:190} INFO - [2024-10-16T11:30:04.728+0000] {dagbag.py:588} INFO - Filling up the DagBag from /home/airflow/.local/lib/python3.12/site-packages/airflow/example_dags/example_inlet_event_extra.py
[2024-10-16T11:30:04.872+0000] {processor.py:925} INFO - DAG(s) 'read_dataset_event_from_classic', 'read_dataset_event' retrieved from /home/airflow/.local/lib/python3.12/site-packages/airflow/example_dags/example_inlet_event_extra.py
[2024-10-16T11:30:04.893+0000] {logging_mixin.py:190} INFO - [2024-10-16T11:30:04.893+0000] {dag.py:3239} INFO - Sync 2 DAGs
[2024-10-16T11:30:04.919+0000] {logging_mixin.py:190} INFO - [2024-10-16T11:30:04.919+0000] {dag.py:4180} INFO - Setting next_dagrun for read_dataset_event to 2024-10-15 00:00:00+00:00, run_after=2024-10-16 00:00:00+00:00
[2024-10-16T11:30:04.925+0000] {logging_mixin.py:190} INFO - [2024-10-16T11:30:04.925+0000] {dag.py:4180} INFO - Setting next_dagrun for read_dataset_event_from_classic to 2024-10-15 00:00:00+00:00, run_after=2024-10-16 00:00:00+00:00
[2024-10-16T11:30:04.942+0000] {processor.py:208} INFO - Processing /home/airflow/.local/lib/python3.12/site-packages/airflow/example_dags/example_inlet_event_extra.py took 0.222 seconds
[2024-10-16T11:30:35.703+0000] {processor.py:186} INFO - Started process (PID=125680) to work on /home/airflow/.local/lib/python3.12/site-packages/airflow/example_dags/example_inlet_event_extra.py
[2024-10-16T11:30:35.704+0000] {processor.py:914} INFO - Processing file /home/airflow/.local/lib/python3.12/site-packages/airflow/example_dags/example_inlet_event_extra.py for tasks to queue
[2024-10-16T11:30:35.705+0000] {logging_mixin.py:190} INFO - [2024-10-16T11:30:35.705+0000] {dagbag.py:588} INFO - Filling up the DagBag from /home/airflow/.local/lib/python3.12/site-packages/airflow/example_dags/example_inlet_event_extra.py
[2024-10-16T11:30:35.886+0000] {processor.py:925} INFO - DAG(s) 'read_dataset_event_from_classic', 'read_dataset_event' retrieved from /home/airflow/.local/lib/python3.12/site-packages/airflow/example_dags/example_inlet_event_extra.py
[2024-10-16T11:30:35.907+0000] {logging_mixin.py:190} INFO - [2024-10-16T11:30:35.907+0000] {dag.py:3239} INFO - Sync 2 DAGs
[2024-10-16T11:30:35.933+0000] {logging_mixin.py:190} INFO - [2024-10-16T11:30:35.933+0000] {dag.py:4180} INFO - Setting next_dagrun for read_dataset_event to 2024-10-15 00:00:00+00:00, run_after=2024-10-16 00:00:00+00:00
[2024-10-16T11:30:35.939+0000] {logging_mixin.py:190} INFO - [2024-10-16T11:30:35.939+0000] {dag.py:4180} INFO - Setting next_dagrun for read_dataset_event_from_classic to 2024-10-15 00:00:00+00:00, run_after=2024-10-16 00:00:00+00:00
[2024-10-16T11:30:35.958+0000] {processor.py:208} INFO - Processing /home/airflow/.local/lib/python3.12/site-packages/airflow/example_dags/example_inlet_event_extra.py took 0.261 seconds
[2024-10-16T11:31:06.179+0000] {processor.py:186} INFO - Started process (PID=125743) to work on /home/airflow/.local/lib/python3.12/site-packages/airflow/example_dags/example_inlet_event_extra.py
[2024-10-16T11:31:06.180+0000] {processor.py:914} INFO - Processing file /home/airflow/.local/lib/python3.12/site-packages/airflow/example_dags/example_inlet_event_extra.py for tasks to queue
[2024-10-16T11:31:06.181+0000] {logging_mixin.py:190} INFO - [2024-10-16T11:31:06.181+0000] {dagbag.py:588} INFO - Filling up the DagBag from /home/airflow/.local/lib/python3.12/site-packages/airflow/example_dags/example_inlet_event_extra.py
[2024-10-16T11:31:06.313+0000] {processor.py:925} INFO - DAG(s) 'read_dataset_event_from_classic', 'read_dataset_event' retrieved from /home/airflow/.local/lib/python3.12/site-packages/airflow/example_dags/example_inlet_event_extra.py
[2024-10-16T11:31:06.334+0000] {logging_mixin.py:190} INFO - [2024-10-16T11:31:06.334+0000] {dag.py:3239} INFO - Sync 2 DAGs
[2024-10-16T11:31:06.364+0000] {logging_mixin.py:190} INFO - [2024-10-16T11:31:06.364+0000] {dag.py:4180} INFO - Setting next_dagrun for read_dataset_event to 2024-10-15 00:00:00+00:00, run_after=2024-10-16 00:00:00+00:00
[2024-10-16T11:31:06.369+0000] {logging_mixin.py:190} INFO - [2024-10-16T11:31:06.369+0000] {dag.py:4180} INFO - Setting next_dagrun for read_dataset_event_from_classic to 2024-10-15 00:00:00+00:00, run_after=2024-10-16 00:00:00+00:00
[2024-10-16T11:31:06.384+0000] {processor.py:208} INFO - Processing /home/airflow/.local/lib/python3.12/site-packages/airflow/example_dags/example_inlet_event_extra.py took 0.211 seconds
[2024-10-16T11:31:36.693+0000] {processor.py:186} INFO - Started process (PID=125806) to work on /home/airflow/.local/lib/python3.12/site-packages/airflow/example_dags/example_inlet_event_extra.py
[2024-10-16T11:31:36.694+0000] {processor.py:914} INFO - Processing file /home/airflow/.local/lib/python3.12/site-packages/airflow/example_dags/example_inlet_event_extra.py for tasks to queue
[2024-10-16T11:31:36.695+0000] {logging_mixin.py:190} INFO - [2024-10-16T11:31:36.695+0000] {dagbag.py:588} INFO - Filling up the DagBag from /home/airflow/.local/lib/python3.12/site-packages/airflow/example_dags/example_inlet_event_extra.py
[2024-10-16T11:31:36.814+0000] {processor.py:925} INFO - DAG(s) 'read_dataset_event', 'read_dataset_event_from_classic' retrieved from /home/airflow/.local/lib/python3.12/site-packages/airflow/example_dags/example_inlet_event_extra.py
[2024-10-16T11:31:36.833+0000] {logging_mixin.py:190} INFO - [2024-10-16T11:31:36.833+0000] {dag.py:3239} INFO - Sync 2 DAGs
[2024-10-16T11:31:36.856+0000] {logging_mixin.py:190} INFO - [2024-10-16T11:31:36.856+0000] {dag.py:4180} INFO - Setting next_dagrun for read_dataset_event to 2024-10-15 00:00:00+00:00, run_after=2024-10-16 00:00:00+00:00
[2024-10-16T11:31:36.860+0000] {logging_mixin.py:190} INFO - [2024-10-16T11:31:36.860+0000] {dag.py:4180} INFO - Setting next_dagrun for read_dataset_event_from_classic to 2024-10-15 00:00:00+00:00, run_after=2024-10-16 00:00:00+00:00
[2024-10-16T11:31:36.882+0000] {processor.py:208} INFO - Processing /home/airflow/.local/lib/python3.12/site-packages/airflow/example_dags/example_inlet_event_extra.py took 0.194 seconds
[2024-10-16T11:32:07.344+0000] {processor.py:186} INFO - Started process (PID=125869) to work on /home/airflow/.local/lib/python3.12/site-packages/airflow/example_dags/example_inlet_event_extra.py
[2024-10-16T11:32:07.345+0000] {processor.py:914} INFO - Processing file /home/airflow/.local/lib/python3.12/site-packages/airflow/example_dags/example_inlet_event_extra.py for tasks to queue
[2024-10-16T11:32:07.346+0000] {logging_mixin.py:190} INFO - [2024-10-16T11:32:07.346+0000] {dagbag.py:588} INFO - Filling up the DagBag from /home/airflow/.local/lib/python3.12/site-packages/airflow/example_dags/example_inlet_event_extra.py
[2024-10-16T11:32:07.501+0000] {processor.py:925} INFO - DAG(s) 'read_dataset_event', 'read_dataset_event_from_classic' retrieved from /home/airflow/.local/lib/python3.12/site-packages/airflow/example_dags/example_inlet_event_extra.py
[2024-10-16T11:32:07.521+0000] {logging_mixin.py:190} INFO - [2024-10-16T11:32:07.520+0000] {dag.py:3239} INFO - Sync 2 DAGs
[2024-10-16T11:32:07.550+0000] {logging_mixin.py:190} INFO - [2024-10-16T11:32:07.550+0000] {dag.py:4180} INFO - Setting next_dagrun for read_dataset_event to 2024-10-15 00:00:00+00:00, run_after=2024-10-16 00:00:00+00:00
[2024-10-16T11:32:07.555+0000] {logging_mixin.py:190} INFO - [2024-10-16T11:32:07.555+0000] {dag.py:4180} INFO - Setting next_dagrun for read_dataset_event_from_classic to 2024-10-15 00:00:00+00:00, run_after=2024-10-16 00:00:00+00:00
[2024-10-16T11:32:07.573+0000] {processor.py:208} INFO - Processing /home/airflow/.local/lib/python3.12/site-packages/airflow/example_dags/example_inlet_event_extra.py took 0.236 seconds
[2024-10-16T11:32:38.083+0000] {processor.py:186} INFO - Started process (PID=125932) to work on /home/airflow/.local/lib/python3.12/site-packages/airflow/example_dags/example_inlet_event_extra.py
[2024-10-16T11:32:38.084+0000] {processor.py:914} INFO - Processing file /home/airflow/.local/lib/python3.12/site-packages/airflow/example_dags/example_inlet_event_extra.py for tasks to queue
[2024-10-16T11:32:38.086+0000] {logging_mixin.py:190} INFO - [2024-10-16T11:32:38.085+0000] {dagbag.py:588} INFO - Filling up the DagBag from /home/airflow/.local/lib/python3.12/site-packages/airflow/example_dags/example_inlet_event_extra.py
[2024-10-16T11:32:38.239+0000] {processor.py:925} INFO - DAG(s) 'read_dataset_event_from_classic', 'read_dataset_event' retrieved from /home/airflow/.local/lib/python3.12/site-packages/airflow/example_dags/example_inlet_event_extra.py
[2024-10-16T11:32:38.269+0000] {logging_mixin.py:190} INFO - [2024-10-16T11:32:38.269+0000] {dag.py:3239} INFO - Sync 2 DAGs
[2024-10-16T11:32:38.308+0000] {logging_mixin.py:190} INFO - [2024-10-16T11:32:38.308+0000] {dag.py:4180} INFO - Setting next_dagrun for read_dataset_event to 2024-10-15 00:00:00+00:00, run_after=2024-10-16 00:00:00+00:00
[2024-10-16T11:32:38.317+0000] {logging_mixin.py:190} INFO - [2024-10-16T11:32:38.317+0000] {dag.py:4180} INFO - Setting next_dagrun for read_dataset_event_from_classic to 2024-10-15 00:00:00+00:00, run_after=2024-10-16 00:00:00+00:00
[2024-10-16T11:32:38.342+0000] {processor.py:208} INFO - Processing /home/airflow/.local/lib/python3.12/site-packages/airflow/example_dags/example_inlet_event_extra.py took 0.267 seconds
[2024-10-16T11:33:08.817+0000] {processor.py:186} INFO - Started process (PID=125995) to work on /home/airflow/.local/lib/python3.12/site-packages/airflow/example_dags/example_inlet_event_extra.py
[2024-10-16T11:33:08.818+0000] {processor.py:914} INFO - Processing file /home/airflow/.local/lib/python3.12/site-packages/airflow/example_dags/example_inlet_event_extra.py for tasks to queue
[2024-10-16T11:33:08.819+0000] {logging_mixin.py:190} INFO - [2024-10-16T11:33:08.819+0000] {dagbag.py:588} INFO - Filling up the DagBag from /home/airflow/.local/lib/python3.12/site-packages/airflow/example_dags/example_inlet_event_extra.py
[2024-10-16T11:33:09.010+0000] {processor.py:925} INFO - DAG(s) 'read_dataset_event', 'read_dataset_event_from_classic' retrieved from /home/airflow/.local/lib/python3.12/site-packages/airflow/example_dags/example_inlet_event_extra.py
[2024-10-16T11:33:09.032+0000] {logging_mixin.py:190} INFO - [2024-10-16T11:33:09.032+0000] {dag.py:3239} INFO - Sync 2 DAGs
[2024-10-16T11:33:09.060+0000] {logging_mixin.py:190} INFO - [2024-10-16T11:33:09.060+0000] {dag.py:4180} INFO - Setting next_dagrun for read_dataset_event to 2024-10-15 00:00:00+00:00, run_after=2024-10-16 00:00:00+00:00
[2024-10-16T11:33:09.065+0000] {logging_mixin.py:190} INFO - [2024-10-16T11:33:09.065+0000] {dag.py:4180} INFO - Setting next_dagrun for read_dataset_event_from_classic to 2024-10-15 00:00:00+00:00, run_after=2024-10-16 00:00:00+00:00
[2024-10-16T11:33:09.084+0000] {processor.py:208} INFO - Processing /home/airflow/.local/lib/python3.12/site-packages/airflow/example_dags/example_inlet_event_extra.py took 0.274 seconds
[2024-10-16T11:33:39.998+0000] {processor.py:186} INFO - Started process (PID=126058) to work on /home/airflow/.local/lib/python3.12/site-packages/airflow/example_dags/example_inlet_event_extra.py
[2024-10-16T11:33:39.999+0000] {processor.py:914} INFO - Processing file /home/airflow/.local/lib/python3.12/site-packages/airflow/example_dags/example_inlet_event_extra.py for tasks to queue
[2024-10-16T11:33:40.000+0000] {logging_mixin.py:190} INFO - [2024-10-16T11:33:40.000+0000] {dagbag.py:588} INFO - Filling up the DagBag from /home/airflow/.local/lib/python3.12/site-packages/airflow/example_dags/example_inlet_event_extra.py
[2024-10-16T11:33:40.140+0000] {processor.py:925} INFO - DAG(s) 'read_dataset_event_from_classic', 'read_dataset_event' retrieved from /home/airflow/.local/lib/python3.12/site-packages/airflow/example_dags/example_inlet_event_extra.py
[2024-10-16T11:33:40.165+0000] {logging_mixin.py:190} INFO - [2024-10-16T11:33:40.165+0000] {dag.py:3239} INFO - Sync 2 DAGs
[2024-10-16T11:33:40.195+0000] {logging_mixin.py:190} INFO - [2024-10-16T11:33:40.195+0000] {dag.py:4180} INFO - Setting next_dagrun for read_dataset_event to 2024-10-15 00:00:00+00:00, run_after=2024-10-16 00:00:00+00:00
[2024-10-16T11:33:40.200+0000] {logging_mixin.py:190} INFO - [2024-10-16T11:33:40.200+0000] {dag.py:4180} INFO - Setting next_dagrun for read_dataset_event_from_classic to 2024-10-15 00:00:00+00:00, run_after=2024-10-16 00:00:00+00:00
[2024-10-16T11:33:40.217+0000] {processor.py:208} INFO - Processing /home/airflow/.local/lib/python3.12/site-packages/airflow/example_dags/example_inlet_event_extra.py took 0.226 seconds
[2024-10-16T11:34:10.556+0000] {processor.py:186} INFO - Started process (PID=126121) to work on /home/airflow/.local/lib/python3.12/site-packages/airflow/example_dags/example_inlet_event_extra.py
[2024-10-16T11:34:10.557+0000] {processor.py:914} INFO - Processing file /home/airflow/.local/lib/python3.12/site-packages/airflow/example_dags/example_inlet_event_extra.py for tasks to queue
[2024-10-16T11:34:10.558+0000] {logging_mixin.py:190} INFO - [2024-10-16T11:34:10.558+0000] {dagbag.py:588} INFO - Filling up the DagBag from /home/airflow/.local/lib/python3.12/site-packages/airflow/example_dags/example_inlet_event_extra.py
[2024-10-16T11:34:10.682+0000] {processor.py:925} INFO - DAG(s) 'read_dataset_event', 'read_dataset_event_from_classic' retrieved from /home/airflow/.local/lib/python3.12/site-packages/airflow/example_dags/example_inlet_event_extra.py
[2024-10-16T11:34:10.703+0000] {logging_mixin.py:190} INFO - [2024-10-16T11:34:10.703+0000] {dag.py:3239} INFO - Sync 2 DAGs
[2024-10-16T11:34:10.726+0000] {logging_mixin.py:190} INFO - [2024-10-16T11:34:10.726+0000] {dag.py:4180} INFO - Setting next_dagrun for read_dataset_event to 2024-10-15 00:00:00+00:00, run_after=2024-10-16 00:00:00+00:00
[2024-10-16T11:34:10.732+0000] {logging_mixin.py:190} INFO - [2024-10-16T11:34:10.732+0000] {dag.py:4180} INFO - Setting next_dagrun for read_dataset_event_from_classic to 2024-10-15 00:00:00+00:00, run_after=2024-10-16 00:00:00+00:00
[2024-10-16T11:34:10.747+0000] {processor.py:208} INFO - Processing /home/airflow/.local/lib/python3.12/site-packages/airflow/example_dags/example_inlet_event_extra.py took 0.197 seconds
[2024-10-16T11:34:40.849+0000] {processor.py:186} INFO - Started process (PID=126185) to work on /home/airflow/.local/lib/python3.12/site-packages/airflow/example_dags/example_inlet_event_extra.py
[2024-10-16T11:34:40.850+0000] {processor.py:914} INFO - Processing file /home/airflow/.local/lib/python3.12/site-packages/airflow/example_dags/example_inlet_event_extra.py for tasks to queue
[2024-10-16T11:34:40.851+0000] {logging_mixin.py:190} INFO - [2024-10-16T11:34:40.851+0000] {dagbag.py:588} INFO - Filling up the DagBag from /home/airflow/.local/lib/python3.12/site-packages/airflow/example_dags/example_inlet_event_extra.py
[2024-10-16T11:34:40.979+0000] {processor.py:925} INFO - DAG(s) 'read_dataset_event', 'read_dataset_event_from_classic' retrieved from /home/airflow/.local/lib/python3.12/site-packages/airflow/example_dags/example_inlet_event_extra.py
[2024-10-16T11:34:41.001+0000] {logging_mixin.py:190} INFO - [2024-10-16T11:34:41.001+0000] {dag.py:3239} INFO - Sync 2 DAGs
[2024-10-16T11:34:41.036+0000] {logging_mixin.py:190} INFO - [2024-10-16T11:34:41.036+0000] {dag.py:4180} INFO - Setting next_dagrun for read_dataset_event to 2024-10-15 00:00:00+00:00, run_after=2024-10-16 00:00:00+00:00
[2024-10-16T11:34:41.046+0000] {logging_mixin.py:190} INFO - [2024-10-16T11:34:41.045+0000] {dag.py:4180} INFO - Setting next_dagrun for read_dataset_event_from_classic to 2024-10-15 00:00:00+00:00, run_after=2024-10-16 00:00:00+00:00
[2024-10-16T11:34:41.076+0000] {processor.py:208} INFO - Processing /home/airflow/.local/lib/python3.12/site-packages/airflow/example_dags/example_inlet_event_extra.py took 0.233 seconds
[2024-10-16T11:35:11.566+0000] {processor.py:186} INFO - Started process (PID=126248) to work on /home/airflow/.local/lib/python3.12/site-packages/airflow/example_dags/example_inlet_event_extra.py
[2024-10-16T11:35:11.567+0000] {processor.py:914} INFO - Processing file /home/airflow/.local/lib/python3.12/site-packages/airflow/example_dags/example_inlet_event_extra.py for tasks to queue
[2024-10-16T11:35:11.569+0000] {logging_mixin.py:190} INFO - [2024-10-16T11:35:11.569+0000] {dagbag.py:588} INFO - Filling up the DagBag from /home/airflow/.local/lib/python3.12/site-packages/airflow/example_dags/example_inlet_event_extra.py
[2024-10-16T11:35:11.697+0000] {processor.py:925} INFO - DAG(s) 'read_dataset_event_from_classic', 'read_dataset_event' retrieved from /home/airflow/.local/lib/python3.12/site-packages/airflow/example_dags/example_inlet_event_extra.py
[2024-10-16T11:35:11.718+0000] {logging_mixin.py:190} INFO - [2024-10-16T11:35:11.717+0000] {dag.py:3239} INFO - Sync 2 DAGs
[2024-10-16T11:35:11.742+0000] {logging_mixin.py:190} INFO - [2024-10-16T11:35:11.742+0000] {dag.py:4180} INFO - Setting next_dagrun for read_dataset_event to 2024-10-15 00:00:00+00:00, run_after=2024-10-16 00:00:00+00:00
[2024-10-16T11:35:11.747+0000] {logging_mixin.py:190} INFO - [2024-10-16T11:35:11.747+0000] {dag.py:4180} INFO - Setting next_dagrun for read_dataset_event_from_classic to 2024-10-15 00:00:00+00:00, run_after=2024-10-16 00:00:00+00:00
[2024-10-16T11:35:11.763+0000] {processor.py:208} INFO - Processing /home/airflow/.local/lib/python3.12/site-packages/airflow/example_dags/example_inlet_event_extra.py took 0.202 seconds
[2024-10-16T11:35:41.984+0000] {processor.py:186} INFO - Started process (PID=126311) to work on /home/airflow/.local/lib/python3.12/site-packages/airflow/example_dags/example_inlet_event_extra.py
[2024-10-16T11:35:41.985+0000] {processor.py:914} INFO - Processing file /home/airflow/.local/lib/python3.12/site-packages/airflow/example_dags/example_inlet_event_extra.py for tasks to queue
[2024-10-16T11:35:41.986+0000] {logging_mixin.py:190} INFO - [2024-10-16T11:35:41.986+0000] {dagbag.py:588} INFO - Filling up the DagBag from /home/airflow/.local/lib/python3.12/site-packages/airflow/example_dags/example_inlet_event_extra.py
[2024-10-16T11:35:42.105+0000] {processor.py:925} INFO - DAG(s) 'read_dataset_event', 'read_dataset_event_from_classic' retrieved from /home/airflow/.local/lib/python3.12/site-packages/airflow/example_dags/example_inlet_event_extra.py
[2024-10-16T11:35:42.122+0000] {logging_mixin.py:190} INFO - [2024-10-16T11:35:42.122+0000] {dag.py:3239} INFO - Sync 2 DAGs
[2024-10-16T11:35:42.143+0000] {logging_mixin.py:190} INFO - [2024-10-16T11:35:42.143+0000] {dag.py:4180} INFO - Setting next_dagrun for read_dataset_event to 2024-10-15 00:00:00+00:00, run_after=2024-10-16 00:00:00+00:00
[2024-10-16T11:35:42.148+0000] {logging_mixin.py:190} INFO - [2024-10-16T11:35:42.147+0000] {dag.py:4180} INFO - Setting next_dagrun for read_dataset_event_from_classic to 2024-10-15 00:00:00+00:00, run_after=2024-10-16 00:00:00+00:00
[2024-10-16T11:35:42.161+0000] {processor.py:208} INFO - Processing /home/airflow/.local/lib/python3.12/site-packages/airflow/example_dags/example_inlet_event_extra.py took 0.183 seconds
[2024-10-16T11:36:12.836+0000] {processor.py:186} INFO - Started process (PID=126374) to work on /home/airflow/.local/lib/python3.12/site-packages/airflow/example_dags/example_inlet_event_extra.py
[2024-10-16T11:36:12.837+0000] {processor.py:914} INFO - Processing file /home/airflow/.local/lib/python3.12/site-packages/airflow/example_dags/example_inlet_event_extra.py for tasks to queue
[2024-10-16T11:36:12.839+0000] {logging_mixin.py:190} INFO - [2024-10-16T11:36:12.838+0000] {dagbag.py:588} INFO - Filling up the DagBag from /home/airflow/.local/lib/python3.12/site-packages/airflow/example_dags/example_inlet_event_extra.py
[2024-10-16T11:36:12.985+0000] {processor.py:925} INFO - DAG(s) 'read_dataset_event', 'read_dataset_event_from_classic' retrieved from /home/airflow/.local/lib/python3.12/site-packages/airflow/example_dags/example_inlet_event_extra.py
[2024-10-16T11:36:13.009+0000] {logging_mixin.py:190} INFO - [2024-10-16T11:36:13.008+0000] {dag.py:3239} INFO - Sync 2 DAGs
[2024-10-16T11:36:13.032+0000] {logging_mixin.py:190} INFO - [2024-10-16T11:36:13.032+0000] {dag.py:4180} INFO - Setting next_dagrun for read_dataset_event to 2024-10-15 00:00:00+00:00, run_after=2024-10-16 00:00:00+00:00
[2024-10-16T11:36:13.037+0000] {logging_mixin.py:190} INFO - [2024-10-16T11:36:13.037+0000] {dag.py:4180} INFO - Setting next_dagrun for read_dataset_event_from_classic to 2024-10-15 00:00:00+00:00, run_after=2024-10-16 00:00:00+00:00
[2024-10-16T11:36:13.052+0000] {processor.py:208} INFO - Processing /home/airflow/.local/lib/python3.12/site-packages/airflow/example_dags/example_inlet_event_extra.py took 0.223 seconds
[2024-10-16T11:36:43.256+0000] {processor.py:186} INFO - Started process (PID=126438) to work on /home/airflow/.local/lib/python3.12/site-packages/airflow/example_dags/example_inlet_event_extra.py
[2024-10-16T11:36:43.257+0000] {processor.py:914} INFO - Processing file /home/airflow/.local/lib/python3.12/site-packages/airflow/example_dags/example_inlet_event_extra.py for tasks to queue
[2024-10-16T11:36:43.258+0000] {logging_mixin.py:190} INFO - [2024-10-16T11:36:43.257+0000] {dagbag.py:588} INFO - Filling up the DagBag from /home/airflow/.local/lib/python3.12/site-packages/airflow/example_dags/example_inlet_event_extra.py
[2024-10-16T11:36:43.384+0000] {processor.py:925} INFO - DAG(s) 'read_dataset_event_from_classic', 'read_dataset_event' retrieved from /home/airflow/.local/lib/python3.12/site-packages/airflow/example_dags/example_inlet_event_extra.py
[2024-10-16T11:36:43.403+0000] {logging_mixin.py:190} INFO - [2024-10-16T11:36:43.403+0000] {dag.py:3239} INFO - Sync 2 DAGs
[2024-10-16T11:36:43.424+0000] {logging_mixin.py:190} INFO - [2024-10-16T11:36:43.424+0000] {dag.py:4180} INFO - Setting next_dagrun for read_dataset_event to 2024-10-15 00:00:00+00:00, run_after=2024-10-16 00:00:00+00:00
[2024-10-16T11:36:43.431+0000] {logging_mixin.py:190} INFO - [2024-10-16T11:36:43.430+0000] {dag.py:4180} INFO - Setting next_dagrun for read_dataset_event_from_classic to 2024-10-15 00:00:00+00:00, run_after=2024-10-16 00:00:00+00:00
[2024-10-16T11:36:43.446+0000] {processor.py:208} INFO - Processing /home/airflow/.local/lib/python3.12/site-packages/airflow/example_dags/example_inlet_event_extra.py took 0.195 seconds
[2024-10-16T11:37:13.709+0000] {processor.py:186} INFO - Started process (PID=126501) to work on /home/airflow/.local/lib/python3.12/site-packages/airflow/example_dags/example_inlet_event_extra.py
[2024-10-16T11:37:13.710+0000] {processor.py:914} INFO - Processing file /home/airflow/.local/lib/python3.12/site-packages/airflow/example_dags/example_inlet_event_extra.py for tasks to queue
[2024-10-16T11:37:13.711+0000] {logging_mixin.py:190} INFO - [2024-10-16T11:37:13.711+0000] {dagbag.py:588} INFO - Filling up the DagBag from /home/airflow/.local/lib/python3.12/site-packages/airflow/example_dags/example_inlet_event_extra.py
[2024-10-16T11:37:13.835+0000] {processor.py:925} INFO - DAG(s) 'read_dataset_event_from_classic', 'read_dataset_event' retrieved from /home/airflow/.local/lib/python3.12/site-packages/airflow/example_dags/example_inlet_event_extra.py
[2024-10-16T11:37:13.853+0000] {logging_mixin.py:190} INFO - [2024-10-16T11:37:13.853+0000] {dag.py:3239} INFO - Sync 2 DAGs
[2024-10-16T11:37:13.875+0000] {logging_mixin.py:190} INFO - [2024-10-16T11:37:13.875+0000] {dag.py:4180} INFO - Setting next_dagrun for read_dataset_event to 2024-10-15 00:00:00+00:00, run_after=2024-10-16 00:00:00+00:00
[2024-10-16T11:37:13.879+0000] {logging_mixin.py:190} INFO - [2024-10-16T11:37:13.879+0000] {dag.py:4180} INFO - Setting next_dagrun for read_dataset_event_from_classic to 2024-10-15 00:00:00+00:00, run_after=2024-10-16 00:00:00+00:00
[2024-10-16T11:37:13.894+0000] {processor.py:208} INFO - Processing /home/airflow/.local/lib/python3.12/site-packages/airflow/example_dags/example_inlet_event_extra.py took 0.190 seconds
[2024-10-16T11:37:44.521+0000] {processor.py:186} INFO - Started process (PID=126570) to work on /home/airflow/.local/lib/python3.12/site-packages/airflow/example_dags/example_inlet_event_extra.py
[2024-10-16T11:37:44.522+0000] {processor.py:914} INFO - Processing file /home/airflow/.local/lib/python3.12/site-packages/airflow/example_dags/example_inlet_event_extra.py for tasks to queue
[2024-10-16T11:37:44.524+0000] {logging_mixin.py:190} INFO - [2024-10-16T11:37:44.523+0000] {dagbag.py:588} INFO - Filling up the DagBag from /home/airflow/.local/lib/python3.12/site-packages/airflow/example_dags/example_inlet_event_extra.py
[2024-10-16T11:37:44.657+0000] {processor.py:925} INFO - DAG(s) 'read_dataset_event', 'read_dataset_event_from_classic' retrieved from /home/airflow/.local/lib/python3.12/site-packages/airflow/example_dags/example_inlet_event_extra.py
[2024-10-16T11:37:44.680+0000] {logging_mixin.py:190} INFO - [2024-10-16T11:37:44.680+0000] {dag.py:3239} INFO - Sync 2 DAGs
[2024-10-16T11:37:44.709+0000] {logging_mixin.py:190} INFO - [2024-10-16T11:37:44.709+0000] {dag.py:4180} INFO - Setting next_dagrun for read_dataset_event to 2024-10-15 00:00:00+00:00, run_after=2024-10-16 00:00:00+00:00
[2024-10-16T11:37:44.715+0000] {logging_mixin.py:190} INFO - [2024-10-16T11:37:44.714+0000] {dag.py:4180} INFO - Setting next_dagrun for read_dataset_event_from_classic to 2024-10-15 00:00:00+00:00, run_after=2024-10-16 00:00:00+00:00
[2024-10-16T11:37:44.730+0000] {processor.py:208} INFO - Processing /home/airflow/.local/lib/python3.12/site-packages/airflow/example_dags/example_inlet_event_extra.py took 0.215 seconds
[2024-10-16T11:38:15.201+0000] {processor.py:186} INFO - Started process (PID=126634) to work on /home/airflow/.local/lib/python3.12/site-packages/airflow/example_dags/example_inlet_event_extra.py
[2024-10-16T11:38:15.202+0000] {processor.py:914} INFO - Processing file /home/airflow/.local/lib/python3.12/site-packages/airflow/example_dags/example_inlet_event_extra.py for tasks to queue
[2024-10-16T11:38:15.204+0000] {logging_mixin.py:190} INFO - [2024-10-16T11:38:15.203+0000] {dagbag.py:588} INFO - Filling up the DagBag from /home/airflow/.local/lib/python3.12/site-packages/airflow/example_dags/example_inlet_event_extra.py
[2024-10-16T11:38:15.350+0000] {processor.py:925} INFO - DAG(s) 'read_dataset_event_from_classic', 'read_dataset_event' retrieved from /home/airflow/.local/lib/python3.12/site-packages/airflow/example_dags/example_inlet_event_extra.py
[2024-10-16T11:38:15.375+0000] {logging_mixin.py:190} INFO - [2024-10-16T11:38:15.374+0000] {dag.py:3239} INFO - Sync 2 DAGs
[2024-10-16T11:38:15.403+0000] {logging_mixin.py:190} INFO - [2024-10-16T11:38:15.403+0000] {dag.py:4180} INFO - Setting next_dagrun for read_dataset_event to 2024-10-15 00:00:00+00:00, run_after=2024-10-16 00:00:00+00:00
[2024-10-16T11:38:15.409+0000] {logging_mixin.py:190} INFO - [2024-10-16T11:38:15.408+0000] {dag.py:4180} INFO - Setting next_dagrun for read_dataset_event_from_classic to 2024-10-15 00:00:00+00:00, run_after=2024-10-16 00:00:00+00:00
[2024-10-16T11:38:15.425+0000] {processor.py:208} INFO - Processing /home/airflow/.local/lib/python3.12/site-packages/airflow/example_dags/example_inlet_event_extra.py took 0.230 seconds
[2024-10-16T11:38:45.473+0000] {processor.py:186} INFO - Started process (PID=126696) to work on /home/airflow/.local/lib/python3.12/site-packages/airflow/example_dags/example_inlet_event_extra.py
[2024-10-16T11:38:45.474+0000] {processor.py:914} INFO - Processing file /home/airflow/.local/lib/python3.12/site-packages/airflow/example_dags/example_inlet_event_extra.py for tasks to queue
[2024-10-16T11:38:45.476+0000] {logging_mixin.py:190} INFO - [2024-10-16T11:38:45.475+0000] {dagbag.py:588} INFO - Filling up the DagBag from /home/airflow/.local/lib/python3.12/site-packages/airflow/example_dags/example_inlet_event_extra.py
[2024-10-16T11:38:45.618+0000] {processor.py:925} INFO - DAG(s) 'read_dataset_event', 'read_dataset_event_from_classic' retrieved from /home/airflow/.local/lib/python3.12/site-packages/airflow/example_dags/example_inlet_event_extra.py
[2024-10-16T11:38:45.640+0000] {logging_mixin.py:190} INFO - [2024-10-16T11:38:45.640+0000] {dag.py:3239} INFO - Sync 2 DAGs
[2024-10-16T11:38:45.669+0000] {logging_mixin.py:190} INFO - [2024-10-16T11:38:45.669+0000] {dag.py:4180} INFO - Setting next_dagrun for read_dataset_event to 2024-10-15 00:00:00+00:00, run_after=2024-10-16 00:00:00+00:00
[2024-10-16T11:38:45.674+0000] {logging_mixin.py:190} INFO - [2024-10-16T11:38:45.674+0000] {dag.py:4180} INFO - Setting next_dagrun for read_dataset_event_from_classic to 2024-10-15 00:00:00+00:00, run_after=2024-10-16 00:00:00+00:00
[2024-10-16T11:38:45.696+0000] {processor.py:208} INFO - Processing /home/airflow/.local/lib/python3.12/site-packages/airflow/example_dags/example_inlet_event_extra.py took 0.229 seconds
[2024-10-16T11:39:16.271+0000] {processor.py:186} INFO - Started process (PID=126759) to work on /home/airflow/.local/lib/python3.12/site-packages/airflow/example_dags/example_inlet_event_extra.py
[2024-10-16T11:39:16.272+0000] {processor.py:914} INFO - Processing file /home/airflow/.local/lib/python3.12/site-packages/airflow/example_dags/example_inlet_event_extra.py for tasks to queue
[2024-10-16T11:39:16.274+0000] {logging_mixin.py:190} INFO - [2024-10-16T11:39:16.273+0000] {dagbag.py:588} INFO - Filling up the DagBag from /home/airflow/.local/lib/python3.12/site-packages/airflow/example_dags/example_inlet_event_extra.py
[2024-10-16T11:39:16.440+0000] {processor.py:925} INFO - DAG(s) 'read_dataset_event', 'read_dataset_event_from_classic' retrieved from /home/airflow/.local/lib/python3.12/site-packages/airflow/example_dags/example_inlet_event_extra.py
[2024-10-16T11:39:16.462+0000] {logging_mixin.py:190} INFO - [2024-10-16T11:39:16.462+0000] {dag.py:3239} INFO - Sync 2 DAGs
[2024-10-16T11:39:16.497+0000] {logging_mixin.py:190} INFO - [2024-10-16T11:39:16.496+0000] {dag.py:4180} INFO - Setting next_dagrun for read_dataset_event to 2024-10-15 00:00:00+00:00, run_after=2024-10-16 00:00:00+00:00
[2024-10-16T11:39:16.502+0000] {logging_mixin.py:190} INFO - [2024-10-16T11:39:16.502+0000] {dag.py:4180} INFO - Setting next_dagrun for read_dataset_event_from_classic to 2024-10-15 00:00:00+00:00, run_after=2024-10-16 00:00:00+00:00
[2024-10-16T11:39:16.520+0000] {processor.py:208} INFO - Processing /home/airflow/.local/lib/python3.12/site-packages/airflow/example_dags/example_inlet_event_extra.py took 0.256 seconds
[2024-10-16T11:39:47.138+0000] {processor.py:186} INFO - Started process (PID=126822) to work on /home/airflow/.local/lib/python3.12/site-packages/airflow/example_dags/example_inlet_event_extra.py
[2024-10-16T11:39:47.140+0000] {processor.py:914} INFO - Processing file /home/airflow/.local/lib/python3.12/site-packages/airflow/example_dags/example_inlet_event_extra.py for tasks to queue
[2024-10-16T11:39:47.141+0000] {logging_mixin.py:190} INFO - [2024-10-16T11:39:47.141+0000] {dagbag.py:588} INFO - Filling up the DagBag from /home/airflow/.local/lib/python3.12/site-packages/airflow/example_dags/example_inlet_event_extra.py
[2024-10-16T11:39:47.290+0000] {processor.py:925} INFO - DAG(s) 'read_dataset_event_from_classic', 'read_dataset_event' retrieved from /home/airflow/.local/lib/python3.12/site-packages/airflow/example_dags/example_inlet_event_extra.py
[2024-10-16T11:39:47.313+0000] {logging_mixin.py:190} INFO - [2024-10-16T11:39:47.312+0000] {dag.py:3239} INFO - Sync 2 DAGs
[2024-10-16T11:39:47.343+0000] {logging_mixin.py:190} INFO - [2024-10-16T11:39:47.343+0000] {dag.py:4180} INFO - Setting next_dagrun for read_dataset_event to 2024-10-15 00:00:00+00:00, run_after=2024-10-16 00:00:00+00:00
[2024-10-16T11:39:47.348+0000] {logging_mixin.py:190} INFO - [2024-10-16T11:39:47.348+0000] {dag.py:4180} INFO - Setting next_dagrun for read_dataset_event_from_classic to 2024-10-15 00:00:00+00:00, run_after=2024-10-16 00:00:00+00:00
[2024-10-16T11:39:47.366+0000] {processor.py:208} INFO - Processing /home/airflow/.local/lib/python3.12/site-packages/airflow/example_dags/example_inlet_event_extra.py took 0.234 seconds
[2024-10-16T11:40:18.120+0000] {processor.py:186} INFO - Started process (PID=126884) to work on /home/airflow/.local/lib/python3.12/site-packages/airflow/example_dags/example_inlet_event_extra.py
[2024-10-16T11:40:18.121+0000] {processor.py:914} INFO - Processing file /home/airflow/.local/lib/python3.12/site-packages/airflow/example_dags/example_inlet_event_extra.py for tasks to queue
[2024-10-16T11:40:18.122+0000] {logging_mixin.py:190} INFO - [2024-10-16T11:40:18.122+0000] {dagbag.py:588} INFO - Filling up the DagBag from /home/airflow/.local/lib/python3.12/site-packages/airflow/example_dags/example_inlet_event_extra.py
[2024-10-16T11:40:18.274+0000] {processor.py:925} INFO - DAG(s) 'read_dataset_event_from_classic', 'read_dataset_event' retrieved from /home/airflow/.local/lib/python3.12/site-packages/airflow/example_dags/example_inlet_event_extra.py
[2024-10-16T11:40:18.296+0000] {logging_mixin.py:190} INFO - [2024-10-16T11:40:18.296+0000] {dag.py:3239} INFO - Sync 2 DAGs
[2024-10-16T11:40:18.326+0000] {logging_mixin.py:190} INFO - [2024-10-16T11:40:18.326+0000] {dag.py:4180} INFO - Setting next_dagrun for read_dataset_event to 2024-10-15 00:00:00+00:00, run_after=2024-10-16 00:00:00+00:00
[2024-10-16T11:40:18.332+0000] {logging_mixin.py:190} INFO - [2024-10-16T11:40:18.332+0000] {dag.py:4180} INFO - Setting next_dagrun for read_dataset_event_from_classic to 2024-10-15 00:00:00+00:00, run_after=2024-10-16 00:00:00+00:00
[2024-10-16T11:40:18.349+0000] {processor.py:208} INFO - Processing /home/airflow/.local/lib/python3.12/site-packages/airflow/example_dags/example_inlet_event_extra.py took 0.236 seconds
[2024-10-16T11:40:48.427+0000] {processor.py:186} INFO - Started process (PID=126947) to work on /home/airflow/.local/lib/python3.12/site-packages/airflow/example_dags/example_inlet_event_extra.py
[2024-10-16T11:40:48.428+0000] {processor.py:914} INFO - Processing file /home/airflow/.local/lib/python3.12/site-packages/airflow/example_dags/example_inlet_event_extra.py for tasks to queue
[2024-10-16T11:40:48.430+0000] {logging_mixin.py:190} INFO - [2024-10-16T11:40:48.429+0000] {dagbag.py:588} INFO - Filling up the DagBag from /home/airflow/.local/lib/python3.12/site-packages/airflow/example_dags/example_inlet_event_extra.py
[2024-10-16T11:40:48.581+0000] {processor.py:925} INFO - DAG(s) 'read_dataset_event_from_classic', 'read_dataset_event' retrieved from /home/airflow/.local/lib/python3.12/site-packages/airflow/example_dags/example_inlet_event_extra.py
[2024-10-16T11:40:48.608+0000] {logging_mixin.py:190} INFO - [2024-10-16T11:40:48.607+0000] {dag.py:3239} INFO - Sync 2 DAGs
[2024-10-16T11:40:48.640+0000] {logging_mixin.py:190} INFO - [2024-10-16T11:40:48.640+0000] {dag.py:4180} INFO - Setting next_dagrun for read_dataset_event to 2024-10-15 00:00:00+00:00, run_after=2024-10-16 00:00:00+00:00
[2024-10-16T11:40:48.648+0000] {logging_mixin.py:190} INFO - [2024-10-16T11:40:48.648+0000] {dag.py:4180} INFO - Setting next_dagrun for read_dataset_event_from_classic to 2024-10-15 00:00:00+00:00, run_after=2024-10-16 00:00:00+00:00
[2024-10-16T11:40:48.669+0000] {processor.py:208} INFO - Processing /home/airflow/.local/lib/python3.12/site-packages/airflow/example_dags/example_inlet_event_extra.py took 0.249 seconds
[2024-10-16T11:41:18.850+0000] {processor.py:186} INFO - Started process (PID=127010) to work on /home/airflow/.local/lib/python3.12/site-packages/airflow/example_dags/example_inlet_event_extra.py
[2024-10-16T11:41:18.851+0000] {processor.py:914} INFO - Processing file /home/airflow/.local/lib/python3.12/site-packages/airflow/example_dags/example_inlet_event_extra.py for tasks to queue
[2024-10-16T11:41:18.852+0000] {logging_mixin.py:190} INFO - [2024-10-16T11:41:18.852+0000] {dagbag.py:588} INFO - Filling up the DagBag from /home/airflow/.local/lib/python3.12/site-packages/airflow/example_dags/example_inlet_event_extra.py
[2024-10-16T11:41:19.004+0000] {processor.py:925} INFO - DAG(s) 'read_dataset_event', 'read_dataset_event_from_classic' retrieved from /home/airflow/.local/lib/python3.12/site-packages/airflow/example_dags/example_inlet_event_extra.py
[2024-10-16T11:41:19.027+0000] {logging_mixin.py:190} INFO - [2024-10-16T11:41:19.027+0000] {dag.py:3239} INFO - Sync 2 DAGs
[2024-10-16T11:41:19.056+0000] {logging_mixin.py:190} INFO - [2024-10-16T11:41:19.056+0000] {dag.py:4180} INFO - Setting next_dagrun for read_dataset_event to 2024-10-15 00:00:00+00:00, run_after=2024-10-16 00:00:00+00:00
[2024-10-16T11:41:19.062+0000] {logging_mixin.py:190} INFO - [2024-10-16T11:41:19.062+0000] {dag.py:4180} INFO - Setting next_dagrun for read_dataset_event_from_classic to 2024-10-15 00:00:00+00:00, run_after=2024-10-16 00:00:00+00:00
[2024-10-16T11:41:19.082+0000] {processor.py:208} INFO - Processing /home/airflow/.local/lib/python3.12/site-packages/airflow/example_dags/example_inlet_event_extra.py took 0.239 seconds
[2024-10-16T11:41:49.606+0000] {processor.py:186} INFO - Started process (PID=127073) to work on /home/airflow/.local/lib/python3.12/site-packages/airflow/example_dags/example_inlet_event_extra.py
[2024-10-16T11:41:49.608+0000] {processor.py:914} INFO - Processing file /home/airflow/.local/lib/python3.12/site-packages/airflow/example_dags/example_inlet_event_extra.py for tasks to queue
[2024-10-16T11:41:49.609+0000] {logging_mixin.py:190} INFO - [2024-10-16T11:41:49.609+0000] {dagbag.py:588} INFO - Filling up the DagBag from /home/airflow/.local/lib/python3.12/site-packages/airflow/example_dags/example_inlet_event_extra.py
[2024-10-16T11:41:49.762+0000] {processor.py:925} INFO - DAG(s) 'read_dataset_event_from_classic', 'read_dataset_event' retrieved from /home/airflow/.local/lib/python3.12/site-packages/airflow/example_dags/example_inlet_event_extra.py
[2024-10-16T11:41:49.782+0000] {logging_mixin.py:190} INFO - [2024-10-16T11:41:49.782+0000] {dag.py:3239} INFO - Sync 2 DAGs
[2024-10-16T11:41:49.809+0000] {logging_mixin.py:190} INFO - [2024-10-16T11:41:49.809+0000] {dag.py:4180} INFO - Setting next_dagrun for read_dataset_event to 2024-10-15 00:00:00+00:00, run_after=2024-10-16 00:00:00+00:00
[2024-10-16T11:41:49.816+0000] {logging_mixin.py:190} INFO - [2024-10-16T11:41:49.815+0000] {dag.py:4180} INFO - Setting next_dagrun for read_dataset_event_from_classic to 2024-10-15 00:00:00+00:00, run_after=2024-10-16 00:00:00+00:00
[2024-10-16T11:41:49.835+0000] {processor.py:208} INFO - Processing /home/airflow/.local/lib/python3.12/site-packages/airflow/example_dags/example_inlet_event_extra.py took 0.235 seconds
[2024-10-16T11:42:19.904+0000] {processor.py:186} INFO - Started process (PID=127136) to work on /home/airflow/.local/lib/python3.12/site-packages/airflow/example_dags/example_inlet_event_extra.py
[2024-10-16T11:42:19.905+0000] {processor.py:914} INFO - Processing file /home/airflow/.local/lib/python3.12/site-packages/airflow/example_dags/example_inlet_event_extra.py for tasks to queue
[2024-10-16T11:42:19.907+0000] {logging_mixin.py:190} INFO - [2024-10-16T11:42:19.906+0000] {dagbag.py:588} INFO - Filling up the DagBag from /home/airflow/.local/lib/python3.12/site-packages/airflow/example_dags/example_inlet_event_extra.py
[2024-10-16T11:42:20.060+0000] {processor.py:925} INFO - DAG(s) 'read_dataset_event_from_classic', 'read_dataset_event' retrieved from /home/airflow/.local/lib/python3.12/site-packages/airflow/example_dags/example_inlet_event_extra.py
[2024-10-16T11:42:20.083+0000] {logging_mixin.py:190} INFO - [2024-10-16T11:42:20.083+0000] {dag.py:3239} INFO - Sync 2 DAGs
[2024-10-16T11:42:20.111+0000] {logging_mixin.py:190} INFO - [2024-10-16T11:42:20.111+0000] {dag.py:4180} INFO - Setting next_dagrun for read_dataset_event to 2024-10-15 00:00:00+00:00, run_after=2024-10-16 00:00:00+00:00
[2024-10-16T11:42:20.117+0000] {logging_mixin.py:190} INFO - [2024-10-16T11:42:20.117+0000] {dag.py:4180} INFO - Setting next_dagrun for read_dataset_event_from_classic to 2024-10-15 00:00:00+00:00, run_after=2024-10-16 00:00:00+00:00
[2024-10-16T11:42:20.137+0000] {processor.py:208} INFO - Processing /home/airflow/.local/lib/python3.12/site-packages/airflow/example_dags/example_inlet_event_extra.py took 0.239 seconds
[2024-10-16T11:42:50.695+0000] {processor.py:186} INFO - Started process (PID=127199) to work on /home/airflow/.local/lib/python3.12/site-packages/airflow/example_dags/example_inlet_event_extra.py
[2024-10-16T11:42:50.696+0000] {processor.py:914} INFO - Processing file /home/airflow/.local/lib/python3.12/site-packages/airflow/example_dags/example_inlet_event_extra.py for tasks to queue
[2024-10-16T11:42:50.697+0000] {logging_mixin.py:190} INFO - [2024-10-16T11:42:50.697+0000] {dagbag.py:588} INFO - Filling up the DagBag from /home/airflow/.local/lib/python3.12/site-packages/airflow/example_dags/example_inlet_event_extra.py
[2024-10-16T11:42:50.852+0000] {processor.py:925} INFO - DAG(s) 'read_dataset_event', 'read_dataset_event_from_classic' retrieved from /home/airflow/.local/lib/python3.12/site-packages/airflow/example_dags/example_inlet_event_extra.py
[2024-10-16T11:42:50.876+0000] {logging_mixin.py:190} INFO - [2024-10-16T11:42:50.876+0000] {dag.py:3239} INFO - Sync 2 DAGs
[2024-10-16T11:42:50.922+0000] {logging_mixin.py:190} INFO - [2024-10-16T11:42:50.922+0000] {dag.py:4180} INFO - Setting next_dagrun for read_dataset_event to 2024-10-15 00:00:00+00:00, run_after=2024-10-16 00:00:00+00:00
[2024-10-16T11:42:50.929+0000] {logging_mixin.py:190} INFO - [2024-10-16T11:42:50.929+0000] {dag.py:4180} INFO - Setting next_dagrun for read_dataset_event_from_classic to 2024-10-15 00:00:00+00:00, run_after=2024-10-16 00:00:00+00:00
[2024-10-16T11:42:50.950+0000] {processor.py:208} INFO - Processing /home/airflow/.local/lib/python3.12/site-packages/airflow/example_dags/example_inlet_event_extra.py took 0.262 seconds
[2024-10-16T11:43:21.860+0000] {processor.py:186} INFO - Started process (PID=127262) to work on /home/airflow/.local/lib/python3.12/site-packages/airflow/example_dags/example_inlet_event_extra.py
[2024-10-16T11:43:21.861+0000] {processor.py:914} INFO - Processing file /home/airflow/.local/lib/python3.12/site-packages/airflow/example_dags/example_inlet_event_extra.py for tasks to queue
[2024-10-16T11:43:21.862+0000] {logging_mixin.py:190} INFO - [2024-10-16T11:43:21.862+0000] {dagbag.py:588} INFO - Filling up the DagBag from /home/airflow/.local/lib/python3.12/site-packages/airflow/example_dags/example_inlet_event_extra.py
[2024-10-16T11:43:22.015+0000] {processor.py:925} INFO - DAG(s) 'read_dataset_event', 'read_dataset_event_from_classic' retrieved from /home/airflow/.local/lib/python3.12/site-packages/airflow/example_dags/example_inlet_event_extra.py
[2024-10-16T11:43:22.037+0000] {logging_mixin.py:190} INFO - [2024-10-16T11:43:22.037+0000] {dag.py:3239} INFO - Sync 2 DAGs
[2024-10-16T11:43:22.064+0000] {logging_mixin.py:190} INFO - [2024-10-16T11:43:22.064+0000] {dag.py:4180} INFO - Setting next_dagrun for read_dataset_event to 2024-10-15 00:00:00+00:00, run_after=2024-10-16 00:00:00+00:00
[2024-10-16T11:43:22.070+0000] {logging_mixin.py:190} INFO - [2024-10-16T11:43:22.069+0000] {dag.py:4180} INFO - Setting next_dagrun for read_dataset_event_from_classic to 2024-10-15 00:00:00+00:00, run_after=2024-10-16 00:00:00+00:00
[2024-10-16T11:43:22.087+0000] {processor.py:208} INFO - Processing /home/airflow/.local/lib/python3.12/site-packages/airflow/example_dags/example_inlet_event_extra.py took 0.234 seconds
[2024-10-16T11:43:52.173+0000] {processor.py:186} INFO - Started process (PID=127325) to work on /home/airflow/.local/lib/python3.12/site-packages/airflow/example_dags/example_inlet_event_extra.py
[2024-10-16T11:43:52.174+0000] {processor.py:914} INFO - Processing file /home/airflow/.local/lib/python3.12/site-packages/airflow/example_dags/example_inlet_event_extra.py for tasks to queue
[2024-10-16T11:43:52.176+0000] {logging_mixin.py:190} INFO - [2024-10-16T11:43:52.175+0000] {dagbag.py:588} INFO - Filling up the DagBag from /home/airflow/.local/lib/python3.12/site-packages/airflow/example_dags/example_inlet_event_extra.py
[2024-10-16T11:43:52.333+0000] {processor.py:925} INFO - DAG(s) 'read_dataset_event_from_classic', 'read_dataset_event' retrieved from /home/airflow/.local/lib/python3.12/site-packages/airflow/example_dags/example_inlet_event_extra.py
[2024-10-16T11:43:52.356+0000] {logging_mixin.py:190} INFO - [2024-10-16T11:43:52.356+0000] {dag.py:3239} INFO - Sync 2 DAGs
[2024-10-16T11:43:52.385+0000] {logging_mixin.py:190} INFO - [2024-10-16T11:43:52.384+0000] {dag.py:4180} INFO - Setting next_dagrun for read_dataset_event to 2024-10-15 00:00:00+00:00, run_after=2024-10-16 00:00:00+00:00
[2024-10-16T11:43:52.391+0000] {logging_mixin.py:190} INFO - [2024-10-16T11:43:52.390+0000] {dag.py:4180} INFO - Setting next_dagrun for read_dataset_event_from_classic to 2024-10-15 00:00:00+00:00, run_after=2024-10-16 00:00:00+00:00
[2024-10-16T11:43:52.408+0000] {processor.py:208} INFO - Processing /home/airflow/.local/lib/python3.12/site-packages/airflow/example_dags/example_inlet_event_extra.py took 0.242 seconds
[2024-10-16T11:44:22.727+0000] {processor.py:186} INFO - Started process (PID=127389) to work on /home/airflow/.local/lib/python3.12/site-packages/airflow/example_dags/example_inlet_event_extra.py
[2024-10-16T11:44:22.729+0000] {processor.py:914} INFO - Processing file /home/airflow/.local/lib/python3.12/site-packages/airflow/example_dags/example_inlet_event_extra.py for tasks to queue
[2024-10-16T11:44:22.730+0000] {logging_mixin.py:190} INFO - [2024-10-16T11:44:22.730+0000] {dagbag.py:588} INFO - Filling up the DagBag from /home/airflow/.local/lib/python3.12/site-packages/airflow/example_dags/example_inlet_event_extra.py
[2024-10-16T11:44:22.882+0000] {processor.py:925} INFO - DAG(s) 'read_dataset_event', 'read_dataset_event_from_classic' retrieved from /home/airflow/.local/lib/python3.12/site-packages/airflow/example_dags/example_inlet_event_extra.py
[2024-10-16T11:44:23.088+0000] {logging_mixin.py:190} INFO - [2024-10-16T11:44:23.088+0000] {dag.py:3239} INFO - Sync 2 DAGs
[2024-10-16T11:44:23.115+0000] {logging_mixin.py:190} INFO - [2024-10-16T11:44:23.114+0000] {dag.py:4180} INFO - Setting next_dagrun for read_dataset_event to 2024-10-15 00:00:00+00:00, run_after=2024-10-16 00:00:00+00:00
[2024-10-16T11:44:23.120+0000] {logging_mixin.py:190} INFO - [2024-10-16T11:44:23.120+0000] {dag.py:4180} INFO - Setting next_dagrun for read_dataset_event_from_classic to 2024-10-15 00:00:00+00:00, run_after=2024-10-16 00:00:00+00:00
[2024-10-16T11:44:23.139+0000] {processor.py:208} INFO - Processing /home/airflow/.local/lib/python3.12/site-packages/airflow/example_dags/example_inlet_event_extra.py took 0.419 seconds
[2024-10-16T11:44:54.073+0000] {processor.py:186} INFO - Started process (PID=127452) to work on /home/airflow/.local/lib/python3.12/site-packages/airflow/example_dags/example_inlet_event_extra.py
[2024-10-16T11:44:54.074+0000] {processor.py:914} INFO - Processing file /home/airflow/.local/lib/python3.12/site-packages/airflow/example_dags/example_inlet_event_extra.py for tasks to queue
[2024-10-16T11:44:54.076+0000] {logging_mixin.py:190} INFO - [2024-10-16T11:44:54.075+0000] {dagbag.py:588} INFO - Filling up the DagBag from /home/airflow/.local/lib/python3.12/site-packages/airflow/example_dags/example_inlet_event_extra.py
[2024-10-16T11:44:54.225+0000] {processor.py:925} INFO - DAG(s) 'read_dataset_event_from_classic', 'read_dataset_event' retrieved from /home/airflow/.local/lib/python3.12/site-packages/airflow/example_dags/example_inlet_event_extra.py
[2024-10-16T11:44:54.249+0000] {logging_mixin.py:190} INFO - [2024-10-16T11:44:54.249+0000] {dag.py:3239} INFO - Sync 2 DAGs
[2024-10-16T11:44:54.440+0000] {logging_mixin.py:190} INFO - [2024-10-16T11:44:54.440+0000] {dag.py:4180} INFO - Setting next_dagrun for read_dataset_event to 2024-10-15 00:00:00+00:00, run_after=2024-10-16 00:00:00+00:00
[2024-10-16T11:44:54.446+0000] {logging_mixin.py:190} INFO - [2024-10-16T11:44:54.446+0000] {dag.py:4180} INFO - Setting next_dagrun for read_dataset_event_from_classic to 2024-10-15 00:00:00+00:00, run_after=2024-10-16 00:00:00+00:00
[2024-10-16T11:44:54.466+0000] {processor.py:208} INFO - Processing /home/airflow/.local/lib/python3.12/site-packages/airflow/example_dags/example_inlet_event_extra.py took 0.400 seconds
[2024-10-16T11:45:24.855+0000] {processor.py:186} INFO - Started process (PID=127515) to work on /home/airflow/.local/lib/python3.12/site-packages/airflow/example_dags/example_inlet_event_extra.py
[2024-10-16T11:45:24.857+0000] {processor.py:914} INFO - Processing file /home/airflow/.local/lib/python3.12/site-packages/airflow/example_dags/example_inlet_event_extra.py for tasks to queue
[2024-10-16T11:45:24.858+0000] {logging_mixin.py:190} INFO - [2024-10-16T11:45:24.858+0000] {dagbag.py:588} INFO - Filling up the DagBag from /home/airflow/.local/lib/python3.12/site-packages/airflow/example_dags/example_inlet_event_extra.py
[2024-10-16T11:45:25.085+0000] {processor.py:925} INFO - DAG(s) 'read_dataset_event_from_classic', 'read_dataset_event' retrieved from /home/airflow/.local/lib/python3.12/site-packages/airflow/example_dags/example_inlet_event_extra.py
[2024-10-16T11:45:25.106+0000] {logging_mixin.py:190} INFO - [2024-10-16T11:45:25.106+0000] {dag.py:3239} INFO - Sync 2 DAGs
[2024-10-16T11:45:25.314+0000] {logging_mixin.py:190} INFO - [2024-10-16T11:45:25.314+0000] {dag.py:4180} INFO - Setting next_dagrun for read_dataset_event to 2024-10-15 00:00:00+00:00, run_after=2024-10-16 00:00:00+00:00
[2024-10-16T11:45:25.321+0000] {logging_mixin.py:190} INFO - [2024-10-16T11:45:25.320+0000] {dag.py:4180} INFO - Setting next_dagrun for read_dataset_event_from_classic to 2024-10-15 00:00:00+00:00, run_after=2024-10-16 00:00:00+00:00
[2024-10-16T11:45:25.340+0000] {processor.py:208} INFO - Processing /home/airflow/.local/lib/python3.12/site-packages/airflow/example_dags/example_inlet_event_extra.py took 0.495 seconds
[2024-10-16T11:45:57.281+0000] {processor.py:186} INFO - Started process (PID=127579) to work on /home/airflow/.local/lib/python3.12/site-packages/airflow/example_dags/example_inlet_event_extra.py
[2024-10-16T11:45:57.283+0000] {processor.py:914} INFO - Processing file /home/airflow/.local/lib/python3.12/site-packages/airflow/example_dags/example_inlet_event_extra.py for tasks to queue
[2024-10-16T11:45:57.284+0000] {logging_mixin.py:190} INFO - [2024-10-16T11:45:57.284+0000] {dagbag.py:588} INFO - Filling up the DagBag from /home/airflow/.local/lib/python3.12/site-packages/airflow/example_dags/example_inlet_event_extra.py
[2024-10-16T11:45:57.500+0000] {processor.py:925} INFO - DAG(s) 'read_dataset_event', 'read_dataset_event_from_classic' retrieved from /home/airflow/.local/lib/python3.12/site-packages/airflow/example_dags/example_inlet_event_extra.py
[2024-10-16T11:45:57.520+0000] {logging_mixin.py:190} INFO - [2024-10-16T11:45:57.520+0000] {dag.py:3239} INFO - Sync 2 DAGs
[2024-10-16T11:45:57.545+0000] {logging_mixin.py:190} INFO - [2024-10-16T11:45:57.545+0000] {dag.py:4180} INFO - Setting next_dagrun for read_dataset_event to 2024-10-15 00:00:00+00:00, run_after=2024-10-16 00:00:00+00:00
[2024-10-16T11:45:57.765+0000] {logging_mixin.py:190} INFO - [2024-10-16T11:45:57.765+0000] {dag.py:4180} INFO - Setting next_dagrun for read_dataset_event_from_classic to 2024-10-15 00:00:00+00:00, run_after=2024-10-16 00:00:00+00:00
[2024-10-16T11:45:57.796+0000] {processor.py:208} INFO - Processing /home/airflow/.local/lib/python3.12/site-packages/airflow/example_dags/example_inlet_event_extra.py took 0.521 seconds
