[2024-10-16T11:29:56.508+0000] {processor.py:186} INFO - Started process (PID=125582) to work on /home/airflow/.local/lib/python3.12/site-packages/airflow/example_dags/example_branch_operator.py
[2024-10-16T11:29:56.510+0000] {processor.py:914} INFO - Processing file /home/airflow/.local/lib/python3.12/site-packages/airflow/example_dags/example_branch_operator.py for tasks to queue
[2024-10-16T11:29:56.522+0000] {logging_mixin.py:190} INFO - [2024-10-16T11:29:56.512+0000] {dagbag.py:588} INFO - Filling up the DagBag from /home/airflow/.local/lib/python3.12/site-packages/airflow/example_dags/example_branch_operator.py
[2024-10-16T11:29:56.691+0000] {processor.py:925} INFO - DAG(s) 'example_branch_operator' retrieved from /home/airflow/.local/lib/python3.12/site-packages/airflow/example_dags/example_branch_operator.py
[2024-10-16T11:29:56.860+0000] {logging_mixin.py:190} INFO - [2024-10-16T11:29:56.859+0000] {dag.py:3239} INFO - Sync 1 DAGs
[2024-10-16T11:29:57.003+0000] {logging_mixin.py:190} INFO - [2024-10-16T11:29:57.003+0000] {dag.py:4180} INFO - Setting next_dagrun for example_branch_operator to 2024-10-15 00:00:00+00:00, run_after=2024-10-16 00:00:00+00:00
[2024-10-16T11:29:57.147+0000] {processor.py:208} INFO - Processing /home/airflow/.local/lib/python3.12/site-packages/airflow/example_dags/example_branch_operator.py took 0.672 seconds
[2024-10-16T11:30:27.550+0000] {processor.py:186} INFO - Started process (PID=125646) to work on /home/airflow/.local/lib/python3.12/site-packages/airflow/example_dags/example_branch_operator.py
[2024-10-16T11:30:27.551+0000] {processor.py:914} INFO - Processing file /home/airflow/.local/lib/python3.12/site-packages/airflow/example_dags/example_branch_operator.py for tasks to queue
[2024-10-16T11:30:27.553+0000] {logging_mixin.py:190} INFO - [2024-10-16T11:30:27.552+0000] {dagbag.py:588} INFO - Filling up the DagBag from /home/airflow/.local/lib/python3.12/site-packages/airflow/example_dags/example_branch_operator.py
[2024-10-16T11:30:27.572+0000] {processor.py:925} INFO - DAG(s) 'example_branch_operator' retrieved from /home/airflow/.local/lib/python3.12/site-packages/airflow/example_dags/example_branch_operator.py
[2024-10-16T11:30:27.603+0000] {logging_mixin.py:190} INFO - [2024-10-16T11:30:27.603+0000] {dag.py:3239} INFO - Sync 1 DAGs
[2024-10-16T11:30:27.635+0000] {logging_mixin.py:190} INFO - [2024-10-16T11:30:27.634+0000] {dag.py:4180} INFO - Setting next_dagrun for example_branch_operator to 2024-10-15 00:00:00+00:00, run_after=2024-10-16 00:00:00+00:00
[2024-10-16T11:30:27.652+0000] {processor.py:208} INFO - Processing /home/airflow/.local/lib/python3.12/site-packages/airflow/example_dags/example_branch_operator.py took 0.107 seconds
[2024-10-16T11:30:57.954+0000] {processor.py:186} INFO - Started process (PID=125709) to work on /home/airflow/.local/lib/python3.12/site-packages/airflow/example_dags/example_branch_operator.py
[2024-10-16T11:30:57.955+0000] {processor.py:914} INFO - Processing file /home/airflow/.local/lib/python3.12/site-packages/airflow/example_dags/example_branch_operator.py for tasks to queue
[2024-10-16T11:30:57.957+0000] {logging_mixin.py:190} INFO - [2024-10-16T11:30:57.956+0000] {dagbag.py:588} INFO - Filling up the DagBag from /home/airflow/.local/lib/python3.12/site-packages/airflow/example_dags/example_branch_operator.py
[2024-10-16T11:30:57.989+0000] {processor.py:925} INFO - DAG(s) 'example_branch_operator' retrieved from /home/airflow/.local/lib/python3.12/site-packages/airflow/example_dags/example_branch_operator.py
[2024-10-16T11:30:58.023+0000] {logging_mixin.py:190} INFO - [2024-10-16T11:30:58.023+0000] {dag.py:3239} INFO - Sync 1 DAGs
[2024-10-16T11:30:58.059+0000] {logging_mixin.py:190} INFO - [2024-10-16T11:30:58.059+0000] {dag.py:4180} INFO - Setting next_dagrun for example_branch_operator to 2024-10-15 00:00:00+00:00, run_after=2024-10-16 00:00:00+00:00
[2024-10-16T11:30:58.091+0000] {processor.py:208} INFO - Processing /home/airflow/.local/lib/python3.12/site-packages/airflow/example_dags/example_branch_operator.py took 0.148 seconds
[2024-10-16T11:31:28.716+0000] {processor.py:186} INFO - Started process (PID=125772) to work on /home/airflow/.local/lib/python3.12/site-packages/airflow/example_dags/example_branch_operator.py
[2024-10-16T11:31:28.717+0000] {processor.py:914} INFO - Processing file /home/airflow/.local/lib/python3.12/site-packages/airflow/example_dags/example_branch_operator.py for tasks to queue
[2024-10-16T11:31:28.718+0000] {logging_mixin.py:190} INFO - [2024-10-16T11:31:28.717+0000] {dagbag.py:588} INFO - Filling up the DagBag from /home/airflow/.local/lib/python3.12/site-packages/airflow/example_dags/example_branch_operator.py
[2024-10-16T11:31:28.734+0000] {processor.py:925} INFO - DAG(s) 'example_branch_operator' retrieved from /home/airflow/.local/lib/python3.12/site-packages/airflow/example_dags/example_branch_operator.py
[2024-10-16T11:31:28.758+0000] {logging_mixin.py:190} INFO - [2024-10-16T11:31:28.758+0000] {dag.py:3239} INFO - Sync 1 DAGs
[2024-10-16T11:31:28.778+0000] {logging_mixin.py:190} INFO - [2024-10-16T11:31:28.778+0000] {dag.py:4180} INFO - Setting next_dagrun for example_branch_operator to 2024-10-15 00:00:00+00:00, run_after=2024-10-16 00:00:00+00:00
[2024-10-16T11:31:28.794+0000] {processor.py:208} INFO - Processing /home/airflow/.local/lib/python3.12/site-packages/airflow/example_dags/example_branch_operator.py took 0.083 seconds
[2024-10-16T11:31:59.582+0000] {processor.py:186} INFO - Started process (PID=125835) to work on /home/airflow/.local/lib/python3.12/site-packages/airflow/example_dags/example_branch_operator.py
[2024-10-16T11:31:59.584+0000] {processor.py:914} INFO - Processing file /home/airflow/.local/lib/python3.12/site-packages/airflow/example_dags/example_branch_operator.py for tasks to queue
[2024-10-16T11:31:59.588+0000] {logging_mixin.py:190} INFO - [2024-10-16T11:31:59.587+0000] {dagbag.py:588} INFO - Filling up the DagBag from /home/airflow/.local/lib/python3.12/site-packages/airflow/example_dags/example_branch_operator.py
[2024-10-16T11:31:59.643+0000] {processor.py:925} INFO - DAG(s) 'example_branch_operator' retrieved from /home/airflow/.local/lib/python3.12/site-packages/airflow/example_dags/example_branch_operator.py
[2024-10-16T11:31:59.720+0000] {logging_mixin.py:190} INFO - [2024-10-16T11:31:59.720+0000] {dag.py:3239} INFO - Sync 1 DAGs
[2024-10-16T11:31:59.852+0000] {logging_mixin.py:190} INFO - [2024-10-16T11:31:59.851+0000] {dag.py:4180} INFO - Setting next_dagrun for example_branch_operator to 2024-10-15 00:00:00+00:00, run_after=2024-10-16 00:00:00+00:00
[2024-10-16T11:31:59.981+0000] {processor.py:208} INFO - Processing /home/airflow/.local/lib/python3.12/site-packages/airflow/example_dags/example_branch_operator.py took 0.409 seconds
[2024-10-16T11:32:30.710+0000] {processor.py:186} INFO - Started process (PID=125898) to work on /home/airflow/.local/lib/python3.12/site-packages/airflow/example_dags/example_branch_operator.py
[2024-10-16T11:32:30.711+0000] {processor.py:914} INFO - Processing file /home/airflow/.local/lib/python3.12/site-packages/airflow/example_dags/example_branch_operator.py for tasks to queue
[2024-10-16T11:32:30.712+0000] {logging_mixin.py:190} INFO - [2024-10-16T11:32:30.712+0000] {dagbag.py:588} INFO - Filling up the DagBag from /home/airflow/.local/lib/python3.12/site-packages/airflow/example_dags/example_branch_operator.py
[2024-10-16T11:32:30.729+0000] {processor.py:925} INFO - DAG(s) 'example_branch_operator' retrieved from /home/airflow/.local/lib/python3.12/site-packages/airflow/example_dags/example_branch_operator.py
[2024-10-16T11:32:30.757+0000] {logging_mixin.py:190} INFO - [2024-10-16T11:32:30.757+0000] {dag.py:3239} INFO - Sync 1 DAGs
[2024-10-16T11:32:30.781+0000] {logging_mixin.py:190} INFO - [2024-10-16T11:32:30.781+0000] {dag.py:4180} INFO - Setting next_dagrun for example_branch_operator to 2024-10-15 00:00:00+00:00, run_after=2024-10-16 00:00:00+00:00
[2024-10-16T11:32:30.799+0000] {processor.py:208} INFO - Processing /home/airflow/.local/lib/python3.12/site-packages/airflow/example_dags/example_branch_operator.py took 0.095 seconds
[2024-10-16T11:33:01.152+0000] {processor.py:186} INFO - Started process (PID=125961) to work on /home/airflow/.local/lib/python3.12/site-packages/airflow/example_dags/example_branch_operator.py
[2024-10-16T11:33:01.153+0000] {processor.py:914} INFO - Processing file /home/airflow/.local/lib/python3.12/site-packages/airflow/example_dags/example_branch_operator.py for tasks to queue
[2024-10-16T11:33:01.154+0000] {logging_mixin.py:190} INFO - [2024-10-16T11:33:01.154+0000] {dagbag.py:588} INFO - Filling up the DagBag from /home/airflow/.local/lib/python3.12/site-packages/airflow/example_dags/example_branch_operator.py
[2024-10-16T11:33:01.172+0000] {processor.py:925} INFO - DAG(s) 'example_branch_operator' retrieved from /home/airflow/.local/lib/python3.12/site-packages/airflow/example_dags/example_branch_operator.py
[2024-10-16T11:33:01.205+0000] {logging_mixin.py:190} INFO - [2024-10-16T11:33:01.205+0000] {dag.py:3239} INFO - Sync 1 DAGs
[2024-10-16T11:33:01.232+0000] {logging_mixin.py:190} INFO - [2024-10-16T11:33:01.232+0000] {dag.py:4180} INFO - Setting next_dagrun for example_branch_operator to 2024-10-15 00:00:00+00:00, run_after=2024-10-16 00:00:00+00:00
[2024-10-16T11:33:01.252+0000] {processor.py:208} INFO - Processing /home/airflow/.local/lib/python3.12/site-packages/airflow/example_dags/example_branch_operator.py took 0.106 seconds
[2024-10-16T11:33:31.467+0000] {processor.py:186} INFO - Started process (PID=126024) to work on /home/airflow/.local/lib/python3.12/site-packages/airflow/example_dags/example_branch_operator.py
[2024-10-16T11:33:31.468+0000] {processor.py:914} INFO - Processing file /home/airflow/.local/lib/python3.12/site-packages/airflow/example_dags/example_branch_operator.py for tasks to queue
[2024-10-16T11:33:31.469+0000] {logging_mixin.py:190} INFO - [2024-10-16T11:33:31.469+0000] {dagbag.py:588} INFO - Filling up the DagBag from /home/airflow/.local/lib/python3.12/site-packages/airflow/example_dags/example_branch_operator.py
[2024-10-16T11:33:31.488+0000] {processor.py:925} INFO - DAG(s) 'example_branch_operator' retrieved from /home/airflow/.local/lib/python3.12/site-packages/airflow/example_dags/example_branch_operator.py
[2024-10-16T11:33:31.513+0000] {logging_mixin.py:190} INFO - [2024-10-16T11:33:31.513+0000] {dag.py:3239} INFO - Sync 1 DAGs
[2024-10-16T11:33:31.537+0000] {logging_mixin.py:190} INFO - [2024-10-16T11:33:31.537+0000] {dag.py:4180} INFO - Setting next_dagrun for example_branch_operator to 2024-10-15 00:00:00+00:00, run_after=2024-10-16 00:00:00+00:00
[2024-10-16T11:33:31.557+0000] {processor.py:208} INFO - Processing /home/airflow/.local/lib/python3.12/site-packages/airflow/example_dags/example_branch_operator.py took 0.096 seconds
[2024-10-16T11:34:01.768+0000] {processor.py:186} INFO - Started process (PID=126087) to work on /home/airflow/.local/lib/python3.12/site-packages/airflow/example_dags/example_branch_operator.py
[2024-10-16T11:34:01.769+0000] {processor.py:914} INFO - Processing file /home/airflow/.local/lib/python3.12/site-packages/airflow/example_dags/example_branch_operator.py for tasks to queue
[2024-10-16T11:34:01.771+0000] {logging_mixin.py:190} INFO - [2024-10-16T11:34:01.770+0000] {dagbag.py:588} INFO - Filling up the DagBag from /home/airflow/.local/lib/python3.12/site-packages/airflow/example_dags/example_branch_operator.py
[2024-10-16T11:34:01.807+0000] {processor.py:925} INFO - DAG(s) 'example_branch_operator' retrieved from /home/airflow/.local/lib/python3.12/site-packages/airflow/example_dags/example_branch_operator.py
[2024-10-16T11:34:01.842+0000] {logging_mixin.py:190} INFO - [2024-10-16T11:34:01.841+0000] {dag.py:3239} INFO - Sync 1 DAGs
[2024-10-16T11:34:01.874+0000] {logging_mixin.py:190} INFO - [2024-10-16T11:34:01.874+0000] {dag.py:4180} INFO - Setting next_dagrun for example_branch_operator to 2024-10-15 00:00:00+00:00, run_after=2024-10-16 00:00:00+00:00
[2024-10-16T11:34:01.895+0000] {processor.py:208} INFO - Processing /home/airflow/.local/lib/python3.12/site-packages/airflow/example_dags/example_branch_operator.py took 0.134 seconds
[2024-10-16T11:34:32.098+0000] {processor.py:186} INFO - Started process (PID=126151) to work on /home/airflow/.local/lib/python3.12/site-packages/airflow/example_dags/example_branch_operator.py
[2024-10-16T11:34:32.099+0000] {processor.py:914} INFO - Processing file /home/airflow/.local/lib/python3.12/site-packages/airflow/example_dags/example_branch_operator.py for tasks to queue
[2024-10-16T11:34:32.101+0000] {logging_mixin.py:190} INFO - [2024-10-16T11:34:32.100+0000] {dagbag.py:588} INFO - Filling up the DagBag from /home/airflow/.local/lib/python3.12/site-packages/airflow/example_dags/example_branch_operator.py
[2024-10-16T11:34:32.125+0000] {processor.py:925} INFO - DAG(s) 'example_branch_operator' retrieved from /home/airflow/.local/lib/python3.12/site-packages/airflow/example_dags/example_branch_operator.py
[2024-10-16T11:34:32.159+0000] {logging_mixin.py:190} INFO - [2024-10-16T11:34:32.159+0000] {dag.py:3239} INFO - Sync 1 DAGs
[2024-10-16T11:34:32.191+0000] {logging_mixin.py:190} INFO - [2024-10-16T11:34:32.190+0000] {dag.py:4180} INFO - Setting next_dagrun for example_branch_operator to 2024-10-15 00:00:00+00:00, run_after=2024-10-16 00:00:00+00:00
[2024-10-16T11:34:32.219+0000] {processor.py:208} INFO - Processing /home/airflow/.local/lib/python3.12/site-packages/airflow/example_dags/example_branch_operator.py took 0.128 seconds
[2024-10-16T11:35:02.341+0000] {processor.py:186} INFO - Started process (PID=126214) to work on /home/airflow/.local/lib/python3.12/site-packages/airflow/example_dags/example_branch_operator.py
[2024-10-16T11:35:02.342+0000] {processor.py:914} INFO - Processing file /home/airflow/.local/lib/python3.12/site-packages/airflow/example_dags/example_branch_operator.py for tasks to queue
[2024-10-16T11:35:02.343+0000] {logging_mixin.py:190} INFO - [2024-10-16T11:35:02.343+0000] {dagbag.py:588} INFO - Filling up the DagBag from /home/airflow/.local/lib/python3.12/site-packages/airflow/example_dags/example_branch_operator.py
[2024-10-16T11:35:02.361+0000] {processor.py:925} INFO - DAG(s) 'example_branch_operator' retrieved from /home/airflow/.local/lib/python3.12/site-packages/airflow/example_dags/example_branch_operator.py
[2024-10-16T11:35:02.389+0000] {logging_mixin.py:190} INFO - [2024-10-16T11:35:02.388+0000] {dag.py:3239} INFO - Sync 1 DAGs
[2024-10-16T11:35:02.422+0000] {logging_mixin.py:190} INFO - [2024-10-16T11:35:02.422+0000] {dag.py:4180} INFO - Setting next_dagrun for example_branch_operator to 2024-10-15 00:00:00+00:00, run_after=2024-10-16 00:00:00+00:00
[2024-10-16T11:35:02.444+0000] {processor.py:208} INFO - Processing /home/airflow/.local/lib/python3.12/site-packages/airflow/example_dags/example_branch_operator.py took 0.108 seconds
[2024-10-16T11:35:32.921+0000] {processor.py:186} INFO - Started process (PID=126277) to work on /home/airflow/.local/lib/python3.12/site-packages/airflow/example_dags/example_branch_operator.py
[2024-10-16T11:35:32.922+0000] {processor.py:914} INFO - Processing file /home/airflow/.local/lib/python3.12/site-packages/airflow/example_dags/example_branch_operator.py for tasks to queue
[2024-10-16T11:35:32.923+0000] {logging_mixin.py:190} INFO - [2024-10-16T11:35:32.923+0000] {dagbag.py:588} INFO - Filling up the DagBag from /home/airflow/.local/lib/python3.12/site-packages/airflow/example_dags/example_branch_operator.py
[2024-10-16T11:35:32.940+0000] {processor.py:925} INFO - DAG(s) 'example_branch_operator' retrieved from /home/airflow/.local/lib/python3.12/site-packages/airflow/example_dags/example_branch_operator.py
[2024-10-16T11:35:32.966+0000] {logging_mixin.py:190} INFO - [2024-10-16T11:35:32.966+0000] {dag.py:3239} INFO - Sync 1 DAGs
[2024-10-16T11:35:32.990+0000] {logging_mixin.py:190} INFO - [2024-10-16T11:35:32.990+0000] {dag.py:4180} INFO - Setting next_dagrun for example_branch_operator to 2024-10-15 00:00:00+00:00, run_after=2024-10-16 00:00:00+00:00
[2024-10-16T11:35:33.008+0000] {processor.py:208} INFO - Processing /home/airflow/.local/lib/python3.12/site-packages/airflow/example_dags/example_branch_operator.py took 0.092 seconds
[2024-10-16T11:36:03.542+0000] {processor.py:186} INFO - Started process (PID=126340) to work on /home/airflow/.local/lib/python3.12/site-packages/airflow/example_dags/example_branch_operator.py
[2024-10-16T11:36:03.544+0000] {processor.py:914} INFO - Processing file /home/airflow/.local/lib/python3.12/site-packages/airflow/example_dags/example_branch_operator.py for tasks to queue
[2024-10-16T11:36:03.545+0000] {logging_mixin.py:190} INFO - [2024-10-16T11:36:03.545+0000] {dagbag.py:588} INFO - Filling up the DagBag from /home/airflow/.local/lib/python3.12/site-packages/airflow/example_dags/example_branch_operator.py
[2024-10-16T11:36:03.571+0000] {processor.py:925} INFO - DAG(s) 'example_branch_operator' retrieved from /home/airflow/.local/lib/python3.12/site-packages/airflow/example_dags/example_branch_operator.py
[2024-10-16T11:36:03.618+0000] {logging_mixin.py:190} INFO - [2024-10-16T11:36:03.617+0000] {dag.py:3239} INFO - Sync 1 DAGs
[2024-10-16T11:36:03.655+0000] {logging_mixin.py:190} INFO - [2024-10-16T11:36:03.655+0000] {dag.py:4180} INFO - Setting next_dagrun for example_branch_operator to 2024-10-15 00:00:00+00:00, run_after=2024-10-16 00:00:00+00:00
[2024-10-16T11:36:03.671+0000] {processor.py:208} INFO - Processing /home/airflow/.local/lib/python3.12/site-packages/airflow/example_dags/example_branch_operator.py took 0.134 seconds
[2024-10-16T11:36:34.153+0000] {processor.py:186} INFO - Started process (PID=126404) to work on /home/airflow/.local/lib/python3.12/site-packages/airflow/example_dags/example_branch_operator.py
[2024-10-16T11:36:34.154+0000] {processor.py:914} INFO - Processing file /home/airflow/.local/lib/python3.12/site-packages/airflow/example_dags/example_branch_operator.py for tasks to queue
[2024-10-16T11:36:34.155+0000] {logging_mixin.py:190} INFO - [2024-10-16T11:36:34.154+0000] {dagbag.py:588} INFO - Filling up the DagBag from /home/airflow/.local/lib/python3.12/site-packages/airflow/example_dags/example_branch_operator.py
[2024-10-16T11:36:34.171+0000] {processor.py:925} INFO - DAG(s) 'example_branch_operator' retrieved from /home/airflow/.local/lib/python3.12/site-packages/airflow/example_dags/example_branch_operator.py
[2024-10-16T11:36:34.197+0000] {logging_mixin.py:190} INFO - [2024-10-16T11:36:34.197+0000] {dag.py:3239} INFO - Sync 1 DAGs
[2024-10-16T11:36:34.222+0000] {logging_mixin.py:190} INFO - [2024-10-16T11:36:34.222+0000] {dag.py:4180} INFO - Setting next_dagrun for example_branch_operator to 2024-10-15 00:00:00+00:00, run_after=2024-10-16 00:00:00+00:00
[2024-10-16T11:36:34.239+0000] {processor.py:208} INFO - Processing /home/airflow/.local/lib/python3.12/site-packages/airflow/example_dags/example_branch_operator.py took 0.091 seconds
[2024-10-16T11:37:04.548+0000] {processor.py:186} INFO - Started process (PID=126467) to work on /home/airflow/.local/lib/python3.12/site-packages/airflow/example_dags/example_branch_operator.py
[2024-10-16T11:37:04.549+0000] {processor.py:914} INFO - Processing file /home/airflow/.local/lib/python3.12/site-packages/airflow/example_dags/example_branch_operator.py for tasks to queue
[2024-10-16T11:37:04.550+0000] {logging_mixin.py:190} INFO - [2024-10-16T11:37:04.550+0000] {dagbag.py:588} INFO - Filling up the DagBag from /home/airflow/.local/lib/python3.12/site-packages/airflow/example_dags/example_branch_operator.py
[2024-10-16T11:37:04.571+0000] {processor.py:925} INFO - DAG(s) 'example_branch_operator' retrieved from /home/airflow/.local/lib/python3.12/site-packages/airflow/example_dags/example_branch_operator.py
[2024-10-16T11:37:04.599+0000] {logging_mixin.py:190} INFO - [2024-10-16T11:37:04.598+0000] {dag.py:3239} INFO - Sync 1 DAGs
[2024-10-16T11:37:04.623+0000] {logging_mixin.py:190} INFO - [2024-10-16T11:37:04.623+0000] {dag.py:4180} INFO - Setting next_dagrun for example_branch_operator to 2024-10-15 00:00:00+00:00, run_after=2024-10-16 00:00:00+00:00
[2024-10-16T11:37:04.642+0000] {processor.py:208} INFO - Processing /home/airflow/.local/lib/python3.12/site-packages/airflow/example_dags/example_branch_operator.py took 0.101 seconds
[2024-10-16T11:37:34.999+0000] {processor.py:186} INFO - Started process (PID=126530) to work on /home/airflow/.local/lib/python3.12/site-packages/airflow/example_dags/example_branch_operator.py
[2024-10-16T11:37:35.001+0000] {processor.py:914} INFO - Processing file /home/airflow/.local/lib/python3.12/site-packages/airflow/example_dags/example_branch_operator.py for tasks to queue
[2024-10-16T11:37:35.002+0000] {logging_mixin.py:190} INFO - [2024-10-16T11:37:35.002+0000] {dagbag.py:588} INFO - Filling up the DagBag from /home/airflow/.local/lib/python3.12/site-packages/airflow/example_dags/example_branch_operator.py
[2024-10-16T11:37:35.022+0000] {processor.py:925} INFO - DAG(s) 'example_branch_operator' retrieved from /home/airflow/.local/lib/python3.12/site-packages/airflow/example_dags/example_branch_operator.py
[2024-10-16T11:37:35.053+0000] {logging_mixin.py:190} INFO - [2024-10-16T11:37:35.053+0000] {dag.py:3239} INFO - Sync 1 DAGs
[2024-10-16T11:37:35.080+0000] {logging_mixin.py:190} INFO - [2024-10-16T11:37:35.080+0000] {dag.py:4180} INFO - Setting next_dagrun for example_branch_operator to 2024-10-15 00:00:00+00:00, run_after=2024-10-16 00:00:00+00:00
[2024-10-16T11:37:35.099+0000] {processor.py:208} INFO - Processing /home/airflow/.local/lib/python3.12/site-packages/airflow/example_dags/example_branch_operator.py took 0.108 seconds
[2024-10-16T11:38:05.252+0000] {processor.py:186} INFO - Started process (PID=126593) to work on /home/airflow/.local/lib/python3.12/site-packages/airflow/example_dags/example_branch_operator.py
[2024-10-16T11:38:05.253+0000] {processor.py:914} INFO - Processing file /home/airflow/.local/lib/python3.12/site-packages/airflow/example_dags/example_branch_operator.py for tasks to queue
[2024-10-16T11:38:05.254+0000] {logging_mixin.py:190} INFO - [2024-10-16T11:38:05.254+0000] {dagbag.py:588} INFO - Filling up the DagBag from /home/airflow/.local/lib/python3.12/site-packages/airflow/example_dags/example_branch_operator.py
[2024-10-16T11:38:05.274+0000] {processor.py:925} INFO - DAG(s) 'example_branch_operator' retrieved from /home/airflow/.local/lib/python3.12/site-packages/airflow/example_dags/example_branch_operator.py
[2024-10-16T11:38:05.304+0000] {logging_mixin.py:190} INFO - [2024-10-16T11:38:05.304+0000] {dag.py:3239} INFO - Sync 1 DAGs
[2024-10-16T11:38:05.331+0000] {logging_mixin.py:190} INFO - [2024-10-16T11:38:05.330+0000] {dag.py:4180} INFO - Setting next_dagrun for example_branch_operator to 2024-10-15 00:00:00+00:00, run_after=2024-10-16 00:00:00+00:00
[2024-10-16T11:38:05.351+0000] {processor.py:208} INFO - Processing /home/airflow/.local/lib/python3.12/site-packages/airflow/example_dags/example_branch_operator.py took 0.106 seconds
[2024-10-16T11:38:35.930+0000] {processor.py:186} INFO - Started process (PID=126657) to work on /home/airflow/.local/lib/python3.12/site-packages/airflow/example_dags/example_branch_operator.py
[2024-10-16T11:38:35.931+0000] {processor.py:914} INFO - Processing file /home/airflow/.local/lib/python3.12/site-packages/airflow/example_dags/example_branch_operator.py for tasks to queue
[2024-10-16T11:38:35.933+0000] {logging_mixin.py:190} INFO - [2024-10-16T11:38:35.932+0000] {dagbag.py:588} INFO - Filling up the DagBag from /home/airflow/.local/lib/python3.12/site-packages/airflow/example_dags/example_branch_operator.py
[2024-10-16T11:38:35.954+0000] {processor.py:925} INFO - DAG(s) 'example_branch_operator' retrieved from /home/airflow/.local/lib/python3.12/site-packages/airflow/example_dags/example_branch_operator.py
[2024-10-16T11:38:35.983+0000] {logging_mixin.py:190} INFO - [2024-10-16T11:38:35.983+0000] {dag.py:3239} INFO - Sync 1 DAGs
[2024-10-16T11:38:36.010+0000] {logging_mixin.py:190} INFO - [2024-10-16T11:38:36.010+0000] {dag.py:4180} INFO - Setting next_dagrun for example_branch_operator to 2024-10-15 00:00:00+00:00, run_after=2024-10-16 00:00:00+00:00
[2024-10-16T11:38:36.031+0000] {processor.py:208} INFO - Processing /home/airflow/.local/lib/python3.12/site-packages/airflow/example_dags/example_branch_operator.py took 0.108 seconds
[2024-10-16T11:39:06.875+0000] {processor.py:186} INFO - Started process (PID=126719) to work on /home/airflow/.local/lib/python3.12/site-packages/airflow/example_dags/example_branch_operator.py
[2024-10-16T11:39:06.876+0000] {processor.py:914} INFO - Processing file /home/airflow/.local/lib/python3.12/site-packages/airflow/example_dags/example_branch_operator.py for tasks to queue
[2024-10-16T11:39:06.878+0000] {logging_mixin.py:190} INFO - [2024-10-16T11:39:06.877+0000] {dagbag.py:588} INFO - Filling up the DagBag from /home/airflow/.local/lib/python3.12/site-packages/airflow/example_dags/example_branch_operator.py
[2024-10-16T11:39:06.898+0000] {processor.py:925} INFO - DAG(s) 'example_branch_operator' retrieved from /home/airflow/.local/lib/python3.12/site-packages/airflow/example_dags/example_branch_operator.py
[2024-10-16T11:39:06.930+0000] {logging_mixin.py:190} INFO - [2024-10-16T11:39:06.930+0000] {dag.py:3239} INFO - Sync 1 DAGs
[2024-10-16T11:39:06.959+0000] {logging_mixin.py:190} INFO - [2024-10-16T11:39:06.959+0000] {dag.py:4180} INFO - Setting next_dagrun for example_branch_operator to 2024-10-15 00:00:00+00:00, run_after=2024-10-16 00:00:00+00:00
[2024-10-16T11:39:06.980+0000] {processor.py:208} INFO - Processing /home/airflow/.local/lib/python3.12/site-packages/airflow/example_dags/example_branch_operator.py took 0.113 seconds
[2024-10-16T11:39:37.710+0000] {processor.py:186} INFO - Started process (PID=126782) to work on /home/airflow/.local/lib/python3.12/site-packages/airflow/example_dags/example_branch_operator.py
[2024-10-16T11:39:37.711+0000] {processor.py:914} INFO - Processing file /home/airflow/.local/lib/python3.12/site-packages/airflow/example_dags/example_branch_operator.py for tasks to queue
[2024-10-16T11:39:37.713+0000] {logging_mixin.py:190} INFO - [2024-10-16T11:39:37.712+0000] {dagbag.py:588} INFO - Filling up the DagBag from /home/airflow/.local/lib/python3.12/site-packages/airflow/example_dags/example_branch_operator.py
[2024-10-16T11:39:37.733+0000] {processor.py:925} INFO - DAG(s) 'example_branch_operator' retrieved from /home/airflow/.local/lib/python3.12/site-packages/airflow/example_dags/example_branch_operator.py
[2024-10-16T11:39:37.766+0000] {logging_mixin.py:190} INFO - [2024-10-16T11:39:37.766+0000] {dag.py:3239} INFO - Sync 1 DAGs
[2024-10-16T11:39:37.796+0000] {logging_mixin.py:190} INFO - [2024-10-16T11:39:37.796+0000] {dag.py:4180} INFO - Setting next_dagrun for example_branch_operator to 2024-10-15 00:00:00+00:00, run_after=2024-10-16 00:00:00+00:00
[2024-10-16T11:39:37.819+0000] {processor.py:208} INFO - Processing /home/airflow/.local/lib/python3.12/site-packages/airflow/example_dags/example_branch_operator.py took 0.116 seconds
[2024-10-16T11:40:08.467+0000] {processor.py:186} INFO - Started process (PID=126845) to work on /home/airflow/.local/lib/python3.12/site-packages/airflow/example_dags/example_branch_operator.py
[2024-10-16T11:40:08.468+0000] {processor.py:914} INFO - Processing file /home/airflow/.local/lib/python3.12/site-packages/airflow/example_dags/example_branch_operator.py for tasks to queue
[2024-10-16T11:40:08.470+0000] {logging_mixin.py:190} INFO - [2024-10-16T11:40:08.469+0000] {dagbag.py:588} INFO - Filling up the DagBag from /home/airflow/.local/lib/python3.12/site-packages/airflow/example_dags/example_branch_operator.py
[2024-10-16T11:40:08.490+0000] {processor.py:925} INFO - DAG(s) 'example_branch_operator' retrieved from /home/airflow/.local/lib/python3.12/site-packages/airflow/example_dags/example_branch_operator.py
[2024-10-16T11:40:08.519+0000] {logging_mixin.py:190} INFO - [2024-10-16T11:40:08.519+0000] {dag.py:3239} INFO - Sync 1 DAGs
[2024-10-16T11:40:08.546+0000] {logging_mixin.py:190} INFO - [2024-10-16T11:40:08.546+0000] {dag.py:4180} INFO - Setting next_dagrun for example_branch_operator to 2024-10-15 00:00:00+00:00, run_after=2024-10-16 00:00:00+00:00
[2024-10-16T11:40:08.572+0000] {processor.py:208} INFO - Processing /home/airflow/.local/lib/python3.12/site-packages/airflow/example_dags/example_branch_operator.py took 0.112 seconds
[2024-10-16T11:40:38.746+0000] {processor.py:186} INFO - Started process (PID=126907) to work on /home/airflow/.local/lib/python3.12/site-packages/airflow/example_dags/example_branch_operator.py
[2024-10-16T11:40:38.748+0000] {processor.py:914} INFO - Processing file /home/airflow/.local/lib/python3.12/site-packages/airflow/example_dags/example_branch_operator.py for tasks to queue
[2024-10-16T11:40:38.750+0000] {logging_mixin.py:190} INFO - [2024-10-16T11:40:38.750+0000] {dagbag.py:588} INFO - Filling up the DagBag from /home/airflow/.local/lib/python3.12/site-packages/airflow/example_dags/example_branch_operator.py
[2024-10-16T11:40:38.779+0000] {processor.py:925} INFO - DAG(s) 'example_branch_operator' retrieved from /home/airflow/.local/lib/python3.12/site-packages/airflow/example_dags/example_branch_operator.py
[2024-10-16T11:40:38.811+0000] {logging_mixin.py:190} INFO - [2024-10-16T11:40:38.811+0000] {dag.py:3239} INFO - Sync 1 DAGs
[2024-10-16T11:40:38.849+0000] {logging_mixin.py:190} INFO - [2024-10-16T11:40:38.849+0000] {dag.py:4180} INFO - Setting next_dagrun for example_branch_operator to 2024-10-15 00:00:00+00:00, run_after=2024-10-16 00:00:00+00:00
[2024-10-16T11:40:38.869+0000] {processor.py:208} INFO - Processing /home/airflow/.local/lib/python3.12/site-packages/airflow/example_dags/example_branch_operator.py took 0.130 seconds
[2024-10-16T11:41:08.966+0000] {processor.py:186} INFO - Started process (PID=126970) to work on /home/airflow/.local/lib/python3.12/site-packages/airflow/example_dags/example_branch_operator.py
[2024-10-16T11:41:08.967+0000] {processor.py:914} INFO - Processing file /home/airflow/.local/lib/python3.12/site-packages/airflow/example_dags/example_branch_operator.py for tasks to queue
[2024-10-16T11:41:08.968+0000] {logging_mixin.py:190} INFO - [2024-10-16T11:41:08.968+0000] {dagbag.py:588} INFO - Filling up the DagBag from /home/airflow/.local/lib/python3.12/site-packages/airflow/example_dags/example_branch_operator.py
[2024-10-16T11:41:08.989+0000] {processor.py:925} INFO - DAG(s) 'example_branch_operator' retrieved from /home/airflow/.local/lib/python3.12/site-packages/airflow/example_dags/example_branch_operator.py
[2024-10-16T11:41:09.019+0000] {logging_mixin.py:190} INFO - [2024-10-16T11:41:09.019+0000] {dag.py:3239} INFO - Sync 1 DAGs
[2024-10-16T11:41:09.046+0000] {logging_mixin.py:190} INFO - [2024-10-16T11:41:09.045+0000] {dag.py:4180} INFO - Setting next_dagrun for example_branch_operator to 2024-10-15 00:00:00+00:00, run_after=2024-10-16 00:00:00+00:00
[2024-10-16T11:41:09.066+0000] {processor.py:208} INFO - Processing /home/airflow/.local/lib/python3.12/site-packages/airflow/example_dags/example_branch_operator.py took 0.107 seconds
[2024-10-16T11:41:39.346+0000] {processor.py:186} INFO - Started process (PID=127033) to work on /home/airflow/.local/lib/python3.12/site-packages/airflow/example_dags/example_branch_operator.py
[2024-10-16T11:41:39.347+0000] {processor.py:914} INFO - Processing file /home/airflow/.local/lib/python3.12/site-packages/airflow/example_dags/example_branch_operator.py for tasks to queue
[2024-10-16T11:41:39.349+0000] {logging_mixin.py:190} INFO - [2024-10-16T11:41:39.348+0000] {dagbag.py:588} INFO - Filling up the DagBag from /home/airflow/.local/lib/python3.12/site-packages/airflow/example_dags/example_branch_operator.py
[2024-10-16T11:41:39.376+0000] {processor.py:925} INFO - DAG(s) 'example_branch_operator' retrieved from /home/airflow/.local/lib/python3.12/site-packages/airflow/example_dags/example_branch_operator.py
[2024-10-16T11:41:39.405+0000] {logging_mixin.py:190} INFO - [2024-10-16T11:41:39.405+0000] {dag.py:3239} INFO - Sync 1 DAGs
[2024-10-16T11:41:39.432+0000] {logging_mixin.py:190} INFO - [2024-10-16T11:41:39.431+0000] {dag.py:4180} INFO - Setting next_dagrun for example_branch_operator to 2024-10-15 00:00:00+00:00, run_after=2024-10-16 00:00:00+00:00
[2024-10-16T11:41:39.451+0000] {processor.py:208} INFO - Processing /home/airflow/.local/lib/python3.12/site-packages/airflow/example_dags/example_branch_operator.py took 0.112 seconds
[2024-10-16T11:42:10.327+0000] {processor.py:186} INFO - Started process (PID=127096) to work on /home/airflow/.local/lib/python3.12/site-packages/airflow/example_dags/example_branch_operator.py
[2024-10-16T11:42:10.328+0000] {processor.py:914} INFO - Processing file /home/airflow/.local/lib/python3.12/site-packages/airflow/example_dags/example_branch_operator.py for tasks to queue
[2024-10-16T11:42:10.330+0000] {logging_mixin.py:190} INFO - [2024-10-16T11:42:10.330+0000] {dagbag.py:588} INFO - Filling up the DagBag from /home/airflow/.local/lib/python3.12/site-packages/airflow/example_dags/example_branch_operator.py
[2024-10-16T11:42:10.351+0000] {processor.py:925} INFO - DAG(s) 'example_branch_operator' retrieved from /home/airflow/.local/lib/python3.12/site-packages/airflow/example_dags/example_branch_operator.py
[2024-10-16T11:42:10.381+0000] {logging_mixin.py:190} INFO - [2024-10-16T11:42:10.381+0000] {dag.py:3239} INFO - Sync 1 DAGs
[2024-10-16T11:42:10.408+0000] {logging_mixin.py:190} INFO - [2024-10-16T11:42:10.407+0000] {dag.py:4180} INFO - Setting next_dagrun for example_branch_operator to 2024-10-15 00:00:00+00:00, run_after=2024-10-16 00:00:00+00:00
[2024-10-16T11:42:10.427+0000] {processor.py:208} INFO - Processing /home/airflow/.local/lib/python3.12/site-packages/airflow/example_dags/example_branch_operator.py took 0.107 seconds
[2024-10-16T11:42:40.474+0000] {processor.py:186} INFO - Started process (PID=127159) to work on /home/airflow/.local/lib/python3.12/site-packages/airflow/example_dags/example_branch_operator.py
[2024-10-16T11:42:40.476+0000] {processor.py:914} INFO - Processing file /home/airflow/.local/lib/python3.12/site-packages/airflow/example_dags/example_branch_operator.py for tasks to queue
[2024-10-16T11:42:40.477+0000] {logging_mixin.py:190} INFO - [2024-10-16T11:42:40.477+0000] {dagbag.py:588} INFO - Filling up the DagBag from /home/airflow/.local/lib/python3.12/site-packages/airflow/example_dags/example_branch_operator.py
[2024-10-16T11:42:40.497+0000] {processor.py:925} INFO - DAG(s) 'example_branch_operator' retrieved from /home/airflow/.local/lib/python3.12/site-packages/airflow/example_dags/example_branch_operator.py
[2024-10-16T11:42:40.527+0000] {logging_mixin.py:190} INFO - [2024-10-16T11:42:40.526+0000] {dag.py:3239} INFO - Sync 1 DAGs
[2024-10-16T11:42:40.553+0000] {logging_mixin.py:190} INFO - [2024-10-16T11:42:40.553+0000] {dag.py:4180} INFO - Setting next_dagrun for example_branch_operator to 2024-10-15 00:00:00+00:00, run_after=2024-10-16 00:00:00+00:00
[2024-10-16T11:42:40.574+0000] {processor.py:208} INFO - Processing /home/airflow/.local/lib/python3.12/site-packages/airflow/example_dags/example_branch_operator.py took 0.106 seconds
[2024-10-16T11:43:11.237+0000] {processor.py:186} INFO - Started process (PID=127222) to work on /home/airflow/.local/lib/python3.12/site-packages/airflow/example_dags/example_branch_operator.py
[2024-10-16T11:43:11.238+0000] {processor.py:914} INFO - Processing file /home/airflow/.local/lib/python3.12/site-packages/airflow/example_dags/example_branch_operator.py for tasks to queue
[2024-10-16T11:43:11.240+0000] {logging_mixin.py:190} INFO - [2024-10-16T11:43:11.239+0000] {dagbag.py:588} INFO - Filling up the DagBag from /home/airflow/.local/lib/python3.12/site-packages/airflow/example_dags/example_branch_operator.py
[2024-10-16T11:43:11.262+0000] {processor.py:925} INFO - DAG(s) 'example_branch_operator' retrieved from /home/airflow/.local/lib/python3.12/site-packages/airflow/example_dags/example_branch_operator.py
[2024-10-16T11:43:11.291+0000] {logging_mixin.py:190} INFO - [2024-10-16T11:43:11.291+0000] {dag.py:3239} INFO - Sync 1 DAGs
[2024-10-16T11:43:11.318+0000] {logging_mixin.py:190} INFO - [2024-10-16T11:43:11.318+0000] {dag.py:4180} INFO - Setting next_dagrun for example_branch_operator to 2024-10-15 00:00:00+00:00, run_after=2024-10-16 00:00:00+00:00
[2024-10-16T11:43:11.340+0000] {processor.py:208} INFO - Processing /home/airflow/.local/lib/python3.12/site-packages/airflow/example_dags/example_branch_operator.py took 0.111 seconds
[2024-10-16T11:43:41.502+0000] {processor.py:186} INFO - Started process (PID=127285) to work on /home/airflow/.local/lib/python3.12/site-packages/airflow/example_dags/example_branch_operator.py
[2024-10-16T11:43:41.503+0000] {processor.py:914} INFO - Processing file /home/airflow/.local/lib/python3.12/site-packages/airflow/example_dags/example_branch_operator.py for tasks to queue
[2024-10-16T11:43:41.505+0000] {logging_mixin.py:190} INFO - [2024-10-16T11:43:41.505+0000] {dagbag.py:588} INFO - Filling up the DagBag from /home/airflow/.local/lib/python3.12/site-packages/airflow/example_dags/example_branch_operator.py
[2024-10-16T11:43:41.525+0000] {processor.py:925} INFO - DAG(s) 'example_branch_operator' retrieved from /home/airflow/.local/lib/python3.12/site-packages/airflow/example_dags/example_branch_operator.py
[2024-10-16T11:43:41.556+0000] {logging_mixin.py:190} INFO - [2024-10-16T11:43:41.556+0000] {dag.py:3239} INFO - Sync 1 DAGs
[2024-10-16T11:43:41.590+0000] {logging_mixin.py:190} INFO - [2024-10-16T11:43:41.589+0000] {dag.py:4180} INFO - Setting next_dagrun for example_branch_operator to 2024-10-15 00:00:00+00:00, run_after=2024-10-16 00:00:00+00:00
[2024-10-16T11:43:41.613+0000] {processor.py:208} INFO - Processing /home/airflow/.local/lib/python3.12/site-packages/airflow/example_dags/example_branch_operator.py took 0.119 seconds
[2024-10-16T11:44:11.732+0000] {processor.py:186} INFO - Started process (PID=127348) to work on /home/airflow/.local/lib/python3.12/site-packages/airflow/example_dags/example_branch_operator.py
[2024-10-16T11:44:11.733+0000] {processor.py:914} INFO - Processing file /home/airflow/.local/lib/python3.12/site-packages/airflow/example_dags/example_branch_operator.py for tasks to queue
[2024-10-16T11:44:11.735+0000] {logging_mixin.py:190} INFO - [2024-10-16T11:44:11.735+0000] {dagbag.py:588} INFO - Filling up the DagBag from /home/airflow/.local/lib/python3.12/site-packages/airflow/example_dags/example_branch_operator.py
[2024-10-16T11:44:11.754+0000] {processor.py:925} INFO - DAG(s) 'example_branch_operator' retrieved from /home/airflow/.local/lib/python3.12/site-packages/airflow/example_dags/example_branch_operator.py
[2024-10-16T11:44:11.784+0000] {logging_mixin.py:190} INFO - [2024-10-16T11:44:11.784+0000] {dag.py:3239} INFO - Sync 1 DAGs
[2024-10-16T11:44:11.810+0000] {logging_mixin.py:190} INFO - [2024-10-16T11:44:11.810+0000] {dag.py:4180} INFO - Setting next_dagrun for example_branch_operator to 2024-10-15 00:00:00+00:00, run_after=2024-10-16 00:00:00+00:00
[2024-10-16T11:44:11.831+0000] {processor.py:208} INFO - Processing /home/airflow/.local/lib/python3.12/site-packages/airflow/example_dags/example_branch_operator.py took 0.105 seconds
[2024-10-16T11:44:42.379+0000] {processor.py:186} INFO - Started process (PID=127412) to work on /home/airflow/.local/lib/python3.12/site-packages/airflow/example_dags/example_branch_operator.py
[2024-10-16T11:44:42.380+0000] {processor.py:914} INFO - Processing file /home/airflow/.local/lib/python3.12/site-packages/airflow/example_dags/example_branch_operator.py for tasks to queue
[2024-10-16T11:44:42.381+0000] {logging_mixin.py:190} INFO - [2024-10-16T11:44:42.381+0000] {dagbag.py:588} INFO - Filling up the DagBag from /home/airflow/.local/lib/python3.12/site-packages/airflow/example_dags/example_branch_operator.py
[2024-10-16T11:44:42.403+0000] {processor.py:925} INFO - DAG(s) 'example_branch_operator' retrieved from /home/airflow/.local/lib/python3.12/site-packages/airflow/example_dags/example_branch_operator.py
[2024-10-16T11:44:42.434+0000] {logging_mixin.py:190} INFO - [2024-10-16T11:44:42.433+0000] {dag.py:3239} INFO - Sync 1 DAGs
[2024-10-16T11:44:42.460+0000] {logging_mixin.py:190} INFO - [2024-10-16T11:44:42.460+0000] {dag.py:4180} INFO - Setting next_dagrun for example_branch_operator to 2024-10-15 00:00:00+00:00, run_after=2024-10-16 00:00:00+00:00
[2024-10-16T11:44:42.479+0000] {processor.py:208} INFO - Processing /home/airflow/.local/lib/python3.12/site-packages/airflow/example_dags/example_branch_operator.py took 0.108 seconds
[2024-10-16T11:45:12.732+0000] {processor.py:186} INFO - Started process (PID=127475) to work on /home/airflow/.local/lib/python3.12/site-packages/airflow/example_dags/example_branch_operator.py
[2024-10-16T11:45:12.733+0000] {processor.py:914} INFO - Processing file /home/airflow/.local/lib/python3.12/site-packages/airflow/example_dags/example_branch_operator.py for tasks to queue
[2024-10-16T11:45:12.735+0000] {logging_mixin.py:190} INFO - [2024-10-16T11:45:12.734+0000] {dagbag.py:588} INFO - Filling up the DagBag from /home/airflow/.local/lib/python3.12/site-packages/airflow/example_dags/example_branch_operator.py
[2024-10-16T11:45:12.756+0000] {processor.py:925} INFO - DAG(s) 'example_branch_operator' retrieved from /home/airflow/.local/lib/python3.12/site-packages/airflow/example_dags/example_branch_operator.py
[2024-10-16T11:45:12.786+0000] {logging_mixin.py:190} INFO - [2024-10-16T11:45:12.785+0000] {dag.py:3239} INFO - Sync 1 DAGs
[2024-10-16T11:45:12.816+0000] {logging_mixin.py:190} INFO - [2024-10-16T11:45:12.815+0000] {dag.py:4180} INFO - Setting next_dagrun for example_branch_operator to 2024-10-15 00:00:00+00:00, run_after=2024-10-16 00:00:00+00:00
[2024-10-16T11:45:12.841+0000] {processor.py:208} INFO - Processing /home/airflow/.local/lib/python3.12/site-packages/airflow/example_dags/example_branch_operator.py took 0.116 seconds
[2024-10-16T11:45:43.123+0000] {processor.py:186} INFO - Started process (PID=127538) to work on /home/airflow/.local/lib/python3.12/site-packages/airflow/example_dags/example_branch_operator.py
[2024-10-16T11:45:43.124+0000] {processor.py:914} INFO - Processing file /home/airflow/.local/lib/python3.12/site-packages/airflow/example_dags/example_branch_operator.py for tasks to queue
[2024-10-16T11:45:43.126+0000] {logging_mixin.py:190} INFO - [2024-10-16T11:45:43.125+0000] {dagbag.py:588} INFO - Filling up the DagBag from /home/airflow/.local/lib/python3.12/site-packages/airflow/example_dags/example_branch_operator.py
[2024-10-16T11:45:43.147+0000] {processor.py:925} INFO - DAG(s) 'example_branch_operator' retrieved from /home/airflow/.local/lib/python3.12/site-packages/airflow/example_dags/example_branch_operator.py
[2024-10-16T11:45:43.181+0000] {logging_mixin.py:190} INFO - [2024-10-16T11:45:43.180+0000] {dag.py:3239} INFO - Sync 1 DAGs
[2024-10-16T11:45:43.209+0000] {logging_mixin.py:190} INFO - [2024-10-16T11:45:43.208+0000] {dag.py:4180} INFO - Setting next_dagrun for example_branch_operator to 2024-10-15 00:00:00+00:00, run_after=2024-10-16 00:00:00+00:00
[2024-10-16T11:45:43.229+0000] {processor.py:208} INFO - Processing /home/airflow/.local/lib/python3.12/site-packages/airflow/example_dags/example_branch_operator.py took 0.113 seconds
