[2024-10-16T11:30:15.050+0000] {processor.py:186} INFO - Started process (PID=125625) to work on /home/airflow/.local/lib/python3.12/site-packages/airflow/example_dags/example_python_operator.py
[2024-10-16T11:30:15.051+0000] {processor.py:914} INFO - Processing file /home/airflow/.local/lib/python3.12/site-packages/airflow/example_dags/example_python_operator.py for tasks to queue
[2024-10-16T11:30:15.052+0000] {logging_mixin.py:190} INFO - [2024-10-16T11:30:15.052+0000] {dagbag.py:588} INFO - Filling up the DagBag from /home/airflow/.local/lib/python3.12/site-packages/airflow/example_dags/example_python_operator.py
[2024-10-16T11:30:15.063+0000] {processor.py:925} INFO - DAG(s) 'example_python_operator' retrieved from /home/airflow/.local/lib/python3.12/site-packages/airflow/example_dags/example_python_operator.py
[2024-10-16T11:30:15.085+0000] {logging_mixin.py:190} INFO - [2024-10-16T11:30:15.085+0000] {dag.py:3239} INFO - Sync 1 DAGs
[2024-10-16T11:30:15.101+0000] {logging_mixin.py:190} INFO - [2024-10-16T11:30:15.101+0000] {dag.py:4180} INFO - Setting next_dagrun for example_python_operator to None, run_after=None
[2024-10-16T11:30:15.118+0000] {processor.py:208} INFO - Processing /home/airflow/.local/lib/python3.12/site-packages/airflow/example_dags/example_python_operator.py took 0.074 seconds
[2024-10-16T11:30:45.882+0000] {processor.py:186} INFO - Started process (PID=125688) to work on /home/airflow/.local/lib/python3.12/site-packages/airflow/example_dags/example_python_operator.py
[2024-10-16T11:30:45.883+0000] {processor.py:914} INFO - Processing file /home/airflow/.local/lib/python3.12/site-packages/airflow/example_dags/example_python_operator.py for tasks to queue
[2024-10-16T11:30:45.884+0000] {logging_mixin.py:190} INFO - [2024-10-16T11:30:45.884+0000] {dagbag.py:588} INFO - Filling up the DagBag from /home/airflow/.local/lib/python3.12/site-packages/airflow/example_dags/example_python_operator.py
[2024-10-16T11:30:45.895+0000] {processor.py:925} INFO - DAG(s) 'example_python_operator' retrieved from /home/airflow/.local/lib/python3.12/site-packages/airflow/example_dags/example_python_operator.py
[2024-10-16T11:30:45.916+0000] {logging_mixin.py:190} INFO - [2024-10-16T11:30:45.916+0000] {dag.py:3239} INFO - Sync 1 DAGs
[2024-10-16T11:30:45.929+0000] {logging_mixin.py:190} INFO - [2024-10-16T11:30:45.929+0000] {dag.py:4180} INFO - Setting next_dagrun for example_python_operator to None, run_after=None
[2024-10-16T11:30:45.947+0000] {processor.py:208} INFO - Processing /home/airflow/.local/lib/python3.12/site-packages/airflow/example_dags/example_python_operator.py took 0.069 seconds
[2024-10-16T11:31:16.617+0000] {processor.py:186} INFO - Started process (PID=125751) to work on /home/airflow/.local/lib/python3.12/site-packages/airflow/example_dags/example_python_operator.py
[2024-10-16T11:31:16.619+0000] {processor.py:914} INFO - Processing file /home/airflow/.local/lib/python3.12/site-packages/airflow/example_dags/example_python_operator.py for tasks to queue
[2024-10-16T11:31:16.620+0000] {logging_mixin.py:190} INFO - [2024-10-16T11:31:16.620+0000] {dagbag.py:588} INFO - Filling up the DagBag from /home/airflow/.local/lib/python3.12/site-packages/airflow/example_dags/example_python_operator.py
[2024-10-16T11:31:16.636+0000] {processor.py:925} INFO - DAG(s) 'example_python_operator' retrieved from /home/airflow/.local/lib/python3.12/site-packages/airflow/example_dags/example_python_operator.py
[2024-10-16T11:31:16.658+0000] {logging_mixin.py:190} INFO - [2024-10-16T11:31:16.658+0000] {dag.py:3239} INFO - Sync 1 DAGs
[2024-10-16T11:31:16.673+0000] {logging_mixin.py:190} INFO - [2024-10-16T11:31:16.672+0000] {dag.py:4180} INFO - Setting next_dagrun for example_python_operator to None, run_after=None
[2024-10-16T11:31:16.691+0000] {processor.py:208} INFO - Processing /home/airflow/.local/lib/python3.12/site-packages/airflow/example_dags/example_python_operator.py took 0.078 seconds
[2024-10-16T11:31:46.775+0000] {processor.py:186} INFO - Started process (PID=125814) to work on /home/airflow/.local/lib/python3.12/site-packages/airflow/example_dags/example_python_operator.py
[2024-10-16T11:31:46.776+0000] {processor.py:914} INFO - Processing file /home/airflow/.local/lib/python3.12/site-packages/airflow/example_dags/example_python_operator.py for tasks to queue
[2024-10-16T11:31:46.777+0000] {logging_mixin.py:190} INFO - [2024-10-16T11:31:46.777+0000] {dagbag.py:588} INFO - Filling up the DagBag from /home/airflow/.local/lib/python3.12/site-packages/airflow/example_dags/example_python_operator.py
[2024-10-16T11:31:46.789+0000] {processor.py:925} INFO - DAG(s) 'example_python_operator' retrieved from /home/airflow/.local/lib/python3.12/site-packages/airflow/example_dags/example_python_operator.py
[2024-10-16T11:31:46.808+0000] {logging_mixin.py:190} INFO - [2024-10-16T11:31:46.808+0000] {dag.py:3239} INFO - Sync 1 DAGs
[2024-10-16T11:31:46.821+0000] {logging_mixin.py:190} INFO - [2024-10-16T11:31:46.821+0000] {dag.py:4180} INFO - Setting next_dagrun for example_python_operator to None, run_after=None
[2024-10-16T11:31:46.837+0000] {processor.py:208} INFO - Processing /home/airflow/.local/lib/python3.12/site-packages/airflow/example_dags/example_python_operator.py took 0.067 seconds
[2024-10-16T11:32:17.669+0000] {processor.py:186} INFO - Started process (PID=125877) to work on /home/airflow/.local/lib/python3.12/site-packages/airflow/example_dags/example_python_operator.py
[2024-10-16T11:32:17.670+0000] {processor.py:914} INFO - Processing file /home/airflow/.local/lib/python3.12/site-packages/airflow/example_dags/example_python_operator.py for tasks to queue
[2024-10-16T11:32:17.671+0000] {logging_mixin.py:190} INFO - [2024-10-16T11:32:17.671+0000] {dagbag.py:588} INFO - Filling up the DagBag from /home/airflow/.local/lib/python3.12/site-packages/airflow/example_dags/example_python_operator.py
[2024-10-16T11:32:17.683+0000] {processor.py:925} INFO - DAG(s) 'example_python_operator' retrieved from /home/airflow/.local/lib/python3.12/site-packages/airflow/example_dags/example_python_operator.py
[2024-10-16T11:32:17.704+0000] {logging_mixin.py:190} INFO - [2024-10-16T11:32:17.703+0000] {dag.py:3239} INFO - Sync 1 DAGs
[2024-10-16T11:32:17.718+0000] {logging_mixin.py:190} INFO - [2024-10-16T11:32:17.718+0000] {dag.py:4180} INFO - Setting next_dagrun for example_python_operator to None, run_after=None
[2024-10-16T11:32:17.734+0000] {processor.py:208} INFO - Processing /home/airflow/.local/lib/python3.12/site-packages/airflow/example_dags/example_python_operator.py took 0.070 seconds
[2024-10-16T11:32:48.190+0000] {processor.py:186} INFO - Started process (PID=125940) to work on /home/airflow/.local/lib/python3.12/site-packages/airflow/example_dags/example_python_operator.py
[2024-10-16T11:32:48.191+0000] {processor.py:914} INFO - Processing file /home/airflow/.local/lib/python3.12/site-packages/airflow/example_dags/example_python_operator.py for tasks to queue
[2024-10-16T11:32:48.192+0000] {logging_mixin.py:190} INFO - [2024-10-16T11:32:48.192+0000] {dagbag.py:588} INFO - Filling up the DagBag from /home/airflow/.local/lib/python3.12/site-packages/airflow/example_dags/example_python_operator.py
[2024-10-16T11:32:48.205+0000] {processor.py:925} INFO - DAG(s) 'example_python_operator' retrieved from /home/airflow/.local/lib/python3.12/site-packages/airflow/example_dags/example_python_operator.py
[2024-10-16T11:32:48.229+0000] {logging_mixin.py:190} INFO - [2024-10-16T11:32:48.229+0000] {dag.py:3239} INFO - Sync 1 DAGs
[2024-10-16T11:32:48.254+0000] {logging_mixin.py:190} INFO - [2024-10-16T11:32:48.253+0000] {dag.py:4180} INFO - Setting next_dagrun for example_python_operator to None, run_after=None
[2024-10-16T11:32:48.280+0000] {processor.py:208} INFO - Processing /home/airflow/.local/lib/python3.12/site-packages/airflow/example_dags/example_python_operator.py took 0.096 seconds
[2024-10-16T11:33:18.417+0000] {processor.py:186} INFO - Started process (PID=126003) to work on /home/airflow/.local/lib/python3.12/site-packages/airflow/example_dags/example_python_operator.py
[2024-10-16T11:33:18.418+0000] {processor.py:914} INFO - Processing file /home/airflow/.local/lib/python3.12/site-packages/airflow/example_dags/example_python_operator.py for tasks to queue
[2024-10-16T11:33:18.421+0000] {logging_mixin.py:190} INFO - [2024-10-16T11:33:18.420+0000] {dagbag.py:588} INFO - Filling up the DagBag from /home/airflow/.local/lib/python3.12/site-packages/airflow/example_dags/example_python_operator.py
[2024-10-16T11:33:18.447+0000] {processor.py:925} INFO - DAG(s) 'example_python_operator' retrieved from /home/airflow/.local/lib/python3.12/site-packages/airflow/example_dags/example_python_operator.py
[2024-10-16T11:33:18.474+0000] {logging_mixin.py:190} INFO - [2024-10-16T11:33:18.474+0000] {dag.py:3239} INFO - Sync 1 DAGs
[2024-10-16T11:33:18.493+0000] {logging_mixin.py:190} INFO - [2024-10-16T11:33:18.492+0000] {dag.py:4180} INFO - Setting next_dagrun for example_python_operator to None, run_after=None
[2024-10-16T11:33:18.511+0000] {processor.py:208} INFO - Processing /home/airflow/.local/lib/python3.12/site-packages/airflow/example_dags/example_python_operator.py took 0.104 seconds
[2024-10-16T11:33:49.329+0000] {processor.py:186} INFO - Started process (PID=126066) to work on /home/airflow/.local/lib/python3.12/site-packages/airflow/example_dags/example_python_operator.py
[2024-10-16T11:33:49.331+0000] {processor.py:914} INFO - Processing file /home/airflow/.local/lib/python3.12/site-packages/airflow/example_dags/example_python_operator.py for tasks to queue
[2024-10-16T11:33:49.332+0000] {logging_mixin.py:190} INFO - [2024-10-16T11:33:49.332+0000] {dagbag.py:588} INFO - Filling up the DagBag from /home/airflow/.local/lib/python3.12/site-packages/airflow/example_dags/example_python_operator.py
[2024-10-16T11:33:49.347+0000] {processor.py:925} INFO - DAG(s) 'example_python_operator' retrieved from /home/airflow/.local/lib/python3.12/site-packages/airflow/example_dags/example_python_operator.py
[2024-10-16T11:33:49.371+0000] {logging_mixin.py:190} INFO - [2024-10-16T11:33:49.371+0000] {dag.py:3239} INFO - Sync 1 DAGs
[2024-10-16T11:33:49.390+0000] {logging_mixin.py:190} INFO - [2024-10-16T11:33:49.389+0000] {dag.py:4180} INFO - Setting next_dagrun for example_python_operator to None, run_after=None
[2024-10-16T11:33:49.408+0000] {processor.py:208} INFO - Processing /home/airflow/.local/lib/python3.12/site-packages/airflow/example_dags/example_python_operator.py took 0.086 seconds
[2024-10-16T11:34:19.835+0000] {processor.py:186} INFO - Started process (PID=126130) to work on /home/airflow/.local/lib/python3.12/site-packages/airflow/example_dags/example_python_operator.py
[2024-10-16T11:34:19.837+0000] {processor.py:914} INFO - Processing file /home/airflow/.local/lib/python3.12/site-packages/airflow/example_dags/example_python_operator.py for tasks to queue
[2024-10-16T11:34:19.838+0000] {logging_mixin.py:190} INFO - [2024-10-16T11:34:19.838+0000] {dagbag.py:588} INFO - Filling up the DagBag from /home/airflow/.local/lib/python3.12/site-packages/airflow/example_dags/example_python_operator.py
[2024-10-16T11:34:19.852+0000] {processor.py:925} INFO - DAG(s) 'example_python_operator' retrieved from /home/airflow/.local/lib/python3.12/site-packages/airflow/example_dags/example_python_operator.py
[2024-10-16T11:34:19.876+0000] {logging_mixin.py:190} INFO - [2024-10-16T11:34:19.875+0000] {dag.py:3239} INFO - Sync 1 DAGs
[2024-10-16T11:34:19.891+0000] {logging_mixin.py:190} INFO - [2024-10-16T11:34:19.891+0000] {dag.py:4180} INFO - Setting next_dagrun for example_python_operator to None, run_after=None
[2024-10-16T11:34:19.908+0000] {processor.py:208} INFO - Processing /home/airflow/.local/lib/python3.12/site-packages/airflow/example_dags/example_python_operator.py took 0.078 seconds
[2024-10-16T11:34:50.174+0000] {processor.py:186} INFO - Started process (PID=126193) to work on /home/airflow/.local/lib/python3.12/site-packages/airflow/example_dags/example_python_operator.py
[2024-10-16T11:34:50.175+0000] {processor.py:914} INFO - Processing file /home/airflow/.local/lib/python3.12/site-packages/airflow/example_dags/example_python_operator.py for tasks to queue
[2024-10-16T11:34:50.176+0000] {logging_mixin.py:190} INFO - [2024-10-16T11:34:50.176+0000] {dagbag.py:588} INFO - Filling up the DagBag from /home/airflow/.local/lib/python3.12/site-packages/airflow/example_dags/example_python_operator.py
[2024-10-16T11:34:50.187+0000] {processor.py:925} INFO - DAG(s) 'example_python_operator' retrieved from /home/airflow/.local/lib/python3.12/site-packages/airflow/example_dags/example_python_operator.py
[2024-10-16T11:34:50.208+0000] {logging_mixin.py:190} INFO - [2024-10-16T11:34:50.208+0000] {dag.py:3239} INFO - Sync 1 DAGs
[2024-10-16T11:34:50.222+0000] {logging_mixin.py:190} INFO - [2024-10-16T11:34:50.222+0000] {dag.py:4180} INFO - Setting next_dagrun for example_python_operator to None, run_after=None
[2024-10-16T11:34:50.240+0000] {processor.py:208} INFO - Processing /home/airflow/.local/lib/python3.12/site-packages/airflow/example_dags/example_python_operator.py took 0.071 seconds
[2024-10-16T11:35:20.860+0000] {processor.py:186} INFO - Started process (PID=126256) to work on /home/airflow/.local/lib/python3.12/site-packages/airflow/example_dags/example_python_operator.py
[2024-10-16T11:35:20.861+0000] {processor.py:914} INFO - Processing file /home/airflow/.local/lib/python3.12/site-packages/airflow/example_dags/example_python_operator.py for tasks to queue
[2024-10-16T11:35:20.863+0000] {logging_mixin.py:190} INFO - [2024-10-16T11:35:20.862+0000] {dagbag.py:588} INFO - Filling up the DagBag from /home/airflow/.local/lib/python3.12/site-packages/airflow/example_dags/example_python_operator.py
[2024-10-16T11:35:20.874+0000] {processor.py:925} INFO - DAG(s) 'example_python_operator' retrieved from /home/airflow/.local/lib/python3.12/site-packages/airflow/example_dags/example_python_operator.py
[2024-10-16T11:35:20.893+0000] {logging_mixin.py:190} INFO - [2024-10-16T11:35:20.893+0000] {dag.py:3239} INFO - Sync 1 DAGs
[2024-10-16T11:35:20.907+0000] {logging_mixin.py:190} INFO - [2024-10-16T11:35:20.907+0000] {dag.py:4180} INFO - Setting next_dagrun for example_python_operator to None, run_after=None
[2024-10-16T11:35:20.923+0000] {processor.py:208} INFO - Processing /home/airflow/.local/lib/python3.12/site-packages/airflow/example_dags/example_python_operator.py took 0.069 seconds
[2024-10-16T11:35:51.294+0000] {processor.py:186} INFO - Started process (PID=126319) to work on /home/airflow/.local/lib/python3.12/site-packages/airflow/example_dags/example_python_operator.py
[2024-10-16T11:35:51.295+0000] {processor.py:914} INFO - Processing file /home/airflow/.local/lib/python3.12/site-packages/airflow/example_dags/example_python_operator.py for tasks to queue
[2024-10-16T11:35:51.297+0000] {logging_mixin.py:190} INFO - [2024-10-16T11:35:51.296+0000] {dagbag.py:588} INFO - Filling up the DagBag from /home/airflow/.local/lib/python3.12/site-packages/airflow/example_dags/example_python_operator.py
[2024-10-16T11:35:51.320+0000] {processor.py:925} INFO - DAG(s) 'example_python_operator' retrieved from /home/airflow/.local/lib/python3.12/site-packages/airflow/example_dags/example_python_operator.py
[2024-10-16T11:35:51.370+0000] {logging_mixin.py:190} INFO - [2024-10-16T11:35:51.370+0000] {dag.py:3239} INFO - Sync 1 DAGs
[2024-10-16T11:35:51.395+0000] {logging_mixin.py:190} INFO - [2024-10-16T11:35:51.395+0000] {dag.py:4180} INFO - Setting next_dagrun for example_python_operator to None, run_after=None
[2024-10-16T11:35:51.421+0000] {processor.py:208} INFO - Processing /home/airflow/.local/lib/python3.12/site-packages/airflow/example_dags/example_python_operator.py took 0.139 seconds
[2024-10-16T11:36:22.138+0000] {processor.py:186} INFO - Started process (PID=126383) to work on /home/airflow/.local/lib/python3.12/site-packages/airflow/example_dags/example_python_operator.py
[2024-10-16T11:36:22.138+0000] {processor.py:914} INFO - Processing file /home/airflow/.local/lib/python3.12/site-packages/airflow/example_dags/example_python_operator.py for tasks to queue
[2024-10-16T11:36:22.140+0000] {logging_mixin.py:190} INFO - [2024-10-16T11:36:22.139+0000] {dagbag.py:588} INFO - Filling up the DagBag from /home/airflow/.local/lib/python3.12/site-packages/airflow/example_dags/example_python_operator.py
[2024-10-16T11:36:22.150+0000] {processor.py:925} INFO - DAG(s) 'example_python_operator' retrieved from /home/airflow/.local/lib/python3.12/site-packages/airflow/example_dags/example_python_operator.py
[2024-10-16T11:36:22.169+0000] {logging_mixin.py:190} INFO - [2024-10-16T11:36:22.168+0000] {dag.py:3239} INFO - Sync 1 DAGs
[2024-10-16T11:36:22.183+0000] {logging_mixin.py:190} INFO - [2024-10-16T11:36:22.183+0000] {dag.py:4180} INFO - Setting next_dagrun for example_python_operator to None, run_after=None
[2024-10-16T11:36:22.200+0000] {processor.py:208} INFO - Processing /home/airflow/.local/lib/python3.12/site-packages/airflow/example_dags/example_python_operator.py took 0.067 seconds
[2024-10-16T11:36:52.532+0000] {processor.py:186} INFO - Started process (PID=126446) to work on /home/airflow/.local/lib/python3.12/site-packages/airflow/example_dags/example_python_operator.py
[2024-10-16T11:36:52.533+0000] {processor.py:914} INFO - Processing file /home/airflow/.local/lib/python3.12/site-packages/airflow/example_dags/example_python_operator.py for tasks to queue
[2024-10-16T11:36:52.534+0000] {logging_mixin.py:190} INFO - [2024-10-16T11:36:52.534+0000] {dagbag.py:588} INFO - Filling up the DagBag from /home/airflow/.local/lib/python3.12/site-packages/airflow/example_dags/example_python_operator.py
[2024-10-16T11:36:52.544+0000] {processor.py:925} INFO - DAG(s) 'example_python_operator' retrieved from /home/airflow/.local/lib/python3.12/site-packages/airflow/example_dags/example_python_operator.py
[2024-10-16T11:36:52.563+0000] {logging_mixin.py:190} INFO - [2024-10-16T11:36:52.563+0000] {dag.py:3239} INFO - Sync 1 DAGs
[2024-10-16T11:36:52.577+0000] {logging_mixin.py:190} INFO - [2024-10-16T11:36:52.576+0000] {dag.py:4180} INFO - Setting next_dagrun for example_python_operator to None, run_after=None
[2024-10-16T11:36:52.595+0000] {processor.py:208} INFO - Processing /home/airflow/.local/lib/python3.12/site-packages/airflow/example_dags/example_python_operator.py took 0.069 seconds
[2024-10-16T11:37:22.987+0000] {processor.py:186} INFO - Started process (PID=126509) to work on /home/airflow/.local/lib/python3.12/site-packages/airflow/example_dags/example_python_operator.py
[2024-10-16T11:37:22.988+0000] {processor.py:914} INFO - Processing file /home/airflow/.local/lib/python3.12/site-packages/airflow/example_dags/example_python_operator.py for tasks to queue
[2024-10-16T11:37:22.990+0000] {logging_mixin.py:190} INFO - [2024-10-16T11:37:22.989+0000] {dagbag.py:588} INFO - Filling up the DagBag from /home/airflow/.local/lib/python3.12/site-packages/airflow/example_dags/example_python_operator.py
[2024-10-16T11:37:23.001+0000] {processor.py:925} INFO - DAG(s) 'example_python_operator' retrieved from /home/airflow/.local/lib/python3.12/site-packages/airflow/example_dags/example_python_operator.py
[2024-10-16T11:37:23.021+0000] {logging_mixin.py:190} INFO - [2024-10-16T11:37:23.021+0000] {dag.py:3239} INFO - Sync 1 DAGs
[2024-10-16T11:37:23.035+0000] {logging_mixin.py:190} INFO - [2024-10-16T11:37:23.035+0000] {dag.py:4180} INFO - Setting next_dagrun for example_python_operator to None, run_after=None
[2024-10-16T11:37:23.052+0000] {processor.py:208} INFO - Processing /home/airflow/.local/lib/python3.12/site-packages/airflow/example_dags/example_python_operator.py took 0.070 seconds
[2024-10-16T11:37:53.851+0000] {processor.py:186} INFO - Started process (PID=126572) to work on /home/airflow/.local/lib/python3.12/site-packages/airflow/example_dags/example_python_operator.py
[2024-10-16T11:37:53.852+0000] {processor.py:914} INFO - Processing file /home/airflow/.local/lib/python3.12/site-packages/airflow/example_dags/example_python_operator.py for tasks to queue
[2024-10-16T11:37:53.855+0000] {logging_mixin.py:190} INFO - [2024-10-16T11:37:53.854+0000] {dagbag.py:588} INFO - Filling up the DagBag from /home/airflow/.local/lib/python3.12/site-packages/airflow/example_dags/example_python_operator.py
[2024-10-16T11:37:53.876+0000] {processor.py:925} INFO - DAG(s) 'example_python_operator' retrieved from /home/airflow/.local/lib/python3.12/site-packages/airflow/example_dags/example_python_operator.py
[2024-10-16T11:37:53.902+0000] {logging_mixin.py:190} INFO - [2024-10-16T11:37:53.902+0000] {dag.py:3239} INFO - Sync 1 DAGs
[2024-10-16T11:37:53.922+0000] {logging_mixin.py:190} INFO - [2024-10-16T11:37:53.922+0000] {dag.py:4180} INFO - Setting next_dagrun for example_python_operator to None, run_after=None
[2024-10-16T11:37:53.945+0000] {processor.py:208} INFO - Processing /home/airflow/.local/lib/python3.12/site-packages/airflow/example_dags/example_python_operator.py took 0.102 seconds
[2024-10-16T11:38:24.547+0000] {processor.py:186} INFO - Started process (PID=126636) to work on /home/airflow/.local/lib/python3.12/site-packages/airflow/example_dags/example_python_operator.py
[2024-10-16T11:38:24.548+0000] {processor.py:914} INFO - Processing file /home/airflow/.local/lib/python3.12/site-packages/airflow/example_dags/example_python_operator.py for tasks to queue
[2024-10-16T11:38:24.549+0000] {logging_mixin.py:190} INFO - [2024-10-16T11:38:24.549+0000] {dagbag.py:588} INFO - Filling up the DagBag from /home/airflow/.local/lib/python3.12/site-packages/airflow/example_dags/example_python_operator.py
[2024-10-16T11:38:24.563+0000] {processor.py:925} INFO - DAG(s) 'example_python_operator' retrieved from /home/airflow/.local/lib/python3.12/site-packages/airflow/example_dags/example_python_operator.py
[2024-10-16T11:38:24.586+0000] {logging_mixin.py:190} INFO - [2024-10-16T11:38:24.586+0000] {dag.py:3239} INFO - Sync 1 DAGs
[2024-10-16T11:38:24.602+0000] {logging_mixin.py:190} INFO - [2024-10-16T11:38:24.602+0000] {dag.py:4180} INFO - Setting next_dagrun for example_python_operator to None, run_after=None
[2024-10-16T11:38:24.621+0000] {processor.py:208} INFO - Processing /home/airflow/.local/lib/python3.12/site-packages/airflow/example_dags/example_python_operator.py took 0.081 seconds
[2024-10-16T11:38:54.813+0000] {processor.py:186} INFO - Started process (PID=126698) to work on /home/airflow/.local/lib/python3.12/site-packages/airflow/example_dags/example_python_operator.py
[2024-10-16T11:38:54.814+0000] {processor.py:914} INFO - Processing file /home/airflow/.local/lib/python3.12/site-packages/airflow/example_dags/example_python_operator.py for tasks to queue
[2024-10-16T11:38:54.816+0000] {logging_mixin.py:190} INFO - [2024-10-16T11:38:54.815+0000] {dagbag.py:588} INFO - Filling up the DagBag from /home/airflow/.local/lib/python3.12/site-packages/airflow/example_dags/example_python_operator.py
[2024-10-16T11:38:54.830+0000] {processor.py:925} INFO - DAG(s) 'example_python_operator' retrieved from /home/airflow/.local/lib/python3.12/site-packages/airflow/example_dags/example_python_operator.py
[2024-10-16T11:38:54.857+0000] {logging_mixin.py:190} INFO - [2024-10-16T11:38:54.857+0000] {dag.py:3239} INFO - Sync 1 DAGs
[2024-10-16T11:38:54.875+0000] {logging_mixin.py:190} INFO - [2024-10-16T11:38:54.875+0000] {dag.py:4180} INFO - Setting next_dagrun for example_python_operator to None, run_after=None
[2024-10-16T11:38:54.897+0000] {processor.py:208} INFO - Processing /home/airflow/.local/lib/python3.12/site-packages/airflow/example_dags/example_python_operator.py took 0.091 seconds
[2024-10-16T11:39:25.647+0000] {processor.py:186} INFO - Started process (PID=126761) to work on /home/airflow/.local/lib/python3.12/site-packages/airflow/example_dags/example_python_operator.py
[2024-10-16T11:39:25.649+0000] {processor.py:914} INFO - Processing file /home/airflow/.local/lib/python3.12/site-packages/airflow/example_dags/example_python_operator.py for tasks to queue
[2024-10-16T11:39:25.651+0000] {logging_mixin.py:190} INFO - [2024-10-16T11:39:25.651+0000] {dagbag.py:588} INFO - Filling up the DagBag from /home/airflow/.local/lib/python3.12/site-packages/airflow/example_dags/example_python_operator.py
[2024-10-16T11:39:25.678+0000] {processor.py:925} INFO - DAG(s) 'example_python_operator' retrieved from /home/airflow/.local/lib/python3.12/site-packages/airflow/example_dags/example_python_operator.py
[2024-10-16T11:39:25.716+0000] {logging_mixin.py:190} INFO - [2024-10-16T11:39:25.715+0000] {dag.py:3239} INFO - Sync 1 DAGs
[2024-10-16T11:39:25.739+0000] {logging_mixin.py:190} INFO - [2024-10-16T11:39:25.738+0000] {dag.py:4180} INFO - Setting next_dagrun for example_python_operator to None, run_after=None
[2024-10-16T11:39:25.768+0000] {processor.py:208} INFO - Processing /home/airflow/.local/lib/python3.12/site-packages/airflow/example_dags/example_python_operator.py took 0.131 seconds
[2024-10-16T11:39:56.469+0000] {processor.py:186} INFO - Started process (PID=126824) to work on /home/airflow/.local/lib/python3.12/site-packages/airflow/example_dags/example_python_operator.py
[2024-10-16T11:39:56.470+0000] {processor.py:914} INFO - Processing file /home/airflow/.local/lib/python3.12/site-packages/airflow/example_dags/example_python_operator.py for tasks to queue
[2024-10-16T11:39:56.472+0000] {logging_mixin.py:190} INFO - [2024-10-16T11:39:56.471+0000] {dagbag.py:588} INFO - Filling up the DagBag from /home/airflow/.local/lib/python3.12/site-packages/airflow/example_dags/example_python_operator.py
[2024-10-16T11:39:56.487+0000] {processor.py:925} INFO - DAG(s) 'example_python_operator' retrieved from /home/airflow/.local/lib/python3.12/site-packages/airflow/example_dags/example_python_operator.py
[2024-10-16T11:39:56.514+0000] {logging_mixin.py:190} INFO - [2024-10-16T11:39:56.513+0000] {dag.py:3239} INFO - Sync 1 DAGs
[2024-10-16T11:39:56.533+0000] {logging_mixin.py:190} INFO - [2024-10-16T11:39:56.532+0000] {dag.py:4180} INFO - Setting next_dagrun for example_python_operator to None, run_after=None
[2024-10-16T11:39:56.556+0000] {processor.py:208} INFO - Processing /home/airflow/.local/lib/python3.12/site-packages/airflow/example_dags/example_python_operator.py took 0.094 seconds
[2024-10-16T11:40:27.456+0000] {processor.py:186} INFO - Started process (PID=126886) to work on /home/airflow/.local/lib/python3.12/site-packages/airflow/example_dags/example_python_operator.py
[2024-10-16T11:40:27.457+0000] {processor.py:914} INFO - Processing file /home/airflow/.local/lib/python3.12/site-packages/airflow/example_dags/example_python_operator.py for tasks to queue
[2024-10-16T11:40:27.459+0000] {logging_mixin.py:190} INFO - [2024-10-16T11:40:27.458+0000] {dagbag.py:588} INFO - Filling up the DagBag from /home/airflow/.local/lib/python3.12/site-packages/airflow/example_dags/example_python_operator.py
[2024-10-16T11:40:27.473+0000] {processor.py:925} INFO - DAG(s) 'example_python_operator' retrieved from /home/airflow/.local/lib/python3.12/site-packages/airflow/example_dags/example_python_operator.py
[2024-10-16T11:40:27.498+0000] {logging_mixin.py:190} INFO - [2024-10-16T11:40:27.498+0000] {dag.py:3239} INFO - Sync 1 DAGs
[2024-10-16T11:40:27.515+0000] {logging_mixin.py:190} INFO - [2024-10-16T11:40:27.515+0000] {dag.py:4180} INFO - Setting next_dagrun for example_python_operator to None, run_after=None
[2024-10-16T11:40:27.536+0000] {processor.py:208} INFO - Processing /home/airflow/.local/lib/python3.12/site-packages/airflow/example_dags/example_python_operator.py took 0.087 seconds
[2024-10-16T11:40:57.797+0000] {processor.py:186} INFO - Started process (PID=126949) to work on /home/airflow/.local/lib/python3.12/site-packages/airflow/example_dags/example_python_operator.py
[2024-10-16T11:40:57.799+0000] {processor.py:914} INFO - Processing file /home/airflow/.local/lib/python3.12/site-packages/airflow/example_dags/example_python_operator.py for tasks to queue
[2024-10-16T11:40:57.801+0000] {logging_mixin.py:190} INFO - [2024-10-16T11:40:57.801+0000] {dagbag.py:588} INFO - Filling up the DagBag from /home/airflow/.local/lib/python3.12/site-packages/airflow/example_dags/example_python_operator.py
[2024-10-16T11:40:57.820+0000] {processor.py:925} INFO - DAG(s) 'example_python_operator' retrieved from /home/airflow/.local/lib/python3.12/site-packages/airflow/example_dags/example_python_operator.py
[2024-10-16T11:40:57.844+0000] {logging_mixin.py:190} INFO - [2024-10-16T11:40:57.844+0000] {dag.py:3239} INFO - Sync 1 DAGs
[2024-10-16T11:40:57.862+0000] {logging_mixin.py:190} INFO - [2024-10-16T11:40:57.861+0000] {dag.py:4180} INFO - Setting next_dagrun for example_python_operator to None, run_after=None
[2024-10-16T11:40:57.883+0000] {processor.py:208} INFO - Processing /home/airflow/.local/lib/python3.12/site-packages/airflow/example_dags/example_python_operator.py took 0.095 seconds
[2024-10-16T11:41:28.190+0000] {processor.py:186} INFO - Started process (PID=127012) to work on /home/airflow/.local/lib/python3.12/site-packages/airflow/example_dags/example_python_operator.py
[2024-10-16T11:41:28.191+0000] {processor.py:914} INFO - Processing file /home/airflow/.local/lib/python3.12/site-packages/airflow/example_dags/example_python_operator.py for tasks to queue
[2024-10-16T11:41:28.193+0000] {logging_mixin.py:190} INFO - [2024-10-16T11:41:28.193+0000] {dagbag.py:588} INFO - Filling up the DagBag from /home/airflow/.local/lib/python3.12/site-packages/airflow/example_dags/example_python_operator.py
[2024-10-16T11:41:28.206+0000] {processor.py:925} INFO - DAG(s) 'example_python_operator' retrieved from /home/airflow/.local/lib/python3.12/site-packages/airflow/example_dags/example_python_operator.py
[2024-10-16T11:41:28.229+0000] {logging_mixin.py:190} INFO - [2024-10-16T11:41:28.229+0000] {dag.py:3239} INFO - Sync 1 DAGs
[2024-10-16T11:41:28.252+0000] {logging_mixin.py:190} INFO - [2024-10-16T11:41:28.251+0000] {dag.py:4180} INFO - Setting next_dagrun for example_python_operator to None, run_after=None
[2024-10-16T11:41:28.277+0000] {processor.py:208} INFO - Processing /home/airflow/.local/lib/python3.12/site-packages/airflow/example_dags/example_python_operator.py took 0.093 seconds
[2024-10-16T11:41:58.936+0000] {processor.py:186} INFO - Started process (PID=127075) to work on /home/airflow/.local/lib/python3.12/site-packages/airflow/example_dags/example_python_operator.py
[2024-10-16T11:41:58.937+0000] {processor.py:914} INFO - Processing file /home/airflow/.local/lib/python3.12/site-packages/airflow/example_dags/example_python_operator.py for tasks to queue
[2024-10-16T11:41:58.939+0000] {logging_mixin.py:190} INFO - [2024-10-16T11:41:58.939+0000] {dagbag.py:588} INFO - Filling up the DagBag from /home/airflow/.local/lib/python3.12/site-packages/airflow/example_dags/example_python_operator.py
[2024-10-16T11:41:58.953+0000] {processor.py:925} INFO - DAG(s) 'example_python_operator' retrieved from /home/airflow/.local/lib/python3.12/site-packages/airflow/example_dags/example_python_operator.py
[2024-10-16T11:41:58.979+0000] {logging_mixin.py:190} INFO - [2024-10-16T11:41:58.979+0000] {dag.py:3239} INFO - Sync 1 DAGs
[2024-10-16T11:41:58.999+0000] {logging_mixin.py:190} INFO - [2024-10-16T11:41:58.998+0000] {dag.py:4180} INFO - Setting next_dagrun for example_python_operator to None, run_after=None
[2024-10-16T11:41:59.022+0000] {processor.py:208} INFO - Processing /home/airflow/.local/lib/python3.12/site-packages/airflow/example_dags/example_python_operator.py took 0.093 seconds
[2024-10-16T11:42:29.256+0000] {processor.py:186} INFO - Started process (PID=127138) to work on /home/airflow/.local/lib/python3.12/site-packages/airflow/example_dags/example_python_operator.py
[2024-10-16T11:42:29.257+0000] {processor.py:914} INFO - Processing file /home/airflow/.local/lib/python3.12/site-packages/airflow/example_dags/example_python_operator.py for tasks to queue
[2024-10-16T11:42:29.259+0000] {logging_mixin.py:190} INFO - [2024-10-16T11:42:29.258+0000] {dagbag.py:588} INFO - Filling up the DagBag from /home/airflow/.local/lib/python3.12/site-packages/airflow/example_dags/example_python_operator.py
[2024-10-16T11:42:29.273+0000] {processor.py:925} INFO - DAG(s) 'example_python_operator' retrieved from /home/airflow/.local/lib/python3.12/site-packages/airflow/example_dags/example_python_operator.py
[2024-10-16T11:42:29.326+0000] {logging_mixin.py:190} INFO - [2024-10-16T11:42:29.325+0000] {dag.py:3239} INFO - Sync 1 DAGs
[2024-10-16T11:42:29.345+0000] {logging_mixin.py:190} INFO - [2024-10-16T11:42:29.345+0000] {dag.py:4180} INFO - Setting next_dagrun for example_python_operator to None, run_after=None
[2024-10-16T11:42:29.367+0000] {processor.py:208} INFO - Processing /home/airflow/.local/lib/python3.12/site-packages/airflow/example_dags/example_python_operator.py took 0.118 seconds
[2024-10-16T11:43:00.055+0000] {processor.py:186} INFO - Started process (PID=127201) to work on /home/airflow/.local/lib/python3.12/site-packages/airflow/example_dags/example_python_operator.py
[2024-10-16T11:43:00.056+0000] {processor.py:914} INFO - Processing file /home/airflow/.local/lib/python3.12/site-packages/airflow/example_dags/example_python_operator.py for tasks to queue
[2024-10-16T11:43:00.058+0000] {logging_mixin.py:190} INFO - [2024-10-16T11:43:00.058+0000] {dagbag.py:588} INFO - Filling up the DagBag from /home/airflow/.local/lib/python3.12/site-packages/airflow/example_dags/example_python_operator.py
[2024-10-16T11:43:00.071+0000] {processor.py:925} INFO - DAG(s) 'example_python_operator' retrieved from /home/airflow/.local/lib/python3.12/site-packages/airflow/example_dags/example_python_operator.py
[2024-10-16T11:43:00.094+0000] {logging_mixin.py:190} INFO - [2024-10-16T11:43:00.094+0000] {dag.py:3239} INFO - Sync 1 DAGs
[2024-10-16T11:43:00.112+0000] {logging_mixin.py:190} INFO - [2024-10-16T11:43:00.112+0000] {dag.py:4180} INFO - Setting next_dagrun for example_python_operator to None, run_after=None
[2024-10-16T11:43:00.134+0000] {processor.py:208} INFO - Processing /home/airflow/.local/lib/python3.12/site-packages/airflow/example_dags/example_python_operator.py took 0.086 seconds
[2024-10-16T11:43:30.195+0000] {processor.py:186} INFO - Started process (PID=127264) to work on /home/airflow/.local/lib/python3.12/site-packages/airflow/example_dags/example_python_operator.py
[2024-10-16T11:43:30.196+0000] {processor.py:914} INFO - Processing file /home/airflow/.local/lib/python3.12/site-packages/airflow/example_dags/example_python_operator.py for tasks to queue
[2024-10-16T11:43:30.198+0000] {logging_mixin.py:190} INFO - [2024-10-16T11:43:30.197+0000] {dagbag.py:588} INFO - Filling up the DagBag from /home/airflow/.local/lib/python3.12/site-packages/airflow/example_dags/example_python_operator.py
[2024-10-16T11:43:30.212+0000] {processor.py:925} INFO - DAG(s) 'example_python_operator' retrieved from /home/airflow/.local/lib/python3.12/site-packages/airflow/example_dags/example_python_operator.py
[2024-10-16T11:43:30.239+0000] {logging_mixin.py:190} INFO - [2024-10-16T11:43:30.239+0000] {dag.py:3239} INFO - Sync 1 DAGs
[2024-10-16T11:43:30.259+0000] {logging_mixin.py:190} INFO - [2024-10-16T11:43:30.258+0000] {dag.py:4180} INFO - Setting next_dagrun for example_python_operator to None, run_after=None
[2024-10-16T11:43:30.280+0000] {processor.py:208} INFO - Processing /home/airflow/.local/lib/python3.12/site-packages/airflow/example_dags/example_python_operator.py took 0.091 seconds
[2024-10-16T11:44:00.519+0000] {processor.py:186} INFO - Started process (PID=127327) to work on /home/airflow/.local/lib/python3.12/site-packages/airflow/example_dags/example_python_operator.py
[2024-10-16T11:44:00.520+0000] {processor.py:914} INFO - Processing file /home/airflow/.local/lib/python3.12/site-packages/airflow/example_dags/example_python_operator.py for tasks to queue
[2024-10-16T11:44:00.522+0000] {logging_mixin.py:190} INFO - [2024-10-16T11:44:00.522+0000] {dagbag.py:588} INFO - Filling up the DagBag from /home/airflow/.local/lib/python3.12/site-packages/airflow/example_dags/example_python_operator.py
[2024-10-16T11:44:00.539+0000] {processor.py:925} INFO - DAG(s) 'example_python_operator' retrieved from /home/airflow/.local/lib/python3.12/site-packages/airflow/example_dags/example_python_operator.py
[2024-10-16T11:44:00.566+0000] {logging_mixin.py:190} INFO - [2024-10-16T11:44:00.566+0000] {dag.py:3239} INFO - Sync 1 DAGs
[2024-10-16T11:44:00.586+0000] {logging_mixin.py:190} INFO - [2024-10-16T11:44:00.586+0000] {dag.py:4180} INFO - Setting next_dagrun for example_python_operator to None, run_after=None
[2024-10-16T11:44:00.609+0000] {processor.py:208} INFO - Processing /home/airflow/.local/lib/python3.12/site-packages/airflow/example_dags/example_python_operator.py took 0.099 seconds
[2024-10-16T11:44:31.240+0000] {processor.py:186} INFO - Started process (PID=127391) to work on /home/airflow/.local/lib/python3.12/site-packages/airflow/example_dags/example_python_operator.py
[2024-10-16T11:44:31.241+0000] {processor.py:914} INFO - Processing file /home/airflow/.local/lib/python3.12/site-packages/airflow/example_dags/example_python_operator.py for tasks to queue
[2024-10-16T11:44:31.243+0000] {logging_mixin.py:190} INFO - [2024-10-16T11:44:31.242+0000] {dagbag.py:588} INFO - Filling up the DagBag from /home/airflow/.local/lib/python3.12/site-packages/airflow/example_dags/example_python_operator.py
[2024-10-16T11:44:31.257+0000] {processor.py:925} INFO - DAG(s) 'example_python_operator' retrieved from /home/airflow/.local/lib/python3.12/site-packages/airflow/example_dags/example_python_operator.py
[2024-10-16T11:44:31.280+0000] {logging_mixin.py:190} INFO - [2024-10-16T11:44:31.280+0000] {dag.py:3239} INFO - Sync 1 DAGs
[2024-10-16T11:44:31.296+0000] {logging_mixin.py:190} INFO - [2024-10-16T11:44:31.295+0000] {dag.py:4180} INFO - Setting next_dagrun for example_python_operator to None, run_after=None
[2024-10-16T11:44:31.314+0000] {processor.py:208} INFO - Processing /home/airflow/.local/lib/python3.12/site-packages/airflow/example_dags/example_python_operator.py took 0.081 seconds
[2024-10-16T11:45:01.578+0000] {processor.py:186} INFO - Started process (PID=127454) to work on /home/airflow/.local/lib/python3.12/site-packages/airflow/example_dags/example_python_operator.py
[2024-10-16T11:45:01.579+0000] {processor.py:914} INFO - Processing file /home/airflow/.local/lib/python3.12/site-packages/airflow/example_dags/example_python_operator.py for tasks to queue
[2024-10-16T11:45:01.580+0000] {logging_mixin.py:190} INFO - [2024-10-16T11:45:01.580+0000] {dagbag.py:588} INFO - Filling up the DagBag from /home/airflow/.local/lib/python3.12/site-packages/airflow/example_dags/example_python_operator.py
[2024-10-16T11:45:01.594+0000] {processor.py:925} INFO - DAG(s) 'example_python_operator' retrieved from /home/airflow/.local/lib/python3.12/site-packages/airflow/example_dags/example_python_operator.py
[2024-10-16T11:45:01.619+0000] {logging_mixin.py:190} INFO - [2024-10-16T11:45:01.619+0000] {dag.py:3239} INFO - Sync 1 DAGs
[2024-10-16T11:45:01.639+0000] {logging_mixin.py:190} INFO - [2024-10-16T11:45:01.638+0000] {dag.py:4180} INFO - Setting next_dagrun for example_python_operator to None, run_after=None
[2024-10-16T11:45:01.660+0000] {processor.py:208} INFO - Processing /home/airflow/.local/lib/python3.12/site-packages/airflow/example_dags/example_python_operator.py took 0.089 seconds
[2024-10-16T11:45:31.888+0000] {processor.py:186} INFO - Started process (PID=127517) to work on /home/airflow/.local/lib/python3.12/site-packages/airflow/example_dags/example_python_operator.py
[2024-10-16T11:45:31.890+0000] {processor.py:914} INFO - Processing file /home/airflow/.local/lib/python3.12/site-packages/airflow/example_dags/example_python_operator.py for tasks to queue
[2024-10-16T11:45:31.891+0000] {logging_mixin.py:190} INFO - [2024-10-16T11:45:31.891+0000] {dagbag.py:588} INFO - Filling up the DagBag from /home/airflow/.local/lib/python3.12/site-packages/airflow/example_dags/example_python_operator.py
[2024-10-16T11:45:31.905+0000] {processor.py:925} INFO - DAG(s) 'example_python_operator' retrieved from /home/airflow/.local/lib/python3.12/site-packages/airflow/example_dags/example_python_operator.py
[2024-10-16T11:45:31.930+0000] {logging_mixin.py:190} INFO - [2024-10-16T11:45:31.930+0000] {dag.py:3239} INFO - Sync 1 DAGs
[2024-10-16T11:45:31.948+0000] {logging_mixin.py:190} INFO - [2024-10-16T11:45:31.947+0000] {dag.py:4180} INFO - Setting next_dagrun for example_python_operator to None, run_after=None
[2024-10-16T11:45:31.969+0000] {processor.py:208} INFO - Processing /home/airflow/.local/lib/python3.12/site-packages/airflow/example_dags/example_python_operator.py took 0.087 seconds
