[2024-10-16T11:29:56.075+0000] {processor.py:186} INFO - Started process (PID=125581) to work on /home/airflow/.local/lib/python3.12/site-packages/airflow/example_dags/example_task_group_decorator.py
[2024-10-16T11:29:56.077+0000] {processor.py:914} INFO - Processing file /home/airflow/.local/lib/python3.12/site-packages/airflow/example_dags/example_task_group_decorator.py for tasks to queue
[2024-10-16T11:29:56.097+0000] {logging_mixin.py:190} INFO - [2024-10-16T11:29:56.097+0000] {dagbag.py:588} INFO - Filling up the DagBag from /home/airflow/.local/lib/python3.12/site-packages/airflow/example_dags/example_task_group_decorator.py
[2024-10-16T11:29:56.231+0000] {processor.py:925} INFO - DAG(s) 'example_task_group_decorator' retrieved from /home/airflow/.local/lib/python3.12/site-packages/airflow/example_dags/example_task_group_decorator.py
[2024-10-16T11:29:56.359+0000] {logging_mixin.py:190} INFO - [2024-10-16T11:29:56.358+0000] {dag.py:3239} INFO - Sync 1 DAGs
[2024-10-16T11:29:56.413+0000] {logging_mixin.py:190} INFO - [2024-10-16T11:29:56.413+0000] {dag.py:4180} INFO - Setting next_dagrun for example_task_group_decorator to None, run_after=None
[2024-10-16T11:29:56.545+0000] {processor.py:208} INFO - Processing /home/airflow/.local/lib/python3.12/site-packages/airflow/example_dags/example_task_group_decorator.py took 0.486 seconds
[2024-10-16T11:30:27.255+0000] {processor.py:186} INFO - Started process (PID=125645) to work on /home/airflow/.local/lib/python3.12/site-packages/airflow/example_dags/example_task_group_decorator.py
[2024-10-16T11:30:27.267+0000] {processor.py:914} INFO - Processing file /home/airflow/.local/lib/python3.12/site-packages/airflow/example_dags/example_task_group_decorator.py for tasks to queue
[2024-10-16T11:30:27.285+0000] {logging_mixin.py:190} INFO - [2024-10-16T11:30:27.281+0000] {dagbag.py:588} INFO - Filling up the DagBag from /home/airflow/.local/lib/python3.12/site-packages/airflow/example_dags/example_task_group_decorator.py
[2024-10-16T11:30:27.381+0000] {processor.py:925} INFO - DAG(s) 'example_task_group_decorator' retrieved from /home/airflow/.local/lib/python3.12/site-packages/airflow/example_dags/example_task_group_decorator.py
[2024-10-16T11:30:27.441+0000] {logging_mixin.py:190} INFO - [2024-10-16T11:30:27.440+0000] {dag.py:3239} INFO - Sync 1 DAGs
[2024-10-16T11:30:27.473+0000] {logging_mixin.py:190} INFO - [2024-10-16T11:30:27.472+0000] {dag.py:4180} INFO - Setting next_dagrun for example_task_group_decorator to None, run_after=None
[2024-10-16T11:30:27.516+0000] {processor.py:208} INFO - Processing /home/airflow/.local/lib/python3.12/site-packages/airflow/example_dags/example_task_group_decorator.py took 0.349 seconds
[2024-10-16T11:30:57.787+0000] {processor.py:186} INFO - Started process (PID=125708) to work on /home/airflow/.local/lib/python3.12/site-packages/airflow/example_dags/example_task_group_decorator.py
[2024-10-16T11:30:57.788+0000] {processor.py:914} INFO - Processing file /home/airflow/.local/lib/python3.12/site-packages/airflow/example_dags/example_task_group_decorator.py for tasks to queue
[2024-10-16T11:30:57.792+0000] {logging_mixin.py:190} INFO - [2024-10-16T11:30:57.790+0000] {dagbag.py:588} INFO - Filling up the DagBag from /home/airflow/.local/lib/python3.12/site-packages/airflow/example_dags/example_task_group_decorator.py
[2024-10-16T11:30:57.817+0000] {processor.py:925} INFO - DAG(s) 'example_task_group_decorator' retrieved from /home/airflow/.local/lib/python3.12/site-packages/airflow/example_dags/example_task_group_decorator.py
[2024-10-16T11:30:57.852+0000] {logging_mixin.py:190} INFO - [2024-10-16T11:30:57.852+0000] {dag.py:3239} INFO - Sync 1 DAGs
[2024-10-16T11:30:57.872+0000] {logging_mixin.py:190} INFO - [2024-10-16T11:30:57.872+0000] {dag.py:4180} INFO - Setting next_dagrun for example_task_group_decorator to None, run_after=None
[2024-10-16T11:30:57.899+0000] {processor.py:208} INFO - Processing /home/airflow/.local/lib/python3.12/site-packages/airflow/example_dags/example_task_group_decorator.py took 0.120 seconds
[2024-10-16T11:31:28.609+0000] {processor.py:186} INFO - Started process (PID=125771) to work on /home/airflow/.local/lib/python3.12/site-packages/airflow/example_dags/example_task_group_decorator.py
[2024-10-16T11:31:28.610+0000] {processor.py:914} INFO - Processing file /home/airflow/.local/lib/python3.12/site-packages/airflow/example_dags/example_task_group_decorator.py for tasks to queue
[2024-10-16T11:31:28.611+0000] {logging_mixin.py:190} INFO - [2024-10-16T11:31:28.611+0000] {dagbag.py:588} INFO - Filling up the DagBag from /home/airflow/.local/lib/python3.12/site-packages/airflow/example_dags/example_task_group_decorator.py
[2024-10-16T11:31:28.624+0000] {processor.py:925} INFO - DAG(s) 'example_task_group_decorator' retrieved from /home/airflow/.local/lib/python3.12/site-packages/airflow/example_dags/example_task_group_decorator.py
[2024-10-16T11:31:28.646+0000] {logging_mixin.py:190} INFO - [2024-10-16T11:31:28.646+0000] {dag.py:3239} INFO - Sync 1 DAGs
[2024-10-16T11:31:28.659+0000] {logging_mixin.py:190} INFO - [2024-10-16T11:31:28.659+0000] {dag.py:4180} INFO - Setting next_dagrun for example_task_group_decorator to None, run_after=None
[2024-10-16T11:31:28.688+0000] {processor.py:208} INFO - Processing /home/airflow/.local/lib/python3.12/site-packages/airflow/example_dags/example_task_group_decorator.py took 0.083 seconds
[2024-10-16T11:31:59.044+0000] {processor.py:186} INFO - Started process (PID=125834) to work on /home/airflow/.local/lib/python3.12/site-packages/airflow/example_dags/example_task_group_decorator.py
[2024-10-16T11:31:59.056+0000] {processor.py:914} INFO - Processing file /home/airflow/.local/lib/python3.12/site-packages/airflow/example_dags/example_task_group_decorator.py for tasks to queue
[2024-10-16T11:31:59.058+0000] {logging_mixin.py:190} INFO - [2024-10-16T11:31:59.058+0000] {dagbag.py:588} INFO - Filling up the DagBag from /home/airflow/.local/lib/python3.12/site-packages/airflow/example_dags/example_task_group_decorator.py
[2024-10-16T11:31:59.153+0000] {processor.py:925} INFO - DAG(s) 'example_task_group_decorator' retrieved from /home/airflow/.local/lib/python3.12/site-packages/airflow/example_dags/example_task_group_decorator.py
[2024-10-16T11:31:59.292+0000] {logging_mixin.py:190} INFO - [2024-10-16T11:31:59.291+0000] {dag.py:3239} INFO - Sync 1 DAGs
[2024-10-16T11:31:59.371+0000] {logging_mixin.py:190} INFO - [2024-10-16T11:31:59.371+0000] {dag.py:4180} INFO - Setting next_dagrun for example_task_group_decorator to None, run_after=None
[2024-10-16T11:31:59.494+0000] {processor.py:208} INFO - Processing /home/airflow/.local/lib/python3.12/site-packages/airflow/example_dags/example_task_group_decorator.py took 0.465 seconds
[2024-10-16T11:32:29.577+0000] {processor.py:186} INFO - Started process (PID=125896) to work on /home/airflow/.local/lib/python3.12/site-packages/airflow/example_dags/example_task_group_decorator.py
[2024-10-16T11:32:29.578+0000] {processor.py:914} INFO - Processing file /home/airflow/.local/lib/python3.12/site-packages/airflow/example_dags/example_task_group_decorator.py for tasks to queue
[2024-10-16T11:32:29.579+0000] {logging_mixin.py:190} INFO - [2024-10-16T11:32:29.579+0000] {dagbag.py:588} INFO - Filling up the DagBag from /home/airflow/.local/lib/python3.12/site-packages/airflow/example_dags/example_task_group_decorator.py
[2024-10-16T11:32:29.595+0000] {processor.py:925} INFO - DAG(s) 'example_task_group_decorator' retrieved from /home/airflow/.local/lib/python3.12/site-packages/airflow/example_dags/example_task_group_decorator.py
[2024-10-16T11:32:29.623+0000] {logging_mixin.py:190} INFO - [2024-10-16T11:32:29.623+0000] {dag.py:3239} INFO - Sync 1 DAGs
[2024-10-16T11:32:29.639+0000] {logging_mixin.py:190} INFO - [2024-10-16T11:32:29.639+0000] {dag.py:4180} INFO - Setting next_dagrun for example_task_group_decorator to None, run_after=None
[2024-10-16T11:32:29.665+0000] {processor.py:208} INFO - Processing /home/airflow/.local/lib/python3.12/site-packages/airflow/example_dags/example_task_group_decorator.py took 0.094 seconds
[2024-10-16T11:33:00.051+0000] {processor.py:186} INFO - Started process (PID=125960) to work on /home/airflow/.local/lib/python3.12/site-packages/airflow/example_dags/example_task_group_decorator.py
[2024-10-16T11:33:00.052+0000] {processor.py:914} INFO - Processing file /home/airflow/.local/lib/python3.12/site-packages/airflow/example_dags/example_task_group_decorator.py for tasks to queue
[2024-10-16T11:33:00.054+0000] {logging_mixin.py:190} INFO - [2024-10-16T11:33:00.053+0000] {dagbag.py:588} INFO - Filling up the DagBag from /home/airflow/.local/lib/python3.12/site-packages/airflow/example_dags/example_task_group_decorator.py
[2024-10-16T11:33:00.070+0000] {processor.py:925} INFO - DAG(s) 'example_task_group_decorator' retrieved from /home/airflow/.local/lib/python3.12/site-packages/airflow/example_dags/example_task_group_decorator.py
[2024-10-16T11:33:00.097+0000] {logging_mixin.py:190} INFO - [2024-10-16T11:33:00.096+0000] {dag.py:3239} INFO - Sync 1 DAGs
[2024-10-16T11:33:00.111+0000] {logging_mixin.py:190} INFO - [2024-10-16T11:33:00.111+0000] {dag.py:4180} INFO - Setting next_dagrun for example_task_group_decorator to None, run_after=None
[2024-10-16T11:33:00.130+0000] {processor.py:208} INFO - Processing /home/airflow/.local/lib/python3.12/site-packages/airflow/example_dags/example_task_group_decorator.py took 0.085 seconds
[2024-10-16T11:33:30.376+0000] {processor.py:186} INFO - Started process (PID=126023) to work on /home/airflow/.local/lib/python3.12/site-packages/airflow/example_dags/example_task_group_decorator.py
[2024-10-16T11:33:30.377+0000] {processor.py:914} INFO - Processing file /home/airflow/.local/lib/python3.12/site-packages/airflow/example_dags/example_task_group_decorator.py for tasks to queue
[2024-10-16T11:33:30.378+0000] {logging_mixin.py:190} INFO - [2024-10-16T11:33:30.378+0000] {dagbag.py:588} INFO - Filling up the DagBag from /home/airflow/.local/lib/python3.12/site-packages/airflow/example_dags/example_task_group_decorator.py
[2024-10-16T11:33:30.392+0000] {processor.py:925} INFO - DAG(s) 'example_task_group_decorator' retrieved from /home/airflow/.local/lib/python3.12/site-packages/airflow/example_dags/example_task_group_decorator.py
[2024-10-16T11:33:30.417+0000] {logging_mixin.py:190} INFO - [2024-10-16T11:33:30.417+0000] {dag.py:3239} INFO - Sync 1 DAGs
[2024-10-16T11:33:30.438+0000] {logging_mixin.py:190} INFO - [2024-10-16T11:33:30.438+0000] {dag.py:4180} INFO - Setting next_dagrun for example_task_group_decorator to None, run_after=None
[2024-10-16T11:33:30.459+0000] {processor.py:208} INFO - Processing /home/airflow/.local/lib/python3.12/site-packages/airflow/example_dags/example_task_group_decorator.py took 0.090 seconds
[2024-10-16T11:34:00.667+0000] {processor.py:186} INFO - Started process (PID=126086) to work on /home/airflow/.local/lib/python3.12/site-packages/airflow/example_dags/example_task_group_decorator.py
[2024-10-16T11:34:00.668+0000] {processor.py:914} INFO - Processing file /home/airflow/.local/lib/python3.12/site-packages/airflow/example_dags/example_task_group_decorator.py for tasks to queue
[2024-10-16T11:34:00.669+0000] {logging_mixin.py:190} INFO - [2024-10-16T11:34:00.669+0000] {dagbag.py:588} INFO - Filling up the DagBag from /home/airflow/.local/lib/python3.12/site-packages/airflow/example_dags/example_task_group_decorator.py
[2024-10-16T11:34:00.684+0000] {processor.py:925} INFO - DAG(s) 'example_task_group_decorator' retrieved from /home/airflow/.local/lib/python3.12/site-packages/airflow/example_dags/example_task_group_decorator.py
[2024-10-16T11:34:00.711+0000] {logging_mixin.py:190} INFO - [2024-10-16T11:34:00.711+0000] {dag.py:3239} INFO - Sync 1 DAGs
[2024-10-16T11:34:00.727+0000] {logging_mixin.py:190} INFO - [2024-10-16T11:34:00.727+0000] {dag.py:4180} INFO - Setting next_dagrun for example_task_group_decorator to None, run_after=None
[2024-10-16T11:34:00.748+0000] {processor.py:208} INFO - Processing /home/airflow/.local/lib/python3.12/site-packages/airflow/example_dags/example_task_group_decorator.py took 0.087 seconds
[2024-10-16T11:34:31.012+0000] {processor.py:186} INFO - Started process (PID=126150) to work on /home/airflow/.local/lib/python3.12/site-packages/airflow/example_dags/example_task_group_decorator.py
[2024-10-16T11:34:31.013+0000] {processor.py:914} INFO - Processing file /home/airflow/.local/lib/python3.12/site-packages/airflow/example_dags/example_task_group_decorator.py for tasks to queue
[2024-10-16T11:34:31.015+0000] {logging_mixin.py:190} INFO - [2024-10-16T11:34:31.014+0000] {dagbag.py:588} INFO - Filling up the DagBag from /home/airflow/.local/lib/python3.12/site-packages/airflow/example_dags/example_task_group_decorator.py
[2024-10-16T11:34:31.030+0000] {processor.py:925} INFO - DAG(s) 'example_task_group_decorator' retrieved from /home/airflow/.local/lib/python3.12/site-packages/airflow/example_dags/example_task_group_decorator.py
[2024-10-16T11:34:31.063+0000] {logging_mixin.py:190} INFO - [2024-10-16T11:34:31.062+0000] {dag.py:3239} INFO - Sync 1 DAGs
[2024-10-16T11:34:31.080+0000] {logging_mixin.py:190} INFO - [2024-10-16T11:34:31.080+0000] {dag.py:4180} INFO - Setting next_dagrun for example_task_group_decorator to None, run_after=None
[2024-10-16T11:34:31.104+0000] {processor.py:208} INFO - Processing /home/airflow/.local/lib/python3.12/site-packages/airflow/example_dags/example_task_group_decorator.py took 0.098 seconds
[2024-10-16T11:35:01.234+0000] {processor.py:186} INFO - Started process (PID=126213) to work on /home/airflow/.local/lib/python3.12/site-packages/airflow/example_dags/example_task_group_decorator.py
[2024-10-16T11:35:01.235+0000] {processor.py:914} INFO - Processing file /home/airflow/.local/lib/python3.12/site-packages/airflow/example_dags/example_task_group_decorator.py for tasks to queue
[2024-10-16T11:35:01.236+0000] {logging_mixin.py:190} INFO - [2024-10-16T11:35:01.236+0000] {dagbag.py:588} INFO - Filling up the DagBag from /home/airflow/.local/lib/python3.12/site-packages/airflow/example_dags/example_task_group_decorator.py
[2024-10-16T11:35:01.250+0000] {processor.py:925} INFO - DAG(s) 'example_task_group_decorator' retrieved from /home/airflow/.local/lib/python3.12/site-packages/airflow/example_dags/example_task_group_decorator.py
[2024-10-16T11:35:01.274+0000] {logging_mixin.py:190} INFO - [2024-10-16T11:35:01.274+0000] {dag.py:3239} INFO - Sync 1 DAGs
[2024-10-16T11:35:01.288+0000] {logging_mixin.py:190} INFO - [2024-10-16T11:35:01.287+0000] {dag.py:4180} INFO - Setting next_dagrun for example_task_group_decorator to None, run_after=None
[2024-10-16T11:35:01.310+0000] {processor.py:208} INFO - Processing /home/airflow/.local/lib/python3.12/site-packages/airflow/example_dags/example_task_group_decorator.py took 0.081 seconds
[2024-10-16T11:35:31.837+0000] {processor.py:186} INFO - Started process (PID=126276) to work on /home/airflow/.local/lib/python3.12/site-packages/airflow/example_dags/example_task_group_decorator.py
[2024-10-16T11:35:31.838+0000] {processor.py:914} INFO - Processing file /home/airflow/.local/lib/python3.12/site-packages/airflow/example_dags/example_task_group_decorator.py for tasks to queue
[2024-10-16T11:35:31.840+0000] {logging_mixin.py:190} INFO - [2024-10-16T11:35:31.840+0000] {dagbag.py:588} INFO - Filling up the DagBag from /home/airflow/.local/lib/python3.12/site-packages/airflow/example_dags/example_task_group_decorator.py
[2024-10-16T11:35:31.854+0000] {processor.py:925} INFO - DAG(s) 'example_task_group_decorator' retrieved from /home/airflow/.local/lib/python3.12/site-packages/airflow/example_dags/example_task_group_decorator.py
[2024-10-16T11:35:31.877+0000] {logging_mixin.py:190} INFO - [2024-10-16T11:35:31.877+0000] {dag.py:3239} INFO - Sync 1 DAGs
[2024-10-16T11:35:31.892+0000] {logging_mixin.py:190} INFO - [2024-10-16T11:35:31.891+0000] {dag.py:4180} INFO - Setting next_dagrun for example_task_group_decorator to None, run_after=None
[2024-10-16T11:35:31.909+0000] {processor.py:208} INFO - Processing /home/airflow/.local/lib/python3.12/site-packages/airflow/example_dags/example_task_group_decorator.py took 0.077 seconds
[2024-10-16T11:36:02.456+0000] {processor.py:186} INFO - Started process (PID=126339) to work on /home/airflow/.local/lib/python3.12/site-packages/airflow/example_dags/example_task_group_decorator.py
[2024-10-16T11:36:02.457+0000] {processor.py:914} INFO - Processing file /home/airflow/.local/lib/python3.12/site-packages/airflow/example_dags/example_task_group_decorator.py for tasks to queue
[2024-10-16T11:36:02.459+0000] {logging_mixin.py:190} INFO - [2024-10-16T11:36:02.458+0000] {dagbag.py:588} INFO - Filling up the DagBag from /home/airflow/.local/lib/python3.12/site-packages/airflow/example_dags/example_task_group_decorator.py
[2024-10-16T11:36:02.473+0000] {processor.py:925} INFO - DAG(s) 'example_task_group_decorator' retrieved from /home/airflow/.local/lib/python3.12/site-packages/airflow/example_dags/example_task_group_decorator.py
[2024-10-16T11:36:02.501+0000] {logging_mixin.py:190} INFO - [2024-10-16T11:36:02.501+0000] {dag.py:3239} INFO - Sync 1 DAGs
[2024-10-16T11:36:02.516+0000] {logging_mixin.py:190} INFO - [2024-10-16T11:36:02.516+0000] {dag.py:4180} INFO - Setting next_dagrun for example_task_group_decorator to None, run_after=None
[2024-10-16T11:36:02.532+0000] {processor.py:208} INFO - Processing /home/airflow/.local/lib/python3.12/site-packages/airflow/example_dags/example_task_group_decorator.py took 0.081 seconds
[2024-10-16T11:36:33.086+0000] {processor.py:186} INFO - Started process (PID=126403) to work on /home/airflow/.local/lib/python3.12/site-packages/airflow/example_dags/example_task_group_decorator.py
[2024-10-16T11:36:33.086+0000] {processor.py:914} INFO - Processing file /home/airflow/.local/lib/python3.12/site-packages/airflow/example_dags/example_task_group_decorator.py for tasks to queue
[2024-10-16T11:36:33.088+0000] {logging_mixin.py:190} INFO - [2024-10-16T11:36:33.088+0000] {dagbag.py:588} INFO - Filling up the DagBag from /home/airflow/.local/lib/python3.12/site-packages/airflow/example_dags/example_task_group_decorator.py
[2024-10-16T11:36:33.103+0000] {processor.py:925} INFO - DAG(s) 'example_task_group_decorator' retrieved from /home/airflow/.local/lib/python3.12/site-packages/airflow/example_dags/example_task_group_decorator.py
[2024-10-16T11:36:33.125+0000] {logging_mixin.py:190} INFO - [2024-10-16T11:36:33.125+0000] {dag.py:3239} INFO - Sync 1 DAGs
[2024-10-16T11:36:33.139+0000] {logging_mixin.py:190} INFO - [2024-10-16T11:36:33.139+0000] {dag.py:4180} INFO - Setting next_dagrun for example_task_group_decorator to None, run_after=None
[2024-10-16T11:36:33.158+0000] {processor.py:208} INFO - Processing /home/airflow/.local/lib/python3.12/site-packages/airflow/example_dags/example_task_group_decorator.py took 0.078 seconds
[2024-10-16T11:37:03.455+0000] {processor.py:186} INFO - Started process (PID=126466) to work on /home/airflow/.local/lib/python3.12/site-packages/airflow/example_dags/example_task_group_decorator.py
[2024-10-16T11:37:03.456+0000] {processor.py:914} INFO - Processing file /home/airflow/.local/lib/python3.12/site-packages/airflow/example_dags/example_task_group_decorator.py for tasks to queue
[2024-10-16T11:37:03.457+0000] {logging_mixin.py:190} INFO - [2024-10-16T11:37:03.457+0000] {dagbag.py:588} INFO - Filling up the DagBag from /home/airflow/.local/lib/python3.12/site-packages/airflow/example_dags/example_task_group_decorator.py
[2024-10-16T11:37:03.472+0000] {processor.py:925} INFO - DAG(s) 'example_task_group_decorator' retrieved from /home/airflow/.local/lib/python3.12/site-packages/airflow/example_dags/example_task_group_decorator.py
[2024-10-16T11:37:03.496+0000] {logging_mixin.py:190} INFO - [2024-10-16T11:37:03.496+0000] {dag.py:3239} INFO - Sync 1 DAGs
[2024-10-16T11:37:03.513+0000] {logging_mixin.py:190} INFO - [2024-10-16T11:37:03.513+0000] {dag.py:4180} INFO - Setting next_dagrun for example_task_group_decorator to None, run_after=None
[2024-10-16T11:37:03.532+0000] {processor.py:208} INFO - Processing /home/airflow/.local/lib/python3.12/site-packages/airflow/example_dags/example_task_group_decorator.py took 0.083 seconds
[2024-10-16T11:37:33.979+0000] {processor.py:186} INFO - Started process (PID=126529) to work on /home/airflow/.local/lib/python3.12/site-packages/airflow/example_dags/example_task_group_decorator.py
[2024-10-16T11:37:33.980+0000] {processor.py:914} INFO - Processing file /home/airflow/.local/lib/python3.12/site-packages/airflow/example_dags/example_task_group_decorator.py for tasks to queue
[2024-10-16T11:37:33.982+0000] {logging_mixin.py:190} INFO - [2024-10-16T11:37:33.981+0000] {dagbag.py:588} INFO - Filling up the DagBag from /home/airflow/.local/lib/python3.12/site-packages/airflow/example_dags/example_task_group_decorator.py
[2024-10-16T11:37:33.998+0000] {processor.py:925} INFO - DAG(s) 'example_task_group_decorator' retrieved from /home/airflow/.local/lib/python3.12/site-packages/airflow/example_dags/example_task_group_decorator.py
[2024-10-16T11:37:34.028+0000] {logging_mixin.py:190} INFO - [2024-10-16T11:37:34.027+0000] {dag.py:3239} INFO - Sync 1 DAGs
[2024-10-16T11:37:34.043+0000] {logging_mixin.py:190} INFO - [2024-10-16T11:37:34.043+0000] {dag.py:4180} INFO - Setting next_dagrun for example_task_group_decorator to None, run_after=None
[2024-10-16T11:37:34.063+0000] {processor.py:208} INFO - Processing /home/airflow/.local/lib/python3.12/site-packages/airflow/example_dags/example_task_group_decorator.py took 0.091 seconds
[2024-10-16T11:38:04.137+0000] {processor.py:186} INFO - Started process (PID=126592) to work on /home/airflow/.local/lib/python3.12/site-packages/airflow/example_dags/example_task_group_decorator.py
[2024-10-16T11:38:04.138+0000] {processor.py:914} INFO - Processing file /home/airflow/.local/lib/python3.12/site-packages/airflow/example_dags/example_task_group_decorator.py for tasks to queue
[2024-10-16T11:38:04.139+0000] {logging_mixin.py:190} INFO - [2024-10-16T11:38:04.139+0000] {dagbag.py:588} INFO - Filling up the DagBag from /home/airflow/.local/lib/python3.12/site-packages/airflow/example_dags/example_task_group_decorator.py
[2024-10-16T11:38:04.159+0000] {processor.py:925} INFO - DAG(s) 'example_task_group_decorator' retrieved from /home/airflow/.local/lib/python3.12/site-packages/airflow/example_dags/example_task_group_decorator.py
[2024-10-16T11:38:04.186+0000] {logging_mixin.py:190} INFO - [2024-10-16T11:38:04.186+0000] {dag.py:3239} INFO - Sync 1 DAGs
[2024-10-16T11:38:04.203+0000] {logging_mixin.py:190} INFO - [2024-10-16T11:38:04.203+0000] {dag.py:4180} INFO - Setting next_dagrun for example_task_group_decorator to None, run_after=None
[2024-10-16T11:38:04.223+0000] {processor.py:208} INFO - Processing /home/airflow/.local/lib/python3.12/site-packages/airflow/example_dags/example_task_group_decorator.py took 0.093 seconds
[2024-10-16T11:38:34.839+0000] {processor.py:186} INFO - Started process (PID=126656) to work on /home/airflow/.local/lib/python3.12/site-packages/airflow/example_dags/example_task_group_decorator.py
[2024-10-16T11:38:34.841+0000] {processor.py:914} INFO - Processing file /home/airflow/.local/lib/python3.12/site-packages/airflow/example_dags/example_task_group_decorator.py for tasks to queue
[2024-10-16T11:38:34.842+0000] {logging_mixin.py:190} INFO - [2024-10-16T11:38:34.842+0000] {dagbag.py:588} INFO - Filling up the DagBag from /home/airflow/.local/lib/python3.12/site-packages/airflow/example_dags/example_task_group_decorator.py
[2024-10-16T11:38:34.861+0000] {processor.py:925} INFO - DAG(s) 'example_task_group_decorator' retrieved from /home/airflow/.local/lib/python3.12/site-packages/airflow/example_dags/example_task_group_decorator.py
[2024-10-16T11:38:34.894+0000] {logging_mixin.py:190} INFO - [2024-10-16T11:38:34.894+0000] {dag.py:3239} INFO - Sync 1 DAGs
[2024-10-16T11:38:34.910+0000] {logging_mixin.py:190} INFO - [2024-10-16T11:38:34.910+0000] {dag.py:4180} INFO - Setting next_dagrun for example_task_group_decorator to None, run_after=None
[2024-10-16T11:38:34.930+0000] {processor.py:208} INFO - Processing /home/airflow/.local/lib/python3.12/site-packages/airflow/example_dags/example_task_group_decorator.py took 0.097 seconds
[2024-10-16T11:39:05.771+0000] {processor.py:186} INFO - Started process (PID=126718) to work on /home/airflow/.local/lib/python3.12/site-packages/airflow/example_dags/example_task_group_decorator.py
[2024-10-16T11:39:05.773+0000] {processor.py:914} INFO - Processing file /home/airflow/.local/lib/python3.12/site-packages/airflow/example_dags/example_task_group_decorator.py for tasks to queue
[2024-10-16T11:39:05.774+0000] {logging_mixin.py:190} INFO - [2024-10-16T11:39:05.774+0000] {dagbag.py:588} INFO - Filling up the DagBag from /home/airflow/.local/lib/python3.12/site-packages/airflow/example_dags/example_task_group_decorator.py
[2024-10-16T11:39:05.791+0000] {processor.py:925} INFO - DAG(s) 'example_task_group_decorator' retrieved from /home/airflow/.local/lib/python3.12/site-packages/airflow/example_dags/example_task_group_decorator.py
[2024-10-16T11:39:05.820+0000] {logging_mixin.py:190} INFO - [2024-10-16T11:39:05.820+0000] {dag.py:3239} INFO - Sync 1 DAGs
[2024-10-16T11:39:05.837+0000] {logging_mixin.py:190} INFO - [2024-10-16T11:39:05.836+0000] {dag.py:4180} INFO - Setting next_dagrun for example_task_group_decorator to None, run_after=None
[2024-10-16T11:39:05.857+0000] {processor.py:208} INFO - Processing /home/airflow/.local/lib/python3.12/site-packages/airflow/example_dags/example_task_group_decorator.py took 0.093 seconds
[2024-10-16T11:39:36.617+0000] {processor.py:186} INFO - Started process (PID=126781) to work on /home/airflow/.local/lib/python3.12/site-packages/airflow/example_dags/example_task_group_decorator.py
[2024-10-16T11:39:36.619+0000] {processor.py:914} INFO - Processing file /home/airflow/.local/lib/python3.12/site-packages/airflow/example_dags/example_task_group_decorator.py for tasks to queue
[2024-10-16T11:39:36.620+0000] {logging_mixin.py:190} INFO - [2024-10-16T11:39:36.620+0000] {dagbag.py:588} INFO - Filling up the DagBag from /home/airflow/.local/lib/python3.12/site-packages/airflow/example_dags/example_task_group_decorator.py
[2024-10-16T11:39:36.643+0000] {processor.py:925} INFO - DAG(s) 'example_task_group_decorator' retrieved from /home/airflow/.local/lib/python3.12/site-packages/airflow/example_dags/example_task_group_decorator.py
[2024-10-16T11:39:36.677+0000] {logging_mixin.py:190} INFO - [2024-10-16T11:39:36.677+0000] {dag.py:3239} INFO - Sync 1 DAGs
[2024-10-16T11:39:36.698+0000] {logging_mixin.py:190} INFO - [2024-10-16T11:39:36.697+0000] {dag.py:4180} INFO - Setting next_dagrun for example_task_group_decorator to None, run_after=None
[2024-10-16T11:39:36.723+0000] {processor.py:208} INFO - Processing /home/airflow/.local/lib/python3.12/site-packages/airflow/example_dags/example_task_group_decorator.py took 0.115 seconds
[2024-10-16T11:40:07.369+0000] {processor.py:186} INFO - Started process (PID=126844) to work on /home/airflow/.local/lib/python3.12/site-packages/airflow/example_dags/example_task_group_decorator.py
[2024-10-16T11:40:07.370+0000] {processor.py:914} INFO - Processing file /home/airflow/.local/lib/python3.12/site-packages/airflow/example_dags/example_task_group_decorator.py for tasks to queue
[2024-10-16T11:40:07.372+0000] {logging_mixin.py:190} INFO - [2024-10-16T11:40:07.371+0000] {dagbag.py:588} INFO - Filling up the DagBag from /home/airflow/.local/lib/python3.12/site-packages/airflow/example_dags/example_task_group_decorator.py
[2024-10-16T11:40:07.390+0000] {processor.py:925} INFO - DAG(s) 'example_task_group_decorator' retrieved from /home/airflow/.local/lib/python3.12/site-packages/airflow/example_dags/example_task_group_decorator.py
[2024-10-16T11:40:07.421+0000] {logging_mixin.py:190} INFO - [2024-10-16T11:40:07.421+0000] {dag.py:3239} INFO - Sync 1 DAGs
[2024-10-16T11:40:07.438+0000] {logging_mixin.py:190} INFO - [2024-10-16T11:40:07.438+0000] {dag.py:4180} INFO - Setting next_dagrun for example_task_group_decorator to None, run_after=None
[2024-10-16T11:40:07.458+0000] {processor.py:208} INFO - Processing /home/airflow/.local/lib/python3.12/site-packages/airflow/example_dags/example_task_group_decorator.py took 0.095 seconds
[2024-10-16T11:40:37.598+0000] {processor.py:186} INFO - Started process (PID=126906) to work on /home/airflow/.local/lib/python3.12/site-packages/airflow/example_dags/example_task_group_decorator.py
[2024-10-16T11:40:37.599+0000] {processor.py:914} INFO - Processing file /home/airflow/.local/lib/python3.12/site-packages/airflow/example_dags/example_task_group_decorator.py for tasks to queue
[2024-10-16T11:40:37.601+0000] {logging_mixin.py:190} INFO - [2024-10-16T11:40:37.600+0000] {dagbag.py:588} INFO - Filling up the DagBag from /home/airflow/.local/lib/python3.12/site-packages/airflow/example_dags/example_task_group_decorator.py
[2024-10-16T11:40:37.619+0000] {processor.py:925} INFO - DAG(s) 'example_task_group_decorator' retrieved from /home/airflow/.local/lib/python3.12/site-packages/airflow/example_dags/example_task_group_decorator.py
[2024-10-16T11:40:37.649+0000] {logging_mixin.py:190} INFO - [2024-10-16T11:40:37.648+0000] {dag.py:3239} INFO - Sync 1 DAGs
[2024-10-16T11:40:37.664+0000] {logging_mixin.py:190} INFO - [2024-10-16T11:40:37.664+0000] {dag.py:4180} INFO - Setting next_dagrun for example_task_group_decorator to None, run_after=None
[2024-10-16T11:40:37.683+0000] {processor.py:208} INFO - Processing /home/airflow/.local/lib/python3.12/site-packages/airflow/example_dags/example_task_group_decorator.py took 0.095 seconds
[2024-10-16T11:41:07.851+0000] {processor.py:186} INFO - Started process (PID=126969) to work on /home/airflow/.local/lib/python3.12/site-packages/airflow/example_dags/example_task_group_decorator.py
[2024-10-16T11:41:07.852+0000] {processor.py:914} INFO - Processing file /home/airflow/.local/lib/python3.12/site-packages/airflow/example_dags/example_task_group_decorator.py for tasks to queue
[2024-10-16T11:41:07.853+0000] {logging_mixin.py:190} INFO - [2024-10-16T11:41:07.853+0000] {dagbag.py:588} INFO - Filling up the DagBag from /home/airflow/.local/lib/python3.12/site-packages/airflow/example_dags/example_task_group_decorator.py
[2024-10-16T11:41:07.872+0000] {processor.py:925} INFO - DAG(s) 'example_task_group_decorator' retrieved from /home/airflow/.local/lib/python3.12/site-packages/airflow/example_dags/example_task_group_decorator.py
[2024-10-16T11:41:07.901+0000] {logging_mixin.py:190} INFO - [2024-10-16T11:41:07.901+0000] {dag.py:3239} INFO - Sync 1 DAGs
[2024-10-16T11:41:07.917+0000] {logging_mixin.py:190} INFO - [2024-10-16T11:41:07.917+0000] {dag.py:4180} INFO - Setting next_dagrun for example_task_group_decorator to None, run_after=None
[2024-10-16T11:41:07.938+0000] {processor.py:208} INFO - Processing /home/airflow/.local/lib/python3.12/site-packages/airflow/example_dags/example_task_group_decorator.py took 0.094 seconds
[2024-10-16T11:41:38.247+0000] {processor.py:186} INFO - Started process (PID=127032) to work on /home/airflow/.local/lib/python3.12/site-packages/airflow/example_dags/example_task_group_decorator.py
[2024-10-16T11:41:38.248+0000] {processor.py:914} INFO - Processing file /home/airflow/.local/lib/python3.12/site-packages/airflow/example_dags/example_task_group_decorator.py for tasks to queue
[2024-10-16T11:41:38.250+0000] {logging_mixin.py:190} INFO - [2024-10-16T11:41:38.250+0000] {dagbag.py:588} INFO - Filling up the DagBag from /home/airflow/.local/lib/python3.12/site-packages/airflow/example_dags/example_task_group_decorator.py
[2024-10-16T11:41:38.268+0000] {processor.py:925} INFO - DAG(s) 'example_task_group_decorator' retrieved from /home/airflow/.local/lib/python3.12/site-packages/airflow/example_dags/example_task_group_decorator.py
[2024-10-16T11:41:38.297+0000] {logging_mixin.py:190} INFO - [2024-10-16T11:41:38.297+0000] {dag.py:3239} INFO - Sync 1 DAGs
[2024-10-16T11:41:38.313+0000] {logging_mixin.py:190} INFO - [2024-10-16T11:41:38.313+0000] {dag.py:4180} INFO - Setting next_dagrun for example_task_group_decorator to None, run_after=None
[2024-10-16T11:41:38.334+0000] {processor.py:208} INFO - Processing /home/airflow/.local/lib/python3.12/site-packages/airflow/example_dags/example_task_group_decorator.py took 0.093 seconds
[2024-10-16T11:42:09.216+0000] {processor.py:186} INFO - Started process (PID=127095) to work on /home/airflow/.local/lib/python3.12/site-packages/airflow/example_dags/example_task_group_decorator.py
[2024-10-16T11:42:09.217+0000] {processor.py:914} INFO - Processing file /home/airflow/.local/lib/python3.12/site-packages/airflow/example_dags/example_task_group_decorator.py for tasks to queue
[2024-10-16T11:42:09.218+0000] {logging_mixin.py:190} INFO - [2024-10-16T11:42:09.218+0000] {dagbag.py:588} INFO - Filling up the DagBag from /home/airflow/.local/lib/python3.12/site-packages/airflow/example_dags/example_task_group_decorator.py
[2024-10-16T11:42:09.234+0000] {processor.py:925} INFO - DAG(s) 'example_task_group_decorator' retrieved from /home/airflow/.local/lib/python3.12/site-packages/airflow/example_dags/example_task_group_decorator.py
[2024-10-16T11:42:09.257+0000] {logging_mixin.py:190} INFO - [2024-10-16T11:42:09.257+0000] {dag.py:3239} INFO - Sync 1 DAGs
[2024-10-16T11:42:09.272+0000] {logging_mixin.py:190} INFO - [2024-10-16T11:42:09.272+0000] {dag.py:4180} INFO - Setting next_dagrun for example_task_group_decorator to None, run_after=None
[2024-10-16T11:42:09.292+0000] {processor.py:208} INFO - Processing /home/airflow/.local/lib/python3.12/site-packages/airflow/example_dags/example_task_group_decorator.py took 0.083 seconds
[2024-10-16T11:42:39.361+0000] {processor.py:186} INFO - Started process (PID=127158) to work on /home/airflow/.local/lib/python3.12/site-packages/airflow/example_dags/example_task_group_decorator.py
[2024-10-16T11:42:39.362+0000] {processor.py:914} INFO - Processing file /home/airflow/.local/lib/python3.12/site-packages/airflow/example_dags/example_task_group_decorator.py for tasks to queue
[2024-10-16T11:42:39.363+0000] {logging_mixin.py:190} INFO - [2024-10-16T11:42:39.363+0000] {dagbag.py:588} INFO - Filling up the DagBag from /home/airflow/.local/lib/python3.12/site-packages/airflow/example_dags/example_task_group_decorator.py
[2024-10-16T11:42:39.383+0000] {processor.py:925} INFO - DAG(s) 'example_task_group_decorator' retrieved from /home/airflow/.local/lib/python3.12/site-packages/airflow/example_dags/example_task_group_decorator.py
[2024-10-16T11:42:39.410+0000] {logging_mixin.py:190} INFO - [2024-10-16T11:42:39.409+0000] {dag.py:3239} INFO - Sync 1 DAGs
[2024-10-16T11:42:39.426+0000] {logging_mixin.py:190} INFO - [2024-10-16T11:42:39.426+0000] {dag.py:4180} INFO - Setting next_dagrun for example_task_group_decorator to None, run_after=None
[2024-10-16T11:42:39.446+0000] {processor.py:208} INFO - Processing /home/airflow/.local/lib/python3.12/site-packages/airflow/example_dags/example_task_group_decorator.py took 0.091 seconds
[2024-10-16T11:43:10.094+0000] {processor.py:186} INFO - Started process (PID=127221) to work on /home/airflow/.local/lib/python3.12/site-packages/airflow/example_dags/example_task_group_decorator.py
[2024-10-16T11:43:10.095+0000] {processor.py:914} INFO - Processing file /home/airflow/.local/lib/python3.12/site-packages/airflow/example_dags/example_task_group_decorator.py for tasks to queue
[2024-10-16T11:43:10.097+0000] {logging_mixin.py:190} INFO - [2024-10-16T11:43:10.096+0000] {dagbag.py:588} INFO - Filling up the DagBag from /home/airflow/.local/lib/python3.12/site-packages/airflow/example_dags/example_task_group_decorator.py
[2024-10-16T11:43:10.116+0000] {processor.py:925} INFO - DAG(s) 'example_task_group_decorator' retrieved from /home/airflow/.local/lib/python3.12/site-packages/airflow/example_dags/example_task_group_decorator.py
[2024-10-16T11:43:10.152+0000] {logging_mixin.py:190} INFO - [2024-10-16T11:43:10.152+0000] {dag.py:3239} INFO - Sync 1 DAGs
[2024-10-16T11:43:10.168+0000] {logging_mixin.py:190} INFO - [2024-10-16T11:43:10.168+0000] {dag.py:4180} INFO - Setting next_dagrun for example_task_group_decorator to None, run_after=None
[2024-10-16T11:43:10.191+0000] {processor.py:208} INFO - Processing /home/airflow/.local/lib/python3.12/site-packages/airflow/example_dags/example_task_group_decorator.py took 0.104 seconds
[2024-10-16T11:43:40.395+0000] {processor.py:186} INFO - Started process (PID=127284) to work on /home/airflow/.local/lib/python3.12/site-packages/airflow/example_dags/example_task_group_decorator.py
[2024-10-16T11:43:40.396+0000] {processor.py:914} INFO - Processing file /home/airflow/.local/lib/python3.12/site-packages/airflow/example_dags/example_task_group_decorator.py for tasks to queue
[2024-10-16T11:43:40.397+0000] {logging_mixin.py:190} INFO - [2024-10-16T11:43:40.397+0000] {dagbag.py:588} INFO - Filling up the DagBag from /home/airflow/.local/lib/python3.12/site-packages/airflow/example_dags/example_task_group_decorator.py
[2024-10-16T11:43:40.415+0000] {processor.py:925} INFO - DAG(s) 'example_task_group_decorator' retrieved from /home/airflow/.local/lib/python3.12/site-packages/airflow/example_dags/example_task_group_decorator.py
[2024-10-16T11:43:40.444+0000] {logging_mixin.py:190} INFO - [2024-10-16T11:43:40.444+0000] {dag.py:3239} INFO - Sync 1 DAGs
[2024-10-16T11:43:40.463+0000] {logging_mixin.py:190} INFO - [2024-10-16T11:43:40.463+0000] {dag.py:4180} INFO - Setting next_dagrun for example_task_group_decorator to None, run_after=None
[2024-10-16T11:43:40.486+0000] {processor.py:208} INFO - Processing /home/airflow/.local/lib/python3.12/site-packages/airflow/example_dags/example_task_group_decorator.py took 0.097 seconds
[2024-10-16T11:44:10.634+0000] {processor.py:186} INFO - Started process (PID=127347) to work on /home/airflow/.local/lib/python3.12/site-packages/airflow/example_dags/example_task_group_decorator.py
[2024-10-16T11:44:10.636+0000] {processor.py:914} INFO - Processing file /home/airflow/.local/lib/python3.12/site-packages/airflow/example_dags/example_task_group_decorator.py for tasks to queue
[2024-10-16T11:44:10.637+0000] {logging_mixin.py:190} INFO - [2024-10-16T11:44:10.637+0000] {dagbag.py:588} INFO - Filling up the DagBag from /home/airflow/.local/lib/python3.12/site-packages/airflow/example_dags/example_task_group_decorator.py
[2024-10-16T11:44:10.655+0000] {processor.py:925} INFO - DAG(s) 'example_task_group_decorator' retrieved from /home/airflow/.local/lib/python3.12/site-packages/airflow/example_dags/example_task_group_decorator.py
[2024-10-16T11:44:10.683+0000] {logging_mixin.py:190} INFO - [2024-10-16T11:44:10.683+0000] {dag.py:3239} INFO - Sync 1 DAGs
[2024-10-16T11:44:10.700+0000] {logging_mixin.py:190} INFO - [2024-10-16T11:44:10.700+0000] {dag.py:4180} INFO - Setting next_dagrun for example_task_group_decorator to None, run_after=None
[2024-10-16T11:44:10.721+0000] {processor.py:208} INFO - Processing /home/airflow/.local/lib/python3.12/site-packages/airflow/example_dags/example_task_group_decorator.py took 0.093 seconds
[2024-10-16T11:44:41.263+0000] {processor.py:186} INFO - Started process (PID=127411) to work on /home/airflow/.local/lib/python3.12/site-packages/airflow/example_dags/example_task_group_decorator.py
[2024-10-16T11:44:41.264+0000] {processor.py:914} INFO - Processing file /home/airflow/.local/lib/python3.12/site-packages/airflow/example_dags/example_task_group_decorator.py for tasks to queue
[2024-10-16T11:44:41.266+0000] {logging_mixin.py:190} INFO - [2024-10-16T11:44:41.265+0000] {dagbag.py:588} INFO - Filling up the DagBag from /home/airflow/.local/lib/python3.12/site-packages/airflow/example_dags/example_task_group_decorator.py
[2024-10-16T11:44:41.284+0000] {processor.py:925} INFO - DAG(s) 'example_task_group_decorator' retrieved from /home/airflow/.local/lib/python3.12/site-packages/airflow/example_dags/example_task_group_decorator.py
[2024-10-16T11:44:41.312+0000] {logging_mixin.py:190} INFO - [2024-10-16T11:44:41.312+0000] {dag.py:3239} INFO - Sync 1 DAGs
[2024-10-16T11:44:41.329+0000] {logging_mixin.py:190} INFO - [2024-10-16T11:44:41.329+0000] {dag.py:4180} INFO - Setting next_dagrun for example_task_group_decorator to None, run_after=None
[2024-10-16T11:44:41.351+0000] {processor.py:208} INFO - Processing /home/airflow/.local/lib/python3.12/site-packages/airflow/example_dags/example_task_group_decorator.py took 0.094 seconds
[2024-10-16T11:45:11.631+0000] {processor.py:186} INFO - Started process (PID=127474) to work on /home/airflow/.local/lib/python3.12/site-packages/airflow/example_dags/example_task_group_decorator.py
[2024-10-16T11:45:11.632+0000] {processor.py:914} INFO - Processing file /home/airflow/.local/lib/python3.12/site-packages/airflow/example_dags/example_task_group_decorator.py for tasks to queue
[2024-10-16T11:45:11.633+0000] {logging_mixin.py:190} INFO - [2024-10-16T11:45:11.633+0000] {dagbag.py:588} INFO - Filling up the DagBag from /home/airflow/.local/lib/python3.12/site-packages/airflow/example_dags/example_task_group_decorator.py
[2024-10-16T11:45:11.651+0000] {processor.py:925} INFO - DAG(s) 'example_task_group_decorator' retrieved from /home/airflow/.local/lib/python3.12/site-packages/airflow/example_dags/example_task_group_decorator.py
[2024-10-16T11:45:11.685+0000] {logging_mixin.py:190} INFO - [2024-10-16T11:45:11.685+0000] {dag.py:3239} INFO - Sync 1 DAGs
[2024-10-16T11:45:11.703+0000] {logging_mixin.py:190} INFO - [2024-10-16T11:45:11.703+0000] {dag.py:4180} INFO - Setting next_dagrun for example_task_group_decorator to None, run_after=None
[2024-10-16T11:45:11.727+0000] {processor.py:208} INFO - Processing /home/airflow/.local/lib/python3.12/site-packages/airflow/example_dags/example_task_group_decorator.py took 0.103 seconds
[2024-10-16T11:45:42.017+0000] {processor.py:186} INFO - Started process (PID=127537) to work on /home/airflow/.local/lib/python3.12/site-packages/airflow/example_dags/example_task_group_decorator.py
[2024-10-16T11:45:42.018+0000] {processor.py:914} INFO - Processing file /home/airflow/.local/lib/python3.12/site-packages/airflow/example_dags/example_task_group_decorator.py for tasks to queue
[2024-10-16T11:45:42.020+0000] {logging_mixin.py:190} INFO - [2024-10-16T11:45:42.020+0000] {dagbag.py:588} INFO - Filling up the DagBag from /home/airflow/.local/lib/python3.12/site-packages/airflow/example_dags/example_task_group_decorator.py
[2024-10-16T11:45:42.047+0000] {processor.py:925} INFO - DAG(s) 'example_task_group_decorator' retrieved from /home/airflow/.local/lib/python3.12/site-packages/airflow/example_dags/example_task_group_decorator.py
[2024-10-16T11:45:42.092+0000] {logging_mixin.py:190} INFO - [2024-10-16T11:45:42.091+0000] {dag.py:3239} INFO - Sync 1 DAGs
[2024-10-16T11:45:42.113+0000] {logging_mixin.py:190} INFO - [2024-10-16T11:45:42.113+0000] {dag.py:4180} INFO - Setting next_dagrun for example_task_group_decorator to None, run_after=None
[2024-10-16T11:45:42.139+0000] {processor.py:208} INFO - Processing /home/airflow/.local/lib/python3.12/site-packages/airflow/example_dags/example_task_group_decorator.py took 0.130 seconds
