[2024-10-16T11:30:03.672+0000] {processor.py:186} INFO - Started process (PID=125605) to work on /home/airflow/.local/lib/python3.12/site-packages/airflow/example_dags/example_sensor_decorator.py
[2024-10-16T11:30:03.674+0000] {processor.py:914} INFO - Processing file /home/airflow/.local/lib/python3.12/site-packages/airflow/example_dags/example_sensor_decorator.py for tasks to queue
[2024-10-16T11:30:03.677+0000] {logging_mixin.py:190} INFO - [2024-10-16T11:30:03.676+0000] {dagbag.py:588} INFO - Filling up the DagBag from /home/airflow/.local/lib/python3.12/site-packages/airflow/example_dags/example_sensor_decorator.py
[2024-10-16T11:30:03.697+0000] {processor.py:925} INFO - DAG(s) 'example_sensor_decorator' retrieved from /home/airflow/.local/lib/python3.12/site-packages/airflow/example_dags/example_sensor_decorator.py
[2024-10-16T11:30:03.741+0000] {logging_mixin.py:190} INFO - [2024-10-16T11:30:03.741+0000] {dag.py:3239} INFO - Sync 1 DAGs
[2024-10-16T11:30:03.780+0000] {logging_mixin.py:190} INFO - [2024-10-16T11:30:03.780+0000] {dag.py:4180} INFO - Setting next_dagrun for example_sensor_decorator to None, run_after=None
[2024-10-16T11:30:03.824+0000] {processor.py:208} INFO - Processing /home/airflow/.local/lib/python3.12/site-packages/airflow/example_dags/example_sensor_decorator.py took 0.166 seconds
[2024-10-16T11:30:33.894+0000] {processor.py:186} INFO - Started process (PID=125668) to work on /home/airflow/.local/lib/python3.12/site-packages/airflow/example_dags/example_sensor_decorator.py
[2024-10-16T11:30:33.895+0000] {processor.py:914} INFO - Processing file /home/airflow/.local/lib/python3.12/site-packages/airflow/example_dags/example_sensor_decorator.py for tasks to queue
[2024-10-16T11:30:33.897+0000] {logging_mixin.py:190} INFO - [2024-10-16T11:30:33.896+0000] {dagbag.py:588} INFO - Filling up the DagBag from /home/airflow/.local/lib/python3.12/site-packages/airflow/example_dags/example_sensor_decorator.py
[2024-10-16T11:30:33.905+0000] {processor.py:925} INFO - DAG(s) 'example_sensor_decorator' retrieved from /home/airflow/.local/lib/python3.12/site-packages/airflow/example_dags/example_sensor_decorator.py
[2024-10-16T11:30:33.927+0000] {logging_mixin.py:190} INFO - [2024-10-16T11:30:33.926+0000] {dag.py:3239} INFO - Sync 1 DAGs
[2024-10-16T11:30:33.943+0000] {logging_mixin.py:190} INFO - [2024-10-16T11:30:33.942+0000] {dag.py:4180} INFO - Setting next_dagrun for example_sensor_decorator to None, run_after=None
[2024-10-16T11:30:33.961+0000] {processor.py:208} INFO - Processing /home/airflow/.local/lib/python3.12/site-packages/airflow/example_dags/example_sensor_decorator.py took 0.073 seconds
[2024-10-16T11:31:04.462+0000] {processor.py:186} INFO - Started process (PID=125731) to work on /home/airflow/.local/lib/python3.12/site-packages/airflow/example_dags/example_sensor_decorator.py
[2024-10-16T11:31:04.464+0000] {processor.py:914} INFO - Processing file /home/airflow/.local/lib/python3.12/site-packages/airflow/example_dags/example_sensor_decorator.py for tasks to queue
[2024-10-16T11:31:04.465+0000] {logging_mixin.py:190} INFO - [2024-10-16T11:31:04.465+0000] {dagbag.py:588} INFO - Filling up the DagBag from /home/airflow/.local/lib/python3.12/site-packages/airflow/example_dags/example_sensor_decorator.py
[2024-10-16T11:31:04.476+0000] {processor.py:925} INFO - DAG(s) 'example_sensor_decorator' retrieved from /home/airflow/.local/lib/python3.12/site-packages/airflow/example_dags/example_sensor_decorator.py
[2024-10-16T11:31:04.497+0000] {logging_mixin.py:190} INFO - [2024-10-16T11:31:04.496+0000] {dag.py:3239} INFO - Sync 1 DAGs
[2024-10-16T11:31:04.512+0000] {logging_mixin.py:190} INFO - [2024-10-16T11:31:04.512+0000] {dag.py:4180} INFO - Setting next_dagrun for example_sensor_decorator to None, run_after=None
[2024-10-16T11:31:04.532+0000] {processor.py:208} INFO - Processing /home/airflow/.local/lib/python3.12/site-packages/airflow/example_dags/example_sensor_decorator.py took 0.075 seconds
[2024-10-16T11:31:35.139+0000] {processor.py:186} INFO - Started process (PID=125794) to work on /home/airflow/.local/lib/python3.12/site-packages/airflow/example_dags/example_sensor_decorator.py
[2024-10-16T11:31:35.140+0000] {processor.py:914} INFO - Processing file /home/airflow/.local/lib/python3.12/site-packages/airflow/example_dags/example_sensor_decorator.py for tasks to queue
[2024-10-16T11:31:35.141+0000] {logging_mixin.py:190} INFO - [2024-10-16T11:31:35.141+0000] {dagbag.py:588} INFO - Filling up the DagBag from /home/airflow/.local/lib/python3.12/site-packages/airflow/example_dags/example_sensor_decorator.py
[2024-10-16T11:31:35.149+0000] {processor.py:925} INFO - DAG(s) 'example_sensor_decorator' retrieved from /home/airflow/.local/lib/python3.12/site-packages/airflow/example_dags/example_sensor_decorator.py
[2024-10-16T11:31:35.163+0000] {logging_mixin.py:190} INFO - [2024-10-16T11:31:35.163+0000] {dag.py:3239} INFO - Sync 1 DAGs
[2024-10-16T11:31:35.175+0000] {logging_mixin.py:190} INFO - [2024-10-16T11:31:35.175+0000] {dag.py:4180} INFO - Setting next_dagrun for example_sensor_decorator to None, run_after=None
[2024-10-16T11:31:35.190+0000] {processor.py:208} INFO - Processing /home/airflow/.local/lib/python3.12/site-packages/airflow/example_dags/example_sensor_decorator.py took 0.056 seconds
[2024-10-16T11:32:06.382+0000] {processor.py:186} INFO - Started process (PID=125857) to work on /home/airflow/.local/lib/python3.12/site-packages/airflow/example_dags/example_sensor_decorator.py
[2024-10-16T11:32:06.383+0000] {processor.py:914} INFO - Processing file /home/airflow/.local/lib/python3.12/site-packages/airflow/example_dags/example_sensor_decorator.py for tasks to queue
[2024-10-16T11:32:06.385+0000] {logging_mixin.py:190} INFO - [2024-10-16T11:32:06.385+0000] {dagbag.py:588} INFO - Filling up the DagBag from /home/airflow/.local/lib/python3.12/site-packages/airflow/example_dags/example_sensor_decorator.py
[2024-10-16T11:32:06.394+0000] {processor.py:925} INFO - DAG(s) 'example_sensor_decorator' retrieved from /home/airflow/.local/lib/python3.12/site-packages/airflow/example_dags/example_sensor_decorator.py
[2024-10-16T11:32:06.414+0000] {logging_mixin.py:190} INFO - [2024-10-16T11:32:06.413+0000] {dag.py:3239} INFO - Sync 1 DAGs
[2024-10-16T11:32:06.429+0000] {logging_mixin.py:190} INFO - [2024-10-16T11:32:06.429+0000] {dag.py:4180} INFO - Setting next_dagrun for example_sensor_decorator to None, run_after=None
[2024-10-16T11:32:06.447+0000] {processor.py:208} INFO - Processing /home/airflow/.local/lib/python3.12/site-packages/airflow/example_dags/example_sensor_decorator.py took 0.074 seconds
[2024-10-16T11:32:37.327+0000] {processor.py:186} INFO - Started process (PID=125921) to work on /home/airflow/.local/lib/python3.12/site-packages/airflow/example_dags/example_sensor_decorator.py
[2024-10-16T11:32:37.328+0000] {processor.py:914} INFO - Processing file /home/airflow/.local/lib/python3.12/site-packages/airflow/example_dags/example_sensor_decorator.py for tasks to queue
[2024-10-16T11:32:37.330+0000] {logging_mixin.py:190} INFO - [2024-10-16T11:32:37.329+0000] {dagbag.py:588} INFO - Filling up the DagBag from /home/airflow/.local/lib/python3.12/site-packages/airflow/example_dags/example_sensor_decorator.py
[2024-10-16T11:32:37.339+0000] {processor.py:925} INFO - DAG(s) 'example_sensor_decorator' retrieved from /home/airflow/.local/lib/python3.12/site-packages/airflow/example_dags/example_sensor_decorator.py
[2024-10-16T11:32:37.361+0000] {logging_mixin.py:190} INFO - [2024-10-16T11:32:37.361+0000] {dag.py:3239} INFO - Sync 1 DAGs
[2024-10-16T11:32:37.380+0000] {logging_mixin.py:190} INFO - [2024-10-16T11:32:37.379+0000] {dag.py:4180} INFO - Setting next_dagrun for example_sensor_decorator to None, run_after=None
[2024-10-16T11:32:37.400+0000] {processor.py:208} INFO - Processing /home/airflow/.local/lib/python3.12/site-packages/airflow/example_dags/example_sensor_decorator.py took 0.080 seconds
[2024-10-16T11:33:07.817+0000] {processor.py:186} INFO - Started process (PID=125984) to work on /home/airflow/.local/lib/python3.12/site-packages/airflow/example_dags/example_sensor_decorator.py
[2024-10-16T11:33:07.818+0000] {processor.py:914} INFO - Processing file /home/airflow/.local/lib/python3.12/site-packages/airflow/example_dags/example_sensor_decorator.py for tasks to queue
[2024-10-16T11:33:07.820+0000] {logging_mixin.py:190} INFO - [2024-10-16T11:33:07.819+0000] {dagbag.py:588} INFO - Filling up the DagBag from /home/airflow/.local/lib/python3.12/site-packages/airflow/example_dags/example_sensor_decorator.py
[2024-10-16T11:33:07.832+0000] {processor.py:925} INFO - DAG(s) 'example_sensor_decorator' retrieved from /home/airflow/.local/lib/python3.12/site-packages/airflow/example_dags/example_sensor_decorator.py
[2024-10-16T11:33:07.860+0000] {logging_mixin.py:190} INFO - [2024-10-16T11:33:07.860+0000] {dag.py:3239} INFO - Sync 1 DAGs
[2024-10-16T11:33:07.883+0000] {logging_mixin.py:190} INFO - [2024-10-16T11:33:07.883+0000] {dag.py:4180} INFO - Setting next_dagrun for example_sensor_decorator to None, run_after=None
[2024-10-16T11:33:07.906+0000] {processor.py:208} INFO - Processing /home/airflow/.local/lib/python3.12/site-packages/airflow/example_dags/example_sensor_decorator.py took 0.098 seconds
[2024-10-16T11:33:38.117+0000] {processor.py:186} INFO - Started process (PID=126047) to work on /home/airflow/.local/lib/python3.12/site-packages/airflow/example_dags/example_sensor_decorator.py
[2024-10-16T11:33:38.118+0000] {processor.py:914} INFO - Processing file /home/airflow/.local/lib/python3.12/site-packages/airflow/example_dags/example_sensor_decorator.py for tasks to queue
[2024-10-16T11:33:38.119+0000] {logging_mixin.py:190} INFO - [2024-10-16T11:33:38.119+0000] {dagbag.py:588} INFO - Filling up the DagBag from /home/airflow/.local/lib/python3.12/site-packages/airflow/example_dags/example_sensor_decorator.py
[2024-10-16T11:33:38.127+0000] {processor.py:925} INFO - DAG(s) 'example_sensor_decorator' retrieved from /home/airflow/.local/lib/python3.12/site-packages/airflow/example_dags/example_sensor_decorator.py
[2024-10-16T11:33:38.147+0000] {logging_mixin.py:190} INFO - [2024-10-16T11:33:38.146+0000] {dag.py:3239} INFO - Sync 1 DAGs
[2024-10-16T11:33:38.163+0000] {logging_mixin.py:190} INFO - [2024-10-16T11:33:38.162+0000] {dag.py:4180} INFO - Setting next_dagrun for example_sensor_decorator to None, run_after=None
[2024-10-16T11:33:38.185+0000] {processor.py:208} INFO - Processing /home/airflow/.local/lib/python3.12/site-packages/airflow/example_dags/example_sensor_decorator.py took 0.074 seconds
[2024-10-16T11:34:08.796+0000] {processor.py:186} INFO - Started process (PID=126110) to work on /home/airflow/.local/lib/python3.12/site-packages/airflow/example_dags/example_sensor_decorator.py
[2024-10-16T11:34:08.797+0000] {processor.py:914} INFO - Processing file /home/airflow/.local/lib/python3.12/site-packages/airflow/example_dags/example_sensor_decorator.py for tasks to queue
[2024-10-16T11:34:08.798+0000] {logging_mixin.py:190} INFO - [2024-10-16T11:34:08.798+0000] {dagbag.py:588} INFO - Filling up the DagBag from /home/airflow/.local/lib/python3.12/site-packages/airflow/example_dags/example_sensor_decorator.py
[2024-10-16T11:34:08.806+0000] {processor.py:925} INFO - DAG(s) 'example_sensor_decorator' retrieved from /home/airflow/.local/lib/python3.12/site-packages/airflow/example_dags/example_sensor_decorator.py
[2024-10-16T11:34:08.825+0000] {logging_mixin.py:190} INFO - [2024-10-16T11:34:08.825+0000] {dag.py:3239} INFO - Sync 1 DAGs
[2024-10-16T11:34:08.841+0000] {logging_mixin.py:190} INFO - [2024-10-16T11:34:08.840+0000] {dag.py:4180} INFO - Setting next_dagrun for example_sensor_decorator to None, run_after=None
[2024-10-16T11:34:08.860+0000] {processor.py:208} INFO - Processing /home/airflow/.local/lib/python3.12/site-packages/airflow/example_dags/example_sensor_decorator.py took 0.070 seconds
[2024-10-16T11:34:39.000+0000] {processor.py:186} INFO - Started process (PID=126174) to work on /home/airflow/.local/lib/python3.12/site-packages/airflow/example_dags/example_sensor_decorator.py
[2024-10-16T11:34:39.001+0000] {processor.py:914} INFO - Processing file /home/airflow/.local/lib/python3.12/site-packages/airflow/example_dags/example_sensor_decorator.py for tasks to queue
[2024-10-16T11:34:39.002+0000] {logging_mixin.py:190} INFO - [2024-10-16T11:34:39.002+0000] {dagbag.py:588} INFO - Filling up the DagBag from /home/airflow/.local/lib/python3.12/site-packages/airflow/example_dags/example_sensor_decorator.py
[2024-10-16T11:34:39.010+0000] {processor.py:925} INFO - DAG(s) 'example_sensor_decorator' retrieved from /home/airflow/.local/lib/python3.12/site-packages/airflow/example_dags/example_sensor_decorator.py
[2024-10-16T11:34:39.027+0000] {logging_mixin.py:190} INFO - [2024-10-16T11:34:39.026+0000] {dag.py:3239} INFO - Sync 1 DAGs
[2024-10-16T11:34:39.043+0000] {logging_mixin.py:190} INFO - [2024-10-16T11:34:39.043+0000] {dag.py:4180} INFO - Setting next_dagrun for example_sensor_decorator to None, run_after=None
[2024-10-16T11:34:39.059+0000] {processor.py:208} INFO - Processing /home/airflow/.local/lib/python3.12/site-packages/airflow/example_dags/example_sensor_decorator.py took 0.064 seconds
[2024-10-16T11:35:09.850+0000] {processor.py:186} INFO - Started process (PID=126237) to work on /home/airflow/.local/lib/python3.12/site-packages/airflow/example_dags/example_sensor_decorator.py
[2024-10-16T11:35:09.851+0000] {processor.py:914} INFO - Processing file /home/airflow/.local/lib/python3.12/site-packages/airflow/example_dags/example_sensor_decorator.py for tasks to queue
[2024-10-16T11:35:09.853+0000] {logging_mixin.py:190} INFO - [2024-10-16T11:35:09.852+0000] {dagbag.py:588} INFO - Filling up the DagBag from /home/airflow/.local/lib/python3.12/site-packages/airflow/example_dags/example_sensor_decorator.py
[2024-10-16T11:35:09.861+0000] {processor.py:925} INFO - DAG(s) 'example_sensor_decorator' retrieved from /home/airflow/.local/lib/python3.12/site-packages/airflow/example_dags/example_sensor_decorator.py
[2024-10-16T11:35:09.880+0000] {logging_mixin.py:190} INFO - [2024-10-16T11:35:09.880+0000] {dag.py:3239} INFO - Sync 1 DAGs
[2024-10-16T11:35:09.896+0000] {logging_mixin.py:190} INFO - [2024-10-16T11:35:09.895+0000] {dag.py:4180} INFO - Setting next_dagrun for example_sensor_decorator to None, run_after=None
[2024-10-16T11:35:09.913+0000] {processor.py:208} INFO - Processing /home/airflow/.local/lib/python3.12/site-packages/airflow/example_dags/example_sensor_decorator.py took 0.069 seconds
[2024-10-16T11:35:40.330+0000] {processor.py:186} INFO - Started process (PID=126300) to work on /home/airflow/.local/lib/python3.12/site-packages/airflow/example_dags/example_sensor_decorator.py
[2024-10-16T11:35:40.331+0000] {processor.py:914} INFO - Processing file /home/airflow/.local/lib/python3.12/site-packages/airflow/example_dags/example_sensor_decorator.py for tasks to queue
[2024-10-16T11:35:40.332+0000] {logging_mixin.py:190} INFO - [2024-10-16T11:35:40.332+0000] {dagbag.py:588} INFO - Filling up the DagBag from /home/airflow/.local/lib/python3.12/site-packages/airflow/example_dags/example_sensor_decorator.py
[2024-10-16T11:35:40.340+0000] {processor.py:925} INFO - DAG(s) 'example_sensor_decorator' retrieved from /home/airflow/.local/lib/python3.12/site-packages/airflow/example_dags/example_sensor_decorator.py
[2024-10-16T11:35:40.360+0000] {logging_mixin.py:190} INFO - [2024-10-16T11:35:40.359+0000] {dag.py:3239} INFO - Sync 1 DAGs
[2024-10-16T11:35:40.377+0000] {logging_mixin.py:190} INFO - [2024-10-16T11:35:40.377+0000] {dag.py:4180} INFO - Setting next_dagrun for example_sensor_decorator to None, run_after=None
[2024-10-16T11:35:40.396+0000] {processor.py:208} INFO - Processing /home/airflow/.local/lib/python3.12/site-packages/airflow/example_dags/example_sensor_decorator.py took 0.072 seconds
[2024-10-16T11:36:11.134+0000] {processor.py:186} INFO - Started process (PID=126363) to work on /home/airflow/.local/lib/python3.12/site-packages/airflow/example_dags/example_sensor_decorator.py
[2024-10-16T11:36:11.135+0000] {processor.py:914} INFO - Processing file /home/airflow/.local/lib/python3.12/site-packages/airflow/example_dags/example_sensor_decorator.py for tasks to queue
[2024-10-16T11:36:11.136+0000] {logging_mixin.py:190} INFO - [2024-10-16T11:36:11.136+0000] {dagbag.py:588} INFO - Filling up the DagBag from /home/airflow/.local/lib/python3.12/site-packages/airflow/example_dags/example_sensor_decorator.py
[2024-10-16T11:36:11.146+0000] {processor.py:925} INFO - DAG(s) 'example_sensor_decorator' retrieved from /home/airflow/.local/lib/python3.12/site-packages/airflow/example_dags/example_sensor_decorator.py
[2024-10-16T11:36:11.178+0000] {logging_mixin.py:190} INFO - [2024-10-16T11:36:11.177+0000] {dag.py:3239} INFO - Sync 1 DAGs
[2024-10-16T11:36:11.196+0000] {logging_mixin.py:190} INFO - [2024-10-16T11:36:11.196+0000] {dag.py:4180} INFO - Setting next_dagrun for example_sensor_decorator to None, run_after=None
[2024-10-16T11:36:11.216+0000] {processor.py:208} INFO - Processing /home/airflow/.local/lib/python3.12/site-packages/airflow/example_dags/example_sensor_decorator.py took 0.089 seconds
[2024-10-16T11:36:41.628+0000] {processor.py:186} INFO - Started process (PID=126427) to work on /home/airflow/.local/lib/python3.12/site-packages/airflow/example_dags/example_sensor_decorator.py
[2024-10-16T11:36:41.629+0000] {processor.py:914} INFO - Processing file /home/airflow/.local/lib/python3.12/site-packages/airflow/example_dags/example_sensor_decorator.py for tasks to queue
[2024-10-16T11:36:41.630+0000] {logging_mixin.py:190} INFO - [2024-10-16T11:36:41.630+0000] {dagbag.py:588} INFO - Filling up the DagBag from /home/airflow/.local/lib/python3.12/site-packages/airflow/example_dags/example_sensor_decorator.py
[2024-10-16T11:36:41.638+0000] {processor.py:925} INFO - DAG(s) 'example_sensor_decorator' retrieved from /home/airflow/.local/lib/python3.12/site-packages/airflow/example_dags/example_sensor_decorator.py
[2024-10-16T11:36:41.656+0000] {logging_mixin.py:190} INFO - [2024-10-16T11:36:41.656+0000] {dag.py:3239} INFO - Sync 1 DAGs
[2024-10-16T11:36:41.671+0000] {logging_mixin.py:190} INFO - [2024-10-16T11:36:41.671+0000] {dag.py:4180} INFO - Setting next_dagrun for example_sensor_decorator to None, run_after=None
[2024-10-16T11:36:41.689+0000] {processor.py:208} INFO - Processing /home/airflow/.local/lib/python3.12/site-packages/airflow/example_dags/example_sensor_decorator.py took 0.066 seconds
[2024-10-16T11:37:12.059+0000] {processor.py:186} INFO - Started process (PID=126490) to work on /home/airflow/.local/lib/python3.12/site-packages/airflow/example_dags/example_sensor_decorator.py
[2024-10-16T11:37:12.060+0000] {processor.py:914} INFO - Processing file /home/airflow/.local/lib/python3.12/site-packages/airflow/example_dags/example_sensor_decorator.py for tasks to queue
[2024-10-16T11:37:12.061+0000] {logging_mixin.py:190} INFO - [2024-10-16T11:37:12.061+0000] {dagbag.py:588} INFO - Filling up the DagBag from /home/airflow/.local/lib/python3.12/site-packages/airflow/example_dags/example_sensor_decorator.py
[2024-10-16T11:37:12.068+0000] {processor.py:925} INFO - DAG(s) 'example_sensor_decorator' retrieved from /home/airflow/.local/lib/python3.12/site-packages/airflow/example_dags/example_sensor_decorator.py
[2024-10-16T11:37:12.085+0000] {logging_mixin.py:190} INFO - [2024-10-16T11:37:12.085+0000] {dag.py:3239} INFO - Sync 1 DAGs
[2024-10-16T11:37:12.100+0000] {logging_mixin.py:190} INFO - [2024-10-16T11:37:12.100+0000] {dag.py:4180} INFO - Setting next_dagrun for example_sensor_decorator to None, run_after=None
[2024-10-16T11:37:12.117+0000] {processor.py:208} INFO - Processing /home/airflow/.local/lib/python3.12/site-packages/airflow/example_dags/example_sensor_decorator.py took 0.063 seconds
[2024-10-16T11:37:42.740+0000] {processor.py:186} INFO - Started process (PID=126553) to work on /home/airflow/.local/lib/python3.12/site-packages/airflow/example_dags/example_sensor_decorator.py
[2024-10-16T11:37:42.741+0000] {processor.py:914} INFO - Processing file /home/airflow/.local/lib/python3.12/site-packages/airflow/example_dags/example_sensor_decorator.py for tasks to queue
[2024-10-16T11:37:42.743+0000] {logging_mixin.py:190} INFO - [2024-10-16T11:37:42.743+0000] {dagbag.py:588} INFO - Filling up the DagBag from /home/airflow/.local/lib/python3.12/site-packages/airflow/example_dags/example_sensor_decorator.py
[2024-10-16T11:37:42.752+0000] {processor.py:925} INFO - DAG(s) 'example_sensor_decorator' retrieved from /home/airflow/.local/lib/python3.12/site-packages/airflow/example_dags/example_sensor_decorator.py
[2024-10-16T11:37:42.775+0000] {logging_mixin.py:190} INFO - [2024-10-16T11:37:42.774+0000] {dag.py:3239} INFO - Sync 1 DAGs
[2024-10-16T11:37:42.793+0000] {logging_mixin.py:190} INFO - [2024-10-16T11:37:42.792+0000] {dag.py:4180} INFO - Setting next_dagrun for example_sensor_decorator to None, run_after=None
[2024-10-16T11:37:42.814+0000] {processor.py:208} INFO - Processing /home/airflow/.local/lib/python3.12/site-packages/airflow/example_dags/example_sensor_decorator.py took 0.081 seconds
[2024-10-16T11:38:13.288+0000] {processor.py:186} INFO - Started process (PID=126616) to work on /home/airflow/.local/lib/python3.12/site-packages/airflow/example_dags/example_sensor_decorator.py
[2024-10-16T11:38:13.290+0000] {processor.py:914} INFO - Processing file /home/airflow/.local/lib/python3.12/site-packages/airflow/example_dags/example_sensor_decorator.py for tasks to queue
[2024-10-16T11:38:13.291+0000] {logging_mixin.py:190} INFO - [2024-10-16T11:38:13.291+0000] {dagbag.py:588} INFO - Filling up the DagBag from /home/airflow/.local/lib/python3.12/site-packages/airflow/example_dags/example_sensor_decorator.py
[2024-10-16T11:38:13.299+0000] {processor.py:925} INFO - DAG(s) 'example_sensor_decorator' retrieved from /home/airflow/.local/lib/python3.12/site-packages/airflow/example_dags/example_sensor_decorator.py
[2024-10-16T11:38:13.319+0000] {logging_mixin.py:190} INFO - [2024-10-16T11:38:13.319+0000] {dag.py:3239} INFO - Sync 1 DAGs
[2024-10-16T11:38:13.336+0000] {logging_mixin.py:190} INFO - [2024-10-16T11:38:13.335+0000] {dag.py:4180} INFO - Setting next_dagrun for example_sensor_decorator to None, run_after=None
[2024-10-16T11:38:13.357+0000] {processor.py:208} INFO - Processing /home/airflow/.local/lib/python3.12/site-packages/airflow/example_dags/example_sensor_decorator.py took 0.074 seconds
[2024-10-16T11:38:43.689+0000] {processor.py:186} INFO - Started process (PID=126680) to work on /home/airflow/.local/lib/python3.12/site-packages/airflow/example_dags/example_sensor_decorator.py
[2024-10-16T11:38:43.690+0000] {processor.py:914} INFO - Processing file /home/airflow/.local/lib/python3.12/site-packages/airflow/example_dags/example_sensor_decorator.py for tasks to queue
[2024-10-16T11:38:43.692+0000] {logging_mixin.py:190} INFO - [2024-10-16T11:38:43.691+0000] {dagbag.py:588} INFO - Filling up the DagBag from /home/airflow/.local/lib/python3.12/site-packages/airflow/example_dags/example_sensor_decorator.py
[2024-10-16T11:38:43.703+0000] {processor.py:925} INFO - DAG(s) 'example_sensor_decorator' retrieved from /home/airflow/.local/lib/python3.12/site-packages/airflow/example_dags/example_sensor_decorator.py
[2024-10-16T11:38:43.722+0000] {logging_mixin.py:190} INFO - [2024-10-16T11:38:43.722+0000] {dag.py:3239} INFO - Sync 1 DAGs
[2024-10-16T11:38:43.739+0000] {logging_mixin.py:190} INFO - [2024-10-16T11:38:43.739+0000] {dag.py:4180} INFO - Setting next_dagrun for example_sensor_decorator to None, run_after=None
[2024-10-16T11:38:43.763+0000] {processor.py:208} INFO - Processing /home/airflow/.local/lib/python3.12/site-packages/airflow/example_dags/example_sensor_decorator.py took 0.080 seconds
[2024-10-16T11:39:14.561+0000] {processor.py:186} INFO - Started process (PID=126748) to work on /home/airflow/.local/lib/python3.12/site-packages/airflow/example_dags/example_sensor_decorator.py
[2024-10-16T11:39:14.562+0000] {processor.py:914} INFO - Processing file /home/airflow/.local/lib/python3.12/site-packages/airflow/example_dags/example_sensor_decorator.py for tasks to queue
[2024-10-16T11:39:14.563+0000] {logging_mixin.py:190} INFO - [2024-10-16T11:39:14.563+0000] {dagbag.py:588} INFO - Filling up the DagBag from /home/airflow/.local/lib/python3.12/site-packages/airflow/example_dags/example_sensor_decorator.py
[2024-10-16T11:39:14.572+0000] {processor.py:925} INFO - DAG(s) 'example_sensor_decorator' retrieved from /home/airflow/.local/lib/python3.12/site-packages/airflow/example_dags/example_sensor_decorator.py
[2024-10-16T11:39:14.593+0000] {logging_mixin.py:190} INFO - [2024-10-16T11:39:14.592+0000] {dag.py:3239} INFO - Sync 1 DAGs
[2024-10-16T11:39:14.609+0000] {logging_mixin.py:190} INFO - [2024-10-16T11:39:14.609+0000] {dag.py:4180} INFO - Setting next_dagrun for example_sensor_decorator to None, run_after=None
[2024-10-16T11:39:14.631+0000] {processor.py:208} INFO - Processing /home/airflow/.local/lib/python3.12/site-packages/airflow/example_dags/example_sensor_decorator.py took 0.077 seconds
[2024-10-16T11:39:45.391+0000] {processor.py:186} INFO - Started process (PID=126811) to work on /home/airflow/.local/lib/python3.12/site-packages/airflow/example_dags/example_sensor_decorator.py
[2024-10-16T11:39:45.392+0000] {processor.py:914} INFO - Processing file /home/airflow/.local/lib/python3.12/site-packages/airflow/example_dags/example_sensor_decorator.py for tasks to queue
[2024-10-16T11:39:45.393+0000] {logging_mixin.py:190} INFO - [2024-10-16T11:39:45.393+0000] {dagbag.py:588} INFO - Filling up the DagBag from /home/airflow/.local/lib/python3.12/site-packages/airflow/example_dags/example_sensor_decorator.py
[2024-10-16T11:39:45.401+0000] {processor.py:925} INFO - DAG(s) 'example_sensor_decorator' retrieved from /home/airflow/.local/lib/python3.12/site-packages/airflow/example_dags/example_sensor_decorator.py
[2024-10-16T11:39:45.422+0000] {logging_mixin.py:190} INFO - [2024-10-16T11:39:45.422+0000] {dag.py:3239} INFO - Sync 1 DAGs
[2024-10-16T11:39:45.439+0000] {logging_mixin.py:190} INFO - [2024-10-16T11:39:45.438+0000] {dag.py:4180} INFO - Setting next_dagrun for example_sensor_decorator to None, run_after=None
[2024-10-16T11:39:45.459+0000] {processor.py:208} INFO - Processing /home/airflow/.local/lib/python3.12/site-packages/airflow/example_dags/example_sensor_decorator.py took 0.075 seconds
[2024-10-16T11:40:16.333+0000] {processor.py:186} INFO - Started process (PID=126873) to work on /home/airflow/.local/lib/python3.12/site-packages/airflow/example_dags/example_sensor_decorator.py
[2024-10-16T11:40:16.335+0000] {processor.py:914} INFO - Processing file /home/airflow/.local/lib/python3.12/site-packages/airflow/example_dags/example_sensor_decorator.py for tasks to queue
[2024-10-16T11:40:16.336+0000] {logging_mixin.py:190} INFO - [2024-10-16T11:40:16.336+0000] {dagbag.py:588} INFO - Filling up the DagBag from /home/airflow/.local/lib/python3.12/site-packages/airflow/example_dags/example_sensor_decorator.py
[2024-10-16T11:40:16.345+0000] {processor.py:925} INFO - DAG(s) 'example_sensor_decorator' retrieved from /home/airflow/.local/lib/python3.12/site-packages/airflow/example_dags/example_sensor_decorator.py
[2024-10-16T11:40:16.378+0000] {logging_mixin.py:190} INFO - [2024-10-16T11:40:16.377+0000] {dag.py:3239} INFO - Sync 1 DAGs
[2024-10-16T11:40:16.398+0000] {logging_mixin.py:190} INFO - [2024-10-16T11:40:16.398+0000] {dag.py:4180} INFO - Setting next_dagrun for example_sensor_decorator to None, run_after=None
[2024-10-16T11:40:16.418+0000] {processor.py:208} INFO - Processing /home/airflow/.local/lib/python3.12/site-packages/airflow/example_dags/example_sensor_decorator.py took 0.091 seconds
[2024-10-16T11:40:46.588+0000] {processor.py:186} INFO - Started process (PID=126936) to work on /home/airflow/.local/lib/python3.12/site-packages/airflow/example_dags/example_sensor_decorator.py
[2024-10-16T11:40:46.589+0000] {processor.py:914} INFO - Processing file /home/airflow/.local/lib/python3.12/site-packages/airflow/example_dags/example_sensor_decorator.py for tasks to queue
[2024-10-16T11:40:46.591+0000] {logging_mixin.py:190} INFO - [2024-10-16T11:40:46.590+0000] {dagbag.py:588} INFO - Filling up the DagBag from /home/airflow/.local/lib/python3.12/site-packages/airflow/example_dags/example_sensor_decorator.py
[2024-10-16T11:40:46.599+0000] {processor.py:925} INFO - DAG(s) 'example_sensor_decorator' retrieved from /home/airflow/.local/lib/python3.12/site-packages/airflow/example_dags/example_sensor_decorator.py
[2024-10-16T11:40:46.619+0000] {logging_mixin.py:190} INFO - [2024-10-16T11:40:46.619+0000] {dag.py:3239} INFO - Sync 1 DAGs
[2024-10-16T11:40:46.636+0000] {logging_mixin.py:190} INFO - [2024-10-16T11:40:46.635+0000] {dag.py:4180} INFO - Setting next_dagrun for example_sensor_decorator to None, run_after=None
[2024-10-16T11:40:46.656+0000] {processor.py:208} INFO - Processing /home/airflow/.local/lib/python3.12/site-packages/airflow/example_dags/example_sensor_decorator.py took 0.075 seconds
[2024-10-16T11:41:17.083+0000] {processor.py:186} INFO - Started process (PID=126999) to work on /home/airflow/.local/lib/python3.12/site-packages/airflow/example_dags/example_sensor_decorator.py
[2024-10-16T11:41:17.084+0000] {processor.py:914} INFO - Processing file /home/airflow/.local/lib/python3.12/site-packages/airflow/example_dags/example_sensor_decorator.py for tasks to queue
[2024-10-16T11:41:17.085+0000] {logging_mixin.py:190} INFO - [2024-10-16T11:41:17.085+0000] {dagbag.py:588} INFO - Filling up the DagBag from /home/airflow/.local/lib/python3.12/site-packages/airflow/example_dags/example_sensor_decorator.py
[2024-10-16T11:41:17.094+0000] {processor.py:925} INFO - DAG(s) 'example_sensor_decorator' retrieved from /home/airflow/.local/lib/python3.12/site-packages/airflow/example_dags/example_sensor_decorator.py
[2024-10-16T11:41:17.115+0000] {logging_mixin.py:190} INFO - [2024-10-16T11:41:17.115+0000] {dag.py:3239} INFO - Sync 1 DAGs
[2024-10-16T11:41:17.133+0000] {logging_mixin.py:190} INFO - [2024-10-16T11:41:17.133+0000] {dag.py:4180} INFO - Setting next_dagrun for example_sensor_decorator to None, run_after=None
[2024-10-16T11:41:17.155+0000] {processor.py:208} INFO - Processing /home/airflow/.local/lib/python3.12/site-packages/airflow/example_dags/example_sensor_decorator.py took 0.078 seconds
[2024-10-16T11:41:47.915+0000] {processor.py:186} INFO - Started process (PID=127062) to work on /home/airflow/.local/lib/python3.12/site-packages/airflow/example_dags/example_sensor_decorator.py
[2024-10-16T11:41:47.916+0000] {processor.py:914} INFO - Processing file /home/airflow/.local/lib/python3.12/site-packages/airflow/example_dags/example_sensor_decorator.py for tasks to queue
[2024-10-16T11:41:47.917+0000] {logging_mixin.py:190} INFO - [2024-10-16T11:41:47.917+0000] {dagbag.py:588} INFO - Filling up the DagBag from /home/airflow/.local/lib/python3.12/site-packages/airflow/example_dags/example_sensor_decorator.py
[2024-10-16T11:41:47.926+0000] {processor.py:925} INFO - DAG(s) 'example_sensor_decorator' retrieved from /home/airflow/.local/lib/python3.12/site-packages/airflow/example_dags/example_sensor_decorator.py
[2024-10-16T11:41:47.946+0000] {logging_mixin.py:190} INFO - [2024-10-16T11:41:47.945+0000] {dag.py:3239} INFO - Sync 1 DAGs
[2024-10-16T11:41:47.963+0000] {logging_mixin.py:190} INFO - [2024-10-16T11:41:47.962+0000] {dag.py:4180} INFO - Setting next_dagrun for example_sensor_decorator to None, run_after=None
[2024-10-16T11:41:47.986+0000] {processor.py:208} INFO - Processing /home/airflow/.local/lib/python3.12/site-packages/airflow/example_dags/example_sensor_decorator.py took 0.077 seconds
[2024-10-16T11:42:19.027+0000] {processor.py:186} INFO - Started process (PID=127125) to work on /home/airflow/.local/lib/python3.12/site-packages/airflow/example_dags/example_sensor_decorator.py
[2024-10-16T11:42:19.028+0000] {processor.py:914} INFO - Processing file /home/airflow/.local/lib/python3.12/site-packages/airflow/example_dags/example_sensor_decorator.py for tasks to queue
[2024-10-16T11:42:19.030+0000] {logging_mixin.py:190} INFO - [2024-10-16T11:42:19.029+0000] {dagbag.py:588} INFO - Filling up the DagBag from /home/airflow/.local/lib/python3.12/site-packages/airflow/example_dags/example_sensor_decorator.py
[2024-10-16T11:42:19.040+0000] {processor.py:925} INFO - DAG(s) 'example_sensor_decorator' retrieved from /home/airflow/.local/lib/python3.12/site-packages/airflow/example_dags/example_sensor_decorator.py
[2024-10-16T11:42:19.062+0000] {logging_mixin.py:190} INFO - [2024-10-16T11:42:19.062+0000] {dag.py:3239} INFO - Sync 1 DAGs
[2024-10-16T11:42:19.082+0000] {logging_mixin.py:190} INFO - [2024-10-16T11:42:19.082+0000] {dag.py:4180} INFO - Setting next_dagrun for example_sensor_decorator to None, run_after=None
[2024-10-16T11:42:19.105+0000] {processor.py:208} INFO - Processing /home/airflow/.local/lib/python3.12/site-packages/airflow/example_dags/example_sensor_decorator.py took 0.085 seconds
[2024-10-16T11:42:49.884+0000] {processor.py:186} INFO - Started process (PID=127188) to work on /home/airflow/.local/lib/python3.12/site-packages/airflow/example_dags/example_sensor_decorator.py
[2024-10-16T11:42:49.886+0000] {processor.py:914} INFO - Processing file /home/airflow/.local/lib/python3.12/site-packages/airflow/example_dags/example_sensor_decorator.py for tasks to queue
[2024-10-16T11:42:49.887+0000] {logging_mixin.py:190} INFO - [2024-10-16T11:42:49.887+0000] {dagbag.py:588} INFO - Filling up the DagBag from /home/airflow/.local/lib/python3.12/site-packages/airflow/example_dags/example_sensor_decorator.py
[2024-10-16T11:42:49.895+0000] {processor.py:925} INFO - DAG(s) 'example_sensor_decorator' retrieved from /home/airflow/.local/lib/python3.12/site-packages/airflow/example_dags/example_sensor_decorator.py
[2024-10-16T11:42:49.915+0000] {logging_mixin.py:190} INFO - [2024-10-16T11:42:49.914+0000] {dag.py:3239} INFO - Sync 1 DAGs
[2024-10-16T11:42:49.930+0000] {logging_mixin.py:190} INFO - [2024-10-16T11:42:49.930+0000] {dag.py:4180} INFO - Setting next_dagrun for example_sensor_decorator to None, run_after=None
[2024-10-16T11:42:49.950+0000] {processor.py:208} INFO - Processing /home/airflow/.local/lib/python3.12/site-packages/airflow/example_dags/example_sensor_decorator.py took 0.075 seconds
[2024-10-16T11:43:20.100+0000] {processor.py:186} INFO - Started process (PID=127251) to work on /home/airflow/.local/lib/python3.12/site-packages/airflow/example_dags/example_sensor_decorator.py
[2024-10-16T11:43:20.101+0000] {processor.py:914} INFO - Processing file /home/airflow/.local/lib/python3.12/site-packages/airflow/example_dags/example_sensor_decorator.py for tasks to queue
[2024-10-16T11:43:20.102+0000] {logging_mixin.py:190} INFO - [2024-10-16T11:43:20.102+0000] {dagbag.py:588} INFO - Filling up the DagBag from /home/airflow/.local/lib/python3.12/site-packages/airflow/example_dags/example_sensor_decorator.py
[2024-10-16T11:43:20.111+0000] {processor.py:925} INFO - DAG(s) 'example_sensor_decorator' retrieved from /home/airflow/.local/lib/python3.12/site-packages/airflow/example_dags/example_sensor_decorator.py
[2024-10-16T11:43:20.131+0000] {logging_mixin.py:190} INFO - [2024-10-16T11:43:20.130+0000] {dag.py:3239} INFO - Sync 1 DAGs
[2024-10-16T11:43:20.148+0000] {logging_mixin.py:190} INFO - [2024-10-16T11:43:20.147+0000] {dag.py:4180} INFO - Setting next_dagrun for example_sensor_decorator to None, run_after=None
[2024-10-16T11:43:20.168+0000] {processor.py:208} INFO - Processing /home/airflow/.local/lib/python3.12/site-packages/airflow/example_dags/example_sensor_decorator.py took 0.074 seconds
[2024-10-16T11:43:50.524+0000] {processor.py:186} INFO - Started process (PID=127314) to work on /home/airflow/.local/lib/python3.12/site-packages/airflow/example_dags/example_sensor_decorator.py
[2024-10-16T11:43:50.525+0000] {processor.py:914} INFO - Processing file /home/airflow/.local/lib/python3.12/site-packages/airflow/example_dags/example_sensor_decorator.py for tasks to queue
[2024-10-16T11:43:50.526+0000] {logging_mixin.py:190} INFO - [2024-10-16T11:43:50.526+0000] {dagbag.py:588} INFO - Filling up the DagBag from /home/airflow/.local/lib/python3.12/site-packages/airflow/example_dags/example_sensor_decorator.py
[2024-10-16T11:43:50.535+0000] {processor.py:925} INFO - DAG(s) 'example_sensor_decorator' retrieved from /home/airflow/.local/lib/python3.12/site-packages/airflow/example_dags/example_sensor_decorator.py
[2024-10-16T11:43:50.557+0000] {logging_mixin.py:190} INFO - [2024-10-16T11:43:50.557+0000] {dag.py:3239} INFO - Sync 1 DAGs
[2024-10-16T11:43:50.574+0000] {logging_mixin.py:190} INFO - [2024-10-16T11:43:50.573+0000] {dag.py:4180} INFO - Setting next_dagrun for example_sensor_decorator to None, run_after=None
[2024-10-16T11:43:50.593+0000] {processor.py:208} INFO - Processing /home/airflow/.local/lib/python3.12/site-packages/airflow/example_dags/example_sensor_decorator.py took 0.076 seconds
[2024-10-16T11:44:22.003+0000] {processor.py:186} INFO - Started process (PID=127378) to work on /home/airflow/.local/lib/python3.12/site-packages/airflow/example_dags/example_sensor_decorator.py
[2024-10-16T11:44:22.005+0000] {processor.py:914} INFO - Processing file /home/airflow/.local/lib/python3.12/site-packages/airflow/example_dags/example_sensor_decorator.py for tasks to queue
[2024-10-16T11:44:22.007+0000] {logging_mixin.py:190} INFO - [2024-10-16T11:44:22.006+0000] {dagbag.py:588} INFO - Filling up the DagBag from /home/airflow/.local/lib/python3.12/site-packages/airflow/example_dags/example_sensor_decorator.py
[2024-10-16T11:44:22.016+0000] {processor.py:925} INFO - DAG(s) 'example_sensor_decorator' retrieved from /home/airflow/.local/lib/python3.12/site-packages/airflow/example_dags/example_sensor_decorator.py
[2024-10-16T11:44:22.035+0000] {logging_mixin.py:190} INFO - [2024-10-16T11:44:22.035+0000] {dag.py:3239} INFO - Sync 1 DAGs
[2024-10-16T11:44:22.052+0000] {logging_mixin.py:190} INFO - [2024-10-16T11:44:22.051+0000] {dag.py:4180} INFO - Setting next_dagrun for example_sensor_decorator to None, run_after=None
[2024-10-16T11:44:22.071+0000] {processor.py:208} INFO - Processing /home/airflow/.local/lib/python3.12/site-packages/airflow/example_dags/example_sensor_decorator.py took 0.074 seconds
[2024-10-16T11:44:52.376+0000] {processor.py:186} INFO - Started process (PID=127441) to work on /home/airflow/.local/lib/python3.12/site-packages/airflow/example_dags/example_sensor_decorator.py
[2024-10-16T11:44:52.377+0000] {processor.py:914} INFO - Processing file /home/airflow/.local/lib/python3.12/site-packages/airflow/example_dags/example_sensor_decorator.py for tasks to queue
[2024-10-16T11:44:52.379+0000] {logging_mixin.py:190} INFO - [2024-10-16T11:44:52.379+0000] {dagbag.py:588} INFO - Filling up the DagBag from /home/airflow/.local/lib/python3.12/site-packages/airflow/example_dags/example_sensor_decorator.py
[2024-10-16T11:44:52.388+0000] {processor.py:925} INFO - DAG(s) 'example_sensor_decorator' retrieved from /home/airflow/.local/lib/python3.12/site-packages/airflow/example_dags/example_sensor_decorator.py
[2024-10-16T11:44:52.408+0000] {logging_mixin.py:190} INFO - [2024-10-16T11:44:52.407+0000] {dag.py:3239} INFO - Sync 1 DAGs
[2024-10-16T11:44:52.424+0000] {logging_mixin.py:190} INFO - [2024-10-16T11:44:52.423+0000] {dag.py:4180} INFO - Setting next_dagrun for example_sensor_decorator to None, run_after=None
[2024-10-16T11:44:52.444+0000] {processor.py:208} INFO - Processing /home/airflow/.local/lib/python3.12/site-packages/airflow/example_dags/example_sensor_decorator.py took 0.075 seconds
[2024-10-16T11:45:24.076+0000] {processor.py:186} INFO - Started process (PID=127504) to work on /home/airflow/.local/lib/python3.12/site-packages/airflow/example_dags/example_sensor_decorator.py
[2024-10-16T11:45:24.077+0000] {processor.py:914} INFO - Processing file /home/airflow/.local/lib/python3.12/site-packages/airflow/example_dags/example_sensor_decorator.py for tasks to queue
[2024-10-16T11:45:24.078+0000] {logging_mixin.py:190} INFO - [2024-10-16T11:45:24.078+0000] {dagbag.py:588} INFO - Filling up the DagBag from /home/airflow/.local/lib/python3.12/site-packages/airflow/example_dags/example_sensor_decorator.py
[2024-10-16T11:45:24.088+0000] {processor.py:925} INFO - DAG(s) 'example_sensor_decorator' retrieved from /home/airflow/.local/lib/python3.12/site-packages/airflow/example_dags/example_sensor_decorator.py
[2024-10-16T11:45:24.113+0000] {logging_mixin.py:190} INFO - [2024-10-16T11:45:24.112+0000] {dag.py:3239} INFO - Sync 1 DAGs
[2024-10-16T11:45:24.130+0000] {logging_mixin.py:190} INFO - [2024-10-16T11:45:24.130+0000] {dag.py:4180} INFO - Setting next_dagrun for example_sensor_decorator to None, run_after=None
[2024-10-16T11:45:24.153+0000] {processor.py:208} INFO - Processing /home/airflow/.local/lib/python3.12/site-packages/airflow/example_dags/example_sensor_decorator.py took 0.084 seconds
[2024-10-16T11:45:56.510+0000] {processor.py:186} INFO - Started process (PID=127568) to work on /home/airflow/.local/lib/python3.12/site-packages/airflow/example_dags/example_sensor_decorator.py
[2024-10-16T11:45:56.512+0000] {processor.py:914} INFO - Processing file /home/airflow/.local/lib/python3.12/site-packages/airflow/example_dags/example_sensor_decorator.py for tasks to queue
[2024-10-16T11:45:56.513+0000] {logging_mixin.py:190} INFO - [2024-10-16T11:45:56.513+0000] {dagbag.py:588} INFO - Filling up the DagBag from /home/airflow/.local/lib/python3.12/site-packages/airflow/example_dags/example_sensor_decorator.py
[2024-10-16T11:45:56.524+0000] {processor.py:925} INFO - DAG(s) 'example_sensor_decorator' retrieved from /home/airflow/.local/lib/python3.12/site-packages/airflow/example_dags/example_sensor_decorator.py
[2024-10-16T11:45:56.549+0000] {logging_mixin.py:190} INFO - [2024-10-16T11:45:56.549+0000] {dag.py:3239} INFO - Sync 1 DAGs
[2024-10-16T11:45:56.574+0000] {logging_mixin.py:190} INFO - [2024-10-16T11:45:56.574+0000] {dag.py:4180} INFO - Setting next_dagrun for example_sensor_decorator to None, run_after=None
[2024-10-16T11:45:56.603+0000] {processor.py:208} INFO - Processing /home/airflow/.local/lib/python3.12/site-packages/airflow/example_dags/example_sensor_decorator.py took 0.101 seconds
