[2024-10-16T11:29:58.989+0000] {processor.py:186} INFO - Started process (PID=125588) to work on /home/airflow/.local/lib/python3.12/site-packages/airflow/example_dags/example_task_group.py
[2024-10-16T11:29:58.990+0000] {processor.py:914} INFO - Processing file /home/airflow/.local/lib/python3.12/site-packages/airflow/example_dags/example_task_group.py for tasks to queue
[2024-10-16T11:29:59.003+0000] {logging_mixin.py:190} INFO - [2024-10-16T11:29:59.002+0000] {dagbag.py:588} INFO - Filling up the DagBag from /home/airflow/.local/lib/python3.12/site-packages/airflow/example_dags/example_task_group.py
[2024-10-16T11:29:59.068+0000] {processor.py:925} INFO - DAG(s) 'example_task_group' retrieved from /home/airflow/.local/lib/python3.12/site-packages/airflow/example_dags/example_task_group.py
[2024-10-16T11:29:59.212+0000] {logging_mixin.py:190} INFO - [2024-10-16T11:29:59.211+0000] {dag.py:3239} INFO - Sync 1 DAGs
[2024-10-16T11:29:59.382+0000] {logging_mixin.py:190} INFO - [2024-10-16T11:29:59.381+0000] {dag.py:4180} INFO - Setting next_dagrun for example_task_group to None, run_after=None
[2024-10-16T11:29:59.517+0000] {processor.py:208} INFO - Processing /home/airflow/.local/lib/python3.12/site-packages/airflow/example_dags/example_task_group.py took 0.557 seconds
[2024-10-16T11:30:29.827+0000] {processor.py:186} INFO - Started process (PID=125651) to work on /home/airflow/.local/lib/python3.12/site-packages/airflow/example_dags/example_task_group.py
[2024-10-16T11:30:29.829+0000] {processor.py:914} INFO - Processing file /home/airflow/.local/lib/python3.12/site-packages/airflow/example_dags/example_task_group.py for tasks to queue
[2024-10-16T11:30:29.830+0000] {logging_mixin.py:190} INFO - [2024-10-16T11:30:29.830+0000] {dagbag.py:588} INFO - Filling up the DagBag from /home/airflow/.local/lib/python3.12/site-packages/airflow/example_dags/example_task_group.py
[2024-10-16T11:30:29.845+0000] {processor.py:925} INFO - DAG(s) 'example_task_group' retrieved from /home/airflow/.local/lib/python3.12/site-packages/airflow/example_dags/example_task_group.py
[2024-10-16T11:30:29.871+0000] {logging_mixin.py:190} INFO - [2024-10-16T11:30:29.871+0000] {dag.py:3239} INFO - Sync 1 DAGs
[2024-10-16T11:30:29.891+0000] {logging_mixin.py:190} INFO - [2024-10-16T11:30:29.890+0000] {dag.py:4180} INFO - Setting next_dagrun for example_task_group to None, run_after=None
[2024-10-16T11:30:29.919+0000] {processor.py:208} INFO - Processing /home/airflow/.local/lib/python3.12/site-packages/airflow/example_dags/example_task_group.py took 0.099 seconds
[2024-10-16T11:31:00.293+0000] {processor.py:186} INFO - Started process (PID=125714) to work on /home/airflow/.local/lib/python3.12/site-packages/airflow/example_dags/example_task_group.py
[2024-10-16T11:31:00.294+0000] {processor.py:914} INFO - Processing file /home/airflow/.local/lib/python3.12/site-packages/airflow/example_dags/example_task_group.py for tasks to queue
[2024-10-16T11:31:00.295+0000] {logging_mixin.py:190} INFO - [2024-10-16T11:31:00.295+0000] {dagbag.py:588} INFO - Filling up the DagBag from /home/airflow/.local/lib/python3.12/site-packages/airflow/example_dags/example_task_group.py
[2024-10-16T11:31:00.303+0000] {processor.py:925} INFO - DAG(s) 'example_task_group' retrieved from /home/airflow/.local/lib/python3.12/site-packages/airflow/example_dags/example_task_group.py
[2024-10-16T11:31:00.321+0000] {logging_mixin.py:190} INFO - [2024-10-16T11:31:00.321+0000] {dag.py:3239} INFO - Sync 1 DAGs
[2024-10-16T11:31:00.337+0000] {logging_mixin.py:190} INFO - [2024-10-16T11:31:00.336+0000] {dag.py:4180} INFO - Setting next_dagrun for example_task_group to None, run_after=None
[2024-10-16T11:31:00.355+0000] {processor.py:208} INFO - Processing /home/airflow/.local/lib/python3.12/site-packages/airflow/example_dags/example_task_group.py took 0.068 seconds
[2024-10-16T11:31:30.949+0000] {processor.py:186} INFO - Started process (PID=125777) to work on /home/airflow/.local/lib/python3.12/site-packages/airflow/example_dags/example_task_group.py
[2024-10-16T11:31:30.950+0000] {processor.py:914} INFO - Processing file /home/airflow/.local/lib/python3.12/site-packages/airflow/example_dags/example_task_group.py for tasks to queue
[2024-10-16T11:31:30.951+0000] {logging_mixin.py:190} INFO - [2024-10-16T11:31:30.951+0000] {dagbag.py:588} INFO - Filling up the DagBag from /home/airflow/.local/lib/python3.12/site-packages/airflow/example_dags/example_task_group.py
[2024-10-16T11:31:30.962+0000] {processor.py:925} INFO - DAG(s) 'example_task_group' retrieved from /home/airflow/.local/lib/python3.12/site-packages/airflow/example_dags/example_task_group.py
[2024-10-16T11:31:30.981+0000] {logging_mixin.py:190} INFO - [2024-10-16T11:31:30.981+0000] {dag.py:3239} INFO - Sync 1 DAGs
[2024-10-16T11:31:30.996+0000] {logging_mixin.py:190} INFO - [2024-10-16T11:31:30.996+0000] {dag.py:4180} INFO - Setting next_dagrun for example_task_group to None, run_after=None
[2024-10-16T11:31:31.013+0000] {processor.py:208} INFO - Processing /home/airflow/.local/lib/python3.12/site-packages/airflow/example_dags/example_task_group.py took 0.069 seconds
[2024-10-16T11:32:01.689+0000] {processor.py:186} INFO - Started process (PID=125840) to work on /home/airflow/.local/lib/python3.12/site-packages/airflow/example_dags/example_task_group.py
[2024-10-16T11:32:01.691+0000] {processor.py:914} INFO - Processing file /home/airflow/.local/lib/python3.12/site-packages/airflow/example_dags/example_task_group.py for tasks to queue
[2024-10-16T11:32:01.703+0000] {logging_mixin.py:190} INFO - [2024-10-16T11:32:01.702+0000] {dagbag.py:588} INFO - Filling up the DagBag from /home/airflow/.local/lib/python3.12/site-packages/airflow/example_dags/example_task_group.py
[2024-10-16T11:32:01.731+0000] {processor.py:925} INFO - DAG(s) 'example_task_group' retrieved from /home/airflow/.local/lib/python3.12/site-packages/airflow/example_dags/example_task_group.py
[2024-10-16T11:32:01.818+0000] {logging_mixin.py:190} INFO - [2024-10-16T11:32:01.817+0000] {dag.py:3239} INFO - Sync 1 DAGs
[2024-10-16T11:32:01.884+0000] {logging_mixin.py:190} INFO - [2024-10-16T11:32:01.883+0000] {dag.py:4180} INFO - Setting next_dagrun for example_task_group to None, run_after=None
[2024-10-16T11:32:02.006+0000] {processor.py:208} INFO - Processing /home/airflow/.local/lib/python3.12/site-packages/airflow/example_dags/example_task_group.py took 0.338 seconds
[2024-10-16T11:32:32.941+0000] {processor.py:186} INFO - Started process (PID=125903) to work on /home/airflow/.local/lib/python3.12/site-packages/airflow/example_dags/example_task_group.py
[2024-10-16T11:32:32.942+0000] {processor.py:914} INFO - Processing file /home/airflow/.local/lib/python3.12/site-packages/airflow/example_dags/example_task_group.py for tasks to queue
[2024-10-16T11:32:32.943+0000] {logging_mixin.py:190} INFO - [2024-10-16T11:32:32.942+0000] {dagbag.py:588} INFO - Filling up the DagBag from /home/airflow/.local/lib/python3.12/site-packages/airflow/example_dags/example_task_group.py
[2024-10-16T11:32:32.951+0000] {processor.py:925} INFO - DAG(s) 'example_task_group' retrieved from /home/airflow/.local/lib/python3.12/site-packages/airflow/example_dags/example_task_group.py
[2024-10-16T11:32:32.971+0000] {logging_mixin.py:190} INFO - [2024-10-16T11:32:32.971+0000] {dag.py:3239} INFO - Sync 1 DAGs
[2024-10-16T11:32:32.986+0000] {logging_mixin.py:190} INFO - [2024-10-16T11:32:32.986+0000] {dag.py:4180} INFO - Setting next_dagrun for example_task_group to None, run_after=None
[2024-10-16T11:32:33.005+0000] {processor.py:208} INFO - Processing /home/airflow/.local/lib/python3.12/site-packages/airflow/example_dags/example_task_group.py took 0.070 seconds
[2024-10-16T11:33:03.422+0000] {processor.py:186} INFO - Started process (PID=125966) to work on /home/airflow/.local/lib/python3.12/site-packages/airflow/example_dags/example_task_group.py
[2024-10-16T11:33:03.423+0000] {processor.py:914} INFO - Processing file /home/airflow/.local/lib/python3.12/site-packages/airflow/example_dags/example_task_group.py for tasks to queue
[2024-10-16T11:33:03.425+0000] {logging_mixin.py:190} INFO - [2024-10-16T11:33:03.424+0000] {dagbag.py:588} INFO - Filling up the DagBag from /home/airflow/.local/lib/python3.12/site-packages/airflow/example_dags/example_task_group.py
[2024-10-16T11:33:03.435+0000] {processor.py:925} INFO - DAG(s) 'example_task_group' retrieved from /home/airflow/.local/lib/python3.12/site-packages/airflow/example_dags/example_task_group.py
[2024-10-16T11:33:03.462+0000] {logging_mixin.py:190} INFO - [2024-10-16T11:33:03.462+0000] {dag.py:3239} INFO - Sync 1 DAGs
[2024-10-16T11:33:03.481+0000] {logging_mixin.py:190} INFO - [2024-10-16T11:33:03.480+0000] {dag.py:4180} INFO - Setting next_dagrun for example_task_group to None, run_after=None
[2024-10-16T11:33:03.505+0000] {processor.py:208} INFO - Processing /home/airflow/.local/lib/python3.12/site-packages/airflow/example_dags/example_task_group.py took 0.089 seconds
[2024-10-16T11:33:33.626+0000] {processor.py:186} INFO - Started process (PID=126029) to work on /home/airflow/.local/lib/python3.12/site-packages/airflow/example_dags/example_task_group.py
[2024-10-16T11:33:33.626+0000] {processor.py:914} INFO - Processing file /home/airflow/.local/lib/python3.12/site-packages/airflow/example_dags/example_task_group.py for tasks to queue
[2024-10-16T11:33:33.628+0000] {logging_mixin.py:190} INFO - [2024-10-16T11:33:33.627+0000] {dagbag.py:588} INFO - Filling up the DagBag from /home/airflow/.local/lib/python3.12/site-packages/airflow/example_dags/example_task_group.py
[2024-10-16T11:33:33.635+0000] {processor.py:925} INFO - DAG(s) 'example_task_group' retrieved from /home/airflow/.local/lib/python3.12/site-packages/airflow/example_dags/example_task_group.py
[2024-10-16T11:33:33.655+0000] {logging_mixin.py:190} INFO - [2024-10-16T11:33:33.655+0000] {dag.py:3239} INFO - Sync 1 DAGs
[2024-10-16T11:33:33.669+0000] {logging_mixin.py:190} INFO - [2024-10-16T11:33:33.669+0000] {dag.py:4180} INFO - Setting next_dagrun for example_task_group to None, run_after=None
[2024-10-16T11:33:33.688+0000] {processor.py:208} INFO - Processing /home/airflow/.local/lib/python3.12/site-packages/airflow/example_dags/example_task_group.py took 0.068 seconds
[2024-10-16T11:34:04.034+0000] {processor.py:186} INFO - Started process (PID=126092) to work on /home/airflow/.local/lib/python3.12/site-packages/airflow/example_dags/example_task_group.py
[2024-10-16T11:34:04.035+0000] {processor.py:914} INFO - Processing file /home/airflow/.local/lib/python3.12/site-packages/airflow/example_dags/example_task_group.py for tasks to queue
[2024-10-16T11:34:04.036+0000] {logging_mixin.py:190} INFO - [2024-10-16T11:34:04.035+0000] {dagbag.py:588} INFO - Filling up the DagBag from /home/airflow/.local/lib/python3.12/site-packages/airflow/example_dags/example_task_group.py
[2024-10-16T11:34:04.044+0000] {processor.py:925} INFO - DAG(s) 'example_task_group' retrieved from /home/airflow/.local/lib/python3.12/site-packages/airflow/example_dags/example_task_group.py
[2024-10-16T11:34:04.064+0000] {logging_mixin.py:190} INFO - [2024-10-16T11:34:04.064+0000] {dag.py:3239} INFO - Sync 1 DAGs
[2024-10-16T11:34:04.078+0000] {logging_mixin.py:190} INFO - [2024-10-16T11:34:04.077+0000] {dag.py:4180} INFO - Setting next_dagrun for example_task_group to None, run_after=None
[2024-10-16T11:34:04.097+0000] {processor.py:208} INFO - Processing /home/airflow/.local/lib/python3.12/site-packages/airflow/example_dags/example_task_group.py took 0.069 seconds
[2024-10-16T11:34:34.378+0000] {processor.py:186} INFO - Started process (PID=126156) to work on /home/airflow/.local/lib/python3.12/site-packages/airflow/example_dags/example_task_group.py
[2024-10-16T11:34:34.379+0000] {processor.py:914} INFO - Processing file /home/airflow/.local/lib/python3.12/site-packages/airflow/example_dags/example_task_group.py for tasks to queue
[2024-10-16T11:34:34.380+0000] {logging_mixin.py:190} INFO - [2024-10-16T11:34:34.379+0000] {dagbag.py:588} INFO - Filling up the DagBag from /home/airflow/.local/lib/python3.12/site-packages/airflow/example_dags/example_task_group.py
[2024-10-16T11:34:34.389+0000] {processor.py:925} INFO - DAG(s) 'example_task_group' retrieved from /home/airflow/.local/lib/python3.12/site-packages/airflow/example_dags/example_task_group.py
[2024-10-16T11:34:34.411+0000] {logging_mixin.py:190} INFO - [2024-10-16T11:34:34.411+0000] {dag.py:3239} INFO - Sync 1 DAGs
[2024-10-16T11:34:34.427+0000] {logging_mixin.py:190} INFO - [2024-10-16T11:34:34.427+0000] {dag.py:4180} INFO - Setting next_dagrun for example_task_group to None, run_after=None
[2024-10-16T11:34:34.446+0000] {processor.py:208} INFO - Processing /home/airflow/.local/lib/python3.12/site-packages/airflow/example_dags/example_task_group.py took 0.073 seconds
[2024-10-16T11:35:04.587+0000] {processor.py:186} INFO - Started process (PID=126219) to work on /home/airflow/.local/lib/python3.12/site-packages/airflow/example_dags/example_task_group.py
[2024-10-16T11:35:04.588+0000] {processor.py:914} INFO - Processing file /home/airflow/.local/lib/python3.12/site-packages/airflow/example_dags/example_task_group.py for tasks to queue
[2024-10-16T11:35:04.589+0000] {logging_mixin.py:190} INFO - [2024-10-16T11:35:04.589+0000] {dagbag.py:588} INFO - Filling up the DagBag from /home/airflow/.local/lib/python3.12/site-packages/airflow/example_dags/example_task_group.py
[2024-10-16T11:35:04.599+0000] {processor.py:925} INFO - DAG(s) 'example_task_group' retrieved from /home/airflow/.local/lib/python3.12/site-packages/airflow/example_dags/example_task_group.py
[2024-10-16T11:35:04.622+0000] {logging_mixin.py:190} INFO - [2024-10-16T11:35:04.622+0000] {dag.py:3239} INFO - Sync 1 DAGs
[2024-10-16T11:35:04.636+0000] {logging_mixin.py:190} INFO - [2024-10-16T11:35:04.636+0000] {dag.py:4180} INFO - Setting next_dagrun for example_task_group to None, run_after=None
[2024-10-16T11:35:04.654+0000] {processor.py:208} INFO - Processing /home/airflow/.local/lib/python3.12/site-packages/airflow/example_dags/example_task_group.py took 0.073 seconds
[2024-10-16T11:35:35.147+0000] {processor.py:186} INFO - Started process (PID=126282) to work on /home/airflow/.local/lib/python3.12/site-packages/airflow/example_dags/example_task_group.py
[2024-10-16T11:35:35.147+0000] {processor.py:914} INFO - Processing file /home/airflow/.local/lib/python3.12/site-packages/airflow/example_dags/example_task_group.py for tasks to queue
[2024-10-16T11:35:35.149+0000] {logging_mixin.py:190} INFO - [2024-10-16T11:35:35.148+0000] {dagbag.py:588} INFO - Filling up the DagBag from /home/airflow/.local/lib/python3.12/site-packages/airflow/example_dags/example_task_group.py
[2024-10-16T11:35:35.156+0000] {processor.py:925} INFO - DAG(s) 'example_task_group' retrieved from /home/airflow/.local/lib/python3.12/site-packages/airflow/example_dags/example_task_group.py
[2024-10-16T11:35:35.176+0000] {logging_mixin.py:190} INFO - [2024-10-16T11:35:35.176+0000] {dag.py:3239} INFO - Sync 1 DAGs
[2024-10-16T11:35:35.189+0000] {logging_mixin.py:190} INFO - [2024-10-16T11:35:35.189+0000] {dag.py:4180} INFO - Setting next_dagrun for example_task_group to None, run_after=None
[2024-10-16T11:35:35.206+0000] {processor.py:208} INFO - Processing /home/airflow/.local/lib/python3.12/site-packages/airflow/example_dags/example_task_group.py took 0.064 seconds
[2024-10-16T11:36:05.870+0000] {processor.py:186} INFO - Started process (PID=126345) to work on /home/airflow/.local/lib/python3.12/site-packages/airflow/example_dags/example_task_group.py
[2024-10-16T11:36:05.871+0000] {processor.py:914} INFO - Processing file /home/airflow/.local/lib/python3.12/site-packages/airflow/example_dags/example_task_group.py for tasks to queue
[2024-10-16T11:36:05.872+0000] {logging_mixin.py:190} INFO - [2024-10-16T11:36:05.872+0000] {dagbag.py:588} INFO - Filling up the DagBag from /home/airflow/.local/lib/python3.12/site-packages/airflow/example_dags/example_task_group.py
[2024-10-16T11:36:05.879+0000] {processor.py:925} INFO - DAG(s) 'example_task_group' retrieved from /home/airflow/.local/lib/python3.12/site-packages/airflow/example_dags/example_task_group.py
[2024-10-16T11:36:05.898+0000] {logging_mixin.py:190} INFO - [2024-10-16T11:36:05.897+0000] {dag.py:3239} INFO - Sync 1 DAGs
[2024-10-16T11:36:05.912+0000] {logging_mixin.py:190} INFO - [2024-10-16T11:36:05.911+0000] {dag.py:4180} INFO - Setting next_dagrun for example_task_group to None, run_after=None
[2024-10-16T11:36:05.929+0000] {processor.py:208} INFO - Processing /home/airflow/.local/lib/python3.12/site-packages/airflow/example_dags/example_task_group.py took 0.065 seconds
[2024-10-16T11:36:36.385+0000] {processor.py:186} INFO - Started process (PID=126409) to work on /home/airflow/.local/lib/python3.12/site-packages/airflow/example_dags/example_task_group.py
[2024-10-16T11:36:36.386+0000] {processor.py:914} INFO - Processing file /home/airflow/.local/lib/python3.12/site-packages/airflow/example_dags/example_task_group.py for tasks to queue
[2024-10-16T11:36:36.387+0000] {logging_mixin.py:190} INFO - [2024-10-16T11:36:36.387+0000] {dagbag.py:588} INFO - Filling up the DagBag from /home/airflow/.local/lib/python3.12/site-packages/airflow/example_dags/example_task_group.py
[2024-10-16T11:36:36.395+0000] {processor.py:925} INFO - DAG(s) 'example_task_group' retrieved from /home/airflow/.local/lib/python3.12/site-packages/airflow/example_dags/example_task_group.py
[2024-10-16T11:36:36.417+0000] {logging_mixin.py:190} INFO - [2024-10-16T11:36:36.417+0000] {dag.py:3239} INFO - Sync 1 DAGs
[2024-10-16T11:36:36.434+0000] {logging_mixin.py:190} INFO - [2024-10-16T11:36:36.433+0000] {dag.py:4180} INFO - Setting next_dagrun for example_task_group to None, run_after=None
[2024-10-16T11:36:36.454+0000] {processor.py:208} INFO - Processing /home/airflow/.local/lib/python3.12/site-packages/airflow/example_dags/example_task_group.py took 0.074 seconds
[2024-10-16T11:37:06.780+0000] {processor.py:186} INFO - Started process (PID=126472) to work on /home/airflow/.local/lib/python3.12/site-packages/airflow/example_dags/example_task_group.py
[2024-10-16T11:37:06.781+0000] {processor.py:914} INFO - Processing file /home/airflow/.local/lib/python3.12/site-packages/airflow/example_dags/example_task_group.py for tasks to queue
[2024-10-16T11:37:06.782+0000] {logging_mixin.py:190} INFO - [2024-10-16T11:37:06.782+0000] {dagbag.py:588} INFO - Filling up the DagBag from /home/airflow/.local/lib/python3.12/site-packages/airflow/example_dags/example_task_group.py
[2024-10-16T11:37:06.790+0000] {processor.py:925} INFO - DAG(s) 'example_task_group' retrieved from /home/airflow/.local/lib/python3.12/site-packages/airflow/example_dags/example_task_group.py
[2024-10-16T11:37:06.811+0000] {logging_mixin.py:190} INFO - [2024-10-16T11:37:06.811+0000] {dag.py:3239} INFO - Sync 1 DAGs
[2024-10-16T11:37:06.825+0000] {logging_mixin.py:190} INFO - [2024-10-16T11:37:06.825+0000] {dag.py:4180} INFO - Setting next_dagrun for example_task_group to None, run_after=None
[2024-10-16T11:37:06.844+0000] {processor.py:208} INFO - Processing /home/airflow/.local/lib/python3.12/site-packages/airflow/example_dags/example_task_group.py took 0.069 seconds
[2024-10-16T11:37:37.260+0000] {processor.py:186} INFO - Started process (PID=126535) to work on /home/airflow/.local/lib/python3.12/site-packages/airflow/example_dags/example_task_group.py
[2024-10-16T11:37:37.261+0000] {processor.py:914} INFO - Processing file /home/airflow/.local/lib/python3.12/site-packages/airflow/example_dags/example_task_group.py for tasks to queue
[2024-10-16T11:37:37.262+0000] {logging_mixin.py:190} INFO - [2024-10-16T11:37:37.262+0000] {dagbag.py:588} INFO - Filling up the DagBag from /home/airflow/.local/lib/python3.12/site-packages/airflow/example_dags/example_task_group.py
[2024-10-16T11:37:37.271+0000] {processor.py:925} INFO - DAG(s) 'example_task_group' retrieved from /home/airflow/.local/lib/python3.12/site-packages/airflow/example_dags/example_task_group.py
[2024-10-16T11:37:37.291+0000] {logging_mixin.py:190} INFO - [2024-10-16T11:37:37.291+0000] {dag.py:3239} INFO - Sync 1 DAGs
[2024-10-16T11:37:37.307+0000] {logging_mixin.py:190} INFO - [2024-10-16T11:37:37.306+0000] {dag.py:4180} INFO - Setting next_dagrun for example_task_group to None, run_after=None
[2024-10-16T11:37:37.326+0000] {processor.py:208} INFO - Processing /home/airflow/.local/lib/python3.12/site-packages/airflow/example_dags/example_task_group.py took 0.071 seconds
[2024-10-16T11:38:07.515+0000] {processor.py:186} INFO - Started process (PID=126598) to work on /home/airflow/.local/lib/python3.12/site-packages/airflow/example_dags/example_task_group.py
[2024-10-16T11:38:07.516+0000] {processor.py:914} INFO - Processing file /home/airflow/.local/lib/python3.12/site-packages/airflow/example_dags/example_task_group.py for tasks to queue
[2024-10-16T11:38:07.518+0000] {logging_mixin.py:190} INFO - [2024-10-16T11:38:07.517+0000] {dagbag.py:588} INFO - Filling up the DagBag from /home/airflow/.local/lib/python3.12/site-packages/airflow/example_dags/example_task_group.py
[2024-10-16T11:38:07.528+0000] {processor.py:925} INFO - DAG(s) 'example_task_group' retrieved from /home/airflow/.local/lib/python3.12/site-packages/airflow/example_dags/example_task_group.py
[2024-10-16T11:38:07.554+0000] {logging_mixin.py:190} INFO - [2024-10-16T11:38:07.554+0000] {dag.py:3239} INFO - Sync 1 DAGs
[2024-10-16T11:38:07.570+0000] {logging_mixin.py:190} INFO - [2024-10-16T11:38:07.570+0000] {dag.py:4180} INFO - Setting next_dagrun for example_task_group to None, run_after=None
[2024-10-16T11:38:07.591+0000] {processor.py:208} INFO - Processing /home/airflow/.local/lib/python3.12/site-packages/airflow/example_dags/example_task_group.py took 0.082 seconds
[2024-10-16T11:38:38.217+0000] {processor.py:186} INFO - Started process (PID=126662) to work on /home/airflow/.local/lib/python3.12/site-packages/airflow/example_dags/example_task_group.py
[2024-10-16T11:38:38.218+0000] {processor.py:914} INFO - Processing file /home/airflow/.local/lib/python3.12/site-packages/airflow/example_dags/example_task_group.py for tasks to queue
[2024-10-16T11:38:38.219+0000] {logging_mixin.py:190} INFO - [2024-10-16T11:38:38.219+0000] {dagbag.py:588} INFO - Filling up the DagBag from /home/airflow/.local/lib/python3.12/site-packages/airflow/example_dags/example_task_group.py
[2024-10-16T11:38:38.229+0000] {processor.py:925} INFO - DAG(s) 'example_task_group' retrieved from /home/airflow/.local/lib/python3.12/site-packages/airflow/example_dags/example_task_group.py
[2024-10-16T11:38:38.252+0000] {logging_mixin.py:190} INFO - [2024-10-16T11:38:38.252+0000] {dag.py:3239} INFO - Sync 1 DAGs
[2024-10-16T11:38:38.269+0000] {logging_mixin.py:190} INFO - [2024-10-16T11:38:38.269+0000] {dag.py:4180} INFO - Setting next_dagrun for example_task_group to None, run_after=None
[2024-10-16T11:38:38.289+0000] {processor.py:208} INFO - Processing /home/airflow/.local/lib/python3.12/site-packages/airflow/example_dags/example_task_group.py took 0.079 seconds
[2024-10-16T11:39:09.143+0000] {processor.py:186} INFO - Started process (PID=126724) to work on /home/airflow/.local/lib/python3.12/site-packages/airflow/example_dags/example_task_group.py
[2024-10-16T11:39:09.145+0000] {processor.py:914} INFO - Processing file /home/airflow/.local/lib/python3.12/site-packages/airflow/example_dags/example_task_group.py for tasks to queue
[2024-10-16T11:39:09.146+0000] {logging_mixin.py:190} INFO - [2024-10-16T11:39:09.146+0000] {dagbag.py:588} INFO - Filling up the DagBag from /home/airflow/.local/lib/python3.12/site-packages/airflow/example_dags/example_task_group.py
[2024-10-16T11:39:09.156+0000] {processor.py:925} INFO - DAG(s) 'example_task_group' retrieved from /home/airflow/.local/lib/python3.12/site-packages/airflow/example_dags/example_task_group.py
[2024-10-16T11:39:09.181+0000] {logging_mixin.py:190} INFO - [2024-10-16T11:39:09.180+0000] {dag.py:3239} INFO - Sync 1 DAGs
[2024-10-16T11:39:09.198+0000] {logging_mixin.py:190} INFO - [2024-10-16T11:39:09.198+0000] {dag.py:4180} INFO - Setting next_dagrun for example_task_group to None, run_after=None
[2024-10-16T11:39:09.219+0000] {processor.py:208} INFO - Processing /home/airflow/.local/lib/python3.12/site-packages/airflow/example_dags/example_task_group.py took 0.082 seconds
[2024-10-16T11:39:39.992+0000] {processor.py:186} INFO - Started process (PID=126787) to work on /home/airflow/.local/lib/python3.12/site-packages/airflow/example_dags/example_task_group.py
[2024-10-16T11:39:39.993+0000] {processor.py:914} INFO - Processing file /home/airflow/.local/lib/python3.12/site-packages/airflow/example_dags/example_task_group.py for tasks to queue
[2024-10-16T11:39:39.995+0000] {logging_mixin.py:190} INFO - [2024-10-16T11:39:39.995+0000] {dagbag.py:588} INFO - Filling up the DagBag from /home/airflow/.local/lib/python3.12/site-packages/airflow/example_dags/example_task_group.py
[2024-10-16T11:39:40.007+0000] {processor.py:925} INFO - DAG(s) 'example_task_group' retrieved from /home/airflow/.local/lib/python3.12/site-packages/airflow/example_dags/example_task_group.py
[2024-10-16T11:39:40.031+0000] {logging_mixin.py:190} INFO - [2024-10-16T11:39:40.030+0000] {dag.py:3239} INFO - Sync 1 DAGs
[2024-10-16T11:39:40.047+0000] {logging_mixin.py:190} INFO - [2024-10-16T11:39:40.047+0000] {dag.py:4180} INFO - Setting next_dagrun for example_task_group to None, run_after=None
[2024-10-16T11:39:40.068+0000] {processor.py:208} INFO - Processing /home/airflow/.local/lib/python3.12/site-packages/airflow/example_dags/example_task_group.py took 0.084 seconds
[2024-10-16T11:40:10.738+0000] {processor.py:186} INFO - Started process (PID=126850) to work on /home/airflow/.local/lib/python3.12/site-packages/airflow/example_dags/example_task_group.py
[2024-10-16T11:40:10.740+0000] {processor.py:914} INFO - Processing file /home/airflow/.local/lib/python3.12/site-packages/airflow/example_dags/example_task_group.py for tasks to queue
[2024-10-16T11:40:10.743+0000] {logging_mixin.py:190} INFO - [2024-10-16T11:40:10.742+0000] {dagbag.py:588} INFO - Filling up the DagBag from /home/airflow/.local/lib/python3.12/site-packages/airflow/example_dags/example_task_group.py
[2024-10-16T11:40:10.765+0000] {processor.py:925} INFO - DAG(s) 'example_task_group' retrieved from /home/airflow/.local/lib/python3.12/site-packages/airflow/example_dags/example_task_group.py
[2024-10-16T11:40:10.804+0000] {logging_mixin.py:190} INFO - [2024-10-16T11:40:10.804+0000] {dag.py:3239} INFO - Sync 1 DAGs
[2024-10-16T11:40:10.824+0000] {logging_mixin.py:190} INFO - [2024-10-16T11:40:10.823+0000] {dag.py:4180} INFO - Setting next_dagrun for example_task_group to None, run_after=None
[2024-10-16T11:40:10.847+0000] {processor.py:208} INFO - Processing /home/airflow/.local/lib/python3.12/site-packages/airflow/example_dags/example_task_group.py took 0.118 seconds
[2024-10-16T11:40:41.029+0000] {processor.py:186} INFO - Started process (PID=126912) to work on /home/airflow/.local/lib/python3.12/site-packages/airflow/example_dags/example_task_group.py
[2024-10-16T11:40:41.030+0000] {processor.py:914} INFO - Processing file /home/airflow/.local/lib/python3.12/site-packages/airflow/example_dags/example_task_group.py for tasks to queue
[2024-10-16T11:40:41.031+0000] {logging_mixin.py:190} INFO - [2024-10-16T11:40:41.031+0000] {dagbag.py:588} INFO - Filling up the DagBag from /home/airflow/.local/lib/python3.12/site-packages/airflow/example_dags/example_task_group.py
[2024-10-16T11:40:41.041+0000] {processor.py:925} INFO - DAG(s) 'example_task_group' retrieved from /home/airflow/.local/lib/python3.12/site-packages/airflow/example_dags/example_task_group.py
[2024-10-16T11:40:41.067+0000] {logging_mixin.py:190} INFO - [2024-10-16T11:40:41.067+0000] {dag.py:3239} INFO - Sync 1 DAGs
[2024-10-16T11:40:41.083+0000] {logging_mixin.py:190} INFO - [2024-10-16T11:40:41.083+0000] {dag.py:4180} INFO - Setting next_dagrun for example_task_group to None, run_after=None
[2024-10-16T11:40:41.105+0000] {processor.py:208} INFO - Processing /home/airflow/.local/lib/python3.12/site-packages/airflow/example_dags/example_task_group.py took 0.082 seconds
[2024-10-16T11:41:11.229+0000] {processor.py:186} INFO - Started process (PID=126975) to work on /home/airflow/.local/lib/python3.12/site-packages/airflow/example_dags/example_task_group.py
[2024-10-16T11:41:11.230+0000] {processor.py:914} INFO - Processing file /home/airflow/.local/lib/python3.12/site-packages/airflow/example_dags/example_task_group.py for tasks to queue
[2024-10-16T11:41:11.232+0000] {logging_mixin.py:190} INFO - [2024-10-16T11:41:11.231+0000] {dagbag.py:588} INFO - Filling up the DagBag from /home/airflow/.local/lib/python3.12/site-packages/airflow/example_dags/example_task_group.py
[2024-10-16T11:41:11.241+0000] {processor.py:925} INFO - DAG(s) 'example_task_group' retrieved from /home/airflow/.local/lib/python3.12/site-packages/airflow/example_dags/example_task_group.py
[2024-10-16T11:41:11.264+0000] {logging_mixin.py:190} INFO - [2024-10-16T11:41:11.264+0000] {dag.py:3239} INFO - Sync 1 DAGs
[2024-10-16T11:41:11.282+0000] {logging_mixin.py:190} INFO - [2024-10-16T11:41:11.281+0000] {dag.py:4180} INFO - Setting next_dagrun for example_task_group to None, run_after=None
[2024-10-16T11:41:11.307+0000] {processor.py:208} INFO - Processing /home/airflow/.local/lib/python3.12/site-packages/airflow/example_dags/example_task_group.py took 0.084 seconds
[2024-10-16T11:41:41.614+0000] {processor.py:186} INFO - Started process (PID=127038) to work on /home/airflow/.local/lib/python3.12/site-packages/airflow/example_dags/example_task_group.py
[2024-10-16T11:41:41.615+0000] {processor.py:914} INFO - Processing file /home/airflow/.local/lib/python3.12/site-packages/airflow/example_dags/example_task_group.py for tasks to queue
[2024-10-16T11:41:41.616+0000] {logging_mixin.py:190} INFO - [2024-10-16T11:41:41.616+0000] {dagbag.py:588} INFO - Filling up the DagBag from /home/airflow/.local/lib/python3.12/site-packages/airflow/example_dags/example_task_group.py
[2024-10-16T11:41:41.627+0000] {processor.py:925} INFO - DAG(s) 'example_task_group' retrieved from /home/airflow/.local/lib/python3.12/site-packages/airflow/example_dags/example_task_group.py
[2024-10-16T11:41:41.650+0000] {logging_mixin.py:190} INFO - [2024-10-16T11:41:41.650+0000] {dag.py:3239} INFO - Sync 1 DAGs
[2024-10-16T11:41:41.666+0000] {logging_mixin.py:190} INFO - [2024-10-16T11:41:41.666+0000] {dag.py:4180} INFO - Setting next_dagrun for example_task_group to None, run_after=None
[2024-10-16T11:41:41.688+0000] {processor.py:208} INFO - Processing /home/airflow/.local/lib/python3.12/site-packages/airflow/example_dags/example_task_group.py took 0.079 seconds
[2024-10-16T11:42:12.603+0000] {processor.py:186} INFO - Started process (PID=127101) to work on /home/airflow/.local/lib/python3.12/site-packages/airflow/example_dags/example_task_group.py
[2024-10-16T11:42:12.604+0000] {processor.py:914} INFO - Processing file /home/airflow/.local/lib/python3.12/site-packages/airflow/example_dags/example_task_group.py for tasks to queue
[2024-10-16T11:42:12.605+0000] {logging_mixin.py:190} INFO - [2024-10-16T11:42:12.605+0000] {dagbag.py:588} INFO - Filling up the DagBag from /home/airflow/.local/lib/python3.12/site-packages/airflow/example_dags/example_task_group.py
[2024-10-16T11:42:12.616+0000] {processor.py:925} INFO - DAG(s) 'example_task_group' retrieved from /home/airflow/.local/lib/python3.12/site-packages/airflow/example_dags/example_task_group.py
[2024-10-16T11:42:12.640+0000] {logging_mixin.py:190} INFO - [2024-10-16T11:42:12.640+0000] {dag.py:3239} INFO - Sync 1 DAGs
[2024-10-16T11:42:12.660+0000] {logging_mixin.py:190} INFO - [2024-10-16T11:42:12.660+0000] {dag.py:4180} INFO - Setting next_dagrun for example_task_group to None, run_after=None
[2024-10-16T11:42:12.681+0000] {processor.py:208} INFO - Processing /home/airflow/.local/lib/python3.12/site-packages/airflow/example_dags/example_task_group.py took 0.084 seconds
[2024-10-16T11:42:42.735+0000] {processor.py:186} INFO - Started process (PID=127164) to work on /home/airflow/.local/lib/python3.12/site-packages/airflow/example_dags/example_task_group.py
[2024-10-16T11:42:42.736+0000] {processor.py:914} INFO - Processing file /home/airflow/.local/lib/python3.12/site-packages/airflow/example_dags/example_task_group.py for tasks to queue
[2024-10-16T11:42:42.738+0000] {logging_mixin.py:190} INFO - [2024-10-16T11:42:42.737+0000] {dagbag.py:588} INFO - Filling up the DagBag from /home/airflow/.local/lib/python3.12/site-packages/airflow/example_dags/example_task_group.py
[2024-10-16T11:42:42.748+0000] {processor.py:925} INFO - DAG(s) 'example_task_group' retrieved from /home/airflow/.local/lib/python3.12/site-packages/airflow/example_dags/example_task_group.py
[2024-10-16T11:42:42.771+0000] {logging_mixin.py:190} INFO - [2024-10-16T11:42:42.771+0000] {dag.py:3239} INFO - Sync 1 DAGs
[2024-10-16T11:42:42.790+0000] {logging_mixin.py:190} INFO - [2024-10-16T11:42:42.789+0000] {dag.py:4180} INFO - Setting next_dagrun for example_task_group to None, run_after=None
[2024-10-16T11:42:42.810+0000] {processor.py:208} INFO - Processing /home/airflow/.local/lib/python3.12/site-packages/airflow/example_dags/example_task_group.py took 0.082 seconds
[2024-10-16T11:43:13.519+0000] {processor.py:186} INFO - Started process (PID=127227) to work on /home/airflow/.local/lib/python3.12/site-packages/airflow/example_dags/example_task_group.py
[2024-10-16T11:43:13.520+0000] {processor.py:914} INFO - Processing file /home/airflow/.local/lib/python3.12/site-packages/airflow/example_dags/example_task_group.py for tasks to queue
[2024-10-16T11:43:13.521+0000] {logging_mixin.py:190} INFO - [2024-10-16T11:43:13.521+0000] {dagbag.py:588} INFO - Filling up the DagBag from /home/airflow/.local/lib/python3.12/site-packages/airflow/example_dags/example_task_group.py
[2024-10-16T11:43:13.531+0000] {processor.py:925} INFO - DAG(s) 'example_task_group' retrieved from /home/airflow/.local/lib/python3.12/site-packages/airflow/example_dags/example_task_group.py
[2024-10-16T11:43:13.557+0000] {logging_mixin.py:190} INFO - [2024-10-16T11:43:13.557+0000] {dag.py:3239} INFO - Sync 1 DAGs
[2024-10-16T11:43:13.574+0000] {logging_mixin.py:190} INFO - [2024-10-16T11:43:13.573+0000] {dag.py:4180} INFO - Setting next_dagrun for example_task_group to None, run_after=None
[2024-10-16T11:43:13.594+0000] {processor.py:208} INFO - Processing /home/airflow/.local/lib/python3.12/site-packages/airflow/example_dags/example_task_group.py took 0.082 seconds
[2024-10-16T11:43:43.772+0000] {processor.py:186} INFO - Started process (PID=127290) to work on /home/airflow/.local/lib/python3.12/site-packages/airflow/example_dags/example_task_group.py
[2024-10-16T11:43:43.773+0000] {processor.py:914} INFO - Processing file /home/airflow/.local/lib/python3.12/site-packages/airflow/example_dags/example_task_group.py for tasks to queue
[2024-10-16T11:43:43.774+0000] {logging_mixin.py:190} INFO - [2024-10-16T11:43:43.774+0000] {dagbag.py:588} INFO - Filling up the DagBag from /home/airflow/.local/lib/python3.12/site-packages/airflow/example_dags/example_task_group.py
[2024-10-16T11:43:43.784+0000] {processor.py:925} INFO - DAG(s) 'example_task_group' retrieved from /home/airflow/.local/lib/python3.12/site-packages/airflow/example_dags/example_task_group.py
[2024-10-16T11:43:43.808+0000] {logging_mixin.py:190} INFO - [2024-10-16T11:43:43.807+0000] {dag.py:3239} INFO - Sync 1 DAGs
[2024-10-16T11:43:43.824+0000] {logging_mixin.py:190} INFO - [2024-10-16T11:43:43.824+0000] {dag.py:4180} INFO - Setting next_dagrun for example_task_group to None, run_after=None
[2024-10-16T11:43:43.846+0000] {processor.py:208} INFO - Processing /home/airflow/.local/lib/python3.12/site-packages/airflow/example_dags/example_task_group.py took 0.080 seconds
[2024-10-16T11:44:13.995+0000] {processor.py:186} INFO - Started process (PID=127353) to work on /home/airflow/.local/lib/python3.12/site-packages/airflow/example_dags/example_task_group.py
[2024-10-16T11:44:13.996+0000] {processor.py:914} INFO - Processing file /home/airflow/.local/lib/python3.12/site-packages/airflow/example_dags/example_task_group.py for tasks to queue
[2024-10-16T11:44:13.998+0000] {logging_mixin.py:190} INFO - [2024-10-16T11:44:13.997+0000] {dagbag.py:588} INFO - Filling up the DagBag from /home/airflow/.local/lib/python3.12/site-packages/airflow/example_dags/example_task_group.py
[2024-10-16T11:44:14.007+0000] {processor.py:925} INFO - DAG(s) 'example_task_group' retrieved from /home/airflow/.local/lib/python3.12/site-packages/airflow/example_dags/example_task_group.py
[2024-10-16T11:44:14.028+0000] {logging_mixin.py:190} INFO - [2024-10-16T11:44:14.027+0000] {dag.py:3239} INFO - Sync 1 DAGs
[2024-10-16T11:44:14.047+0000] {logging_mixin.py:190} INFO - [2024-10-16T11:44:14.047+0000] {dag.py:4180} INFO - Setting next_dagrun for example_task_group to None, run_after=None
[2024-10-16T11:44:14.069+0000] {processor.py:208} INFO - Processing /home/airflow/.local/lib/python3.12/site-packages/airflow/example_dags/example_task_group.py took 0.080 seconds
[2024-10-16T11:44:44.729+0000] {processor.py:186} INFO - Started process (PID=127423) to work on /home/airflow/.local/lib/python3.12/site-packages/airflow/example_dags/example_task_group.py
[2024-10-16T11:44:44.730+0000] {processor.py:914} INFO - Processing file /home/airflow/.local/lib/python3.12/site-packages/airflow/example_dags/example_task_group.py for tasks to queue
[2024-10-16T11:44:44.733+0000] {logging_mixin.py:190} INFO - [2024-10-16T11:44:44.732+0000] {dagbag.py:588} INFO - Filling up the DagBag from /home/airflow/.local/lib/python3.12/site-packages/airflow/example_dags/example_task_group.py
[2024-10-16T11:44:44.744+0000] {processor.py:925} INFO - DAG(s) 'example_task_group' retrieved from /home/airflow/.local/lib/python3.12/site-packages/airflow/example_dags/example_task_group.py
[2024-10-16T11:44:44.769+0000] {logging_mixin.py:190} INFO - [2024-10-16T11:44:44.769+0000] {dag.py:3239} INFO - Sync 1 DAGs
[2024-10-16T11:44:44.791+0000] {logging_mixin.py:190} INFO - [2024-10-16T11:44:44.791+0000] {dag.py:4180} INFO - Setting next_dagrun for example_task_group to None, run_after=None
[2024-10-16T11:44:44.816+0000] {processor.py:208} INFO - Processing /home/airflow/.local/lib/python3.12/site-packages/airflow/example_dags/example_task_group.py took 0.095 seconds
[2024-10-16T11:45:15.003+0000] {processor.py:186} INFO - Started process (PID=127486) to work on /home/airflow/.local/lib/python3.12/site-packages/airflow/example_dags/example_task_group.py
[2024-10-16T11:45:15.004+0000] {processor.py:914} INFO - Processing file /home/airflow/.local/lib/python3.12/site-packages/airflow/example_dags/example_task_group.py for tasks to queue
[2024-10-16T11:45:15.005+0000] {logging_mixin.py:190} INFO - [2024-10-16T11:45:15.005+0000] {dagbag.py:588} INFO - Filling up the DagBag from /home/airflow/.local/lib/python3.12/site-packages/airflow/example_dags/example_task_group.py
[2024-10-16T11:45:15.014+0000] {processor.py:925} INFO - DAG(s) 'example_task_group' retrieved from /home/airflow/.local/lib/python3.12/site-packages/airflow/example_dags/example_task_group.py
[2024-10-16T11:45:15.038+0000] {logging_mixin.py:190} INFO - [2024-10-16T11:45:15.037+0000] {dag.py:3239} INFO - Sync 1 DAGs
[2024-10-16T11:45:15.054+0000] {logging_mixin.py:190} INFO - [2024-10-16T11:45:15.054+0000] {dag.py:4180} INFO - Setting next_dagrun for example_task_group to None, run_after=None
[2024-10-16T11:45:15.074+0000] {processor.py:208} INFO - Processing /home/airflow/.local/lib/python3.12/site-packages/airflow/example_dags/example_task_group.py took 0.078 seconds
[2024-10-16T11:45:45.414+0000] {processor.py:186} INFO - Started process (PID=127550) to work on /home/airflow/.local/lib/python3.12/site-packages/airflow/example_dags/example_task_group.py
[2024-10-16T11:45:45.415+0000] {processor.py:914} INFO - Processing file /home/airflow/.local/lib/python3.12/site-packages/airflow/example_dags/example_task_group.py for tasks to queue
[2024-10-16T11:45:45.416+0000] {logging_mixin.py:190} INFO - [2024-10-16T11:45:45.416+0000] {dagbag.py:588} INFO - Filling up the DagBag from /home/airflow/.local/lib/python3.12/site-packages/airflow/example_dags/example_task_group.py
[2024-10-16T11:45:45.427+0000] {processor.py:925} INFO - DAG(s) 'example_task_group' retrieved from /home/airflow/.local/lib/python3.12/site-packages/airflow/example_dags/example_task_group.py
[2024-10-16T11:45:45.452+0000] {logging_mixin.py:190} INFO - [2024-10-16T11:45:45.452+0000] {dag.py:3239} INFO - Sync 1 DAGs
[2024-10-16T11:45:45.472+0000] {logging_mixin.py:190} INFO - [2024-10-16T11:45:45.472+0000] {dag.py:4180} INFO - Setting next_dagrun for example_task_group to None, run_after=None
[2024-10-16T11:45:45.496+0000] {processor.py:208} INFO - Processing /home/airflow/.local/lib/python3.12/site-packages/airflow/example_dags/example_task_group.py took 0.089 seconds
