[2024-10-16T11:29:52.688+0000] {processor.py:186} INFO - Started process (PID=125574) to work on /home/airflow/.local/lib/python3.12/site-packages/airflow/example_dags/example_dag_decorator.py
[2024-10-16T11:29:52.690+0000] {processor.py:914} INFO - Processing file /home/airflow/.local/lib/python3.12/site-packages/airflow/example_dags/example_dag_decorator.py for tasks to queue
[2024-10-16T11:29:52.728+0000] {logging_mixin.py:190} INFO - [2024-10-16T11:29:52.727+0000] {dagbag.py:588} INFO - Filling up the DagBag from /home/airflow/.local/lib/python3.12/site-packages/airflow/example_dags/example_dag_decorator.py
[2024-10-16T11:29:52.801+0000] {processor.py:925} INFO - DAG(s) 'example_dag_decorator' retrieved from /home/airflow/.local/lib/python3.12/site-packages/airflow/example_dags/example_dag_decorator.py
[2024-10-16T11:29:52.948+0000] {logging_mixin.py:190} INFO - [2024-10-16T11:29:52.947+0000] {dag.py:3239} INFO - Sync 1 DAGs
[2024-10-16T11:29:53.005+0000] {logging_mixin.py:190} INFO - [2024-10-16T11:29:53.005+0000] {dag.py:4180} INFO - Setting next_dagrun for example_dag_decorator to None, run_after=None
[2024-10-16T11:29:53.170+0000] {processor.py:208} INFO - Processing /home/airflow/.local/lib/python3.12/site-packages/airflow/example_dags/example_dag_decorator.py took 0.564 seconds
[2024-10-16T11:30:23.373+0000] {processor.py:186} INFO - Started process (PID=125638) to work on /home/airflow/.local/lib/python3.12/site-packages/airflow/example_dags/example_dag_decorator.py
[2024-10-16T11:30:23.375+0000] {processor.py:914} INFO - Processing file /home/airflow/.local/lib/python3.12/site-packages/airflow/example_dags/example_dag_decorator.py for tasks to queue
[2024-10-16T11:30:23.378+0000] {logging_mixin.py:190} INFO - [2024-10-16T11:30:23.377+0000] {dagbag.py:588} INFO - Filling up the DagBag from /home/airflow/.local/lib/python3.12/site-packages/airflow/example_dags/example_dag_decorator.py
[2024-10-16T11:30:23.394+0000] {processor.py:925} INFO - DAG(s) 'example_dag_decorator' retrieved from /home/airflow/.local/lib/python3.12/site-packages/airflow/example_dags/example_dag_decorator.py
[2024-10-16T11:30:23.419+0000] {logging_mixin.py:190} INFO - [2024-10-16T11:30:23.418+0000] {dag.py:3239} INFO - Sync 1 DAGs
[2024-10-16T11:30:23.441+0000] {logging_mixin.py:190} INFO - [2024-10-16T11:30:23.441+0000] {dag.py:4180} INFO - Setting next_dagrun for example_dag_decorator to None, run_after=None
[2024-10-16T11:30:23.465+0000] {processor.py:208} INFO - Processing /home/airflow/.local/lib/python3.12/site-packages/airflow/example_dags/example_dag_decorator.py took 0.098 seconds
[2024-10-16T11:30:54.429+0000] {processor.py:186} INFO - Started process (PID=125701) to work on /home/airflow/.local/lib/python3.12/site-packages/airflow/example_dags/example_dag_decorator.py
[2024-10-16T11:30:54.430+0000] {processor.py:914} INFO - Processing file /home/airflow/.local/lib/python3.12/site-packages/airflow/example_dags/example_dag_decorator.py for tasks to queue
[2024-10-16T11:30:54.431+0000] {logging_mixin.py:190} INFO - [2024-10-16T11:30:54.431+0000] {dagbag.py:588} INFO - Filling up the DagBag from /home/airflow/.local/lib/python3.12/site-packages/airflow/example_dags/example_dag_decorator.py
[2024-10-16T11:30:54.442+0000] {processor.py:925} INFO - DAG(s) 'example_dag_decorator' retrieved from /home/airflow/.local/lib/python3.12/site-packages/airflow/example_dags/example_dag_decorator.py
[2024-10-16T11:30:54.540+0000] {logging_mixin.py:190} INFO - [2024-10-16T11:30:54.540+0000] {dag.py:3239} INFO - Sync 1 DAGs
[2024-10-16T11:30:54.552+0000] {logging_mixin.py:190} INFO - [2024-10-16T11:30:54.552+0000] {dag.py:4180} INFO - Setting next_dagrun for example_dag_decorator to None, run_after=None
[2024-10-16T11:30:54.571+0000] {processor.py:208} INFO - Processing /home/airflow/.local/lib/python3.12/site-packages/airflow/example_dags/example_dag_decorator.py took 0.147 seconds
[2024-10-16T11:31:25.275+0000] {processor.py:186} INFO - Started process (PID=125764) to work on /home/airflow/.local/lib/python3.12/site-packages/airflow/example_dags/example_dag_decorator.py
[2024-10-16T11:31:25.276+0000] {processor.py:914} INFO - Processing file /home/airflow/.local/lib/python3.12/site-packages/airflow/example_dags/example_dag_decorator.py for tasks to queue
[2024-10-16T11:31:25.277+0000] {logging_mixin.py:190} INFO - [2024-10-16T11:31:25.277+0000] {dagbag.py:588} INFO - Filling up the DagBag from /home/airflow/.local/lib/python3.12/site-packages/airflow/example_dags/example_dag_decorator.py
[2024-10-16T11:31:25.288+0000] {processor.py:925} INFO - DAG(s) 'example_dag_decorator' retrieved from /home/airflow/.local/lib/python3.12/site-packages/airflow/example_dags/example_dag_decorator.py
[2024-10-16T11:31:25.390+0000] {logging_mixin.py:190} INFO - [2024-10-16T11:31:25.389+0000] {dag.py:3239} INFO - Sync 1 DAGs
[2024-10-16T11:31:25.403+0000] {logging_mixin.py:190} INFO - [2024-10-16T11:31:25.403+0000] {dag.py:4180} INFO - Setting next_dagrun for example_dag_decorator to None, run_after=None
[2024-10-16T11:31:25.421+0000] {processor.py:208} INFO - Processing /home/airflow/.local/lib/python3.12/site-packages/airflow/example_dags/example_dag_decorator.py took 0.152 seconds
[2024-10-16T11:31:55.784+0000] {processor.py:186} INFO - Started process (PID=125827) to work on /home/airflow/.local/lib/python3.12/site-packages/airflow/example_dags/example_dag_decorator.py
[2024-10-16T11:31:55.786+0000] {processor.py:914} INFO - Processing file /home/airflow/.local/lib/python3.12/site-packages/airflow/example_dags/example_dag_decorator.py for tasks to queue
[2024-10-16T11:31:55.787+0000] {logging_mixin.py:190} INFO - [2024-10-16T11:31:55.787+0000] {dagbag.py:588} INFO - Filling up the DagBag from /home/airflow/.local/lib/python3.12/site-packages/airflow/example_dags/example_dag_decorator.py
[2024-10-16T11:31:55.803+0000] {processor.py:925} INFO - DAG(s) 'example_dag_decorator' retrieved from /home/airflow/.local/lib/python3.12/site-packages/airflow/example_dags/example_dag_decorator.py
[2024-10-16T11:31:55.979+0000] {logging_mixin.py:190} INFO - [2024-10-16T11:31:55.979+0000] {dag.py:3239} INFO - Sync 1 DAGs
[2024-10-16T11:31:56.011+0000] {logging_mixin.py:190} INFO - [2024-10-16T11:31:56.010+0000] {dag.py:4180} INFO - Setting next_dagrun for example_dag_decorator to None, run_after=None
[2024-10-16T11:31:56.051+0000] {processor.py:208} INFO - Processing /home/airflow/.local/lib/python3.12/site-packages/airflow/example_dags/example_dag_decorator.py took 0.272 seconds
[2024-10-16T11:32:26.291+0000] {processor.py:186} INFO - Started process (PID=125890) to work on /home/airflow/.local/lib/python3.12/site-packages/airflow/example_dags/example_dag_decorator.py
[2024-10-16T11:32:26.292+0000] {processor.py:914} INFO - Processing file /home/airflow/.local/lib/python3.12/site-packages/airflow/example_dags/example_dag_decorator.py for tasks to queue
[2024-10-16T11:32:26.293+0000] {logging_mixin.py:190} INFO - [2024-10-16T11:32:26.293+0000] {dagbag.py:588} INFO - Filling up the DagBag from /home/airflow/.local/lib/python3.12/site-packages/airflow/example_dags/example_dag_decorator.py
[2024-10-16T11:32:26.305+0000] {processor.py:925} INFO - DAG(s) 'example_dag_decorator' retrieved from /home/airflow/.local/lib/python3.12/site-packages/airflow/example_dags/example_dag_decorator.py
[2024-10-16T11:32:26.404+0000] {logging_mixin.py:190} INFO - [2024-10-16T11:32:26.404+0000] {dag.py:3239} INFO - Sync 1 DAGs
[2024-10-16T11:32:26.416+0000] {logging_mixin.py:190} INFO - [2024-10-16T11:32:26.416+0000] {dag.py:4180} INFO - Setting next_dagrun for example_dag_decorator to None, run_after=None
[2024-10-16T11:32:26.433+0000] {processor.py:208} INFO - Processing /home/airflow/.local/lib/python3.12/site-packages/airflow/example_dags/example_dag_decorator.py took 0.147 seconds
[2024-10-16T11:32:56.753+0000] {processor.py:186} INFO - Started process (PID=125953) to work on /home/airflow/.local/lib/python3.12/site-packages/airflow/example_dags/example_dag_decorator.py
[2024-10-16T11:32:56.754+0000] {processor.py:914} INFO - Processing file /home/airflow/.local/lib/python3.12/site-packages/airflow/example_dags/example_dag_decorator.py for tasks to queue
[2024-10-16T11:32:56.755+0000] {logging_mixin.py:190} INFO - [2024-10-16T11:32:56.755+0000] {dagbag.py:588} INFO - Filling up the DagBag from /home/airflow/.local/lib/python3.12/site-packages/airflow/example_dags/example_dag_decorator.py
[2024-10-16T11:32:56.767+0000] {processor.py:925} INFO - DAG(s) 'example_dag_decorator' retrieved from /home/airflow/.local/lib/python3.12/site-packages/airflow/example_dags/example_dag_decorator.py
[2024-10-16T11:32:56.873+0000] {logging_mixin.py:190} INFO - [2024-10-16T11:32:56.872+0000] {dag.py:3239} INFO - Sync 1 DAGs
[2024-10-16T11:32:56.884+0000] {logging_mixin.py:190} INFO - [2024-10-16T11:32:56.884+0000] {dag.py:4180} INFO - Setting next_dagrun for example_dag_decorator to None, run_after=None
[2024-10-16T11:32:56.902+0000] {processor.py:208} INFO - Processing /home/airflow/.local/lib/python3.12/site-packages/airflow/example_dags/example_dag_decorator.py took 0.155 seconds
[2024-10-16T11:33:27.058+0000] {processor.py:186} INFO - Started process (PID=126016) to work on /home/airflow/.local/lib/python3.12/site-packages/airflow/example_dags/example_dag_decorator.py
[2024-10-16T11:33:27.059+0000] {processor.py:914} INFO - Processing file /home/airflow/.local/lib/python3.12/site-packages/airflow/example_dags/example_dag_decorator.py for tasks to queue
[2024-10-16T11:33:27.060+0000] {logging_mixin.py:190} INFO - [2024-10-16T11:33:27.060+0000] {dagbag.py:588} INFO - Filling up the DagBag from /home/airflow/.local/lib/python3.12/site-packages/airflow/example_dags/example_dag_decorator.py
[2024-10-16T11:33:27.072+0000] {processor.py:925} INFO - DAG(s) 'example_dag_decorator' retrieved from /home/airflow/.local/lib/python3.12/site-packages/airflow/example_dags/example_dag_decorator.py
[2024-10-16T11:33:27.175+0000] {logging_mixin.py:190} INFO - [2024-10-16T11:33:27.175+0000] {dag.py:3239} INFO - Sync 1 DAGs
[2024-10-16T11:33:27.187+0000] {logging_mixin.py:190} INFO - [2024-10-16T11:33:27.187+0000] {dag.py:4180} INFO - Setting next_dagrun for example_dag_decorator to None, run_after=None
[2024-10-16T11:33:27.206+0000] {processor.py:208} INFO - Processing /home/airflow/.local/lib/python3.12/site-packages/airflow/example_dags/example_dag_decorator.py took 0.153 seconds
[2024-10-16T11:33:57.282+0000] {processor.py:186} INFO - Started process (PID=126079) to work on /home/airflow/.local/lib/python3.12/site-packages/airflow/example_dags/example_dag_decorator.py
[2024-10-16T11:33:57.287+0000] {processor.py:914} INFO - Processing file /home/airflow/.local/lib/python3.12/site-packages/airflow/example_dags/example_dag_decorator.py for tasks to queue
[2024-10-16T11:33:57.289+0000] {logging_mixin.py:190} INFO - [2024-10-16T11:33:57.288+0000] {dagbag.py:588} INFO - Filling up the DagBag from /home/airflow/.local/lib/python3.12/site-packages/airflow/example_dags/example_dag_decorator.py
[2024-10-16T11:33:57.309+0000] {processor.py:925} INFO - DAG(s) 'example_dag_decorator' retrieved from /home/airflow/.local/lib/python3.12/site-packages/airflow/example_dags/example_dag_decorator.py
[2024-10-16T11:33:57.462+0000] {logging_mixin.py:190} INFO - [2024-10-16T11:33:57.462+0000] {dag.py:3239} INFO - Sync 1 DAGs
[2024-10-16T11:33:57.486+0000] {logging_mixin.py:190} INFO - [2024-10-16T11:33:57.486+0000] {dag.py:4180} INFO - Setting next_dagrun for example_dag_decorator to None, run_after=None
[2024-10-16T11:33:57.516+0000] {processor.py:208} INFO - Processing /home/airflow/.local/lib/python3.12/site-packages/airflow/example_dags/example_dag_decorator.py took 0.241 seconds
[2024-10-16T11:34:27.695+0000] {processor.py:186} INFO - Started process (PID=126143) to work on /home/airflow/.local/lib/python3.12/site-packages/airflow/example_dags/example_dag_decorator.py
[2024-10-16T11:34:27.697+0000] {processor.py:914} INFO - Processing file /home/airflow/.local/lib/python3.12/site-packages/airflow/example_dags/example_dag_decorator.py for tasks to queue
[2024-10-16T11:34:27.699+0000] {logging_mixin.py:190} INFO - [2024-10-16T11:34:27.698+0000] {dagbag.py:588} INFO - Filling up the DagBag from /home/airflow/.local/lib/python3.12/site-packages/airflow/example_dags/example_dag_decorator.py
[2024-10-16T11:34:27.713+0000] {processor.py:925} INFO - DAG(s) 'example_dag_decorator' retrieved from /home/airflow/.local/lib/python3.12/site-packages/airflow/example_dags/example_dag_decorator.py
[2024-10-16T11:34:27.827+0000] {logging_mixin.py:190} INFO - [2024-10-16T11:34:27.827+0000] {dag.py:3239} INFO - Sync 1 DAGs
[2024-10-16T11:34:27.843+0000] {logging_mixin.py:190} INFO - [2024-10-16T11:34:27.842+0000] {dag.py:4180} INFO - Setting next_dagrun for example_dag_decorator to None, run_after=None
[2024-10-16T11:34:27.863+0000] {processor.py:208} INFO - Processing /home/airflow/.local/lib/python3.12/site-packages/airflow/example_dags/example_dag_decorator.py took 0.174 seconds
[2024-10-16T11:34:57.934+0000] {processor.py:186} INFO - Started process (PID=126206) to work on /home/airflow/.local/lib/python3.12/site-packages/airflow/example_dags/example_dag_decorator.py
[2024-10-16T11:34:57.935+0000] {processor.py:914} INFO - Processing file /home/airflow/.local/lib/python3.12/site-packages/airflow/example_dags/example_dag_decorator.py for tasks to queue
[2024-10-16T11:34:57.937+0000] {logging_mixin.py:190} INFO - [2024-10-16T11:34:57.936+0000] {dagbag.py:588} INFO - Filling up the DagBag from /home/airflow/.local/lib/python3.12/site-packages/airflow/example_dags/example_dag_decorator.py
[2024-10-16T11:34:57.949+0000] {processor.py:925} INFO - DAG(s) 'example_dag_decorator' retrieved from /home/airflow/.local/lib/python3.12/site-packages/airflow/example_dags/example_dag_decorator.py
[2024-10-16T11:34:57.972+0000] {logging_mixin.py:190} INFO - [2024-10-16T11:34:57.971+0000] {dag.py:3239} INFO - Sync 1 DAGs
[2024-10-16T11:34:57.987+0000] {logging_mixin.py:190} INFO - [2024-10-16T11:34:57.987+0000] {dag.py:4180} INFO - Setting next_dagrun for example_dag_decorator to None, run_after=None
[2024-10-16T11:34:58.002+0000] {processor.py:208} INFO - Processing /home/airflow/.local/lib/python3.12/site-packages/airflow/example_dags/example_dag_decorator.py took 0.073 seconds
[2024-10-16T11:35:28.558+0000] {processor.py:186} INFO - Started process (PID=126269) to work on /home/airflow/.local/lib/python3.12/site-packages/airflow/example_dags/example_dag_decorator.py
[2024-10-16T11:35:28.559+0000] {processor.py:914} INFO - Processing file /home/airflow/.local/lib/python3.12/site-packages/airflow/example_dags/example_dag_decorator.py for tasks to queue
[2024-10-16T11:35:28.560+0000] {logging_mixin.py:190} INFO - [2024-10-16T11:35:28.560+0000] {dagbag.py:588} INFO - Filling up the DagBag from /home/airflow/.local/lib/python3.12/site-packages/airflow/example_dags/example_dag_decorator.py
[2024-10-16T11:35:28.572+0000] {processor.py:925} INFO - DAG(s) 'example_dag_decorator' retrieved from /home/airflow/.local/lib/python3.12/site-packages/airflow/example_dags/example_dag_decorator.py
[2024-10-16T11:35:28.593+0000] {logging_mixin.py:190} INFO - [2024-10-16T11:35:28.593+0000] {dag.py:3239} INFO - Sync 1 DAGs
[2024-10-16T11:35:28.607+0000] {logging_mixin.py:190} INFO - [2024-10-16T11:35:28.607+0000] {dag.py:4180} INFO - Setting next_dagrun for example_dag_decorator to None, run_after=None
[2024-10-16T11:35:28.625+0000] {processor.py:208} INFO - Processing /home/airflow/.local/lib/python3.12/site-packages/airflow/example_dags/example_dag_decorator.py took 0.073 seconds
[2024-10-16T11:35:59.030+0000] {processor.py:186} INFO - Started process (PID=126332) to work on /home/airflow/.local/lib/python3.12/site-packages/airflow/example_dags/example_dag_decorator.py
[2024-10-16T11:35:59.031+0000] {processor.py:914} INFO - Processing file /home/airflow/.local/lib/python3.12/site-packages/airflow/example_dags/example_dag_decorator.py for tasks to queue
[2024-10-16T11:35:59.032+0000] {logging_mixin.py:190} INFO - [2024-10-16T11:35:59.032+0000] {dagbag.py:588} INFO - Filling up the DagBag from /home/airflow/.local/lib/python3.12/site-packages/airflow/example_dags/example_dag_decorator.py
[2024-10-16T11:35:59.042+0000] {processor.py:925} INFO - DAG(s) 'example_dag_decorator' retrieved from /home/airflow/.local/lib/python3.12/site-packages/airflow/example_dags/example_dag_decorator.py
[2024-10-16T11:35:59.064+0000] {logging_mixin.py:190} INFO - [2024-10-16T11:35:59.064+0000] {dag.py:3239} INFO - Sync 1 DAGs
[2024-10-16T11:35:59.078+0000] {logging_mixin.py:190} INFO - [2024-10-16T11:35:59.078+0000] {dag.py:4180} INFO - Setting next_dagrun for example_dag_decorator to None, run_after=None
[2024-10-16T11:35:59.095+0000] {processor.py:208} INFO - Processing /home/airflow/.local/lib/python3.12/site-packages/airflow/example_dags/example_dag_decorator.py took 0.071 seconds
[2024-10-16T11:36:29.783+0000] {processor.py:186} INFO - Started process (PID=126396) to work on /home/airflow/.local/lib/python3.12/site-packages/airflow/example_dags/example_dag_decorator.py
[2024-10-16T11:36:29.784+0000] {processor.py:914} INFO - Processing file /home/airflow/.local/lib/python3.12/site-packages/airflow/example_dags/example_dag_decorator.py for tasks to queue
[2024-10-16T11:36:29.785+0000] {logging_mixin.py:190} INFO - [2024-10-16T11:36:29.785+0000] {dagbag.py:588} INFO - Filling up the DagBag from /home/airflow/.local/lib/python3.12/site-packages/airflow/example_dags/example_dag_decorator.py
[2024-10-16T11:36:29.797+0000] {processor.py:925} INFO - DAG(s) 'example_dag_decorator' retrieved from /home/airflow/.local/lib/python3.12/site-packages/airflow/example_dags/example_dag_decorator.py
[2024-10-16T11:36:29.820+0000] {logging_mixin.py:190} INFO - [2024-10-16T11:36:29.819+0000] {dag.py:3239} INFO - Sync 1 DAGs
[2024-10-16T11:36:29.833+0000] {logging_mixin.py:190} INFO - [2024-10-16T11:36:29.833+0000] {dag.py:4180} INFO - Setting next_dagrun for example_dag_decorator to None, run_after=None
[2024-10-16T11:36:29.850+0000] {processor.py:208} INFO - Processing /home/airflow/.local/lib/python3.12/site-packages/airflow/example_dags/example_dag_decorator.py took 0.072 seconds
[2024-10-16T11:37:00.152+0000] {processor.py:186} INFO - Started process (PID=126459) to work on /home/airflow/.local/lib/python3.12/site-packages/airflow/example_dags/example_dag_decorator.py
[2024-10-16T11:37:00.153+0000] {processor.py:914} INFO - Processing file /home/airflow/.local/lib/python3.12/site-packages/airflow/example_dags/example_dag_decorator.py for tasks to queue
[2024-10-16T11:37:00.155+0000] {logging_mixin.py:190} INFO - [2024-10-16T11:37:00.154+0000] {dagbag.py:588} INFO - Filling up the DagBag from /home/airflow/.local/lib/python3.12/site-packages/airflow/example_dags/example_dag_decorator.py
[2024-10-16T11:37:00.165+0000] {processor.py:925} INFO - DAG(s) 'example_dag_decorator' retrieved from /home/airflow/.local/lib/python3.12/site-packages/airflow/example_dags/example_dag_decorator.py
[2024-10-16T11:37:00.268+0000] {logging_mixin.py:190} INFO - [2024-10-16T11:37:00.268+0000] {dag.py:3239} INFO - Sync 1 DAGs
[2024-10-16T11:37:00.280+0000] {logging_mixin.py:190} INFO - [2024-10-16T11:37:00.280+0000] {dag.py:4180} INFO - Setting next_dagrun for example_dag_decorator to None, run_after=None
[2024-10-16T11:37:00.297+0000] {processor.py:208} INFO - Processing /home/airflow/.local/lib/python3.12/site-packages/airflow/example_dags/example_dag_decorator.py took 0.150 seconds
[2024-10-16T11:37:30.639+0000] {processor.py:186} INFO - Started process (PID=126522) to work on /home/airflow/.local/lib/python3.12/site-packages/airflow/example_dags/example_dag_decorator.py
[2024-10-16T11:37:30.640+0000] {processor.py:914} INFO - Processing file /home/airflow/.local/lib/python3.12/site-packages/airflow/example_dags/example_dag_decorator.py for tasks to queue
[2024-10-16T11:37:30.641+0000] {logging_mixin.py:190} INFO - [2024-10-16T11:37:30.640+0000] {dagbag.py:588} INFO - Filling up the DagBag from /home/airflow/.local/lib/python3.12/site-packages/airflow/example_dags/example_dag_decorator.py
[2024-10-16T11:37:30.652+0000] {processor.py:925} INFO - DAG(s) 'example_dag_decorator' retrieved from /home/airflow/.local/lib/python3.12/site-packages/airflow/example_dags/example_dag_decorator.py
[2024-10-16T11:37:30.765+0000] {logging_mixin.py:190} INFO - [2024-10-16T11:37:30.765+0000] {dag.py:3239} INFO - Sync 1 DAGs
[2024-10-16T11:37:30.780+0000] {logging_mixin.py:190} INFO - [2024-10-16T11:37:30.780+0000] {dag.py:4180} INFO - Setting next_dagrun for example_dag_decorator to None, run_after=None
[2024-10-16T11:37:30.799+0000] {processor.py:208} INFO - Processing /home/airflow/.local/lib/python3.12/site-packages/airflow/example_dags/example_dag_decorator.py took 0.165 seconds
[2024-10-16T11:38:01.578+0000] {processor.py:186} INFO - Started process (PID=126585) to work on /home/airflow/.local/lib/python3.12/site-packages/airflow/example_dags/example_dag_decorator.py
[2024-10-16T11:38:01.580+0000] {processor.py:914} INFO - Processing file /home/airflow/.local/lib/python3.12/site-packages/airflow/example_dags/example_dag_decorator.py for tasks to queue
[2024-10-16T11:38:01.581+0000] {logging_mixin.py:190} INFO - [2024-10-16T11:38:01.581+0000] {dagbag.py:588} INFO - Filling up the DagBag from /home/airflow/.local/lib/python3.12/site-packages/airflow/example_dags/example_dag_decorator.py
[2024-10-16T11:38:01.597+0000] {processor.py:925} INFO - DAG(s) 'example_dag_decorator' retrieved from /home/airflow/.local/lib/python3.12/site-packages/airflow/example_dags/example_dag_decorator.py
[2024-10-16T11:38:01.764+0000] {logging_mixin.py:190} INFO - [2024-10-16T11:38:01.763+0000] {dag.py:3239} INFO - Sync 1 DAGs
[2024-10-16T11:38:01.782+0000] {logging_mixin.py:190} INFO - [2024-10-16T11:38:01.782+0000] {dag.py:4180} INFO - Setting next_dagrun for example_dag_decorator to None, run_after=None
[2024-10-16T11:38:01.806+0000] {processor.py:208} INFO - Processing /home/airflow/.local/lib/python3.12/site-packages/airflow/example_dags/example_dag_decorator.py took 0.235 seconds
[2024-10-16T11:38:32.444+0000] {processor.py:186} INFO - Started process (PID=126649) to work on /home/airflow/.local/lib/python3.12/site-packages/airflow/example_dags/example_dag_decorator.py
[2024-10-16T11:38:32.445+0000] {processor.py:914} INFO - Processing file /home/airflow/.local/lib/python3.12/site-packages/airflow/example_dags/example_dag_decorator.py for tasks to queue
[2024-10-16T11:38:32.447+0000] {logging_mixin.py:190} INFO - [2024-10-16T11:38:32.446+0000] {dagbag.py:588} INFO - Filling up the DagBag from /home/airflow/.local/lib/python3.12/site-packages/airflow/example_dags/example_dag_decorator.py
[2024-10-16T11:38:32.464+0000] {processor.py:925} INFO - DAG(s) 'example_dag_decorator' retrieved from /home/airflow/.local/lib/python3.12/site-packages/airflow/example_dags/example_dag_decorator.py
[2024-10-16T11:38:32.597+0000] {logging_mixin.py:190} INFO - [2024-10-16T11:38:32.597+0000] {dag.py:3239} INFO - Sync 1 DAGs
[2024-10-16T11:38:32.613+0000] {logging_mixin.py:190} INFO - [2024-10-16T11:38:32.613+0000] {dag.py:4180} INFO - Setting next_dagrun for example_dag_decorator to None, run_after=None
[2024-10-16T11:38:32.636+0000] {processor.py:208} INFO - Processing /home/airflow/.local/lib/python3.12/site-packages/airflow/example_dags/example_dag_decorator.py took 0.200 seconds
[2024-10-16T11:39:03.391+0000] {processor.py:186} INFO - Started process (PID=126711) to work on /home/airflow/.local/lib/python3.12/site-packages/airflow/example_dags/example_dag_decorator.py
[2024-10-16T11:39:03.392+0000] {processor.py:914} INFO - Processing file /home/airflow/.local/lib/python3.12/site-packages/airflow/example_dags/example_dag_decorator.py for tasks to queue
[2024-10-16T11:39:03.394+0000] {logging_mixin.py:190} INFO - [2024-10-16T11:39:03.393+0000] {dagbag.py:588} INFO - Filling up the DagBag from /home/airflow/.local/lib/python3.12/site-packages/airflow/example_dags/example_dag_decorator.py
[2024-10-16T11:39:03.407+0000] {processor.py:925} INFO - DAG(s) 'example_dag_decorator' retrieved from /home/airflow/.local/lib/python3.12/site-packages/airflow/example_dags/example_dag_decorator.py
[2024-10-16T11:39:03.531+0000] {logging_mixin.py:190} INFO - [2024-10-16T11:39:03.530+0000] {dag.py:3239} INFO - Sync 1 DAGs
[2024-10-16T11:39:03.546+0000] {logging_mixin.py:190} INFO - [2024-10-16T11:39:03.545+0000] {dag.py:4180} INFO - Setting next_dagrun for example_dag_decorator to None, run_after=None
[2024-10-16T11:39:03.565+0000] {processor.py:208} INFO - Processing /home/airflow/.local/lib/python3.12/site-packages/airflow/example_dags/example_dag_decorator.py took 0.181 seconds
[2024-10-16T11:39:34.233+0000] {processor.py:186} INFO - Started process (PID=126774) to work on /home/airflow/.local/lib/python3.12/site-packages/airflow/example_dags/example_dag_decorator.py
[2024-10-16T11:39:34.234+0000] {processor.py:914} INFO - Processing file /home/airflow/.local/lib/python3.12/site-packages/airflow/example_dags/example_dag_decorator.py for tasks to queue
[2024-10-16T11:39:34.236+0000] {logging_mixin.py:190} INFO - [2024-10-16T11:39:34.235+0000] {dagbag.py:588} INFO - Filling up the DagBag from /home/airflow/.local/lib/python3.12/site-packages/airflow/example_dags/example_dag_decorator.py
[2024-10-16T11:39:34.250+0000] {processor.py:925} INFO - DAG(s) 'example_dag_decorator' retrieved from /home/airflow/.local/lib/python3.12/site-packages/airflow/example_dags/example_dag_decorator.py
[2024-10-16T11:39:34.382+0000] {logging_mixin.py:190} INFO - [2024-10-16T11:39:34.381+0000] {dag.py:3239} INFO - Sync 1 DAGs
[2024-10-16T11:39:34.396+0000] {logging_mixin.py:190} INFO - [2024-10-16T11:39:34.395+0000] {dag.py:4180} INFO - Setting next_dagrun for example_dag_decorator to None, run_after=None
[2024-10-16T11:39:34.415+0000] {processor.py:208} INFO - Processing /home/airflow/.local/lib/python3.12/site-packages/airflow/example_dags/example_dag_decorator.py took 0.189 seconds
[2024-10-16T11:40:04.990+0000] {processor.py:186} INFO - Started process (PID=126837) to work on /home/airflow/.local/lib/python3.12/site-packages/airflow/example_dags/example_dag_decorator.py
[2024-10-16T11:40:04.991+0000] {processor.py:914} INFO - Processing file /home/airflow/.local/lib/python3.12/site-packages/airflow/example_dags/example_dag_decorator.py for tasks to queue
[2024-10-16T11:40:04.992+0000] {logging_mixin.py:190} INFO - [2024-10-16T11:40:04.992+0000] {dagbag.py:588} INFO - Filling up the DagBag from /home/airflow/.local/lib/python3.12/site-packages/airflow/example_dags/example_dag_decorator.py
[2024-10-16T11:40:05.007+0000] {processor.py:925} INFO - DAG(s) 'example_dag_decorator' retrieved from /home/airflow/.local/lib/python3.12/site-packages/airflow/example_dags/example_dag_decorator.py
[2024-10-16T11:40:05.136+0000] {logging_mixin.py:190} INFO - [2024-10-16T11:40:05.136+0000] {dag.py:3239} INFO - Sync 1 DAGs
[2024-10-16T11:40:05.150+0000] {logging_mixin.py:190} INFO - [2024-10-16T11:40:05.149+0000] {dag.py:4180} INFO - Setting next_dagrun for example_dag_decorator to None, run_after=None
[2024-10-16T11:40:05.170+0000] {processor.py:208} INFO - Processing /home/airflow/.local/lib/python3.12/site-packages/airflow/example_dags/example_dag_decorator.py took 0.188 seconds
[2024-10-16T11:40:35.215+0000] {processor.py:186} INFO - Started process (PID=126899) to work on /home/airflow/.local/lib/python3.12/site-packages/airflow/example_dags/example_dag_decorator.py
[2024-10-16T11:40:35.216+0000] {processor.py:914} INFO - Processing file /home/airflow/.local/lib/python3.12/site-packages/airflow/example_dags/example_dag_decorator.py for tasks to queue
[2024-10-16T11:40:35.217+0000] {logging_mixin.py:190} INFO - [2024-10-16T11:40:35.217+0000] {dagbag.py:588} INFO - Filling up the DagBag from /home/airflow/.local/lib/python3.12/site-packages/airflow/example_dags/example_dag_decorator.py
[2024-10-16T11:40:35.231+0000] {processor.py:925} INFO - DAG(s) 'example_dag_decorator' retrieved from /home/airflow/.local/lib/python3.12/site-packages/airflow/example_dags/example_dag_decorator.py
[2024-10-16T11:40:35.352+0000] {logging_mixin.py:190} INFO - [2024-10-16T11:40:35.352+0000] {dag.py:3239} INFO - Sync 1 DAGs
[2024-10-16T11:40:35.370+0000] {logging_mixin.py:190} INFO - [2024-10-16T11:40:35.370+0000] {dag.py:4180} INFO - Setting next_dagrun for example_dag_decorator to None, run_after=None
[2024-10-16T11:40:35.396+0000] {processor.py:208} INFO - Processing /home/airflow/.local/lib/python3.12/site-packages/airflow/example_dags/example_dag_decorator.py took 0.188 seconds
[2024-10-16T11:41:05.480+0000] {processor.py:186} INFO - Started process (PID=126962) to work on /home/airflow/.local/lib/python3.12/site-packages/airflow/example_dags/example_dag_decorator.py
[2024-10-16T11:41:05.481+0000] {processor.py:914} INFO - Processing file /home/airflow/.local/lib/python3.12/site-packages/airflow/example_dags/example_dag_decorator.py for tasks to queue
[2024-10-16T11:41:05.483+0000] {logging_mixin.py:190} INFO - [2024-10-16T11:41:05.482+0000] {dagbag.py:588} INFO - Filling up the DagBag from /home/airflow/.local/lib/python3.12/site-packages/airflow/example_dags/example_dag_decorator.py
[2024-10-16T11:41:05.496+0000] {processor.py:925} INFO - DAG(s) 'example_dag_decorator' retrieved from /home/airflow/.local/lib/python3.12/site-packages/airflow/example_dags/example_dag_decorator.py
[2024-10-16T11:41:05.620+0000] {logging_mixin.py:190} INFO - [2024-10-16T11:41:05.619+0000] {dag.py:3239} INFO - Sync 1 DAGs
[2024-10-16T11:41:05.635+0000] {logging_mixin.py:190} INFO - [2024-10-16T11:41:05.635+0000] {dag.py:4180} INFO - Setting next_dagrun for example_dag_decorator to None, run_after=None
[2024-10-16T11:41:05.655+0000] {processor.py:208} INFO - Processing /home/airflow/.local/lib/python3.12/site-packages/airflow/example_dags/example_dag_decorator.py took 0.182 seconds
[2024-10-16T11:41:35.878+0000] {processor.py:186} INFO - Started process (PID=127025) to work on /home/airflow/.local/lib/python3.12/site-packages/airflow/example_dags/example_dag_decorator.py
[2024-10-16T11:41:35.879+0000] {processor.py:914} INFO - Processing file /home/airflow/.local/lib/python3.12/site-packages/airflow/example_dags/example_dag_decorator.py for tasks to queue
[2024-10-16T11:41:35.881+0000] {logging_mixin.py:190} INFO - [2024-10-16T11:41:35.880+0000] {dagbag.py:588} INFO - Filling up the DagBag from /home/airflow/.local/lib/python3.12/site-packages/airflow/example_dags/example_dag_decorator.py
[2024-10-16T11:41:35.895+0000] {processor.py:925} INFO - DAG(s) 'example_dag_decorator' retrieved from /home/airflow/.local/lib/python3.12/site-packages/airflow/example_dags/example_dag_decorator.py
[2024-10-16T11:41:36.022+0000] {logging_mixin.py:190} INFO - [2024-10-16T11:41:36.022+0000] {dag.py:3239} INFO - Sync 1 DAGs
[2024-10-16T11:41:36.036+0000] {logging_mixin.py:190} INFO - [2024-10-16T11:41:36.035+0000] {dag.py:4180} INFO - Setting next_dagrun for example_dag_decorator to None, run_after=None
[2024-10-16T11:41:36.056+0000] {processor.py:208} INFO - Processing /home/airflow/.local/lib/python3.12/site-packages/airflow/example_dags/example_dag_decorator.py took 0.185 seconds
[2024-10-16T11:42:06.735+0000] {processor.py:186} INFO - Started process (PID=127088) to work on /home/airflow/.local/lib/python3.12/site-packages/airflow/example_dags/example_dag_decorator.py
[2024-10-16T11:42:06.738+0000] {processor.py:914} INFO - Processing file /home/airflow/.local/lib/python3.12/site-packages/airflow/example_dags/example_dag_decorator.py for tasks to queue
[2024-10-16T11:42:06.745+0000] {logging_mixin.py:190} INFO - [2024-10-16T11:42:06.744+0000] {dagbag.py:588} INFO - Filling up the DagBag from /home/airflow/.local/lib/python3.12/site-packages/airflow/example_dags/example_dag_decorator.py
[2024-10-16T11:42:06.771+0000] {processor.py:925} INFO - DAG(s) 'example_dag_decorator' retrieved from /home/airflow/.local/lib/python3.12/site-packages/airflow/example_dags/example_dag_decorator.py
[2024-10-16T11:42:06.983+0000] {logging_mixin.py:190} INFO - [2024-10-16T11:42:06.983+0000] {dag.py:3239} INFO - Sync 1 DAGs
[2024-10-16T11:42:07.002+0000] {logging_mixin.py:190} INFO - [2024-10-16T11:42:07.002+0000] {dag.py:4180} INFO - Setting next_dagrun for example_dag_decorator to None, run_after=None
[2024-10-16T11:42:07.027+0000] {processor.py:208} INFO - Processing /home/airflow/.local/lib/python3.12/site-packages/airflow/example_dags/example_dag_decorator.py took 0.312 seconds
[2024-10-16T11:42:37.085+0000] {processor.py:186} INFO - Started process (PID=127152) to work on /home/airflow/.local/lib/python3.12/site-packages/airflow/example_dags/example_dag_decorator.py
[2024-10-16T11:42:37.086+0000] {processor.py:914} INFO - Processing file /home/airflow/.local/lib/python3.12/site-packages/airflow/example_dags/example_dag_decorator.py for tasks to queue
[2024-10-16T11:42:37.088+0000] {logging_mixin.py:190} INFO - [2024-10-16T11:42:37.088+0000] {dagbag.py:588} INFO - Filling up the DagBag from /home/airflow/.local/lib/python3.12/site-packages/airflow/example_dags/example_dag_decorator.py
[2024-10-16T11:42:37.101+0000] {processor.py:925} INFO - DAG(s) 'example_dag_decorator' retrieved from /home/airflow/.local/lib/python3.12/site-packages/airflow/example_dags/example_dag_decorator.py
[2024-10-16T11:42:37.128+0000] {logging_mixin.py:190} INFO - [2024-10-16T11:42:37.127+0000] {dag.py:3239} INFO - Sync 1 DAGs
[2024-10-16T11:42:37.145+0000] {logging_mixin.py:190} INFO - [2024-10-16T11:42:37.145+0000] {dag.py:4180} INFO - Setting next_dagrun for example_dag_decorator to None, run_after=None
[2024-10-16T11:42:37.166+0000] {processor.py:208} INFO - Processing /home/airflow/.local/lib/python3.12/site-packages/airflow/example_dags/example_dag_decorator.py took 0.087 seconds
[2024-10-16T11:43:07.805+0000] {processor.py:186} INFO - Started process (PID=127214) to work on /home/airflow/.local/lib/python3.12/site-packages/airflow/example_dags/example_dag_decorator.py
[2024-10-16T11:43:07.805+0000] {processor.py:914} INFO - Processing file /home/airflow/.local/lib/python3.12/site-packages/airflow/example_dags/example_dag_decorator.py for tasks to queue
[2024-10-16T11:43:07.807+0000] {logging_mixin.py:190} INFO - [2024-10-16T11:43:07.806+0000] {dagbag.py:588} INFO - Filling up the DagBag from /home/airflow/.local/lib/python3.12/site-packages/airflow/example_dags/example_dag_decorator.py
[2024-10-16T11:43:07.819+0000] {processor.py:925} INFO - DAG(s) 'example_dag_decorator' retrieved from /home/airflow/.local/lib/python3.12/site-packages/airflow/example_dags/example_dag_decorator.py
[2024-10-16T11:43:07.842+0000] {logging_mixin.py:190} INFO - [2024-10-16T11:43:07.842+0000] {dag.py:3239} INFO - Sync 1 DAGs
[2024-10-16T11:43:07.863+0000] {logging_mixin.py:190} INFO - [2024-10-16T11:43:07.863+0000] {dag.py:4180} INFO - Setting next_dagrun for example_dag_decorator to None, run_after=None
[2024-10-16T11:43:07.886+0000] {processor.py:208} INFO - Processing /home/airflow/.local/lib/python3.12/site-packages/airflow/example_dags/example_dag_decorator.py took 0.087 seconds
[2024-10-16T11:43:38.006+0000] {processor.py:186} INFO - Started process (PID=127277) to work on /home/airflow/.local/lib/python3.12/site-packages/airflow/example_dags/example_dag_decorator.py
[2024-10-16T11:43:38.007+0000] {processor.py:914} INFO - Processing file /home/airflow/.local/lib/python3.12/site-packages/airflow/example_dags/example_dag_decorator.py for tasks to queue
[2024-10-16T11:43:38.009+0000] {logging_mixin.py:190} INFO - [2024-10-16T11:43:38.008+0000] {dagbag.py:588} INFO - Filling up the DagBag from /home/airflow/.local/lib/python3.12/site-packages/airflow/example_dags/example_dag_decorator.py
[2024-10-16T11:43:38.025+0000] {processor.py:925} INFO - DAG(s) 'example_dag_decorator' retrieved from /home/airflow/.local/lib/python3.12/site-packages/airflow/example_dags/example_dag_decorator.py
[2024-10-16T11:43:38.162+0000] {logging_mixin.py:190} INFO - [2024-10-16T11:43:38.162+0000] {dag.py:3239} INFO - Sync 1 DAGs
[2024-10-16T11:43:38.178+0000] {logging_mixin.py:190} INFO - [2024-10-16T11:43:38.177+0000] {dag.py:4180} INFO - Setting next_dagrun for example_dag_decorator to None, run_after=None
[2024-10-16T11:43:38.198+0000] {processor.py:208} INFO - Processing /home/airflow/.local/lib/python3.12/site-packages/airflow/example_dags/example_dag_decorator.py took 0.201 seconds
[2024-10-16T11:44:08.259+0000] {processor.py:186} INFO - Started process (PID=127340) to work on /home/airflow/.local/lib/python3.12/site-packages/airflow/example_dags/example_dag_decorator.py
[2024-10-16T11:44:08.260+0000] {processor.py:914} INFO - Processing file /home/airflow/.local/lib/python3.12/site-packages/airflow/example_dags/example_dag_decorator.py for tasks to queue
[2024-10-16T11:44:08.262+0000] {logging_mixin.py:190} INFO - [2024-10-16T11:44:08.261+0000] {dagbag.py:588} INFO - Filling up the DagBag from /home/airflow/.local/lib/python3.12/site-packages/airflow/example_dags/example_dag_decorator.py
[2024-10-16T11:44:08.275+0000] {processor.py:925} INFO - DAG(s) 'example_dag_decorator' retrieved from /home/airflow/.local/lib/python3.12/site-packages/airflow/example_dags/example_dag_decorator.py
[2024-10-16T11:44:08.408+0000] {logging_mixin.py:190} INFO - [2024-10-16T11:44:08.408+0000] {dag.py:3239} INFO - Sync 1 DAGs
[2024-10-16T11:44:08.423+0000] {logging_mixin.py:190} INFO - [2024-10-16T11:44:08.423+0000] {dag.py:4180} INFO - Setting next_dagrun for example_dag_decorator to None, run_after=None
[2024-10-16T11:44:08.443+0000] {processor.py:208} INFO - Processing /home/airflow/.local/lib/python3.12/site-packages/airflow/example_dags/example_dag_decorator.py took 0.193 seconds
[2024-10-16T11:44:38.980+0000] {processor.py:186} INFO - Started process (PID=127404) to work on /home/airflow/.local/lib/python3.12/site-packages/airflow/example_dags/example_dag_decorator.py
[2024-10-16T11:44:38.981+0000] {processor.py:914} INFO - Processing file /home/airflow/.local/lib/python3.12/site-packages/airflow/example_dags/example_dag_decorator.py for tasks to queue
[2024-10-16T11:44:38.983+0000] {logging_mixin.py:190} INFO - [2024-10-16T11:44:38.983+0000] {dagbag.py:588} INFO - Filling up the DagBag from /home/airflow/.local/lib/python3.12/site-packages/airflow/example_dags/example_dag_decorator.py
[2024-10-16T11:44:38.998+0000] {processor.py:925} INFO - DAG(s) 'example_dag_decorator' retrieved from /home/airflow/.local/lib/python3.12/site-packages/airflow/example_dags/example_dag_decorator.py
[2024-10-16T11:44:39.027+0000] {logging_mixin.py:190} INFO - [2024-10-16T11:44:39.027+0000] {dag.py:3239} INFO - Sync 1 DAGs
[2024-10-16T11:44:39.045+0000] {logging_mixin.py:190} INFO - [2024-10-16T11:44:39.044+0000] {dag.py:4180} INFO - Setting next_dagrun for example_dag_decorator to None, run_after=None
[2024-10-16T11:44:39.064+0000] {processor.py:208} INFO - Processing /home/airflow/.local/lib/python3.12/site-packages/airflow/example_dags/example_dag_decorator.py took 0.091 seconds
[2024-10-16T11:45:09.255+0000] {processor.py:186} INFO - Started process (PID=127467) to work on /home/airflow/.local/lib/python3.12/site-packages/airflow/example_dags/example_dag_decorator.py
[2024-10-16T11:45:09.256+0000] {processor.py:914} INFO - Processing file /home/airflow/.local/lib/python3.12/site-packages/airflow/example_dags/example_dag_decorator.py for tasks to queue
[2024-10-16T11:45:09.258+0000] {logging_mixin.py:190} INFO - [2024-10-16T11:45:09.257+0000] {dagbag.py:588} INFO - Filling up the DagBag from /home/airflow/.local/lib/python3.12/site-packages/airflow/example_dags/example_dag_decorator.py
[2024-10-16T11:45:09.274+0000] {processor.py:925} INFO - DAG(s) 'example_dag_decorator' retrieved from /home/airflow/.local/lib/python3.12/site-packages/airflow/example_dags/example_dag_decorator.py
[2024-10-16T11:45:09.399+0000] {logging_mixin.py:190} INFO - [2024-10-16T11:45:09.399+0000] {dag.py:3239} INFO - Sync 1 DAGs
[2024-10-16T11:45:09.414+0000] {logging_mixin.py:190} INFO - [2024-10-16T11:45:09.413+0000] {dag.py:4180} INFO - Setting next_dagrun for example_dag_decorator to None, run_after=None
[2024-10-16T11:45:09.433+0000] {processor.py:208} INFO - Processing /home/airflow/.local/lib/python3.12/site-packages/airflow/example_dags/example_dag_decorator.py took 0.186 seconds
[2024-10-16T11:45:39.636+0000] {processor.py:186} INFO - Started process (PID=127530) to work on /home/airflow/.local/lib/python3.12/site-packages/airflow/example_dags/example_dag_decorator.py
[2024-10-16T11:45:39.638+0000] {processor.py:914} INFO - Processing file /home/airflow/.local/lib/python3.12/site-packages/airflow/example_dags/example_dag_decorator.py for tasks to queue
[2024-10-16T11:45:39.640+0000] {logging_mixin.py:190} INFO - [2024-10-16T11:45:39.640+0000] {dagbag.py:588} INFO - Filling up the DagBag from /home/airflow/.local/lib/python3.12/site-packages/airflow/example_dags/example_dag_decorator.py
[2024-10-16T11:45:39.655+0000] {processor.py:925} INFO - DAG(s) 'example_dag_decorator' retrieved from /home/airflow/.local/lib/python3.12/site-packages/airflow/example_dags/example_dag_decorator.py
[2024-10-16T11:45:39.781+0000] {logging_mixin.py:190} INFO - [2024-10-16T11:45:39.781+0000] {dag.py:3239} INFO - Sync 1 DAGs
[2024-10-16T11:45:39.796+0000] {logging_mixin.py:190} INFO - [2024-10-16T11:45:39.795+0000] {dag.py:4180} INFO - Setting next_dagrun for example_dag_decorator to None, run_after=None
[2024-10-16T11:45:39.816+0000] {processor.py:208} INFO - Processing /home/airflow/.local/lib/python3.12/site-packages/airflow/example_dags/example_dag_decorator.py took 0.187 seconds
