[2024-10-16T11:30:04.341+0000] {processor.py:186} INFO - Started process (PID=125609) to work on /home/airflow/.local/lib/python3.12/site-packages/airflow/example_dags/example_subdag_operator.py
[2024-10-16T11:30:04.342+0000] {processor.py:914} INFO - Processing file /home/airflow/.local/lib/python3.12/site-packages/airflow/example_dags/example_subdag_operator.py for tasks to queue
[2024-10-16T11:30:04.343+0000] {logging_mixin.py:190} INFO - [2024-10-16T11:30:04.343+0000] {dagbag.py:588} INFO - Filling up the DagBag from /home/airflow/.local/lib/python3.12/site-packages/airflow/example_dags/example_subdag_operator.py
[2024-10-16T11:30:04.372+0000] {processor.py:925} INFO - DAG(s) 'example_subdag_operator.section-1', 'example_subdag_operator.section-2', 'example_subdag_operator' retrieved from /home/airflow/.local/lib/python3.12/site-packages/airflow/example_dags/example_subdag_operator.py
[2024-10-16T11:30:04.388+0000] {logging_mixin.py:190} INFO - [2024-10-16T11:30:04.388+0000] {dag.py:3239} INFO - Sync 3 DAGs
[2024-10-16T11:30:04.414+0000] {logging_mixin.py:190} INFO - [2024-10-16T11:30:04.414+0000] {dag.py:4180} INFO - Setting next_dagrun for example_subdag_operator to 2022-01-01 00:00:00+00:00, run_after=2022-01-01 00:00:00+00:00
[2024-10-16T11:30:04.418+0000] {logging_mixin.py:190} INFO - [2024-10-16T11:30:04.418+0000] {dag.py:4180} INFO - Setting next_dagrun for example_subdag_operator.section-1 to None, run_after=None
[2024-10-16T11:30:04.420+0000] {logging_mixin.py:190} INFO - [2024-10-16T11:30:04.420+0000] {dag.py:4180} INFO - Setting next_dagrun for example_subdag_operator.section-2 to None, run_after=None
[2024-10-16T11:30:04.428+0000] {logging_mixin.py:190} INFO - [2024-10-16T11:30:04.428+0000] {dag.py:3239} INFO - Sync 2 DAGs
[2024-10-16T11:30:04.434+0000] {logging_mixin.py:190} INFO - [2024-10-16T11:30:04.434+0000] {dag.py:4180} INFO - Setting next_dagrun for example_subdag_operator.section-1 to None, run_after=None
[2024-10-16T11:30:04.435+0000] {logging_mixin.py:190} INFO - [2024-10-16T11:30:04.435+0000] {dag.py:4180} INFO - Setting next_dagrun for example_subdag_operator.section-2 to None, run_after=None
[2024-10-16T11:30:04.447+0000] {processor.py:208} INFO - Processing /home/airflow/.local/lib/python3.12/site-packages/airflow/example_dags/example_subdag_operator.py took 0.115 seconds
[2024-10-16T11:30:35.152+0000] {processor.py:186} INFO - Started process (PID=125673) to work on /home/airflow/.local/lib/python3.12/site-packages/airflow/example_dags/example_subdag_operator.py
[2024-10-16T11:30:35.153+0000] {processor.py:914} INFO - Processing file /home/airflow/.local/lib/python3.12/site-packages/airflow/example_dags/example_subdag_operator.py for tasks to queue
[2024-10-16T11:30:35.155+0000] {logging_mixin.py:190} INFO - [2024-10-16T11:30:35.155+0000] {dagbag.py:588} INFO - Filling up the DagBag from /home/airflow/.local/lib/python3.12/site-packages/airflow/example_dags/example_subdag_operator.py
[2024-10-16T11:30:35.186+0000] {processor.py:925} INFO - DAG(s) 'example_subdag_operator.section-1', 'example_subdag_operator.section-2', 'example_subdag_operator' retrieved from /home/airflow/.local/lib/python3.12/site-packages/airflow/example_dags/example_subdag_operator.py
[2024-10-16T11:30:35.204+0000] {logging_mixin.py:190} INFO - [2024-10-16T11:30:35.204+0000] {dag.py:3239} INFO - Sync 3 DAGs
[2024-10-16T11:30:35.233+0000] {logging_mixin.py:190} INFO - [2024-10-16T11:30:35.232+0000] {dag.py:4180} INFO - Setting next_dagrun for example_subdag_operator to 2022-01-01 00:00:00+00:00, run_after=2022-01-01 00:00:00+00:00
[2024-10-16T11:30:35.238+0000] {logging_mixin.py:190} INFO - [2024-10-16T11:30:35.238+0000] {dag.py:4180} INFO - Setting next_dagrun for example_subdag_operator.section-1 to None, run_after=None
[2024-10-16T11:30:35.240+0000] {logging_mixin.py:190} INFO - [2024-10-16T11:30:35.240+0000] {dag.py:4180} INFO - Setting next_dagrun for example_subdag_operator.section-2 to None, run_after=None
[2024-10-16T11:30:35.248+0000] {logging_mixin.py:190} INFO - [2024-10-16T11:30:35.247+0000] {dag.py:3239} INFO - Sync 2 DAGs
[2024-10-16T11:30:35.254+0000] {logging_mixin.py:190} INFO - [2024-10-16T11:30:35.253+0000] {dag.py:4180} INFO - Setting next_dagrun for example_subdag_operator.section-1 to None, run_after=None
[2024-10-16T11:30:35.254+0000] {logging_mixin.py:190} INFO - [2024-10-16T11:30:35.254+0000] {dag.py:4180} INFO - Setting next_dagrun for example_subdag_operator.section-2 to None, run_after=None
[2024-10-16T11:30:35.269+0000] {processor.py:208} INFO - Processing /home/airflow/.local/lib/python3.12/site-packages/airflow/example_dags/example_subdag_operator.py took 0.124 seconds
[2024-10-16T11:31:05.741+0000] {processor.py:186} INFO - Started process (PID=125736) to work on /home/airflow/.local/lib/python3.12/site-packages/airflow/example_dags/example_subdag_operator.py
[2024-10-16T11:31:05.742+0000] {processor.py:914} INFO - Processing file /home/airflow/.local/lib/python3.12/site-packages/airflow/example_dags/example_subdag_operator.py for tasks to queue
[2024-10-16T11:31:05.743+0000] {logging_mixin.py:190} INFO - [2024-10-16T11:31:05.743+0000] {dagbag.py:588} INFO - Filling up the DagBag from /home/airflow/.local/lib/python3.12/site-packages/airflow/example_dags/example_subdag_operator.py
[2024-10-16T11:31:05.767+0000] {processor.py:925} INFO - DAG(s) 'example_subdag_operator.section-1', 'example_subdag_operator.section-2', 'example_subdag_operator' retrieved from /home/airflow/.local/lib/python3.12/site-packages/airflow/example_dags/example_subdag_operator.py
[2024-10-16T11:31:05.781+0000] {logging_mixin.py:190} INFO - [2024-10-16T11:31:05.781+0000] {dag.py:3239} INFO - Sync 3 DAGs
[2024-10-16T11:31:05.802+0000] {logging_mixin.py:190} INFO - [2024-10-16T11:31:05.802+0000] {dag.py:4180} INFO - Setting next_dagrun for example_subdag_operator to 2022-01-01 00:00:00+00:00, run_after=2022-01-01 00:00:00+00:00
[2024-10-16T11:31:05.806+0000] {logging_mixin.py:190} INFO - [2024-10-16T11:31:05.806+0000] {dag.py:4180} INFO - Setting next_dagrun for example_subdag_operator.section-1 to None, run_after=None
[2024-10-16T11:31:05.807+0000] {logging_mixin.py:190} INFO - [2024-10-16T11:31:05.807+0000] {dag.py:4180} INFO - Setting next_dagrun for example_subdag_operator.section-2 to None, run_after=None
[2024-10-16T11:31:05.813+0000] {logging_mixin.py:190} INFO - [2024-10-16T11:31:05.813+0000] {dag.py:3239} INFO - Sync 2 DAGs
[2024-10-16T11:31:05.818+0000] {logging_mixin.py:190} INFO - [2024-10-16T11:31:05.817+0000] {dag.py:4180} INFO - Setting next_dagrun for example_subdag_operator.section-1 to None, run_after=None
[2024-10-16T11:31:05.818+0000] {logging_mixin.py:190} INFO - [2024-10-16T11:31:05.818+0000] {dag.py:4180} INFO - Setting next_dagrun for example_subdag_operator.section-2 to None, run_after=None
[2024-10-16T11:31:05.829+0000] {processor.py:208} INFO - Processing /home/airflow/.local/lib/python3.12/site-packages/airflow/example_dags/example_subdag_operator.py took 0.093 seconds
[2024-10-16T11:31:36.374+0000] {processor.py:186} INFO - Started process (PID=125799) to work on /home/airflow/.local/lib/python3.12/site-packages/airflow/example_dags/example_subdag_operator.py
[2024-10-16T11:31:36.375+0000] {processor.py:914} INFO - Processing file /home/airflow/.local/lib/python3.12/site-packages/airflow/example_dags/example_subdag_operator.py for tasks to queue
[2024-10-16T11:31:36.376+0000] {logging_mixin.py:190} INFO - [2024-10-16T11:31:36.375+0000] {dagbag.py:588} INFO - Filling up the DagBag from /home/airflow/.local/lib/python3.12/site-packages/airflow/example_dags/example_subdag_operator.py
[2024-10-16T11:31:36.402+0000] {processor.py:925} INFO - DAG(s) 'example_subdag_operator.section-1', 'example_subdag_operator.section-2', 'example_subdag_operator' retrieved from /home/airflow/.local/lib/python3.12/site-packages/airflow/example_dags/example_subdag_operator.py
[2024-10-16T11:31:36.417+0000] {logging_mixin.py:190} INFO - [2024-10-16T11:31:36.417+0000] {dag.py:3239} INFO - Sync 3 DAGs
[2024-10-16T11:31:36.441+0000] {logging_mixin.py:190} INFO - [2024-10-16T11:31:36.441+0000] {dag.py:4180} INFO - Setting next_dagrun for example_subdag_operator to 2022-01-01 00:00:00+00:00, run_after=2022-01-01 00:00:00+00:00
[2024-10-16T11:31:36.445+0000] {logging_mixin.py:190} INFO - [2024-10-16T11:31:36.445+0000] {dag.py:4180} INFO - Setting next_dagrun for example_subdag_operator.section-1 to None, run_after=None
[2024-10-16T11:31:36.446+0000] {logging_mixin.py:190} INFO - [2024-10-16T11:31:36.446+0000] {dag.py:4180} INFO - Setting next_dagrun for example_subdag_operator.section-2 to None, run_after=None
[2024-10-16T11:31:36.454+0000] {logging_mixin.py:190} INFO - [2024-10-16T11:31:36.454+0000] {dag.py:3239} INFO - Sync 2 DAGs
[2024-10-16T11:31:36.459+0000] {logging_mixin.py:190} INFO - [2024-10-16T11:31:36.459+0000] {dag.py:4180} INFO - Setting next_dagrun for example_subdag_operator.section-1 to None, run_after=None
[2024-10-16T11:31:36.459+0000] {logging_mixin.py:190} INFO - [2024-10-16T11:31:36.459+0000] {dag.py:4180} INFO - Setting next_dagrun for example_subdag_operator.section-2 to None, run_after=None
[2024-10-16T11:31:36.469+0000] {processor.py:208} INFO - Processing /home/airflow/.local/lib/python3.12/site-packages/airflow/example_dags/example_subdag_operator.py took 0.100 seconds
[2024-10-16T11:32:06.867+0000] {processor.py:186} INFO - Started process (PID=125862) to work on /home/airflow/.local/lib/python3.12/site-packages/airflow/example_dags/example_subdag_operator.py
[2024-10-16T11:32:06.868+0000] {processor.py:914} INFO - Processing file /home/airflow/.local/lib/python3.12/site-packages/airflow/example_dags/example_subdag_operator.py for tasks to queue
[2024-10-16T11:32:06.870+0000] {logging_mixin.py:190} INFO - [2024-10-16T11:32:06.870+0000] {dagbag.py:588} INFO - Filling up the DagBag from /home/airflow/.local/lib/python3.12/site-packages/airflow/example_dags/example_subdag_operator.py
[2024-10-16T11:32:06.927+0000] {processor.py:925} INFO - DAG(s) 'example_subdag_operator.section-1', 'example_subdag_operator.section-2', 'example_subdag_operator' retrieved from /home/airflow/.local/lib/python3.12/site-packages/airflow/example_dags/example_subdag_operator.py
[2024-10-16T11:32:06.959+0000] {logging_mixin.py:190} INFO - [2024-10-16T11:32:06.959+0000] {dag.py:3239} INFO - Sync 3 DAGs
[2024-10-16T11:32:06.989+0000] {logging_mixin.py:190} INFO - [2024-10-16T11:32:06.989+0000] {dag.py:4180} INFO - Setting next_dagrun for example_subdag_operator to 2022-01-01 00:00:00+00:00, run_after=2022-01-01 00:00:00+00:00
[2024-10-16T11:32:06.994+0000] {logging_mixin.py:190} INFO - [2024-10-16T11:32:06.993+0000] {dag.py:4180} INFO - Setting next_dagrun for example_subdag_operator.section-1 to None, run_after=None
[2024-10-16T11:32:06.995+0000] {logging_mixin.py:190} INFO - [2024-10-16T11:32:06.995+0000] {dag.py:4180} INFO - Setting next_dagrun for example_subdag_operator.section-2 to None, run_after=None
[2024-10-16T11:32:07.005+0000] {logging_mixin.py:190} INFO - [2024-10-16T11:32:07.004+0000] {dag.py:3239} INFO - Sync 2 DAGs
[2024-10-16T11:32:07.012+0000] {logging_mixin.py:190} INFO - [2024-10-16T11:32:07.012+0000] {dag.py:4180} INFO - Setting next_dagrun for example_subdag_operator.section-1 to None, run_after=None
[2024-10-16T11:32:07.013+0000] {logging_mixin.py:190} INFO - [2024-10-16T11:32:07.013+0000] {dag.py:4180} INFO - Setting next_dagrun for example_subdag_operator.section-2 to None, run_after=None
[2024-10-16T11:32:07.027+0000] {processor.py:208} INFO - Processing /home/airflow/.local/lib/python3.12/site-packages/airflow/example_dags/example_subdag_operator.py took 0.174 seconds
[2024-10-16T11:32:37.561+0000] {processor.py:186} INFO - Started process (PID=125925) to work on /home/airflow/.local/lib/python3.12/site-packages/airflow/example_dags/example_subdag_operator.py
[2024-10-16T11:32:37.562+0000] {processor.py:914} INFO - Processing file /home/airflow/.local/lib/python3.12/site-packages/airflow/example_dags/example_subdag_operator.py for tasks to queue
[2024-10-16T11:32:37.564+0000] {logging_mixin.py:190} INFO - [2024-10-16T11:32:37.563+0000] {dagbag.py:588} INFO - Filling up the DagBag from /home/airflow/.local/lib/python3.12/site-packages/airflow/example_dags/example_subdag_operator.py
[2024-10-16T11:32:37.595+0000] {processor.py:925} INFO - DAG(s) 'example_subdag_operator.section-1', 'example_subdag_operator.section-2', 'example_subdag_operator' retrieved from /home/airflow/.local/lib/python3.12/site-packages/airflow/example_dags/example_subdag_operator.py
[2024-10-16T11:32:37.618+0000] {logging_mixin.py:190} INFO - [2024-10-16T11:32:37.618+0000] {dag.py:3239} INFO - Sync 3 DAGs
[2024-10-16T11:32:37.652+0000] {logging_mixin.py:190} INFO - [2024-10-16T11:32:37.652+0000] {dag.py:4180} INFO - Setting next_dagrun for example_subdag_operator to 2022-01-01 00:00:00+00:00, run_after=2022-01-01 00:00:00+00:00
[2024-10-16T11:32:37.658+0000] {logging_mixin.py:190} INFO - [2024-10-16T11:32:37.658+0000] {dag.py:4180} INFO - Setting next_dagrun for example_subdag_operator.section-1 to None, run_after=None
[2024-10-16T11:32:37.661+0000] {logging_mixin.py:190} INFO - [2024-10-16T11:32:37.661+0000] {dag.py:4180} INFO - Setting next_dagrun for example_subdag_operator.section-2 to None, run_after=None
[2024-10-16T11:32:37.672+0000] {logging_mixin.py:190} INFO - [2024-10-16T11:32:37.672+0000] {dag.py:3239} INFO - Sync 2 DAGs
[2024-10-16T11:32:37.677+0000] {logging_mixin.py:190} INFO - [2024-10-16T11:32:37.677+0000] {dag.py:4180} INFO - Setting next_dagrun for example_subdag_operator.section-1 to None, run_after=None
[2024-10-16T11:32:37.678+0000] {logging_mixin.py:190} INFO - [2024-10-16T11:32:37.678+0000] {dag.py:4180} INFO - Setting next_dagrun for example_subdag_operator.section-2 to None, run_after=None
[2024-10-16T11:32:37.688+0000] {processor.py:208} INFO - Processing /home/airflow/.local/lib/python3.12/site-packages/airflow/example_dags/example_subdag_operator.py took 0.136 seconds
[2024-10-16T11:33:08.075+0000] {processor.py:186} INFO - Started process (PID=125988) to work on /home/airflow/.local/lib/python3.12/site-packages/airflow/example_dags/example_subdag_operator.py
[2024-10-16T11:33:08.076+0000] {processor.py:914} INFO - Processing file /home/airflow/.local/lib/python3.12/site-packages/airflow/example_dags/example_subdag_operator.py for tasks to queue
[2024-10-16T11:33:08.077+0000] {logging_mixin.py:190} INFO - [2024-10-16T11:33:08.077+0000] {dagbag.py:588} INFO - Filling up the DagBag from /home/airflow/.local/lib/python3.12/site-packages/airflow/example_dags/example_subdag_operator.py
[2024-10-16T11:33:08.112+0000] {processor.py:925} INFO - DAG(s) 'example_subdag_operator.section-1', 'example_subdag_operator.section-2', 'example_subdag_operator' retrieved from /home/airflow/.local/lib/python3.12/site-packages/airflow/example_dags/example_subdag_operator.py
[2024-10-16T11:33:08.132+0000] {logging_mixin.py:190} INFO - [2024-10-16T11:33:08.132+0000] {dag.py:3239} INFO - Sync 3 DAGs
[2024-10-16T11:33:08.161+0000] {logging_mixin.py:190} INFO - [2024-10-16T11:33:08.161+0000] {dag.py:4180} INFO - Setting next_dagrun for example_subdag_operator to 2022-01-01 00:00:00+00:00, run_after=2022-01-01 00:00:00+00:00
[2024-10-16T11:33:08.167+0000] {logging_mixin.py:190} INFO - [2024-10-16T11:33:08.167+0000] {dag.py:4180} INFO - Setting next_dagrun for example_subdag_operator.section-1 to None, run_after=None
[2024-10-16T11:33:08.169+0000] {logging_mixin.py:190} INFO - [2024-10-16T11:33:08.169+0000] {dag.py:4180} INFO - Setting next_dagrun for example_subdag_operator.section-2 to None, run_after=None
[2024-10-16T11:33:08.177+0000] {logging_mixin.py:190} INFO - [2024-10-16T11:33:08.177+0000] {dag.py:3239} INFO - Sync 2 DAGs
[2024-10-16T11:33:08.184+0000] {logging_mixin.py:190} INFO - [2024-10-16T11:33:08.184+0000] {dag.py:4180} INFO - Setting next_dagrun for example_subdag_operator.section-1 to None, run_after=None
[2024-10-16T11:33:08.185+0000] {logging_mixin.py:190} INFO - [2024-10-16T11:33:08.185+0000] {dag.py:4180} INFO - Setting next_dagrun for example_subdag_operator.section-2 to None, run_after=None
[2024-10-16T11:33:08.200+0000] {processor.py:208} INFO - Processing /home/airflow/.local/lib/python3.12/site-packages/airflow/example_dags/example_subdag_operator.py took 0.133 seconds
[2024-10-16T11:33:38.368+0000] {processor.py:186} INFO - Started process (PID=126051) to work on /home/airflow/.local/lib/python3.12/site-packages/airflow/example_dags/example_subdag_operator.py
[2024-10-16T11:33:38.369+0000] {processor.py:914} INFO - Processing file /home/airflow/.local/lib/python3.12/site-packages/airflow/example_dags/example_subdag_operator.py for tasks to queue
[2024-10-16T11:33:38.371+0000] {logging_mixin.py:190} INFO - [2024-10-16T11:33:38.371+0000] {dagbag.py:588} INFO - Filling up the DagBag from /home/airflow/.local/lib/python3.12/site-packages/airflow/example_dags/example_subdag_operator.py
[2024-10-16T11:33:38.408+0000] {processor.py:925} INFO - DAG(s) 'example_subdag_operator.section-1', 'example_subdag_operator.section-2', 'example_subdag_operator' retrieved from /home/airflow/.local/lib/python3.12/site-packages/airflow/example_dags/example_subdag_operator.py
[2024-10-16T11:33:38.433+0000] {logging_mixin.py:190} INFO - [2024-10-16T11:33:38.433+0000] {dag.py:3239} INFO - Sync 3 DAGs
[2024-10-16T11:33:38.466+0000] {logging_mixin.py:190} INFO - [2024-10-16T11:33:38.466+0000] {dag.py:4180} INFO - Setting next_dagrun for example_subdag_operator to 2022-01-01 00:00:00+00:00, run_after=2022-01-01 00:00:00+00:00
[2024-10-16T11:33:38.470+0000] {logging_mixin.py:190} INFO - [2024-10-16T11:33:38.470+0000] {dag.py:4180} INFO - Setting next_dagrun for example_subdag_operator.section-1 to None, run_after=None
[2024-10-16T11:33:38.471+0000] {logging_mixin.py:190} INFO - [2024-10-16T11:33:38.471+0000] {dag.py:4180} INFO - Setting next_dagrun for example_subdag_operator.section-2 to None, run_after=None
[2024-10-16T11:33:38.478+0000] {logging_mixin.py:190} INFO - [2024-10-16T11:33:38.478+0000] {dag.py:3239} INFO - Sync 2 DAGs
[2024-10-16T11:33:38.483+0000] {logging_mixin.py:190} INFO - [2024-10-16T11:33:38.483+0000] {dag.py:4180} INFO - Setting next_dagrun for example_subdag_operator.section-1 to None, run_after=None
[2024-10-16T11:33:38.484+0000] {logging_mixin.py:190} INFO - [2024-10-16T11:33:38.484+0000] {dag.py:4180} INFO - Setting next_dagrun for example_subdag_operator.section-2 to None, run_after=None
[2024-10-16T11:33:38.497+0000] {processor.py:208} INFO - Processing /home/airflow/.local/lib/python3.12/site-packages/airflow/example_dags/example_subdag_operator.py took 0.139 seconds
[2024-10-16T11:34:09.096+0000] {processor.py:186} INFO - Started process (PID=126114) to work on /home/airflow/.local/lib/python3.12/site-packages/airflow/example_dags/example_subdag_operator.py
[2024-10-16T11:34:09.097+0000] {processor.py:914} INFO - Processing file /home/airflow/.local/lib/python3.12/site-packages/airflow/example_dags/example_subdag_operator.py for tasks to queue
[2024-10-16T11:34:09.099+0000] {logging_mixin.py:190} INFO - [2024-10-16T11:34:09.098+0000] {dagbag.py:588} INFO - Filling up the DagBag from /home/airflow/.local/lib/python3.12/site-packages/airflow/example_dags/example_subdag_operator.py
[2024-10-16T11:34:09.125+0000] {processor.py:925} INFO - DAG(s) 'example_subdag_operator.section-1', 'example_subdag_operator.section-2', 'example_subdag_operator' retrieved from /home/airflow/.local/lib/python3.12/site-packages/airflow/example_dags/example_subdag_operator.py
[2024-10-16T11:34:09.139+0000] {logging_mixin.py:190} INFO - [2024-10-16T11:34:09.139+0000] {dag.py:3239} INFO - Sync 3 DAGs
[2024-10-16T11:34:09.170+0000] {logging_mixin.py:190} INFO - [2024-10-16T11:34:09.170+0000] {dag.py:4180} INFO - Setting next_dagrun for example_subdag_operator to 2022-01-01 00:00:00+00:00, run_after=2022-01-01 00:00:00+00:00
[2024-10-16T11:34:09.177+0000] {logging_mixin.py:190} INFO - [2024-10-16T11:34:09.176+0000] {dag.py:4180} INFO - Setting next_dagrun for example_subdag_operator.section-1 to None, run_after=None
[2024-10-16T11:34:09.179+0000] {logging_mixin.py:190} INFO - [2024-10-16T11:34:09.179+0000] {dag.py:4180} INFO - Setting next_dagrun for example_subdag_operator.section-2 to None, run_after=None
[2024-10-16T11:34:09.192+0000] {logging_mixin.py:190} INFO - [2024-10-16T11:34:09.191+0000] {dag.py:3239} INFO - Sync 2 DAGs
[2024-10-16T11:34:09.204+0000] {logging_mixin.py:190} INFO - [2024-10-16T11:34:09.204+0000] {dag.py:4180} INFO - Setting next_dagrun for example_subdag_operator.section-1 to None, run_after=None
[2024-10-16T11:34:09.205+0000] {logging_mixin.py:190} INFO - [2024-10-16T11:34:09.205+0000] {dag.py:4180} INFO - Setting next_dagrun for example_subdag_operator.section-2 to None, run_after=None
[2024-10-16T11:34:09.224+0000] {processor.py:208} INFO - Processing /home/airflow/.local/lib/python3.12/site-packages/airflow/example_dags/example_subdag_operator.py took 0.134 seconds
[2024-10-16T11:34:39.288+0000] {processor.py:186} INFO - Started process (PID=126178) to work on /home/airflow/.local/lib/python3.12/site-packages/airflow/example_dags/example_subdag_operator.py
[2024-10-16T11:34:39.289+0000] {processor.py:914} INFO - Processing file /home/airflow/.local/lib/python3.12/site-packages/airflow/example_dags/example_subdag_operator.py for tasks to queue
[2024-10-16T11:34:39.290+0000] {logging_mixin.py:190} INFO - [2024-10-16T11:34:39.290+0000] {dagbag.py:588} INFO - Filling up the DagBag from /home/airflow/.local/lib/python3.12/site-packages/airflow/example_dags/example_subdag_operator.py
[2024-10-16T11:34:39.316+0000] {processor.py:925} INFO - DAG(s) 'example_subdag_operator.section-1', 'example_subdag_operator.section-2', 'example_subdag_operator' retrieved from /home/airflow/.local/lib/python3.12/site-packages/airflow/example_dags/example_subdag_operator.py
[2024-10-16T11:34:39.330+0000] {logging_mixin.py:190} INFO - [2024-10-16T11:34:39.329+0000] {dag.py:3239} INFO - Sync 3 DAGs
[2024-10-16T11:34:39.355+0000] {logging_mixin.py:190} INFO - [2024-10-16T11:34:39.354+0000] {dag.py:4180} INFO - Setting next_dagrun for example_subdag_operator to 2022-01-01 00:00:00+00:00, run_after=2022-01-01 00:00:00+00:00
[2024-10-16T11:34:39.358+0000] {logging_mixin.py:190} INFO - [2024-10-16T11:34:39.358+0000] {dag.py:4180} INFO - Setting next_dagrun for example_subdag_operator.section-1 to None, run_after=None
[2024-10-16T11:34:39.360+0000] {logging_mixin.py:190} INFO - [2024-10-16T11:34:39.360+0000] {dag.py:4180} INFO - Setting next_dagrun for example_subdag_operator.section-2 to None, run_after=None
[2024-10-16T11:34:39.366+0000] {logging_mixin.py:190} INFO - [2024-10-16T11:34:39.366+0000] {dag.py:3239} INFO - Sync 2 DAGs
[2024-10-16T11:34:39.371+0000] {logging_mixin.py:190} INFO - [2024-10-16T11:34:39.371+0000] {dag.py:4180} INFO - Setting next_dagrun for example_subdag_operator.section-1 to None, run_after=None
[2024-10-16T11:34:39.372+0000] {logging_mixin.py:190} INFO - [2024-10-16T11:34:39.372+0000] {dag.py:4180} INFO - Setting next_dagrun for example_subdag_operator.section-2 to None, run_after=None
[2024-10-16T11:34:39.383+0000] {processor.py:208} INFO - Processing /home/airflow/.local/lib/python3.12/site-packages/airflow/example_dags/example_subdag_operator.py took 0.100 seconds
[2024-10-16T11:35:10.041+0000] {processor.py:186} INFO - Started process (PID=126241) to work on /home/airflow/.local/lib/python3.12/site-packages/airflow/example_dags/example_subdag_operator.py
[2024-10-16T11:35:10.042+0000] {processor.py:914} INFO - Processing file /home/airflow/.local/lib/python3.12/site-packages/airflow/example_dags/example_subdag_operator.py for tasks to queue
[2024-10-16T11:35:10.043+0000] {logging_mixin.py:190} INFO - [2024-10-16T11:35:10.042+0000] {dagbag.py:588} INFO - Filling up the DagBag from /home/airflow/.local/lib/python3.12/site-packages/airflow/example_dags/example_subdag_operator.py
[2024-10-16T11:35:10.068+0000] {processor.py:925} INFO - DAG(s) 'example_subdag_operator.section-1', 'example_subdag_operator.section-2', 'example_subdag_operator' retrieved from /home/airflow/.local/lib/python3.12/site-packages/airflow/example_dags/example_subdag_operator.py
[2024-10-16T11:35:10.082+0000] {logging_mixin.py:190} INFO - [2024-10-16T11:35:10.082+0000] {dag.py:3239} INFO - Sync 3 DAGs
[2024-10-16T11:35:10.107+0000] {logging_mixin.py:190} INFO - [2024-10-16T11:35:10.107+0000] {dag.py:4180} INFO - Setting next_dagrun for example_subdag_operator to 2022-01-01 00:00:00+00:00, run_after=2022-01-01 00:00:00+00:00
[2024-10-16T11:35:10.113+0000] {logging_mixin.py:190} INFO - [2024-10-16T11:35:10.113+0000] {dag.py:4180} INFO - Setting next_dagrun for example_subdag_operator.section-1 to None, run_after=None
[2024-10-16T11:35:10.115+0000] {logging_mixin.py:190} INFO - [2024-10-16T11:35:10.115+0000] {dag.py:4180} INFO - Setting next_dagrun for example_subdag_operator.section-2 to None, run_after=None
[2024-10-16T11:35:10.121+0000] {logging_mixin.py:190} INFO - [2024-10-16T11:35:10.121+0000] {dag.py:3239} INFO - Sync 2 DAGs
[2024-10-16T11:35:10.127+0000] {logging_mixin.py:190} INFO - [2024-10-16T11:35:10.127+0000] {dag.py:4180} INFO - Setting next_dagrun for example_subdag_operator.section-1 to None, run_after=None
[2024-10-16T11:35:10.128+0000] {logging_mixin.py:190} INFO - [2024-10-16T11:35:10.128+0000] {dag.py:4180} INFO - Setting next_dagrun for example_subdag_operator.section-2 to None, run_after=None
[2024-10-16T11:35:10.140+0000] {processor.py:208} INFO - Processing /home/airflow/.local/lib/python3.12/site-packages/airflow/example_dags/example_subdag_operator.py took 0.105 seconds
[2024-10-16T11:35:40.542+0000] {processor.py:186} INFO - Started process (PID=126304) to work on /home/airflow/.local/lib/python3.12/site-packages/airflow/example_dags/example_subdag_operator.py
[2024-10-16T11:35:40.543+0000] {processor.py:914} INFO - Processing file /home/airflow/.local/lib/python3.12/site-packages/airflow/example_dags/example_subdag_operator.py for tasks to queue
[2024-10-16T11:35:40.544+0000] {logging_mixin.py:190} INFO - [2024-10-16T11:35:40.544+0000] {dagbag.py:588} INFO - Filling up the DagBag from /home/airflow/.local/lib/python3.12/site-packages/airflow/example_dags/example_subdag_operator.py
[2024-10-16T11:35:40.573+0000] {processor.py:925} INFO - DAG(s) 'example_subdag_operator.section-1', 'example_subdag_operator.section-2', 'example_subdag_operator' retrieved from /home/airflow/.local/lib/python3.12/site-packages/airflow/example_dags/example_subdag_operator.py
[2024-10-16T11:35:40.588+0000] {logging_mixin.py:190} INFO - [2024-10-16T11:35:40.588+0000] {dag.py:3239} INFO - Sync 3 DAGs
[2024-10-16T11:35:40.614+0000] {logging_mixin.py:190} INFO - [2024-10-16T11:35:40.614+0000] {dag.py:4180} INFO - Setting next_dagrun for example_subdag_operator to 2022-01-01 00:00:00+00:00, run_after=2022-01-01 00:00:00+00:00
[2024-10-16T11:35:40.619+0000] {logging_mixin.py:190} INFO - [2024-10-16T11:35:40.619+0000] {dag.py:4180} INFO - Setting next_dagrun for example_subdag_operator.section-1 to None, run_after=None
[2024-10-16T11:35:40.620+0000] {logging_mixin.py:190} INFO - [2024-10-16T11:35:40.620+0000] {dag.py:4180} INFO - Setting next_dagrun for example_subdag_operator.section-2 to None, run_after=None
[2024-10-16T11:35:40.627+0000] {logging_mixin.py:190} INFO - [2024-10-16T11:35:40.626+0000] {dag.py:3239} INFO - Sync 2 DAGs
[2024-10-16T11:35:40.632+0000] {logging_mixin.py:190} INFO - [2024-10-16T11:35:40.632+0000] {dag.py:4180} INFO - Setting next_dagrun for example_subdag_operator.section-1 to None, run_after=None
[2024-10-16T11:35:40.633+0000] {logging_mixin.py:190} INFO - [2024-10-16T11:35:40.633+0000] {dag.py:4180} INFO - Setting next_dagrun for example_subdag_operator.section-2 to None, run_after=None
[2024-10-16T11:35:40.645+0000] {processor.py:208} INFO - Processing /home/airflow/.local/lib/python3.12/site-packages/airflow/example_dags/example_subdag_operator.py took 0.109 seconds
[2024-10-16T11:36:11.358+0000] {processor.py:186} INFO - Started process (PID=126367) to work on /home/airflow/.local/lib/python3.12/site-packages/airflow/example_dags/example_subdag_operator.py
[2024-10-16T11:36:11.359+0000] {processor.py:914} INFO - Processing file /home/airflow/.local/lib/python3.12/site-packages/airflow/example_dags/example_subdag_operator.py for tasks to queue
[2024-10-16T11:36:11.360+0000] {logging_mixin.py:190} INFO - [2024-10-16T11:36:11.359+0000] {dagbag.py:588} INFO - Filling up the DagBag from /home/airflow/.local/lib/python3.12/site-packages/airflow/example_dags/example_subdag_operator.py
[2024-10-16T11:36:11.384+0000] {processor.py:925} INFO - DAG(s) 'example_subdag_operator.section-1', 'example_subdag_operator.section-2', 'example_subdag_operator' retrieved from /home/airflow/.local/lib/python3.12/site-packages/airflow/example_dags/example_subdag_operator.py
[2024-10-16T11:36:11.400+0000] {logging_mixin.py:190} INFO - [2024-10-16T11:36:11.399+0000] {dag.py:3239} INFO - Sync 3 DAGs
[2024-10-16T11:36:11.428+0000] {logging_mixin.py:190} INFO - [2024-10-16T11:36:11.428+0000] {dag.py:4180} INFO - Setting next_dagrun for example_subdag_operator to 2022-01-01 00:00:00+00:00, run_after=2022-01-01 00:00:00+00:00
[2024-10-16T11:36:11.432+0000] {logging_mixin.py:190} INFO - [2024-10-16T11:36:11.432+0000] {dag.py:4180} INFO - Setting next_dagrun for example_subdag_operator.section-1 to None, run_after=None
[2024-10-16T11:36:11.433+0000] {logging_mixin.py:190} INFO - [2024-10-16T11:36:11.433+0000] {dag.py:4180} INFO - Setting next_dagrun for example_subdag_operator.section-2 to None, run_after=None
[2024-10-16T11:36:11.442+0000] {logging_mixin.py:190} INFO - [2024-10-16T11:36:11.442+0000] {dag.py:3239} INFO - Sync 2 DAGs
[2024-10-16T11:36:11.447+0000] {logging_mixin.py:190} INFO - [2024-10-16T11:36:11.447+0000] {dag.py:4180} INFO - Setting next_dagrun for example_subdag_operator.section-1 to None, run_after=None
[2024-10-16T11:36:11.448+0000] {logging_mixin.py:190} INFO - [2024-10-16T11:36:11.447+0000] {dag.py:4180} INFO - Setting next_dagrun for example_subdag_operator.section-2 to None, run_after=None
[2024-10-16T11:36:11.458+0000] {processor.py:208} INFO - Processing /home/airflow/.local/lib/python3.12/site-packages/airflow/example_dags/example_subdag_operator.py took 0.106 seconds
[2024-10-16T11:36:41.817+0000] {processor.py:186} INFO - Started process (PID=126431) to work on /home/airflow/.local/lib/python3.12/site-packages/airflow/example_dags/example_subdag_operator.py
[2024-10-16T11:36:41.818+0000] {processor.py:914} INFO - Processing file /home/airflow/.local/lib/python3.12/site-packages/airflow/example_dags/example_subdag_operator.py for tasks to queue
[2024-10-16T11:36:41.819+0000] {logging_mixin.py:190} INFO - [2024-10-16T11:36:41.819+0000] {dagbag.py:588} INFO - Filling up the DagBag from /home/airflow/.local/lib/python3.12/site-packages/airflow/example_dags/example_subdag_operator.py
[2024-10-16T11:36:41.846+0000] {processor.py:925} INFO - DAG(s) 'example_subdag_operator.section-1', 'example_subdag_operator.section-2', 'example_subdag_operator' retrieved from /home/airflow/.local/lib/python3.12/site-packages/airflow/example_dags/example_subdag_operator.py
[2024-10-16T11:36:41.861+0000] {logging_mixin.py:190} INFO - [2024-10-16T11:36:41.860+0000] {dag.py:3239} INFO - Sync 3 DAGs
[2024-10-16T11:36:41.882+0000] {logging_mixin.py:190} INFO - [2024-10-16T11:36:41.882+0000] {dag.py:4180} INFO - Setting next_dagrun for example_subdag_operator to 2022-01-01 00:00:00+00:00, run_after=2022-01-01 00:00:00+00:00
[2024-10-16T11:36:41.886+0000] {logging_mixin.py:190} INFO - [2024-10-16T11:36:41.886+0000] {dag.py:4180} INFO - Setting next_dagrun for example_subdag_operator.section-1 to None, run_after=None
[2024-10-16T11:36:41.887+0000] {logging_mixin.py:190} INFO - [2024-10-16T11:36:41.887+0000] {dag.py:4180} INFO - Setting next_dagrun for example_subdag_operator.section-2 to None, run_after=None
[2024-10-16T11:36:41.893+0000] {logging_mixin.py:190} INFO - [2024-10-16T11:36:41.893+0000] {dag.py:3239} INFO - Sync 2 DAGs
[2024-10-16T11:36:41.898+0000] {logging_mixin.py:190} INFO - [2024-10-16T11:36:41.898+0000] {dag.py:4180} INFO - Setting next_dagrun for example_subdag_operator.section-1 to None, run_after=None
[2024-10-16T11:36:41.898+0000] {logging_mixin.py:190} INFO - [2024-10-16T11:36:41.898+0000] {dag.py:4180} INFO - Setting next_dagrun for example_subdag_operator.section-2 to None, run_after=None
[2024-10-16T11:36:41.909+0000] {processor.py:208} INFO - Processing /home/airflow/.local/lib/python3.12/site-packages/airflow/example_dags/example_subdag_operator.py took 0.098 seconds
[2024-10-16T11:37:12.349+0000] {processor.py:186} INFO - Started process (PID=126494) to work on /home/airflow/.local/lib/python3.12/site-packages/airflow/example_dags/example_subdag_operator.py
[2024-10-16T11:37:12.350+0000] {processor.py:914} INFO - Processing file /home/airflow/.local/lib/python3.12/site-packages/airflow/example_dags/example_subdag_operator.py for tasks to queue
[2024-10-16T11:37:12.351+0000] {logging_mixin.py:190} INFO - [2024-10-16T11:37:12.351+0000] {dagbag.py:588} INFO - Filling up the DagBag from /home/airflow/.local/lib/python3.12/site-packages/airflow/example_dags/example_subdag_operator.py
[2024-10-16T11:37:12.375+0000] {processor.py:925} INFO - DAG(s) 'example_subdag_operator.section-1', 'example_subdag_operator.section-2', 'example_subdag_operator' retrieved from /home/airflow/.local/lib/python3.12/site-packages/airflow/example_dags/example_subdag_operator.py
[2024-10-16T11:37:12.391+0000] {logging_mixin.py:190} INFO - [2024-10-16T11:37:12.390+0000] {dag.py:3239} INFO - Sync 3 DAGs
[2024-10-16T11:37:12.412+0000] {logging_mixin.py:190} INFO - [2024-10-16T11:37:12.412+0000] {dag.py:4180} INFO - Setting next_dagrun for example_subdag_operator to 2022-01-01 00:00:00+00:00, run_after=2022-01-01 00:00:00+00:00
[2024-10-16T11:37:12.416+0000] {logging_mixin.py:190} INFO - [2024-10-16T11:37:12.416+0000] {dag.py:4180} INFO - Setting next_dagrun for example_subdag_operator.section-1 to None, run_after=None
[2024-10-16T11:37:12.418+0000] {logging_mixin.py:190} INFO - [2024-10-16T11:37:12.417+0000] {dag.py:4180} INFO - Setting next_dagrun for example_subdag_operator.section-2 to None, run_after=None
[2024-10-16T11:37:12.423+0000] {logging_mixin.py:190} INFO - [2024-10-16T11:37:12.423+0000] {dag.py:3239} INFO - Sync 2 DAGs
[2024-10-16T11:37:12.428+0000] {logging_mixin.py:190} INFO - [2024-10-16T11:37:12.428+0000] {dag.py:4180} INFO - Setting next_dagrun for example_subdag_operator.section-1 to None, run_after=None
[2024-10-16T11:37:12.429+0000] {logging_mixin.py:190} INFO - [2024-10-16T11:37:12.429+0000] {dag.py:4180} INFO - Setting next_dagrun for example_subdag_operator.section-2 to None, run_after=None
[2024-10-16T11:37:12.442+0000] {processor.py:208} INFO - Processing /home/airflow/.local/lib/python3.12/site-packages/airflow/example_dags/example_subdag_operator.py took 0.098 seconds
[2024-10-16T11:37:43.039+0000] {processor.py:186} INFO - Started process (PID=126557) to work on /home/airflow/.local/lib/python3.12/site-packages/airflow/example_dags/example_subdag_operator.py
[2024-10-16T11:37:43.040+0000] {processor.py:914} INFO - Processing file /home/airflow/.local/lib/python3.12/site-packages/airflow/example_dags/example_subdag_operator.py for tasks to queue
[2024-10-16T11:37:43.041+0000] {logging_mixin.py:190} INFO - [2024-10-16T11:37:43.041+0000] {dagbag.py:588} INFO - Filling up the DagBag from /home/airflow/.local/lib/python3.12/site-packages/airflow/example_dags/example_subdag_operator.py
[2024-10-16T11:37:43.064+0000] {processor.py:925} INFO - DAG(s) 'example_subdag_operator.section-1', 'example_subdag_operator.section-2', 'example_subdag_operator' retrieved from /home/airflow/.local/lib/python3.12/site-packages/airflow/example_dags/example_subdag_operator.py
[2024-10-16T11:37:43.079+0000] {logging_mixin.py:190} INFO - [2024-10-16T11:37:43.079+0000] {dag.py:3239} INFO - Sync 3 DAGs
[2024-10-16T11:37:43.102+0000] {logging_mixin.py:190} INFO - [2024-10-16T11:37:43.101+0000] {dag.py:4180} INFO - Setting next_dagrun for example_subdag_operator to 2022-01-01 00:00:00+00:00, run_after=2022-01-01 00:00:00+00:00
[2024-10-16T11:37:43.105+0000] {logging_mixin.py:190} INFO - [2024-10-16T11:37:43.105+0000] {dag.py:4180} INFO - Setting next_dagrun for example_subdag_operator.section-1 to None, run_after=None
[2024-10-16T11:37:43.107+0000] {logging_mixin.py:190} INFO - [2024-10-16T11:37:43.107+0000] {dag.py:4180} INFO - Setting next_dagrun for example_subdag_operator.section-2 to None, run_after=None
[2024-10-16T11:37:43.112+0000] {logging_mixin.py:190} INFO - [2024-10-16T11:37:43.112+0000] {dag.py:3239} INFO - Sync 2 DAGs
[2024-10-16T11:37:43.117+0000] {logging_mixin.py:190} INFO - [2024-10-16T11:37:43.117+0000] {dag.py:4180} INFO - Setting next_dagrun for example_subdag_operator.section-1 to None, run_after=None
[2024-10-16T11:37:43.118+0000] {logging_mixin.py:190} INFO - [2024-10-16T11:37:43.117+0000] {dag.py:4180} INFO - Setting next_dagrun for example_subdag_operator.section-2 to None, run_after=None
[2024-10-16T11:37:43.128+0000] {processor.py:208} INFO - Processing /home/airflow/.local/lib/python3.12/site-packages/airflow/example_dags/example_subdag_operator.py took 0.094 seconds
[2024-10-16T11:38:13.631+0000] {processor.py:186} INFO - Started process (PID=126620) to work on /home/airflow/.local/lib/python3.12/site-packages/airflow/example_dags/example_subdag_operator.py
[2024-10-16T11:38:13.632+0000] {processor.py:914} INFO - Processing file /home/airflow/.local/lib/python3.12/site-packages/airflow/example_dags/example_subdag_operator.py for tasks to queue
[2024-10-16T11:38:13.634+0000] {logging_mixin.py:190} INFO - [2024-10-16T11:38:13.633+0000] {dagbag.py:588} INFO - Filling up the DagBag from /home/airflow/.local/lib/python3.12/site-packages/airflow/example_dags/example_subdag_operator.py
[2024-10-16T11:38:13.663+0000] {processor.py:925} INFO - DAG(s) 'example_subdag_operator.section-1', 'example_subdag_operator.section-2', 'example_subdag_operator' retrieved from /home/airflow/.local/lib/python3.12/site-packages/airflow/example_dags/example_subdag_operator.py
[2024-10-16T11:38:13.681+0000] {logging_mixin.py:190} INFO - [2024-10-16T11:38:13.680+0000] {dag.py:3239} INFO - Sync 3 DAGs
[2024-10-16T11:38:13.708+0000] {logging_mixin.py:190} INFO - [2024-10-16T11:38:13.707+0000] {dag.py:4180} INFO - Setting next_dagrun for example_subdag_operator to 2022-01-01 00:00:00+00:00, run_after=2022-01-01 00:00:00+00:00
[2024-10-16T11:38:13.712+0000] {logging_mixin.py:190} INFO - [2024-10-16T11:38:13.712+0000] {dag.py:4180} INFO - Setting next_dagrun for example_subdag_operator.section-1 to None, run_after=None
[2024-10-16T11:38:13.714+0000] {logging_mixin.py:190} INFO - [2024-10-16T11:38:13.714+0000] {dag.py:4180} INFO - Setting next_dagrun for example_subdag_operator.section-2 to None, run_after=None
[2024-10-16T11:38:13.722+0000] {logging_mixin.py:190} INFO - [2024-10-16T11:38:13.721+0000] {dag.py:3239} INFO - Sync 2 DAGs
[2024-10-16T11:38:13.727+0000] {logging_mixin.py:190} INFO - [2024-10-16T11:38:13.727+0000] {dag.py:4180} INFO - Setting next_dagrun for example_subdag_operator.section-1 to None, run_after=None
[2024-10-16T11:38:13.728+0000] {logging_mixin.py:190} INFO - [2024-10-16T11:38:13.728+0000] {dag.py:4180} INFO - Setting next_dagrun for example_subdag_operator.section-2 to None, run_after=None
[2024-10-16T11:38:13.743+0000] {processor.py:208} INFO - Processing /home/airflow/.local/lib/python3.12/site-packages/airflow/example_dags/example_subdag_operator.py took 0.119 seconds
[2024-10-16T11:38:43.921+0000] {processor.py:186} INFO - Started process (PID=126684) to work on /home/airflow/.local/lib/python3.12/site-packages/airflow/example_dags/example_subdag_operator.py
[2024-10-16T11:38:43.923+0000] {processor.py:914} INFO - Processing file /home/airflow/.local/lib/python3.12/site-packages/airflow/example_dags/example_subdag_operator.py for tasks to queue
[2024-10-16T11:38:43.924+0000] {logging_mixin.py:190} INFO - [2024-10-16T11:38:43.924+0000] {dagbag.py:588} INFO - Filling up the DagBag from /home/airflow/.local/lib/python3.12/site-packages/airflow/example_dags/example_subdag_operator.py
[2024-10-16T11:38:43.955+0000] {processor.py:925} INFO - DAG(s) 'example_subdag_operator.section-1', 'example_subdag_operator.section-2', 'example_subdag_operator' retrieved from /home/airflow/.local/lib/python3.12/site-packages/airflow/example_dags/example_subdag_operator.py
[2024-10-16T11:38:43.974+0000] {logging_mixin.py:190} INFO - [2024-10-16T11:38:43.974+0000] {dag.py:3239} INFO - Sync 3 DAGs
[2024-10-16T11:38:44.005+0000] {logging_mixin.py:190} INFO - [2024-10-16T11:38:44.004+0000] {dag.py:4180} INFO - Setting next_dagrun for example_subdag_operator to 2022-01-01 00:00:00+00:00, run_after=2022-01-01 00:00:00+00:00
[2024-10-16T11:38:44.010+0000] {logging_mixin.py:190} INFO - [2024-10-16T11:38:44.010+0000] {dag.py:4180} INFO - Setting next_dagrun for example_subdag_operator.section-1 to None, run_after=None
[2024-10-16T11:38:44.012+0000] {logging_mixin.py:190} INFO - [2024-10-16T11:38:44.012+0000] {dag.py:4180} INFO - Setting next_dagrun for example_subdag_operator.section-2 to None, run_after=None
[2024-10-16T11:38:44.021+0000] {logging_mixin.py:190} INFO - [2024-10-16T11:38:44.020+0000] {dag.py:3239} INFO - Sync 2 DAGs
[2024-10-16T11:38:44.027+0000] {logging_mixin.py:190} INFO - [2024-10-16T11:38:44.027+0000] {dag.py:4180} INFO - Setting next_dagrun for example_subdag_operator.section-1 to None, run_after=None
[2024-10-16T11:38:44.028+0000] {logging_mixin.py:190} INFO - [2024-10-16T11:38:44.028+0000] {dag.py:4180} INFO - Setting next_dagrun for example_subdag_operator.section-2 to None, run_after=None
[2024-10-16T11:38:44.047+0000] {processor.py:208} INFO - Processing /home/airflow/.local/lib/python3.12/site-packages/airflow/example_dags/example_subdag_operator.py took 0.132 seconds
[2024-10-16T11:39:14.788+0000] {processor.py:186} INFO - Started process (PID=126752) to work on /home/airflow/.local/lib/python3.12/site-packages/airflow/example_dags/example_subdag_operator.py
[2024-10-16T11:39:14.790+0000] {processor.py:914} INFO - Processing file /home/airflow/.local/lib/python3.12/site-packages/airflow/example_dags/example_subdag_operator.py for tasks to queue
[2024-10-16T11:39:14.793+0000] {logging_mixin.py:190} INFO - [2024-10-16T11:39:14.792+0000] {dagbag.py:588} INFO - Filling up the DagBag from /home/airflow/.local/lib/python3.12/site-packages/airflow/example_dags/example_subdag_operator.py
[2024-10-16T11:39:14.825+0000] {processor.py:925} INFO - DAG(s) 'example_subdag_operator.section-1', 'example_subdag_operator.section-2', 'example_subdag_operator' retrieved from /home/airflow/.local/lib/python3.12/site-packages/airflow/example_dags/example_subdag_operator.py
[2024-10-16T11:39:14.842+0000] {logging_mixin.py:190} INFO - [2024-10-16T11:39:14.842+0000] {dag.py:3239} INFO - Sync 3 DAGs
[2024-10-16T11:39:14.872+0000] {logging_mixin.py:190} INFO - [2024-10-16T11:39:14.872+0000] {dag.py:4180} INFO - Setting next_dagrun for example_subdag_operator to 2022-01-01 00:00:00+00:00, run_after=2022-01-01 00:00:00+00:00
[2024-10-16T11:39:14.877+0000] {logging_mixin.py:190} INFO - [2024-10-16T11:39:14.877+0000] {dag.py:4180} INFO - Setting next_dagrun for example_subdag_operator.section-1 to None, run_after=None
[2024-10-16T11:39:14.879+0000] {logging_mixin.py:190} INFO - [2024-10-16T11:39:14.878+0000] {dag.py:4180} INFO - Setting next_dagrun for example_subdag_operator.section-2 to None, run_after=None
[2024-10-16T11:39:14.886+0000] {logging_mixin.py:190} INFO - [2024-10-16T11:39:14.885+0000] {dag.py:3239} INFO - Sync 2 DAGs
[2024-10-16T11:39:14.891+0000] {logging_mixin.py:190} INFO - [2024-10-16T11:39:14.891+0000] {dag.py:4180} INFO - Setting next_dagrun for example_subdag_operator.section-1 to None, run_after=None
[2024-10-16T11:39:14.892+0000] {logging_mixin.py:190} INFO - [2024-10-16T11:39:14.892+0000] {dag.py:4180} INFO - Setting next_dagrun for example_subdag_operator.section-2 to None, run_after=None
[2024-10-16T11:39:14.905+0000] {processor.py:208} INFO - Processing /home/airflow/.local/lib/python3.12/site-packages/airflow/example_dags/example_subdag_operator.py took 0.125 seconds
[2024-10-16T11:39:45.608+0000] {processor.py:186} INFO - Started process (PID=126815) to work on /home/airflow/.local/lib/python3.12/site-packages/airflow/example_dags/example_subdag_operator.py
[2024-10-16T11:39:45.609+0000] {processor.py:914} INFO - Processing file /home/airflow/.local/lib/python3.12/site-packages/airflow/example_dags/example_subdag_operator.py for tasks to queue
[2024-10-16T11:39:45.611+0000] {logging_mixin.py:190} INFO - [2024-10-16T11:39:45.610+0000] {dagbag.py:588} INFO - Filling up the DagBag from /home/airflow/.local/lib/python3.12/site-packages/airflow/example_dags/example_subdag_operator.py
[2024-10-16T11:39:45.639+0000] {processor.py:925} INFO - DAG(s) 'example_subdag_operator.section-1', 'example_subdag_operator.section-2', 'example_subdag_operator' retrieved from /home/airflow/.local/lib/python3.12/site-packages/airflow/example_dags/example_subdag_operator.py
[2024-10-16T11:39:45.659+0000] {logging_mixin.py:190} INFO - [2024-10-16T11:39:45.659+0000] {dag.py:3239} INFO - Sync 3 DAGs
[2024-10-16T11:39:45.685+0000] {logging_mixin.py:190} INFO - [2024-10-16T11:39:45.685+0000] {dag.py:4180} INFO - Setting next_dagrun for example_subdag_operator to 2022-01-01 00:00:00+00:00, run_after=2022-01-01 00:00:00+00:00
[2024-10-16T11:39:45.689+0000] {logging_mixin.py:190} INFO - [2024-10-16T11:39:45.689+0000] {dag.py:4180} INFO - Setting next_dagrun for example_subdag_operator.section-1 to None, run_after=None
[2024-10-16T11:39:45.691+0000] {logging_mixin.py:190} INFO - [2024-10-16T11:39:45.691+0000] {dag.py:4180} INFO - Setting next_dagrun for example_subdag_operator.section-2 to None, run_after=None
[2024-10-16T11:39:45.698+0000] {logging_mixin.py:190} INFO - [2024-10-16T11:39:45.698+0000] {dag.py:3239} INFO - Sync 2 DAGs
[2024-10-16T11:39:45.704+0000] {logging_mixin.py:190} INFO - [2024-10-16T11:39:45.704+0000] {dag.py:4180} INFO - Setting next_dagrun for example_subdag_operator.section-1 to None, run_after=None
[2024-10-16T11:39:45.705+0000] {logging_mixin.py:190} INFO - [2024-10-16T11:39:45.704+0000] {dag.py:4180} INFO - Setting next_dagrun for example_subdag_operator.section-2 to None, run_after=None
[2024-10-16T11:39:45.716+0000] {processor.py:208} INFO - Processing /home/airflow/.local/lib/python3.12/site-packages/airflow/example_dags/example_subdag_operator.py took 0.115 seconds
[2024-10-16T11:40:16.697+0000] {processor.py:186} INFO - Started process (PID=126877) to work on /home/airflow/.local/lib/python3.12/site-packages/airflow/example_dags/example_subdag_operator.py
[2024-10-16T11:40:16.699+0000] {processor.py:914} INFO - Processing file /home/airflow/.local/lib/python3.12/site-packages/airflow/example_dags/example_subdag_operator.py for tasks to queue
[2024-10-16T11:40:16.700+0000] {logging_mixin.py:190} INFO - [2024-10-16T11:40:16.700+0000] {dagbag.py:588} INFO - Filling up the DagBag from /home/airflow/.local/lib/python3.12/site-packages/airflow/example_dags/example_subdag_operator.py
[2024-10-16T11:40:16.734+0000] {processor.py:925} INFO - DAG(s) 'example_subdag_operator.section-1', 'example_subdag_operator.section-2', 'example_subdag_operator' retrieved from /home/airflow/.local/lib/python3.12/site-packages/airflow/example_dags/example_subdag_operator.py
[2024-10-16T11:40:16.751+0000] {logging_mixin.py:190} INFO - [2024-10-16T11:40:16.751+0000] {dag.py:3239} INFO - Sync 3 DAGs
[2024-10-16T11:40:16.777+0000] {logging_mixin.py:190} INFO - [2024-10-16T11:40:16.776+0000] {dag.py:4180} INFO - Setting next_dagrun for example_subdag_operator to 2022-01-01 00:00:00+00:00, run_after=2022-01-01 00:00:00+00:00
[2024-10-16T11:40:16.781+0000] {logging_mixin.py:190} INFO - [2024-10-16T11:40:16.780+0000] {dag.py:4180} INFO - Setting next_dagrun for example_subdag_operator.section-1 to None, run_after=None
[2024-10-16T11:40:16.782+0000] {logging_mixin.py:190} INFO - [2024-10-16T11:40:16.782+0000] {dag.py:4180} INFO - Setting next_dagrun for example_subdag_operator.section-2 to None, run_after=None
[2024-10-16T11:40:16.789+0000] {logging_mixin.py:190} INFO - [2024-10-16T11:40:16.789+0000] {dag.py:3239} INFO - Sync 2 DAGs
[2024-10-16T11:40:16.795+0000] {logging_mixin.py:190} INFO - [2024-10-16T11:40:16.795+0000] {dag.py:4180} INFO - Setting next_dagrun for example_subdag_operator.section-1 to None, run_after=None
[2024-10-16T11:40:16.796+0000] {logging_mixin.py:190} INFO - [2024-10-16T11:40:16.796+0000] {dag.py:4180} INFO - Setting next_dagrun for example_subdag_operator.section-2 to None, run_after=None
[2024-10-16T11:40:16.810+0000] {processor.py:208} INFO - Processing /home/airflow/.local/lib/python3.12/site-packages/airflow/example_dags/example_subdag_operator.py took 0.121 seconds
[2024-10-16T11:40:46.909+0000] {processor.py:186} INFO - Started process (PID=126940) to work on /home/airflow/.local/lib/python3.12/site-packages/airflow/example_dags/example_subdag_operator.py
[2024-10-16T11:40:46.910+0000] {processor.py:914} INFO - Processing file /home/airflow/.local/lib/python3.12/site-packages/airflow/example_dags/example_subdag_operator.py for tasks to queue
[2024-10-16T11:40:46.912+0000] {logging_mixin.py:190} INFO - [2024-10-16T11:40:46.911+0000] {dagbag.py:588} INFO - Filling up the DagBag from /home/airflow/.local/lib/python3.12/site-packages/airflow/example_dags/example_subdag_operator.py
[2024-10-16T11:40:46.939+0000] {processor.py:925} INFO - DAG(s) 'example_subdag_operator.section-1', 'example_subdag_operator.section-2', 'example_subdag_operator' retrieved from /home/airflow/.local/lib/python3.12/site-packages/airflow/example_dags/example_subdag_operator.py
[2024-10-16T11:40:46.955+0000] {logging_mixin.py:190} INFO - [2024-10-16T11:40:46.955+0000] {dag.py:3239} INFO - Sync 3 DAGs
[2024-10-16T11:40:46.983+0000] {logging_mixin.py:190} INFO - [2024-10-16T11:40:46.982+0000] {dag.py:4180} INFO - Setting next_dagrun for example_subdag_operator to 2022-01-01 00:00:00+00:00, run_after=2022-01-01 00:00:00+00:00
[2024-10-16T11:40:46.988+0000] {logging_mixin.py:190} INFO - [2024-10-16T11:40:46.988+0000] {dag.py:4180} INFO - Setting next_dagrun for example_subdag_operator.section-1 to None, run_after=None
[2024-10-16T11:40:46.990+0000] {logging_mixin.py:190} INFO - [2024-10-16T11:40:46.990+0000] {dag.py:4180} INFO - Setting next_dagrun for example_subdag_operator.section-2 to None, run_after=None
[2024-10-16T11:40:46.998+0000] {logging_mixin.py:190} INFO - [2024-10-16T11:40:46.998+0000] {dag.py:3239} INFO - Sync 2 DAGs
[2024-10-16T11:40:47.005+0000] {logging_mixin.py:190} INFO - [2024-10-16T11:40:47.005+0000] {dag.py:4180} INFO - Setting next_dagrun for example_subdag_operator.section-1 to None, run_after=None
[2024-10-16T11:40:47.006+0000] {logging_mixin.py:190} INFO - [2024-10-16T11:40:47.006+0000] {dag.py:4180} INFO - Setting next_dagrun for example_subdag_operator.section-2 to None, run_after=None
[2024-10-16T11:40:47.019+0000] {processor.py:208} INFO - Processing /home/airflow/.local/lib/python3.12/site-packages/airflow/example_dags/example_subdag_operator.py took 0.117 seconds
[2024-10-16T11:41:17.435+0000] {processor.py:186} INFO - Started process (PID=127003) to work on /home/airflow/.local/lib/python3.12/site-packages/airflow/example_dags/example_subdag_operator.py
[2024-10-16T11:41:17.436+0000] {processor.py:914} INFO - Processing file /home/airflow/.local/lib/python3.12/site-packages/airflow/example_dags/example_subdag_operator.py for tasks to queue
[2024-10-16T11:41:17.438+0000] {logging_mixin.py:190} INFO - [2024-10-16T11:41:17.438+0000] {dagbag.py:588} INFO - Filling up the DagBag from /home/airflow/.local/lib/python3.12/site-packages/airflow/example_dags/example_subdag_operator.py
[2024-10-16T11:41:17.466+0000] {processor.py:925} INFO - DAG(s) 'example_subdag_operator.section-1', 'example_subdag_operator.section-2', 'example_subdag_operator' retrieved from /home/airflow/.local/lib/python3.12/site-packages/airflow/example_dags/example_subdag_operator.py
[2024-10-16T11:41:17.482+0000] {logging_mixin.py:190} INFO - [2024-10-16T11:41:17.482+0000] {dag.py:3239} INFO - Sync 3 DAGs
[2024-10-16T11:41:17.508+0000] {logging_mixin.py:190} INFO - [2024-10-16T11:41:17.508+0000] {dag.py:4180} INFO - Setting next_dagrun for example_subdag_operator to 2022-01-01 00:00:00+00:00, run_after=2022-01-01 00:00:00+00:00
[2024-10-16T11:41:17.512+0000] {logging_mixin.py:190} INFO - [2024-10-16T11:41:17.512+0000] {dag.py:4180} INFO - Setting next_dagrun for example_subdag_operator.section-1 to None, run_after=None
[2024-10-16T11:41:17.513+0000] {logging_mixin.py:190} INFO - [2024-10-16T11:41:17.513+0000] {dag.py:4180} INFO - Setting next_dagrun for example_subdag_operator.section-2 to None, run_after=None
[2024-10-16T11:41:17.520+0000] {logging_mixin.py:190} INFO - [2024-10-16T11:41:17.520+0000] {dag.py:3239} INFO - Sync 2 DAGs
[2024-10-16T11:41:17.528+0000] {logging_mixin.py:190} INFO - [2024-10-16T11:41:17.527+0000] {dag.py:4180} INFO - Setting next_dagrun for example_subdag_operator.section-1 to None, run_after=None
[2024-10-16T11:41:17.528+0000] {logging_mixin.py:190} INFO - [2024-10-16T11:41:17.528+0000] {dag.py:4180} INFO - Setting next_dagrun for example_subdag_operator.section-2 to None, run_after=None
[2024-10-16T11:41:17.541+0000] {processor.py:208} INFO - Processing /home/airflow/.local/lib/python3.12/site-packages/airflow/example_dags/example_subdag_operator.py took 0.112 seconds
[2024-10-16T11:41:48.137+0000] {processor.py:186} INFO - Started process (PID=127066) to work on /home/airflow/.local/lib/python3.12/site-packages/airflow/example_dags/example_subdag_operator.py
[2024-10-16T11:41:48.138+0000] {processor.py:914} INFO - Processing file /home/airflow/.local/lib/python3.12/site-packages/airflow/example_dags/example_subdag_operator.py for tasks to queue
[2024-10-16T11:41:48.140+0000] {logging_mixin.py:190} INFO - [2024-10-16T11:41:48.139+0000] {dagbag.py:588} INFO - Filling up the DagBag from /home/airflow/.local/lib/python3.12/site-packages/airflow/example_dags/example_subdag_operator.py
[2024-10-16T11:41:48.167+0000] {processor.py:925} INFO - DAG(s) 'example_subdag_operator.section-1', 'example_subdag_operator.section-2', 'example_subdag_operator' retrieved from /home/airflow/.local/lib/python3.12/site-packages/airflow/example_dags/example_subdag_operator.py
[2024-10-16T11:41:48.186+0000] {logging_mixin.py:190} INFO - [2024-10-16T11:41:48.186+0000] {dag.py:3239} INFO - Sync 3 DAGs
[2024-10-16T11:41:48.216+0000] {logging_mixin.py:190} INFO - [2024-10-16T11:41:48.216+0000] {dag.py:4180} INFO - Setting next_dagrun for example_subdag_operator to 2022-01-01 00:00:00+00:00, run_after=2022-01-01 00:00:00+00:00
[2024-10-16T11:41:48.221+0000] {logging_mixin.py:190} INFO - [2024-10-16T11:41:48.221+0000] {dag.py:4180} INFO - Setting next_dagrun for example_subdag_operator.section-1 to None, run_after=None
[2024-10-16T11:41:48.222+0000] {logging_mixin.py:190} INFO - [2024-10-16T11:41:48.222+0000] {dag.py:4180} INFO - Setting next_dagrun for example_subdag_operator.section-2 to None, run_after=None
[2024-10-16T11:41:48.230+0000] {logging_mixin.py:190} INFO - [2024-10-16T11:41:48.229+0000] {dag.py:3239} INFO - Sync 2 DAGs
[2024-10-16T11:41:48.235+0000] {logging_mixin.py:190} INFO - [2024-10-16T11:41:48.235+0000] {dag.py:4180} INFO - Setting next_dagrun for example_subdag_operator.section-1 to None, run_after=None
[2024-10-16T11:41:48.236+0000] {logging_mixin.py:190} INFO - [2024-10-16T11:41:48.236+0000] {dag.py:4180} INFO - Setting next_dagrun for example_subdag_operator.section-2 to None, run_after=None
[2024-10-16T11:41:48.249+0000] {processor.py:208} INFO - Processing /home/airflow/.local/lib/python3.12/site-packages/airflow/example_dags/example_subdag_operator.py took 0.119 seconds
[2024-10-16T11:42:19.384+0000] {processor.py:186} INFO - Started process (PID=127129) to work on /home/airflow/.local/lib/python3.12/site-packages/airflow/example_dags/example_subdag_operator.py
[2024-10-16T11:42:19.385+0000] {processor.py:914} INFO - Processing file /home/airflow/.local/lib/python3.12/site-packages/airflow/example_dags/example_subdag_operator.py for tasks to queue
[2024-10-16T11:42:19.387+0000] {logging_mixin.py:190} INFO - [2024-10-16T11:42:19.386+0000] {dagbag.py:588} INFO - Filling up the DagBag from /home/airflow/.local/lib/python3.12/site-packages/airflow/example_dags/example_subdag_operator.py
[2024-10-16T11:42:19.415+0000] {processor.py:925} INFO - DAG(s) 'example_subdag_operator.section-1', 'example_subdag_operator.section-2', 'example_subdag_operator' retrieved from /home/airflow/.local/lib/python3.12/site-packages/airflow/example_dags/example_subdag_operator.py
[2024-10-16T11:42:19.432+0000] {logging_mixin.py:190} INFO - [2024-10-16T11:42:19.432+0000] {dag.py:3239} INFO - Sync 3 DAGs
[2024-10-16T11:42:19.459+0000] {logging_mixin.py:190} INFO - [2024-10-16T11:42:19.459+0000] {dag.py:4180} INFO - Setting next_dagrun for example_subdag_operator to 2022-01-01 00:00:00+00:00, run_after=2022-01-01 00:00:00+00:00
[2024-10-16T11:42:19.463+0000] {logging_mixin.py:190} INFO - [2024-10-16T11:42:19.463+0000] {dag.py:4180} INFO - Setting next_dagrun for example_subdag_operator.section-1 to None, run_after=None
[2024-10-16T11:42:19.465+0000] {logging_mixin.py:190} INFO - [2024-10-16T11:42:19.465+0000] {dag.py:4180} INFO - Setting next_dagrun for example_subdag_operator.section-2 to None, run_after=None
[2024-10-16T11:42:19.472+0000] {logging_mixin.py:190} INFO - [2024-10-16T11:42:19.472+0000] {dag.py:3239} INFO - Sync 2 DAGs
[2024-10-16T11:42:19.478+0000] {logging_mixin.py:190} INFO - [2024-10-16T11:42:19.478+0000] {dag.py:4180} INFO - Setting next_dagrun for example_subdag_operator.section-1 to None, run_after=None
[2024-10-16T11:42:19.479+0000] {logging_mixin.py:190} INFO - [2024-10-16T11:42:19.478+0000] {dag.py:4180} INFO - Setting next_dagrun for example_subdag_operator.section-2 to None, run_after=None
[2024-10-16T11:42:19.491+0000] {processor.py:208} INFO - Processing /home/airflow/.local/lib/python3.12/site-packages/airflow/example_dags/example_subdag_operator.py took 0.114 seconds
[2024-10-16T11:42:50.235+0000] {processor.py:186} INFO - Started process (PID=127192) to work on /home/airflow/.local/lib/python3.12/site-packages/airflow/example_dags/example_subdag_operator.py
[2024-10-16T11:42:50.237+0000] {processor.py:914} INFO - Processing file /home/airflow/.local/lib/python3.12/site-packages/airflow/example_dags/example_subdag_operator.py for tasks to queue
[2024-10-16T11:42:50.238+0000] {logging_mixin.py:190} INFO - [2024-10-16T11:42:50.238+0000] {dagbag.py:588} INFO - Filling up the DagBag from /home/airflow/.local/lib/python3.12/site-packages/airflow/example_dags/example_subdag_operator.py
[2024-10-16T11:42:50.277+0000] {processor.py:925} INFO - DAG(s) 'example_subdag_operator.section-1', 'example_subdag_operator.section-2', 'example_subdag_operator' retrieved from /home/airflow/.local/lib/python3.12/site-packages/airflow/example_dags/example_subdag_operator.py
[2024-10-16T11:42:50.298+0000] {logging_mixin.py:190} INFO - [2024-10-16T11:42:50.297+0000] {dag.py:3239} INFO - Sync 3 DAGs
[2024-10-16T11:42:50.334+0000] {logging_mixin.py:190} INFO - [2024-10-16T11:42:50.334+0000] {dag.py:4180} INFO - Setting next_dagrun for example_subdag_operator to 2022-01-01 00:00:00+00:00, run_after=2022-01-01 00:00:00+00:00
[2024-10-16T11:42:50.339+0000] {logging_mixin.py:190} INFO - [2024-10-16T11:42:50.338+0000] {dag.py:4180} INFO - Setting next_dagrun for example_subdag_operator.section-1 to None, run_after=None
[2024-10-16T11:42:50.341+0000] {logging_mixin.py:190} INFO - [2024-10-16T11:42:50.341+0000] {dag.py:4180} INFO - Setting next_dagrun for example_subdag_operator.section-2 to None, run_after=None
[2024-10-16T11:42:50.351+0000] {logging_mixin.py:190} INFO - [2024-10-16T11:42:50.351+0000] {dag.py:3239} INFO - Sync 2 DAGs
[2024-10-16T11:42:50.359+0000] {logging_mixin.py:190} INFO - [2024-10-16T11:42:50.359+0000] {dag.py:4180} INFO - Setting next_dagrun for example_subdag_operator.section-1 to None, run_after=None
[2024-10-16T11:42:50.360+0000] {logging_mixin.py:190} INFO - [2024-10-16T11:42:50.360+0000] {dag.py:4180} INFO - Setting next_dagrun for example_subdag_operator.section-2 to None, run_after=None
[2024-10-16T11:42:50.379+0000] {processor.py:208} INFO - Processing /home/airflow/.local/lib/python3.12/site-packages/airflow/example_dags/example_subdag_operator.py took 0.151 seconds
[2024-10-16T11:43:20.445+0000] {processor.py:186} INFO - Started process (PID=127255) to work on /home/airflow/.local/lib/python3.12/site-packages/airflow/example_dags/example_subdag_operator.py
[2024-10-16T11:43:20.446+0000] {processor.py:914} INFO - Processing file /home/airflow/.local/lib/python3.12/site-packages/airflow/example_dags/example_subdag_operator.py for tasks to queue
[2024-10-16T11:43:20.448+0000] {logging_mixin.py:190} INFO - [2024-10-16T11:43:20.448+0000] {dagbag.py:588} INFO - Filling up the DagBag from /home/airflow/.local/lib/python3.12/site-packages/airflow/example_dags/example_subdag_operator.py
[2024-10-16T11:43:20.476+0000] {processor.py:925} INFO - DAG(s) 'example_subdag_operator.section-1', 'example_subdag_operator.section-2', 'example_subdag_operator' retrieved from /home/airflow/.local/lib/python3.12/site-packages/airflow/example_dags/example_subdag_operator.py
[2024-10-16T11:43:20.492+0000] {logging_mixin.py:190} INFO - [2024-10-16T11:43:20.492+0000] {dag.py:3239} INFO - Sync 3 DAGs
[2024-10-16T11:43:20.517+0000] {logging_mixin.py:190} INFO - [2024-10-16T11:43:20.517+0000] {dag.py:4180} INFO - Setting next_dagrun for example_subdag_operator to 2022-01-01 00:00:00+00:00, run_after=2022-01-01 00:00:00+00:00
[2024-10-16T11:43:20.521+0000] {logging_mixin.py:190} INFO - [2024-10-16T11:43:20.521+0000] {dag.py:4180} INFO - Setting next_dagrun for example_subdag_operator.section-1 to None, run_after=None
[2024-10-16T11:43:20.523+0000] {logging_mixin.py:190} INFO - [2024-10-16T11:43:20.523+0000] {dag.py:4180} INFO - Setting next_dagrun for example_subdag_operator.section-2 to None, run_after=None
[2024-10-16T11:43:20.531+0000] {logging_mixin.py:190} INFO - [2024-10-16T11:43:20.531+0000] {dag.py:3239} INFO - Sync 2 DAGs
[2024-10-16T11:43:20.537+0000] {logging_mixin.py:190} INFO - [2024-10-16T11:43:20.537+0000] {dag.py:4180} INFO - Setting next_dagrun for example_subdag_operator.section-1 to None, run_after=None
[2024-10-16T11:43:20.538+0000] {logging_mixin.py:190} INFO - [2024-10-16T11:43:20.538+0000] {dag.py:4180} INFO - Setting next_dagrun for example_subdag_operator.section-2 to None, run_after=None
[2024-10-16T11:43:20.560+0000] {processor.py:208} INFO - Processing /home/airflow/.local/lib/python3.12/site-packages/airflow/example_dags/example_subdag_operator.py took 0.121 seconds
[2024-10-16T11:43:50.748+0000] {processor.py:186} INFO - Started process (PID=127318) to work on /home/airflow/.local/lib/python3.12/site-packages/airflow/example_dags/example_subdag_operator.py
[2024-10-16T11:43:50.749+0000] {processor.py:914} INFO - Processing file /home/airflow/.local/lib/python3.12/site-packages/airflow/example_dags/example_subdag_operator.py for tasks to queue
[2024-10-16T11:43:50.751+0000] {logging_mixin.py:190} INFO - [2024-10-16T11:43:50.750+0000] {dagbag.py:588} INFO - Filling up the DagBag from /home/airflow/.local/lib/python3.12/site-packages/airflow/example_dags/example_subdag_operator.py
[2024-10-16T11:43:50.779+0000] {processor.py:925} INFO - DAG(s) 'example_subdag_operator.section-1', 'example_subdag_operator.section-2', 'example_subdag_operator' retrieved from /home/airflow/.local/lib/python3.12/site-packages/airflow/example_dags/example_subdag_operator.py
[2024-10-16T11:43:50.796+0000] {logging_mixin.py:190} INFO - [2024-10-16T11:43:50.796+0000] {dag.py:3239} INFO - Sync 3 DAGs
[2024-10-16T11:43:50.821+0000] {logging_mixin.py:190} INFO - [2024-10-16T11:43:50.821+0000] {dag.py:4180} INFO - Setting next_dagrun for example_subdag_operator to 2022-01-01 00:00:00+00:00, run_after=2022-01-01 00:00:00+00:00
[2024-10-16T11:43:50.825+0000] {logging_mixin.py:190} INFO - [2024-10-16T11:43:50.825+0000] {dag.py:4180} INFO - Setting next_dagrun for example_subdag_operator.section-1 to None, run_after=None
[2024-10-16T11:43:50.827+0000] {logging_mixin.py:190} INFO - [2024-10-16T11:43:50.826+0000] {dag.py:4180} INFO - Setting next_dagrun for example_subdag_operator.section-2 to None, run_after=None
[2024-10-16T11:43:50.833+0000] {logging_mixin.py:190} INFO - [2024-10-16T11:43:50.833+0000] {dag.py:3239} INFO - Sync 2 DAGs
[2024-10-16T11:43:50.839+0000] {logging_mixin.py:190} INFO - [2024-10-16T11:43:50.838+0000] {dag.py:4180} INFO - Setting next_dagrun for example_subdag_operator.section-1 to None, run_after=None
[2024-10-16T11:43:50.839+0000] {logging_mixin.py:190} INFO - [2024-10-16T11:43:50.839+0000] {dag.py:4180} INFO - Setting next_dagrun for example_subdag_operator.section-2 to None, run_after=None
[2024-10-16T11:43:50.852+0000] {processor.py:208} INFO - Processing /home/airflow/.local/lib/python3.12/site-packages/airflow/example_dags/example_subdag_operator.py took 0.111 seconds
[2024-10-16T11:44:22.217+0000] {processor.py:186} INFO - Started process (PID=127382) to work on /home/airflow/.local/lib/python3.12/site-packages/airflow/example_dags/example_subdag_operator.py
[2024-10-16T11:44:22.218+0000] {processor.py:914} INFO - Processing file /home/airflow/.local/lib/python3.12/site-packages/airflow/example_dags/example_subdag_operator.py for tasks to queue
[2024-10-16T11:44:22.220+0000] {logging_mixin.py:190} INFO - [2024-10-16T11:44:22.219+0000] {dagbag.py:588} INFO - Filling up the DagBag from /home/airflow/.local/lib/python3.12/site-packages/airflow/example_dags/example_subdag_operator.py
[2024-10-16T11:44:22.247+0000] {processor.py:925} INFO - DAG(s) 'example_subdag_operator.section-1', 'example_subdag_operator.section-2', 'example_subdag_operator' retrieved from /home/airflow/.local/lib/python3.12/site-packages/airflow/example_dags/example_subdag_operator.py
[2024-10-16T11:44:22.263+0000] {logging_mixin.py:190} INFO - [2024-10-16T11:44:22.263+0000] {dag.py:3239} INFO - Sync 3 DAGs
[2024-10-16T11:44:22.292+0000] {logging_mixin.py:190} INFO - [2024-10-16T11:44:22.292+0000] {dag.py:4180} INFO - Setting next_dagrun for example_subdag_operator to 2022-01-01 00:00:00+00:00, run_after=2022-01-01 00:00:00+00:00
[2024-10-16T11:44:22.296+0000] {logging_mixin.py:190} INFO - [2024-10-16T11:44:22.296+0000] {dag.py:4180} INFO - Setting next_dagrun for example_subdag_operator.section-1 to None, run_after=None
[2024-10-16T11:44:22.298+0000] {logging_mixin.py:190} INFO - [2024-10-16T11:44:22.298+0000] {dag.py:4180} INFO - Setting next_dagrun for example_subdag_operator.section-2 to None, run_after=None
[2024-10-16T11:44:22.305+0000] {logging_mixin.py:190} INFO - [2024-10-16T11:44:22.305+0000] {dag.py:3239} INFO - Sync 2 DAGs
[2024-10-16T11:44:22.310+0000] {logging_mixin.py:190} INFO - [2024-10-16T11:44:22.310+0000] {dag.py:4180} INFO - Setting next_dagrun for example_subdag_operator.section-1 to None, run_after=None
[2024-10-16T11:44:22.311+0000] {logging_mixin.py:190} INFO - [2024-10-16T11:44:22.311+0000] {dag.py:4180} INFO - Setting next_dagrun for example_subdag_operator.section-2 to None, run_after=None
[2024-10-16T11:44:22.325+0000] {processor.py:208} INFO - Processing /home/airflow/.local/lib/python3.12/site-packages/airflow/example_dags/example_subdag_operator.py took 0.114 seconds
[2024-10-16T11:44:52.598+0000] {processor.py:186} INFO - Started process (PID=127445) to work on /home/airflow/.local/lib/python3.12/site-packages/airflow/example_dags/example_subdag_operator.py
[2024-10-16T11:44:52.599+0000] {processor.py:914} INFO - Processing file /home/airflow/.local/lib/python3.12/site-packages/airflow/example_dags/example_subdag_operator.py for tasks to queue
[2024-10-16T11:44:52.601+0000] {logging_mixin.py:190} INFO - [2024-10-16T11:44:52.600+0000] {dagbag.py:588} INFO - Filling up the DagBag from /home/airflow/.local/lib/python3.12/site-packages/airflow/example_dags/example_subdag_operator.py
[2024-10-16T11:44:52.628+0000] {processor.py:925} INFO - DAG(s) 'example_subdag_operator.section-1', 'example_subdag_operator.section-2', 'example_subdag_operator' retrieved from /home/airflow/.local/lib/python3.12/site-packages/airflow/example_dags/example_subdag_operator.py
[2024-10-16T11:44:52.645+0000] {logging_mixin.py:190} INFO - [2024-10-16T11:44:52.644+0000] {dag.py:3239} INFO - Sync 3 DAGs
[2024-10-16T11:44:52.674+0000] {logging_mixin.py:190} INFO - [2024-10-16T11:44:52.673+0000] {dag.py:4180} INFO - Setting next_dagrun for example_subdag_operator to 2022-01-01 00:00:00+00:00, run_after=2022-01-01 00:00:00+00:00
[2024-10-16T11:44:52.678+0000] {logging_mixin.py:190} INFO - [2024-10-16T11:44:52.678+0000] {dag.py:4180} INFO - Setting next_dagrun for example_subdag_operator.section-1 to None, run_after=None
[2024-10-16T11:44:52.680+0000] {logging_mixin.py:190} INFO - [2024-10-16T11:44:52.680+0000] {dag.py:4180} INFO - Setting next_dagrun for example_subdag_operator.section-2 to None, run_after=None
[2024-10-16T11:44:52.688+0000] {logging_mixin.py:190} INFO - [2024-10-16T11:44:52.688+0000] {dag.py:3239} INFO - Sync 2 DAGs
[2024-10-16T11:44:52.694+0000] {logging_mixin.py:190} INFO - [2024-10-16T11:44:52.693+0000] {dag.py:4180} INFO - Setting next_dagrun for example_subdag_operator.section-1 to None, run_after=None
[2024-10-16T11:44:52.694+0000] {logging_mixin.py:190} INFO - [2024-10-16T11:44:52.694+0000] {dag.py:4180} INFO - Setting next_dagrun for example_subdag_operator.section-2 to None, run_after=None
[2024-10-16T11:44:52.708+0000] {processor.py:208} INFO - Processing /home/airflow/.local/lib/python3.12/site-packages/airflow/example_dags/example_subdag_operator.py took 0.116 seconds
[2024-10-16T11:45:24.339+0000] {processor.py:186} INFO - Started process (PID=127508) to work on /home/airflow/.local/lib/python3.12/site-packages/airflow/example_dags/example_subdag_operator.py
[2024-10-16T11:45:24.340+0000] {processor.py:914} INFO - Processing file /home/airflow/.local/lib/python3.12/site-packages/airflow/example_dags/example_subdag_operator.py for tasks to queue
[2024-10-16T11:45:24.342+0000] {logging_mixin.py:190} INFO - [2024-10-16T11:45:24.341+0000] {dagbag.py:588} INFO - Filling up the DagBag from /home/airflow/.local/lib/python3.12/site-packages/airflow/example_dags/example_subdag_operator.py
[2024-10-16T11:45:24.370+0000] {processor.py:925} INFO - DAG(s) 'example_subdag_operator.section-1', 'example_subdag_operator.section-2', 'example_subdag_operator' retrieved from /home/airflow/.local/lib/python3.12/site-packages/airflow/example_dags/example_subdag_operator.py
[2024-10-16T11:45:24.403+0000] {logging_mixin.py:190} INFO - [2024-10-16T11:45:24.402+0000] {dag.py:3239} INFO - Sync 3 DAGs
[2024-10-16T11:45:24.435+0000] {logging_mixin.py:190} INFO - [2024-10-16T11:45:24.434+0000] {dag.py:4180} INFO - Setting next_dagrun for example_subdag_operator to 2022-01-01 00:00:00+00:00, run_after=2022-01-01 00:00:00+00:00
[2024-10-16T11:45:24.440+0000] {logging_mixin.py:190} INFO - [2024-10-16T11:45:24.440+0000] {dag.py:4180} INFO - Setting next_dagrun for example_subdag_operator.section-1 to None, run_after=None
[2024-10-16T11:45:24.443+0000] {logging_mixin.py:190} INFO - [2024-10-16T11:45:24.442+0000] {dag.py:4180} INFO - Setting next_dagrun for example_subdag_operator.section-2 to None, run_after=None
[2024-10-16T11:45:24.450+0000] {logging_mixin.py:190} INFO - [2024-10-16T11:45:24.450+0000] {dag.py:3239} INFO - Sync 2 DAGs
[2024-10-16T11:45:24.456+0000] {logging_mixin.py:190} INFO - [2024-10-16T11:45:24.455+0000] {dag.py:4180} INFO - Setting next_dagrun for example_subdag_operator.section-1 to None, run_after=None
[2024-10-16T11:45:24.456+0000] {logging_mixin.py:190} INFO - [2024-10-16T11:45:24.456+0000] {dag.py:4180} INFO - Setting next_dagrun for example_subdag_operator.section-2 to None, run_after=None
[2024-10-16T11:45:24.469+0000] {processor.py:208} INFO - Processing /home/airflow/.local/lib/python3.12/site-packages/airflow/example_dags/example_subdag_operator.py took 0.141 seconds
[2024-10-16T11:45:56.787+0000] {processor.py:186} INFO - Started process (PID=127572) to work on /home/airflow/.local/lib/python3.12/site-packages/airflow/example_dags/example_subdag_operator.py
[2024-10-16T11:45:56.788+0000] {processor.py:914} INFO - Processing file /home/airflow/.local/lib/python3.12/site-packages/airflow/example_dags/example_subdag_operator.py for tasks to queue
[2024-10-16T11:45:56.789+0000] {logging_mixin.py:190} INFO - [2024-10-16T11:45:56.789+0000] {dagbag.py:588} INFO - Filling up the DagBag from /home/airflow/.local/lib/python3.12/site-packages/airflow/example_dags/example_subdag_operator.py
[2024-10-16T11:45:56.820+0000] {processor.py:925} INFO - DAG(s) 'example_subdag_operator.section-1', 'example_subdag_operator.section-2', 'example_subdag_operator' retrieved from /home/airflow/.local/lib/python3.12/site-packages/airflow/example_dags/example_subdag_operator.py
[2024-10-16T11:45:56.840+0000] {logging_mixin.py:190} INFO - [2024-10-16T11:45:56.840+0000] {dag.py:3239} INFO - Sync 3 DAGs
[2024-10-16T11:45:56.868+0000] {logging_mixin.py:190} INFO - [2024-10-16T11:45:56.868+0000] {dag.py:4180} INFO - Setting next_dagrun for example_subdag_operator to 2022-01-01 00:00:00+00:00, run_after=2022-01-01 00:00:00+00:00
[2024-10-16T11:45:56.872+0000] {logging_mixin.py:190} INFO - [2024-10-16T11:45:56.872+0000] {dag.py:4180} INFO - Setting next_dagrun for example_subdag_operator.section-1 to None, run_after=None
[2024-10-16T11:45:56.874+0000] {logging_mixin.py:190} INFO - [2024-10-16T11:45:56.874+0000] {dag.py:4180} INFO - Setting next_dagrun for example_subdag_operator.section-2 to None, run_after=None
[2024-10-16T11:45:56.884+0000] {logging_mixin.py:190} INFO - [2024-10-16T11:45:56.884+0000] {dag.py:3239} INFO - Sync 2 DAGs
[2024-10-16T11:45:56.890+0000] {logging_mixin.py:190} INFO - [2024-10-16T11:45:56.889+0000] {dag.py:4180} INFO - Setting next_dagrun for example_subdag_operator.section-1 to None, run_after=None
[2024-10-16T11:45:56.890+0000] {logging_mixin.py:190} INFO - [2024-10-16T11:45:56.890+0000] {dag.py:4180} INFO - Setting next_dagrun for example_subdag_operator.section-2 to None, run_after=None
[2024-10-16T11:45:56.903+0000] {processor.py:208} INFO - Processing /home/airflow/.local/lib/python3.12/site-packages/airflow/example_dags/example_subdag_operator.py took 0.122 seconds
