[2024-10-16T11:30:02.251+0000] {processor.py:186} INFO - Started process (PID=125596) to work on /home/airflow/.local/lib/python3.12/site-packages/airflow/example_dags/example_branch_python_dop_operator_3.py
[2024-10-16T11:30:02.262+0000] {processor.py:914} INFO - Processing file /home/airflow/.local/lib/python3.12/site-packages/airflow/example_dags/example_branch_python_dop_operator_3.py for tasks to queue
[2024-10-16T11:30:02.270+0000] {logging_mixin.py:190} INFO - [2024-10-16T11:30:02.268+0000] {dagbag.py:588} INFO - Filling up the DagBag from /home/airflow/.local/lib/python3.12/site-packages/airflow/example_dags/example_branch_python_dop_operator_3.py
[2024-10-16T11:30:02.308+0000] {processor.py:925} INFO - DAG(s) 'example_branch_dop_operator_v3' retrieved from /home/airflow/.local/lib/python3.12/site-packages/airflow/example_dags/example_branch_python_dop_operator_3.py
[2024-10-16T11:30:02.403+0000] {logging_mixin.py:190} INFO - [2024-10-16T11:30:02.402+0000] {dag.py:3239} INFO - Sync 1 DAGs
[2024-10-16T11:30:02.502+0000] {logging_mixin.py:190} INFO - [2024-10-16T11:30:02.502+0000] {dag.py:4180} INFO - Setting next_dagrun for example_branch_dop_operator_v3 to 2024-10-16 11:29:00+00:00, run_after=2024-10-16 11:30:00+00:00
[2024-10-16T11:30:02.573+0000] {processor.py:208} INFO - Processing /home/airflow/.local/lib/python3.12/site-packages/airflow/example_dags/example_branch_python_dop_operator_3.py took 0.347 seconds
[2024-10-16T11:30:33.157+0000] {processor.py:186} INFO - Started process (PID=125660) to work on /home/airflow/.local/lib/python3.12/site-packages/airflow/example_dags/example_branch_python_dop_operator_3.py
[2024-10-16T11:30:33.159+0000] {processor.py:914} INFO - Processing file /home/airflow/.local/lib/python3.12/site-packages/airflow/example_dags/example_branch_python_dop_operator_3.py for tasks to queue
[2024-10-16T11:30:33.161+0000] {logging_mixin.py:190} INFO - [2024-10-16T11:30:33.160+0000] {dagbag.py:588} INFO - Filling up the DagBag from /home/airflow/.local/lib/python3.12/site-packages/airflow/example_dags/example_branch_python_dop_operator_3.py
[2024-10-16T11:30:33.174+0000] {processor.py:925} INFO - DAG(s) 'example_branch_dop_operator_v3' retrieved from /home/airflow/.local/lib/python3.12/site-packages/airflow/example_dags/example_branch_python_dop_operator_3.py
[2024-10-16T11:30:33.201+0000] {logging_mixin.py:190} INFO - [2024-10-16T11:30:33.201+0000] {dag.py:3239} INFO - Sync 1 DAGs
[2024-10-16T11:30:33.240+0000] {logging_mixin.py:190} INFO - [2024-10-16T11:30:33.239+0000] {dag.py:4180} INFO - Setting next_dagrun for example_branch_dop_operator_v3 to 2024-10-16 11:29:00+00:00, run_after=2024-10-16 11:30:00+00:00
[2024-10-16T11:30:33.266+0000] {processor.py:208} INFO - Processing /home/airflow/.local/lib/python3.12/site-packages/airflow/example_dags/example_branch_python_dop_operator_3.py took 0.119 seconds
[2024-10-16T11:31:04.000+0000] {processor.py:186} INFO - Started process (PID=125723) to work on /home/airflow/.local/lib/python3.12/site-packages/airflow/example_dags/example_branch_python_dop_operator_3.py
[2024-10-16T11:31:04.001+0000] {processor.py:914} INFO - Processing file /home/airflow/.local/lib/python3.12/site-packages/airflow/example_dags/example_branch_python_dop_operator_3.py for tasks to queue
[2024-10-16T11:31:04.003+0000] {logging_mixin.py:190} INFO - [2024-10-16T11:31:04.002+0000] {dagbag.py:588} INFO - Filling up the DagBag from /home/airflow/.local/lib/python3.12/site-packages/airflow/example_dags/example_branch_python_dop_operator_3.py
[2024-10-16T11:31:04.013+0000] {processor.py:925} INFO - DAG(s) 'example_branch_dop_operator_v3' retrieved from /home/airflow/.local/lib/python3.12/site-packages/airflow/example_dags/example_branch_python_dop_operator_3.py
[2024-10-16T11:31:04.033+0000] {logging_mixin.py:190} INFO - [2024-10-16T11:31:04.033+0000] {dag.py:3239} INFO - Sync 1 DAGs
[2024-10-16T11:31:04.067+0000] {logging_mixin.py:190} INFO - [2024-10-16T11:31:04.067+0000] {dag.py:4180} INFO - Setting next_dagrun for example_branch_dop_operator_v3 to 2024-10-16 11:30:00+00:00, run_after=2024-10-16 11:31:00+00:00
[2024-10-16T11:31:04.087+0000] {processor.py:208} INFO - Processing /home/airflow/.local/lib/python3.12/site-packages/airflow/example_dags/example_branch_python_dop_operator_3.py took 0.092 seconds
[2024-10-16T11:31:34.702+0000] {processor.py:186} INFO - Started process (PID=125786) to work on /home/airflow/.local/lib/python3.12/site-packages/airflow/example_dags/example_branch_python_dop_operator_3.py
[2024-10-16T11:31:34.703+0000] {processor.py:914} INFO - Processing file /home/airflow/.local/lib/python3.12/site-packages/airflow/example_dags/example_branch_python_dop_operator_3.py for tasks to queue
[2024-10-16T11:31:34.704+0000] {logging_mixin.py:190} INFO - [2024-10-16T11:31:34.703+0000] {dagbag.py:588} INFO - Filling up the DagBag from /home/airflow/.local/lib/python3.12/site-packages/airflow/example_dags/example_branch_python_dop_operator_3.py
[2024-10-16T11:31:34.712+0000] {processor.py:925} INFO - DAG(s) 'example_branch_dop_operator_v3' retrieved from /home/airflow/.local/lib/python3.12/site-packages/airflow/example_dags/example_branch_python_dop_operator_3.py
[2024-10-16T11:31:34.733+0000] {logging_mixin.py:190} INFO - [2024-10-16T11:31:34.733+0000] {dag.py:3239} INFO - Sync 1 DAGs
[2024-10-16T11:31:34.757+0000] {logging_mixin.py:190} INFO - [2024-10-16T11:31:34.757+0000] {dag.py:4180} INFO - Setting next_dagrun for example_branch_dop_operator_v3 to 2024-10-16 11:30:00+00:00, run_after=2024-10-16 11:31:00+00:00
[2024-10-16T11:31:34.780+0000] {processor.py:208} INFO - Processing /home/airflow/.local/lib/python3.12/site-packages/airflow/example_dags/example_branch_python_dop_operator_3.py took 0.083 seconds
[2024-10-16T11:32:05.867+0000] {processor.py:186} INFO - Started process (PID=125849) to work on /home/airflow/.local/lib/python3.12/site-packages/airflow/example_dags/example_branch_python_dop_operator_3.py
[2024-10-16T11:32:05.868+0000] {processor.py:914} INFO - Processing file /home/airflow/.local/lib/python3.12/site-packages/airflow/example_dags/example_branch_python_dop_operator_3.py for tasks to queue
[2024-10-16T11:32:05.869+0000] {logging_mixin.py:190} INFO - [2024-10-16T11:32:05.869+0000] {dagbag.py:588} INFO - Filling up the DagBag from /home/airflow/.local/lib/python3.12/site-packages/airflow/example_dags/example_branch_python_dop_operator_3.py
[2024-10-16T11:32:05.882+0000] {processor.py:925} INFO - DAG(s) 'example_branch_dop_operator_v3' retrieved from /home/airflow/.local/lib/python3.12/site-packages/airflow/example_dags/example_branch_python_dop_operator_3.py
[2024-10-16T11:32:05.901+0000] {logging_mixin.py:190} INFO - [2024-10-16T11:32:05.900+0000] {dag.py:3239} INFO - Sync 1 DAGs
[2024-10-16T11:32:05.931+0000] {logging_mixin.py:190} INFO - [2024-10-16T11:32:05.930+0000] {dag.py:4180} INFO - Setting next_dagrun for example_branch_dop_operator_v3 to 2024-10-16 11:31:00+00:00, run_after=2024-10-16 11:32:00+00:00
[2024-10-16T11:32:05.949+0000] {processor.py:208} INFO - Processing /home/airflow/.local/lib/python3.12/site-packages/airflow/example_dags/example_branch_python_dop_operator_3.py took 0.088 seconds
[2024-10-16T11:32:36.745+0000] {processor.py:186} INFO - Started process (PID=125912) to work on /home/airflow/.local/lib/python3.12/site-packages/airflow/example_dags/example_branch_python_dop_operator_3.py
[2024-10-16T11:32:36.746+0000] {processor.py:914} INFO - Processing file /home/airflow/.local/lib/python3.12/site-packages/airflow/example_dags/example_branch_python_dop_operator_3.py for tasks to queue
[2024-10-16T11:32:36.747+0000] {logging_mixin.py:190} INFO - [2024-10-16T11:32:36.747+0000] {dagbag.py:588} INFO - Filling up the DagBag from /home/airflow/.local/lib/python3.12/site-packages/airflow/example_dags/example_branch_python_dop_operator_3.py
[2024-10-16T11:32:36.761+0000] {processor.py:925} INFO - DAG(s) 'example_branch_dop_operator_v3' retrieved from /home/airflow/.local/lib/python3.12/site-packages/airflow/example_dags/example_branch_python_dop_operator_3.py
[2024-10-16T11:32:36.780+0000] {logging_mixin.py:190} INFO - [2024-10-16T11:32:36.780+0000] {dag.py:3239} INFO - Sync 1 DAGs
[2024-10-16T11:32:36.810+0000] {logging_mixin.py:190} INFO - [2024-10-16T11:32:36.810+0000] {dag.py:4180} INFO - Setting next_dagrun for example_branch_dop_operator_v3 to 2024-10-16 11:31:00+00:00, run_after=2024-10-16 11:32:00+00:00
[2024-10-16T11:32:36.827+0000] {processor.py:208} INFO - Processing /home/airflow/.local/lib/python3.12/site-packages/airflow/example_dags/example_branch_python_dop_operator_3.py took 0.088 seconds
[2024-10-16T11:33:07.182+0000] {processor.py:186} INFO - Started process (PID=125975) to work on /home/airflow/.local/lib/python3.12/site-packages/airflow/example_dags/example_branch_python_dop_operator_3.py
[2024-10-16T11:33:07.183+0000] {processor.py:914} INFO - Processing file /home/airflow/.local/lib/python3.12/site-packages/airflow/example_dags/example_branch_python_dop_operator_3.py for tasks to queue
[2024-10-16T11:33:07.184+0000] {logging_mixin.py:190} INFO - [2024-10-16T11:33:07.184+0000] {dagbag.py:588} INFO - Filling up the DagBag from /home/airflow/.local/lib/python3.12/site-packages/airflow/example_dags/example_branch_python_dop_operator_3.py
[2024-10-16T11:33:07.193+0000] {processor.py:925} INFO - DAG(s) 'example_branch_dop_operator_v3' retrieved from /home/airflow/.local/lib/python3.12/site-packages/airflow/example_dags/example_branch_python_dop_operator_3.py
[2024-10-16T11:33:07.212+0000] {logging_mixin.py:190} INFO - [2024-10-16T11:33:07.212+0000] {dag.py:3239} INFO - Sync 1 DAGs
[2024-10-16T11:33:07.236+0000] {logging_mixin.py:190} INFO - [2024-10-16T11:33:07.235+0000] {dag.py:4180} INFO - Setting next_dagrun for example_branch_dop_operator_v3 to 2024-10-16 11:32:00+00:00, run_after=2024-10-16 11:33:00+00:00
[2024-10-16T11:33:07.253+0000] {processor.py:208} INFO - Processing /home/airflow/.local/lib/python3.12/site-packages/airflow/example_dags/example_branch_python_dop_operator_3.py took 0.076 seconds
[2024-10-16T11:33:37.568+0000] {processor.py:186} INFO - Started process (PID=126038) to work on /home/airflow/.local/lib/python3.12/site-packages/airflow/example_dags/example_branch_python_dop_operator_3.py
[2024-10-16T11:33:37.569+0000] {processor.py:914} INFO - Processing file /home/airflow/.local/lib/python3.12/site-packages/airflow/example_dags/example_branch_python_dop_operator_3.py for tasks to queue
[2024-10-16T11:33:37.570+0000] {logging_mixin.py:190} INFO - [2024-10-16T11:33:37.570+0000] {dagbag.py:588} INFO - Filling up the DagBag from /home/airflow/.local/lib/python3.12/site-packages/airflow/example_dags/example_branch_python_dop_operator_3.py
[2024-10-16T11:33:37.580+0000] {processor.py:925} INFO - DAG(s) 'example_branch_dop_operator_v3' retrieved from /home/airflow/.local/lib/python3.12/site-packages/airflow/example_dags/example_branch_python_dop_operator_3.py
[2024-10-16T11:33:37.598+0000] {logging_mixin.py:190} INFO - [2024-10-16T11:33:37.597+0000] {dag.py:3239} INFO - Sync 1 DAGs
[2024-10-16T11:33:37.625+0000] {logging_mixin.py:190} INFO - [2024-10-16T11:33:37.625+0000] {dag.py:4180} INFO - Setting next_dagrun for example_branch_dop_operator_v3 to 2024-10-16 11:32:00+00:00, run_after=2024-10-16 11:33:00+00:00
[2024-10-16T11:33:37.646+0000] {processor.py:208} INFO - Processing /home/airflow/.local/lib/python3.12/site-packages/airflow/example_dags/example_branch_python_dop_operator_3.py took 0.084 seconds
[2024-10-16T11:34:07.996+0000] {processor.py:186} INFO - Started process (PID=126101) to work on /home/airflow/.local/lib/python3.12/site-packages/airflow/example_dags/example_branch_python_dop_operator_3.py
[2024-10-16T11:34:07.997+0000] {processor.py:914} INFO - Processing file /home/airflow/.local/lib/python3.12/site-packages/airflow/example_dags/example_branch_python_dop_operator_3.py for tasks to queue
[2024-10-16T11:34:07.999+0000] {logging_mixin.py:190} INFO - [2024-10-16T11:34:07.998+0000] {dagbag.py:588} INFO - Filling up the DagBag from /home/airflow/.local/lib/python3.12/site-packages/airflow/example_dags/example_branch_python_dop_operator_3.py
[2024-10-16T11:34:08.009+0000] {processor.py:925} INFO - DAG(s) 'example_branch_dop_operator_v3' retrieved from /home/airflow/.local/lib/python3.12/site-packages/airflow/example_dags/example_branch_python_dop_operator_3.py
[2024-10-16T11:34:08.028+0000] {logging_mixin.py:190} INFO - [2024-10-16T11:34:08.028+0000] {dag.py:3239} INFO - Sync 1 DAGs
[2024-10-16T11:34:08.054+0000] {logging_mixin.py:190} INFO - [2024-10-16T11:34:08.054+0000] {dag.py:4180} INFO - Setting next_dagrun for example_branch_dop_operator_v3 to 2024-10-16 11:33:00+00:00, run_after=2024-10-16 11:34:00+00:00
[2024-10-16T11:34:08.072+0000] {processor.py:208} INFO - Processing /home/airflow/.local/lib/python3.12/site-packages/airflow/example_dags/example_branch_python_dop_operator_3.py took 0.081 seconds
[2024-10-16T11:34:38.359+0000] {processor.py:186} INFO - Started process (PID=126165) to work on /home/airflow/.local/lib/python3.12/site-packages/airflow/example_dags/example_branch_python_dop_operator_3.py
[2024-10-16T11:34:38.360+0000] {processor.py:914} INFO - Processing file /home/airflow/.local/lib/python3.12/site-packages/airflow/example_dags/example_branch_python_dop_operator_3.py for tasks to queue
[2024-10-16T11:34:38.362+0000] {logging_mixin.py:190} INFO - [2024-10-16T11:34:38.361+0000] {dagbag.py:588} INFO - Filling up the DagBag from /home/airflow/.local/lib/python3.12/site-packages/airflow/example_dags/example_branch_python_dop_operator_3.py
[2024-10-16T11:34:38.374+0000] {processor.py:925} INFO - DAG(s) 'example_branch_dop_operator_v3' retrieved from /home/airflow/.local/lib/python3.12/site-packages/airflow/example_dags/example_branch_python_dop_operator_3.py
[2024-10-16T11:34:38.401+0000] {logging_mixin.py:190} INFO - [2024-10-16T11:34:38.400+0000] {dag.py:3239} INFO - Sync 1 DAGs
[2024-10-16T11:34:38.450+0000] {logging_mixin.py:190} INFO - [2024-10-16T11:34:38.449+0000] {dag.py:4180} INFO - Setting next_dagrun for example_branch_dop_operator_v3 to 2024-10-16 11:33:00+00:00, run_after=2024-10-16 11:34:00+00:00
[2024-10-16T11:34:38.485+0000] {processor.py:208} INFO - Processing /home/airflow/.local/lib/python3.12/site-packages/airflow/example_dags/example_branch_python_dop_operator_3.py took 0.133 seconds
[2024-10-16T11:35:09.320+0000] {processor.py:186} INFO - Started process (PID=126228) to work on /home/airflow/.local/lib/python3.12/site-packages/airflow/example_dags/example_branch_python_dop_operator_3.py
[2024-10-16T11:35:09.321+0000] {processor.py:914} INFO - Processing file /home/airflow/.local/lib/python3.12/site-packages/airflow/example_dags/example_branch_python_dop_operator_3.py for tasks to queue
[2024-10-16T11:35:09.322+0000] {logging_mixin.py:190} INFO - [2024-10-16T11:35:09.321+0000] {dagbag.py:588} INFO - Filling up the DagBag from /home/airflow/.local/lib/python3.12/site-packages/airflow/example_dags/example_branch_python_dop_operator_3.py
[2024-10-16T11:35:09.331+0000] {processor.py:925} INFO - DAG(s) 'example_branch_dop_operator_v3' retrieved from /home/airflow/.local/lib/python3.12/site-packages/airflow/example_dags/example_branch_python_dop_operator_3.py
[2024-10-16T11:35:09.352+0000] {logging_mixin.py:190} INFO - [2024-10-16T11:35:09.351+0000] {dag.py:3239} INFO - Sync 1 DAGs
[2024-10-16T11:35:09.378+0000] {logging_mixin.py:190} INFO - [2024-10-16T11:35:09.377+0000] {dag.py:4180} INFO - Setting next_dagrun for example_branch_dop_operator_v3 to 2024-10-16 11:34:00+00:00, run_after=2024-10-16 11:35:00+00:00
[2024-10-16T11:35:09.396+0000] {processor.py:208} INFO - Processing /home/airflow/.local/lib/python3.12/site-packages/airflow/example_dags/example_branch_python_dop_operator_3.py took 0.082 seconds
[2024-10-16T11:35:39.749+0000] {processor.py:186} INFO - Started process (PID=126291) to work on /home/airflow/.local/lib/python3.12/site-packages/airflow/example_dags/example_branch_python_dop_operator_3.py
[2024-10-16T11:35:39.750+0000] {processor.py:914} INFO - Processing file /home/airflow/.local/lib/python3.12/site-packages/airflow/example_dags/example_branch_python_dop_operator_3.py for tasks to queue
[2024-10-16T11:35:39.751+0000] {logging_mixin.py:190} INFO - [2024-10-16T11:35:39.751+0000] {dagbag.py:588} INFO - Filling up the DagBag from /home/airflow/.local/lib/python3.12/site-packages/airflow/example_dags/example_branch_python_dop_operator_3.py
[2024-10-16T11:35:39.762+0000] {processor.py:925} INFO - DAG(s) 'example_branch_dop_operator_v3' retrieved from /home/airflow/.local/lib/python3.12/site-packages/airflow/example_dags/example_branch_python_dop_operator_3.py
[2024-10-16T11:35:39.785+0000] {logging_mixin.py:190} INFO - [2024-10-16T11:35:39.784+0000] {dag.py:3239} INFO - Sync 1 DAGs
[2024-10-16T11:35:39.812+0000] {logging_mixin.py:190} INFO - [2024-10-16T11:35:39.812+0000] {dag.py:4180} INFO - Setting next_dagrun for example_branch_dop_operator_v3 to 2024-10-16 11:34:00+00:00, run_after=2024-10-16 11:35:00+00:00
[2024-10-16T11:35:39.830+0000] {processor.py:208} INFO - Processing /home/airflow/.local/lib/python3.12/site-packages/airflow/example_dags/example_branch_python_dop_operator_3.py took 0.088 seconds
[2024-10-16T11:36:10.576+0000] {processor.py:186} INFO - Started process (PID=126354) to work on /home/airflow/.local/lib/python3.12/site-packages/airflow/example_dags/example_branch_python_dop_operator_3.py
[2024-10-16T11:36:10.577+0000] {processor.py:914} INFO - Processing file /home/airflow/.local/lib/python3.12/site-packages/airflow/example_dags/example_branch_python_dop_operator_3.py for tasks to queue
[2024-10-16T11:36:10.578+0000] {logging_mixin.py:190} INFO - [2024-10-16T11:36:10.577+0000] {dagbag.py:588} INFO - Filling up the DagBag from /home/airflow/.local/lib/python3.12/site-packages/airflow/example_dags/example_branch_python_dop_operator_3.py
[2024-10-16T11:36:10.587+0000] {processor.py:925} INFO - DAG(s) 'example_branch_dop_operator_v3' retrieved from /home/airflow/.local/lib/python3.12/site-packages/airflow/example_dags/example_branch_python_dop_operator_3.py
[2024-10-16T11:36:10.606+0000] {logging_mixin.py:190} INFO - [2024-10-16T11:36:10.606+0000] {dag.py:3239} INFO - Sync 1 DAGs
[2024-10-16T11:36:10.631+0000] {logging_mixin.py:190} INFO - [2024-10-16T11:36:10.631+0000] {dag.py:4180} INFO - Setting next_dagrun for example_branch_dop_operator_v3 to 2024-10-16 11:35:00+00:00, run_after=2024-10-16 11:36:00+00:00
[2024-10-16T11:36:10.653+0000] {processor.py:208} INFO - Processing /home/airflow/.local/lib/python3.12/site-packages/airflow/example_dags/example_branch_python_dop_operator_3.py took 0.083 seconds
[2024-10-16T11:36:41.058+0000] {processor.py:186} INFO - Started process (PID=126418) to work on /home/airflow/.local/lib/python3.12/site-packages/airflow/example_dags/example_branch_python_dop_operator_3.py
[2024-10-16T11:36:41.058+0000] {processor.py:914} INFO - Processing file /home/airflow/.local/lib/python3.12/site-packages/airflow/example_dags/example_branch_python_dop_operator_3.py for tasks to queue
[2024-10-16T11:36:41.060+0000] {logging_mixin.py:190} INFO - [2024-10-16T11:36:41.059+0000] {dagbag.py:588} INFO - Filling up the DagBag from /home/airflow/.local/lib/python3.12/site-packages/airflow/example_dags/example_branch_python_dop_operator_3.py
[2024-10-16T11:36:41.071+0000] {processor.py:925} INFO - DAG(s) 'example_branch_dop_operator_v3' retrieved from /home/airflow/.local/lib/python3.12/site-packages/airflow/example_dags/example_branch_python_dop_operator_3.py
[2024-10-16T11:36:41.096+0000] {logging_mixin.py:190} INFO - [2024-10-16T11:36:41.096+0000] {dag.py:3239} INFO - Sync 1 DAGs
[2024-10-16T11:36:41.131+0000] {logging_mixin.py:190} INFO - [2024-10-16T11:36:41.131+0000] {dag.py:4180} INFO - Setting next_dagrun for example_branch_dop_operator_v3 to 2024-10-16 11:35:00+00:00, run_after=2024-10-16 11:36:00+00:00
[2024-10-16T11:36:41.151+0000] {processor.py:208} INFO - Processing /home/airflow/.local/lib/python3.12/site-packages/airflow/example_dags/example_branch_python_dop_operator_3.py took 0.099 seconds
[2024-10-16T11:37:11.522+0000] {processor.py:186} INFO - Started process (PID=126481) to work on /home/airflow/.local/lib/python3.12/site-packages/airflow/example_dags/example_branch_python_dop_operator_3.py
[2024-10-16T11:37:11.523+0000] {processor.py:914} INFO - Processing file /home/airflow/.local/lib/python3.12/site-packages/airflow/example_dags/example_branch_python_dop_operator_3.py for tasks to queue
[2024-10-16T11:37:11.524+0000] {logging_mixin.py:190} INFO - [2024-10-16T11:37:11.523+0000] {dagbag.py:588} INFO - Filling up the DagBag from /home/airflow/.local/lib/python3.12/site-packages/airflow/example_dags/example_branch_python_dop_operator_3.py
[2024-10-16T11:37:11.533+0000] {processor.py:925} INFO - DAG(s) 'example_branch_dop_operator_v3' retrieved from /home/airflow/.local/lib/python3.12/site-packages/airflow/example_dags/example_branch_python_dop_operator_3.py
[2024-10-16T11:37:11.551+0000] {logging_mixin.py:190} INFO - [2024-10-16T11:37:11.550+0000] {dag.py:3239} INFO - Sync 1 DAGs
[2024-10-16T11:37:11.579+0000] {logging_mixin.py:190} INFO - [2024-10-16T11:37:11.579+0000] {dag.py:4180} INFO - Setting next_dagrun for example_branch_dop_operator_v3 to 2024-10-16 11:36:00+00:00, run_after=2024-10-16 11:37:00+00:00
[2024-10-16T11:37:11.597+0000] {processor.py:208} INFO - Processing /home/airflow/.local/lib/python3.12/site-packages/airflow/example_dags/example_branch_python_dop_operator_3.py took 0.081 seconds
[2024-10-16T11:37:42.090+0000] {processor.py:186} INFO - Started process (PID=126544) to work on /home/airflow/.local/lib/python3.12/site-packages/airflow/example_dags/example_branch_python_dop_operator_3.py
[2024-10-16T11:37:42.093+0000] {processor.py:914} INFO - Processing file /home/airflow/.local/lib/python3.12/site-packages/airflow/example_dags/example_branch_python_dop_operator_3.py for tasks to queue
[2024-10-16T11:37:42.095+0000] {logging_mixin.py:190} INFO - [2024-10-16T11:37:42.094+0000] {dagbag.py:588} INFO - Filling up the DagBag from /home/airflow/.local/lib/python3.12/site-packages/airflow/example_dags/example_branch_python_dop_operator_3.py
[2024-10-16T11:37:42.112+0000] {processor.py:925} INFO - DAG(s) 'example_branch_dop_operator_v3' retrieved from /home/airflow/.local/lib/python3.12/site-packages/airflow/example_dags/example_branch_python_dop_operator_3.py
[2024-10-16T11:37:42.146+0000] {logging_mixin.py:190} INFO - [2024-10-16T11:37:42.145+0000] {dag.py:3239} INFO - Sync 1 DAGs
[2024-10-16T11:37:42.180+0000] {logging_mixin.py:190} INFO - [2024-10-16T11:37:42.180+0000] {dag.py:4180} INFO - Setting next_dagrun for example_branch_dop_operator_v3 to 2024-10-16 11:36:00+00:00, run_after=2024-10-16 11:37:00+00:00
[2024-10-16T11:37:42.202+0000] {processor.py:208} INFO - Processing /home/airflow/.local/lib/python3.12/site-packages/airflow/example_dags/example_branch_python_dop_operator_3.py took 0.121 seconds
[2024-10-16T11:38:12.732+0000] {processor.py:186} INFO - Started process (PID=126607) to work on /home/airflow/.local/lib/python3.12/site-packages/airflow/example_dags/example_branch_python_dop_operator_3.py
[2024-10-16T11:38:12.733+0000] {processor.py:914} INFO - Processing file /home/airflow/.local/lib/python3.12/site-packages/airflow/example_dags/example_branch_python_dop_operator_3.py for tasks to queue
[2024-10-16T11:38:12.734+0000] {logging_mixin.py:190} INFO - [2024-10-16T11:38:12.734+0000] {dagbag.py:588} INFO - Filling up the DagBag from /home/airflow/.local/lib/python3.12/site-packages/airflow/example_dags/example_branch_python_dop_operator_3.py
[2024-10-16T11:38:12.747+0000] {processor.py:925} INFO - DAG(s) 'example_branch_dop_operator_v3' retrieved from /home/airflow/.local/lib/python3.12/site-packages/airflow/example_dags/example_branch_python_dop_operator_3.py
[2024-10-16T11:38:12.771+0000] {logging_mixin.py:190} INFO - [2024-10-16T11:38:12.771+0000] {dag.py:3239} INFO - Sync 1 DAGs
[2024-10-16T11:38:12.805+0000] {logging_mixin.py:190} INFO - [2024-10-16T11:38:12.805+0000] {dag.py:4180} INFO - Setting next_dagrun for example_branch_dop_operator_v3 to 2024-10-16 11:37:00+00:00, run_after=2024-10-16 11:38:00+00:00
[2024-10-16T11:38:12.829+0000] {processor.py:208} INFO - Processing /home/airflow/.local/lib/python3.12/site-packages/airflow/example_dags/example_branch_python_dop_operator_3.py took 0.106 seconds
[2024-10-16T11:38:43.010+0000] {processor.py:186} INFO - Started process (PID=126671) to work on /home/airflow/.local/lib/python3.12/site-packages/airflow/example_dags/example_branch_python_dop_operator_3.py
[2024-10-16T11:38:43.011+0000] {processor.py:914} INFO - Processing file /home/airflow/.local/lib/python3.12/site-packages/airflow/example_dags/example_branch_python_dop_operator_3.py for tasks to queue
[2024-10-16T11:38:43.013+0000] {logging_mixin.py:190} INFO - [2024-10-16T11:38:43.013+0000] {dagbag.py:588} INFO - Filling up the DagBag from /home/airflow/.local/lib/python3.12/site-packages/airflow/example_dags/example_branch_python_dop_operator_3.py
[2024-10-16T11:38:43.025+0000] {processor.py:925} INFO - DAG(s) 'example_branch_dop_operator_v3' retrieved from /home/airflow/.local/lib/python3.12/site-packages/airflow/example_dags/example_branch_python_dop_operator_3.py
[2024-10-16T11:38:43.049+0000] {logging_mixin.py:190} INFO - [2024-10-16T11:38:43.048+0000] {dag.py:3239} INFO - Sync 1 DAGs
[2024-10-16T11:38:43.083+0000] {logging_mixin.py:190} INFO - [2024-10-16T11:38:43.083+0000] {dag.py:4180} INFO - Setting next_dagrun for example_branch_dop_operator_v3 to 2024-10-16 11:37:00+00:00, run_after=2024-10-16 11:38:00+00:00
[2024-10-16T11:38:43.104+0000] {processor.py:208} INFO - Processing /home/airflow/.local/lib/python3.12/site-packages/airflow/example_dags/example_branch_python_dop_operator_3.py took 0.102 seconds
[2024-10-16T11:39:14.015+0000] {processor.py:186} INFO - Started process (PID=126733) to work on /home/airflow/.local/lib/python3.12/site-packages/airflow/example_dags/example_branch_python_dop_operator_3.py
[2024-10-16T11:39:14.016+0000] {processor.py:914} INFO - Processing file /home/airflow/.local/lib/python3.12/site-packages/airflow/example_dags/example_branch_python_dop_operator_3.py for tasks to queue
[2024-10-16T11:39:14.017+0000] {logging_mixin.py:190} INFO - [2024-10-16T11:39:14.017+0000] {dagbag.py:588} INFO - Filling up the DagBag from /home/airflow/.local/lib/python3.12/site-packages/airflow/example_dags/example_branch_python_dop_operator_3.py
[2024-10-16T11:39:14.028+0000] {processor.py:925} INFO - DAG(s) 'example_branch_dop_operator_v3' retrieved from /home/airflow/.local/lib/python3.12/site-packages/airflow/example_dags/example_branch_python_dop_operator_3.py
[2024-10-16T11:39:14.050+0000] {logging_mixin.py:190} INFO - [2024-10-16T11:39:14.050+0000] {dag.py:3239} INFO - Sync 1 DAGs
[2024-10-16T11:39:14.080+0000] {logging_mixin.py:190} INFO - [2024-10-16T11:39:14.080+0000] {dag.py:4180} INFO - Setting next_dagrun for example_branch_dop_operator_v3 to 2024-10-16 11:38:00+00:00, run_after=2024-10-16 11:39:00+00:00
[2024-10-16T11:39:14.100+0000] {processor.py:208} INFO - Processing /home/airflow/.local/lib/python3.12/site-packages/airflow/example_dags/example_branch_python_dop_operator_3.py took 0.093 seconds
[2024-10-16T11:39:44.766+0000] {processor.py:186} INFO - Started process (PID=126802) to work on /home/airflow/.local/lib/python3.12/site-packages/airflow/example_dags/example_branch_python_dop_operator_3.py
[2024-10-16T11:39:44.767+0000] {processor.py:914} INFO - Processing file /home/airflow/.local/lib/python3.12/site-packages/airflow/example_dags/example_branch_python_dop_operator_3.py for tasks to queue
[2024-10-16T11:39:44.768+0000] {logging_mixin.py:190} INFO - [2024-10-16T11:39:44.768+0000] {dagbag.py:588} INFO - Filling up the DagBag from /home/airflow/.local/lib/python3.12/site-packages/airflow/example_dags/example_branch_python_dop_operator_3.py
[2024-10-16T11:39:44.779+0000] {processor.py:925} INFO - DAG(s) 'example_branch_dop_operator_v3' retrieved from /home/airflow/.local/lib/python3.12/site-packages/airflow/example_dags/example_branch_python_dop_operator_3.py
[2024-10-16T11:39:44.800+0000] {logging_mixin.py:190} INFO - [2024-10-16T11:39:44.800+0000] {dag.py:3239} INFO - Sync 1 DAGs
[2024-10-16T11:39:44.832+0000] {logging_mixin.py:190} INFO - [2024-10-16T11:39:44.831+0000] {dag.py:4180} INFO - Setting next_dagrun for example_branch_dop_operator_v3 to 2024-10-16 11:38:00+00:00, run_after=2024-10-16 11:39:00+00:00
[2024-10-16T11:39:44.852+0000] {processor.py:208} INFO - Processing /home/airflow/.local/lib/python3.12/site-packages/airflow/example_dags/example_branch_python_dop_operator_3.py took 0.092 seconds
[2024-10-16T11:40:15.674+0000] {processor.py:186} INFO - Started process (PID=126864) to work on /home/airflow/.local/lib/python3.12/site-packages/airflow/example_dags/example_branch_python_dop_operator_3.py
[2024-10-16T11:40:15.675+0000] {processor.py:914} INFO - Processing file /home/airflow/.local/lib/python3.12/site-packages/airflow/example_dags/example_branch_python_dop_operator_3.py for tasks to queue
[2024-10-16T11:40:15.676+0000] {logging_mixin.py:190} INFO - [2024-10-16T11:40:15.676+0000] {dagbag.py:588} INFO - Filling up the DagBag from /home/airflow/.local/lib/python3.12/site-packages/airflow/example_dags/example_branch_python_dop_operator_3.py
[2024-10-16T11:40:15.687+0000] {processor.py:925} INFO - DAG(s) 'example_branch_dop_operator_v3' retrieved from /home/airflow/.local/lib/python3.12/site-packages/airflow/example_dags/example_branch_python_dop_operator_3.py
[2024-10-16T11:40:15.709+0000] {logging_mixin.py:190} INFO - [2024-10-16T11:40:15.709+0000] {dag.py:3239} INFO - Sync 1 DAGs
[2024-10-16T11:40:15.739+0000] {logging_mixin.py:190} INFO - [2024-10-16T11:40:15.739+0000] {dag.py:4180} INFO - Setting next_dagrun for example_branch_dop_operator_v3 to 2024-10-16 11:39:00+00:00, run_after=2024-10-16 11:40:00+00:00
[2024-10-16T11:40:15.759+0000] {processor.py:208} INFO - Processing /home/airflow/.local/lib/python3.12/site-packages/airflow/example_dags/example_branch_python_dop_operator_3.py took 0.093 seconds
[2024-10-16T11:40:46.064+0000] {processor.py:186} INFO - Started process (PID=126927) to work on /home/airflow/.local/lib/python3.12/site-packages/airflow/example_dags/example_branch_python_dop_operator_3.py
[2024-10-16T11:40:46.066+0000] {processor.py:914} INFO - Processing file /home/airflow/.local/lib/python3.12/site-packages/airflow/example_dags/example_branch_python_dop_operator_3.py for tasks to queue
[2024-10-16T11:40:46.067+0000] {logging_mixin.py:190} INFO - [2024-10-16T11:40:46.067+0000] {dagbag.py:588} INFO - Filling up the DagBag from /home/airflow/.local/lib/python3.12/site-packages/airflow/example_dags/example_branch_python_dop_operator_3.py
[2024-10-16T11:40:46.078+0000] {processor.py:925} INFO - DAG(s) 'example_branch_dop_operator_v3' retrieved from /home/airflow/.local/lib/python3.12/site-packages/airflow/example_dags/example_branch_python_dop_operator_3.py
[2024-10-16T11:40:46.099+0000] {logging_mixin.py:190} INFO - [2024-10-16T11:40:46.099+0000] {dag.py:3239} INFO - Sync 1 DAGs
[2024-10-16T11:40:46.130+0000] {logging_mixin.py:190} INFO - [2024-10-16T11:40:46.130+0000] {dag.py:4180} INFO - Setting next_dagrun for example_branch_dop_operator_v3 to 2024-10-16 11:39:00+00:00, run_after=2024-10-16 11:40:00+00:00
[2024-10-16T11:40:46.150+0000] {processor.py:208} INFO - Processing /home/airflow/.local/lib/python3.12/site-packages/airflow/example_dags/example_branch_python_dop_operator_3.py took 0.092 seconds
[2024-10-16T11:41:16.445+0000] {processor.py:186} INFO - Started process (PID=126990) to work on /home/airflow/.local/lib/python3.12/site-packages/airflow/example_dags/example_branch_python_dop_operator_3.py
[2024-10-16T11:41:16.446+0000] {processor.py:914} INFO - Processing file /home/airflow/.local/lib/python3.12/site-packages/airflow/example_dags/example_branch_python_dop_operator_3.py for tasks to queue
[2024-10-16T11:41:16.447+0000] {logging_mixin.py:190} INFO - [2024-10-16T11:41:16.447+0000] {dagbag.py:588} INFO - Filling up the DagBag from /home/airflow/.local/lib/python3.12/site-packages/airflow/example_dags/example_branch_python_dop_operator_3.py
[2024-10-16T11:41:16.458+0000] {processor.py:925} INFO - DAG(s) 'example_branch_dop_operator_v3' retrieved from /home/airflow/.local/lib/python3.12/site-packages/airflow/example_dags/example_branch_python_dop_operator_3.py
[2024-10-16T11:41:16.479+0000] {logging_mixin.py:190} INFO - [2024-10-16T11:41:16.479+0000] {dag.py:3239} INFO - Sync 1 DAGs
[2024-10-16T11:41:16.507+0000] {logging_mixin.py:190} INFO - [2024-10-16T11:41:16.507+0000] {dag.py:4180} INFO - Setting next_dagrun for example_branch_dop_operator_v3 to 2024-10-16 11:40:00+00:00, run_after=2024-10-16 11:41:00+00:00
[2024-10-16T11:41:16.529+0000] {processor.py:208} INFO - Processing /home/airflow/.local/lib/python3.12/site-packages/airflow/example_dags/example_branch_python_dop_operator_3.py took 0.091 seconds
[2024-10-16T11:41:47.394+0000] {processor.py:186} INFO - Started process (PID=127053) to work on /home/airflow/.local/lib/python3.12/site-packages/airflow/example_dags/example_branch_python_dop_operator_3.py
[2024-10-16T11:41:47.395+0000] {processor.py:914} INFO - Processing file /home/airflow/.local/lib/python3.12/site-packages/airflow/example_dags/example_branch_python_dop_operator_3.py for tasks to queue
[2024-10-16T11:41:47.396+0000] {logging_mixin.py:190} INFO - [2024-10-16T11:41:47.396+0000] {dagbag.py:588} INFO - Filling up the DagBag from /home/airflow/.local/lib/python3.12/site-packages/airflow/example_dags/example_branch_python_dop_operator_3.py
[2024-10-16T11:41:47.407+0000] {processor.py:925} INFO - DAG(s) 'example_branch_dop_operator_v3' retrieved from /home/airflow/.local/lib/python3.12/site-packages/airflow/example_dags/example_branch_python_dop_operator_3.py
[2024-10-16T11:41:47.428+0000] {logging_mixin.py:190} INFO - [2024-10-16T11:41:47.428+0000] {dag.py:3239} INFO - Sync 1 DAGs
[2024-10-16T11:41:47.458+0000] {logging_mixin.py:190} INFO - [2024-10-16T11:41:47.457+0000] {dag.py:4180} INFO - Setting next_dagrun for example_branch_dop_operator_v3 to 2024-10-16 11:40:00+00:00, run_after=2024-10-16 11:41:00+00:00
[2024-10-16T11:41:47.479+0000] {processor.py:208} INFO - Processing /home/airflow/.local/lib/python3.12/site-packages/airflow/example_dags/example_branch_python_dop_operator_3.py took 0.091 seconds
[2024-10-16T11:42:18.439+0000] {processor.py:186} INFO - Started process (PID=127116) to work on /home/airflow/.local/lib/python3.12/site-packages/airflow/example_dags/example_branch_python_dop_operator_3.py
[2024-10-16T11:42:18.440+0000] {processor.py:914} INFO - Processing file /home/airflow/.local/lib/python3.12/site-packages/airflow/example_dags/example_branch_python_dop_operator_3.py for tasks to queue
[2024-10-16T11:42:18.442+0000] {logging_mixin.py:190} INFO - [2024-10-16T11:42:18.441+0000] {dagbag.py:588} INFO - Filling up the DagBag from /home/airflow/.local/lib/python3.12/site-packages/airflow/example_dags/example_branch_python_dop_operator_3.py
[2024-10-16T11:42:18.452+0000] {processor.py:925} INFO - DAG(s) 'example_branch_dop_operator_v3' retrieved from /home/airflow/.local/lib/python3.12/site-packages/airflow/example_dags/example_branch_python_dop_operator_3.py
[2024-10-16T11:42:18.472+0000] {logging_mixin.py:190} INFO - [2024-10-16T11:42:18.472+0000] {dag.py:3239} INFO - Sync 1 DAGs
[2024-10-16T11:42:18.500+0000] {logging_mixin.py:190} INFO - [2024-10-16T11:42:18.500+0000] {dag.py:4180} INFO - Setting next_dagrun for example_branch_dop_operator_v3 to 2024-10-16 11:41:00+00:00, run_after=2024-10-16 11:42:00+00:00
[2024-10-16T11:42:18.521+0000] {processor.py:208} INFO - Processing /home/airflow/.local/lib/python3.12/site-packages/airflow/example_dags/example_branch_python_dop_operator_3.py took 0.089 seconds
[2024-10-16T11:42:49.078+0000] {processor.py:186} INFO - Started process (PID=127179) to work on /home/airflow/.local/lib/python3.12/site-packages/airflow/example_dags/example_branch_python_dop_operator_3.py
[2024-10-16T11:42:49.085+0000] {processor.py:914} INFO - Processing file /home/airflow/.local/lib/python3.12/site-packages/airflow/example_dags/example_branch_python_dop_operator_3.py for tasks to queue
[2024-10-16T11:42:49.088+0000] {logging_mixin.py:190} INFO - [2024-10-16T11:42:49.087+0000] {dagbag.py:588} INFO - Filling up the DagBag from /home/airflow/.local/lib/python3.12/site-packages/airflow/example_dags/example_branch_python_dop_operator_3.py
[2024-10-16T11:42:49.103+0000] {processor.py:925} INFO - DAG(s) 'example_branch_dop_operator_v3' retrieved from /home/airflow/.local/lib/python3.12/site-packages/airflow/example_dags/example_branch_python_dop_operator_3.py
[2024-10-16T11:42:49.129+0000] {logging_mixin.py:190} INFO - [2024-10-16T11:42:49.128+0000] {dag.py:3239} INFO - Sync 1 DAGs
[2024-10-16T11:42:49.163+0000] {logging_mixin.py:190} INFO - [2024-10-16T11:42:49.163+0000] {dag.py:4180} INFO - Setting next_dagrun for example_branch_dop_operator_v3 to 2024-10-16 11:41:00+00:00, run_after=2024-10-16 11:42:00+00:00
[2024-10-16T11:42:49.185+0000] {processor.py:208} INFO - Processing /home/airflow/.local/lib/python3.12/site-packages/airflow/example_dags/example_branch_python_dop_operator_3.py took 0.116 seconds
[2024-10-16T11:43:19.345+0000] {processor.py:186} INFO - Started process (PID=127242) to work on /home/airflow/.local/lib/python3.12/site-packages/airflow/example_dags/example_branch_python_dop_operator_3.py
[2024-10-16T11:43:19.346+0000] {processor.py:914} INFO - Processing file /home/airflow/.local/lib/python3.12/site-packages/airflow/example_dags/example_branch_python_dop_operator_3.py for tasks to queue
[2024-10-16T11:43:19.347+0000] {logging_mixin.py:190} INFO - [2024-10-16T11:43:19.347+0000] {dagbag.py:588} INFO - Filling up the DagBag from /home/airflow/.local/lib/python3.12/site-packages/airflow/example_dags/example_branch_python_dop_operator_3.py
[2024-10-16T11:43:19.362+0000] {processor.py:925} INFO - DAG(s) 'example_branch_dop_operator_v3' retrieved from /home/airflow/.local/lib/python3.12/site-packages/airflow/example_dags/example_branch_python_dop_operator_3.py
[2024-10-16T11:43:19.385+0000] {logging_mixin.py:190} INFO - [2024-10-16T11:43:19.384+0000] {dag.py:3239} INFO - Sync 1 DAGs
[2024-10-16T11:43:19.415+0000] {logging_mixin.py:190} INFO - [2024-10-16T11:43:19.415+0000] {dag.py:4180} INFO - Setting next_dagrun for example_branch_dop_operator_v3 to 2024-10-16 11:42:00+00:00, run_after=2024-10-16 11:43:00+00:00
[2024-10-16T11:43:19.438+0000] {processor.py:208} INFO - Processing /home/airflow/.local/lib/python3.12/site-packages/airflow/example_dags/example_branch_python_dop_operator_3.py took 0.100 seconds
[2024-10-16T11:43:49.920+0000] {processor.py:186} INFO - Started process (PID=127305) to work on /home/airflow/.local/lib/python3.12/site-packages/airflow/example_dags/example_branch_python_dop_operator_3.py
[2024-10-16T11:43:49.921+0000] {processor.py:914} INFO - Processing file /home/airflow/.local/lib/python3.12/site-packages/airflow/example_dags/example_branch_python_dop_operator_3.py for tasks to queue
[2024-10-16T11:43:49.922+0000] {logging_mixin.py:190} INFO - [2024-10-16T11:43:49.922+0000] {dagbag.py:588} INFO - Filling up the DagBag from /home/airflow/.local/lib/python3.12/site-packages/airflow/example_dags/example_branch_python_dop_operator_3.py
[2024-10-16T11:43:49.934+0000] {processor.py:925} INFO - DAG(s) 'example_branch_dop_operator_v3' retrieved from /home/airflow/.local/lib/python3.12/site-packages/airflow/example_dags/example_branch_python_dop_operator_3.py
[2024-10-16T11:43:49.956+0000] {logging_mixin.py:190} INFO - [2024-10-16T11:43:49.956+0000] {dag.py:3239} INFO - Sync 1 DAGs
[2024-10-16T11:43:49.988+0000] {logging_mixin.py:190} INFO - [2024-10-16T11:43:49.988+0000] {dag.py:4180} INFO - Setting next_dagrun for example_branch_dop_operator_v3 to 2024-10-16 11:42:00+00:00, run_after=2024-10-16 11:43:00+00:00
[2024-10-16T11:43:50.009+0000] {processor.py:208} INFO - Processing /home/airflow/.local/lib/python3.12/site-packages/airflow/example_dags/example_branch_python_dop_operator_3.py took 0.097 seconds
[2024-10-16T11:44:21.245+0000] {processor.py:186} INFO - Started process (PID=127369) to work on /home/airflow/.local/lib/python3.12/site-packages/airflow/example_dags/example_branch_python_dop_operator_3.py
[2024-10-16T11:44:21.245+0000] {processor.py:914} INFO - Processing file /home/airflow/.local/lib/python3.12/site-packages/airflow/example_dags/example_branch_python_dop_operator_3.py for tasks to queue
[2024-10-16T11:44:21.247+0000] {logging_mixin.py:190} INFO - [2024-10-16T11:44:21.246+0000] {dagbag.py:588} INFO - Filling up the DagBag from /home/airflow/.local/lib/python3.12/site-packages/airflow/example_dags/example_branch_python_dop_operator_3.py
[2024-10-16T11:44:21.257+0000] {processor.py:925} INFO - DAG(s) 'example_branch_dop_operator_v3' retrieved from /home/airflow/.local/lib/python3.12/site-packages/airflow/example_dags/example_branch_python_dop_operator_3.py
[2024-10-16T11:44:21.276+0000] {logging_mixin.py:190} INFO - [2024-10-16T11:44:21.276+0000] {dag.py:3239} INFO - Sync 1 DAGs
[2024-10-16T11:44:21.306+0000] {logging_mixin.py:190} INFO - [2024-10-16T11:44:21.305+0000] {dag.py:4180} INFO - Setting next_dagrun for example_branch_dop_operator_v3 to 2024-10-16 11:43:00+00:00, run_after=2024-10-16 11:44:00+00:00
[2024-10-16T11:44:21.325+0000] {processor.py:208} INFO - Processing /home/airflow/.local/lib/python3.12/site-packages/airflow/example_dags/example_branch_python_dop_operator_3.py took 0.087 seconds
[2024-10-16T11:44:51.685+0000] {processor.py:186} INFO - Started process (PID=127432) to work on /home/airflow/.local/lib/python3.12/site-packages/airflow/example_dags/example_branch_python_dop_operator_3.py
[2024-10-16T11:44:51.686+0000] {processor.py:914} INFO - Processing file /home/airflow/.local/lib/python3.12/site-packages/airflow/example_dags/example_branch_python_dop_operator_3.py for tasks to queue
[2024-10-16T11:44:51.688+0000] {logging_mixin.py:190} INFO - [2024-10-16T11:44:51.687+0000] {dagbag.py:588} INFO - Filling up the DagBag from /home/airflow/.local/lib/python3.12/site-packages/airflow/example_dags/example_branch_python_dop_operator_3.py
[2024-10-16T11:44:51.700+0000] {processor.py:925} INFO - DAG(s) 'example_branch_dop_operator_v3' retrieved from /home/airflow/.local/lib/python3.12/site-packages/airflow/example_dags/example_branch_python_dop_operator_3.py
[2024-10-16T11:44:51.725+0000] {logging_mixin.py:190} INFO - [2024-10-16T11:44:51.725+0000] {dag.py:3239} INFO - Sync 1 DAGs
[2024-10-16T11:44:51.756+0000] {logging_mixin.py:190} INFO - [2024-10-16T11:44:51.755+0000] {dag.py:4180} INFO - Setting next_dagrun for example_branch_dop_operator_v3 to 2024-10-16 11:43:00+00:00, run_after=2024-10-16 11:44:00+00:00
[2024-10-16T11:44:51.777+0000] {processor.py:208} INFO - Processing /home/airflow/.local/lib/python3.12/site-packages/airflow/example_dags/example_branch_python_dop_operator_3.py took 0.099 seconds
[2024-10-16T11:45:23.271+0000] {processor.py:186} INFO - Started process (PID=127495) to work on /home/airflow/.local/lib/python3.12/site-packages/airflow/example_dags/example_branch_python_dop_operator_3.py
[2024-10-16T11:45:23.272+0000] {processor.py:914} INFO - Processing file /home/airflow/.local/lib/python3.12/site-packages/airflow/example_dags/example_branch_python_dop_operator_3.py for tasks to queue
[2024-10-16T11:45:23.274+0000] {logging_mixin.py:190} INFO - [2024-10-16T11:45:23.274+0000] {dagbag.py:588} INFO - Filling up the DagBag from /home/airflow/.local/lib/python3.12/site-packages/airflow/example_dags/example_branch_python_dop_operator_3.py
[2024-10-16T11:45:23.290+0000] {processor.py:925} INFO - DAG(s) 'example_branch_dop_operator_v3' retrieved from /home/airflow/.local/lib/python3.12/site-packages/airflow/example_dags/example_branch_python_dop_operator_3.py
[2024-10-16T11:45:23.319+0000] {logging_mixin.py:190} INFO - [2024-10-16T11:45:23.319+0000] {dag.py:3239} INFO - Sync 1 DAGs
[2024-10-16T11:45:23.357+0000] {logging_mixin.py:190} INFO - [2024-10-16T11:45:23.357+0000] {dag.py:4180} INFO - Setting next_dagrun for example_branch_dop_operator_v3 to 2024-10-16 11:44:00+00:00, run_after=2024-10-16 11:45:00+00:00
[2024-10-16T11:45:23.382+0000] {processor.py:208} INFO - Processing /home/airflow/.local/lib/python3.12/site-packages/airflow/example_dags/example_branch_python_dop_operator_3.py took 0.121 seconds
[2024-10-16T11:45:55.773+0000] {processor.py:186} INFO - Started process (PID=127559) to work on /home/airflow/.local/lib/python3.12/site-packages/airflow/example_dags/example_branch_python_dop_operator_3.py
[2024-10-16T11:45:55.774+0000] {processor.py:914} INFO - Processing file /home/airflow/.local/lib/python3.12/site-packages/airflow/example_dags/example_branch_python_dop_operator_3.py for tasks to queue
[2024-10-16T11:45:55.776+0000] {logging_mixin.py:190} INFO - [2024-10-16T11:45:55.775+0000] {dagbag.py:588} INFO - Filling up the DagBag from /home/airflow/.local/lib/python3.12/site-packages/airflow/example_dags/example_branch_python_dop_operator_3.py
[2024-10-16T11:45:55.791+0000] {processor.py:925} INFO - DAG(s) 'example_branch_dop_operator_v3' retrieved from /home/airflow/.local/lib/python3.12/site-packages/airflow/example_dags/example_branch_python_dop_operator_3.py
[2024-10-16T11:45:55.815+0000] {logging_mixin.py:190} INFO - [2024-10-16T11:45:55.815+0000] {dag.py:3239} INFO - Sync 1 DAGs
[2024-10-16T11:45:55.857+0000] {logging_mixin.py:190} INFO - [2024-10-16T11:45:55.857+0000] {dag.py:4180} INFO - Setting next_dagrun for example_branch_dop_operator_v3 to 2024-10-16 11:44:00+00:00, run_after=2024-10-16 11:45:00+00:00
[2024-10-16T11:45:55.885+0000] {processor.py:208} INFO - Processing /home/airflow/.local/lib/python3.12/site-packages/airflow/example_dags/example_branch_python_dop_operator_3.py took 0.121 seconds
