[2024-10-16T11:29:57.669+0000] {processor.py:186} INFO - Started process (PID=125585) to work on /home/airflow/.local/lib/python3.12/site-packages/airflow/example_dags/example_branch_labels.py
[2024-10-16T11:29:57.675+0000] {processor.py:914} INFO - Processing file /home/airflow/.local/lib/python3.12/site-packages/airflow/example_dags/example_branch_labels.py for tasks to queue
[2024-10-16T11:29:57.692+0000] {logging_mixin.py:190} INFO - [2024-10-16T11:29:57.691+0000] {dagbag.py:588} INFO - Filling up the DagBag from /home/airflow/.local/lib/python3.12/site-packages/airflow/example_dags/example_branch_labels.py
[2024-10-16T11:29:57.760+0000] {processor.py:925} INFO - DAG(s) 'example_branch_labels' retrieved from /home/airflow/.local/lib/python3.12/site-packages/airflow/example_dags/example_branch_labels.py
[2024-10-16T11:29:57.918+0000] {logging_mixin.py:190} INFO - [2024-10-16T11:29:57.917+0000] {dag.py:3239} INFO - Sync 1 DAGs
[2024-10-16T11:29:58.057+0000] {logging_mixin.py:190} INFO - [2024-10-16T11:29:58.057+0000] {dag.py:4180} INFO - Setting next_dagrun for example_branch_labels to 2024-10-15 00:00:00+00:00, run_after=2024-10-16 00:00:00+00:00
[2024-10-16T11:29:58.162+0000] {processor.py:208} INFO - Processing /home/airflow/.local/lib/python3.12/site-packages/airflow/example_dags/example_branch_labels.py took 0.515 seconds
[2024-10-16T11:30:28.695+0000] {processor.py:186} INFO - Started process (PID=125649) to work on /home/airflow/.local/lib/python3.12/site-packages/airflow/example_dags/example_branch_labels.py
[2024-10-16T11:30:28.696+0000] {processor.py:914} INFO - Processing file /home/airflow/.local/lib/python3.12/site-packages/airflow/example_dags/example_branch_labels.py for tasks to queue
[2024-10-16T11:30:28.697+0000] {logging_mixin.py:190} INFO - [2024-10-16T11:30:28.697+0000] {dagbag.py:588} INFO - Filling up the DagBag from /home/airflow/.local/lib/python3.12/site-packages/airflow/example_dags/example_branch_labels.py
[2024-10-16T11:30:28.706+0000] {processor.py:925} INFO - DAG(s) 'example_branch_labels' retrieved from /home/airflow/.local/lib/python3.12/site-packages/airflow/example_dags/example_branch_labels.py
[2024-10-16T11:30:28.725+0000] {logging_mixin.py:190} INFO - [2024-10-16T11:30:28.724+0000] {dag.py:3239} INFO - Sync 1 DAGs
[2024-10-16T11:30:28.748+0000] {logging_mixin.py:190} INFO - [2024-10-16T11:30:28.748+0000] {dag.py:4180} INFO - Setting next_dagrun for example_branch_labels to 2024-10-15 00:00:00+00:00, run_after=2024-10-16 00:00:00+00:00
[2024-10-16T11:30:28.763+0000] {processor.py:208} INFO - Processing /home/airflow/.local/lib/python3.12/site-packages/airflow/example_dags/example_branch_labels.py took 0.073 seconds
[2024-10-16T11:30:59.158+0000] {processor.py:186} INFO - Started process (PID=125712) to work on /home/airflow/.local/lib/python3.12/site-packages/airflow/example_dags/example_branch_labels.py
[2024-10-16T11:30:59.159+0000] {processor.py:914} INFO - Processing file /home/airflow/.local/lib/python3.12/site-packages/airflow/example_dags/example_branch_labels.py for tasks to queue
[2024-10-16T11:30:59.160+0000] {logging_mixin.py:190} INFO - [2024-10-16T11:30:59.160+0000] {dagbag.py:588} INFO - Filling up the DagBag from /home/airflow/.local/lib/python3.12/site-packages/airflow/example_dags/example_branch_labels.py
[2024-10-16T11:30:59.172+0000] {processor.py:925} INFO - DAG(s) 'example_branch_labels' retrieved from /home/airflow/.local/lib/python3.12/site-packages/airflow/example_dags/example_branch_labels.py
[2024-10-16T11:30:59.194+0000] {logging_mixin.py:190} INFO - [2024-10-16T11:30:59.194+0000] {dag.py:3239} INFO - Sync 1 DAGs
[2024-10-16T11:30:59.222+0000] {logging_mixin.py:190} INFO - [2024-10-16T11:30:59.222+0000] {dag.py:4180} INFO - Setting next_dagrun for example_branch_labels to 2024-10-15 00:00:00+00:00, run_after=2024-10-16 00:00:00+00:00
[2024-10-16T11:30:59.241+0000] {processor.py:208} INFO - Processing /home/airflow/.local/lib/python3.12/site-packages/airflow/example_dags/example_branch_labels.py took 0.090 seconds
[2024-10-16T11:31:29.839+0000] {processor.py:186} INFO - Started process (PID=125775) to work on /home/airflow/.local/lib/python3.12/site-packages/airflow/example_dags/example_branch_labels.py
[2024-10-16T11:31:29.840+0000] {processor.py:914} INFO - Processing file /home/airflow/.local/lib/python3.12/site-packages/airflow/example_dags/example_branch_labels.py for tasks to queue
[2024-10-16T11:31:29.841+0000] {logging_mixin.py:190} INFO - [2024-10-16T11:31:29.841+0000] {dagbag.py:588} INFO - Filling up the DagBag from /home/airflow/.local/lib/python3.12/site-packages/airflow/example_dags/example_branch_labels.py
[2024-10-16T11:31:29.848+0000] {processor.py:925} INFO - DAG(s) 'example_branch_labels' retrieved from /home/airflow/.local/lib/python3.12/site-packages/airflow/example_dags/example_branch_labels.py
[2024-10-16T11:31:29.868+0000] {logging_mixin.py:190} INFO - [2024-10-16T11:31:29.868+0000] {dag.py:3239} INFO - Sync 1 DAGs
[2024-10-16T11:31:29.889+0000] {logging_mixin.py:190} INFO - [2024-10-16T11:31:29.889+0000] {dag.py:4180} INFO - Setting next_dagrun for example_branch_labels to 2024-10-15 00:00:00+00:00, run_after=2024-10-16 00:00:00+00:00
[2024-10-16T11:31:29.908+0000] {processor.py:208} INFO - Processing /home/airflow/.local/lib/python3.12/site-packages/airflow/example_dags/example_branch_labels.py took 0.074 seconds
[2024-10-16T11:32:01.186+0000] {processor.py:186} INFO - Started process (PID=125838) to work on /home/airflow/.local/lib/python3.12/site-packages/airflow/example_dags/example_branch_labels.py
[2024-10-16T11:32:01.196+0000] {processor.py:914} INFO - Processing file /home/airflow/.local/lib/python3.12/site-packages/airflow/example_dags/example_branch_labels.py for tasks to queue
[2024-10-16T11:32:01.204+0000] {logging_mixin.py:190} INFO - [2024-10-16T11:32:01.203+0000] {dagbag.py:588} INFO - Filling up the DagBag from /home/airflow/.local/lib/python3.12/site-packages/airflow/example_dags/example_branch_labels.py
[2024-10-16T11:32:01.247+0000] {processor.py:925} INFO - DAG(s) 'example_branch_labels' retrieved from /home/airflow/.local/lib/python3.12/site-packages/airflow/example_dags/example_branch_labels.py
[2024-10-16T11:32:01.288+0000] {logging_mixin.py:190} INFO - [2024-10-16T11:32:01.288+0000] {dag.py:3239} INFO - Sync 1 DAGs
[2024-10-16T11:32:01.427+0000] {logging_mixin.py:190} INFO - [2024-10-16T11:32:01.419+0000] {dag.py:4180} INFO - Setting next_dagrun for example_branch_labels to 2024-10-15 00:00:00+00:00, run_after=2024-10-16 00:00:00+00:00
[2024-10-16T11:32:01.510+0000] {processor.py:208} INFO - Processing /home/airflow/.local/lib/python3.12/site-packages/airflow/example_dags/example_branch_labels.py took 0.345 seconds
[2024-10-16T11:32:31.827+0000] {processor.py:186} INFO - Started process (PID=125901) to work on /home/airflow/.local/lib/python3.12/site-packages/airflow/example_dags/example_branch_labels.py
[2024-10-16T11:32:31.828+0000] {processor.py:914} INFO - Processing file /home/airflow/.local/lib/python3.12/site-packages/airflow/example_dags/example_branch_labels.py for tasks to queue
[2024-10-16T11:32:31.830+0000] {logging_mixin.py:190} INFO - [2024-10-16T11:32:31.829+0000] {dagbag.py:588} INFO - Filling up the DagBag from /home/airflow/.local/lib/python3.12/site-packages/airflow/example_dags/example_branch_labels.py
[2024-10-16T11:32:31.839+0000] {processor.py:925} INFO - DAG(s) 'example_branch_labels' retrieved from /home/airflow/.local/lib/python3.12/site-packages/airflow/example_dags/example_branch_labels.py
[2024-10-16T11:32:31.855+0000] {logging_mixin.py:190} INFO - [2024-10-16T11:32:31.855+0000] {dag.py:3239} INFO - Sync 1 DAGs
[2024-10-16T11:32:31.879+0000] {logging_mixin.py:190} INFO - [2024-10-16T11:32:31.879+0000] {dag.py:4180} INFO - Setting next_dagrun for example_branch_labels to 2024-10-15 00:00:00+00:00, run_after=2024-10-16 00:00:00+00:00
[2024-10-16T11:32:31.897+0000] {processor.py:208} INFO - Processing /home/airflow/.local/lib/python3.12/site-packages/airflow/example_dags/example_branch_labels.py took 0.075 seconds
[2024-10-16T11:33:02.276+0000] {processor.py:186} INFO - Started process (PID=125964) to work on /home/airflow/.local/lib/python3.12/site-packages/airflow/example_dags/example_branch_labels.py
[2024-10-16T11:33:02.277+0000] {processor.py:914} INFO - Processing file /home/airflow/.local/lib/python3.12/site-packages/airflow/example_dags/example_branch_labels.py for tasks to queue
[2024-10-16T11:33:02.278+0000] {logging_mixin.py:190} INFO - [2024-10-16T11:33:02.278+0000] {dagbag.py:588} INFO - Filling up the DagBag from /home/airflow/.local/lib/python3.12/site-packages/airflow/example_dags/example_branch_labels.py
[2024-10-16T11:33:02.289+0000] {processor.py:925} INFO - DAG(s) 'example_branch_labels' retrieved from /home/airflow/.local/lib/python3.12/site-packages/airflow/example_dags/example_branch_labels.py
[2024-10-16T11:33:02.315+0000] {logging_mixin.py:190} INFO - [2024-10-16T11:33:02.315+0000] {dag.py:3239} INFO - Sync 1 DAGs
[2024-10-16T11:33:02.350+0000] {logging_mixin.py:190} INFO - [2024-10-16T11:33:02.350+0000] {dag.py:4180} INFO - Setting next_dagrun for example_branch_labels to 2024-10-15 00:00:00+00:00, run_after=2024-10-16 00:00:00+00:00
[2024-10-16T11:33:02.371+0000] {processor.py:208} INFO - Processing /home/airflow/.local/lib/python3.12/site-packages/airflow/example_dags/example_branch_labels.py took 0.102 seconds
[2024-10-16T11:33:32.605+0000] {processor.py:186} INFO - Started process (PID=126027) to work on /home/airflow/.local/lib/python3.12/site-packages/airflow/example_dags/example_branch_labels.py
[2024-10-16T11:33:32.607+0000] {processor.py:914} INFO - Processing file /home/airflow/.local/lib/python3.12/site-packages/airflow/example_dags/example_branch_labels.py for tasks to queue
[2024-10-16T11:33:32.609+0000] {logging_mixin.py:190} INFO - [2024-10-16T11:33:32.609+0000] {dagbag.py:588} INFO - Filling up the DagBag from /home/airflow/.local/lib/python3.12/site-packages/airflow/example_dags/example_branch_labels.py
[2024-10-16T11:33:32.621+0000] {processor.py:925} INFO - DAG(s) 'example_branch_labels' retrieved from /home/airflow/.local/lib/python3.12/site-packages/airflow/example_dags/example_branch_labels.py
[2024-10-16T11:33:32.644+0000] {logging_mixin.py:190} INFO - [2024-10-16T11:33:32.644+0000] {dag.py:3239} INFO - Sync 1 DAGs
[2024-10-16T11:33:32.668+0000] {logging_mixin.py:190} INFO - [2024-10-16T11:33:32.668+0000] {dag.py:4180} INFO - Setting next_dagrun for example_branch_labels to 2024-10-15 00:00:00+00:00, run_after=2024-10-16 00:00:00+00:00
[2024-10-16T11:33:32.686+0000] {processor.py:208} INFO - Processing /home/airflow/.local/lib/python3.12/site-packages/airflow/example_dags/example_branch_labels.py took 0.090 seconds
[2024-10-16T11:34:02.911+0000] {processor.py:186} INFO - Started process (PID=126090) to work on /home/airflow/.local/lib/python3.12/site-packages/airflow/example_dags/example_branch_labels.py
[2024-10-16T11:34:02.912+0000] {processor.py:914} INFO - Processing file /home/airflow/.local/lib/python3.12/site-packages/airflow/example_dags/example_branch_labels.py for tasks to queue
[2024-10-16T11:34:02.913+0000] {logging_mixin.py:190} INFO - [2024-10-16T11:34:02.913+0000] {dagbag.py:588} INFO - Filling up the DagBag from /home/airflow/.local/lib/python3.12/site-packages/airflow/example_dags/example_branch_labels.py
[2024-10-16T11:34:02.923+0000] {processor.py:925} INFO - DAG(s) 'example_branch_labels' retrieved from /home/airflow/.local/lib/python3.12/site-packages/airflow/example_dags/example_branch_labels.py
[2024-10-16T11:34:02.946+0000] {logging_mixin.py:190} INFO - [2024-10-16T11:34:02.946+0000] {dag.py:3239} INFO - Sync 1 DAGs
[2024-10-16T11:34:02.970+0000] {logging_mixin.py:190} INFO - [2024-10-16T11:34:02.970+0000] {dag.py:4180} INFO - Setting next_dagrun for example_branch_labels to 2024-10-15 00:00:00+00:00, run_after=2024-10-16 00:00:00+00:00
[2024-10-16T11:34:02.990+0000] {processor.py:208} INFO - Processing /home/airflow/.local/lib/python3.12/site-packages/airflow/example_dags/example_branch_labels.py took 0.085 seconds
[2024-10-16T11:34:33.245+0000] {processor.py:186} INFO - Started process (PID=126154) to work on /home/airflow/.local/lib/python3.12/site-packages/airflow/example_dags/example_branch_labels.py
[2024-10-16T11:34:33.246+0000] {processor.py:914} INFO - Processing file /home/airflow/.local/lib/python3.12/site-packages/airflow/example_dags/example_branch_labels.py for tasks to queue
[2024-10-16T11:34:33.248+0000] {logging_mixin.py:190} INFO - [2024-10-16T11:34:33.247+0000] {dagbag.py:588} INFO - Filling up the DagBag from /home/airflow/.local/lib/python3.12/site-packages/airflow/example_dags/example_branch_labels.py
[2024-10-16T11:34:33.256+0000] {processor.py:925} INFO - DAG(s) 'example_branch_labels' retrieved from /home/airflow/.local/lib/python3.12/site-packages/airflow/example_dags/example_branch_labels.py
[2024-10-16T11:34:33.276+0000] {logging_mixin.py:190} INFO - [2024-10-16T11:34:33.275+0000] {dag.py:3239} INFO - Sync 1 DAGs
[2024-10-16T11:34:33.304+0000] {logging_mixin.py:190} INFO - [2024-10-16T11:34:33.303+0000] {dag.py:4180} INFO - Setting next_dagrun for example_branch_labels to 2024-10-15 00:00:00+00:00, run_after=2024-10-16 00:00:00+00:00
[2024-10-16T11:34:33.321+0000] {processor.py:208} INFO - Processing /home/airflow/.local/lib/python3.12/site-packages/airflow/example_dags/example_branch_labels.py took 0.081 seconds
[2024-10-16T11:35:03.463+0000] {processor.py:186} INFO - Started process (PID=126217) to work on /home/airflow/.local/lib/python3.12/site-packages/airflow/example_dags/example_branch_labels.py
[2024-10-16T11:35:03.464+0000] {processor.py:914} INFO - Processing file /home/airflow/.local/lib/python3.12/site-packages/airflow/example_dags/example_branch_labels.py for tasks to queue
[2024-10-16T11:35:03.466+0000] {logging_mixin.py:190} INFO - [2024-10-16T11:35:03.465+0000] {dagbag.py:588} INFO - Filling up the DagBag from /home/airflow/.local/lib/python3.12/site-packages/airflow/example_dags/example_branch_labels.py
[2024-10-16T11:35:03.476+0000] {processor.py:925} INFO - DAG(s) 'example_branch_labels' retrieved from /home/airflow/.local/lib/python3.12/site-packages/airflow/example_dags/example_branch_labels.py
[2024-10-16T11:35:03.496+0000] {logging_mixin.py:190} INFO - [2024-10-16T11:35:03.496+0000] {dag.py:3239} INFO - Sync 1 DAGs
[2024-10-16T11:35:03.520+0000] {logging_mixin.py:190} INFO - [2024-10-16T11:35:03.520+0000] {dag.py:4180} INFO - Setting next_dagrun for example_branch_labels to 2024-10-15 00:00:00+00:00, run_after=2024-10-16 00:00:00+00:00
[2024-10-16T11:35:03.538+0000] {processor.py:208} INFO - Processing /home/airflow/.local/lib/python3.12/site-packages/airflow/example_dags/example_branch_labels.py took 0.080 seconds
[2024-10-16T11:35:34.032+0000] {processor.py:186} INFO - Started process (PID=126280) to work on /home/airflow/.local/lib/python3.12/site-packages/airflow/example_dags/example_branch_labels.py
[2024-10-16T11:35:34.033+0000] {processor.py:914} INFO - Processing file /home/airflow/.local/lib/python3.12/site-packages/airflow/example_dags/example_branch_labels.py for tasks to queue
[2024-10-16T11:35:34.034+0000] {logging_mixin.py:190} INFO - [2024-10-16T11:35:34.034+0000] {dagbag.py:588} INFO - Filling up the DagBag from /home/airflow/.local/lib/python3.12/site-packages/airflow/example_dags/example_branch_labels.py
[2024-10-16T11:35:34.043+0000] {processor.py:925} INFO - DAG(s) 'example_branch_labels' retrieved from /home/airflow/.local/lib/python3.12/site-packages/airflow/example_dags/example_branch_labels.py
[2024-10-16T11:35:34.064+0000] {logging_mixin.py:190} INFO - [2024-10-16T11:35:34.064+0000] {dag.py:3239} INFO - Sync 1 DAGs
[2024-10-16T11:35:34.088+0000] {logging_mixin.py:190} INFO - [2024-10-16T11:35:34.088+0000] {dag.py:4180} INFO - Setting next_dagrun for example_branch_labels to 2024-10-15 00:00:00+00:00, run_after=2024-10-16 00:00:00+00:00
[2024-10-16T11:35:34.104+0000] {processor.py:208} INFO - Processing /home/airflow/.local/lib/python3.12/site-packages/airflow/example_dags/example_branch_labels.py took 0.077 seconds
[2024-10-16T11:36:04.705+0000] {processor.py:186} INFO - Started process (PID=126343) to work on /home/airflow/.local/lib/python3.12/site-packages/airflow/example_dags/example_branch_labels.py
[2024-10-16T11:36:04.707+0000] {processor.py:914} INFO - Processing file /home/airflow/.local/lib/python3.12/site-packages/airflow/example_dags/example_branch_labels.py for tasks to queue
[2024-10-16T11:36:04.708+0000] {logging_mixin.py:190} INFO - [2024-10-16T11:36:04.708+0000] {dagbag.py:588} INFO - Filling up the DagBag from /home/airflow/.local/lib/python3.12/site-packages/airflow/example_dags/example_branch_labels.py
[2024-10-16T11:36:04.721+0000] {processor.py:925} INFO - DAG(s) 'example_branch_labels' retrieved from /home/airflow/.local/lib/python3.12/site-packages/airflow/example_dags/example_branch_labels.py
[2024-10-16T11:36:04.753+0000] {logging_mixin.py:190} INFO - [2024-10-16T11:36:04.753+0000] {dag.py:3239} INFO - Sync 1 DAGs
[2024-10-16T11:36:04.794+0000] {logging_mixin.py:190} INFO - [2024-10-16T11:36:04.794+0000] {dag.py:4180} INFO - Setting next_dagrun for example_branch_labels to 2024-10-15 00:00:00+00:00, run_after=2024-10-16 00:00:00+00:00
[2024-10-16T11:36:04.821+0000] {processor.py:208} INFO - Processing /home/airflow/.local/lib/python3.12/site-packages/airflow/example_dags/example_branch_labels.py took 0.124 seconds
[2024-10-16T11:36:35.264+0000] {processor.py:186} INFO - Started process (PID=126407) to work on /home/airflow/.local/lib/python3.12/site-packages/airflow/example_dags/example_branch_labels.py
[2024-10-16T11:36:35.264+0000] {processor.py:914} INFO - Processing file /home/airflow/.local/lib/python3.12/site-packages/airflow/example_dags/example_branch_labels.py for tasks to queue
[2024-10-16T11:36:35.266+0000] {logging_mixin.py:190} INFO - [2024-10-16T11:36:35.265+0000] {dagbag.py:588} INFO - Filling up the DagBag from /home/airflow/.local/lib/python3.12/site-packages/airflow/example_dags/example_branch_labels.py
[2024-10-16T11:36:35.274+0000] {processor.py:925} INFO - DAG(s) 'example_branch_labels' retrieved from /home/airflow/.local/lib/python3.12/site-packages/airflow/example_dags/example_branch_labels.py
[2024-10-16T11:36:35.295+0000] {logging_mixin.py:190} INFO - [2024-10-16T11:36:35.295+0000] {dag.py:3239} INFO - Sync 1 DAGs
[2024-10-16T11:36:35.318+0000] {logging_mixin.py:190} INFO - [2024-10-16T11:36:35.317+0000] {dag.py:4180} INFO - Setting next_dagrun for example_branch_labels to 2024-10-15 00:00:00+00:00, run_after=2024-10-16 00:00:00+00:00
[2024-10-16T11:36:35.338+0000] {processor.py:208} INFO - Processing /home/airflow/.local/lib/python3.12/site-packages/airflow/example_dags/example_branch_labels.py took 0.079 seconds
[2024-10-16T11:37:05.663+0000] {processor.py:186} INFO - Started process (PID=126470) to work on /home/airflow/.local/lib/python3.12/site-packages/airflow/example_dags/example_branch_labels.py
[2024-10-16T11:37:05.664+0000] {processor.py:914} INFO - Processing file /home/airflow/.local/lib/python3.12/site-packages/airflow/example_dags/example_branch_labels.py for tasks to queue
[2024-10-16T11:37:05.665+0000] {logging_mixin.py:190} INFO - [2024-10-16T11:37:05.665+0000] {dagbag.py:588} INFO - Filling up the DagBag from /home/airflow/.local/lib/python3.12/site-packages/airflow/example_dags/example_branch_labels.py
[2024-10-16T11:37:05.674+0000] {processor.py:925} INFO - DAG(s) 'example_branch_labels' retrieved from /home/airflow/.local/lib/python3.12/site-packages/airflow/example_dags/example_branch_labels.py
[2024-10-16T11:37:05.693+0000] {logging_mixin.py:190} INFO - [2024-10-16T11:37:05.693+0000] {dag.py:3239} INFO - Sync 1 DAGs
[2024-10-16T11:37:05.715+0000] {logging_mixin.py:190} INFO - [2024-10-16T11:37:05.715+0000] {dag.py:4180} INFO - Setting next_dagrun for example_branch_labels to 2024-10-15 00:00:00+00:00, run_after=2024-10-16 00:00:00+00:00
[2024-10-16T11:37:05.732+0000] {processor.py:208} INFO - Processing /home/airflow/.local/lib/python3.12/site-packages/airflow/example_dags/example_branch_labels.py took 0.074 seconds
[2024-10-16T11:37:36.123+0000] {processor.py:186} INFO - Started process (PID=126533) to work on /home/airflow/.local/lib/python3.12/site-packages/airflow/example_dags/example_branch_labels.py
[2024-10-16T11:37:36.124+0000] {processor.py:914} INFO - Processing file /home/airflow/.local/lib/python3.12/site-packages/airflow/example_dags/example_branch_labels.py for tasks to queue
[2024-10-16T11:37:36.125+0000] {logging_mixin.py:190} INFO - [2024-10-16T11:37:36.125+0000] {dagbag.py:588} INFO - Filling up the DagBag from /home/airflow/.local/lib/python3.12/site-packages/airflow/example_dags/example_branch_labels.py
[2024-10-16T11:37:36.135+0000] {processor.py:925} INFO - DAG(s) 'example_branch_labels' retrieved from /home/airflow/.local/lib/python3.12/site-packages/airflow/example_dags/example_branch_labels.py
[2024-10-16T11:37:36.156+0000] {logging_mixin.py:190} INFO - [2024-10-16T11:37:36.156+0000] {dag.py:3239} INFO - Sync 1 DAGs
[2024-10-16T11:37:36.193+0000] {logging_mixin.py:190} INFO - [2024-10-16T11:37:36.193+0000] {dag.py:4180} INFO - Setting next_dagrun for example_branch_labels to 2024-10-15 00:00:00+00:00, run_after=2024-10-16 00:00:00+00:00
[2024-10-16T11:37:36.214+0000] {processor.py:208} INFO - Processing /home/airflow/.local/lib/python3.12/site-packages/airflow/example_dags/example_branch_labels.py took 0.096 seconds
[2024-10-16T11:38:06.374+0000] {processor.py:186} INFO - Started process (PID=126596) to work on /home/airflow/.local/lib/python3.12/site-packages/airflow/example_dags/example_branch_labels.py
[2024-10-16T11:38:06.375+0000] {processor.py:914} INFO - Processing file /home/airflow/.local/lib/python3.12/site-packages/airflow/example_dags/example_branch_labels.py for tasks to queue
[2024-10-16T11:38:06.376+0000] {logging_mixin.py:190} INFO - [2024-10-16T11:38:06.376+0000] {dagbag.py:588} INFO - Filling up the DagBag from /home/airflow/.local/lib/python3.12/site-packages/airflow/example_dags/example_branch_labels.py
[2024-10-16T11:38:06.387+0000] {processor.py:925} INFO - DAG(s) 'example_branch_labels' retrieved from /home/airflow/.local/lib/python3.12/site-packages/airflow/example_dags/example_branch_labels.py
[2024-10-16T11:38:06.409+0000] {logging_mixin.py:190} INFO - [2024-10-16T11:38:06.409+0000] {dag.py:3239} INFO - Sync 1 DAGs
[2024-10-16T11:38:06.445+0000] {logging_mixin.py:190} INFO - [2024-10-16T11:38:06.445+0000] {dag.py:4180} INFO - Setting next_dagrun for example_branch_labels to 2024-10-15 00:00:00+00:00, run_after=2024-10-16 00:00:00+00:00
[2024-10-16T11:38:06.464+0000] {processor.py:208} INFO - Processing /home/airflow/.local/lib/python3.12/site-packages/airflow/example_dags/example_branch_labels.py took 0.096 seconds
[2024-10-16T11:38:37.064+0000] {processor.py:186} INFO - Started process (PID=126660) to work on /home/airflow/.local/lib/python3.12/site-packages/airflow/example_dags/example_branch_labels.py
[2024-10-16T11:38:37.065+0000] {processor.py:914} INFO - Processing file /home/airflow/.local/lib/python3.12/site-packages/airflow/example_dags/example_branch_labels.py for tasks to queue
[2024-10-16T11:38:37.066+0000] {logging_mixin.py:190} INFO - [2024-10-16T11:38:37.066+0000] {dagbag.py:588} INFO - Filling up the DagBag from /home/airflow/.local/lib/python3.12/site-packages/airflow/example_dags/example_branch_labels.py
[2024-10-16T11:38:37.077+0000] {processor.py:925} INFO - DAG(s) 'example_branch_labels' retrieved from /home/airflow/.local/lib/python3.12/site-packages/airflow/example_dags/example_branch_labels.py
[2024-10-16T11:38:37.105+0000] {logging_mixin.py:190} INFO - [2024-10-16T11:38:37.104+0000] {dag.py:3239} INFO - Sync 1 DAGs
[2024-10-16T11:38:37.136+0000] {logging_mixin.py:190} INFO - [2024-10-16T11:38:37.135+0000] {dag.py:4180} INFO - Setting next_dagrun for example_branch_labels to 2024-10-15 00:00:00+00:00, run_after=2024-10-16 00:00:00+00:00
[2024-10-16T11:38:37.161+0000] {processor.py:208} INFO - Processing /home/airflow/.local/lib/python3.12/site-packages/airflow/example_dags/example_branch_labels.py took 0.103 seconds
[2024-10-16T11:39:08.008+0000] {processor.py:186} INFO - Started process (PID=126722) to work on /home/airflow/.local/lib/python3.12/site-packages/airflow/example_dags/example_branch_labels.py
[2024-10-16T11:39:08.009+0000] {processor.py:914} INFO - Processing file /home/airflow/.local/lib/python3.12/site-packages/airflow/example_dags/example_branch_labels.py for tasks to queue
[2024-10-16T11:39:08.010+0000] {logging_mixin.py:190} INFO - [2024-10-16T11:39:08.010+0000] {dagbag.py:588} INFO - Filling up the DagBag from /home/airflow/.local/lib/python3.12/site-packages/airflow/example_dags/example_branch_labels.py
[2024-10-16T11:39:08.020+0000] {processor.py:925} INFO - DAG(s) 'example_branch_labels' retrieved from /home/airflow/.local/lib/python3.12/site-packages/airflow/example_dags/example_branch_labels.py
[2024-10-16T11:39:08.043+0000] {logging_mixin.py:190} INFO - [2024-10-16T11:39:08.043+0000] {dag.py:3239} INFO - Sync 1 DAGs
[2024-10-16T11:39:08.070+0000] {logging_mixin.py:190} INFO - [2024-10-16T11:39:08.070+0000] {dag.py:4180} INFO - Setting next_dagrun for example_branch_labels to 2024-10-15 00:00:00+00:00, run_after=2024-10-16 00:00:00+00:00
[2024-10-16T11:39:08.091+0000] {processor.py:208} INFO - Processing /home/airflow/.local/lib/python3.12/site-packages/airflow/example_dags/example_branch_labels.py took 0.089 seconds
[2024-10-16T11:39:38.843+0000] {processor.py:186} INFO - Started process (PID=126785) to work on /home/airflow/.local/lib/python3.12/site-packages/airflow/example_dags/example_branch_labels.py
[2024-10-16T11:39:38.844+0000] {processor.py:914} INFO - Processing file /home/airflow/.local/lib/python3.12/site-packages/airflow/example_dags/example_branch_labels.py for tasks to queue
[2024-10-16T11:39:38.845+0000] {logging_mixin.py:190} INFO - [2024-10-16T11:39:38.845+0000] {dagbag.py:588} INFO - Filling up the DagBag from /home/airflow/.local/lib/python3.12/site-packages/airflow/example_dags/example_branch_labels.py
[2024-10-16T11:39:38.856+0000] {processor.py:925} INFO - DAG(s) 'example_branch_labels' retrieved from /home/airflow/.local/lib/python3.12/site-packages/airflow/example_dags/example_branch_labels.py
[2024-10-16T11:39:38.879+0000] {logging_mixin.py:190} INFO - [2024-10-16T11:39:38.879+0000] {dag.py:3239} INFO - Sync 1 DAGs
[2024-10-16T11:39:38.909+0000] {logging_mixin.py:190} INFO - [2024-10-16T11:39:38.908+0000] {dag.py:4180} INFO - Setting next_dagrun for example_branch_labels to 2024-10-15 00:00:00+00:00, run_after=2024-10-16 00:00:00+00:00
[2024-10-16T11:39:38.929+0000] {processor.py:208} INFO - Processing /home/airflow/.local/lib/python3.12/site-packages/airflow/example_dags/example_branch_labels.py took 0.093 seconds
[2024-10-16T11:40:09.599+0000] {processor.py:186} INFO - Started process (PID=126848) to work on /home/airflow/.local/lib/python3.12/site-packages/airflow/example_dags/example_branch_labels.py
[2024-10-16T11:40:09.600+0000] {processor.py:914} INFO - Processing file /home/airflow/.local/lib/python3.12/site-packages/airflow/example_dags/example_branch_labels.py for tasks to queue
[2024-10-16T11:40:09.601+0000] {logging_mixin.py:190} INFO - [2024-10-16T11:40:09.601+0000] {dagbag.py:588} INFO - Filling up the DagBag from /home/airflow/.local/lib/python3.12/site-packages/airflow/example_dags/example_branch_labels.py
[2024-10-16T11:40:09.615+0000] {processor.py:925} INFO - DAG(s) 'example_branch_labels' retrieved from /home/airflow/.local/lib/python3.12/site-packages/airflow/example_dags/example_branch_labels.py
[2024-10-16T11:40:09.639+0000] {logging_mixin.py:190} INFO - [2024-10-16T11:40:09.639+0000] {dag.py:3239} INFO - Sync 1 DAGs
[2024-10-16T11:40:09.665+0000] {logging_mixin.py:190} INFO - [2024-10-16T11:40:09.665+0000] {dag.py:4180} INFO - Setting next_dagrun for example_branch_labels to 2024-10-15 00:00:00+00:00, run_after=2024-10-16 00:00:00+00:00
[2024-10-16T11:40:09.684+0000] {processor.py:208} INFO - Processing /home/airflow/.local/lib/python3.12/site-packages/airflow/example_dags/example_branch_labels.py took 0.092 seconds
[2024-10-16T11:40:39.890+0000] {processor.py:186} INFO - Started process (PID=126910) to work on /home/airflow/.local/lib/python3.12/site-packages/airflow/example_dags/example_branch_labels.py
[2024-10-16T11:40:39.892+0000] {processor.py:914} INFO - Processing file /home/airflow/.local/lib/python3.12/site-packages/airflow/example_dags/example_branch_labels.py for tasks to queue
[2024-10-16T11:40:39.893+0000] {logging_mixin.py:190} INFO - [2024-10-16T11:40:39.893+0000] {dagbag.py:588} INFO - Filling up the DagBag from /home/airflow/.local/lib/python3.12/site-packages/airflow/example_dags/example_branch_labels.py
[2024-10-16T11:40:39.904+0000] {processor.py:925} INFO - DAG(s) 'example_branch_labels' retrieved from /home/airflow/.local/lib/python3.12/site-packages/airflow/example_dags/example_branch_labels.py
[2024-10-16T11:40:39.927+0000] {logging_mixin.py:190} INFO - [2024-10-16T11:40:39.927+0000] {dag.py:3239} INFO - Sync 1 DAGs
[2024-10-16T11:40:39.954+0000] {logging_mixin.py:190} INFO - [2024-10-16T11:40:39.954+0000] {dag.py:4180} INFO - Setting next_dagrun for example_branch_labels to 2024-10-15 00:00:00+00:00, run_after=2024-10-16 00:00:00+00:00
[2024-10-16T11:40:39.975+0000] {processor.py:208} INFO - Processing /home/airflow/.local/lib/python3.12/site-packages/airflow/example_dags/example_branch_labels.py took 0.091 seconds
[2024-10-16T11:41:10.097+0000] {processor.py:186} INFO - Started process (PID=126973) to work on /home/airflow/.local/lib/python3.12/site-packages/airflow/example_dags/example_branch_labels.py
[2024-10-16T11:41:10.099+0000] {processor.py:914} INFO - Processing file /home/airflow/.local/lib/python3.12/site-packages/airflow/example_dags/example_branch_labels.py for tasks to queue
[2024-10-16T11:41:10.100+0000] {logging_mixin.py:190} INFO - [2024-10-16T11:41:10.100+0000] {dagbag.py:588} INFO - Filling up the DagBag from /home/airflow/.local/lib/python3.12/site-packages/airflow/example_dags/example_branch_labels.py
[2024-10-16T11:41:10.110+0000] {processor.py:925} INFO - DAG(s) 'example_branch_labels' retrieved from /home/airflow/.local/lib/python3.12/site-packages/airflow/example_dags/example_branch_labels.py
[2024-10-16T11:41:10.132+0000] {logging_mixin.py:190} INFO - [2024-10-16T11:41:10.132+0000] {dag.py:3239} INFO - Sync 1 DAGs
[2024-10-16T11:41:10.159+0000] {logging_mixin.py:190} INFO - [2024-10-16T11:41:10.159+0000] {dag.py:4180} INFO - Setting next_dagrun for example_branch_labels to 2024-10-15 00:00:00+00:00, run_after=2024-10-16 00:00:00+00:00
[2024-10-16T11:41:10.178+0000] {processor.py:208} INFO - Processing /home/airflow/.local/lib/python3.12/site-packages/airflow/example_dags/example_branch_labels.py took 0.086 seconds
[2024-10-16T11:41:40.475+0000] {processor.py:186} INFO - Started process (PID=127036) to work on /home/airflow/.local/lib/python3.12/site-packages/airflow/example_dags/example_branch_labels.py
[2024-10-16T11:41:40.476+0000] {processor.py:914} INFO - Processing file /home/airflow/.local/lib/python3.12/site-packages/airflow/example_dags/example_branch_labels.py for tasks to queue
[2024-10-16T11:41:40.477+0000] {logging_mixin.py:190} INFO - [2024-10-16T11:41:40.477+0000] {dagbag.py:588} INFO - Filling up the DagBag from /home/airflow/.local/lib/python3.12/site-packages/airflow/example_dags/example_branch_labels.py
[2024-10-16T11:41:40.488+0000] {processor.py:925} INFO - DAG(s) 'example_branch_labels' retrieved from /home/airflow/.local/lib/python3.12/site-packages/airflow/example_dags/example_branch_labels.py
[2024-10-16T11:41:40.513+0000] {logging_mixin.py:190} INFO - [2024-10-16T11:41:40.513+0000] {dag.py:3239} INFO - Sync 1 DAGs
[2024-10-16T11:41:40.541+0000] {logging_mixin.py:190} INFO - [2024-10-16T11:41:40.541+0000] {dag.py:4180} INFO - Setting next_dagrun for example_branch_labels to 2024-10-15 00:00:00+00:00, run_after=2024-10-16 00:00:00+00:00
[2024-10-16T11:41:40.562+0000] {processor.py:208} INFO - Processing /home/airflow/.local/lib/python3.12/site-packages/airflow/example_dags/example_branch_labels.py took 0.094 seconds
[2024-10-16T11:42:11.465+0000] {processor.py:186} INFO - Started process (PID=127099) to work on /home/airflow/.local/lib/python3.12/site-packages/airflow/example_dags/example_branch_labels.py
[2024-10-16T11:42:11.466+0000] {processor.py:914} INFO - Processing file /home/airflow/.local/lib/python3.12/site-packages/airflow/example_dags/example_branch_labels.py for tasks to queue
[2024-10-16T11:42:11.467+0000] {logging_mixin.py:190} INFO - [2024-10-16T11:42:11.467+0000] {dagbag.py:588} INFO - Filling up the DagBag from /home/airflow/.local/lib/python3.12/site-packages/airflow/example_dags/example_branch_labels.py
[2024-10-16T11:42:11.479+0000] {processor.py:925} INFO - DAG(s) 'example_branch_labels' retrieved from /home/airflow/.local/lib/python3.12/site-packages/airflow/example_dags/example_branch_labels.py
[2024-10-16T11:42:11.502+0000] {logging_mixin.py:190} INFO - [2024-10-16T11:42:11.501+0000] {dag.py:3239} INFO - Sync 1 DAGs
[2024-10-16T11:42:11.532+0000] {logging_mixin.py:190} INFO - [2024-10-16T11:42:11.531+0000] {dag.py:4180} INFO - Setting next_dagrun for example_branch_labels to 2024-10-15 00:00:00+00:00, run_after=2024-10-16 00:00:00+00:00
[2024-10-16T11:42:11.552+0000] {processor.py:208} INFO - Processing /home/airflow/.local/lib/python3.12/site-packages/airflow/example_dags/example_branch_labels.py took 0.093 seconds
[2024-10-16T11:42:41.597+0000] {processor.py:186} INFO - Started process (PID=127161) to work on /home/airflow/.local/lib/python3.12/site-packages/airflow/example_dags/example_branch_labels.py
[2024-10-16T11:42:41.598+0000] {processor.py:914} INFO - Processing file /home/airflow/.local/lib/python3.12/site-packages/airflow/example_dags/example_branch_labels.py for tasks to queue
[2024-10-16T11:42:41.599+0000] {logging_mixin.py:190} INFO - [2024-10-16T11:42:41.599+0000] {dagbag.py:588} INFO - Filling up the DagBag from /home/airflow/.local/lib/python3.12/site-packages/airflow/example_dags/example_branch_labels.py
[2024-10-16T11:42:41.610+0000] {processor.py:925} INFO - DAG(s) 'example_branch_labels' retrieved from /home/airflow/.local/lib/python3.12/site-packages/airflow/example_dags/example_branch_labels.py
[2024-10-16T11:42:41.637+0000] {logging_mixin.py:190} INFO - [2024-10-16T11:42:41.636+0000] {dag.py:3239} INFO - Sync 1 DAGs
[2024-10-16T11:42:41.664+0000] {logging_mixin.py:190} INFO - [2024-10-16T11:42:41.663+0000] {dag.py:4180} INFO - Setting next_dagrun for example_branch_labels to 2024-10-15 00:00:00+00:00, run_after=2024-10-16 00:00:00+00:00
[2024-10-16T11:42:41.683+0000] {processor.py:208} INFO - Processing /home/airflow/.local/lib/python3.12/site-packages/airflow/example_dags/example_branch_labels.py took 0.093 seconds
[2024-10-16T11:43:12.371+0000] {processor.py:186} INFO - Started process (PID=127225) to work on /home/airflow/.local/lib/python3.12/site-packages/airflow/example_dags/example_branch_labels.py
[2024-10-16T11:43:12.372+0000] {processor.py:914} INFO - Processing file /home/airflow/.local/lib/python3.12/site-packages/airflow/example_dags/example_branch_labels.py for tasks to queue
[2024-10-16T11:43:12.374+0000] {logging_mixin.py:190} INFO - [2024-10-16T11:43:12.373+0000] {dagbag.py:588} INFO - Filling up the DagBag from /home/airflow/.local/lib/python3.12/site-packages/airflow/example_dags/example_branch_labels.py
[2024-10-16T11:43:12.388+0000] {processor.py:925} INFO - DAG(s) 'example_branch_labels' retrieved from /home/airflow/.local/lib/python3.12/site-packages/airflow/example_dags/example_branch_labels.py
[2024-10-16T11:43:12.415+0000] {logging_mixin.py:190} INFO - [2024-10-16T11:43:12.415+0000] {dag.py:3239} INFO - Sync 1 DAGs
[2024-10-16T11:43:12.442+0000] {logging_mixin.py:190} INFO - [2024-10-16T11:43:12.442+0000] {dag.py:4180} INFO - Setting next_dagrun for example_branch_labels to 2024-10-15 00:00:00+00:00, run_after=2024-10-16 00:00:00+00:00
[2024-10-16T11:43:12.465+0000] {processor.py:208} INFO - Processing /home/airflow/.local/lib/python3.12/site-packages/airflow/example_dags/example_branch_labels.py took 0.101 seconds
[2024-10-16T11:43:42.634+0000] {processor.py:186} INFO - Started process (PID=127288) to work on /home/airflow/.local/lib/python3.12/site-packages/airflow/example_dags/example_branch_labels.py
[2024-10-16T11:43:42.635+0000] {processor.py:914} INFO - Processing file /home/airflow/.local/lib/python3.12/site-packages/airflow/example_dags/example_branch_labels.py for tasks to queue
[2024-10-16T11:43:42.636+0000] {logging_mixin.py:190} INFO - [2024-10-16T11:43:42.636+0000] {dagbag.py:588} INFO - Filling up the DagBag from /home/airflow/.local/lib/python3.12/site-packages/airflow/example_dags/example_branch_labels.py
[2024-10-16T11:43:42.647+0000] {processor.py:925} INFO - DAG(s) 'example_branch_labels' retrieved from /home/airflow/.local/lib/python3.12/site-packages/airflow/example_dags/example_branch_labels.py
[2024-10-16T11:43:42.670+0000] {logging_mixin.py:190} INFO - [2024-10-16T11:43:42.669+0000] {dag.py:3239} INFO - Sync 1 DAGs
[2024-10-16T11:43:42.699+0000] {logging_mixin.py:190} INFO - [2024-10-16T11:43:42.699+0000] {dag.py:4180} INFO - Setting next_dagrun for example_branch_labels to 2024-10-15 00:00:00+00:00, run_after=2024-10-16 00:00:00+00:00
[2024-10-16T11:43:42.720+0000] {processor.py:208} INFO - Processing /home/airflow/.local/lib/python3.12/site-packages/airflow/example_dags/example_branch_labels.py took 0.093 seconds
[2024-10-16T11:44:12.862+0000] {processor.py:186} INFO - Started process (PID=127351) to work on /home/airflow/.local/lib/python3.12/site-packages/airflow/example_dags/example_branch_labels.py
[2024-10-16T11:44:12.863+0000] {processor.py:914} INFO - Processing file /home/airflow/.local/lib/python3.12/site-packages/airflow/example_dags/example_branch_labels.py for tasks to queue
[2024-10-16T11:44:12.865+0000] {logging_mixin.py:190} INFO - [2024-10-16T11:44:12.864+0000] {dagbag.py:588} INFO - Filling up the DagBag from /home/airflow/.local/lib/python3.12/site-packages/airflow/example_dags/example_branch_labels.py
[2024-10-16T11:44:12.875+0000] {processor.py:925} INFO - DAG(s) 'example_branch_labels' retrieved from /home/airflow/.local/lib/python3.12/site-packages/airflow/example_dags/example_branch_labels.py
[2024-10-16T11:44:12.898+0000] {logging_mixin.py:190} INFO - [2024-10-16T11:44:12.898+0000] {dag.py:3239} INFO - Sync 1 DAGs
[2024-10-16T11:44:12.924+0000] {logging_mixin.py:190} INFO - [2024-10-16T11:44:12.924+0000] {dag.py:4180} INFO - Setting next_dagrun for example_branch_labels to 2024-10-15 00:00:00+00:00, run_after=2024-10-16 00:00:00+00:00
[2024-10-16T11:44:12.945+0000] {processor.py:208} INFO - Processing /home/airflow/.local/lib/python3.12/site-packages/airflow/example_dags/example_branch_labels.py took 0.093 seconds
[2024-10-16T11:44:43.509+0000] {processor.py:186} INFO - Started process (PID=127415) to work on /home/airflow/.local/lib/python3.12/site-packages/airflow/example_dags/example_branch_labels.py
[2024-10-16T11:44:43.510+0000] {processor.py:914} INFO - Processing file /home/airflow/.local/lib/python3.12/site-packages/airflow/example_dags/example_branch_labels.py for tasks to queue
[2024-10-16T11:44:43.512+0000] {logging_mixin.py:190} INFO - [2024-10-16T11:44:43.511+0000] {dagbag.py:588} INFO - Filling up the DagBag from /home/airflow/.local/lib/python3.12/site-packages/airflow/example_dags/example_branch_labels.py
[2024-10-16T11:44:43.522+0000] {processor.py:925} INFO - DAG(s) 'example_branch_labels' retrieved from /home/airflow/.local/lib/python3.12/site-packages/airflow/example_dags/example_branch_labels.py
[2024-10-16T11:44:43.547+0000] {logging_mixin.py:190} INFO - [2024-10-16T11:44:43.546+0000] {dag.py:3239} INFO - Sync 1 DAGs
[2024-10-16T11:44:43.573+0000] {logging_mixin.py:190} INFO - [2024-10-16T11:44:43.572+0000] {dag.py:4180} INFO - Setting next_dagrun for example_branch_labels to 2024-10-15 00:00:00+00:00, run_after=2024-10-16 00:00:00+00:00
[2024-10-16T11:44:43.591+0000] {processor.py:208} INFO - Processing /home/airflow/.local/lib/python3.12/site-packages/airflow/example_dags/example_branch_labels.py took 0.088 seconds
[2024-10-16T11:45:13.871+0000] {processor.py:186} INFO - Started process (PID=127478) to work on /home/airflow/.local/lib/python3.12/site-packages/airflow/example_dags/example_branch_labels.py
[2024-10-16T11:45:13.872+0000] {processor.py:914} INFO - Processing file /home/airflow/.local/lib/python3.12/site-packages/airflow/example_dags/example_branch_labels.py for tasks to queue
[2024-10-16T11:45:13.874+0000] {logging_mixin.py:190} INFO - [2024-10-16T11:45:13.873+0000] {dagbag.py:588} INFO - Filling up the DagBag from /home/airflow/.local/lib/python3.12/site-packages/airflow/example_dags/example_branch_labels.py
[2024-10-16T11:45:13.886+0000] {processor.py:925} INFO - DAG(s) 'example_branch_labels' retrieved from /home/airflow/.local/lib/python3.12/site-packages/airflow/example_dags/example_branch_labels.py
[2024-10-16T11:45:13.906+0000] {logging_mixin.py:190} INFO - [2024-10-16T11:45:13.906+0000] {dag.py:3239} INFO - Sync 1 DAGs
[2024-10-16T11:45:13.933+0000] {logging_mixin.py:190} INFO - [2024-10-16T11:45:13.933+0000] {dag.py:4180} INFO - Setting next_dagrun for example_branch_labels to 2024-10-15 00:00:00+00:00, run_after=2024-10-16 00:00:00+00:00
[2024-10-16T11:45:13.952+0000] {processor.py:208} INFO - Processing /home/airflow/.local/lib/python3.12/site-packages/airflow/example_dags/example_branch_labels.py took 0.088 seconds
[2024-10-16T11:45:44.256+0000] {processor.py:186} INFO - Started process (PID=127541) to work on /home/airflow/.local/lib/python3.12/site-packages/airflow/example_dags/example_branch_labels.py
[2024-10-16T11:45:44.257+0000] {processor.py:914} INFO - Processing file /home/airflow/.local/lib/python3.12/site-packages/airflow/example_dags/example_branch_labels.py for tasks to queue
[2024-10-16T11:45:44.259+0000] {logging_mixin.py:190} INFO - [2024-10-16T11:45:44.258+0000] {dagbag.py:588} INFO - Filling up the DagBag from /home/airflow/.local/lib/python3.12/site-packages/airflow/example_dags/example_branch_labels.py
[2024-10-16T11:45:44.271+0000] {processor.py:925} INFO - DAG(s) 'example_branch_labels' retrieved from /home/airflow/.local/lib/python3.12/site-packages/airflow/example_dags/example_branch_labels.py
[2024-10-16T11:45:44.297+0000] {logging_mixin.py:190} INFO - [2024-10-16T11:45:44.296+0000] {dag.py:3239} INFO - Sync 1 DAGs
[2024-10-16T11:45:44.334+0000] {logging_mixin.py:190} INFO - [2024-10-16T11:45:44.334+0000] {dag.py:4180} INFO - Setting next_dagrun for example_branch_labels to 2024-10-15 00:00:00+00:00, run_after=2024-10-16 00:00:00+00:00
[2024-10-16T11:45:44.358+0000] {processor.py:208} INFO - Processing /home/airflow/.local/lib/python3.12/site-packages/airflow/example_dags/example_branch_labels.py took 0.109 seconds
