[2024-10-16T11:30:04.689+0000] {processor.py:186} INFO - Started process (PID=125615) to work on /home/airflow/.local/lib/python3.12/site-packages/airflow/example_dags/example_display_name.py
[2024-10-16T11:30:04.690+0000] {processor.py:914} INFO - Processing file /home/airflow/.local/lib/python3.12/site-packages/airflow/example_dags/example_display_name.py for tasks to queue
[2024-10-16T11:30:04.691+0000] {logging_mixin.py:190} INFO - [2024-10-16T11:30:04.691+0000] {dagbag.py:588} INFO - Filling up the DagBag from /home/airflow/.local/lib/python3.12/site-packages/airflow/example_dags/example_display_name.py
[2024-10-16T11:30:04.700+0000] {processor.py:925} INFO - DAG(s) 'example_display_name' retrieved from /home/airflow/.local/lib/python3.12/site-packages/airflow/example_dags/example_display_name.py
[2024-10-16T11:30:04.719+0000] {logging_mixin.py:190} INFO - [2024-10-16T11:30:04.719+0000] {dag.py:3239} INFO - Sync 1 DAGs
[2024-10-16T11:30:04.737+0000] {logging_mixin.py:190} INFO - [2024-10-16T11:30:04.737+0000] {dag.py:4180} INFO - Setting next_dagrun for example_display_name to None, run_after=None
[2024-10-16T11:30:04.757+0000] {processor.py:208} INFO - Processing /home/airflow/.local/lib/python3.12/site-packages/airflow/example_dags/example_display_name.py took 0.075 seconds
[2024-10-16T11:30:35.601+0000] {processor.py:186} INFO - Started process (PID=125679) to work on /home/airflow/.local/lib/python3.12/site-packages/airflow/example_dags/example_display_name.py
[2024-10-16T11:30:35.603+0000] {processor.py:914} INFO - Processing file /home/airflow/.local/lib/python3.12/site-packages/airflow/example_dags/example_display_name.py for tasks to queue
[2024-10-16T11:30:35.604+0000] {logging_mixin.py:190} INFO - [2024-10-16T11:30:35.604+0000] {dagbag.py:588} INFO - Filling up the DagBag from /home/airflow/.local/lib/python3.12/site-packages/airflow/example_dags/example_display_name.py
[2024-10-16T11:30:35.613+0000] {processor.py:925} INFO - DAG(s) 'example_display_name' retrieved from /home/airflow/.local/lib/python3.12/site-packages/airflow/example_dags/example_display_name.py
[2024-10-16T11:30:35.639+0000] {logging_mixin.py:190} INFO - [2024-10-16T11:30:35.639+0000] {dag.py:3239} INFO - Sync 1 DAGs
[2024-10-16T11:30:35.656+0000] {logging_mixin.py:190} INFO - [2024-10-16T11:30:35.656+0000] {dag.py:4180} INFO - Setting next_dagrun for example_display_name to None, run_after=None
[2024-10-16T11:30:35.681+0000] {processor.py:208} INFO - Processing /home/airflow/.local/lib/python3.12/site-packages/airflow/example_dags/example_display_name.py took 0.087 seconds
[2024-10-16T11:31:06.109+0000] {processor.py:186} INFO - Started process (PID=125742) to work on /home/airflow/.local/lib/python3.12/site-packages/airflow/example_dags/example_display_name.py
[2024-10-16T11:31:06.111+0000] {processor.py:914} INFO - Processing file /home/airflow/.local/lib/python3.12/site-packages/airflow/example_dags/example_display_name.py for tasks to queue
[2024-10-16T11:31:06.112+0000] {logging_mixin.py:190} INFO - [2024-10-16T11:31:06.112+0000] {dagbag.py:588} INFO - Filling up the DagBag from /home/airflow/.local/lib/python3.12/site-packages/airflow/example_dags/example_display_name.py
[2024-10-16T11:31:06.120+0000] {processor.py:925} INFO - DAG(s) 'example_display_name' retrieved from /home/airflow/.local/lib/python3.12/site-packages/airflow/example_dags/example_display_name.py
[2024-10-16T11:31:06.139+0000] {logging_mixin.py:190} INFO - [2024-10-16T11:31:06.138+0000] {dag.py:3239} INFO - Sync 1 DAGs
[2024-10-16T11:31:06.156+0000] {logging_mixin.py:190} INFO - [2024-10-16T11:31:06.155+0000] {dag.py:4180} INFO - Setting next_dagrun for example_display_name to None, run_after=None
[2024-10-16T11:31:06.175+0000] {processor.py:208} INFO - Processing /home/airflow/.local/lib/python3.12/site-packages/airflow/example_dags/example_display_name.py took 0.072 seconds
[2024-10-16T11:31:36.607+0000] {processor.py:186} INFO - Started process (PID=125805) to work on /home/airflow/.local/lib/python3.12/site-packages/airflow/example_dags/example_display_name.py
[2024-10-16T11:31:36.608+0000] {processor.py:914} INFO - Processing file /home/airflow/.local/lib/python3.12/site-packages/airflow/example_dags/example_display_name.py for tasks to queue
[2024-10-16T11:31:36.610+0000] {logging_mixin.py:190} INFO - [2024-10-16T11:31:36.609+0000] {dagbag.py:588} INFO - Filling up the DagBag from /home/airflow/.local/lib/python3.12/site-packages/airflow/example_dags/example_display_name.py
[2024-10-16T11:31:36.617+0000] {processor.py:925} INFO - DAG(s) 'example_display_name' retrieved from /home/airflow/.local/lib/python3.12/site-packages/airflow/example_dags/example_display_name.py
[2024-10-16T11:31:36.635+0000] {logging_mixin.py:190} INFO - [2024-10-16T11:31:36.634+0000] {dag.py:3239} INFO - Sync 1 DAGs
[2024-10-16T11:31:36.649+0000] {logging_mixin.py:190} INFO - [2024-10-16T11:31:36.648+0000] {dag.py:4180} INFO - Setting next_dagrun for example_display_name to None, run_after=None
[2024-10-16T11:31:36.672+0000] {processor.py:208} INFO - Processing /home/airflow/.local/lib/python3.12/site-packages/airflow/example_dags/example_display_name.py took 0.071 seconds
[2024-10-16T11:32:07.282+0000] {processor.py:186} INFO - Started process (PID=125868) to work on /home/airflow/.local/lib/python3.12/site-packages/airflow/example_dags/example_display_name.py
[2024-10-16T11:32:07.283+0000] {processor.py:914} INFO - Processing file /home/airflow/.local/lib/python3.12/site-packages/airflow/example_dags/example_display_name.py for tasks to queue
[2024-10-16T11:32:07.284+0000] {logging_mixin.py:190} INFO - [2024-10-16T11:32:07.284+0000] {dagbag.py:588} INFO - Filling up the DagBag from /home/airflow/.local/lib/python3.12/site-packages/airflow/example_dags/example_display_name.py
[2024-10-16T11:32:07.292+0000] {processor.py:925} INFO - DAG(s) 'example_display_name' retrieved from /home/airflow/.local/lib/python3.12/site-packages/airflow/example_dags/example_display_name.py
[2024-10-16T11:32:07.313+0000] {logging_mixin.py:190} INFO - [2024-10-16T11:32:07.313+0000] {dag.py:3239} INFO - Sync 1 DAGs
[2024-10-16T11:32:07.331+0000] {logging_mixin.py:190} INFO - [2024-10-16T11:32:07.331+0000] {dag.py:4180} INFO - Setting next_dagrun for example_display_name to None, run_after=None
[2024-10-16T11:32:07.352+0000] {processor.py:208} INFO - Processing /home/airflow/.local/lib/python3.12/site-packages/airflow/example_dags/example_display_name.py took 0.079 seconds
[2024-10-16T11:32:37.986+0000] {processor.py:186} INFO - Started process (PID=125931) to work on /home/airflow/.local/lib/python3.12/site-packages/airflow/example_dags/example_display_name.py
[2024-10-16T11:32:37.988+0000] {processor.py:914} INFO - Processing file /home/airflow/.local/lib/python3.12/site-packages/airflow/example_dags/example_display_name.py for tasks to queue
[2024-10-16T11:32:37.989+0000] {logging_mixin.py:190} INFO - [2024-10-16T11:32:37.989+0000] {dagbag.py:588} INFO - Filling up the DagBag from /home/airflow/.local/lib/python3.12/site-packages/airflow/example_dags/example_display_name.py
[2024-10-16T11:32:37.997+0000] {processor.py:925} INFO - DAG(s) 'example_display_name' retrieved from /home/airflow/.local/lib/python3.12/site-packages/airflow/example_dags/example_display_name.py
[2024-10-16T11:32:38.024+0000] {logging_mixin.py:190} INFO - [2024-10-16T11:32:38.023+0000] {dag.py:3239} INFO - Sync 1 DAGs
[2024-10-16T11:32:38.046+0000] {logging_mixin.py:190} INFO - [2024-10-16T11:32:38.046+0000] {dag.py:4180} INFO - Setting next_dagrun for example_display_name to None, run_after=None
[2024-10-16T11:32:38.068+0000] {processor.py:208} INFO - Processing /home/airflow/.local/lib/python3.12/site-packages/airflow/example_dags/example_display_name.py took 0.090 seconds
[2024-10-16T11:33:08.812+0000] {processor.py:186} INFO - Started process (PID=125994) to work on /home/airflow/.local/lib/python3.12/site-packages/airflow/example_dags/example_display_name.py
[2024-10-16T11:33:08.813+0000] {processor.py:914} INFO - Processing file /home/airflow/.local/lib/python3.12/site-packages/airflow/example_dags/example_display_name.py for tasks to queue
[2024-10-16T11:33:08.814+0000] {logging_mixin.py:190} INFO - [2024-10-16T11:33:08.814+0000] {dagbag.py:588} INFO - Filling up the DagBag from /home/airflow/.local/lib/python3.12/site-packages/airflow/example_dags/example_display_name.py
[2024-10-16T11:33:08.823+0000] {processor.py:925} INFO - DAG(s) 'example_display_name' retrieved from /home/airflow/.local/lib/python3.12/site-packages/airflow/example_dags/example_display_name.py
[2024-10-16T11:33:08.846+0000] {logging_mixin.py:190} INFO - [2024-10-16T11:33:08.846+0000] {dag.py:3239} INFO - Sync 1 DAGs
[2024-10-16T11:33:08.867+0000] {logging_mixin.py:190} INFO - [2024-10-16T11:33:08.866+0000] {dag.py:4180} INFO - Setting next_dagrun for example_display_name to None, run_after=None
[2024-10-16T11:33:08.891+0000] {processor.py:208} INFO - Processing /home/airflow/.local/lib/python3.12/site-packages/airflow/example_dags/example_display_name.py took 0.085 seconds
[2024-10-16T11:33:38.981+0000] {processor.py:186} INFO - Started process (PID=126057) to work on /home/airflow/.local/lib/python3.12/site-packages/airflow/example_dags/example_display_name.py
[2024-10-16T11:33:38.982+0000] {processor.py:914} INFO - Processing file /home/airflow/.local/lib/python3.12/site-packages/airflow/example_dags/example_display_name.py for tasks to queue
[2024-10-16T11:33:38.983+0000] {logging_mixin.py:190} INFO - [2024-10-16T11:33:38.983+0000] {dagbag.py:588} INFO - Filling up the DagBag from /home/airflow/.local/lib/python3.12/site-packages/airflow/example_dags/example_display_name.py
[2024-10-16T11:33:38.991+0000] {processor.py:925} INFO - DAG(s) 'example_display_name' retrieved from /home/airflow/.local/lib/python3.12/site-packages/airflow/example_dags/example_display_name.py
[2024-10-16T11:33:39.008+0000] {logging_mixin.py:190} INFO - [2024-10-16T11:33:39.008+0000] {dag.py:3239} INFO - Sync 1 DAGs
[2024-10-16T11:33:39.023+0000] {logging_mixin.py:190} INFO - [2024-10-16T11:33:39.022+0000] {dag.py:4180} INFO - Setting next_dagrun for example_display_name to None, run_after=None
[2024-10-16T11:33:39.040+0000] {processor.py:208} INFO - Processing /home/airflow/.local/lib/python3.12/site-packages/airflow/example_dags/example_display_name.py took 0.064 seconds
[2024-10-16T11:34:09.508+0000] {processor.py:186} INFO - Started process (PID=126120) to work on /home/airflow/.local/lib/python3.12/site-packages/airflow/example_dags/example_display_name.py
[2024-10-16T11:34:09.509+0000] {processor.py:914} INFO - Processing file /home/airflow/.local/lib/python3.12/site-packages/airflow/example_dags/example_display_name.py for tasks to queue
[2024-10-16T11:34:09.510+0000] {logging_mixin.py:190} INFO - [2024-10-16T11:34:09.510+0000] {dagbag.py:588} INFO - Filling up the DagBag from /home/airflow/.local/lib/python3.12/site-packages/airflow/example_dags/example_display_name.py
[2024-10-16T11:34:09.518+0000] {processor.py:925} INFO - DAG(s) 'example_display_name' retrieved from /home/airflow/.local/lib/python3.12/site-packages/airflow/example_dags/example_display_name.py
[2024-10-16T11:34:09.536+0000] {logging_mixin.py:190} INFO - [2024-10-16T11:34:09.536+0000] {dag.py:3239} INFO - Sync 1 DAGs
[2024-10-16T11:34:09.551+0000] {logging_mixin.py:190} INFO - [2024-10-16T11:34:09.551+0000] {dag.py:4180} INFO - Setting next_dagrun for example_display_name to None, run_after=None
[2024-10-16T11:34:09.568+0000] {processor.py:208} INFO - Processing /home/airflow/.local/lib/python3.12/site-packages/airflow/example_dags/example_display_name.py took 0.065 seconds
[2024-10-16T11:34:39.743+0000] {processor.py:186} INFO - Started process (PID=126184) to work on /home/airflow/.local/lib/python3.12/site-packages/airflow/example_dags/example_display_name.py
[2024-10-16T11:34:39.744+0000] {processor.py:914} INFO - Processing file /home/airflow/.local/lib/python3.12/site-packages/airflow/example_dags/example_display_name.py for tasks to queue
[2024-10-16T11:34:39.745+0000] {logging_mixin.py:190} INFO - [2024-10-16T11:34:39.745+0000] {dagbag.py:588} INFO - Filling up the DagBag from /home/airflow/.local/lib/python3.12/site-packages/airflow/example_dags/example_display_name.py
[2024-10-16T11:34:39.753+0000] {processor.py:925} INFO - DAG(s) 'example_display_name' retrieved from /home/airflow/.local/lib/python3.12/site-packages/airflow/example_dags/example_display_name.py
[2024-10-16T11:34:39.775+0000] {logging_mixin.py:190} INFO - [2024-10-16T11:34:39.775+0000] {dag.py:3239} INFO - Sync 1 DAGs
[2024-10-16T11:34:39.790+0000] {logging_mixin.py:190} INFO - [2024-10-16T11:34:39.790+0000] {dag.py:4180} INFO - Setting next_dagrun for example_display_name to None, run_after=None
[2024-10-16T11:34:39.806+0000] {processor.py:208} INFO - Processing /home/airflow/.local/lib/python3.12/site-packages/airflow/example_dags/example_display_name.py took 0.068 seconds
[2024-10-16T11:35:10.551+0000] {processor.py:186} INFO - Started process (PID=126247) to work on /home/airflow/.local/lib/python3.12/site-packages/airflow/example_dags/example_display_name.py
[2024-10-16T11:35:10.552+0000] {processor.py:914} INFO - Processing file /home/airflow/.local/lib/python3.12/site-packages/airflow/example_dags/example_display_name.py for tasks to queue
[2024-10-16T11:35:10.554+0000] {logging_mixin.py:190} INFO - [2024-10-16T11:35:10.553+0000] {dagbag.py:588} INFO - Filling up the DagBag from /home/airflow/.local/lib/python3.12/site-packages/airflow/example_dags/example_display_name.py
[2024-10-16T11:35:10.561+0000] {processor.py:925} INFO - DAG(s) 'example_display_name' retrieved from /home/airflow/.local/lib/python3.12/site-packages/airflow/example_dags/example_display_name.py
[2024-10-16T11:35:10.579+0000] {logging_mixin.py:190} INFO - [2024-10-16T11:35:10.579+0000] {dag.py:3239} INFO - Sync 1 DAGs
[2024-10-16T11:35:10.594+0000] {logging_mixin.py:190} INFO - [2024-10-16T11:35:10.594+0000] {dag.py:4180} INFO - Setting next_dagrun for example_display_name to None, run_after=None
[2024-10-16T11:35:10.611+0000] {processor.py:208} INFO - Processing /home/airflow/.local/lib/python3.12/site-packages/airflow/example_dags/example_display_name.py took 0.065 seconds
[2024-10-16T11:35:40.922+0000] {processor.py:186} INFO - Started process (PID=126310) to work on /home/airflow/.local/lib/python3.12/site-packages/airflow/example_dags/example_display_name.py
[2024-10-16T11:35:40.923+0000] {processor.py:914} INFO - Processing file /home/airflow/.local/lib/python3.12/site-packages/airflow/example_dags/example_display_name.py for tasks to queue
[2024-10-16T11:35:40.924+0000] {logging_mixin.py:190} INFO - [2024-10-16T11:35:40.924+0000] {dagbag.py:588} INFO - Filling up the DagBag from /home/airflow/.local/lib/python3.12/site-packages/airflow/example_dags/example_display_name.py
[2024-10-16T11:35:40.931+0000] {processor.py:925} INFO - DAG(s) 'example_display_name' retrieved from /home/airflow/.local/lib/python3.12/site-packages/airflow/example_dags/example_display_name.py
[2024-10-16T11:35:40.948+0000] {logging_mixin.py:190} INFO - [2024-10-16T11:35:40.948+0000] {dag.py:3239} INFO - Sync 1 DAGs
[2024-10-16T11:35:40.963+0000] {logging_mixin.py:190} INFO - [2024-10-16T11:35:40.963+0000] {dag.py:4180} INFO - Setting next_dagrun for example_display_name to None, run_after=None
[2024-10-16T11:35:40.981+0000] {processor.py:208} INFO - Processing /home/airflow/.local/lib/python3.12/site-packages/airflow/example_dags/example_display_name.py took 0.065 seconds
[2024-10-16T11:36:11.760+0000] {processor.py:186} INFO - Started process (PID=126373) to work on /home/airflow/.local/lib/python3.12/site-packages/airflow/example_dags/example_display_name.py
[2024-10-16T11:36:11.761+0000] {processor.py:914} INFO - Processing file /home/airflow/.local/lib/python3.12/site-packages/airflow/example_dags/example_display_name.py for tasks to queue
[2024-10-16T11:36:11.763+0000] {logging_mixin.py:190} INFO - [2024-10-16T11:36:11.762+0000] {dagbag.py:588} INFO - Filling up the DagBag from /home/airflow/.local/lib/python3.12/site-packages/airflow/example_dags/example_display_name.py
[2024-10-16T11:36:11.771+0000] {processor.py:925} INFO - DAG(s) 'example_display_name' retrieved from /home/airflow/.local/lib/python3.12/site-packages/airflow/example_dags/example_display_name.py
[2024-10-16T11:36:11.793+0000] {logging_mixin.py:190} INFO - [2024-10-16T11:36:11.793+0000] {dag.py:3239} INFO - Sync 1 DAGs
[2024-10-16T11:36:11.808+0000] {logging_mixin.py:190} INFO - [2024-10-16T11:36:11.808+0000] {dag.py:4180} INFO - Setting next_dagrun for example_display_name to None, run_after=None
[2024-10-16T11:36:11.826+0000] {processor.py:208} INFO - Processing /home/airflow/.local/lib/python3.12/site-packages/airflow/example_dags/example_display_name.py took 0.074 seconds
[2024-10-16T11:36:42.171+0000] {processor.py:186} INFO - Started process (PID=126437) to work on /home/airflow/.local/lib/python3.12/site-packages/airflow/example_dags/example_display_name.py
[2024-10-16T11:36:42.172+0000] {processor.py:914} INFO - Processing file /home/airflow/.local/lib/python3.12/site-packages/airflow/example_dags/example_display_name.py for tasks to queue
[2024-10-16T11:36:42.173+0000] {logging_mixin.py:190} INFO - [2024-10-16T11:36:42.173+0000] {dagbag.py:588} INFO - Filling up the DagBag from /home/airflow/.local/lib/python3.12/site-packages/airflow/example_dags/example_display_name.py
[2024-10-16T11:36:42.181+0000] {processor.py:925} INFO - DAG(s) 'example_display_name' retrieved from /home/airflow/.local/lib/python3.12/site-packages/airflow/example_dags/example_display_name.py
[2024-10-16T11:36:42.201+0000] {logging_mixin.py:190} INFO - [2024-10-16T11:36:42.200+0000] {dag.py:3239} INFO - Sync 1 DAGs
[2024-10-16T11:36:42.215+0000] {logging_mixin.py:190} INFO - [2024-10-16T11:36:42.215+0000] {dag.py:4180} INFO - Setting next_dagrun for example_display_name to None, run_after=None
[2024-10-16T11:36:42.233+0000] {processor.py:208} INFO - Processing /home/airflow/.local/lib/python3.12/site-packages/airflow/example_dags/example_display_name.py took 0.069 seconds
[2024-10-16T11:37:12.656+0000] {processor.py:186} INFO - Started process (PID=126500) to work on /home/airflow/.local/lib/python3.12/site-packages/airflow/example_dags/example_display_name.py
[2024-10-16T11:37:12.657+0000] {processor.py:914} INFO - Processing file /home/airflow/.local/lib/python3.12/site-packages/airflow/example_dags/example_display_name.py for tasks to queue
[2024-10-16T11:37:12.658+0000] {logging_mixin.py:190} INFO - [2024-10-16T11:37:12.658+0000] {dagbag.py:588} INFO - Filling up the DagBag from /home/airflow/.local/lib/python3.12/site-packages/airflow/example_dags/example_display_name.py
[2024-10-16T11:37:12.666+0000] {processor.py:925} INFO - DAG(s) 'example_display_name' retrieved from /home/airflow/.local/lib/python3.12/site-packages/airflow/example_dags/example_display_name.py
[2024-10-16T11:37:12.684+0000] {logging_mixin.py:190} INFO - [2024-10-16T11:37:12.684+0000] {dag.py:3239} INFO - Sync 1 DAGs
[2024-10-16T11:37:12.698+0000] {logging_mixin.py:190} INFO - [2024-10-16T11:37:12.698+0000] {dag.py:4180} INFO - Setting next_dagrun for example_display_name to None, run_after=None
[2024-10-16T11:37:12.716+0000] {processor.py:208} INFO - Processing /home/airflow/.local/lib/python3.12/site-packages/airflow/example_dags/example_display_name.py took 0.067 seconds
[2024-10-16T11:37:43.495+0000] {processor.py:186} INFO - Started process (PID=126563) to work on /home/airflow/.local/lib/python3.12/site-packages/airflow/example_dags/example_display_name.py
[2024-10-16T11:37:43.496+0000] {processor.py:914} INFO - Processing file /home/airflow/.local/lib/python3.12/site-packages/airflow/example_dags/example_display_name.py for tasks to queue
[2024-10-16T11:37:43.497+0000] {logging_mixin.py:190} INFO - [2024-10-16T11:37:43.497+0000] {dagbag.py:588} INFO - Filling up the DagBag from /home/airflow/.local/lib/python3.12/site-packages/airflow/example_dags/example_display_name.py
[2024-10-16T11:37:43.504+0000] {processor.py:925} INFO - DAG(s) 'example_display_name' retrieved from /home/airflow/.local/lib/python3.12/site-packages/airflow/example_dags/example_display_name.py
[2024-10-16T11:37:43.519+0000] {logging_mixin.py:190} INFO - [2024-10-16T11:37:43.519+0000] {dag.py:3239} INFO - Sync 1 DAGs
[2024-10-16T11:37:43.534+0000] {logging_mixin.py:190} INFO - [2024-10-16T11:37:43.533+0000] {dag.py:4180} INFO - Setting next_dagrun for example_display_name to None, run_after=None
[2024-10-16T11:37:43.551+0000] {processor.py:208} INFO - Processing /home/airflow/.local/lib/python3.12/site-packages/airflow/example_dags/example_display_name.py took 0.061 seconds
[2024-10-16T11:38:14.171+0000] {processor.py:186} INFO - Started process (PID=126633) to work on /home/airflow/.local/lib/python3.12/site-packages/airflow/example_dags/example_display_name.py
[2024-10-16T11:38:14.172+0000] {processor.py:914} INFO - Processing file /home/airflow/.local/lib/python3.12/site-packages/airflow/example_dags/example_display_name.py for tasks to queue
[2024-10-16T11:38:14.173+0000] {logging_mixin.py:190} INFO - [2024-10-16T11:38:14.173+0000] {dagbag.py:588} INFO - Filling up the DagBag from /home/airflow/.local/lib/python3.12/site-packages/airflow/example_dags/example_display_name.py
[2024-10-16T11:38:14.181+0000] {processor.py:925} INFO - DAG(s) 'example_display_name' retrieved from /home/airflow/.local/lib/python3.12/site-packages/airflow/example_dags/example_display_name.py
[2024-10-16T11:38:14.201+0000] {logging_mixin.py:190} INFO - [2024-10-16T11:38:14.201+0000] {dag.py:3239} INFO - Sync 1 DAGs
[2024-10-16T11:38:14.218+0000] {logging_mixin.py:190} INFO - [2024-10-16T11:38:14.218+0000] {dag.py:4180} INFO - Setting next_dagrun for example_display_name to None, run_after=None
[2024-10-16T11:38:14.239+0000] {processor.py:208} INFO - Processing /home/airflow/.local/lib/python3.12/site-packages/airflow/example_dags/example_display_name.py took 0.074 seconds
[2024-10-16T11:38:44.396+0000] {processor.py:186} INFO - Started process (PID=126695) to work on /home/airflow/.local/lib/python3.12/site-packages/airflow/example_dags/example_display_name.py
[2024-10-16T11:38:44.397+0000] {processor.py:914} INFO - Processing file /home/airflow/.local/lib/python3.12/site-packages/airflow/example_dags/example_display_name.py for tasks to queue
[2024-10-16T11:38:44.399+0000] {logging_mixin.py:190} INFO - [2024-10-16T11:38:44.398+0000] {dagbag.py:588} INFO - Filling up the DagBag from /home/airflow/.local/lib/python3.12/site-packages/airflow/example_dags/example_display_name.py
[2024-10-16T11:38:44.412+0000] {processor.py:925} INFO - DAG(s) 'example_display_name' retrieved from /home/airflow/.local/lib/python3.12/site-packages/airflow/example_dags/example_display_name.py
[2024-10-16T11:38:44.443+0000] {logging_mixin.py:190} INFO - [2024-10-16T11:38:44.442+0000] {dag.py:3239} INFO - Sync 1 DAGs
[2024-10-16T11:38:44.471+0000] {logging_mixin.py:190} INFO - [2024-10-16T11:38:44.470+0000] {dag.py:4180} INFO - Setting next_dagrun for example_display_name to None, run_after=None
[2024-10-16T11:38:44.498+0000] {processor.py:208} INFO - Processing /home/airflow/.local/lib/python3.12/site-packages/airflow/example_dags/example_display_name.py took 0.110 seconds
[2024-10-16T11:39:15.187+0000] {processor.py:186} INFO - Started process (PID=126758) to work on /home/airflow/.local/lib/python3.12/site-packages/airflow/example_dags/example_display_name.py
[2024-10-16T11:39:15.188+0000] {processor.py:914} INFO - Processing file /home/airflow/.local/lib/python3.12/site-packages/airflow/example_dags/example_display_name.py for tasks to queue
[2024-10-16T11:39:15.189+0000] {logging_mixin.py:190} INFO - [2024-10-16T11:39:15.188+0000] {dagbag.py:588} INFO - Filling up the DagBag from /home/airflow/.local/lib/python3.12/site-packages/airflow/example_dags/example_display_name.py
[2024-10-16T11:39:15.197+0000] {processor.py:925} INFO - DAG(s) 'example_display_name' retrieved from /home/airflow/.local/lib/python3.12/site-packages/airflow/example_dags/example_display_name.py
[2024-10-16T11:39:15.217+0000] {logging_mixin.py:190} INFO - [2024-10-16T11:39:15.217+0000] {dag.py:3239} INFO - Sync 1 DAGs
[2024-10-16T11:39:15.237+0000] {logging_mixin.py:190} INFO - [2024-10-16T11:39:15.237+0000] {dag.py:4180} INFO - Setting next_dagrun for example_display_name to None, run_after=None
[2024-10-16T11:39:15.258+0000] {processor.py:208} INFO - Processing /home/airflow/.local/lib/python3.12/site-packages/airflow/example_dags/example_display_name.py took 0.078 seconds
[2024-10-16T11:39:46.122+0000] {processor.py:186} INFO - Started process (PID=126821) to work on /home/airflow/.local/lib/python3.12/site-packages/airflow/example_dags/example_display_name.py
[2024-10-16T11:39:46.123+0000] {processor.py:914} INFO - Processing file /home/airflow/.local/lib/python3.12/site-packages/airflow/example_dags/example_display_name.py for tasks to queue
[2024-10-16T11:39:46.124+0000] {logging_mixin.py:190} INFO - [2024-10-16T11:39:46.124+0000] {dagbag.py:588} INFO - Filling up the DagBag from /home/airflow/.local/lib/python3.12/site-packages/airflow/example_dags/example_display_name.py
[2024-10-16T11:39:46.133+0000] {processor.py:925} INFO - DAG(s) 'example_display_name' retrieved from /home/airflow/.local/lib/python3.12/site-packages/airflow/example_dags/example_display_name.py
[2024-10-16T11:39:46.155+0000] {logging_mixin.py:190} INFO - [2024-10-16T11:39:46.154+0000] {dag.py:3239} INFO - Sync 1 DAGs
[2024-10-16T11:39:46.175+0000] {logging_mixin.py:190} INFO - [2024-10-16T11:39:46.175+0000] {dag.py:4180} INFO - Setting next_dagrun for example_display_name to None, run_after=None
[2024-10-16T11:39:46.198+0000] {processor.py:208} INFO - Processing /home/airflow/.local/lib/python3.12/site-packages/airflow/example_dags/example_display_name.py took 0.083 seconds
[2024-10-16T11:40:17.058+0000] {processor.py:186} INFO - Started process (PID=126883) to work on /home/airflow/.local/lib/python3.12/site-packages/airflow/example_dags/example_display_name.py
[2024-10-16T11:40:17.059+0000] {processor.py:914} INFO - Processing file /home/airflow/.local/lib/python3.12/site-packages/airflow/example_dags/example_display_name.py for tasks to queue
[2024-10-16T11:40:17.060+0000] {logging_mixin.py:190} INFO - [2024-10-16T11:40:17.060+0000] {dagbag.py:588} INFO - Filling up the DagBag from /home/airflow/.local/lib/python3.12/site-packages/airflow/example_dags/example_display_name.py
[2024-10-16T11:40:17.069+0000] {processor.py:925} INFO - DAG(s) 'example_display_name' retrieved from /home/airflow/.local/lib/python3.12/site-packages/airflow/example_dags/example_display_name.py
[2024-10-16T11:40:17.091+0000] {logging_mixin.py:190} INFO - [2024-10-16T11:40:17.091+0000] {dag.py:3239} INFO - Sync 1 DAGs
[2024-10-16T11:40:17.108+0000] {logging_mixin.py:190} INFO - [2024-10-16T11:40:17.108+0000] {dag.py:4180} INFO - Setting next_dagrun for example_display_name to None, run_after=None
[2024-10-16T11:40:17.128+0000] {processor.py:208} INFO - Processing /home/airflow/.local/lib/python3.12/site-packages/airflow/example_dags/example_display_name.py took 0.078 seconds
[2024-10-16T11:40:47.298+0000] {processor.py:186} INFO - Started process (PID=126946) to work on /home/airflow/.local/lib/python3.12/site-packages/airflow/example_dags/example_display_name.py
[2024-10-16T11:40:47.299+0000] {processor.py:914} INFO - Processing file /home/airflow/.local/lib/python3.12/site-packages/airflow/example_dags/example_display_name.py for tasks to queue
[2024-10-16T11:40:47.301+0000] {logging_mixin.py:190} INFO - [2024-10-16T11:40:47.301+0000] {dagbag.py:588} INFO - Filling up the DagBag from /home/airflow/.local/lib/python3.12/site-packages/airflow/example_dags/example_display_name.py
[2024-10-16T11:40:47.311+0000] {processor.py:925} INFO - DAG(s) 'example_display_name' retrieved from /home/airflow/.local/lib/python3.12/site-packages/airflow/example_dags/example_display_name.py
[2024-10-16T11:40:47.335+0000] {logging_mixin.py:190} INFO - [2024-10-16T11:40:47.335+0000] {dag.py:3239} INFO - Sync 1 DAGs
[2024-10-16T11:40:47.355+0000] {logging_mixin.py:190} INFO - [2024-10-16T11:40:47.354+0000] {dag.py:4180} INFO - Setting next_dagrun for example_display_name to None, run_after=None
[2024-10-16T11:40:47.375+0000] {processor.py:208} INFO - Processing /home/airflow/.local/lib/python3.12/site-packages/airflow/example_dags/example_display_name.py took 0.084 seconds
[2024-10-16T11:41:17.796+0000] {processor.py:186} INFO - Started process (PID=127009) to work on /home/airflow/.local/lib/python3.12/site-packages/airflow/example_dags/example_display_name.py
[2024-10-16T11:41:17.797+0000] {processor.py:914} INFO - Processing file /home/airflow/.local/lib/python3.12/site-packages/airflow/example_dags/example_display_name.py for tasks to queue
[2024-10-16T11:41:17.799+0000] {logging_mixin.py:190} INFO - [2024-10-16T11:41:17.798+0000] {dagbag.py:588} INFO - Filling up the DagBag from /home/airflow/.local/lib/python3.12/site-packages/airflow/example_dags/example_display_name.py
[2024-10-16T11:41:17.807+0000] {processor.py:925} INFO - DAG(s) 'example_display_name' retrieved from /home/airflow/.local/lib/python3.12/site-packages/airflow/example_dags/example_display_name.py
[2024-10-16T11:41:17.827+0000] {logging_mixin.py:190} INFO - [2024-10-16T11:41:17.827+0000] {dag.py:3239} INFO - Sync 1 DAGs
[2024-10-16T11:41:17.844+0000] {logging_mixin.py:190} INFO - [2024-10-16T11:41:17.844+0000] {dag.py:4180} INFO - Setting next_dagrun for example_display_name to None, run_after=None
[2024-10-16T11:41:17.864+0000] {processor.py:208} INFO - Processing /home/airflow/.local/lib/python3.12/site-packages/airflow/example_dags/example_display_name.py took 0.075 seconds
[2024-10-16T11:41:48.523+0000] {processor.py:186} INFO - Started process (PID=127072) to work on /home/airflow/.local/lib/python3.12/site-packages/airflow/example_dags/example_display_name.py
[2024-10-16T11:41:48.525+0000] {processor.py:914} INFO - Processing file /home/airflow/.local/lib/python3.12/site-packages/airflow/example_dags/example_display_name.py for tasks to queue
[2024-10-16T11:41:48.526+0000] {logging_mixin.py:190} INFO - [2024-10-16T11:41:48.526+0000] {dagbag.py:588} INFO - Filling up the DagBag from /home/airflow/.local/lib/python3.12/site-packages/airflow/example_dags/example_display_name.py
[2024-10-16T11:41:48.535+0000] {processor.py:925} INFO - DAG(s) 'example_display_name' retrieved from /home/airflow/.local/lib/python3.12/site-packages/airflow/example_dags/example_display_name.py
[2024-10-16T11:41:48.556+0000] {logging_mixin.py:190} INFO - [2024-10-16T11:41:48.555+0000] {dag.py:3239} INFO - Sync 1 DAGs
[2024-10-16T11:41:48.573+0000] {logging_mixin.py:190} INFO - [2024-10-16T11:41:48.573+0000] {dag.py:4180} INFO - Setting next_dagrun for example_display_name to None, run_after=None
[2024-10-16T11:41:48.593+0000] {processor.py:208} INFO - Processing /home/airflow/.local/lib/python3.12/site-packages/airflow/example_dags/example_display_name.py took 0.078 seconds
[2024-10-16T11:42:19.799+0000] {processor.py:186} INFO - Started process (PID=127135) to work on /home/airflow/.local/lib/python3.12/site-packages/airflow/example_dags/example_display_name.py
[2024-10-16T11:42:19.800+0000] {processor.py:914} INFO - Processing file /home/airflow/.local/lib/python3.12/site-packages/airflow/example_dags/example_display_name.py for tasks to queue
[2024-10-16T11:42:19.802+0000] {logging_mixin.py:190} INFO - [2024-10-16T11:42:19.801+0000] {dagbag.py:588} INFO - Filling up the DagBag from /home/airflow/.local/lib/python3.12/site-packages/airflow/example_dags/example_display_name.py
[2024-10-16T11:42:19.810+0000] {processor.py:925} INFO - DAG(s) 'example_display_name' retrieved from /home/airflow/.local/lib/python3.12/site-packages/airflow/example_dags/example_display_name.py
[2024-10-16T11:42:19.832+0000] {logging_mixin.py:190} INFO - [2024-10-16T11:42:19.832+0000] {dag.py:3239} INFO - Sync 1 DAGs
[2024-10-16T11:42:19.849+0000] {logging_mixin.py:190} INFO - [2024-10-16T11:42:19.849+0000] {dag.py:4180} INFO - Setting next_dagrun for example_display_name to None, run_after=None
[2024-10-16T11:42:19.870+0000] {processor.py:208} INFO - Processing /home/airflow/.local/lib/python3.12/site-packages/airflow/example_dags/example_display_name.py took 0.077 seconds
[2024-10-16T11:42:50.646+0000] {processor.py:186} INFO - Started process (PID=127198) to work on /home/airflow/.local/lib/python3.12/site-packages/airflow/example_dags/example_display_name.py
[2024-10-16T11:42:50.647+0000] {processor.py:914} INFO - Processing file /home/airflow/.local/lib/python3.12/site-packages/airflow/example_dags/example_display_name.py for tasks to queue
[2024-10-16T11:42:50.648+0000] {logging_mixin.py:190} INFO - [2024-10-16T11:42:50.648+0000] {dagbag.py:588} INFO - Filling up the DagBag from /home/airflow/.local/lib/python3.12/site-packages/airflow/example_dags/example_display_name.py
[2024-10-16T11:42:50.657+0000] {processor.py:925} INFO - DAG(s) 'example_display_name' retrieved from /home/airflow/.local/lib/python3.12/site-packages/airflow/example_dags/example_display_name.py
[2024-10-16T11:42:50.685+0000] {logging_mixin.py:190} INFO - [2024-10-16T11:42:50.684+0000] {dag.py:3239} INFO - Sync 1 DAGs
[2024-10-16T11:42:50.702+0000] {logging_mixin.py:190} INFO - [2024-10-16T11:42:50.702+0000] {dag.py:4180} INFO - Setting next_dagrun for example_display_name to None, run_after=None
[2024-10-16T11:42:50.724+0000] {processor.py:208} INFO - Processing /home/airflow/.local/lib/python3.12/site-packages/airflow/example_dags/example_display_name.py took 0.084 seconds
[2024-10-16T11:43:20.798+0000] {processor.py:186} INFO - Started process (PID=127261) to work on /home/airflow/.local/lib/python3.12/site-packages/airflow/example_dags/example_display_name.py
[2024-10-16T11:43:20.799+0000] {processor.py:914} INFO - Processing file /home/airflow/.local/lib/python3.12/site-packages/airflow/example_dags/example_display_name.py for tasks to queue
[2024-10-16T11:43:20.800+0000] {logging_mixin.py:190} INFO - [2024-10-16T11:43:20.800+0000] {dagbag.py:588} INFO - Filling up the DagBag from /home/airflow/.local/lib/python3.12/site-packages/airflow/example_dags/example_display_name.py
[2024-10-16T11:43:20.809+0000] {processor.py:925} INFO - DAG(s) 'example_display_name' retrieved from /home/airflow/.local/lib/python3.12/site-packages/airflow/example_dags/example_display_name.py
[2024-10-16T11:43:20.829+0000] {logging_mixin.py:190} INFO - [2024-10-16T11:43:20.829+0000] {dag.py:3239} INFO - Sync 1 DAGs
[2024-10-16T11:43:20.846+0000] {logging_mixin.py:190} INFO - [2024-10-16T11:43:20.846+0000] {dag.py:4180} INFO - Setting next_dagrun for example_display_name to None, run_after=None
[2024-10-16T11:43:20.867+0000] {processor.py:208} INFO - Processing /home/airflow/.local/lib/python3.12/site-packages/airflow/example_dags/example_display_name.py took 0.076 seconds
[2024-10-16T11:43:51.133+0000] {processor.py:186} INFO - Started process (PID=127324) to work on /home/airflow/.local/lib/python3.12/site-packages/airflow/example_dags/example_display_name.py
[2024-10-16T11:43:51.134+0000] {processor.py:914} INFO - Processing file /home/airflow/.local/lib/python3.12/site-packages/airflow/example_dags/example_display_name.py for tasks to queue
[2024-10-16T11:43:51.136+0000] {logging_mixin.py:190} INFO - [2024-10-16T11:43:51.135+0000] {dagbag.py:588} INFO - Filling up the DagBag from /home/airflow/.local/lib/python3.12/site-packages/airflow/example_dags/example_display_name.py
[2024-10-16T11:43:51.144+0000] {processor.py:925} INFO - DAG(s) 'example_display_name' retrieved from /home/airflow/.local/lib/python3.12/site-packages/airflow/example_dags/example_display_name.py
[2024-10-16T11:43:51.165+0000] {logging_mixin.py:190} INFO - [2024-10-16T11:43:51.164+0000] {dag.py:3239} INFO - Sync 1 DAGs
[2024-10-16T11:43:51.182+0000] {logging_mixin.py:190} INFO - [2024-10-16T11:43:51.182+0000] {dag.py:4180} INFO - Setting next_dagrun for example_display_name to None, run_after=None
[2024-10-16T11:43:51.203+0000] {processor.py:208} INFO - Processing /home/airflow/.local/lib/python3.12/site-packages/airflow/example_dags/example_display_name.py took 0.077 seconds
[2024-10-16T11:44:22.646+0000] {processor.py:186} INFO - Started process (PID=127388) to work on /home/airflow/.local/lib/python3.12/site-packages/airflow/example_dags/example_display_name.py
[2024-10-16T11:44:22.647+0000] {processor.py:914} INFO - Processing file /home/airflow/.local/lib/python3.12/site-packages/airflow/example_dags/example_display_name.py for tasks to queue
[2024-10-16T11:44:22.649+0000] {logging_mixin.py:190} INFO - [2024-10-16T11:44:22.648+0000] {dagbag.py:588} INFO - Filling up the DagBag from /home/airflow/.local/lib/python3.12/site-packages/airflow/example_dags/example_display_name.py
[2024-10-16T11:44:22.657+0000] {processor.py:925} INFO - DAG(s) 'example_display_name' retrieved from /home/airflow/.local/lib/python3.12/site-packages/airflow/example_dags/example_display_name.py
[2024-10-16T11:44:22.678+0000] {logging_mixin.py:190} INFO - [2024-10-16T11:44:22.678+0000] {dag.py:3239} INFO - Sync 1 DAGs
[2024-10-16T11:44:22.694+0000] {logging_mixin.py:190} INFO - [2024-10-16T11:44:22.694+0000] {dag.py:4180} INFO - Setting next_dagrun for example_display_name to None, run_after=None
[2024-10-16T11:44:22.714+0000] {processor.py:208} INFO - Processing /home/airflow/.local/lib/python3.12/site-packages/airflow/example_dags/example_display_name.py took 0.075 seconds
[2024-10-16T11:44:52.988+0000] {processor.py:186} INFO - Started process (PID=127451) to work on /home/airflow/.local/lib/python3.12/site-packages/airflow/example_dags/example_display_name.py
[2024-10-16T11:44:52.989+0000] {processor.py:914} INFO - Processing file /home/airflow/.local/lib/python3.12/site-packages/airflow/example_dags/example_display_name.py for tasks to queue
[2024-10-16T11:44:52.990+0000] {logging_mixin.py:190} INFO - [2024-10-16T11:44:52.990+0000] {dagbag.py:588} INFO - Filling up the DagBag from /home/airflow/.local/lib/python3.12/site-packages/airflow/example_dags/example_display_name.py
[2024-10-16T11:44:52.999+0000] {processor.py:925} INFO - DAG(s) 'example_display_name' retrieved from /home/airflow/.local/lib/python3.12/site-packages/airflow/example_dags/example_display_name.py
[2024-10-16T11:44:53.020+0000] {logging_mixin.py:190} INFO - [2024-10-16T11:44:53.020+0000] {dag.py:3239} INFO - Sync 1 DAGs
[2024-10-16T11:44:53.042+0000] {logging_mixin.py:190} INFO - [2024-10-16T11:44:53.042+0000] {dag.py:4180} INFO - Setting next_dagrun for example_display_name to None, run_after=None
[2024-10-16T11:44:53.065+0000] {processor.py:208} INFO - Processing /home/airflow/.local/lib/python3.12/site-packages/airflow/example_dags/example_display_name.py took 0.086 seconds
[2024-10-16T11:45:24.784+0000] {processor.py:186} INFO - Started process (PID=127514) to work on /home/airflow/.local/lib/python3.12/site-packages/airflow/example_dags/example_display_name.py
[2024-10-16T11:45:24.786+0000] {processor.py:914} INFO - Processing file /home/airflow/.local/lib/python3.12/site-packages/airflow/example_dags/example_display_name.py for tasks to queue
[2024-10-16T11:45:24.788+0000] {logging_mixin.py:190} INFO - [2024-10-16T11:45:24.787+0000] {dagbag.py:588} INFO - Filling up the DagBag from /home/airflow/.local/lib/python3.12/site-packages/airflow/example_dags/example_display_name.py
[2024-10-16T11:45:24.799+0000] {processor.py:925} INFO - DAG(s) 'example_display_name' retrieved from /home/airflow/.local/lib/python3.12/site-packages/airflow/example_dags/example_display_name.py
[2024-10-16T11:45:24.827+0000] {logging_mixin.py:190} INFO - [2024-10-16T11:45:24.827+0000] {dag.py:3239} INFO - Sync 1 DAGs
[2024-10-16T11:45:24.851+0000] {logging_mixin.py:190} INFO - [2024-10-16T11:45:24.851+0000] {dag.py:4180} INFO - Setting next_dagrun for example_display_name to None, run_after=None
[2024-10-16T11:45:24.883+0000] {processor.py:208} INFO - Processing /home/airflow/.local/lib/python3.12/site-packages/airflow/example_dags/example_display_name.py took 0.109 seconds
[2024-10-16T11:45:57.211+0000] {processor.py:186} INFO - Started process (PID=127578) to work on /home/airflow/.local/lib/python3.12/site-packages/airflow/example_dags/example_display_name.py
[2024-10-16T11:45:57.212+0000] {processor.py:914} INFO - Processing file /home/airflow/.local/lib/python3.12/site-packages/airflow/example_dags/example_display_name.py for tasks to queue
[2024-10-16T11:45:57.213+0000] {logging_mixin.py:190} INFO - [2024-10-16T11:45:57.213+0000] {dagbag.py:588} INFO - Filling up the DagBag from /home/airflow/.local/lib/python3.12/site-packages/airflow/example_dags/example_display_name.py
[2024-10-16T11:45:57.221+0000] {processor.py:925} INFO - DAG(s) 'example_display_name' retrieved from /home/airflow/.local/lib/python3.12/site-packages/airflow/example_dags/example_display_name.py
[2024-10-16T11:45:57.246+0000] {logging_mixin.py:190} INFO - [2024-10-16T11:45:57.246+0000] {dag.py:3239} INFO - Sync 1 DAGs
[2024-10-16T11:45:57.270+0000] {logging_mixin.py:190} INFO - [2024-10-16T11:45:57.270+0000] {dag.py:4180} INFO - Setting next_dagrun for example_display_name to None, run_after=None
[2024-10-16T11:45:57.292+0000] {processor.py:208} INFO - Processing /home/airflow/.local/lib/python3.12/site-packages/airflow/example_dags/example_display_name.py took 0.087 seconds
