[2024-10-16T11:30:04.483+0000] {processor.py:186} INFO - Started process (PID=125612) to work on /home/airflow/.local/lib/python3.12/site-packages/airflow/example_dags/example_branch_operator_decorator.py
[2024-10-16T11:30:04.484+0000] {processor.py:914} INFO - Processing file /home/airflow/.local/lib/python3.12/site-packages/airflow/example_dags/example_branch_operator_decorator.py for tasks to queue
[2024-10-16T11:30:04.485+0000] {logging_mixin.py:190} INFO - [2024-10-16T11:30:04.485+0000] {dagbag.py:588} INFO - Filling up the DagBag from /home/airflow/.local/lib/python3.12/site-packages/airflow/example_dags/example_branch_operator_decorator.py
[2024-10-16T11:30:04.508+0000] {processor.py:925} INFO - DAG(s) 'example_branch_python_operator_decorator' retrieved from /home/airflow/.local/lib/python3.12/site-packages/airflow/example_dags/example_branch_operator_decorator.py
[2024-10-16T11:30:04.539+0000] {logging_mixin.py:190} INFO - [2024-10-16T11:30:04.539+0000] {dag.py:3239} INFO - Sync 1 DAGs
[2024-10-16T11:30:04.567+0000] {logging_mixin.py:190} INFO - [2024-10-16T11:30:04.567+0000] {dag.py:4180} INFO - Setting next_dagrun for example_branch_python_operator_decorator to 2024-10-15 00:00:00+00:00, run_after=2024-10-16 00:00:00+00:00
[2024-10-16T11:30:04.586+0000] {processor.py:208} INFO - Processing /home/airflow/.local/lib/python3.12/site-packages/airflow/example_dags/example_branch_operator_decorator.py took 0.110 seconds
[2024-10-16T11:30:35.442+0000] {processor.py:186} INFO - Started process (PID=125676) to work on /home/airflow/.local/lib/python3.12/site-packages/airflow/example_dags/example_branch_operator_decorator.py
[2024-10-16T11:30:35.444+0000] {processor.py:914} INFO - Processing file /home/airflow/.local/lib/python3.12/site-packages/airflow/example_dags/example_branch_operator_decorator.py for tasks to queue
[2024-10-16T11:30:35.446+0000] {logging_mixin.py:190} INFO - [2024-10-16T11:30:35.445+0000] {dagbag.py:588} INFO - Filling up the DagBag from /home/airflow/.local/lib/python3.12/site-packages/airflow/example_dags/example_branch_operator_decorator.py
[2024-10-16T11:30:35.471+0000] {processor.py:925} INFO - DAG(s) 'example_branch_python_operator_decorator' retrieved from /home/airflow/.local/lib/python3.12/site-packages/airflow/example_dags/example_branch_operator_decorator.py
[2024-10-16T11:30:35.504+0000] {logging_mixin.py:190} INFO - [2024-10-16T11:30:35.504+0000] {dag.py:3239} INFO - Sync 1 DAGs
[2024-10-16T11:30:35.535+0000] {logging_mixin.py:190} INFO - [2024-10-16T11:30:35.535+0000] {dag.py:4180} INFO - Setting next_dagrun for example_branch_python_operator_decorator to 2024-10-15 00:00:00+00:00, run_after=2024-10-16 00:00:00+00:00
[2024-10-16T11:30:35.561+0000] {processor.py:208} INFO - Processing /home/airflow/.local/lib/python3.12/site-packages/airflow/example_dags/example_branch_operator_decorator.py took 0.127 seconds
[2024-10-16T11:31:05.970+0000] {processor.py:186} INFO - Started process (PID=125739) to work on /home/airflow/.local/lib/python3.12/site-packages/airflow/example_dags/example_branch_operator_decorator.py
[2024-10-16T11:31:05.972+0000] {processor.py:914} INFO - Processing file /home/airflow/.local/lib/python3.12/site-packages/airflow/example_dags/example_branch_operator_decorator.py for tasks to queue
[2024-10-16T11:31:05.973+0000] {logging_mixin.py:190} INFO - [2024-10-16T11:31:05.973+0000] {dagbag.py:588} INFO - Filling up the DagBag from /home/airflow/.local/lib/python3.12/site-packages/airflow/example_dags/example_branch_operator_decorator.py
[2024-10-16T11:31:05.995+0000] {processor.py:925} INFO - DAG(s) 'example_branch_python_operator_decorator' retrieved from /home/airflow/.local/lib/python3.12/site-packages/airflow/example_dags/example_branch_operator_decorator.py
[2024-10-16T11:31:06.028+0000] {logging_mixin.py:190} INFO - [2024-10-16T11:31:06.027+0000] {dag.py:3239} INFO - Sync 1 DAGs
[2024-10-16T11:31:06.054+0000] {logging_mixin.py:190} INFO - [2024-10-16T11:31:06.053+0000] {dag.py:4180} INFO - Setting next_dagrun for example_branch_python_operator_decorator to 2024-10-15 00:00:00+00:00, run_after=2024-10-16 00:00:00+00:00
[2024-10-16T11:31:06.075+0000] {processor.py:208} INFO - Processing /home/airflow/.local/lib/python3.12/site-packages/airflow/example_dags/example_branch_operator_decorator.py took 0.110 seconds
[2024-10-16T11:31:36.602+0000] {processor.py:186} INFO - Started process (PID=125802) to work on /home/airflow/.local/lib/python3.12/site-packages/airflow/example_dags/example_branch_operator_decorator.py
[2024-10-16T11:31:36.603+0000] {processor.py:914} INFO - Processing file /home/airflow/.local/lib/python3.12/site-packages/airflow/example_dags/example_branch_operator_decorator.py for tasks to queue
[2024-10-16T11:31:36.604+0000] {logging_mixin.py:190} INFO - [2024-10-16T11:31:36.603+0000] {dagbag.py:588} INFO - Filling up the DagBag from /home/airflow/.local/lib/python3.12/site-packages/airflow/example_dags/example_branch_operator_decorator.py
[2024-10-16T11:31:36.625+0000] {processor.py:925} INFO - DAG(s) 'example_branch_python_operator_decorator' retrieved from /home/airflow/.local/lib/python3.12/site-packages/airflow/example_dags/example_branch_operator_decorator.py
[2024-10-16T11:31:36.530+0000] {logging_mixin.py:190} INFO - [2024-10-16T11:31:36.530+0000] {dag.py:3239} INFO - Sync 1 DAGs
[2024-10-16T11:31:36.553+0000] {logging_mixin.py:190} INFO - [2024-10-16T11:31:36.553+0000] {dag.py:4180} INFO - Setting next_dagrun for example_branch_python_operator_decorator to 2024-10-15 00:00:00+00:00, run_after=2024-10-16 00:00:00+00:00
[2024-10-16T11:31:36.573+0000] {processor.py:208} INFO - Processing /home/airflow/.local/lib/python3.12/site-packages/airflow/example_dags/example_branch_operator_decorator.py took 0.103 seconds
[2024-10-16T11:32:07.071+0000] {processor.py:186} INFO - Started process (PID=125865) to work on /home/airflow/.local/lib/python3.12/site-packages/airflow/example_dags/example_branch_operator_decorator.py
[2024-10-16T11:32:07.072+0000] {processor.py:914} INFO - Processing file /home/airflow/.local/lib/python3.12/site-packages/airflow/example_dags/example_branch_operator_decorator.py for tasks to queue
[2024-10-16T11:32:07.074+0000] {logging_mixin.py:190} INFO - [2024-10-16T11:32:07.073+0000] {dagbag.py:588} INFO - Filling up the DagBag from /home/airflow/.local/lib/python3.12/site-packages/airflow/example_dags/example_branch_operator_decorator.py
[2024-10-16T11:32:07.099+0000] {processor.py:925} INFO - DAG(s) 'example_branch_python_operator_decorator' retrieved from /home/airflow/.local/lib/python3.12/site-packages/airflow/example_dags/example_branch_operator_decorator.py
[2024-10-16T11:32:07.131+0000] {logging_mixin.py:190} INFO - [2024-10-16T11:32:07.131+0000] {dag.py:3239} INFO - Sync 1 DAGs
[2024-10-16T11:32:07.164+0000] {logging_mixin.py:190} INFO - [2024-10-16T11:32:07.163+0000] {dag.py:4180} INFO - Setting next_dagrun for example_branch_python_operator_decorator to 2024-10-15 00:00:00+00:00, run_after=2024-10-16 00:00:00+00:00
[2024-10-16T11:32:07.196+0000] {processor.py:208} INFO - Processing /home/airflow/.local/lib/python3.12/site-packages/airflow/example_dags/example_branch_operator_decorator.py took 0.132 seconds
[2024-10-16T11:32:37.844+0000] {processor.py:186} INFO - Started process (PID=125928) to work on /home/airflow/.local/lib/python3.12/site-packages/airflow/example_dags/example_branch_operator_decorator.py
[2024-10-16T11:32:37.845+0000] {processor.py:914} INFO - Processing file /home/airflow/.local/lib/python3.12/site-packages/airflow/example_dags/example_branch_operator_decorator.py for tasks to queue
[2024-10-16T11:32:37.846+0000] {logging_mixin.py:190} INFO - [2024-10-16T11:32:37.846+0000] {dagbag.py:588} INFO - Filling up the DagBag from /home/airflow/.local/lib/python3.12/site-packages/airflow/example_dags/example_branch_operator_decorator.py
[2024-10-16T11:32:37.871+0000] {processor.py:925} INFO - DAG(s) 'example_branch_python_operator_decorator' retrieved from /home/airflow/.local/lib/python3.12/site-packages/airflow/example_dags/example_branch_operator_decorator.py
[2024-10-16T11:32:37.900+0000] {logging_mixin.py:190} INFO - [2024-10-16T11:32:37.899+0000] {dag.py:3239} INFO - Sync 1 DAGs
[2024-10-16T11:32:37.923+0000] {logging_mixin.py:190} INFO - [2024-10-16T11:32:37.923+0000] {dag.py:4180} INFO - Setting next_dagrun for example_branch_python_operator_decorator to 2024-10-15 00:00:00+00:00, run_after=2024-10-16 00:00:00+00:00
[2024-10-16T11:32:37.945+0000] {processor.py:208} INFO - Processing /home/airflow/.local/lib/python3.12/site-packages/airflow/example_dags/example_branch_operator_decorator.py took 0.107 seconds
[2024-10-16T11:33:08.406+0000] {processor.py:186} INFO - Started process (PID=125991) to work on /home/airflow/.local/lib/python3.12/site-packages/airflow/example_dags/example_branch_operator_decorator.py
[2024-10-16T11:33:08.408+0000] {processor.py:914} INFO - Processing file /home/airflow/.local/lib/python3.12/site-packages/airflow/example_dags/example_branch_operator_decorator.py for tasks to queue
[2024-10-16T11:33:08.409+0000] {logging_mixin.py:190} INFO - [2024-10-16T11:33:08.409+0000] {dagbag.py:588} INFO - Filling up the DagBag from /home/airflow/.local/lib/python3.12/site-packages/airflow/example_dags/example_branch_operator_decorator.py
[2024-10-16T11:33:08.450+0000] {processor.py:925} INFO - DAG(s) 'example_branch_python_operator_decorator' retrieved from /home/airflow/.local/lib/python3.12/site-packages/airflow/example_dags/example_branch_operator_decorator.py
[2024-10-16T11:33:08.481+0000] {logging_mixin.py:190} INFO - [2024-10-16T11:33:08.481+0000] {dag.py:3239} INFO - Sync 1 DAGs
[2024-10-16T11:33:08.511+0000] {logging_mixin.py:190} INFO - [2024-10-16T11:33:08.511+0000] {dag.py:4180} INFO - Setting next_dagrun for example_branch_python_operator_decorator to 2024-10-15 00:00:00+00:00, run_after=2024-10-16 00:00:00+00:00
[2024-10-16T11:33:08.609+0000] {processor.py:208} INFO - Processing /home/airflow/.local/lib/python3.12/site-packages/airflow/example_dags/example_branch_operator_decorator.py took 0.209 seconds
[2024-10-16T11:33:38.750+0000] {processor.py:186} INFO - Started process (PID=126055) to work on /home/airflow/.local/lib/python3.12/site-packages/airflow/example_dags/example_branch_operator_decorator.py
[2024-10-16T11:33:38.751+0000] {processor.py:914} INFO - Processing file /home/airflow/.local/lib/python3.12/site-packages/airflow/example_dags/example_branch_operator_decorator.py for tasks to queue
[2024-10-16T11:33:38.753+0000] {logging_mixin.py:190} INFO - [2024-10-16T11:33:38.752+0000] {dagbag.py:588} INFO - Filling up the DagBag from /home/airflow/.local/lib/python3.12/site-packages/airflow/example_dags/example_branch_operator_decorator.py
[2024-10-16T11:33:38.774+0000] {processor.py:925} INFO - DAG(s) 'example_branch_python_operator_decorator' retrieved from /home/airflow/.local/lib/python3.12/site-packages/airflow/example_dags/example_branch_operator_decorator.py
[2024-10-16T11:33:38.801+0000] {logging_mixin.py:190} INFO - [2024-10-16T11:33:38.800+0000] {dag.py:3239} INFO - Sync 1 DAGs
[2024-10-16T11:33:38.825+0000] {logging_mixin.py:190} INFO - [2024-10-16T11:33:38.825+0000] {dag.py:4180} INFO - Setting next_dagrun for example_branch_python_operator_decorator to 2024-10-15 00:00:00+00:00, run_after=2024-10-16 00:00:00+00:00
[2024-10-16T11:33:38.845+0000] {processor.py:208} INFO - Processing /home/airflow/.local/lib/python3.12/site-packages/airflow/example_dags/example_branch_operator_decorator.py took 0.100 seconds
[2024-10-16T11:34:09.284+0000] {processor.py:186} INFO - Started process (PID=126117) to work on /home/airflow/.local/lib/python3.12/site-packages/airflow/example_dags/example_branch_operator_decorator.py
[2024-10-16T11:34:09.287+0000] {processor.py:914} INFO - Processing file /home/airflow/.local/lib/python3.12/site-packages/airflow/example_dags/example_branch_operator_decorator.py for tasks to queue
[2024-10-16T11:34:09.289+0000] {logging_mixin.py:190} INFO - [2024-10-16T11:34:09.289+0000] {dagbag.py:588} INFO - Filling up the DagBag from /home/airflow/.local/lib/python3.12/site-packages/airflow/example_dags/example_branch_operator_decorator.py
[2024-10-16T11:34:09.325+0000] {processor.py:925} INFO - DAG(s) 'example_branch_python_operator_decorator' retrieved from /home/airflow/.local/lib/python3.12/site-packages/airflow/example_dags/example_branch_operator_decorator.py
[2024-10-16T11:34:09.362+0000] {logging_mixin.py:190} INFO - [2024-10-16T11:34:09.362+0000] {dag.py:3239} INFO - Sync 1 DAGs
[2024-10-16T11:34:09.394+0000] {logging_mixin.py:190} INFO - [2024-10-16T11:34:09.394+0000] {dag.py:4180} INFO - Setting next_dagrun for example_branch_python_operator_decorator to 2024-10-15 00:00:00+00:00, run_after=2024-10-16 00:00:00+00:00
[2024-10-16T11:34:09.416+0000] {processor.py:208} INFO - Processing /home/airflow/.local/lib/python3.12/site-packages/airflow/example_dags/example_branch_operator_decorator.py took 0.145 seconds
[2024-10-16T11:34:39.539+0000] {processor.py:186} INFO - Started process (PID=126181) to work on /home/airflow/.local/lib/python3.12/site-packages/airflow/example_dags/example_branch_operator_decorator.py
[2024-10-16T11:34:39.540+0000] {processor.py:914} INFO - Processing file /home/airflow/.local/lib/python3.12/site-packages/airflow/example_dags/example_branch_operator_decorator.py for tasks to queue
[2024-10-16T11:34:39.541+0000] {logging_mixin.py:190} INFO - [2024-10-16T11:34:39.541+0000] {dagbag.py:588} INFO - Filling up the DagBag from /home/airflow/.local/lib/python3.12/site-packages/airflow/example_dags/example_branch_operator_decorator.py
[2024-10-16T11:34:39.564+0000] {processor.py:925} INFO - DAG(s) 'example_branch_python_operator_decorator' retrieved from /home/airflow/.local/lib/python3.12/site-packages/airflow/example_dags/example_branch_operator_decorator.py
[2024-10-16T11:34:39.596+0000] {logging_mixin.py:190} INFO - [2024-10-16T11:34:39.596+0000] {dag.py:3239} INFO - Sync 1 DAGs
[2024-10-16T11:34:39.619+0000] {logging_mixin.py:190} INFO - [2024-10-16T11:34:39.619+0000] {dag.py:4180} INFO - Setting next_dagrun for example_branch_python_operator_decorator to 2024-10-15 00:00:00+00:00, run_after=2024-10-16 00:00:00+00:00
[2024-10-16T11:34:39.637+0000] {processor.py:208} INFO - Processing /home/airflow/.local/lib/python3.12/site-packages/airflow/example_dags/example_branch_operator_decorator.py took 0.103 seconds
[2024-10-16T11:35:10.287+0000] {processor.py:186} INFO - Started process (PID=126244) to work on /home/airflow/.local/lib/python3.12/site-packages/airflow/example_dags/example_branch_operator_decorator.py
[2024-10-16T11:35:10.288+0000] {processor.py:914} INFO - Processing file /home/airflow/.local/lib/python3.12/site-packages/airflow/example_dags/example_branch_operator_decorator.py for tasks to queue
[2024-10-16T11:35:10.289+0000] {logging_mixin.py:190} INFO - [2024-10-16T11:35:10.289+0000] {dagbag.py:588} INFO - Filling up the DagBag from /home/airflow/.local/lib/python3.12/site-packages/airflow/example_dags/example_branch_operator_decorator.py
[2024-10-16T11:35:10.311+0000] {processor.py:925} INFO - DAG(s) 'example_branch_python_operator_decorator' retrieved from /home/airflow/.local/lib/python3.12/site-packages/airflow/example_dags/example_branch_operator_decorator.py
[2024-10-16T11:35:10.337+0000] {logging_mixin.py:190} INFO - [2024-10-16T11:35:10.337+0000] {dag.py:3239} INFO - Sync 1 DAGs
[2024-10-16T11:35:10.363+0000] {logging_mixin.py:190} INFO - [2024-10-16T11:35:10.363+0000] {dag.py:4180} INFO - Setting next_dagrun for example_branch_python_operator_decorator to 2024-10-15 00:00:00+00:00, run_after=2024-10-16 00:00:00+00:00
[2024-10-16T11:35:10.382+0000] {processor.py:208} INFO - Processing /home/airflow/.local/lib/python3.12/site-packages/airflow/example_dags/example_branch_operator_decorator.py took 0.101 seconds
[2024-10-16T11:35:40.747+0000] {processor.py:186} INFO - Started process (PID=126307) to work on /home/airflow/.local/lib/python3.12/site-packages/airflow/example_dags/example_branch_operator_decorator.py
[2024-10-16T11:35:40.748+0000] {processor.py:914} INFO - Processing file /home/airflow/.local/lib/python3.12/site-packages/airflow/example_dags/example_branch_operator_decorator.py for tasks to queue
[2024-10-16T11:35:40.750+0000] {logging_mixin.py:190} INFO - [2024-10-16T11:35:40.749+0000] {dagbag.py:588} INFO - Filling up the DagBag from /home/airflow/.local/lib/python3.12/site-packages/airflow/example_dags/example_branch_operator_decorator.py
[2024-10-16T11:35:40.774+0000] {processor.py:925} INFO - DAG(s) 'example_branch_python_operator_decorator' retrieved from /home/airflow/.local/lib/python3.12/site-packages/airflow/example_dags/example_branch_operator_decorator.py
[2024-10-16T11:35:40.804+0000] {logging_mixin.py:190} INFO - [2024-10-16T11:35:40.803+0000] {dag.py:3239} INFO - Sync 1 DAGs
[2024-10-16T11:35:40.832+0000] {logging_mixin.py:190} INFO - [2024-10-16T11:35:40.832+0000] {dag.py:4180} INFO - Setting next_dagrun for example_branch_python_operator_decorator to 2024-10-15 00:00:00+00:00, run_after=2024-10-16 00:00:00+00:00
[2024-10-16T11:35:40.853+0000] {processor.py:208} INFO - Processing /home/airflow/.local/lib/python3.12/site-packages/airflow/example_dags/example_branch_operator_decorator.py took 0.113 seconds
[2024-10-16T11:36:11.532+0000] {processor.py:186} INFO - Started process (PID=126370) to work on /home/airflow/.local/lib/python3.12/site-packages/airflow/example_dags/example_branch_operator_decorator.py
[2024-10-16T11:36:11.533+0000] {processor.py:914} INFO - Processing file /home/airflow/.local/lib/python3.12/site-packages/airflow/example_dags/example_branch_operator_decorator.py for tasks to queue
[2024-10-16T11:36:11.534+0000] {logging_mixin.py:190} INFO - [2024-10-16T11:36:11.533+0000] {dagbag.py:588} INFO - Filling up the DagBag from /home/airflow/.local/lib/python3.12/site-packages/airflow/example_dags/example_branch_operator_decorator.py
[2024-10-16T11:36:11.558+0000] {processor.py:925} INFO - DAG(s) 'example_branch_python_operator_decorator' retrieved from /home/airflow/.local/lib/python3.12/site-packages/airflow/example_dags/example_branch_operator_decorator.py
[2024-10-16T11:36:11.598+0000] {logging_mixin.py:190} INFO - [2024-10-16T11:36:11.597+0000] {dag.py:3239} INFO - Sync 1 DAGs
[2024-10-16T11:36:11.632+0000] {logging_mixin.py:190} INFO - [2024-10-16T11:36:11.632+0000] {dag.py:4180} INFO - Setting next_dagrun for example_branch_python_operator_decorator to 2024-10-15 00:00:00+00:00, run_after=2024-10-16 00:00:00+00:00
[2024-10-16T11:36:11.656+0000] {processor.py:208} INFO - Processing /home/airflow/.local/lib/python3.12/site-packages/airflow/example_dags/example_branch_operator_decorator.py took 0.131 seconds
[2024-10-16T11:36:42.046+0000] {processor.py:186} INFO - Started process (PID=126434) to work on /home/airflow/.local/lib/python3.12/site-packages/airflow/example_dags/example_branch_operator_decorator.py
[2024-10-16T11:36:42.047+0000] {processor.py:914} INFO - Processing file /home/airflow/.local/lib/python3.12/site-packages/airflow/example_dags/example_branch_operator_decorator.py for tasks to queue
[2024-10-16T11:36:42.048+0000] {logging_mixin.py:190} INFO - [2024-10-16T11:36:42.048+0000] {dagbag.py:588} INFO - Filling up the DagBag from /home/airflow/.local/lib/python3.12/site-packages/airflow/example_dags/example_branch_operator_decorator.py
[2024-10-16T11:36:42.069+0000] {processor.py:925} INFO - DAG(s) 'example_branch_python_operator_decorator' retrieved from /home/airflow/.local/lib/python3.12/site-packages/airflow/example_dags/example_branch_operator_decorator.py
[2024-10-16T11:36:42.094+0000] {logging_mixin.py:190} INFO - [2024-10-16T11:36:42.094+0000] {dag.py:3239} INFO - Sync 1 DAGs
[2024-10-16T11:36:42.118+0000] {logging_mixin.py:190} INFO - [2024-10-16T11:36:42.118+0000] {dag.py:4180} INFO - Setting next_dagrun for example_branch_python_operator_decorator to 2024-10-15 00:00:00+00:00, run_after=2024-10-16 00:00:00+00:00
[2024-10-16T11:36:42.138+0000] {processor.py:208} INFO - Processing /home/airflow/.local/lib/python3.12/site-packages/airflow/example_dags/example_branch_operator_decorator.py took 0.098 seconds
[2024-10-16T11:37:12.475+0000] {processor.py:186} INFO - Started process (PID=126497) to work on /home/airflow/.local/lib/python3.12/site-packages/airflow/example_dags/example_branch_operator_decorator.py
[2024-10-16T11:37:12.476+0000] {processor.py:914} INFO - Processing file /home/airflow/.local/lib/python3.12/site-packages/airflow/example_dags/example_branch_operator_decorator.py for tasks to queue
[2024-10-16T11:37:12.477+0000] {logging_mixin.py:190} INFO - [2024-10-16T11:37:12.477+0000] {dagbag.py:588} INFO - Filling up the DagBag from /home/airflow/.local/lib/python3.12/site-packages/airflow/example_dags/example_branch_operator_decorator.py
[2024-10-16T11:37:12.497+0000] {processor.py:925} INFO - DAG(s) 'example_branch_python_operator_decorator' retrieved from /home/airflow/.local/lib/python3.12/site-packages/airflow/example_dags/example_branch_operator_decorator.py
[2024-10-16T11:37:12.524+0000] {logging_mixin.py:190} INFO - [2024-10-16T11:37:12.523+0000] {dag.py:3239} INFO - Sync 1 DAGs
[2024-10-16T11:37:12.548+0000] {logging_mixin.py:190} INFO - [2024-10-16T11:37:12.548+0000] {dag.py:4180} INFO - Setting next_dagrun for example_branch_python_operator_decorator to 2024-10-15 00:00:00+00:00, run_after=2024-10-16 00:00:00+00:00
[2024-10-16T11:37:12.567+0000] {processor.py:208} INFO - Processing /home/airflow/.local/lib/python3.12/site-packages/airflow/example_dags/example_branch_operator_decorator.py took 0.097 seconds
[2024-10-16T11:37:43.274+0000] {processor.py:186} INFO - Started process (PID=126560) to work on /home/airflow/.local/lib/python3.12/site-packages/airflow/example_dags/example_branch_operator_decorator.py
[2024-10-16T11:37:43.276+0000] {processor.py:914} INFO - Processing file /home/airflow/.local/lib/python3.12/site-packages/airflow/example_dags/example_branch_operator_decorator.py for tasks to queue
[2024-10-16T11:37:43.277+0000] {logging_mixin.py:190} INFO - [2024-10-16T11:37:43.277+0000] {dagbag.py:588} INFO - Filling up the DagBag from /home/airflow/.local/lib/python3.12/site-packages/airflow/example_dags/example_branch_operator_decorator.py
[2024-10-16T11:37:43.299+0000] {processor.py:925} INFO - DAG(s) 'example_branch_python_operator_decorator' retrieved from /home/airflow/.local/lib/python3.12/site-packages/airflow/example_dags/example_branch_operator_decorator.py
[2024-10-16T11:37:43.325+0000] {logging_mixin.py:190} INFO - [2024-10-16T11:37:43.325+0000] {dag.py:3239} INFO - Sync 1 DAGs
[2024-10-16T11:37:43.347+0000] {logging_mixin.py:190} INFO - [2024-10-16T11:37:43.347+0000] {dag.py:4180} INFO - Setting next_dagrun for example_branch_python_operator_decorator to 2024-10-15 00:00:00+00:00, run_after=2024-10-16 00:00:00+00:00
[2024-10-16T11:37:43.363+0000] {processor.py:208} INFO - Processing /home/airflow/.local/lib/python3.12/site-packages/airflow/example_dags/example_branch_operator_decorator.py took 0.096 seconds
[2024-10-16T11:38:13.904+0000] {processor.py:186} INFO - Started process (PID=126623) to work on /home/airflow/.local/lib/python3.12/site-packages/airflow/example_dags/example_branch_operator_decorator.py
[2024-10-16T11:38:13.905+0000] {processor.py:914} INFO - Processing file /home/airflow/.local/lib/python3.12/site-packages/airflow/example_dags/example_branch_operator_decorator.py for tasks to queue
[2024-10-16T11:38:13.907+0000] {logging_mixin.py:190} INFO - [2024-10-16T11:38:13.907+0000] {dagbag.py:588} INFO - Filling up the DagBag from /home/airflow/.local/lib/python3.12/site-packages/airflow/example_dags/example_branch_operator_decorator.py
[2024-10-16T11:38:13.931+0000] {processor.py:925} INFO - DAG(s) 'example_branch_python_operator_decorator' retrieved from /home/airflow/.local/lib/python3.12/site-packages/airflow/example_dags/example_branch_operator_decorator.py
[2024-10-16T11:38:13.965+0000] {logging_mixin.py:190} INFO - [2024-10-16T11:38:13.965+0000] {dag.py:3239} INFO - Sync 1 DAGs
[2024-10-16T11:38:13.994+0000] {logging_mixin.py:190} INFO - [2024-10-16T11:38:13.994+0000] {dag.py:4180} INFO - Setting next_dagrun for example_branch_python_operator_decorator to 2024-10-15 00:00:00+00:00, run_after=2024-10-16 00:00:00+00:00
[2024-10-16T11:38:14.014+0000] {processor.py:208} INFO - Processing /home/airflow/.local/lib/python3.12/site-packages/airflow/example_dags/example_branch_operator_decorator.py took 0.116 seconds
[2024-10-16T11:38:44.157+0000] {processor.py:186} INFO - Started process (PID=126692) to work on /home/airflow/.local/lib/python3.12/site-packages/airflow/example_dags/example_branch_operator_decorator.py
[2024-10-16T11:38:44.158+0000] {processor.py:914} INFO - Processing file /home/airflow/.local/lib/python3.12/site-packages/airflow/example_dags/example_branch_operator_decorator.py for tasks to queue
[2024-10-16T11:38:44.160+0000] {logging_mixin.py:190} INFO - [2024-10-16T11:38:44.159+0000] {dagbag.py:588} INFO - Filling up the DagBag from /home/airflow/.local/lib/python3.12/site-packages/airflow/example_dags/example_branch_operator_decorator.py
[2024-10-16T11:38:44.192+0000] {processor.py:925} INFO - DAG(s) 'example_branch_python_operator_decorator' retrieved from /home/airflow/.local/lib/python3.12/site-packages/airflow/example_dags/example_branch_operator_decorator.py
[2024-10-16T11:38:44.238+0000] {logging_mixin.py:190} INFO - [2024-10-16T11:38:44.238+0000] {dag.py:3239} INFO - Sync 1 DAGs
[2024-10-16T11:38:44.273+0000] {logging_mixin.py:190} INFO - [2024-10-16T11:38:44.272+0000] {dag.py:4180} INFO - Setting next_dagrun for example_branch_python_operator_decorator to 2024-10-15 00:00:00+00:00, run_after=2024-10-16 00:00:00+00:00
[2024-10-16T11:38:44.294+0000] {processor.py:208} INFO - Processing /home/airflow/.local/lib/python3.12/site-packages/airflow/example_dags/example_branch_operator_decorator.py took 0.148 seconds
[2024-10-16T11:39:14.993+0000] {processor.py:186} INFO - Started process (PID=126755) to work on /home/airflow/.local/lib/python3.12/site-packages/airflow/example_dags/example_branch_operator_decorator.py
[2024-10-16T11:39:14.994+0000] {processor.py:914} INFO - Processing file /home/airflow/.local/lib/python3.12/site-packages/airflow/example_dags/example_branch_operator_decorator.py for tasks to queue
[2024-10-16T11:39:14.995+0000] {logging_mixin.py:190} INFO - [2024-10-16T11:39:14.995+0000] {dagbag.py:588} INFO - Filling up the DagBag from /home/airflow/.local/lib/python3.12/site-packages/airflow/example_dags/example_branch_operator_decorator.py
[2024-10-16T11:39:15.020+0000] {processor.py:925} INFO - DAG(s) 'example_branch_python_operator_decorator' retrieved from /home/airflow/.local/lib/python3.12/site-packages/airflow/example_dags/example_branch_operator_decorator.py
[2024-10-16T11:39:15.055+0000] {logging_mixin.py:190} INFO - [2024-10-16T11:39:15.055+0000] {dag.py:3239} INFO - Sync 1 DAGs
[2024-10-16T11:39:15.086+0000] {logging_mixin.py:190} INFO - [2024-10-16T11:39:15.085+0000] {dag.py:4180} INFO - Setting next_dagrun for example_branch_python_operator_decorator to 2024-10-15 00:00:00+00:00, run_after=2024-10-16 00:00:00+00:00
[2024-10-16T11:39:15.106+0000] {processor.py:208} INFO - Processing /home/airflow/.local/lib/python3.12/site-packages/airflow/example_dags/example_branch_operator_decorator.py took 0.119 seconds
[2024-10-16T11:39:45.826+0000] {processor.py:186} INFO - Started process (PID=126818) to work on /home/airflow/.local/lib/python3.12/site-packages/airflow/example_dags/example_branch_operator_decorator.py
[2024-10-16T11:39:45.827+0000] {processor.py:914} INFO - Processing file /home/airflow/.local/lib/python3.12/site-packages/airflow/example_dags/example_branch_operator_decorator.py for tasks to queue
[2024-10-16T11:39:45.829+0000] {logging_mixin.py:190} INFO - [2024-10-16T11:39:45.828+0000] {dagbag.py:588} INFO - Filling up the DagBag from /home/airflow/.local/lib/python3.12/site-packages/airflow/example_dags/example_branch_operator_decorator.py
[2024-10-16T11:39:45.853+0000] {processor.py:925} INFO - DAG(s) 'example_branch_python_operator_decorator' retrieved from /home/airflow/.local/lib/python3.12/site-packages/airflow/example_dags/example_branch_operator_decorator.py
[2024-10-16T11:39:45.891+0000] {logging_mixin.py:190} INFO - [2024-10-16T11:39:45.890+0000] {dag.py:3239} INFO - Sync 1 DAGs
[2024-10-16T11:39:45.921+0000] {logging_mixin.py:190} INFO - [2024-10-16T11:39:45.921+0000] {dag.py:4180} INFO - Setting next_dagrun for example_branch_python_operator_decorator to 2024-10-15 00:00:00+00:00, run_after=2024-10-16 00:00:00+00:00
[2024-10-16T11:39:45.956+0000] {processor.py:208} INFO - Processing /home/airflow/.local/lib/python3.12/site-packages/airflow/example_dags/example_branch_operator_decorator.py took 0.137 seconds
[2024-10-16T11:40:16.850+0000] {processor.py:186} INFO - Started process (PID=126880) to work on /home/airflow/.local/lib/python3.12/site-packages/airflow/example_dags/example_branch_operator_decorator.py
[2024-10-16T11:40:16.851+0000] {processor.py:914} INFO - Processing file /home/airflow/.local/lib/python3.12/site-packages/airflow/example_dags/example_branch_operator_decorator.py for tasks to queue
[2024-10-16T11:40:16.853+0000] {logging_mixin.py:190} INFO - [2024-10-16T11:40:16.852+0000] {dagbag.py:588} INFO - Filling up the DagBag from /home/airflow/.local/lib/python3.12/site-packages/airflow/example_dags/example_branch_operator_decorator.py
[2024-10-16T11:40:16.876+0000] {processor.py:925} INFO - DAG(s) 'example_branch_python_operator_decorator' retrieved from /home/airflow/.local/lib/python3.12/site-packages/airflow/example_dags/example_branch_operator_decorator.py
[2024-10-16T11:40:16.909+0000] {logging_mixin.py:190} INFO - [2024-10-16T11:40:16.909+0000] {dag.py:3239} INFO - Sync 1 DAGs
[2024-10-16T11:40:16.937+0000] {logging_mixin.py:190} INFO - [2024-10-16T11:40:16.936+0000] {dag.py:4180} INFO - Setting next_dagrun for example_branch_python_operator_decorator to 2024-10-15 00:00:00+00:00, run_after=2024-10-16 00:00:00+00:00
[2024-10-16T11:40:16.958+0000] {processor.py:208} INFO - Processing /home/airflow/.local/lib/python3.12/site-packages/airflow/example_dags/example_branch_operator_decorator.py took 0.115 seconds
[2024-10-16T11:40:47.061+0000] {processor.py:186} INFO - Started process (PID=126943) to work on /home/airflow/.local/lib/python3.12/site-packages/airflow/example_dags/example_branch_operator_decorator.py
[2024-10-16T11:40:47.063+0000] {processor.py:914} INFO - Processing file /home/airflow/.local/lib/python3.12/site-packages/airflow/example_dags/example_branch_operator_decorator.py for tasks to queue
[2024-10-16T11:40:47.064+0000] {logging_mixin.py:190} INFO - [2024-10-16T11:40:47.064+0000] {dagbag.py:588} INFO - Filling up the DagBag from /home/airflow/.local/lib/python3.12/site-packages/airflow/example_dags/example_branch_operator_decorator.py
[2024-10-16T11:40:47.088+0000] {processor.py:925} INFO - DAG(s) 'example_branch_python_operator_decorator' retrieved from /home/airflow/.local/lib/python3.12/site-packages/airflow/example_dags/example_branch_operator_decorator.py
[2024-10-16T11:40:47.119+0000] {logging_mixin.py:190} INFO - [2024-10-16T11:40:47.119+0000] {dag.py:3239} INFO - Sync 1 DAGs
[2024-10-16T11:40:47.151+0000] {logging_mixin.py:190} INFO - [2024-10-16T11:40:47.150+0000] {dag.py:4180} INFO - Setting next_dagrun for example_branch_python_operator_decorator to 2024-10-15 00:00:00+00:00, run_after=2024-10-16 00:00:00+00:00
[2024-10-16T11:40:47.175+0000] {processor.py:208} INFO - Processing /home/airflow/.local/lib/python3.12/site-packages/airflow/example_dags/example_branch_operator_decorator.py took 0.120 seconds
[2024-10-16T11:41:17.583+0000] {processor.py:186} INFO - Started process (PID=127006) to work on /home/airflow/.local/lib/python3.12/site-packages/airflow/example_dags/example_branch_operator_decorator.py
[2024-10-16T11:41:17.584+0000] {processor.py:914} INFO - Processing file /home/airflow/.local/lib/python3.12/site-packages/airflow/example_dags/example_branch_operator_decorator.py for tasks to queue
[2024-10-16T11:41:17.586+0000] {logging_mixin.py:190} INFO - [2024-10-16T11:41:17.586+0000] {dagbag.py:588} INFO - Filling up the DagBag from /home/airflow/.local/lib/python3.12/site-packages/airflow/example_dags/example_branch_operator_decorator.py
[2024-10-16T11:41:17.616+0000] {processor.py:925} INFO - DAG(s) 'example_branch_python_operator_decorator' retrieved from /home/airflow/.local/lib/python3.12/site-packages/airflow/example_dags/example_branch_operator_decorator.py
[2024-10-16T11:41:17.650+0000] {logging_mixin.py:190} INFO - [2024-10-16T11:41:17.649+0000] {dag.py:3239} INFO - Sync 1 DAGs
[2024-10-16T11:41:17.677+0000] {logging_mixin.py:190} INFO - [2024-10-16T11:41:17.676+0000] {dag.py:4180} INFO - Setting next_dagrun for example_branch_python_operator_decorator to 2024-10-15 00:00:00+00:00, run_after=2024-10-16 00:00:00+00:00
[2024-10-16T11:41:17.696+0000] {processor.py:208} INFO - Processing /home/airflow/.local/lib/python3.12/site-packages/airflow/example_dags/example_branch_operator_decorator.py took 0.120 seconds
[2024-10-16T11:41:48.346+0000] {processor.py:186} INFO - Started process (PID=127069) to work on /home/airflow/.local/lib/python3.12/site-packages/airflow/example_dags/example_branch_operator_decorator.py
[2024-10-16T11:41:48.347+0000] {processor.py:914} INFO - Processing file /home/airflow/.local/lib/python3.12/site-packages/airflow/example_dags/example_branch_operator_decorator.py for tasks to queue
[2024-10-16T11:41:48.348+0000] {logging_mixin.py:190} INFO - [2024-10-16T11:41:48.348+0000] {dagbag.py:588} INFO - Filling up the DagBag from /home/airflow/.local/lib/python3.12/site-packages/airflow/example_dags/example_branch_operator_decorator.py
[2024-10-16T11:41:48.372+0000] {processor.py:925} INFO - DAG(s) 'example_branch_python_operator_decorator' retrieved from /home/airflow/.local/lib/python3.12/site-packages/airflow/example_dags/example_branch_operator_decorator.py
[2024-10-16T11:41:48.403+0000] {logging_mixin.py:190} INFO - [2024-10-16T11:41:48.403+0000] {dag.py:3239} INFO - Sync 1 DAGs
[2024-10-16T11:41:48.429+0000] {logging_mixin.py:190} INFO - [2024-10-16T11:41:48.429+0000] {dag.py:4180} INFO - Setting next_dagrun for example_branch_python_operator_decorator to 2024-10-15 00:00:00+00:00, run_after=2024-10-16 00:00:00+00:00
[2024-10-16T11:41:48.450+0000] {processor.py:208} INFO - Processing /home/airflow/.local/lib/python3.12/site-packages/airflow/example_dags/example_branch_operator_decorator.py took 0.110 seconds
[2024-10-16T11:42:19.654+0000] {processor.py:186} INFO - Started process (PID=127132) to work on /home/airflow/.local/lib/python3.12/site-packages/airflow/example_dags/example_branch_operator_decorator.py
[2024-10-16T11:42:19.655+0000] {processor.py:914} INFO - Processing file /home/airflow/.local/lib/python3.12/site-packages/airflow/example_dags/example_branch_operator_decorator.py for tasks to queue
[2024-10-16T11:42:19.657+0000] {logging_mixin.py:190} INFO - [2024-10-16T11:42:19.656+0000] {dagbag.py:588} INFO - Filling up the DagBag from /home/airflow/.local/lib/python3.12/site-packages/airflow/example_dags/example_branch_operator_decorator.py
[2024-10-16T11:42:19.684+0000] {processor.py:925} INFO - DAG(s) 'example_branch_python_operator_decorator' retrieved from /home/airflow/.local/lib/python3.12/site-packages/airflow/example_dags/example_branch_operator_decorator.py
[2024-10-16T11:42:19.718+0000] {logging_mixin.py:190} INFO - [2024-10-16T11:42:19.717+0000] {dag.py:3239} INFO - Sync 1 DAGs
[2024-10-16T11:42:19.745+0000] {logging_mixin.py:190} INFO - [2024-10-16T11:42:19.744+0000] {dag.py:4180} INFO - Setting next_dagrun for example_branch_python_operator_decorator to 2024-10-15 00:00:00+00:00, run_after=2024-10-16 00:00:00+00:00
[2024-10-16T11:42:19.764+0000] {processor.py:208} INFO - Processing /home/airflow/.local/lib/python3.12/site-packages/airflow/example_dags/example_branch_operator_decorator.py took 0.116 seconds
[2024-10-16T11:42:50.424+0000] {processor.py:186} INFO - Started process (PID=127195) to work on /home/airflow/.local/lib/python3.12/site-packages/airflow/example_dags/example_branch_operator_decorator.py
[2024-10-16T11:42:50.425+0000] {processor.py:914} INFO - Processing file /home/airflow/.local/lib/python3.12/site-packages/airflow/example_dags/example_branch_operator_decorator.py for tasks to queue
[2024-10-16T11:42:50.427+0000] {logging_mixin.py:190} INFO - [2024-10-16T11:42:50.426+0000] {dagbag.py:588} INFO - Filling up the DagBag from /home/airflow/.local/lib/python3.12/site-packages/airflow/example_dags/example_branch_operator_decorator.py
[2024-10-16T11:42:50.458+0000] {processor.py:925} INFO - DAG(s) 'example_branch_python_operator_decorator' retrieved from /home/airflow/.local/lib/python3.12/site-packages/airflow/example_dags/example_branch_operator_decorator.py
[2024-10-16T11:42:50.490+0000] {logging_mixin.py:190} INFO - [2024-10-16T11:42:50.490+0000] {dag.py:3239} INFO - Sync 1 DAGs
[2024-10-16T11:42:50.527+0000] {logging_mixin.py:190} INFO - [2024-10-16T11:42:50.527+0000] {dag.py:4180} INFO - Setting next_dagrun for example_branch_python_operator_decorator to 2024-10-15 00:00:00+00:00, run_after=2024-10-16 00:00:00+00:00
[2024-10-16T11:42:50.549+0000] {processor.py:208} INFO - Processing /home/airflow/.local/lib/python3.12/site-packages/airflow/example_dags/example_branch_operator_decorator.py took 0.132 seconds
[2024-10-16T11:43:20.600+0000] {processor.py:186} INFO - Started process (PID=127258) to work on /home/airflow/.local/lib/python3.12/site-packages/airflow/example_dags/example_branch_operator_decorator.py
[2024-10-16T11:43:20.601+0000] {processor.py:914} INFO - Processing file /home/airflow/.local/lib/python3.12/site-packages/airflow/example_dags/example_branch_operator_decorator.py for tasks to queue
[2024-10-16T11:43:20.602+0000] {logging_mixin.py:190} INFO - [2024-10-16T11:43:20.602+0000] {dagbag.py:588} INFO - Filling up the DagBag from /home/airflow/.local/lib/python3.12/site-packages/airflow/example_dags/example_branch_operator_decorator.py
[2024-10-16T11:43:20.625+0000] {processor.py:925} INFO - DAG(s) 'example_branch_python_operator_decorator' retrieved from /home/airflow/.local/lib/python3.12/site-packages/airflow/example_dags/example_branch_operator_decorator.py
[2024-10-16T11:43:20.656+0000] {logging_mixin.py:190} INFO - [2024-10-16T11:43:20.656+0000] {dag.py:3239} INFO - Sync 1 DAGs
[2024-10-16T11:43:20.686+0000] {logging_mixin.py:190} INFO - [2024-10-16T11:43:20.686+0000] {dag.py:4180} INFO - Setting next_dagrun for example_branch_python_operator_decorator to 2024-10-15 00:00:00+00:00, run_after=2024-10-16 00:00:00+00:00
[2024-10-16T11:43:20.707+0000] {processor.py:208} INFO - Processing /home/airflow/.local/lib/python3.12/site-packages/airflow/example_dags/example_branch_operator_decorator.py took 0.113 seconds
[2024-10-16T11:43:50.905+0000] {processor.py:186} INFO - Started process (PID=127321) to work on /home/airflow/.local/lib/python3.12/site-packages/airflow/example_dags/example_branch_operator_decorator.py
[2024-10-16T11:43:50.906+0000] {processor.py:914} INFO - Processing file /home/airflow/.local/lib/python3.12/site-packages/airflow/example_dags/example_branch_operator_decorator.py for tasks to queue
[2024-10-16T11:43:50.907+0000] {logging_mixin.py:190} INFO - [2024-10-16T11:43:50.907+0000] {dagbag.py:588} INFO - Filling up the DagBag from /home/airflow/.local/lib/python3.12/site-packages/airflow/example_dags/example_branch_operator_decorator.py
[2024-10-16T11:43:50.938+0000] {processor.py:925} INFO - DAG(s) 'example_branch_python_operator_decorator' retrieved from /home/airflow/.local/lib/python3.12/site-packages/airflow/example_dags/example_branch_operator_decorator.py
[2024-10-16T11:43:50.969+0000] {logging_mixin.py:190} INFO - [2024-10-16T11:43:50.969+0000] {dag.py:3239} INFO - Sync 1 DAGs
[2024-10-16T11:43:50.999+0000] {logging_mixin.py:190} INFO - [2024-10-16T11:43:50.999+0000] {dag.py:4180} INFO - Setting next_dagrun for example_branch_python_operator_decorator to 2024-10-15 00:00:00+00:00, run_after=2024-10-16 00:00:00+00:00
[2024-10-16T11:43:51.019+0000] {processor.py:208} INFO - Processing /home/airflow/.local/lib/python3.12/site-packages/airflow/example_dags/example_branch_operator_decorator.py took 0.121 seconds
[2024-10-16T11:44:22.504+0000] {processor.py:186} INFO - Started process (PID=127385) to work on /home/airflow/.local/lib/python3.12/site-packages/airflow/example_dags/example_branch_operator_decorator.py
[2024-10-16T11:44:22.505+0000] {processor.py:914} INFO - Processing file /home/airflow/.local/lib/python3.12/site-packages/airflow/example_dags/example_branch_operator_decorator.py for tasks to queue
[2024-10-16T11:44:22.507+0000] {logging_mixin.py:190} INFO - [2024-10-16T11:44:22.507+0000] {dagbag.py:588} INFO - Filling up the DagBag from /home/airflow/.local/lib/python3.12/site-packages/airflow/example_dags/example_branch_operator_decorator.py
[2024-10-16T11:44:22.530+0000] {processor.py:925} INFO - DAG(s) 'example_branch_python_operator_decorator' retrieved from /home/airflow/.local/lib/python3.12/site-packages/airflow/example_dags/example_branch_operator_decorator.py
[2024-10-16T11:44:22.561+0000] {logging_mixin.py:190} INFO - [2024-10-16T11:44:22.561+0000] {dag.py:3239} INFO - Sync 1 DAGs
[2024-10-16T11:44:22.589+0000] {logging_mixin.py:190} INFO - [2024-10-16T11:44:22.588+0000] {dag.py:4180} INFO - Setting next_dagrun for example_branch_python_operator_decorator to 2024-10-15 00:00:00+00:00, run_after=2024-10-16 00:00:00+00:00
[2024-10-16T11:44:22.609+0000] {processor.py:208} INFO - Processing /home/airflow/.local/lib/python3.12/site-packages/airflow/example_dags/example_branch_operator_decorator.py took 0.112 seconds
[2024-10-16T11:44:52.797+0000] {processor.py:186} INFO - Started process (PID=127448) to work on /home/airflow/.local/lib/python3.12/site-packages/airflow/example_dags/example_branch_operator_decorator.py
[2024-10-16T11:44:52.798+0000] {processor.py:914} INFO - Processing file /home/airflow/.local/lib/python3.12/site-packages/airflow/example_dags/example_branch_operator_decorator.py for tasks to queue
[2024-10-16T11:44:52.800+0000] {logging_mixin.py:190} INFO - [2024-10-16T11:44:52.799+0000] {dagbag.py:588} INFO - Filling up the DagBag from /home/airflow/.local/lib/python3.12/site-packages/airflow/example_dags/example_branch_operator_decorator.py
[2024-10-16T11:44:52.824+0000] {processor.py:925} INFO - DAG(s) 'example_branch_python_operator_decorator' retrieved from /home/airflow/.local/lib/python3.12/site-packages/airflow/example_dags/example_branch_operator_decorator.py
[2024-10-16T11:44:52.855+0000] {logging_mixin.py:190} INFO - [2024-10-16T11:44:52.855+0000] {dag.py:3239} INFO - Sync 1 DAGs
[2024-10-16T11:44:52.887+0000] {logging_mixin.py:190} INFO - [2024-10-16T11:44:52.887+0000] {dag.py:4180} INFO - Setting next_dagrun for example_branch_python_operator_decorator to 2024-10-15 00:00:00+00:00, run_after=2024-10-16 00:00:00+00:00
[2024-10-16T11:44:52.909+0000] {processor.py:208} INFO - Processing /home/airflow/.local/lib/python3.12/site-packages/airflow/example_dags/example_branch_operator_decorator.py took 0.119 seconds
[2024-10-16T11:45:24.539+0000] {processor.py:186} INFO - Started process (PID=127511) to work on /home/airflow/.local/lib/python3.12/site-packages/airflow/example_dags/example_branch_operator_decorator.py
[2024-10-16T11:45:24.540+0000] {processor.py:914} INFO - Processing file /home/airflow/.local/lib/python3.12/site-packages/airflow/example_dags/example_branch_operator_decorator.py for tasks to queue
[2024-10-16T11:45:24.541+0000] {logging_mixin.py:190} INFO - [2024-10-16T11:45:24.541+0000] {dagbag.py:588} INFO - Filling up the DagBag from /home/airflow/.local/lib/python3.12/site-packages/airflow/example_dags/example_branch_operator_decorator.py
[2024-10-16T11:45:24.567+0000] {processor.py:925} INFO - DAG(s) 'example_branch_python_operator_decorator' retrieved from /home/airflow/.local/lib/python3.12/site-packages/airflow/example_dags/example_branch_operator_decorator.py
[2024-10-16T11:45:24.600+0000] {logging_mixin.py:190} INFO - [2024-10-16T11:45:24.599+0000] {dag.py:3239} INFO - Sync 1 DAGs
[2024-10-16T11:45:24.628+0000] {logging_mixin.py:190} INFO - [2024-10-16T11:45:24.628+0000] {dag.py:4180} INFO - Setting next_dagrun for example_branch_python_operator_decorator to 2024-10-15 00:00:00+00:00, run_after=2024-10-16 00:00:00+00:00
[2024-10-16T11:45:24.655+0000] {processor.py:208} INFO - Processing /home/airflow/.local/lib/python3.12/site-packages/airflow/example_dags/example_branch_operator_decorator.py took 0.125 seconds
[2024-10-16T11:45:56.984+0000] {processor.py:186} INFO - Started process (PID=127575) to work on /home/airflow/.local/lib/python3.12/site-packages/airflow/example_dags/example_branch_operator_decorator.py
[2024-10-16T11:45:56.985+0000] {processor.py:914} INFO - Processing file /home/airflow/.local/lib/python3.12/site-packages/airflow/example_dags/example_branch_operator_decorator.py for tasks to queue
[2024-10-16T11:45:56.988+0000] {logging_mixin.py:190} INFO - [2024-10-16T11:45:56.987+0000] {dagbag.py:588} INFO - Filling up the DagBag from /home/airflow/.local/lib/python3.12/site-packages/airflow/example_dags/example_branch_operator_decorator.py
[2024-10-16T11:45:57.013+0000] {processor.py:925} INFO - DAG(s) 'example_branch_python_operator_decorator' retrieved from /home/airflow/.local/lib/python3.12/site-packages/airflow/example_dags/example_branch_operator_decorator.py
[2024-10-16T11:45:57.050+0000] {logging_mixin.py:190} INFO - [2024-10-16T11:45:57.049+0000] {dag.py:3239} INFO - Sync 1 DAGs
[2024-10-16T11:45:57.091+0000] {logging_mixin.py:190} INFO - [2024-10-16T11:45:57.090+0000] {dag.py:4180} INFO - Setting next_dagrun for example_branch_python_operator_decorator to 2024-10-15 00:00:00+00:00, run_after=2024-10-16 00:00:00+00:00
[2024-10-16T11:45:57.119+0000] {processor.py:208} INFO - Processing /home/airflow/.local/lib/python3.12/site-packages/airflow/example_dags/example_branch_operator_decorator.py took 0.142 seconds
