[2024-10-16T11:29:55.164+0000] {processor.py:186} INFO - Started process (PID=125579) to work on /home/airflow/.local/lib/python3.12/site-packages/airflow/example_dags/example_local_kubernetes_executor.py
[2024-10-16T11:29:55.224+0000] {processor.py:914} INFO - Processing file /home/airflow/.local/lib/python3.12/site-packages/airflow/example_dags/example_local_kubernetes_executor.py for tasks to queue
[2024-10-16T11:29:55.312+0000] {logging_mixin.py:190} INFO - [2024-10-16T11:29:55.312+0000] {dagbag.py:588} INFO - Filling up the DagBag from /home/airflow/.local/lib/python3.12/site-packages/airflow/example_dags/example_local_kubernetes_executor.py
[2024-10-16T11:29:55.528+0000] {processor.py:925} INFO - DAG(s) 'example_local_kubernetes_executor' retrieved from /home/airflow/.local/lib/python3.12/site-packages/airflow/example_dags/example_local_kubernetes_executor.py
[2024-10-16T11:29:55.908+0000] {logging_mixin.py:190} INFO - [2024-10-16T11:29:55.908+0000] {dag.py:3239} INFO - Sync 1 DAGs
[2024-10-16T11:29:56.033+0000] {logging_mixin.py:190} INFO - [2024-10-16T11:29:56.033+0000] {dag.py:4180} INFO - Setting next_dagrun for example_local_kubernetes_executor to None, run_after=None
[2024-10-16T11:29:56.148+0000] {processor.py:208} INFO - Processing /home/airflow/.local/lib/python3.12/site-packages/airflow/example_dags/example_local_kubernetes_executor.py took 1.056 seconds
[2024-10-16T11:30:27.210+0000] {processor.py:186} INFO - Started process (PID=125644) to work on /home/airflow/.local/lib/python3.12/site-packages/airflow/example_dags/example_local_kubernetes_executor.py
[2024-10-16T11:30:27.222+0000] {processor.py:914} INFO - Processing file /home/airflow/.local/lib/python3.12/site-packages/airflow/example_dags/example_local_kubernetes_executor.py for tasks to queue
[2024-10-16T11:30:27.243+0000] {logging_mixin.py:190} INFO - [2024-10-16T11:30:27.240+0000] {dagbag.py:588} INFO - Filling up the DagBag from /home/airflow/.local/lib/python3.12/site-packages/airflow/example_dags/example_local_kubernetes_executor.py
[2024-10-16T11:30:27.371+0000] {processor.py:925} INFO - DAG(s) 'example_local_kubernetes_executor' retrieved from /home/airflow/.local/lib/python3.12/site-packages/airflow/example_dags/example_local_kubernetes_executor.py
[2024-10-16T11:30:27.442+0000] {logging_mixin.py:190} INFO - [2024-10-16T11:30:27.442+0000] {dag.py:3239} INFO - Sync 1 DAGs
[2024-10-16T11:30:27.479+0000] {logging_mixin.py:190} INFO - [2024-10-16T11:30:27.478+0000] {dag.py:4180} INFO - Setting next_dagrun for example_local_kubernetes_executor to None, run_after=None
[2024-10-16T11:30:27.531+0000] {processor.py:208} INFO - Processing /home/airflow/.local/lib/python3.12/site-packages/airflow/example_dags/example_local_kubernetes_executor.py took 0.397 seconds
[2024-10-16T11:30:57.780+0000] {processor.py:186} INFO - Started process (PID=125707) to work on /home/airflow/.local/lib/python3.12/site-packages/airflow/example_dags/example_local_kubernetes_executor.py
[2024-10-16T11:30:57.782+0000] {processor.py:914} INFO - Processing file /home/airflow/.local/lib/python3.12/site-packages/airflow/example_dags/example_local_kubernetes_executor.py for tasks to queue
[2024-10-16T11:30:57.784+0000] {logging_mixin.py:190} INFO - [2024-10-16T11:30:57.784+0000] {dagbag.py:588} INFO - Filling up the DagBag from /home/airflow/.local/lib/python3.12/site-packages/airflow/example_dags/example_local_kubernetes_executor.py
[2024-10-16T11:30:57.801+0000] {processor.py:925} INFO - DAG(s) 'example_local_kubernetes_executor' retrieved from /home/airflow/.local/lib/python3.12/site-packages/airflow/example_dags/example_local_kubernetes_executor.py
[2024-10-16T11:30:57.848+0000] {logging_mixin.py:190} INFO - [2024-10-16T11:30:57.848+0000] {dag.py:3239} INFO - Sync 1 DAGs
[2024-10-16T11:30:57.868+0000] {logging_mixin.py:190} INFO - [2024-10-16T11:30:57.868+0000] {dag.py:4180} INFO - Setting next_dagrun for example_local_kubernetes_executor to None, run_after=None
[2024-10-16T11:30:57.898+0000] {processor.py:208} INFO - Processing /home/airflow/.local/lib/python3.12/site-packages/airflow/example_dags/example_local_kubernetes_executor.py took 0.126 seconds
[2024-10-16T11:31:28.608+0000] {processor.py:186} INFO - Started process (PID=125770) to work on /home/airflow/.local/lib/python3.12/site-packages/airflow/example_dags/example_local_kubernetes_executor.py
[2024-10-16T11:31:28.609+0000] {processor.py:914} INFO - Processing file /home/airflow/.local/lib/python3.12/site-packages/airflow/example_dags/example_local_kubernetes_executor.py for tasks to queue
[2024-10-16T11:31:28.610+0000] {logging_mixin.py:190} INFO - [2024-10-16T11:31:28.610+0000] {dagbag.py:588} INFO - Filling up the DagBag from /home/airflow/.local/lib/python3.12/site-packages/airflow/example_dags/example_local_kubernetes_executor.py
[2024-10-16T11:31:28.618+0000] {processor.py:925} INFO - DAG(s) 'example_local_kubernetes_executor' retrieved from /home/airflow/.local/lib/python3.12/site-packages/airflow/example_dags/example_local_kubernetes_executor.py
[2024-10-16T11:31:28.647+0000] {logging_mixin.py:190} INFO - [2024-10-16T11:31:28.647+0000] {dag.py:3239} INFO - Sync 1 DAGs
[2024-10-16T11:31:28.659+0000] {logging_mixin.py:190} INFO - [2024-10-16T11:31:28.659+0000] {dag.py:4180} INFO - Setting next_dagrun for example_local_kubernetes_executor to None, run_after=None
[2024-10-16T11:31:28.684+0000] {processor.py:208} INFO - Processing /home/airflow/.local/lib/python3.12/site-packages/airflow/example_dags/example_local_kubernetes_executor.py took 0.080 seconds
[2024-10-16T11:31:59.056+0000] {processor.py:186} INFO - Started process (PID=125833) to work on /home/airflow/.local/lib/python3.12/site-packages/airflow/example_dags/example_local_kubernetes_executor.py
[2024-10-16T11:31:59.083+0000] {processor.py:914} INFO - Processing file /home/airflow/.local/lib/python3.12/site-packages/airflow/example_dags/example_local_kubernetes_executor.py for tasks to queue
[2024-10-16T11:31:59.093+0000] {logging_mixin.py:190} INFO - [2024-10-16T11:31:59.092+0000] {dagbag.py:588} INFO - Filling up the DagBag from /home/airflow/.local/lib/python3.12/site-packages/airflow/example_dags/example_local_kubernetes_executor.py
[2024-10-16T11:31:59.145+0000] {processor.py:925} INFO - DAG(s) 'example_local_kubernetes_executor' retrieved from /home/airflow/.local/lib/python3.12/site-packages/airflow/example_dags/example_local_kubernetes_executor.py
[2024-10-16T11:31:59.327+0000] {logging_mixin.py:190} INFO - [2024-10-16T11:31:59.326+0000] {dag.py:3239} INFO - Sync 1 DAGs
[2024-10-16T11:31:59.406+0000] {logging_mixin.py:190} INFO - [2024-10-16T11:31:59.401+0000] {dag.py:4180} INFO - Setting next_dagrun for example_local_kubernetes_executor to None, run_after=None
[2024-10-16T11:31:59.507+0000] {processor.py:208} INFO - Processing /home/airflow/.local/lib/python3.12/site-packages/airflow/example_dags/example_local_kubernetes_executor.py took 0.467 seconds
[2024-10-16T11:32:29.664+0000] {processor.py:186} INFO - Started process (PID=125897) to work on /home/airflow/.local/lib/python3.12/site-packages/airflow/example_dags/example_local_kubernetes_executor.py
[2024-10-16T11:32:29.665+0000] {processor.py:914} INFO - Processing file /home/airflow/.local/lib/python3.12/site-packages/airflow/example_dags/example_local_kubernetes_executor.py for tasks to queue
[2024-10-16T11:32:29.667+0000] {logging_mixin.py:190} INFO - [2024-10-16T11:32:29.666+0000] {dagbag.py:588} INFO - Filling up the DagBag from /home/airflow/.local/lib/python3.12/site-packages/airflow/example_dags/example_local_kubernetes_executor.py
[2024-10-16T11:32:29.678+0000] {processor.py:925} INFO - DAG(s) 'example_local_kubernetes_executor' retrieved from /home/airflow/.local/lib/python3.12/site-packages/airflow/example_dags/example_local_kubernetes_executor.py
[2024-10-16T11:32:29.707+0000] {logging_mixin.py:190} INFO - [2024-10-16T11:32:29.707+0000] {dag.py:3239} INFO - Sync 1 DAGs
[2024-10-16T11:32:29.721+0000] {logging_mixin.py:190} INFO - [2024-10-16T11:32:29.721+0000] {dag.py:4180} INFO - Setting next_dagrun for example_local_kubernetes_executor to None, run_after=None
[2024-10-16T11:32:29.736+0000] {processor.py:208} INFO - Processing /home/airflow/.local/lib/python3.12/site-packages/airflow/example_dags/example_local_kubernetes_executor.py took 0.079 seconds
[2024-10-16T11:33:00.048+0000] {processor.py:186} INFO - Started process (PID=125959) to work on /home/airflow/.local/lib/python3.12/site-packages/airflow/example_dags/example_local_kubernetes_executor.py
[2024-10-16T11:33:00.049+0000] {processor.py:914} INFO - Processing file /home/airflow/.local/lib/python3.12/site-packages/airflow/example_dags/example_local_kubernetes_executor.py for tasks to queue
[2024-10-16T11:33:00.050+0000] {logging_mixin.py:190} INFO - [2024-10-16T11:33:00.050+0000] {dagbag.py:588} INFO - Filling up the DagBag from /home/airflow/.local/lib/python3.12/site-packages/airflow/example_dags/example_local_kubernetes_executor.py
[2024-10-16T11:33:00.061+0000] {processor.py:925} INFO - DAG(s) 'example_local_kubernetes_executor' retrieved from /home/airflow/.local/lib/python3.12/site-packages/airflow/example_dags/example_local_kubernetes_executor.py
[2024-10-16T11:33:00.094+0000] {logging_mixin.py:190} INFO - [2024-10-16T11:33:00.094+0000] {dag.py:3239} INFO - Sync 1 DAGs
[2024-10-16T11:33:00.111+0000] {logging_mixin.py:190} INFO - [2024-10-16T11:33:00.111+0000] {dag.py:4180} INFO - Setting next_dagrun for example_local_kubernetes_executor to None, run_after=None
[2024-10-16T11:33:00.132+0000] {processor.py:208} INFO - Processing /home/airflow/.local/lib/python3.12/site-packages/airflow/example_dags/example_local_kubernetes_executor.py took 0.089 seconds
[2024-10-16T11:33:30.375+0000] {processor.py:186} INFO - Started process (PID=126022) to work on /home/airflow/.local/lib/python3.12/site-packages/airflow/example_dags/example_local_kubernetes_executor.py
[2024-10-16T11:33:30.376+0000] {processor.py:914} INFO - Processing file /home/airflow/.local/lib/python3.12/site-packages/airflow/example_dags/example_local_kubernetes_executor.py for tasks to queue
[2024-10-16T11:33:30.377+0000] {logging_mixin.py:190} INFO - [2024-10-16T11:33:30.377+0000] {dagbag.py:588} INFO - Filling up the DagBag from /home/airflow/.local/lib/python3.12/site-packages/airflow/example_dags/example_local_kubernetes_executor.py
[2024-10-16T11:33:30.386+0000] {processor.py:925} INFO - DAG(s) 'example_local_kubernetes_executor' retrieved from /home/airflow/.local/lib/python3.12/site-packages/airflow/example_dags/example_local_kubernetes_executor.py
[2024-10-16T11:33:30.417+0000] {logging_mixin.py:190} INFO - [2024-10-16T11:33:30.417+0000] {dag.py:3239} INFO - Sync 1 DAGs
[2024-10-16T11:33:30.437+0000] {logging_mixin.py:190} INFO - [2024-10-16T11:33:30.436+0000] {dag.py:4180} INFO - Setting next_dagrun for example_local_kubernetes_executor to None, run_after=None
[2024-10-16T11:33:30.460+0000] {processor.py:208} INFO - Processing /home/airflow/.local/lib/python3.12/site-packages/airflow/example_dags/example_local_kubernetes_executor.py took 0.091 seconds
[2024-10-16T11:34:00.663+0000] {processor.py:186} INFO - Started process (PID=126085) to work on /home/airflow/.local/lib/python3.12/site-packages/airflow/example_dags/example_local_kubernetes_executor.py
[2024-10-16T11:34:00.664+0000] {processor.py:914} INFO - Processing file /home/airflow/.local/lib/python3.12/site-packages/airflow/example_dags/example_local_kubernetes_executor.py for tasks to queue
[2024-10-16T11:34:00.665+0000] {logging_mixin.py:190} INFO - [2024-10-16T11:34:00.665+0000] {dagbag.py:588} INFO - Filling up the DagBag from /home/airflow/.local/lib/python3.12/site-packages/airflow/example_dags/example_local_kubernetes_executor.py
[2024-10-16T11:34:00.675+0000] {processor.py:925} INFO - DAG(s) 'example_local_kubernetes_executor' retrieved from /home/airflow/.local/lib/python3.12/site-packages/airflow/example_dags/example_local_kubernetes_executor.py
[2024-10-16T11:34:00.709+0000] {logging_mixin.py:190} INFO - [2024-10-16T11:34:00.709+0000] {dag.py:3239} INFO - Sync 1 DAGs
[2024-10-16T11:34:00.726+0000] {logging_mixin.py:190} INFO - [2024-10-16T11:34:00.725+0000] {dag.py:4180} INFO - Setting next_dagrun for example_local_kubernetes_executor to None, run_after=None
[2024-10-16T11:34:00.750+0000] {processor.py:208} INFO - Processing /home/airflow/.local/lib/python3.12/site-packages/airflow/example_dags/example_local_kubernetes_executor.py took 0.093 seconds
[2024-10-16T11:34:31.009+0000] {processor.py:186} INFO - Started process (PID=126149) to work on /home/airflow/.local/lib/python3.12/site-packages/airflow/example_dags/example_local_kubernetes_executor.py
[2024-10-16T11:34:31.010+0000] {processor.py:914} INFO - Processing file /home/airflow/.local/lib/python3.12/site-packages/airflow/example_dags/example_local_kubernetes_executor.py for tasks to queue
[2024-10-16T11:34:31.011+0000] {logging_mixin.py:190} INFO - [2024-10-16T11:34:31.011+0000] {dagbag.py:588} INFO - Filling up the DagBag from /home/airflow/.local/lib/python3.12/site-packages/airflow/example_dags/example_local_kubernetes_executor.py
[2024-10-16T11:34:31.020+0000] {processor.py:925} INFO - DAG(s) 'example_local_kubernetes_executor' retrieved from /home/airflow/.local/lib/python3.12/site-packages/airflow/example_dags/example_local_kubernetes_executor.py
[2024-10-16T11:34:31.057+0000] {logging_mixin.py:190} INFO - [2024-10-16T11:34:31.056+0000] {dag.py:3239} INFO - Sync 1 DAGs
[2024-10-16T11:34:31.076+0000] {logging_mixin.py:190} INFO - [2024-10-16T11:34:31.076+0000] {dag.py:4180} INFO - Setting next_dagrun for example_local_kubernetes_executor to None, run_after=None
[2024-10-16T11:34:31.099+0000] {processor.py:208} INFO - Processing /home/airflow/.local/lib/python3.12/site-packages/airflow/example_dags/example_local_kubernetes_executor.py took 0.096 seconds
[2024-10-16T11:35:01.232+0000] {processor.py:186} INFO - Started process (PID=126212) to work on /home/airflow/.local/lib/python3.12/site-packages/airflow/example_dags/example_local_kubernetes_executor.py
[2024-10-16T11:35:01.233+0000] {processor.py:914} INFO - Processing file /home/airflow/.local/lib/python3.12/site-packages/airflow/example_dags/example_local_kubernetes_executor.py for tasks to queue
[2024-10-16T11:35:01.235+0000] {logging_mixin.py:190} INFO - [2024-10-16T11:35:01.234+0000] {dagbag.py:588} INFO - Filling up the DagBag from /home/airflow/.local/lib/python3.12/site-packages/airflow/example_dags/example_local_kubernetes_executor.py
[2024-10-16T11:35:01.244+0000] {processor.py:925} INFO - DAG(s) 'example_local_kubernetes_executor' retrieved from /home/airflow/.local/lib/python3.12/site-packages/airflow/example_dags/example_local_kubernetes_executor.py
[2024-10-16T11:35:01.274+0000] {logging_mixin.py:190} INFO - [2024-10-16T11:35:01.274+0000] {dag.py:3239} INFO - Sync 1 DAGs
[2024-10-16T11:35:01.288+0000] {logging_mixin.py:190} INFO - [2024-10-16T11:35:01.287+0000] {dag.py:4180} INFO - Setting next_dagrun for example_local_kubernetes_executor to None, run_after=None
[2024-10-16T11:35:01.307+0000] {processor.py:208} INFO - Processing /home/airflow/.local/lib/python3.12/site-packages/airflow/example_dags/example_local_kubernetes_executor.py took 0.079 seconds
[2024-10-16T11:35:31.836+0000] {processor.py:186} INFO - Started process (PID=126275) to work on /home/airflow/.local/lib/python3.12/site-packages/airflow/example_dags/example_local_kubernetes_executor.py
[2024-10-16T11:35:31.837+0000] {processor.py:914} INFO - Processing file /home/airflow/.local/lib/python3.12/site-packages/airflow/example_dags/example_local_kubernetes_executor.py for tasks to queue
[2024-10-16T11:35:31.839+0000] {logging_mixin.py:190} INFO - [2024-10-16T11:35:31.839+0000] {dagbag.py:588} INFO - Filling up the DagBag from /home/airflow/.local/lib/python3.12/site-packages/airflow/example_dags/example_local_kubernetes_executor.py
[2024-10-16T11:35:31.847+0000] {processor.py:925} INFO - DAG(s) 'example_local_kubernetes_executor' retrieved from /home/airflow/.local/lib/python3.12/site-packages/airflow/example_dags/example_local_kubernetes_executor.py
[2024-10-16T11:35:31.878+0000] {logging_mixin.py:190} INFO - [2024-10-16T11:35:31.878+0000] {dag.py:3239} INFO - Sync 1 DAGs
[2024-10-16T11:35:31.891+0000] {logging_mixin.py:190} INFO - [2024-10-16T11:35:31.891+0000] {dag.py:4180} INFO - Setting next_dagrun for example_local_kubernetes_executor to None, run_after=None
[2024-10-16T11:35:31.908+0000] {processor.py:208} INFO - Processing /home/airflow/.local/lib/python3.12/site-packages/airflow/example_dags/example_local_kubernetes_executor.py took 0.077 seconds
[2024-10-16T11:36:02.454+0000] {processor.py:186} INFO - Started process (PID=126338) to work on /home/airflow/.local/lib/python3.12/site-packages/airflow/example_dags/example_local_kubernetes_executor.py
[2024-10-16T11:36:02.455+0000] {processor.py:914} INFO - Processing file /home/airflow/.local/lib/python3.12/site-packages/airflow/example_dags/example_local_kubernetes_executor.py for tasks to queue
[2024-10-16T11:36:02.457+0000] {logging_mixin.py:190} INFO - [2024-10-16T11:36:02.456+0000] {dagbag.py:588} INFO - Filling up the DagBag from /home/airflow/.local/lib/python3.12/site-packages/airflow/example_dags/example_local_kubernetes_executor.py
[2024-10-16T11:36:02.465+0000] {processor.py:925} INFO - DAG(s) 'example_local_kubernetes_executor' retrieved from /home/airflow/.local/lib/python3.12/site-packages/airflow/example_dags/example_local_kubernetes_executor.py
[2024-10-16T11:36:02.498+0000] {logging_mixin.py:190} INFO - [2024-10-16T11:36:02.498+0000] {dag.py:3239} INFO - Sync 1 DAGs
[2024-10-16T11:36:02.514+0000] {logging_mixin.py:190} INFO - [2024-10-16T11:36:02.514+0000] {dag.py:4180} INFO - Setting next_dagrun for example_local_kubernetes_executor to None, run_after=None
[2024-10-16T11:36:02.530+0000] {processor.py:208} INFO - Processing /home/airflow/.local/lib/python3.12/site-packages/airflow/example_dags/example_local_kubernetes_executor.py took 0.081 seconds
[2024-10-16T11:36:33.084+0000] {processor.py:186} INFO - Started process (PID=126402) to work on /home/airflow/.local/lib/python3.12/site-packages/airflow/example_dags/example_local_kubernetes_executor.py
[2024-10-16T11:36:33.085+0000] {processor.py:914} INFO - Processing file /home/airflow/.local/lib/python3.12/site-packages/airflow/example_dags/example_local_kubernetes_executor.py for tasks to queue
[2024-10-16T11:36:33.086+0000] {logging_mixin.py:190} INFO - [2024-10-16T11:36:33.086+0000] {dagbag.py:588} INFO - Filling up the DagBag from /home/airflow/.local/lib/python3.12/site-packages/airflow/example_dags/example_local_kubernetes_executor.py
[2024-10-16T11:36:33.094+0000] {processor.py:925} INFO - DAG(s) 'example_local_kubernetes_executor' retrieved from /home/airflow/.local/lib/python3.12/site-packages/airflow/example_dags/example_local_kubernetes_executor.py
[2024-10-16T11:36:33.125+0000] {logging_mixin.py:190} INFO - [2024-10-16T11:36:33.125+0000] {dag.py:3239} INFO - Sync 1 DAGs
[2024-10-16T11:36:33.139+0000] {logging_mixin.py:190} INFO - [2024-10-16T11:36:33.139+0000] {dag.py:4180} INFO - Setting next_dagrun for example_local_kubernetes_executor to None, run_after=None
[2024-10-16T11:36:33.157+0000] {processor.py:208} INFO - Processing /home/airflow/.local/lib/python3.12/site-packages/airflow/example_dags/example_local_kubernetes_executor.py took 0.078 seconds
[2024-10-16T11:37:03.454+0000] {processor.py:186} INFO - Started process (PID=126465) to work on /home/airflow/.local/lib/python3.12/site-packages/airflow/example_dags/example_local_kubernetes_executor.py
[2024-10-16T11:37:03.455+0000] {processor.py:914} INFO - Processing file /home/airflow/.local/lib/python3.12/site-packages/airflow/example_dags/example_local_kubernetes_executor.py for tasks to queue
[2024-10-16T11:37:03.456+0000] {logging_mixin.py:190} INFO - [2024-10-16T11:37:03.456+0000] {dagbag.py:588} INFO - Filling up the DagBag from /home/airflow/.local/lib/python3.12/site-packages/airflow/example_dags/example_local_kubernetes_executor.py
[2024-10-16T11:37:03.465+0000] {processor.py:925} INFO - DAG(s) 'example_local_kubernetes_executor' retrieved from /home/airflow/.local/lib/python3.12/site-packages/airflow/example_dags/example_local_kubernetes_executor.py
[2024-10-16T11:37:03.495+0000] {logging_mixin.py:190} INFO - [2024-10-16T11:37:03.495+0000] {dag.py:3239} INFO - Sync 1 DAGs
[2024-10-16T11:37:03.512+0000] {logging_mixin.py:190} INFO - [2024-10-16T11:37:03.511+0000] {dag.py:4180} INFO - Setting next_dagrun for example_local_kubernetes_executor to None, run_after=None
[2024-10-16T11:37:03.530+0000] {processor.py:208} INFO - Processing /home/airflow/.local/lib/python3.12/site-packages/airflow/example_dags/example_local_kubernetes_executor.py took 0.082 seconds
[2024-10-16T11:37:33.976+0000] {processor.py:186} INFO - Started process (PID=126528) to work on /home/airflow/.local/lib/python3.12/site-packages/airflow/example_dags/example_local_kubernetes_executor.py
[2024-10-16T11:37:33.977+0000] {processor.py:914} INFO - Processing file /home/airflow/.local/lib/python3.12/site-packages/airflow/example_dags/example_local_kubernetes_executor.py for tasks to queue
[2024-10-16T11:37:33.979+0000] {logging_mixin.py:190} INFO - [2024-10-16T11:37:33.978+0000] {dagbag.py:588} INFO - Filling up the DagBag from /home/airflow/.local/lib/python3.12/site-packages/airflow/example_dags/example_local_kubernetes_executor.py
[2024-10-16T11:37:33.990+0000] {processor.py:925} INFO - DAG(s) 'example_local_kubernetes_executor' retrieved from /home/airflow/.local/lib/python3.12/site-packages/airflow/example_dags/example_local_kubernetes_executor.py
[2024-10-16T11:37:34.024+0000] {logging_mixin.py:190} INFO - [2024-10-16T11:37:34.023+0000] {dag.py:3239} INFO - Sync 1 DAGs
[2024-10-16T11:37:34.040+0000] {logging_mixin.py:190} INFO - [2024-10-16T11:37:34.040+0000] {dag.py:4180} INFO - Setting next_dagrun for example_local_kubernetes_executor to None, run_after=None
[2024-10-16T11:37:34.061+0000] {processor.py:208} INFO - Processing /home/airflow/.local/lib/python3.12/site-packages/airflow/example_dags/example_local_kubernetes_executor.py took 0.090 seconds
[2024-10-16T11:38:04.135+0000] {processor.py:186} INFO - Started process (PID=126591) to work on /home/airflow/.local/lib/python3.12/site-packages/airflow/example_dags/example_local_kubernetes_executor.py
[2024-10-16T11:38:04.136+0000] {processor.py:914} INFO - Processing file /home/airflow/.local/lib/python3.12/site-packages/airflow/example_dags/example_local_kubernetes_executor.py for tasks to queue
[2024-10-16T11:38:04.137+0000] {logging_mixin.py:190} INFO - [2024-10-16T11:38:04.137+0000] {dagbag.py:588} INFO - Filling up the DagBag from /home/airflow/.local/lib/python3.12/site-packages/airflow/example_dags/example_local_kubernetes_executor.py
[2024-10-16T11:38:04.149+0000] {processor.py:925} INFO - DAG(s) 'example_local_kubernetes_executor' retrieved from /home/airflow/.local/lib/python3.12/site-packages/airflow/example_dags/example_local_kubernetes_executor.py
[2024-10-16T11:38:04.185+0000] {logging_mixin.py:190} INFO - [2024-10-16T11:38:04.185+0000] {dag.py:3239} INFO - Sync 1 DAGs
[2024-10-16T11:38:04.205+0000] {logging_mixin.py:190} INFO - [2024-10-16T11:38:04.205+0000] {dag.py:4180} INFO - Setting next_dagrun for example_local_kubernetes_executor to None, run_after=None
[2024-10-16T11:38:04.225+0000] {processor.py:208} INFO - Processing /home/airflow/.local/lib/python3.12/site-packages/airflow/example_dags/example_local_kubernetes_executor.py took 0.097 seconds
[2024-10-16T11:38:34.839+0000] {processor.py:186} INFO - Started process (PID=126655) to work on /home/airflow/.local/lib/python3.12/site-packages/airflow/example_dags/example_local_kubernetes_executor.py
[2024-10-16T11:38:34.841+0000] {processor.py:914} INFO - Processing file /home/airflow/.local/lib/python3.12/site-packages/airflow/example_dags/example_local_kubernetes_executor.py for tasks to queue
[2024-10-16T11:38:34.842+0000] {logging_mixin.py:190} INFO - [2024-10-16T11:38:34.842+0000] {dagbag.py:588} INFO - Filling up the DagBag from /home/airflow/.local/lib/python3.12/site-packages/airflow/example_dags/example_local_kubernetes_executor.py
[2024-10-16T11:38:34.853+0000] {processor.py:925} INFO - DAG(s) 'example_local_kubernetes_executor' retrieved from /home/airflow/.local/lib/python3.12/site-packages/airflow/example_dags/example_local_kubernetes_executor.py
[2024-10-16T11:38:34.890+0000] {logging_mixin.py:190} INFO - [2024-10-16T11:38:34.890+0000] {dag.py:3239} INFO - Sync 1 DAGs
[2024-10-16T11:38:34.908+0000] {logging_mixin.py:190} INFO - [2024-10-16T11:38:34.908+0000] {dag.py:4180} INFO - Setting next_dagrun for example_local_kubernetes_executor to None, run_after=None
[2024-10-16T11:38:34.927+0000] {processor.py:208} INFO - Processing /home/airflow/.local/lib/python3.12/site-packages/airflow/example_dags/example_local_kubernetes_executor.py took 0.095 seconds
[2024-10-16T11:39:05.767+0000] {processor.py:186} INFO - Started process (PID=126717) to work on /home/airflow/.local/lib/python3.12/site-packages/airflow/example_dags/example_local_kubernetes_executor.py
[2024-10-16T11:39:05.768+0000] {processor.py:914} INFO - Processing file /home/airflow/.local/lib/python3.12/site-packages/airflow/example_dags/example_local_kubernetes_executor.py for tasks to queue
[2024-10-16T11:39:05.770+0000] {logging_mixin.py:190} INFO - [2024-10-16T11:39:05.770+0000] {dagbag.py:588} INFO - Filling up the DagBag from /home/airflow/.local/lib/python3.12/site-packages/airflow/example_dags/example_local_kubernetes_executor.py
[2024-10-16T11:39:05.780+0000] {processor.py:925} INFO - DAG(s) 'example_local_kubernetes_executor' retrieved from /home/airflow/.local/lib/python3.12/site-packages/airflow/example_dags/example_local_kubernetes_executor.py
[2024-10-16T11:39:05.817+0000] {logging_mixin.py:190} INFO - [2024-10-16T11:39:05.817+0000] {dag.py:3239} INFO - Sync 1 DAGs
[2024-10-16T11:39:05.834+0000] {logging_mixin.py:190} INFO - [2024-10-16T11:39:05.834+0000] {dag.py:4180} INFO - Setting next_dagrun for example_local_kubernetes_executor to None, run_after=None
[2024-10-16T11:39:05.856+0000] {processor.py:208} INFO - Processing /home/airflow/.local/lib/python3.12/site-packages/airflow/example_dags/example_local_kubernetes_executor.py took 0.096 seconds
[2024-10-16T11:39:36.612+0000] {processor.py:186} INFO - Started process (PID=126780) to work on /home/airflow/.local/lib/python3.12/site-packages/airflow/example_dags/example_local_kubernetes_executor.py
[2024-10-16T11:39:36.614+0000] {processor.py:914} INFO - Processing file /home/airflow/.local/lib/python3.12/site-packages/airflow/example_dags/example_local_kubernetes_executor.py for tasks to queue
[2024-10-16T11:39:36.616+0000] {logging_mixin.py:190} INFO - [2024-10-16T11:39:36.615+0000] {dagbag.py:588} INFO - Filling up the DagBag from /home/airflow/.local/lib/python3.12/site-packages/airflow/example_dags/example_local_kubernetes_executor.py
[2024-10-16T11:39:36.630+0000] {processor.py:925} INFO - DAG(s) 'example_local_kubernetes_executor' retrieved from /home/airflow/.local/lib/python3.12/site-packages/airflow/example_dags/example_local_kubernetes_executor.py
[2024-10-16T11:39:36.675+0000] {logging_mixin.py:190} INFO - [2024-10-16T11:39:36.675+0000] {dag.py:3239} INFO - Sync 1 DAGs
[2024-10-16T11:39:36.698+0000] {logging_mixin.py:190} INFO - [2024-10-16T11:39:36.698+0000] {dag.py:4180} INFO - Setting next_dagrun for example_local_kubernetes_executor to None, run_after=None
[2024-10-16T11:39:36.723+0000] {processor.py:208} INFO - Processing /home/airflow/.local/lib/python3.12/site-packages/airflow/example_dags/example_local_kubernetes_executor.py took 0.120 seconds
[2024-10-16T11:40:07.365+0000] {processor.py:186} INFO - Started process (PID=126843) to work on /home/airflow/.local/lib/python3.12/site-packages/airflow/example_dags/example_local_kubernetes_executor.py
[2024-10-16T11:40:07.366+0000] {processor.py:914} INFO - Processing file /home/airflow/.local/lib/python3.12/site-packages/airflow/example_dags/example_local_kubernetes_executor.py for tasks to queue
[2024-10-16T11:40:07.367+0000] {logging_mixin.py:190} INFO - [2024-10-16T11:40:07.367+0000] {dagbag.py:588} INFO - Filling up the DagBag from /home/airflow/.local/lib/python3.12/site-packages/airflow/example_dags/example_local_kubernetes_executor.py
[2024-10-16T11:40:07.379+0000] {processor.py:925} INFO - DAG(s) 'example_local_kubernetes_executor' retrieved from /home/airflow/.local/lib/python3.12/site-packages/airflow/example_dags/example_local_kubernetes_executor.py
[2024-10-16T11:40:07.416+0000] {logging_mixin.py:190} INFO - [2024-10-16T11:40:07.415+0000] {dag.py:3239} INFO - Sync 1 DAGs
[2024-10-16T11:40:07.434+0000] {logging_mixin.py:190} INFO - [2024-10-16T11:40:07.434+0000] {dag.py:4180} INFO - Setting next_dagrun for example_local_kubernetes_executor to None, run_after=None
[2024-10-16T11:40:07.454+0000] {processor.py:208} INFO - Processing /home/airflow/.local/lib/python3.12/site-packages/airflow/example_dags/example_local_kubernetes_executor.py took 0.096 seconds
[2024-10-16T11:40:37.594+0000] {processor.py:186} INFO - Started process (PID=126905) to work on /home/airflow/.local/lib/python3.12/site-packages/airflow/example_dags/example_local_kubernetes_executor.py
[2024-10-16T11:40:37.595+0000] {processor.py:914} INFO - Processing file /home/airflow/.local/lib/python3.12/site-packages/airflow/example_dags/example_local_kubernetes_executor.py for tasks to queue
[2024-10-16T11:40:37.597+0000] {logging_mixin.py:190} INFO - [2024-10-16T11:40:37.597+0000] {dagbag.py:588} INFO - Filling up the DagBag from /home/airflow/.local/lib/python3.12/site-packages/airflow/example_dags/example_local_kubernetes_executor.py
[2024-10-16T11:40:37.608+0000] {processor.py:925} INFO - DAG(s) 'example_local_kubernetes_executor' retrieved from /home/airflow/.local/lib/python3.12/site-packages/airflow/example_dags/example_local_kubernetes_executor.py
[2024-10-16T11:40:37.644+0000] {logging_mixin.py:190} INFO - [2024-10-16T11:40:37.643+0000] {dag.py:3239} INFO - Sync 1 DAGs
[2024-10-16T11:40:37.660+0000] {logging_mixin.py:190} INFO - [2024-10-16T11:40:37.660+0000] {dag.py:4180} INFO - Setting next_dagrun for example_local_kubernetes_executor to None, run_after=None
[2024-10-16T11:40:37.678+0000] {processor.py:208} INFO - Processing /home/airflow/.local/lib/python3.12/site-packages/airflow/example_dags/example_local_kubernetes_executor.py took 0.093 seconds
[2024-10-16T11:41:07.847+0000] {processor.py:186} INFO - Started process (PID=126968) to work on /home/airflow/.local/lib/python3.12/site-packages/airflow/example_dags/example_local_kubernetes_executor.py
[2024-10-16T11:41:07.849+0000] {processor.py:914} INFO - Processing file /home/airflow/.local/lib/python3.12/site-packages/airflow/example_dags/example_local_kubernetes_executor.py for tasks to queue
[2024-10-16T11:41:07.850+0000] {logging_mixin.py:190} INFO - [2024-10-16T11:41:07.850+0000] {dagbag.py:588} INFO - Filling up the DagBag from /home/airflow/.local/lib/python3.12/site-packages/airflow/example_dags/example_local_kubernetes_executor.py
[2024-10-16T11:41:07.861+0000] {processor.py:925} INFO - DAG(s) 'example_local_kubernetes_executor' retrieved from /home/airflow/.local/lib/python3.12/site-packages/airflow/example_dags/example_local_kubernetes_executor.py
[2024-10-16T11:41:07.900+0000] {logging_mixin.py:190} INFO - [2024-10-16T11:41:07.899+0000] {dag.py:3239} INFO - Sync 1 DAGs
[2024-10-16T11:41:07.916+0000] {logging_mixin.py:190} INFO - [2024-10-16T11:41:07.915+0000] {dag.py:4180} INFO - Setting next_dagrun for example_local_kubernetes_executor to None, run_after=None
[2024-10-16T11:41:07.936+0000] {processor.py:208} INFO - Processing /home/airflow/.local/lib/python3.12/site-packages/airflow/example_dags/example_local_kubernetes_executor.py took 0.095 seconds
[2024-10-16T11:41:38.246+0000] {processor.py:186} INFO - Started process (PID=127031) to work on /home/airflow/.local/lib/python3.12/site-packages/airflow/example_dags/example_local_kubernetes_executor.py
[2024-10-16T11:41:38.247+0000] {processor.py:914} INFO - Processing file /home/airflow/.local/lib/python3.12/site-packages/airflow/example_dags/example_local_kubernetes_executor.py for tasks to queue
[2024-10-16T11:41:38.249+0000] {logging_mixin.py:190} INFO - [2024-10-16T11:41:38.248+0000] {dagbag.py:588} INFO - Filling up the DagBag from /home/airflow/.local/lib/python3.12/site-packages/airflow/example_dags/example_local_kubernetes_executor.py
[2024-10-16T11:41:38.260+0000] {processor.py:925} INFO - DAG(s) 'example_local_kubernetes_executor' retrieved from /home/airflow/.local/lib/python3.12/site-packages/airflow/example_dags/example_local_kubernetes_executor.py
[2024-10-16T11:41:38.297+0000] {logging_mixin.py:190} INFO - [2024-10-16T11:41:38.297+0000] {dag.py:3239} INFO - Sync 1 DAGs
[2024-10-16T11:41:38.313+0000] {logging_mixin.py:190} INFO - [2024-10-16T11:41:38.313+0000] {dag.py:4180} INFO - Setting next_dagrun for example_local_kubernetes_executor to None, run_after=None
[2024-10-16T11:41:38.334+0000] {processor.py:208} INFO - Processing /home/airflow/.local/lib/python3.12/site-packages/airflow/example_dags/example_local_kubernetes_executor.py took 0.095 seconds
[2024-10-16T11:42:09.210+0000] {processor.py:186} INFO - Started process (PID=127094) to work on /home/airflow/.local/lib/python3.12/site-packages/airflow/example_dags/example_local_kubernetes_executor.py
[2024-10-16T11:42:09.211+0000] {processor.py:914} INFO - Processing file /home/airflow/.local/lib/python3.12/site-packages/airflow/example_dags/example_local_kubernetes_executor.py for tasks to queue
[2024-10-16T11:42:09.213+0000] {logging_mixin.py:190} INFO - [2024-10-16T11:42:09.212+0000] {dagbag.py:588} INFO - Filling up the DagBag from /home/airflow/.local/lib/python3.12/site-packages/airflow/example_dags/example_local_kubernetes_executor.py
[2024-10-16T11:42:09.223+0000] {processor.py:925} INFO - DAG(s) 'example_local_kubernetes_executor' retrieved from /home/airflow/.local/lib/python3.12/site-packages/airflow/example_dags/example_local_kubernetes_executor.py
[2024-10-16T11:42:09.255+0000] {logging_mixin.py:190} INFO - [2024-10-16T11:42:09.255+0000] {dag.py:3239} INFO - Sync 1 DAGs
[2024-10-16T11:42:09.270+0000] {logging_mixin.py:190} INFO - [2024-10-16T11:42:09.270+0000] {dag.py:4180} INFO - Setting next_dagrun for example_local_kubernetes_executor to None, run_after=None
[2024-10-16T11:42:09.290+0000] {processor.py:208} INFO - Processing /home/airflow/.local/lib/python3.12/site-packages/airflow/example_dags/example_local_kubernetes_executor.py took 0.089 seconds
[2024-10-16T11:42:39.355+0000] {processor.py:186} INFO - Started process (PID=127157) to work on /home/airflow/.local/lib/python3.12/site-packages/airflow/example_dags/example_local_kubernetes_executor.py
[2024-10-16T11:42:39.356+0000] {processor.py:914} INFO - Processing file /home/airflow/.local/lib/python3.12/site-packages/airflow/example_dags/example_local_kubernetes_executor.py for tasks to queue
[2024-10-16T11:42:39.358+0000] {logging_mixin.py:190} INFO - [2024-10-16T11:42:39.357+0000] {dagbag.py:588} INFO - Filling up the DagBag from /home/airflow/.local/lib/python3.12/site-packages/airflow/example_dags/example_local_kubernetes_executor.py
[2024-10-16T11:42:39.370+0000] {processor.py:925} INFO - DAG(s) 'example_local_kubernetes_executor' retrieved from /home/airflow/.local/lib/python3.12/site-packages/airflow/example_dags/example_local_kubernetes_executor.py
[2024-10-16T11:42:39.406+0000] {logging_mixin.py:190} INFO - [2024-10-16T11:42:39.406+0000] {dag.py:3239} INFO - Sync 1 DAGs
[2024-10-16T11:42:39.423+0000] {logging_mixin.py:190} INFO - [2024-10-16T11:42:39.422+0000] {dag.py:4180} INFO - Setting next_dagrun for example_local_kubernetes_executor to None, run_after=None
[2024-10-16T11:42:39.442+0000] {processor.py:208} INFO - Processing /home/airflow/.local/lib/python3.12/site-packages/airflow/example_dags/example_local_kubernetes_executor.py took 0.095 seconds
[2024-10-16T11:43:10.093+0000] {processor.py:186} INFO - Started process (PID=127220) to work on /home/airflow/.local/lib/python3.12/site-packages/airflow/example_dags/example_local_kubernetes_executor.py
[2024-10-16T11:43:10.094+0000] {processor.py:914} INFO - Processing file /home/airflow/.local/lib/python3.12/site-packages/airflow/example_dags/example_local_kubernetes_executor.py for tasks to queue
[2024-10-16T11:43:10.096+0000] {logging_mixin.py:190} INFO - [2024-10-16T11:43:10.096+0000] {dagbag.py:588} INFO - Filling up the DagBag from /home/airflow/.local/lib/python3.12/site-packages/airflow/example_dags/example_local_kubernetes_executor.py
[2024-10-16T11:43:10.109+0000] {processor.py:925} INFO - DAG(s) 'example_local_kubernetes_executor' retrieved from /home/airflow/.local/lib/python3.12/site-packages/airflow/example_dags/example_local_kubernetes_executor.py
[2024-10-16T11:43:10.145+0000] {logging_mixin.py:190} INFO - [2024-10-16T11:43:10.144+0000] {dag.py:3239} INFO - Sync 1 DAGs
[2024-10-16T11:43:10.161+0000] {logging_mixin.py:190} INFO - [2024-10-16T11:43:10.160+0000] {dag.py:4180} INFO - Setting next_dagrun for example_local_kubernetes_executor to None, run_after=None
[2024-10-16T11:43:10.183+0000] {processor.py:208} INFO - Processing /home/airflow/.local/lib/python3.12/site-packages/airflow/example_dags/example_local_kubernetes_executor.py took 0.096 seconds
[2024-10-16T11:43:40.393+0000] {processor.py:186} INFO - Started process (PID=127283) to work on /home/airflow/.local/lib/python3.12/site-packages/airflow/example_dags/example_local_kubernetes_executor.py
[2024-10-16T11:43:40.395+0000] {processor.py:914} INFO - Processing file /home/airflow/.local/lib/python3.12/site-packages/airflow/example_dags/example_local_kubernetes_executor.py for tasks to queue
[2024-10-16T11:43:40.396+0000] {logging_mixin.py:190} INFO - [2024-10-16T11:43:40.396+0000] {dagbag.py:588} INFO - Filling up the DagBag from /home/airflow/.local/lib/python3.12/site-packages/airflow/example_dags/example_local_kubernetes_executor.py
[2024-10-16T11:43:40.408+0000] {processor.py:925} INFO - DAG(s) 'example_local_kubernetes_executor' retrieved from /home/airflow/.local/lib/python3.12/site-packages/airflow/example_dags/example_local_kubernetes_executor.py
[2024-10-16T11:43:40.449+0000] {logging_mixin.py:190} INFO - [2024-10-16T11:43:40.449+0000] {dag.py:3239} INFO - Sync 1 DAGs
[2024-10-16T11:43:40.466+0000] {logging_mixin.py:190} INFO - [2024-10-16T11:43:40.466+0000] {dag.py:4180} INFO - Setting next_dagrun for example_local_kubernetes_executor to None, run_after=None
[2024-10-16T11:43:40.486+0000] {processor.py:208} INFO - Processing /home/airflow/.local/lib/python3.12/site-packages/airflow/example_dags/example_local_kubernetes_executor.py took 0.098 seconds
[2024-10-16T11:44:10.632+0000] {processor.py:186} INFO - Started process (PID=127346) to work on /home/airflow/.local/lib/python3.12/site-packages/airflow/example_dags/example_local_kubernetes_executor.py
[2024-10-16T11:44:10.634+0000] {processor.py:914} INFO - Processing file /home/airflow/.local/lib/python3.12/site-packages/airflow/example_dags/example_local_kubernetes_executor.py for tasks to queue
[2024-10-16T11:44:10.635+0000] {logging_mixin.py:190} INFO - [2024-10-16T11:44:10.635+0000] {dagbag.py:588} INFO - Filling up the DagBag from /home/airflow/.local/lib/python3.12/site-packages/airflow/example_dags/example_local_kubernetes_executor.py
[2024-10-16T11:44:10.646+0000] {processor.py:925} INFO - DAG(s) 'example_local_kubernetes_executor' retrieved from /home/airflow/.local/lib/python3.12/site-packages/airflow/example_dags/example_local_kubernetes_executor.py
[2024-10-16T11:44:10.683+0000] {logging_mixin.py:190} INFO - [2024-10-16T11:44:10.683+0000] {dag.py:3239} INFO - Sync 1 DAGs
[2024-10-16T11:44:10.700+0000] {logging_mixin.py:190} INFO - [2024-10-16T11:44:10.700+0000] {dag.py:4180} INFO - Setting next_dagrun for example_local_kubernetes_executor to None, run_after=None
[2024-10-16T11:44:10.720+0000] {processor.py:208} INFO - Processing /home/airflow/.local/lib/python3.12/site-packages/airflow/example_dags/example_local_kubernetes_executor.py took 0.095 seconds
[2024-10-16T11:44:41.263+0000] {processor.py:186} INFO - Started process (PID=127410) to work on /home/airflow/.local/lib/python3.12/site-packages/airflow/example_dags/example_local_kubernetes_executor.py
[2024-10-16T11:44:41.264+0000] {processor.py:914} INFO - Processing file /home/airflow/.local/lib/python3.12/site-packages/airflow/example_dags/example_local_kubernetes_executor.py for tasks to queue
[2024-10-16T11:44:41.265+0000] {logging_mixin.py:190} INFO - [2024-10-16T11:44:41.265+0000] {dagbag.py:588} INFO - Filling up the DagBag from /home/airflow/.local/lib/python3.12/site-packages/airflow/example_dags/example_local_kubernetes_executor.py
[2024-10-16T11:44:41.276+0000] {processor.py:925} INFO - DAG(s) 'example_local_kubernetes_executor' retrieved from /home/airflow/.local/lib/python3.12/site-packages/airflow/example_dags/example_local_kubernetes_executor.py
[2024-10-16T11:44:41.312+0000] {logging_mixin.py:190} INFO - [2024-10-16T11:44:41.311+0000] {dag.py:3239} INFO - Sync 1 DAGs
[2024-10-16T11:44:41.329+0000] {logging_mixin.py:190} INFO - [2024-10-16T11:44:41.329+0000] {dag.py:4180} INFO - Setting next_dagrun for example_local_kubernetes_executor to None, run_after=None
[2024-10-16T11:44:41.353+0000] {processor.py:208} INFO - Processing /home/airflow/.local/lib/python3.12/site-packages/airflow/example_dags/example_local_kubernetes_executor.py took 0.097 seconds
[2024-10-16T11:45:11.628+0000] {processor.py:186} INFO - Started process (PID=127473) to work on /home/airflow/.local/lib/python3.12/site-packages/airflow/example_dags/example_local_kubernetes_executor.py
[2024-10-16T11:45:11.629+0000] {processor.py:914} INFO - Processing file /home/airflow/.local/lib/python3.12/site-packages/airflow/example_dags/example_local_kubernetes_executor.py for tasks to queue
[2024-10-16T11:45:11.631+0000] {logging_mixin.py:190} INFO - [2024-10-16T11:45:11.630+0000] {dagbag.py:588} INFO - Filling up the DagBag from /home/airflow/.local/lib/python3.12/site-packages/airflow/example_dags/example_local_kubernetes_executor.py
[2024-10-16T11:45:11.644+0000] {processor.py:925} INFO - DAG(s) 'example_local_kubernetes_executor' retrieved from /home/airflow/.local/lib/python3.12/site-packages/airflow/example_dags/example_local_kubernetes_executor.py
[2024-10-16T11:45:11.687+0000] {logging_mixin.py:190} INFO - [2024-10-16T11:45:11.687+0000] {dag.py:3239} INFO - Sync 1 DAGs
[2024-10-16T11:45:11.706+0000] {logging_mixin.py:190} INFO - [2024-10-16T11:45:11.706+0000] {dag.py:4180} INFO - Setting next_dagrun for example_local_kubernetes_executor to None, run_after=None
[2024-10-16T11:45:11.732+0000] {processor.py:208} INFO - Processing /home/airflow/.local/lib/python3.12/site-packages/airflow/example_dags/example_local_kubernetes_executor.py took 0.111 seconds
[2024-10-16T11:45:42.016+0000] {processor.py:186} INFO - Started process (PID=127536) to work on /home/airflow/.local/lib/python3.12/site-packages/airflow/example_dags/example_local_kubernetes_executor.py
[2024-10-16T11:45:42.018+0000] {processor.py:914} INFO - Processing file /home/airflow/.local/lib/python3.12/site-packages/airflow/example_dags/example_local_kubernetes_executor.py for tasks to queue
[2024-10-16T11:45:42.019+0000] {logging_mixin.py:190} INFO - [2024-10-16T11:45:42.019+0000] {dagbag.py:588} INFO - Filling up the DagBag from /home/airflow/.local/lib/python3.12/site-packages/airflow/example_dags/example_local_kubernetes_executor.py
[2024-10-16T11:45:42.039+0000] {processor.py:925} INFO - DAG(s) 'example_local_kubernetes_executor' retrieved from /home/airflow/.local/lib/python3.12/site-packages/airflow/example_dags/example_local_kubernetes_executor.py
[2024-10-16T11:45:42.095+0000] {logging_mixin.py:190} INFO - [2024-10-16T11:45:42.094+0000] {dag.py:3239} INFO - Sync 1 DAGs
[2024-10-16T11:45:42.120+0000] {logging_mixin.py:190} INFO - [2024-10-16T11:45:42.119+0000] {dag.py:4180} INFO - Setting next_dagrun for example_local_kubernetes_executor to None, run_after=None
[2024-10-16T11:45:42.147+0000] {processor.py:208} INFO - Processing /home/airflow/.local/lib/python3.12/site-packages/airflow/example_dags/example_local_kubernetes_executor.py took 0.138 seconds
