[2024-10-16T11:29:51.671+0000] {processor.py:186} INFO - Started process (PID=125572) to work on /home/airflow/.local/lib/python3.12/site-packages/airflow/example_dags/example_short_circuit_operator.py
[2024-10-16T11:29:51.673+0000] {processor.py:914} INFO - Processing file /home/airflow/.local/lib/python3.12/site-packages/airflow/example_dags/example_short_circuit_operator.py for tasks to queue
[2024-10-16T11:29:51.687+0000] {logging_mixin.py:190} INFO - [2024-10-16T11:29:51.687+0000] {dagbag.py:588} INFO - Filling up the DagBag from /home/airflow/.local/lib/python3.12/site-packages/airflow/example_dags/example_short_circuit_operator.py
[2024-10-16T11:29:51.777+0000] {processor.py:925} INFO - DAG(s) 'example_short_circuit_operator' retrieved from /home/airflow/.local/lib/python3.12/site-packages/airflow/example_dags/example_short_circuit_operator.py
[2024-10-16T11:29:51.909+0000] {logging_mixin.py:190} INFO - [2024-10-16T11:29:51.908+0000] {dag.py:3239} INFO - Sync 1 DAGs
[2024-10-16T11:29:51.982+0000] {logging_mixin.py:190} INFO - [2024-10-16T11:29:51.981+0000] {dag.py:4180} INFO - Setting next_dagrun for example_short_circuit_operator to None, run_after=None
[2024-10-16T11:29:52.248+0000] {processor.py:208} INFO - Processing /home/airflow/.local/lib/python3.12/site-packages/airflow/example_dags/example_short_circuit_operator.py took 0.640 seconds
[2024-10-16T11:30:23.247+0000] {processor.py:186} INFO - Started process (PID=125636) to work on /home/airflow/.local/lib/python3.12/site-packages/airflow/example_dags/example_short_circuit_operator.py
[2024-10-16T11:30:23.248+0000] {processor.py:914} INFO - Processing file /home/airflow/.local/lib/python3.12/site-packages/airflow/example_dags/example_short_circuit_operator.py for tasks to queue
[2024-10-16T11:30:23.249+0000] {logging_mixin.py:190} INFO - [2024-10-16T11:30:23.249+0000] {dagbag.py:588} INFO - Filling up the DagBag from /home/airflow/.local/lib/python3.12/site-packages/airflow/example_dags/example_short_circuit_operator.py
[2024-10-16T11:30:23.258+0000] {processor.py:925} INFO - DAG(s) 'example_short_circuit_operator' retrieved from /home/airflow/.local/lib/python3.12/site-packages/airflow/example_dags/example_short_circuit_operator.py
[2024-10-16T11:30:23.291+0000] {logging_mixin.py:190} INFO - [2024-10-16T11:30:23.291+0000] {dag.py:3239} INFO - Sync 1 DAGs
[2024-10-16T11:30:23.312+0000] {logging_mixin.py:190} INFO - [2024-10-16T11:30:23.312+0000] {dag.py:4180} INFO - Setting next_dagrun for example_short_circuit_operator to None, run_after=None
[2024-10-16T11:30:23.334+0000] {processor.py:208} INFO - Processing /home/airflow/.local/lib/python3.12/site-packages/airflow/example_dags/example_short_circuit_operator.py took 0.093 seconds
[2024-10-16T11:30:53.404+0000] {processor.py:186} INFO - Started process (PID=125699) to work on /home/airflow/.local/lib/python3.12/site-packages/airflow/example_dags/example_short_circuit_operator.py
[2024-10-16T11:30:53.405+0000] {processor.py:914} INFO - Processing file /home/airflow/.local/lib/python3.12/site-packages/airflow/example_dags/example_short_circuit_operator.py for tasks to queue
[2024-10-16T11:30:53.406+0000] {logging_mixin.py:190} INFO - [2024-10-16T11:30:53.406+0000] {dagbag.py:588} INFO - Filling up the DagBag from /home/airflow/.local/lib/python3.12/site-packages/airflow/example_dags/example_short_circuit_operator.py
[2024-10-16T11:30:53.414+0000] {processor.py:925} INFO - DAG(s) 'example_short_circuit_operator' retrieved from /home/airflow/.local/lib/python3.12/site-packages/airflow/example_dags/example_short_circuit_operator.py
[2024-10-16T11:30:53.436+0000] {logging_mixin.py:190} INFO - [2024-10-16T11:30:53.436+0000] {dag.py:3239} INFO - Sync 1 DAGs
[2024-10-16T11:30:53.450+0000] {logging_mixin.py:190} INFO - [2024-10-16T11:30:53.450+0000] {dag.py:4180} INFO - Setting next_dagrun for example_short_circuit_operator to None, run_after=None
[2024-10-16T11:30:53.469+0000] {processor.py:208} INFO - Processing /home/airflow/.local/lib/python3.12/site-packages/airflow/example_dags/example_short_circuit_operator.py took 0.071 seconds
[2024-10-16T11:31:24.149+0000] {processor.py:186} INFO - Started process (PID=125762) to work on /home/airflow/.local/lib/python3.12/site-packages/airflow/example_dags/example_short_circuit_operator.py
[2024-10-16T11:31:24.150+0000] {processor.py:914} INFO - Processing file /home/airflow/.local/lib/python3.12/site-packages/airflow/example_dags/example_short_circuit_operator.py for tasks to queue
[2024-10-16T11:31:24.151+0000] {logging_mixin.py:190} INFO - [2024-10-16T11:31:24.151+0000] {dagbag.py:588} INFO - Filling up the DagBag from /home/airflow/.local/lib/python3.12/site-packages/airflow/example_dags/example_short_circuit_operator.py
[2024-10-16T11:31:24.160+0000] {processor.py:925} INFO - DAG(s) 'example_short_circuit_operator' retrieved from /home/airflow/.local/lib/python3.12/site-packages/airflow/example_dags/example_short_circuit_operator.py
[2024-10-16T11:31:24.186+0000] {logging_mixin.py:190} INFO - [2024-10-16T11:31:24.185+0000] {dag.py:3239} INFO - Sync 1 DAGs
[2024-10-16T11:31:24.206+0000] {logging_mixin.py:190} INFO - [2024-10-16T11:31:24.205+0000] {dag.py:4180} INFO - Setting next_dagrun for example_short_circuit_operator to None, run_after=None
[2024-10-16T11:31:24.231+0000] {processor.py:208} INFO - Processing /home/airflow/.local/lib/python3.12/site-packages/airflow/example_dags/example_short_circuit_operator.py took 0.088 seconds
[2024-10-16T11:31:54.654+0000] {processor.py:186} INFO - Started process (PID=125825) to work on /home/airflow/.local/lib/python3.12/site-packages/airflow/example_dags/example_short_circuit_operator.py
[2024-10-16T11:31:54.656+0000] {processor.py:914} INFO - Processing file /home/airflow/.local/lib/python3.12/site-packages/airflow/example_dags/example_short_circuit_operator.py for tasks to queue
[2024-10-16T11:31:54.657+0000] {logging_mixin.py:190} INFO - [2024-10-16T11:31:54.656+0000] {dagbag.py:588} INFO - Filling up the DagBag from /home/airflow/.local/lib/python3.12/site-packages/airflow/example_dags/example_short_circuit_operator.py
[2024-10-16T11:31:54.665+0000] {processor.py:925} INFO - DAG(s) 'example_short_circuit_operator' retrieved from /home/airflow/.local/lib/python3.12/site-packages/airflow/example_dags/example_short_circuit_operator.py
[2024-10-16T11:31:54.689+0000] {logging_mixin.py:190} INFO - [2024-10-16T11:31:54.689+0000] {dag.py:3239} INFO - Sync 1 DAGs
[2024-10-16T11:31:54.706+0000] {logging_mixin.py:190} INFO - [2024-10-16T11:31:54.705+0000] {dag.py:4180} INFO - Setting next_dagrun for example_short_circuit_operator to None, run_after=None
[2024-10-16T11:31:54.725+0000] {processor.py:208} INFO - Processing /home/airflow/.local/lib/python3.12/site-packages/airflow/example_dags/example_short_circuit_operator.py took 0.076 seconds
[2024-10-16T11:32:25.188+0000] {processor.py:186} INFO - Started process (PID=125888) to work on /home/airflow/.local/lib/python3.12/site-packages/airflow/example_dags/example_short_circuit_operator.py
[2024-10-16T11:32:25.189+0000] {processor.py:914} INFO - Processing file /home/airflow/.local/lib/python3.12/site-packages/airflow/example_dags/example_short_circuit_operator.py for tasks to queue
[2024-10-16T11:32:25.190+0000] {logging_mixin.py:190} INFO - [2024-10-16T11:32:25.190+0000] {dagbag.py:588} INFO - Filling up the DagBag from /home/airflow/.local/lib/python3.12/site-packages/airflow/example_dags/example_short_circuit_operator.py
[2024-10-16T11:32:25.199+0000] {processor.py:925} INFO - DAG(s) 'example_short_circuit_operator' retrieved from /home/airflow/.local/lib/python3.12/site-packages/airflow/example_dags/example_short_circuit_operator.py
[2024-10-16T11:32:25.221+0000] {logging_mixin.py:190} INFO - [2024-10-16T11:32:25.221+0000] {dag.py:3239} INFO - Sync 1 DAGs
[2024-10-16T11:32:25.236+0000] {logging_mixin.py:190} INFO - [2024-10-16T11:32:25.235+0000] {dag.py:4180} INFO - Setting next_dagrun for example_short_circuit_operator to None, run_after=None
[2024-10-16T11:32:25.252+0000] {processor.py:208} INFO - Processing /home/airflow/.local/lib/python3.12/site-packages/airflow/example_dags/example_short_circuit_operator.py took 0.070 seconds
[2024-10-16T11:32:55.639+0000] {processor.py:186} INFO - Started process (PID=125951) to work on /home/airflow/.local/lib/python3.12/site-packages/airflow/example_dags/example_short_circuit_operator.py
[2024-10-16T11:32:55.642+0000] {processor.py:914} INFO - Processing file /home/airflow/.local/lib/python3.12/site-packages/airflow/example_dags/example_short_circuit_operator.py for tasks to queue
[2024-10-16T11:32:55.644+0000] {logging_mixin.py:190} INFO - [2024-10-16T11:32:55.644+0000] {dagbag.py:588} INFO - Filling up the DagBag from /home/airflow/.local/lib/python3.12/site-packages/airflow/example_dags/example_short_circuit_operator.py
[2024-10-16T11:32:55.655+0000] {processor.py:925} INFO - DAG(s) 'example_short_circuit_operator' retrieved from /home/airflow/.local/lib/python3.12/site-packages/airflow/example_dags/example_short_circuit_operator.py
[2024-10-16T11:32:55.678+0000] {logging_mixin.py:190} INFO - [2024-10-16T11:32:55.677+0000] {dag.py:3239} INFO - Sync 1 DAGs
[2024-10-16T11:32:55.693+0000] {logging_mixin.py:190} INFO - [2024-10-16T11:32:55.693+0000] {dag.py:4180} INFO - Setting next_dagrun for example_short_circuit_operator to None, run_after=None
[2024-10-16T11:32:55.710+0000] {processor.py:208} INFO - Processing /home/airflow/.local/lib/python3.12/site-packages/airflow/example_dags/example_short_circuit_operator.py took 0.077 seconds
[2024-10-16T11:33:25.938+0000] {processor.py:186} INFO - Started process (PID=126014) to work on /home/airflow/.local/lib/python3.12/site-packages/airflow/example_dags/example_short_circuit_operator.py
[2024-10-16T11:33:25.939+0000] {processor.py:914} INFO - Processing file /home/airflow/.local/lib/python3.12/site-packages/airflow/example_dags/example_short_circuit_operator.py for tasks to queue
[2024-10-16T11:33:25.940+0000] {logging_mixin.py:190} INFO - [2024-10-16T11:33:25.940+0000] {dagbag.py:588} INFO - Filling up the DagBag from /home/airflow/.local/lib/python3.12/site-packages/airflow/example_dags/example_short_circuit_operator.py
[2024-10-16T11:33:25.950+0000] {processor.py:925} INFO - DAG(s) 'example_short_circuit_operator' retrieved from /home/airflow/.local/lib/python3.12/site-packages/airflow/example_dags/example_short_circuit_operator.py
[2024-10-16T11:33:25.978+0000] {logging_mixin.py:190} INFO - [2024-10-16T11:33:25.978+0000] {dag.py:3239} INFO - Sync 1 DAGs
[2024-10-16T11:33:25.995+0000] {logging_mixin.py:190} INFO - [2024-10-16T11:33:25.995+0000] {dag.py:4180} INFO - Setting next_dagrun for example_short_circuit_operator to None, run_after=None
[2024-10-16T11:33:26.015+0000] {processor.py:208} INFO - Processing /home/airflow/.local/lib/python3.12/site-packages/airflow/example_dags/example_short_circuit_operator.py took 0.083 seconds
[2024-10-16T11:33:56.139+0000] {processor.py:186} INFO - Started process (PID=126077) to work on /home/airflow/.local/lib/python3.12/site-packages/airflow/example_dags/example_short_circuit_operator.py
[2024-10-16T11:33:56.140+0000] {processor.py:914} INFO - Processing file /home/airflow/.local/lib/python3.12/site-packages/airflow/example_dags/example_short_circuit_operator.py for tasks to queue
[2024-10-16T11:33:56.142+0000] {logging_mixin.py:190} INFO - [2024-10-16T11:33:56.142+0000] {dagbag.py:588} INFO - Filling up the DagBag from /home/airflow/.local/lib/python3.12/site-packages/airflow/example_dags/example_short_circuit_operator.py
[2024-10-16T11:33:56.151+0000] {processor.py:925} INFO - DAG(s) 'example_short_circuit_operator' retrieved from /home/airflow/.local/lib/python3.12/site-packages/airflow/example_dags/example_short_circuit_operator.py
[2024-10-16T11:33:56.178+0000] {logging_mixin.py:190} INFO - [2024-10-16T11:33:56.177+0000] {dag.py:3239} INFO - Sync 1 DAGs
[2024-10-16T11:33:56.194+0000] {logging_mixin.py:190} INFO - [2024-10-16T11:33:56.194+0000] {dag.py:4180} INFO - Setting next_dagrun for example_short_circuit_operator to None, run_after=None
[2024-10-16T11:33:56.214+0000] {processor.py:208} INFO - Processing /home/airflow/.local/lib/python3.12/site-packages/airflow/example_dags/example_short_circuit_operator.py took 0.081 seconds
[2024-10-16T11:34:26.561+0000] {processor.py:186} INFO - Started process (PID=126141) to work on /home/airflow/.local/lib/python3.12/site-packages/airflow/example_dags/example_short_circuit_operator.py
[2024-10-16T11:34:26.562+0000] {processor.py:914} INFO - Processing file /home/airflow/.local/lib/python3.12/site-packages/airflow/example_dags/example_short_circuit_operator.py for tasks to queue
[2024-10-16T11:34:26.564+0000] {logging_mixin.py:190} INFO - [2024-10-16T11:34:26.564+0000] {dagbag.py:588} INFO - Filling up the DagBag from /home/airflow/.local/lib/python3.12/site-packages/airflow/example_dags/example_short_circuit_operator.py
[2024-10-16T11:34:26.578+0000] {processor.py:925} INFO - DAG(s) 'example_short_circuit_operator' retrieved from /home/airflow/.local/lib/python3.12/site-packages/airflow/example_dags/example_short_circuit_operator.py
[2024-10-16T11:34:26.605+0000] {logging_mixin.py:190} INFO - [2024-10-16T11:34:26.605+0000] {dag.py:3239} INFO - Sync 1 DAGs
[2024-10-16T11:34:26.623+0000] {logging_mixin.py:190} INFO - [2024-10-16T11:34:26.623+0000] {dag.py:4180} INFO - Setting next_dagrun for example_short_circuit_operator to None, run_after=None
[2024-10-16T11:34:26.646+0000] {processor.py:208} INFO - Processing /home/airflow/.local/lib/python3.12/site-packages/airflow/example_dags/example_short_circuit_operator.py took 0.092 seconds
[2024-10-16T11:34:56.824+0000] {processor.py:186} INFO - Started process (PID=126204) to work on /home/airflow/.local/lib/python3.12/site-packages/airflow/example_dags/example_short_circuit_operator.py
[2024-10-16T11:34:56.825+0000] {processor.py:914} INFO - Processing file /home/airflow/.local/lib/python3.12/site-packages/airflow/example_dags/example_short_circuit_operator.py for tasks to queue
[2024-10-16T11:34:56.827+0000] {logging_mixin.py:190} INFO - [2024-10-16T11:34:56.826+0000] {dagbag.py:588} INFO - Filling up the DagBag from /home/airflow/.local/lib/python3.12/site-packages/airflow/example_dags/example_short_circuit_operator.py
[2024-10-16T11:34:56.835+0000] {processor.py:925} INFO - DAG(s) 'example_short_circuit_operator' retrieved from /home/airflow/.local/lib/python3.12/site-packages/airflow/example_dags/example_short_circuit_operator.py
[2024-10-16T11:34:56.857+0000] {logging_mixin.py:190} INFO - [2024-10-16T11:34:56.857+0000] {dag.py:3239} INFO - Sync 1 DAGs
[2024-10-16T11:34:56.874+0000] {logging_mixin.py:190} INFO - [2024-10-16T11:34:56.874+0000] {dag.py:4180} INFO - Setting next_dagrun for example_short_circuit_operator to None, run_after=None
[2024-10-16T11:34:56.890+0000] {processor.py:208} INFO - Processing /home/airflow/.local/lib/python3.12/site-packages/airflow/example_dags/example_short_circuit_operator.py took 0.072 seconds
[2024-10-16T11:35:27.444+0000] {processor.py:186} INFO - Started process (PID=126267) to work on /home/airflow/.local/lib/python3.12/site-packages/airflow/example_dags/example_short_circuit_operator.py
[2024-10-16T11:35:27.445+0000] {processor.py:914} INFO - Processing file /home/airflow/.local/lib/python3.12/site-packages/airflow/example_dags/example_short_circuit_operator.py for tasks to queue
[2024-10-16T11:35:27.446+0000] {logging_mixin.py:190} INFO - [2024-10-16T11:35:27.446+0000] {dagbag.py:588} INFO - Filling up the DagBag from /home/airflow/.local/lib/python3.12/site-packages/airflow/example_dags/example_short_circuit_operator.py
[2024-10-16T11:35:27.455+0000] {processor.py:925} INFO - DAG(s) 'example_short_circuit_operator' retrieved from /home/airflow/.local/lib/python3.12/site-packages/airflow/example_dags/example_short_circuit_operator.py
[2024-10-16T11:35:27.479+0000] {logging_mixin.py:190} INFO - [2024-10-16T11:35:27.478+0000] {dag.py:3239} INFO - Sync 1 DAGs
[2024-10-16T11:35:27.495+0000] {logging_mixin.py:190} INFO - [2024-10-16T11:35:27.495+0000] {dag.py:4180} INFO - Setting next_dagrun for example_short_circuit_operator to None, run_after=None
[2024-10-16T11:35:27.515+0000] {processor.py:208} INFO - Processing /home/airflow/.local/lib/python3.12/site-packages/airflow/example_dags/example_short_circuit_operator.py took 0.076 seconds
[2024-10-16T11:35:57.922+0000] {processor.py:186} INFO - Started process (PID=126330) to work on /home/airflow/.local/lib/python3.12/site-packages/airflow/example_dags/example_short_circuit_operator.py
[2024-10-16T11:35:57.923+0000] {processor.py:914} INFO - Processing file /home/airflow/.local/lib/python3.12/site-packages/airflow/example_dags/example_short_circuit_operator.py for tasks to queue
[2024-10-16T11:35:57.925+0000] {logging_mixin.py:190} INFO - [2024-10-16T11:35:57.925+0000] {dagbag.py:588} INFO - Filling up the DagBag from /home/airflow/.local/lib/python3.12/site-packages/airflow/example_dags/example_short_circuit_operator.py
[2024-10-16T11:35:57.935+0000] {processor.py:925} INFO - DAG(s) 'example_short_circuit_operator' retrieved from /home/airflow/.local/lib/python3.12/site-packages/airflow/example_dags/example_short_circuit_operator.py
[2024-10-16T11:35:57.957+0000] {logging_mixin.py:190} INFO - [2024-10-16T11:35:57.957+0000] {dag.py:3239} INFO - Sync 1 DAGs
[2024-10-16T11:35:57.973+0000] {logging_mixin.py:190} INFO - [2024-10-16T11:35:57.973+0000] {dag.py:4180} INFO - Setting next_dagrun for example_short_circuit_operator to None, run_after=None
[2024-10-16T11:35:57.990+0000] {processor.py:208} INFO - Processing /home/airflow/.local/lib/python3.12/site-packages/airflow/example_dags/example_short_circuit_operator.py took 0.074 seconds
[2024-10-16T11:36:28.664+0000] {processor.py:186} INFO - Started process (PID=126394) to work on /home/airflow/.local/lib/python3.12/site-packages/airflow/example_dags/example_short_circuit_operator.py
[2024-10-16T11:36:28.665+0000] {processor.py:914} INFO - Processing file /home/airflow/.local/lib/python3.12/site-packages/airflow/example_dags/example_short_circuit_operator.py for tasks to queue
[2024-10-16T11:36:28.667+0000] {logging_mixin.py:190} INFO - [2024-10-16T11:36:28.667+0000] {dagbag.py:588} INFO - Filling up the DagBag from /home/airflow/.local/lib/python3.12/site-packages/airflow/example_dags/example_short_circuit_operator.py
[2024-10-16T11:36:28.675+0000] {processor.py:925} INFO - DAG(s) 'example_short_circuit_operator' retrieved from /home/airflow/.local/lib/python3.12/site-packages/airflow/example_dags/example_short_circuit_operator.py
[2024-10-16T11:36:28.699+0000] {logging_mixin.py:190} INFO - [2024-10-16T11:36:28.698+0000] {dag.py:3239} INFO - Sync 1 DAGs
[2024-10-16T11:36:28.715+0000] {logging_mixin.py:190} INFO - [2024-10-16T11:36:28.715+0000] {dag.py:4180} INFO - Setting next_dagrun for example_short_circuit_operator to None, run_after=None
[2024-10-16T11:36:28.740+0000] {processor.py:208} INFO - Processing /home/airflow/.local/lib/python3.12/site-packages/airflow/example_dags/example_short_circuit_operator.py took 0.083 seconds
[2024-10-16T11:36:59.046+0000] {processor.py:186} INFO - Started process (PID=126457) to work on /home/airflow/.local/lib/python3.12/site-packages/airflow/example_dags/example_short_circuit_operator.py
[2024-10-16T11:36:59.047+0000] {processor.py:914} INFO - Processing file /home/airflow/.local/lib/python3.12/site-packages/airflow/example_dags/example_short_circuit_operator.py for tasks to queue
[2024-10-16T11:36:59.048+0000] {logging_mixin.py:190} INFO - [2024-10-16T11:36:59.048+0000] {dagbag.py:588} INFO - Filling up the DagBag from /home/airflow/.local/lib/python3.12/site-packages/airflow/example_dags/example_short_circuit_operator.py
[2024-10-16T11:36:59.056+0000] {processor.py:925} INFO - DAG(s) 'example_short_circuit_operator' retrieved from /home/airflow/.local/lib/python3.12/site-packages/airflow/example_dags/example_short_circuit_operator.py
[2024-10-16T11:36:59.078+0000] {logging_mixin.py:190} INFO - [2024-10-16T11:36:59.078+0000] {dag.py:3239} INFO - Sync 1 DAGs
[2024-10-16T11:36:59.093+0000] {logging_mixin.py:190} INFO - [2024-10-16T11:36:59.093+0000] {dag.py:4180} INFO - Setting next_dagrun for example_short_circuit_operator to None, run_after=None
[2024-10-16T11:36:59.111+0000] {processor.py:208} INFO - Processing /home/airflow/.local/lib/python3.12/site-packages/airflow/example_dags/example_short_circuit_operator.py took 0.070 seconds
[2024-10-16T11:37:29.522+0000] {processor.py:186} INFO - Started process (PID=126520) to work on /home/airflow/.local/lib/python3.12/site-packages/airflow/example_dags/example_short_circuit_operator.py
[2024-10-16T11:37:29.523+0000] {processor.py:914} INFO - Processing file /home/airflow/.local/lib/python3.12/site-packages/airflow/example_dags/example_short_circuit_operator.py for tasks to queue
[2024-10-16T11:37:29.524+0000] {logging_mixin.py:190} INFO - [2024-10-16T11:37:29.524+0000] {dagbag.py:588} INFO - Filling up the DagBag from /home/airflow/.local/lib/python3.12/site-packages/airflow/example_dags/example_short_circuit_operator.py
[2024-10-16T11:37:29.532+0000] {processor.py:925} INFO - DAG(s) 'example_short_circuit_operator' retrieved from /home/airflow/.local/lib/python3.12/site-packages/airflow/example_dags/example_short_circuit_operator.py
[2024-10-16T11:37:29.559+0000] {logging_mixin.py:190} INFO - [2024-10-16T11:37:29.559+0000] {dag.py:3239} INFO - Sync 1 DAGs
[2024-10-16T11:37:29.576+0000] {logging_mixin.py:190} INFO - [2024-10-16T11:37:29.575+0000] {dag.py:4180} INFO - Setting next_dagrun for example_short_circuit_operator to None, run_after=None
[2024-10-16T11:37:29.595+0000] {processor.py:208} INFO - Processing /home/airflow/.local/lib/python3.12/site-packages/airflow/example_dags/example_short_circuit_operator.py took 0.078 seconds
[2024-10-16T11:38:00.431+0000] {processor.py:186} INFO - Started process (PID=126583) to work on /home/airflow/.local/lib/python3.12/site-packages/airflow/example_dags/example_short_circuit_operator.py
[2024-10-16T11:38:00.432+0000] {processor.py:914} INFO - Processing file /home/airflow/.local/lib/python3.12/site-packages/airflow/example_dags/example_short_circuit_operator.py for tasks to queue
[2024-10-16T11:38:00.434+0000] {logging_mixin.py:190} INFO - [2024-10-16T11:38:00.433+0000] {dagbag.py:588} INFO - Filling up the DagBag from /home/airflow/.local/lib/python3.12/site-packages/airflow/example_dags/example_short_circuit_operator.py
[2024-10-16T11:38:00.443+0000] {processor.py:925} INFO - DAG(s) 'example_short_circuit_operator' retrieved from /home/airflow/.local/lib/python3.12/site-packages/airflow/example_dags/example_short_circuit_operator.py
[2024-10-16T11:38:00.474+0000] {logging_mixin.py:190} INFO - [2024-10-16T11:38:00.474+0000] {dag.py:3239} INFO - Sync 1 DAGs
[2024-10-16T11:38:00.498+0000] {logging_mixin.py:190} INFO - [2024-10-16T11:38:00.498+0000] {dag.py:4180} INFO - Setting next_dagrun for example_short_circuit_operator to None, run_after=None
[2024-10-16T11:38:00.522+0000] {processor.py:208} INFO - Processing /home/airflow/.local/lib/python3.12/site-packages/airflow/example_dags/example_short_circuit_operator.py took 0.097 seconds
[2024-10-16T11:38:31.143+0000] {processor.py:186} INFO - Started process (PID=126647) to work on /home/airflow/.local/lib/python3.12/site-packages/airflow/example_dags/example_short_circuit_operator.py
[2024-10-16T11:38:31.146+0000] {processor.py:914} INFO - Processing file /home/airflow/.local/lib/python3.12/site-packages/airflow/example_dags/example_short_circuit_operator.py for tasks to queue
[2024-10-16T11:38:31.152+0000] {logging_mixin.py:190} INFO - [2024-10-16T11:38:31.149+0000] {dagbag.py:588} INFO - Filling up the DagBag from /home/airflow/.local/lib/python3.12/site-packages/airflow/example_dags/example_short_circuit_operator.py
[2024-10-16T11:38:31.181+0000] {processor.py:925} INFO - DAG(s) 'example_short_circuit_operator' retrieved from /home/airflow/.local/lib/python3.12/site-packages/airflow/example_dags/example_short_circuit_operator.py
[2024-10-16T11:38:31.251+0000] {logging_mixin.py:190} INFO - [2024-10-16T11:38:31.251+0000] {dag.py:3239} INFO - Sync 1 DAGs
[2024-10-16T11:38:31.306+0000] {logging_mixin.py:190} INFO - [2024-10-16T11:38:31.305+0000] {dag.py:4180} INFO - Setting next_dagrun for example_short_circuit_operator to None, run_after=None
[2024-10-16T11:38:31.365+0000] {processor.py:208} INFO - Processing /home/airflow/.local/lib/python3.12/site-packages/airflow/example_dags/example_short_circuit_operator.py took 0.232 seconds
[2024-10-16T11:39:02.180+0000] {processor.py:186} INFO - Started process (PID=126709) to work on /home/airflow/.local/lib/python3.12/site-packages/airflow/example_dags/example_short_circuit_operator.py
[2024-10-16T11:39:02.182+0000] {processor.py:914} INFO - Processing file /home/airflow/.local/lib/python3.12/site-packages/airflow/example_dags/example_short_circuit_operator.py for tasks to queue
[2024-10-16T11:39:02.183+0000] {logging_mixin.py:190} INFO - [2024-10-16T11:39:02.183+0000] {dagbag.py:588} INFO - Filling up the DagBag from /home/airflow/.local/lib/python3.12/site-packages/airflow/example_dags/example_short_circuit_operator.py
[2024-10-16T11:39:02.192+0000] {processor.py:925} INFO - DAG(s) 'example_short_circuit_operator' retrieved from /home/airflow/.local/lib/python3.12/site-packages/airflow/example_dags/example_short_circuit_operator.py
[2024-10-16T11:39:02.223+0000] {logging_mixin.py:190} INFO - [2024-10-16T11:39:02.223+0000] {dag.py:3239} INFO - Sync 1 DAGs
[2024-10-16T11:39:02.241+0000] {logging_mixin.py:190} INFO - [2024-10-16T11:39:02.241+0000] {dag.py:4180} INFO - Setting next_dagrun for example_short_circuit_operator to None, run_after=None
[2024-10-16T11:39:02.259+0000] {processor.py:208} INFO - Processing /home/airflow/.local/lib/python3.12/site-packages/airflow/example_dags/example_short_circuit_operator.py took 0.086 seconds
[2024-10-16T11:39:33.037+0000] {processor.py:186} INFO - Started process (PID=126772) to work on /home/airflow/.local/lib/python3.12/site-packages/airflow/example_dags/example_short_circuit_operator.py
[2024-10-16T11:39:33.038+0000] {processor.py:914} INFO - Processing file /home/airflow/.local/lib/python3.12/site-packages/airflow/example_dags/example_short_circuit_operator.py for tasks to queue
[2024-10-16T11:39:33.039+0000] {logging_mixin.py:190} INFO - [2024-10-16T11:39:33.039+0000] {dagbag.py:588} INFO - Filling up the DagBag from /home/airflow/.local/lib/python3.12/site-packages/airflow/example_dags/example_short_circuit_operator.py
[2024-10-16T11:39:33.048+0000] {processor.py:925} INFO - DAG(s) 'example_short_circuit_operator' retrieved from /home/airflow/.local/lib/python3.12/site-packages/airflow/example_dags/example_short_circuit_operator.py
[2024-10-16T11:39:33.072+0000] {logging_mixin.py:190} INFO - [2024-10-16T11:39:33.072+0000] {dag.py:3239} INFO - Sync 1 DAGs
[2024-10-16T11:39:33.088+0000] {logging_mixin.py:190} INFO - [2024-10-16T11:39:33.087+0000] {dag.py:4180} INFO - Setting next_dagrun for example_short_circuit_operator to None, run_after=None
[2024-10-16T11:39:33.107+0000] {processor.py:208} INFO - Processing /home/airflow/.local/lib/python3.12/site-packages/airflow/example_dags/example_short_circuit_operator.py took 0.076 seconds
[2024-10-16T11:40:03.796+0000] {processor.py:186} INFO - Started process (PID=126835) to work on /home/airflow/.local/lib/python3.12/site-packages/airflow/example_dags/example_short_circuit_operator.py
[2024-10-16T11:40:03.797+0000] {processor.py:914} INFO - Processing file /home/airflow/.local/lib/python3.12/site-packages/airflow/example_dags/example_short_circuit_operator.py for tasks to queue
[2024-10-16T11:40:03.799+0000] {logging_mixin.py:190} INFO - [2024-10-16T11:40:03.798+0000] {dagbag.py:588} INFO - Filling up the DagBag from /home/airflow/.local/lib/python3.12/site-packages/airflow/example_dags/example_short_circuit_operator.py
[2024-10-16T11:40:03.808+0000] {processor.py:925} INFO - DAG(s) 'example_short_circuit_operator' retrieved from /home/airflow/.local/lib/python3.12/site-packages/airflow/example_dags/example_short_circuit_operator.py
[2024-10-16T11:40:03.833+0000] {logging_mixin.py:190} INFO - [2024-10-16T11:40:03.832+0000] {dag.py:3239} INFO - Sync 1 DAGs
[2024-10-16T11:40:03.849+0000] {logging_mixin.py:190} INFO - [2024-10-16T11:40:03.849+0000] {dag.py:4180} INFO - Setting next_dagrun for example_short_circuit_operator to None, run_after=None
[2024-10-16T11:40:03.868+0000] {processor.py:208} INFO - Processing /home/airflow/.local/lib/python3.12/site-packages/airflow/example_dags/example_short_circuit_operator.py took 0.081 seconds
[2024-10-16T11:40:34.010+0000] {processor.py:186} INFO - Started process (PID=126897) to work on /home/airflow/.local/lib/python3.12/site-packages/airflow/example_dags/example_short_circuit_operator.py
[2024-10-16T11:40:34.011+0000] {processor.py:914} INFO - Processing file /home/airflow/.local/lib/python3.12/site-packages/airflow/example_dags/example_short_circuit_operator.py for tasks to queue
[2024-10-16T11:40:34.013+0000] {logging_mixin.py:190} INFO - [2024-10-16T11:40:34.012+0000] {dagbag.py:588} INFO - Filling up the DagBag from /home/airflow/.local/lib/python3.12/site-packages/airflow/example_dags/example_short_circuit_operator.py
[2024-10-16T11:40:34.022+0000] {processor.py:925} INFO - DAG(s) 'example_short_circuit_operator' retrieved from /home/airflow/.local/lib/python3.12/site-packages/airflow/example_dags/example_short_circuit_operator.py
[2024-10-16T11:40:34.047+0000] {logging_mixin.py:190} INFO - [2024-10-16T11:40:34.046+0000] {dag.py:3239} INFO - Sync 1 DAGs
[2024-10-16T11:40:34.064+0000] {logging_mixin.py:190} INFO - [2024-10-16T11:40:34.064+0000] {dag.py:4180} INFO - Setting next_dagrun for example_short_circuit_operator to None, run_after=None
[2024-10-16T11:40:34.092+0000] {processor.py:208} INFO - Processing /home/airflow/.local/lib/python3.12/site-packages/airflow/example_dags/example_short_circuit_operator.py took 0.088 seconds
[2024-10-16T11:41:04.272+0000] {processor.py:186} INFO - Started process (PID=126960) to work on /home/airflow/.local/lib/python3.12/site-packages/airflow/example_dags/example_short_circuit_operator.py
[2024-10-16T11:41:04.273+0000] {processor.py:914} INFO - Processing file /home/airflow/.local/lib/python3.12/site-packages/airflow/example_dags/example_short_circuit_operator.py for tasks to queue
[2024-10-16T11:41:04.275+0000] {logging_mixin.py:190} INFO - [2024-10-16T11:41:04.274+0000] {dagbag.py:588} INFO - Filling up the DagBag from /home/airflow/.local/lib/python3.12/site-packages/airflow/example_dags/example_short_circuit_operator.py
[2024-10-16T11:41:04.284+0000] {processor.py:925} INFO - DAG(s) 'example_short_circuit_operator' retrieved from /home/airflow/.local/lib/python3.12/site-packages/airflow/example_dags/example_short_circuit_operator.py
[2024-10-16T11:41:04.308+0000] {logging_mixin.py:190} INFO - [2024-10-16T11:41:04.308+0000] {dag.py:3239} INFO - Sync 1 DAGs
[2024-10-16T11:41:04.325+0000] {logging_mixin.py:190} INFO - [2024-10-16T11:41:04.325+0000] {dag.py:4180} INFO - Setting next_dagrun for example_short_circuit_operator to None, run_after=None
[2024-10-16T11:41:04.345+0000] {processor.py:208} INFO - Processing /home/airflow/.local/lib/python3.12/site-packages/airflow/example_dags/example_short_circuit_operator.py took 0.079 seconds
[2024-10-16T11:41:34.683+0000] {processor.py:186} INFO - Started process (PID=127023) to work on /home/airflow/.local/lib/python3.12/site-packages/airflow/example_dags/example_short_circuit_operator.py
[2024-10-16T11:41:34.684+0000] {processor.py:914} INFO - Processing file /home/airflow/.local/lib/python3.12/site-packages/airflow/example_dags/example_short_circuit_operator.py for tasks to queue
[2024-10-16T11:41:34.685+0000] {logging_mixin.py:190} INFO - [2024-10-16T11:41:34.685+0000] {dagbag.py:588} INFO - Filling up the DagBag from /home/airflow/.local/lib/python3.12/site-packages/airflow/example_dags/example_short_circuit_operator.py
[2024-10-16T11:41:34.695+0000] {processor.py:925} INFO - DAG(s) 'example_short_circuit_operator' retrieved from /home/airflow/.local/lib/python3.12/site-packages/airflow/example_dags/example_short_circuit_operator.py
[2024-10-16T11:41:34.721+0000] {logging_mixin.py:190} INFO - [2024-10-16T11:41:34.721+0000] {dag.py:3239} INFO - Sync 1 DAGs
[2024-10-16T11:41:34.737+0000] {logging_mixin.py:190} INFO - [2024-10-16T11:41:34.737+0000] {dag.py:4180} INFO - Setting next_dagrun for example_short_circuit_operator to None, run_after=None
[2024-10-16T11:41:34.756+0000] {processor.py:208} INFO - Processing /home/airflow/.local/lib/python3.12/site-packages/airflow/example_dags/example_short_circuit_operator.py took 0.079 seconds
[2024-10-16T11:42:05.481+0000] {processor.py:186} INFO - Started process (PID=127086) to work on /home/airflow/.local/lib/python3.12/site-packages/airflow/example_dags/example_short_circuit_operator.py
[2024-10-16T11:42:05.482+0000] {processor.py:914} INFO - Processing file /home/airflow/.local/lib/python3.12/site-packages/airflow/example_dags/example_short_circuit_operator.py for tasks to queue
[2024-10-16T11:42:05.484+0000] {logging_mixin.py:190} INFO - [2024-10-16T11:42:05.483+0000] {dagbag.py:588} INFO - Filling up the DagBag from /home/airflow/.local/lib/python3.12/site-packages/airflow/example_dags/example_short_circuit_operator.py
[2024-10-16T11:42:05.493+0000] {processor.py:925} INFO - DAG(s) 'example_short_circuit_operator' retrieved from /home/airflow/.local/lib/python3.12/site-packages/airflow/example_dags/example_short_circuit_operator.py
[2024-10-16T11:42:05.518+0000] {logging_mixin.py:190} INFO - [2024-10-16T11:42:05.517+0000] {dag.py:3239} INFO - Sync 1 DAGs
[2024-10-16T11:42:05.534+0000] {logging_mixin.py:190} INFO - [2024-10-16T11:42:05.534+0000] {dag.py:4180} INFO - Setting next_dagrun for example_short_circuit_operator to None, run_after=None
[2024-10-16T11:42:05.554+0000] {processor.py:208} INFO - Processing /home/airflow/.local/lib/python3.12/site-packages/airflow/example_dags/example_short_circuit_operator.py took 0.080 seconds
[2024-10-16T11:42:35.762+0000] {processor.py:186} INFO - Started process (PID=127149) to work on /home/airflow/.local/lib/python3.12/site-packages/airflow/example_dags/example_short_circuit_operator.py
[2024-10-16T11:42:35.763+0000] {processor.py:914} INFO - Processing file /home/airflow/.local/lib/python3.12/site-packages/airflow/example_dags/example_short_circuit_operator.py for tasks to queue
[2024-10-16T11:42:35.764+0000] {logging_mixin.py:190} INFO - [2024-10-16T11:42:35.764+0000] {dagbag.py:588} INFO - Filling up the DagBag from /home/airflow/.local/lib/python3.12/site-packages/airflow/example_dags/example_short_circuit_operator.py
[2024-10-16T11:42:35.774+0000] {processor.py:925} INFO - DAG(s) 'example_short_circuit_operator' retrieved from /home/airflow/.local/lib/python3.12/site-packages/airflow/example_dags/example_short_circuit_operator.py
[2024-10-16T11:42:35.798+0000] {logging_mixin.py:190} INFO - [2024-10-16T11:42:35.798+0000] {dag.py:3239} INFO - Sync 1 DAGs
[2024-10-16T11:42:35.816+0000] {logging_mixin.py:190} INFO - [2024-10-16T11:42:35.815+0000] {dag.py:4180} INFO - Setting next_dagrun for example_short_circuit_operator to None, run_after=None
[2024-10-16T11:42:35.836+0000] {processor.py:208} INFO - Processing /home/airflow/.local/lib/python3.12/site-packages/airflow/example_dags/example_short_circuit_operator.py took 0.084 seconds
[2024-10-16T11:43:06.618+0000] {processor.py:186} INFO - Started process (PID=127212) to work on /home/airflow/.local/lib/python3.12/site-packages/airflow/example_dags/example_short_circuit_operator.py
[2024-10-16T11:43:06.619+0000] {processor.py:914} INFO - Processing file /home/airflow/.local/lib/python3.12/site-packages/airflow/example_dags/example_short_circuit_operator.py for tasks to queue
[2024-10-16T11:43:06.620+0000] {logging_mixin.py:190} INFO - [2024-10-16T11:43:06.620+0000] {dagbag.py:588} INFO - Filling up the DagBag from /home/airflow/.local/lib/python3.12/site-packages/airflow/example_dags/example_short_circuit_operator.py
[2024-10-16T11:43:06.629+0000] {processor.py:925} INFO - DAG(s) 'example_short_circuit_operator' retrieved from /home/airflow/.local/lib/python3.12/site-packages/airflow/example_dags/example_short_circuit_operator.py
[2024-10-16T11:43:06.654+0000] {logging_mixin.py:190} INFO - [2024-10-16T11:43:06.653+0000] {dag.py:3239} INFO - Sync 1 DAGs
[2024-10-16T11:43:06.670+0000] {logging_mixin.py:190} INFO - [2024-10-16T11:43:06.669+0000] {dag.py:4180} INFO - Setting next_dagrun for example_short_circuit_operator to None, run_after=None
[2024-10-16T11:43:06.691+0000] {processor.py:208} INFO - Processing /home/airflow/.local/lib/python3.12/site-packages/airflow/example_dags/example_short_circuit_operator.py took 0.079 seconds
[2024-10-16T11:43:36.733+0000] {processor.py:186} INFO - Started process (PID=127274) to work on /home/airflow/.local/lib/python3.12/site-packages/airflow/example_dags/example_short_circuit_operator.py
[2024-10-16T11:43:36.734+0000] {processor.py:914} INFO - Processing file /home/airflow/.local/lib/python3.12/site-packages/airflow/example_dags/example_short_circuit_operator.py for tasks to queue
[2024-10-16T11:43:36.736+0000] {logging_mixin.py:190} INFO - [2024-10-16T11:43:36.736+0000] {dagbag.py:588} INFO - Filling up the DagBag from /home/airflow/.local/lib/python3.12/site-packages/airflow/example_dags/example_short_circuit_operator.py
[2024-10-16T11:43:36.746+0000] {processor.py:925} INFO - DAG(s) 'example_short_circuit_operator' retrieved from /home/airflow/.local/lib/python3.12/site-packages/airflow/example_dags/example_short_circuit_operator.py
[2024-10-16T11:43:36.772+0000] {logging_mixin.py:190} INFO - [2024-10-16T11:43:36.772+0000] {dag.py:3239} INFO - Sync 1 DAGs
[2024-10-16T11:43:36.790+0000] {logging_mixin.py:190} INFO - [2024-10-16T11:43:36.790+0000] {dag.py:4180} INFO - Setting next_dagrun for example_short_circuit_operator to None, run_after=None
[2024-10-16T11:43:36.813+0000] {processor.py:208} INFO - Processing /home/airflow/.local/lib/python3.12/site-packages/airflow/example_dags/example_short_circuit_operator.py took 0.086 seconds
[2024-10-16T11:44:06.981+0000] {processor.py:186} INFO - Started process (PID=127337) to work on /home/airflow/.local/lib/python3.12/site-packages/airflow/example_dags/example_short_circuit_operator.py
[2024-10-16T11:44:06.982+0000] {processor.py:914} INFO - Processing file /home/airflow/.local/lib/python3.12/site-packages/airflow/example_dags/example_short_circuit_operator.py for tasks to queue
[2024-10-16T11:44:06.984+0000] {logging_mixin.py:190} INFO - [2024-10-16T11:44:06.983+0000] {dagbag.py:588} INFO - Filling up the DagBag from /home/airflow/.local/lib/python3.12/site-packages/airflow/example_dags/example_short_circuit_operator.py
[2024-10-16T11:44:06.994+0000] {processor.py:925} INFO - DAG(s) 'example_short_circuit_operator' retrieved from /home/airflow/.local/lib/python3.12/site-packages/airflow/example_dags/example_short_circuit_operator.py
[2024-10-16T11:44:07.020+0000] {logging_mixin.py:190} INFO - [2024-10-16T11:44:07.019+0000] {dag.py:3239} INFO - Sync 1 DAGs
[2024-10-16T11:44:07.038+0000] {logging_mixin.py:190} INFO - [2024-10-16T11:44:07.038+0000] {dag.py:4180} INFO - Setting next_dagrun for example_short_circuit_operator to None, run_after=None
[2024-10-16T11:44:07.063+0000] {processor.py:208} INFO - Processing /home/airflow/.local/lib/python3.12/site-packages/airflow/example_dags/example_short_circuit_operator.py took 0.090 seconds
[2024-10-16T11:44:37.770+0000] {processor.py:186} INFO - Started process (PID=127402) to work on /home/airflow/.local/lib/python3.12/site-packages/airflow/example_dags/example_short_circuit_operator.py
[2024-10-16T11:44:37.771+0000] {processor.py:914} INFO - Processing file /home/airflow/.local/lib/python3.12/site-packages/airflow/example_dags/example_short_circuit_operator.py for tasks to queue
[2024-10-16T11:44:37.773+0000] {logging_mixin.py:190} INFO - [2024-10-16T11:44:37.772+0000] {dagbag.py:588} INFO - Filling up the DagBag from /home/airflow/.local/lib/python3.12/site-packages/airflow/example_dags/example_short_circuit_operator.py
[2024-10-16T11:44:37.782+0000] {processor.py:925} INFO - DAG(s) 'example_short_circuit_operator' retrieved from /home/airflow/.local/lib/python3.12/site-packages/airflow/example_dags/example_short_circuit_operator.py
[2024-10-16T11:44:37.813+0000] {logging_mixin.py:190} INFO - [2024-10-16T11:44:37.812+0000] {dag.py:3239} INFO - Sync 1 DAGs
[2024-10-16T11:44:37.829+0000] {logging_mixin.py:190} INFO - [2024-10-16T11:44:37.828+0000] {dag.py:4180} INFO - Setting next_dagrun for example_short_circuit_operator to None, run_after=None
[2024-10-16T11:44:37.848+0000] {processor.py:208} INFO - Processing /home/airflow/.local/lib/python3.12/site-packages/airflow/example_dags/example_short_circuit_operator.py took 0.085 seconds
[2024-10-16T11:45:08.053+0000] {processor.py:186} INFO - Started process (PID=127465) to work on /home/airflow/.local/lib/python3.12/site-packages/airflow/example_dags/example_short_circuit_operator.py
[2024-10-16T11:45:08.054+0000] {processor.py:914} INFO - Processing file /home/airflow/.local/lib/python3.12/site-packages/airflow/example_dags/example_short_circuit_operator.py for tasks to queue
[2024-10-16T11:45:08.056+0000] {logging_mixin.py:190} INFO - [2024-10-16T11:45:08.055+0000] {dagbag.py:588} INFO - Filling up the DagBag from /home/airflow/.local/lib/python3.12/site-packages/airflow/example_dags/example_short_circuit_operator.py
[2024-10-16T11:45:08.065+0000] {processor.py:925} INFO - DAG(s) 'example_short_circuit_operator' retrieved from /home/airflow/.local/lib/python3.12/site-packages/airflow/example_dags/example_short_circuit_operator.py
[2024-10-16T11:45:08.088+0000] {logging_mixin.py:190} INFO - [2024-10-16T11:45:08.088+0000] {dag.py:3239} INFO - Sync 1 DAGs
[2024-10-16T11:45:08.104+0000] {logging_mixin.py:190} INFO - [2024-10-16T11:45:08.104+0000] {dag.py:4180} INFO - Setting next_dagrun for example_short_circuit_operator to None, run_after=None
[2024-10-16T11:45:08.128+0000] {processor.py:208} INFO - Processing /home/airflow/.local/lib/python3.12/site-packages/airflow/example_dags/example_short_circuit_operator.py took 0.084 seconds
[2024-10-16T11:45:38.411+0000] {processor.py:186} INFO - Started process (PID=127528) to work on /home/airflow/.local/lib/python3.12/site-packages/airflow/example_dags/example_short_circuit_operator.py
[2024-10-16T11:45:38.412+0000] {processor.py:914} INFO - Processing file /home/airflow/.local/lib/python3.12/site-packages/airflow/example_dags/example_short_circuit_operator.py for tasks to queue
[2024-10-16T11:45:38.414+0000] {logging_mixin.py:190} INFO - [2024-10-16T11:45:38.414+0000] {dagbag.py:588} INFO - Filling up the DagBag from /home/airflow/.local/lib/python3.12/site-packages/airflow/example_dags/example_short_circuit_operator.py
[2024-10-16T11:45:38.424+0000] {processor.py:925} INFO - DAG(s) 'example_short_circuit_operator' retrieved from /home/airflow/.local/lib/python3.12/site-packages/airflow/example_dags/example_short_circuit_operator.py
[2024-10-16T11:45:38.450+0000] {logging_mixin.py:190} INFO - [2024-10-16T11:45:38.450+0000] {dag.py:3239} INFO - Sync 1 DAGs
[2024-10-16T11:45:38.470+0000] {logging_mixin.py:190} INFO - [2024-10-16T11:45:38.470+0000] {dag.py:4180} INFO - Setting next_dagrun for example_short_circuit_operator to None, run_after=None
[2024-10-16T11:45:38.493+0000] {processor.py:208} INFO - Processing /home/airflow/.local/lib/python3.12/site-packages/airflow/example_dags/example_short_circuit_operator.py took 0.089 seconds
