[2024-10-16T11:29:57.271+0000] {processor.py:186} INFO - Started process (PID=125584) to work on /home/airflow/.local/lib/python3.12/site-packages/airflow/example_dags/example_params_trigger_ui.py
[2024-10-16T11:29:57.273+0000] {processor.py:914} INFO - Processing file /home/airflow/.local/lib/python3.12/site-packages/airflow/example_dags/example_params_trigger_ui.py for tasks to queue
[2024-10-16T11:29:57.275+0000] {logging_mixin.py:190} INFO - [2024-10-16T11:29:57.274+0000] {dagbag.py:588} INFO - Filling up the DagBag from /home/airflow/.local/lib/python3.12/site-packages/airflow/example_dags/example_params_trigger_ui.py
[2024-10-16T11:29:57.312+0000] {processor.py:925} INFO - DAG(s) 'example_params_trigger_ui' retrieved from /home/airflow/.local/lib/python3.12/site-packages/airflow/example_dags/example_params_trigger_ui.py
[2024-10-16T11:29:57.500+0000] {logging_mixin.py:190} INFO - [2024-10-16T11:29:57.500+0000] {dag.py:3239} INFO - Sync 1 DAGs
[2024-10-16T11:29:57.623+0000] {logging_mixin.py:190} INFO - [2024-10-16T11:29:57.623+0000] {dag.py:4180} INFO - Setting next_dagrun for example_params_trigger_ui to None, run_after=None
[2024-10-16T11:29:57.722+0000] {processor.py:208} INFO - Processing /home/airflow/.local/lib/python3.12/site-packages/airflow/example_dags/example_params_trigger_ui.py took 0.465 seconds
[2024-10-16T11:30:28.693+0000] {processor.py:186} INFO - Started process (PID=125648) to work on /home/airflow/.local/lib/python3.12/site-packages/airflow/example_dags/example_params_trigger_ui.py
[2024-10-16T11:30:28.694+0000] {processor.py:914} INFO - Processing file /home/airflow/.local/lib/python3.12/site-packages/airflow/example_dags/example_params_trigger_ui.py for tasks to queue
[2024-10-16T11:30:28.695+0000] {logging_mixin.py:190} INFO - [2024-10-16T11:30:28.695+0000] {dagbag.py:588} INFO - Filling up the DagBag from /home/airflow/.local/lib/python3.12/site-packages/airflow/example_dags/example_params_trigger_ui.py
[2024-10-16T11:30:28.706+0000] {processor.py:925} INFO - DAG(s) 'example_params_trigger_ui' retrieved from /home/airflow/.local/lib/python3.12/site-packages/airflow/example_dags/example_params_trigger_ui.py
[2024-10-16T11:30:28.747+0000] {logging_mixin.py:190} INFO - [2024-10-16T11:30:28.746+0000] {dag.py:3239} INFO - Sync 1 DAGs
[2024-10-16T11:30:28.760+0000] {logging_mixin.py:190} INFO - [2024-10-16T11:30:28.760+0000] {dag.py:4180} INFO - Setting next_dagrun for example_params_trigger_ui to None, run_after=None
[2024-10-16T11:30:28.778+0000] {processor.py:208} INFO - Processing /home/airflow/.local/lib/python3.12/site-packages/airflow/example_dags/example_params_trigger_ui.py took 0.091 seconds
[2024-10-16T11:30:59.156+0000] {processor.py:186} INFO - Started process (PID=125711) to work on /home/airflow/.local/lib/python3.12/site-packages/airflow/example_dags/example_params_trigger_ui.py
[2024-10-16T11:30:59.157+0000] {processor.py:914} INFO - Processing file /home/airflow/.local/lib/python3.12/site-packages/airflow/example_dags/example_params_trigger_ui.py for tasks to queue
[2024-10-16T11:30:59.159+0000] {logging_mixin.py:190} INFO - [2024-10-16T11:30:59.158+0000] {dagbag.py:588} INFO - Filling up the DagBag from /home/airflow/.local/lib/python3.12/site-packages/airflow/example_dags/example_params_trigger_ui.py
[2024-10-16T11:30:59.171+0000] {processor.py:925} INFO - DAG(s) 'example_params_trigger_ui' retrieved from /home/airflow/.local/lib/python3.12/site-packages/airflow/example_dags/example_params_trigger_ui.py
[2024-10-16T11:30:59.217+0000] {logging_mixin.py:190} INFO - [2024-10-16T11:30:59.216+0000] {dag.py:3239} INFO - Sync 1 DAGs
[2024-10-16T11:30:59.233+0000] {logging_mixin.py:190} INFO - [2024-10-16T11:30:59.233+0000] {dag.py:4180} INFO - Setting next_dagrun for example_params_trigger_ui to None, run_after=None
[2024-10-16T11:30:59.252+0000] {processor.py:208} INFO - Processing /home/airflow/.local/lib/python3.12/site-packages/airflow/example_dags/example_params_trigger_ui.py took 0.104 seconds
[2024-10-16T11:31:29.837+0000] {processor.py:186} INFO - Started process (PID=125774) to work on /home/airflow/.local/lib/python3.12/site-packages/airflow/example_dags/example_params_trigger_ui.py
[2024-10-16T11:31:29.838+0000] {processor.py:914} INFO - Processing file /home/airflow/.local/lib/python3.12/site-packages/airflow/example_dags/example_params_trigger_ui.py for tasks to queue
[2024-10-16T11:31:29.839+0000] {logging_mixin.py:190} INFO - [2024-10-16T11:31:29.838+0000] {dagbag.py:588} INFO - Filling up the DagBag from /home/airflow/.local/lib/python3.12/site-packages/airflow/example_dags/example_params_trigger_ui.py
[2024-10-16T11:31:29.848+0000] {processor.py:925} INFO - DAG(s) 'example_params_trigger_ui' retrieved from /home/airflow/.local/lib/python3.12/site-packages/airflow/example_dags/example_params_trigger_ui.py
[2024-10-16T11:31:29.887+0000] {logging_mixin.py:190} INFO - [2024-10-16T11:31:29.887+0000] {dag.py:3239} INFO - Sync 1 DAGs
[2024-10-16T11:31:29.901+0000] {logging_mixin.py:190} INFO - [2024-10-16T11:31:29.900+0000] {dag.py:4180} INFO - Setting next_dagrun for example_params_trigger_ui to None, run_after=None
[2024-10-16T11:31:29.917+0000] {processor.py:208} INFO - Processing /home/airflow/.local/lib/python3.12/site-packages/airflow/example_dags/example_params_trigger_ui.py took 0.086 seconds
[2024-10-16T11:32:00.699+0000] {processor.py:186} INFO - Started process (PID=125837) to work on /home/airflow/.local/lib/python3.12/site-packages/airflow/example_dags/example_params_trigger_ui.py
[2024-10-16T11:32:00.702+0000] {processor.py:914} INFO - Processing file /home/airflow/.local/lib/python3.12/site-packages/airflow/example_dags/example_params_trigger_ui.py for tasks to queue
[2024-10-16T11:32:00.705+0000] {logging_mixin.py:190} INFO - [2024-10-16T11:32:00.704+0000] {dagbag.py:588} INFO - Filling up the DagBag from /home/airflow/.local/lib/python3.12/site-packages/airflow/example_dags/example_params_trigger_ui.py
[2024-10-16T11:32:00.744+0000] {processor.py:925} INFO - DAG(s) 'example_params_trigger_ui' retrieved from /home/airflow/.local/lib/python3.12/site-packages/airflow/example_dags/example_params_trigger_ui.py
[2024-10-16T11:32:00.877+0000] {logging_mixin.py:190} INFO - [2024-10-16T11:32:00.876+0000] {dag.py:3239} INFO - Sync 1 DAGs
[2024-10-16T11:32:00.980+0000] {logging_mixin.py:190} INFO - [2024-10-16T11:32:00.980+0000] {dag.py:4180} INFO - Setting next_dagrun for example_params_trigger_ui to None, run_after=None
[2024-10-16T11:32:01.056+0000] {processor.py:208} INFO - Processing /home/airflow/.local/lib/python3.12/site-packages/airflow/example_dags/example_params_trigger_ui.py took 0.374 seconds
[2024-10-16T11:32:31.823+0000] {processor.py:186} INFO - Started process (PID=125900) to work on /home/airflow/.local/lib/python3.12/site-packages/airflow/example_dags/example_params_trigger_ui.py
[2024-10-16T11:32:31.824+0000] {processor.py:914} INFO - Processing file /home/airflow/.local/lib/python3.12/site-packages/airflow/example_dags/example_params_trigger_ui.py for tasks to queue
[2024-10-16T11:32:31.825+0000] {logging_mixin.py:190} INFO - [2024-10-16T11:32:31.825+0000] {dagbag.py:588} INFO - Filling up the DagBag from /home/airflow/.local/lib/python3.12/site-packages/airflow/example_dags/example_params_trigger_ui.py
[2024-10-16T11:32:31.837+0000] {processor.py:925} INFO - DAG(s) 'example_params_trigger_ui' retrieved from /home/airflow/.local/lib/python3.12/site-packages/airflow/example_dags/example_params_trigger_ui.py
[2024-10-16T11:32:31.876+0000] {logging_mixin.py:190} INFO - [2024-10-16T11:32:31.876+0000] {dag.py:3239} INFO - Sync 1 DAGs
[2024-10-16T11:32:31.891+0000] {logging_mixin.py:190} INFO - [2024-10-16T11:32:31.891+0000] {dag.py:4180} INFO - Setting next_dagrun for example_params_trigger_ui to None, run_after=None
[2024-10-16T11:32:31.910+0000] {processor.py:208} INFO - Processing /home/airflow/.local/lib/python3.12/site-packages/airflow/example_dags/example_params_trigger_ui.py took 0.093 seconds
[2024-10-16T11:33:02.274+0000] {processor.py:186} INFO - Started process (PID=125963) to work on /home/airflow/.local/lib/python3.12/site-packages/airflow/example_dags/example_params_trigger_ui.py
[2024-10-16T11:33:02.275+0000] {processor.py:914} INFO - Processing file /home/airflow/.local/lib/python3.12/site-packages/airflow/example_dags/example_params_trigger_ui.py for tasks to queue
[2024-10-16T11:33:02.277+0000] {logging_mixin.py:190} INFO - [2024-10-16T11:33:02.276+0000] {dagbag.py:588} INFO - Filling up the DagBag from /home/airflow/.local/lib/python3.12/site-packages/airflow/example_dags/example_params_trigger_ui.py
[2024-10-16T11:33:02.290+0000] {processor.py:925} INFO - DAG(s) 'example_params_trigger_ui' retrieved from /home/airflow/.local/lib/python3.12/site-packages/airflow/example_dags/example_params_trigger_ui.py
[2024-10-16T11:33:02.352+0000] {logging_mixin.py:190} INFO - [2024-10-16T11:33:02.351+0000] {dag.py:3239} INFO - Sync 1 DAGs
[2024-10-16T11:33:02.368+0000] {logging_mixin.py:190} INFO - [2024-10-16T11:33:02.368+0000] {dag.py:4180} INFO - Setting next_dagrun for example_params_trigger_ui to None, run_after=None
[2024-10-16T11:33:02.389+0000] {processor.py:208} INFO - Processing /home/airflow/.local/lib/python3.12/site-packages/airflow/example_dags/example_params_trigger_ui.py took 0.122 seconds
[2024-10-16T11:33:32.588+0000] {processor.py:186} INFO - Started process (PID=126026) to work on /home/airflow/.local/lib/python3.12/site-packages/airflow/example_dags/example_params_trigger_ui.py
[2024-10-16T11:33:32.591+0000] {processor.py:914} INFO - Processing file /home/airflow/.local/lib/python3.12/site-packages/airflow/example_dags/example_params_trigger_ui.py for tasks to queue
[2024-10-16T11:33:32.593+0000] {logging_mixin.py:190} INFO - [2024-10-16T11:33:32.593+0000] {dagbag.py:588} INFO - Filling up the DagBag from /home/airflow/.local/lib/python3.12/site-packages/airflow/example_dags/example_params_trigger_ui.py
[2024-10-16T11:33:32.611+0000] {processor.py:925} INFO - DAG(s) 'example_params_trigger_ui' retrieved from /home/airflow/.local/lib/python3.12/site-packages/airflow/example_dags/example_params_trigger_ui.py
[2024-10-16T11:33:32.659+0000] {logging_mixin.py:190} INFO - [2024-10-16T11:33:32.658+0000] {dag.py:3239} INFO - Sync 1 DAGs
[2024-10-16T11:33:32.673+0000] {logging_mixin.py:190} INFO - [2024-10-16T11:33:32.673+0000] {dag.py:4180} INFO - Setting next_dagrun for example_params_trigger_ui to None, run_after=None
[2024-10-16T11:33:32.691+0000] {processor.py:208} INFO - Processing /home/airflow/.local/lib/python3.12/site-packages/airflow/example_dags/example_params_trigger_ui.py took 0.112 seconds
[2024-10-16T11:34:02.909+0000] {processor.py:186} INFO - Started process (PID=126089) to work on /home/airflow/.local/lib/python3.12/site-packages/airflow/example_dags/example_params_trigger_ui.py
[2024-10-16T11:34:02.910+0000] {processor.py:914} INFO - Processing file /home/airflow/.local/lib/python3.12/site-packages/airflow/example_dags/example_params_trigger_ui.py for tasks to queue
[2024-10-16T11:34:02.911+0000] {logging_mixin.py:190} INFO - [2024-10-16T11:34:02.911+0000] {dagbag.py:588} INFO - Filling up the DagBag from /home/airflow/.local/lib/python3.12/site-packages/airflow/example_dags/example_params_trigger_ui.py
[2024-10-16T11:34:02.923+0000] {processor.py:925} INFO - DAG(s) 'example_params_trigger_ui' retrieved from /home/airflow/.local/lib/python3.12/site-packages/airflow/example_dags/example_params_trigger_ui.py
[2024-10-16T11:34:02.968+0000] {logging_mixin.py:190} INFO - [2024-10-16T11:34:02.967+0000] {dag.py:3239} INFO - Sync 1 DAGs
[2024-10-16T11:34:02.982+0000] {logging_mixin.py:190} INFO - [2024-10-16T11:34:02.982+0000] {dag.py:4180} INFO - Setting next_dagrun for example_params_trigger_ui to None, run_after=None
[2024-10-16T11:34:03.001+0000] {processor.py:208} INFO - Processing /home/airflow/.local/lib/python3.12/site-packages/airflow/example_dags/example_params_trigger_ui.py took 0.098 seconds
[2024-10-16T11:34:33.242+0000] {processor.py:186} INFO - Started process (PID=126153) to work on /home/airflow/.local/lib/python3.12/site-packages/airflow/example_dags/example_params_trigger_ui.py
[2024-10-16T11:34:33.243+0000] {processor.py:914} INFO - Processing file /home/airflow/.local/lib/python3.12/site-packages/airflow/example_dags/example_params_trigger_ui.py for tasks to queue
[2024-10-16T11:34:33.244+0000] {logging_mixin.py:190} INFO - [2024-10-16T11:34:33.244+0000] {dagbag.py:588} INFO - Filling up the DagBag from /home/airflow/.local/lib/python3.12/site-packages/airflow/example_dags/example_params_trigger_ui.py
[2024-10-16T11:34:33.259+0000] {processor.py:925} INFO - DAG(s) 'example_params_trigger_ui' retrieved from /home/airflow/.local/lib/python3.12/site-packages/airflow/example_dags/example_params_trigger_ui.py
[2024-10-16T11:34:33.300+0000] {logging_mixin.py:190} INFO - [2024-10-16T11:34:33.300+0000] {dag.py:3239} INFO - Sync 1 DAGs
[2024-10-16T11:34:33.315+0000] {logging_mixin.py:190} INFO - [2024-10-16T11:34:33.315+0000] {dag.py:4180} INFO - Setting next_dagrun for example_params_trigger_ui to None, run_after=None
[2024-10-16T11:34:33.336+0000] {processor.py:208} INFO - Processing /home/airflow/.local/lib/python3.12/site-packages/airflow/example_dags/example_params_trigger_ui.py took 0.100 seconds
[2024-10-16T11:35:03.461+0000] {processor.py:186} INFO - Started process (PID=126216) to work on /home/airflow/.local/lib/python3.12/site-packages/airflow/example_dags/example_params_trigger_ui.py
[2024-10-16T11:35:03.462+0000] {processor.py:914} INFO - Processing file /home/airflow/.local/lib/python3.12/site-packages/airflow/example_dags/example_params_trigger_ui.py for tasks to queue
[2024-10-16T11:35:03.463+0000] {logging_mixin.py:190} INFO - [2024-10-16T11:35:03.463+0000] {dagbag.py:588} INFO - Filling up the DagBag from /home/airflow/.local/lib/python3.12/site-packages/airflow/example_dags/example_params_trigger_ui.py
[2024-10-16T11:35:03.476+0000] {processor.py:925} INFO - DAG(s) 'example_params_trigger_ui' retrieved from /home/airflow/.local/lib/python3.12/site-packages/airflow/example_dags/example_params_trigger_ui.py
[2024-10-16T11:35:03.518+0000] {logging_mixin.py:190} INFO - [2024-10-16T11:35:03.517+0000] {dag.py:3239} INFO - Sync 1 DAGs
[2024-10-16T11:35:03.531+0000] {logging_mixin.py:190} INFO - [2024-10-16T11:35:03.531+0000] {dag.py:4180} INFO - Setting next_dagrun for example_params_trigger_ui to None, run_after=None
[2024-10-16T11:35:03.551+0000] {processor.py:208} INFO - Processing /home/airflow/.local/lib/python3.12/site-packages/airflow/example_dags/example_params_trigger_ui.py took 0.096 seconds
[2024-10-16T11:35:34.032+0000] {processor.py:186} INFO - Started process (PID=126279) to work on /home/airflow/.local/lib/python3.12/site-packages/airflow/example_dags/example_params_trigger_ui.py
[2024-10-16T11:35:34.033+0000] {processor.py:914} INFO - Processing file /home/airflow/.local/lib/python3.12/site-packages/airflow/example_dags/example_params_trigger_ui.py for tasks to queue
[2024-10-16T11:35:34.034+0000] {logging_mixin.py:190} INFO - [2024-10-16T11:35:34.034+0000] {dagbag.py:588} INFO - Filling up the DagBag from /home/airflow/.local/lib/python3.12/site-packages/airflow/example_dags/example_params_trigger_ui.py
[2024-10-16T11:35:34.045+0000] {processor.py:925} INFO - DAG(s) 'example_params_trigger_ui' retrieved from /home/airflow/.local/lib/python3.12/site-packages/airflow/example_dags/example_params_trigger_ui.py
[2024-10-16T11:35:34.085+0000] {logging_mixin.py:190} INFO - [2024-10-16T11:35:34.085+0000] {dag.py:3239} INFO - Sync 1 DAGs
[2024-10-16T11:35:34.098+0000] {logging_mixin.py:190} INFO - [2024-10-16T11:35:34.098+0000] {dag.py:4180} INFO - Setting next_dagrun for example_params_trigger_ui to None, run_after=None
[2024-10-16T11:35:34.116+0000] {processor.py:208} INFO - Processing /home/airflow/.local/lib/python3.12/site-packages/airflow/example_dags/example_params_trigger_ui.py took 0.089 seconds
[2024-10-16T11:36:04.702+0000] {processor.py:186} INFO - Started process (PID=126342) to work on /home/airflow/.local/lib/python3.12/site-packages/airflow/example_dags/example_params_trigger_ui.py
[2024-10-16T11:36:04.703+0000] {processor.py:914} INFO - Processing file /home/airflow/.local/lib/python3.12/site-packages/airflow/example_dags/example_params_trigger_ui.py for tasks to queue
[2024-10-16T11:36:04.706+0000] {logging_mixin.py:190} INFO - [2024-10-16T11:36:04.705+0000] {dagbag.py:588} INFO - Filling up the DagBag from /home/airflow/.local/lib/python3.12/site-packages/airflow/example_dags/example_params_trigger_ui.py
[2024-10-16T11:36:04.721+0000] {processor.py:925} INFO - DAG(s) 'example_params_trigger_ui' retrieved from /home/airflow/.local/lib/python3.12/site-packages/airflow/example_dags/example_params_trigger_ui.py
[2024-10-16T11:36:04.787+0000] {logging_mixin.py:190} INFO - [2024-10-16T11:36:04.786+0000] {dag.py:3239} INFO - Sync 1 DAGs
[2024-10-16T11:36:04.807+0000] {logging_mixin.py:190} INFO - [2024-10-16T11:36:04.806+0000] {dag.py:4180} INFO - Setting next_dagrun for example_params_trigger_ui to None, run_after=None
[2024-10-16T11:36:04.833+0000] {processor.py:208} INFO - Processing /home/airflow/.local/lib/python3.12/site-packages/airflow/example_dags/example_params_trigger_ui.py took 0.140 seconds
[2024-10-16T11:36:35.261+0000] {processor.py:186} INFO - Started process (PID=126406) to work on /home/airflow/.local/lib/python3.12/site-packages/airflow/example_dags/example_params_trigger_ui.py
[2024-10-16T11:36:35.262+0000] {processor.py:914} INFO - Processing file /home/airflow/.local/lib/python3.12/site-packages/airflow/example_dags/example_params_trigger_ui.py for tasks to queue
[2024-10-16T11:36:35.263+0000] {logging_mixin.py:190} INFO - [2024-10-16T11:36:35.263+0000] {dagbag.py:588} INFO - Filling up the DagBag from /home/airflow/.local/lib/python3.12/site-packages/airflow/example_dags/example_params_trigger_ui.py
[2024-10-16T11:36:35.274+0000] {processor.py:925} INFO - DAG(s) 'example_params_trigger_ui' retrieved from /home/airflow/.local/lib/python3.12/site-packages/airflow/example_dags/example_params_trigger_ui.py
[2024-10-16T11:36:35.316+0000] {logging_mixin.py:190} INFO - [2024-10-16T11:36:35.316+0000] {dag.py:3239} INFO - Sync 1 DAGs
[2024-10-16T11:36:35.331+0000] {logging_mixin.py:190} INFO - [2024-10-16T11:36:35.330+0000] {dag.py:4180} INFO - Setting next_dagrun for example_params_trigger_ui to None, run_after=None
[2024-10-16T11:36:35.353+0000] {processor.py:208} INFO - Processing /home/airflow/.local/lib/python3.12/site-packages/airflow/example_dags/example_params_trigger_ui.py took 0.098 seconds
[2024-10-16T11:37:05.662+0000] {processor.py:186} INFO - Started process (PID=126469) to work on /home/airflow/.local/lib/python3.12/site-packages/airflow/example_dags/example_params_trigger_ui.py
[2024-10-16T11:37:05.663+0000] {processor.py:914} INFO - Processing file /home/airflow/.local/lib/python3.12/site-packages/airflow/example_dags/example_params_trigger_ui.py for tasks to queue
[2024-10-16T11:37:05.664+0000] {logging_mixin.py:190} INFO - [2024-10-16T11:37:05.664+0000] {dagbag.py:588} INFO - Filling up the DagBag from /home/airflow/.local/lib/python3.12/site-packages/airflow/example_dags/example_params_trigger_ui.py
[2024-10-16T11:37:05.675+0000] {processor.py:925} INFO - DAG(s) 'example_params_trigger_ui' retrieved from /home/airflow/.local/lib/python3.12/site-packages/airflow/example_dags/example_params_trigger_ui.py
[2024-10-16T11:37:05.714+0000] {logging_mixin.py:190} INFO - [2024-10-16T11:37:05.713+0000] {dag.py:3239} INFO - Sync 1 DAGs
[2024-10-16T11:37:05.727+0000] {logging_mixin.py:190} INFO - [2024-10-16T11:37:05.727+0000] {dag.py:4180} INFO - Setting next_dagrun for example_params_trigger_ui to None, run_after=None
[2024-10-16T11:37:05.748+0000] {processor.py:208} INFO - Processing /home/airflow/.local/lib/python3.12/site-packages/airflow/example_dags/example_params_trigger_ui.py took 0.091 seconds
[2024-10-16T11:37:36.122+0000] {processor.py:186} INFO - Started process (PID=126532) to work on /home/airflow/.local/lib/python3.12/site-packages/airflow/example_dags/example_params_trigger_ui.py
[2024-10-16T11:37:36.123+0000] {processor.py:914} INFO - Processing file /home/airflow/.local/lib/python3.12/site-packages/airflow/example_dags/example_params_trigger_ui.py for tasks to queue
[2024-10-16T11:37:36.125+0000] {logging_mixin.py:190} INFO - [2024-10-16T11:37:36.124+0000] {dagbag.py:588} INFO - Filling up the DagBag from /home/airflow/.local/lib/python3.12/site-packages/airflow/example_dags/example_params_trigger_ui.py
[2024-10-16T11:37:36.137+0000] {processor.py:925} INFO - DAG(s) 'example_params_trigger_ui' retrieved from /home/airflow/.local/lib/python3.12/site-packages/airflow/example_dags/example_params_trigger_ui.py
[2024-10-16T11:37:36.184+0000] {logging_mixin.py:190} INFO - [2024-10-16T11:37:36.184+0000] {dag.py:3239} INFO - Sync 1 DAGs
[2024-10-16T11:37:36.204+0000] {logging_mixin.py:190} INFO - [2024-10-16T11:37:36.204+0000] {dag.py:4180} INFO - Setting next_dagrun for example_params_trigger_ui to None, run_after=None
[2024-10-16T11:37:36.226+0000] {processor.py:208} INFO - Processing /home/airflow/.local/lib/python3.12/site-packages/airflow/example_dags/example_params_trigger_ui.py took 0.111 seconds
[2024-10-16T11:38:06.372+0000] {processor.py:186} INFO - Started process (PID=126595) to work on /home/airflow/.local/lib/python3.12/site-packages/airflow/example_dags/example_params_trigger_ui.py
[2024-10-16T11:38:06.373+0000] {processor.py:914} INFO - Processing file /home/airflow/.local/lib/python3.12/site-packages/airflow/example_dags/example_params_trigger_ui.py for tasks to queue
[2024-10-16T11:38:06.374+0000] {logging_mixin.py:190} INFO - [2024-10-16T11:38:06.374+0000] {dagbag.py:588} INFO - Filling up the DagBag from /home/airflow/.local/lib/python3.12/site-packages/airflow/example_dags/example_params_trigger_ui.py
[2024-10-16T11:38:06.388+0000] {processor.py:925} INFO - DAG(s) 'example_params_trigger_ui' retrieved from /home/airflow/.local/lib/python3.12/site-packages/airflow/example_dags/example_params_trigger_ui.py
[2024-10-16T11:38:06.435+0000] {logging_mixin.py:190} INFO - [2024-10-16T11:38:06.434+0000] {dag.py:3239} INFO - Sync 1 DAGs
[2024-10-16T11:38:06.453+0000] {logging_mixin.py:190} INFO - [2024-10-16T11:38:06.452+0000] {dag.py:4180} INFO - Setting next_dagrun for example_params_trigger_ui to None, run_after=None
[2024-10-16T11:38:06.470+0000] {processor.py:208} INFO - Processing /home/airflow/.local/lib/python3.12/site-packages/airflow/example_dags/example_params_trigger_ui.py took 0.107 seconds
[2024-10-16T11:38:37.063+0000] {processor.py:186} INFO - Started process (PID=126659) to work on /home/airflow/.local/lib/python3.12/site-packages/airflow/example_dags/example_params_trigger_ui.py
[2024-10-16T11:38:37.064+0000] {processor.py:914} INFO - Processing file /home/airflow/.local/lib/python3.12/site-packages/airflow/example_dags/example_params_trigger_ui.py for tasks to queue
[2024-10-16T11:38:37.065+0000] {logging_mixin.py:190} INFO - [2024-10-16T11:38:37.065+0000] {dagbag.py:588} INFO - Filling up the DagBag from /home/airflow/.local/lib/python3.12/site-packages/airflow/example_dags/example_params_trigger_ui.py
[2024-10-16T11:38:37.078+0000] {processor.py:925} INFO - DAG(s) 'example_params_trigger_ui' retrieved from /home/airflow/.local/lib/python3.12/site-packages/airflow/example_dags/example_params_trigger_ui.py
[2024-10-16T11:38:37.131+0000] {logging_mixin.py:190} INFO - [2024-10-16T11:38:37.131+0000] {dag.py:3239} INFO - Sync 1 DAGs
[2024-10-16T11:38:37.155+0000] {logging_mixin.py:190} INFO - [2024-10-16T11:38:37.155+0000] {dag.py:4180} INFO - Setting next_dagrun for example_params_trigger_ui to None, run_after=None
[2024-10-16T11:38:37.184+0000] {processor.py:208} INFO - Processing /home/airflow/.local/lib/python3.12/site-packages/airflow/example_dags/example_params_trigger_ui.py took 0.128 seconds
[2024-10-16T11:39:08.008+0000] {processor.py:186} INFO - Started process (PID=126721) to work on /home/airflow/.local/lib/python3.12/site-packages/airflow/example_dags/example_params_trigger_ui.py
[2024-10-16T11:39:08.009+0000] {processor.py:914} INFO - Processing file /home/airflow/.local/lib/python3.12/site-packages/airflow/example_dags/example_params_trigger_ui.py for tasks to queue
[2024-10-16T11:39:08.010+0000] {logging_mixin.py:190} INFO - [2024-10-16T11:39:08.010+0000] {dagbag.py:588} INFO - Filling up the DagBag from /home/airflow/.local/lib/python3.12/site-packages/airflow/example_dags/example_params_trigger_ui.py
[2024-10-16T11:39:08.023+0000] {processor.py:925} INFO - DAG(s) 'example_params_trigger_ui' retrieved from /home/airflow/.local/lib/python3.12/site-packages/airflow/example_dags/example_params_trigger_ui.py
[2024-10-16T11:39:08.069+0000] {logging_mixin.py:190} INFO - [2024-10-16T11:39:08.068+0000] {dag.py:3239} INFO - Sync 1 DAGs
[2024-10-16T11:39:08.084+0000] {logging_mixin.py:190} INFO - [2024-10-16T11:39:08.084+0000] {dag.py:4180} INFO - Setting next_dagrun for example_params_trigger_ui to None, run_after=None
[2024-10-16T11:39:08.105+0000] {processor.py:208} INFO - Processing /home/airflow/.local/lib/python3.12/site-packages/airflow/example_dags/example_params_trigger_ui.py took 0.103 seconds
[2024-10-16T11:39:38.841+0000] {processor.py:186} INFO - Started process (PID=126784) to work on /home/airflow/.local/lib/python3.12/site-packages/airflow/example_dags/example_params_trigger_ui.py
[2024-10-16T11:39:38.842+0000] {processor.py:914} INFO - Processing file /home/airflow/.local/lib/python3.12/site-packages/airflow/example_dags/example_params_trigger_ui.py for tasks to queue
[2024-10-16T11:39:38.844+0000] {logging_mixin.py:190} INFO - [2024-10-16T11:39:38.844+0000] {dagbag.py:588} INFO - Filling up the DagBag from /home/airflow/.local/lib/python3.12/site-packages/airflow/example_dags/example_params_trigger_ui.py
[2024-10-16T11:39:38.857+0000] {processor.py:925} INFO - DAG(s) 'example_params_trigger_ui' retrieved from /home/airflow/.local/lib/python3.12/site-packages/airflow/example_dags/example_params_trigger_ui.py
[2024-10-16T11:39:38.903+0000] {logging_mixin.py:190} INFO - [2024-10-16T11:39:38.903+0000] {dag.py:3239} INFO - Sync 1 DAGs
[2024-10-16T11:39:38.919+0000] {logging_mixin.py:190} INFO - [2024-10-16T11:39:38.919+0000] {dag.py:4180} INFO - Setting next_dagrun for example_params_trigger_ui to None, run_after=None
[2024-10-16T11:39:38.942+0000] {processor.py:208} INFO - Processing /home/airflow/.local/lib/python3.12/site-packages/airflow/example_dags/example_params_trigger_ui.py took 0.109 seconds
[2024-10-16T11:40:09.598+0000] {processor.py:186} INFO - Started process (PID=126847) to work on /home/airflow/.local/lib/python3.12/site-packages/airflow/example_dags/example_params_trigger_ui.py
[2024-10-16T11:40:09.599+0000] {processor.py:914} INFO - Processing file /home/airflow/.local/lib/python3.12/site-packages/airflow/example_dags/example_params_trigger_ui.py for tasks to queue
[2024-10-16T11:40:09.601+0000] {logging_mixin.py:190} INFO - [2024-10-16T11:40:09.601+0000] {dagbag.py:588} INFO - Filling up the DagBag from /home/airflow/.local/lib/python3.12/site-packages/airflow/example_dags/example_params_trigger_ui.py
[2024-10-16T11:40:09.618+0000] {processor.py:925} INFO - DAG(s) 'example_params_trigger_ui' retrieved from /home/airflow/.local/lib/python3.12/site-packages/airflow/example_dags/example_params_trigger_ui.py
[2024-10-16T11:40:09.666+0000] {logging_mixin.py:190} INFO - [2024-10-16T11:40:09.666+0000] {dag.py:3239} INFO - Sync 1 DAGs
[2024-10-16T11:40:09.682+0000] {logging_mixin.py:190} INFO - [2024-10-16T11:40:09.682+0000] {dag.py:4180} INFO - Setting next_dagrun for example_params_trigger_ui to None, run_after=None
[2024-10-16T11:40:09.701+0000] {processor.py:208} INFO - Processing /home/airflow/.local/lib/python3.12/site-packages/airflow/example_dags/example_params_trigger_ui.py took 0.110 seconds
[2024-10-16T11:40:39.890+0000] {processor.py:186} INFO - Started process (PID=126909) to work on /home/airflow/.local/lib/python3.12/site-packages/airflow/example_dags/example_params_trigger_ui.py
[2024-10-16T11:40:39.891+0000] {processor.py:914} INFO - Processing file /home/airflow/.local/lib/python3.12/site-packages/airflow/example_dags/example_params_trigger_ui.py for tasks to queue
[2024-10-16T11:40:39.893+0000] {logging_mixin.py:190} INFO - [2024-10-16T11:40:39.893+0000] {dagbag.py:588} INFO - Filling up the DagBag from /home/airflow/.local/lib/python3.12/site-packages/airflow/example_dags/example_params_trigger_ui.py
[2024-10-16T11:40:39.907+0000] {processor.py:925} INFO - DAG(s) 'example_params_trigger_ui' retrieved from /home/airflow/.local/lib/python3.12/site-packages/airflow/example_dags/example_params_trigger_ui.py
[2024-10-16T11:40:39.952+0000] {logging_mixin.py:190} INFO - [2024-10-16T11:40:39.951+0000] {dag.py:3239} INFO - Sync 1 DAGs
[2024-10-16T11:40:39.967+0000] {logging_mixin.py:190} INFO - [2024-10-16T11:40:39.967+0000] {dag.py:4180} INFO - Setting next_dagrun for example_params_trigger_ui to None, run_after=None
[2024-10-16T11:40:39.989+0000] {processor.py:208} INFO - Processing /home/airflow/.local/lib/python3.12/site-packages/airflow/example_dags/example_params_trigger_ui.py took 0.107 seconds
[2024-10-16T11:41:10.091+0000] {processor.py:186} INFO - Started process (PID=126972) to work on /home/airflow/.local/lib/python3.12/site-packages/airflow/example_dags/example_params_trigger_ui.py
[2024-10-16T11:41:10.092+0000] {processor.py:914} INFO - Processing file /home/airflow/.local/lib/python3.12/site-packages/airflow/example_dags/example_params_trigger_ui.py for tasks to queue
[2024-10-16T11:41:10.093+0000] {logging_mixin.py:190} INFO - [2024-10-16T11:41:10.093+0000] {dagbag.py:588} INFO - Filling up the DagBag from /home/airflow/.local/lib/python3.12/site-packages/airflow/example_dags/example_params_trigger_ui.py
[2024-10-16T11:41:10.110+0000] {processor.py:925} INFO - DAG(s) 'example_params_trigger_ui' retrieved from /home/airflow/.local/lib/python3.12/site-packages/airflow/example_dags/example_params_trigger_ui.py
[2024-10-16T11:41:10.157+0000] {logging_mixin.py:190} INFO - [2024-10-16T11:41:10.157+0000] {dag.py:3239} INFO - Sync 1 DAGs
[2024-10-16T11:41:10.173+0000] {logging_mixin.py:190} INFO - [2024-10-16T11:41:10.173+0000] {dag.py:4180} INFO - Setting next_dagrun for example_params_trigger_ui to None, run_after=None
[2024-10-16T11:41:10.192+0000] {processor.py:208} INFO - Processing /home/airflow/.local/lib/python3.12/site-packages/airflow/example_dags/example_params_trigger_ui.py took 0.107 seconds
[2024-10-16T11:41:40.474+0000] {processor.py:186} INFO - Started process (PID=127035) to work on /home/airflow/.local/lib/python3.12/site-packages/airflow/example_dags/example_params_trigger_ui.py
[2024-10-16T11:41:40.475+0000] {processor.py:914} INFO - Processing file /home/airflow/.local/lib/python3.12/site-packages/airflow/example_dags/example_params_trigger_ui.py for tasks to queue
[2024-10-16T11:41:40.477+0000] {logging_mixin.py:190} INFO - [2024-10-16T11:41:40.476+0000] {dagbag.py:588} INFO - Filling up the DagBag from /home/airflow/.local/lib/python3.12/site-packages/airflow/example_dags/example_params_trigger_ui.py
[2024-10-16T11:41:40.490+0000] {processor.py:925} INFO - DAG(s) 'example_params_trigger_ui' retrieved from /home/airflow/.local/lib/python3.12/site-packages/airflow/example_dags/example_params_trigger_ui.py
[2024-10-16T11:41:40.537+0000] {logging_mixin.py:190} INFO - [2024-10-16T11:41:40.537+0000] {dag.py:3239} INFO - Sync 1 DAGs
[2024-10-16T11:41:40.552+0000] {logging_mixin.py:190} INFO - [2024-10-16T11:41:40.552+0000] {dag.py:4180} INFO - Setting next_dagrun for example_params_trigger_ui to None, run_after=None
[2024-10-16T11:41:40.572+0000] {processor.py:208} INFO - Processing /home/airflow/.local/lib/python3.12/site-packages/airflow/example_dags/example_params_trigger_ui.py took 0.105 seconds
[2024-10-16T11:42:11.463+0000] {processor.py:186} INFO - Started process (PID=127098) to work on /home/airflow/.local/lib/python3.12/site-packages/airflow/example_dags/example_params_trigger_ui.py
[2024-10-16T11:42:11.464+0000] {processor.py:914} INFO - Processing file /home/airflow/.local/lib/python3.12/site-packages/airflow/example_dags/example_params_trigger_ui.py for tasks to queue
[2024-10-16T11:42:11.465+0000] {logging_mixin.py:190} INFO - [2024-10-16T11:42:11.465+0000] {dagbag.py:588} INFO - Filling up the DagBag from /home/airflow/.local/lib/python3.12/site-packages/airflow/example_dags/example_params_trigger_ui.py
[2024-10-16T11:42:11.480+0000] {processor.py:925} INFO - DAG(s) 'example_params_trigger_ui' retrieved from /home/airflow/.local/lib/python3.12/site-packages/airflow/example_dags/example_params_trigger_ui.py
[2024-10-16T11:42:11.526+0000] {logging_mixin.py:190} INFO - [2024-10-16T11:42:11.525+0000] {dag.py:3239} INFO - Sync 1 DAGs
[2024-10-16T11:42:11.541+0000] {logging_mixin.py:190} INFO - [2024-10-16T11:42:11.541+0000] {dag.py:4180} INFO - Setting next_dagrun for example_params_trigger_ui to None, run_after=None
[2024-10-16T11:42:11.565+0000] {processor.py:208} INFO - Processing /home/airflow/.local/lib/python3.12/site-packages/airflow/example_dags/example_params_trigger_ui.py took 0.109 seconds
[2024-10-16T11:42:41.623+0000] {processor.py:186} INFO - Started process (PID=127162) to work on /home/airflow/.local/lib/python3.12/site-packages/airflow/example_dags/example_params_trigger_ui.py
[2024-10-16T11:42:41.625+0000] {processor.py:914} INFO - Processing file /home/airflow/.local/lib/python3.12/site-packages/airflow/example_dags/example_params_trigger_ui.py for tasks to queue
[2024-10-16T11:42:41.627+0000] {logging_mixin.py:190} INFO - [2024-10-16T11:42:41.626+0000] {dagbag.py:588} INFO - Filling up the DagBag from /home/airflow/.local/lib/python3.12/site-packages/airflow/example_dags/example_params_trigger_ui.py
[2024-10-16T11:42:41.642+0000] {processor.py:925} INFO - DAG(s) 'example_params_trigger_ui' retrieved from /home/airflow/.local/lib/python3.12/site-packages/airflow/example_dags/example_params_trigger_ui.py
[2024-10-16T11:42:41.689+0000] {logging_mixin.py:190} INFO - [2024-10-16T11:42:41.689+0000] {dag.py:3239} INFO - Sync 1 DAGs
[2024-10-16T11:42:41.706+0000] {logging_mixin.py:190} INFO - [2024-10-16T11:42:41.706+0000] {dag.py:4180} INFO - Setting next_dagrun for example_params_trigger_ui to None, run_after=None
[2024-10-16T11:42:41.726+0000] {processor.py:208} INFO - Processing /home/airflow/.local/lib/python3.12/site-packages/airflow/example_dags/example_params_trigger_ui.py took 0.112 seconds
[2024-10-16T11:43:12.370+0000] {processor.py:186} INFO - Started process (PID=127224) to work on /home/airflow/.local/lib/python3.12/site-packages/airflow/example_dags/example_params_trigger_ui.py
[2024-10-16T11:43:12.372+0000] {processor.py:914} INFO - Processing file /home/airflow/.local/lib/python3.12/site-packages/airflow/example_dags/example_params_trigger_ui.py for tasks to queue
[2024-10-16T11:43:12.374+0000] {logging_mixin.py:190} INFO - [2024-10-16T11:43:12.373+0000] {dagbag.py:588} INFO - Filling up the DagBag from /home/airflow/.local/lib/python3.12/site-packages/airflow/example_dags/example_params_trigger_ui.py
[2024-10-16T11:43:12.390+0000] {processor.py:925} INFO - DAG(s) 'example_params_trigger_ui' retrieved from /home/airflow/.local/lib/python3.12/site-packages/airflow/example_dags/example_params_trigger_ui.py
[2024-10-16T11:43:12.440+0000] {logging_mixin.py:190} INFO - [2024-10-16T11:43:12.440+0000] {dag.py:3239} INFO - Sync 1 DAGs
[2024-10-16T11:43:12.456+0000] {logging_mixin.py:190} INFO - [2024-10-16T11:43:12.456+0000] {dag.py:4180} INFO - Setting next_dagrun for example_params_trigger_ui to None, run_after=None
[2024-10-16T11:43:12.476+0000] {processor.py:208} INFO - Processing /home/airflow/.local/lib/python3.12/site-packages/airflow/example_dags/example_params_trigger_ui.py took 0.113 seconds
[2024-10-16T11:43:42.632+0000] {processor.py:186} INFO - Started process (PID=127287) to work on /home/airflow/.local/lib/python3.12/site-packages/airflow/example_dags/example_params_trigger_ui.py
[2024-10-16T11:43:42.634+0000] {processor.py:914} INFO - Processing file /home/airflow/.local/lib/python3.12/site-packages/airflow/example_dags/example_params_trigger_ui.py for tasks to queue
[2024-10-16T11:43:42.635+0000] {logging_mixin.py:190} INFO - [2024-10-16T11:43:42.635+0000] {dagbag.py:588} INFO - Filling up the DagBag from /home/airflow/.local/lib/python3.12/site-packages/airflow/example_dags/example_params_trigger_ui.py
[2024-10-16T11:43:42.651+0000] {processor.py:925} INFO - DAG(s) 'example_params_trigger_ui' retrieved from /home/airflow/.local/lib/python3.12/site-packages/airflow/example_dags/example_params_trigger_ui.py
[2024-10-16T11:43:42.698+0000] {logging_mixin.py:190} INFO - [2024-10-16T11:43:42.698+0000] {dag.py:3239} INFO - Sync 1 DAGs
[2024-10-16T11:43:42.716+0000] {logging_mixin.py:190} INFO - [2024-10-16T11:43:42.715+0000] {dag.py:4180} INFO - Setting next_dagrun for example_params_trigger_ui to None, run_after=None
[2024-10-16T11:43:42.737+0000] {processor.py:208} INFO - Processing /home/airflow/.local/lib/python3.12/site-packages/airflow/example_dags/example_params_trigger_ui.py took 0.112 seconds
[2024-10-16T11:44:12.857+0000] {processor.py:186} INFO - Started process (PID=127350) to work on /home/airflow/.local/lib/python3.12/site-packages/airflow/example_dags/example_params_trigger_ui.py
[2024-10-16T11:44:12.858+0000] {processor.py:914} INFO - Processing file /home/airflow/.local/lib/python3.12/site-packages/airflow/example_dags/example_params_trigger_ui.py for tasks to queue
[2024-10-16T11:44:12.859+0000] {logging_mixin.py:190} INFO - [2024-10-16T11:44:12.859+0000] {dagbag.py:588} INFO - Filling up the DagBag from /home/airflow/.local/lib/python3.12/site-packages/airflow/example_dags/example_params_trigger_ui.py
[2024-10-16T11:44:12.875+0000] {processor.py:925} INFO - DAG(s) 'example_params_trigger_ui' retrieved from /home/airflow/.local/lib/python3.12/site-packages/airflow/example_dags/example_params_trigger_ui.py
[2024-10-16T11:44:12.923+0000] {logging_mixin.py:190} INFO - [2024-10-16T11:44:12.923+0000] {dag.py:3239} INFO - Sync 1 DAGs
[2024-10-16T11:44:12.940+0000] {logging_mixin.py:190} INFO - [2024-10-16T11:44:12.939+0000] {dag.py:4180} INFO - Setting next_dagrun for example_params_trigger_ui to None, run_after=None
[2024-10-16T11:44:12.958+0000] {processor.py:208} INFO - Processing /home/airflow/.local/lib/python3.12/site-packages/airflow/example_dags/example_params_trigger_ui.py took 0.108 seconds
[2024-10-16T11:44:43.509+0000] {processor.py:186} INFO - Started process (PID=127414) to work on /home/airflow/.local/lib/python3.12/site-packages/airflow/example_dags/example_params_trigger_ui.py
[2024-10-16T11:44:43.510+0000] {processor.py:914} INFO - Processing file /home/airflow/.local/lib/python3.12/site-packages/airflow/example_dags/example_params_trigger_ui.py for tasks to queue
[2024-10-16T11:44:43.512+0000] {logging_mixin.py:190} INFO - [2024-10-16T11:44:43.511+0000] {dagbag.py:588} INFO - Filling up the DagBag from /home/airflow/.local/lib/python3.12/site-packages/airflow/example_dags/example_params_trigger_ui.py
[2024-10-16T11:44:43.525+0000] {processor.py:925} INFO - DAG(s) 'example_params_trigger_ui' retrieved from /home/airflow/.local/lib/python3.12/site-packages/airflow/example_dags/example_params_trigger_ui.py
[2024-10-16T11:44:43.571+0000] {logging_mixin.py:190} INFO - [2024-10-16T11:44:43.571+0000] {dag.py:3239} INFO - Sync 1 DAGs
[2024-10-16T11:44:43.588+0000] {logging_mixin.py:190} INFO - [2024-10-16T11:44:43.587+0000] {dag.py:4180} INFO - Setting next_dagrun for example_params_trigger_ui to None, run_after=None
[2024-10-16T11:44:43.607+0000] {processor.py:208} INFO - Processing /home/airflow/.local/lib/python3.12/site-packages/airflow/example_dags/example_params_trigger_ui.py took 0.105 seconds
[2024-10-16T11:45:13.867+0000] {processor.py:186} INFO - Started process (PID=127477) to work on /home/airflow/.local/lib/python3.12/site-packages/airflow/example_dags/example_params_trigger_ui.py
[2024-10-16T11:45:13.868+0000] {processor.py:914} INFO - Processing file /home/airflow/.local/lib/python3.12/site-packages/airflow/example_dags/example_params_trigger_ui.py for tasks to queue
[2024-10-16T11:45:13.870+0000] {logging_mixin.py:190} INFO - [2024-10-16T11:45:13.869+0000] {dagbag.py:588} INFO - Filling up the DagBag from /home/airflow/.local/lib/python3.12/site-packages/airflow/example_dags/example_params_trigger_ui.py
[2024-10-16T11:45:13.884+0000] {processor.py:925} INFO - DAG(s) 'example_params_trigger_ui' retrieved from /home/airflow/.local/lib/python3.12/site-packages/airflow/example_dags/example_params_trigger_ui.py
[2024-10-16T11:45:13.936+0000] {logging_mixin.py:190} INFO - [2024-10-16T11:45:13.936+0000] {dag.py:3239} INFO - Sync 1 DAGs
[2024-10-16T11:45:13.952+0000] {logging_mixin.py:190} INFO - [2024-10-16T11:45:13.952+0000] {dag.py:4180} INFO - Setting next_dagrun for example_params_trigger_ui to None, run_after=None
[2024-10-16T11:45:13.974+0000] {processor.py:208} INFO - Processing /home/airflow/.local/lib/python3.12/site-packages/airflow/example_dags/example_params_trigger_ui.py took 0.114 seconds
[2024-10-16T11:45:44.254+0000] {processor.py:186} INFO - Started process (PID=127540) to work on /home/airflow/.local/lib/python3.12/site-packages/airflow/example_dags/example_params_trigger_ui.py
[2024-10-16T11:45:44.255+0000] {processor.py:914} INFO - Processing file /home/airflow/.local/lib/python3.12/site-packages/airflow/example_dags/example_params_trigger_ui.py for tasks to queue
[2024-10-16T11:45:44.257+0000] {logging_mixin.py:190} INFO - [2024-10-16T11:45:44.257+0000] {dagbag.py:588} INFO - Filling up the DagBag from /home/airflow/.local/lib/python3.12/site-packages/airflow/example_dags/example_params_trigger_ui.py
[2024-10-16T11:45:44.277+0000] {processor.py:925} INFO - DAG(s) 'example_params_trigger_ui' retrieved from /home/airflow/.local/lib/python3.12/site-packages/airflow/example_dags/example_params_trigger_ui.py
[2024-10-16T11:45:44.334+0000] {logging_mixin.py:190} INFO - [2024-10-16T11:45:44.334+0000] {dag.py:3239} INFO - Sync 1 DAGs
[2024-10-16T11:45:44.355+0000] {logging_mixin.py:190} INFO - [2024-10-16T11:45:44.354+0000] {dag.py:4180} INFO - Setting next_dagrun for example_params_trigger_ui to None, run_after=None
[2024-10-16T11:45:44.378+0000] {processor.py:208} INFO - Processing /home/airflow/.local/lib/python3.12/site-packages/airflow/example_dags/example_params_trigger_ui.py took 0.132 seconds
