[2024-10-16T11:29:50.382+0000] {processor.py:186} INFO - Started process (PID=125571) to work on /home/airflow/.local/lib/python3.12/site-packages/airflow/example_dags/example_complex.py
[2024-10-16T11:29:50.385+0000] {processor.py:914} INFO - Processing file /home/airflow/.local/lib/python3.12/site-packages/airflow/example_dags/example_complex.py for tasks to queue
[2024-10-16T11:29:50.399+0000] {logging_mixin.py:190} INFO - [2024-10-16T11:29:50.398+0000] {dagbag.py:588} INFO - Filling up the DagBag from /home/airflow/.local/lib/python3.12/site-packages/airflow/example_dags/example_complex.py
[2024-10-16T11:29:50.508+0000] {processor.py:925} INFO - DAG(s) 'example_complex' retrieved from /home/airflow/.local/lib/python3.12/site-packages/airflow/example_dags/example_complex.py
[2024-10-16T11:29:50.718+0000] {logging_mixin.py:190} INFO - [2024-10-16T11:29:50.718+0000] {dag.py:3239} INFO - Sync 1 DAGs
[2024-10-16T11:29:50.874+0000] {logging_mixin.py:190} INFO - [2024-10-16T11:29:50.873+0000] {dag.py:4180} INFO - Setting next_dagrun for example_complex to None, run_after=None
[2024-10-16T11:29:51.129+0000] {processor.py:208} INFO - Processing /home/airflow/.local/lib/python3.12/site-packages/airflow/example_dags/example_complex.py took 0.792 seconds
[2024-10-16T11:30:22.065+0000] {processor.py:186} INFO - Started process (PID=125635) to work on /home/airflow/.local/lib/python3.12/site-packages/airflow/example_dags/example_complex.py
[2024-10-16T11:30:22.066+0000] {processor.py:914} INFO - Processing file /home/airflow/.local/lib/python3.12/site-packages/airflow/example_dags/example_complex.py for tasks to queue
[2024-10-16T11:30:22.068+0000] {logging_mixin.py:190} INFO - [2024-10-16T11:30:22.068+0000] {dagbag.py:588} INFO - Filling up the DagBag from /home/airflow/.local/lib/python3.12/site-packages/airflow/example_dags/example_complex.py
[2024-10-16T11:30:22.086+0000] {processor.py:925} INFO - DAG(s) 'example_complex' retrieved from /home/airflow/.local/lib/python3.12/site-packages/airflow/example_dags/example_complex.py
[2024-10-16T11:30:22.133+0000] {logging_mixin.py:190} INFO - [2024-10-16T11:30:22.132+0000] {dag.py:3239} INFO - Sync 1 DAGs
[2024-10-16T11:30:22.155+0000] {logging_mixin.py:190} INFO - [2024-10-16T11:30:22.155+0000] {dag.py:4180} INFO - Setting next_dagrun for example_complex to None, run_after=None
[2024-10-16T11:30:22.181+0000] {processor.py:208} INFO - Processing /home/airflow/.local/lib/python3.12/site-packages/airflow/example_dags/example_complex.py took 0.124 seconds
[2024-10-16T11:30:53.237+0000] {processor.py:186} INFO - Started process (PID=125698) to work on /home/airflow/.local/lib/python3.12/site-packages/airflow/example_dags/example_complex.py
[2024-10-16T11:30:53.238+0000] {processor.py:914} INFO - Processing file /home/airflow/.local/lib/python3.12/site-packages/airflow/example_dags/example_complex.py for tasks to queue
[2024-10-16T11:30:53.239+0000] {logging_mixin.py:190} INFO - [2024-10-16T11:30:53.238+0000] {dagbag.py:588} INFO - Filling up the DagBag from /home/airflow/.local/lib/python3.12/site-packages/airflow/example_dags/example_complex.py
[2024-10-16T11:30:53.251+0000] {processor.py:925} INFO - DAG(s) 'example_complex' retrieved from /home/airflow/.local/lib/python3.12/site-packages/airflow/example_dags/example_complex.py
[2024-10-16T11:30:53.281+0000] {logging_mixin.py:190} INFO - [2024-10-16T11:30:53.281+0000] {dag.py:3239} INFO - Sync 1 DAGs
[2024-10-16T11:30:53.296+0000] {logging_mixin.py:190} INFO - [2024-10-16T11:30:53.296+0000] {dag.py:4180} INFO - Setting next_dagrun for example_complex to None, run_after=None
[2024-10-16T11:30:53.313+0000] {processor.py:208} INFO - Processing /home/airflow/.local/lib/python3.12/site-packages/airflow/example_dags/example_complex.py took 0.082 seconds
[2024-10-16T11:31:24.035+0000] {processor.py:186} INFO - Started process (PID=125761) to work on /home/airflow/.local/lib/python3.12/site-packages/airflow/example_dags/example_complex.py
[2024-10-16T11:31:24.036+0000] {processor.py:914} INFO - Processing file /home/airflow/.local/lib/python3.12/site-packages/airflow/example_dags/example_complex.py for tasks to queue
[2024-10-16T11:31:24.037+0000] {logging_mixin.py:190} INFO - [2024-10-16T11:31:24.037+0000] {dagbag.py:588} INFO - Filling up the DagBag from /home/airflow/.local/lib/python3.12/site-packages/airflow/example_dags/example_complex.py
[2024-10-16T11:31:24.049+0000] {processor.py:925} INFO - DAG(s) 'example_complex' retrieved from /home/airflow/.local/lib/python3.12/site-packages/airflow/example_dags/example_complex.py
[2024-10-16T11:31:24.079+0000] {logging_mixin.py:190} INFO - [2024-10-16T11:31:24.079+0000] {dag.py:3239} INFO - Sync 1 DAGs
[2024-10-16T11:31:24.095+0000] {logging_mixin.py:190} INFO - [2024-10-16T11:31:24.095+0000] {dag.py:4180} INFO - Setting next_dagrun for example_complex to None, run_after=None
[2024-10-16T11:31:24.114+0000] {processor.py:208} INFO - Processing /home/airflow/.local/lib/python3.12/site-packages/airflow/example_dags/example_complex.py took 0.084 seconds
[2024-10-16T11:31:54.536+0000] {processor.py:186} INFO - Started process (PID=125824) to work on /home/airflow/.local/lib/python3.12/site-packages/airflow/example_dags/example_complex.py
[2024-10-16T11:31:54.537+0000] {processor.py:914} INFO - Processing file /home/airflow/.local/lib/python3.12/site-packages/airflow/example_dags/example_complex.py for tasks to queue
[2024-10-16T11:31:54.538+0000] {logging_mixin.py:190} INFO - [2024-10-16T11:31:54.538+0000] {dagbag.py:588} INFO - Filling up the DagBag from /home/airflow/.local/lib/python3.12/site-packages/airflow/example_dags/example_complex.py
[2024-10-16T11:31:54.550+0000] {processor.py:925} INFO - DAG(s) 'example_complex' retrieved from /home/airflow/.local/lib/python3.12/site-packages/airflow/example_dags/example_complex.py
[2024-10-16T11:31:54.582+0000] {logging_mixin.py:190} INFO - [2024-10-16T11:31:54.582+0000] {dag.py:3239} INFO - Sync 1 DAGs
[2024-10-16T11:31:54.598+0000] {logging_mixin.py:190} INFO - [2024-10-16T11:31:54.597+0000] {dag.py:4180} INFO - Setting next_dagrun for example_complex to None, run_after=None
[2024-10-16T11:31:54.619+0000] {processor.py:208} INFO - Processing /home/airflow/.local/lib/python3.12/site-packages/airflow/example_dags/example_complex.py took 0.089 seconds
[2024-10-16T11:32:25.074+0000] {processor.py:186} INFO - Started process (PID=125887) to work on /home/airflow/.local/lib/python3.12/site-packages/airflow/example_dags/example_complex.py
[2024-10-16T11:32:25.074+0000] {processor.py:914} INFO - Processing file /home/airflow/.local/lib/python3.12/site-packages/airflow/example_dags/example_complex.py for tasks to queue
[2024-10-16T11:32:25.075+0000] {logging_mixin.py:190} INFO - [2024-10-16T11:32:25.075+0000] {dagbag.py:588} INFO - Filling up the DagBag from /home/airflow/.local/lib/python3.12/site-packages/airflow/example_dags/example_complex.py
[2024-10-16T11:32:25.086+0000] {processor.py:925} INFO - DAG(s) 'example_complex' retrieved from /home/airflow/.local/lib/python3.12/site-packages/airflow/example_dags/example_complex.py
[2024-10-16T11:32:25.117+0000] {logging_mixin.py:190} INFO - [2024-10-16T11:32:25.116+0000] {dag.py:3239} INFO - Sync 1 DAGs
[2024-10-16T11:32:25.132+0000] {logging_mixin.py:190} INFO - [2024-10-16T11:32:25.132+0000] {dag.py:4180} INFO - Setting next_dagrun for example_complex to None, run_after=None
[2024-10-16T11:32:25.152+0000] {processor.py:208} INFO - Processing /home/airflow/.local/lib/python3.12/site-packages/airflow/example_dags/example_complex.py took 0.083 seconds
[2024-10-16T11:32:55.522+0000] {processor.py:186} INFO - Started process (PID=125950) to work on /home/airflow/.local/lib/python3.12/site-packages/airflow/example_dags/example_complex.py
[2024-10-16T11:32:55.523+0000] {processor.py:914} INFO - Processing file /home/airflow/.local/lib/python3.12/site-packages/airflow/example_dags/example_complex.py for tasks to queue
[2024-10-16T11:32:55.524+0000] {logging_mixin.py:190} INFO - [2024-10-16T11:32:55.523+0000] {dagbag.py:588} INFO - Filling up the DagBag from /home/airflow/.local/lib/python3.12/site-packages/airflow/example_dags/example_complex.py
[2024-10-16T11:32:55.535+0000] {processor.py:925} INFO - DAG(s) 'example_complex' retrieved from /home/airflow/.local/lib/python3.12/site-packages/airflow/example_dags/example_complex.py
[2024-10-16T11:32:55.565+0000] {logging_mixin.py:190} INFO - [2024-10-16T11:32:55.565+0000] {dag.py:3239} INFO - Sync 1 DAGs
[2024-10-16T11:32:55.580+0000] {logging_mixin.py:190} INFO - [2024-10-16T11:32:55.580+0000] {dag.py:4180} INFO - Setting next_dagrun for example_complex to None, run_after=None
[2024-10-16T11:32:55.598+0000] {processor.py:208} INFO - Processing /home/airflow/.local/lib/python3.12/site-packages/airflow/example_dags/example_complex.py took 0.082 seconds
[2024-10-16T11:33:25.816+0000] {processor.py:186} INFO - Started process (PID=126013) to work on /home/airflow/.local/lib/python3.12/site-packages/airflow/example_dags/example_complex.py
[2024-10-16T11:33:25.816+0000] {processor.py:914} INFO - Processing file /home/airflow/.local/lib/python3.12/site-packages/airflow/example_dags/example_complex.py for tasks to queue
[2024-10-16T11:33:25.818+0000] {logging_mixin.py:190} INFO - [2024-10-16T11:33:25.817+0000] {dagbag.py:588} INFO - Filling up the DagBag from /home/airflow/.local/lib/python3.12/site-packages/airflow/example_dags/example_complex.py
[2024-10-16T11:33:25.831+0000] {processor.py:925} INFO - DAG(s) 'example_complex' retrieved from /home/airflow/.local/lib/python3.12/site-packages/airflow/example_dags/example_complex.py
[2024-10-16T11:33:25.865+0000] {logging_mixin.py:190} INFO - [2024-10-16T11:33:25.865+0000] {dag.py:3239} INFO - Sync 1 DAGs
[2024-10-16T11:33:25.882+0000] {logging_mixin.py:190} INFO - [2024-10-16T11:33:25.882+0000] {dag.py:4180} INFO - Setting next_dagrun for example_complex to None, run_after=None
[2024-10-16T11:33:25.900+0000] {processor.py:208} INFO - Processing /home/airflow/.local/lib/python3.12/site-packages/airflow/example_dags/example_complex.py took 0.091 seconds
[2024-10-16T11:33:56.020+0000] {processor.py:186} INFO - Started process (PID=126076) to work on /home/airflow/.local/lib/python3.12/site-packages/airflow/example_dags/example_complex.py
[2024-10-16T11:33:56.021+0000] {processor.py:914} INFO - Processing file /home/airflow/.local/lib/python3.12/site-packages/airflow/example_dags/example_complex.py for tasks to queue
[2024-10-16T11:33:56.023+0000] {logging_mixin.py:190} INFO - [2024-10-16T11:33:56.022+0000] {dagbag.py:588} INFO - Filling up the DagBag from /home/airflow/.local/lib/python3.12/site-packages/airflow/example_dags/example_complex.py
[2024-10-16T11:33:56.035+0000] {processor.py:925} INFO - DAG(s) 'example_complex' retrieved from /home/airflow/.local/lib/python3.12/site-packages/airflow/example_dags/example_complex.py
[2024-10-16T11:33:56.066+0000] {logging_mixin.py:190} INFO - [2024-10-16T11:33:56.066+0000] {dag.py:3239} INFO - Sync 1 DAGs
[2024-10-16T11:33:56.082+0000] {logging_mixin.py:190} INFO - [2024-10-16T11:33:56.082+0000] {dag.py:4180} INFO - Setting next_dagrun for example_complex to None, run_after=None
[2024-10-16T11:33:56.101+0000] {processor.py:208} INFO - Processing /home/airflow/.local/lib/python3.12/site-packages/airflow/example_dags/example_complex.py took 0.086 seconds
[2024-10-16T11:34:26.383+0000] {processor.py:186} INFO - Started process (PID=126140) to work on /home/airflow/.local/lib/python3.12/site-packages/airflow/example_dags/example_complex.py
[2024-10-16T11:34:26.384+0000] {processor.py:914} INFO - Processing file /home/airflow/.local/lib/python3.12/site-packages/airflow/example_dags/example_complex.py for tasks to queue
[2024-10-16T11:34:26.385+0000] {logging_mixin.py:190} INFO - [2024-10-16T11:34:26.385+0000] {dagbag.py:588} INFO - Filling up the DagBag from /home/airflow/.local/lib/python3.12/site-packages/airflow/example_dags/example_complex.py
[2024-10-16T11:34:26.404+0000] {processor.py:925} INFO - DAG(s) 'example_complex' retrieved from /home/airflow/.local/lib/python3.12/site-packages/airflow/example_dags/example_complex.py
[2024-10-16T11:34:26.448+0000] {logging_mixin.py:190} INFO - [2024-10-16T11:34:26.447+0000] {dag.py:3239} INFO - Sync 1 DAGs
[2024-10-16T11:34:26.468+0000] {logging_mixin.py:190} INFO - [2024-10-16T11:34:26.468+0000] {dag.py:4180} INFO - Setting next_dagrun for example_complex to None, run_after=None
[2024-10-16T11:34:26.494+0000] {processor.py:208} INFO - Processing /home/airflow/.local/lib/python3.12/site-packages/airflow/example_dags/example_complex.py took 0.118 seconds
[2024-10-16T11:34:56.539+0000] {processor.py:186} INFO - Started process (PID=126202) to work on /home/airflow/.local/lib/python3.12/site-packages/airflow/example_dags/example_complex.py
[2024-10-16T11:34:56.540+0000] {processor.py:914} INFO - Processing file /home/airflow/.local/lib/python3.12/site-packages/airflow/example_dags/example_complex.py for tasks to queue
[2024-10-16T11:34:56.541+0000] {logging_mixin.py:190} INFO - [2024-10-16T11:34:56.541+0000] {dagbag.py:588} INFO - Filling up the DagBag from /home/airflow/.local/lib/python3.12/site-packages/airflow/example_dags/example_complex.py
[2024-10-16T11:34:56.553+0000] {processor.py:925} INFO - DAG(s) 'example_complex' retrieved from /home/airflow/.local/lib/python3.12/site-packages/airflow/example_dags/example_complex.py
[2024-10-16T11:34:56.583+0000] {logging_mixin.py:190} INFO - [2024-10-16T11:34:56.583+0000] {dag.py:3239} INFO - Sync 1 DAGs
[2024-10-16T11:34:56.599+0000] {logging_mixin.py:190} INFO - [2024-10-16T11:34:56.599+0000] {dag.py:4180} INFO - Setting next_dagrun for example_complex to None, run_after=None
[2024-10-16T11:34:56.621+0000] {processor.py:208} INFO - Processing /home/airflow/.local/lib/python3.12/site-packages/airflow/example_dags/example_complex.py took 0.087 seconds
[2024-10-16T11:35:27.319+0000] {processor.py:186} INFO - Started process (PID=126266) to work on /home/airflow/.local/lib/python3.12/site-packages/airflow/example_dags/example_complex.py
[2024-10-16T11:35:27.321+0000] {processor.py:914} INFO - Processing file /home/airflow/.local/lib/python3.12/site-packages/airflow/example_dags/example_complex.py for tasks to queue
[2024-10-16T11:35:27.323+0000] {logging_mixin.py:190} INFO - [2024-10-16T11:35:27.322+0000] {dagbag.py:588} INFO - Filling up the DagBag from /home/airflow/.local/lib/python3.12/site-packages/airflow/example_dags/example_complex.py
[2024-10-16T11:35:27.342+0000] {processor.py:925} INFO - DAG(s) 'example_complex' retrieved from /home/airflow/.local/lib/python3.12/site-packages/airflow/example_dags/example_complex.py
[2024-10-16T11:35:27.376+0000] {logging_mixin.py:190} INFO - [2024-10-16T11:35:27.376+0000] {dag.py:3239} INFO - Sync 1 DAGs
[2024-10-16T11:35:27.391+0000] {logging_mixin.py:190} INFO - [2024-10-16T11:35:27.391+0000] {dag.py:4180} INFO - Setting next_dagrun for example_complex to None, run_after=None
[2024-10-16T11:35:27.411+0000] {processor.py:208} INFO - Processing /home/airflow/.local/lib/python3.12/site-packages/airflow/example_dags/example_complex.py took 0.099 seconds
[2024-10-16T11:35:57.800+0000] {processor.py:186} INFO - Started process (PID=126329) to work on /home/airflow/.local/lib/python3.12/site-packages/airflow/example_dags/example_complex.py
[2024-10-16T11:35:57.801+0000] {processor.py:914} INFO - Processing file /home/airflow/.local/lib/python3.12/site-packages/airflow/example_dags/example_complex.py for tasks to queue
[2024-10-16T11:35:57.802+0000] {logging_mixin.py:190} INFO - [2024-10-16T11:35:57.802+0000] {dagbag.py:588} INFO - Filling up the DagBag from /home/airflow/.local/lib/python3.12/site-packages/airflow/example_dags/example_complex.py
[2024-10-16T11:35:57.814+0000] {processor.py:925} INFO - DAG(s) 'example_complex' retrieved from /home/airflow/.local/lib/python3.12/site-packages/airflow/example_dags/example_complex.py
[2024-10-16T11:35:57.848+0000] {logging_mixin.py:190} INFO - [2024-10-16T11:35:57.847+0000] {dag.py:3239} INFO - Sync 1 DAGs
[2024-10-16T11:35:57.869+0000] {logging_mixin.py:190} INFO - [2024-10-16T11:35:57.869+0000] {dag.py:4180} INFO - Setting next_dagrun for example_complex to None, run_after=None
[2024-10-16T11:35:57.888+0000] {processor.py:208} INFO - Processing /home/airflow/.local/lib/python3.12/site-packages/airflow/example_dags/example_complex.py took 0.093 seconds
[2024-10-16T11:36:28.544+0000] {processor.py:186} INFO - Started process (PID=126393) to work on /home/airflow/.local/lib/python3.12/site-packages/airflow/example_dags/example_complex.py
[2024-10-16T11:36:28.545+0000] {processor.py:914} INFO - Processing file /home/airflow/.local/lib/python3.12/site-packages/airflow/example_dags/example_complex.py for tasks to queue
[2024-10-16T11:36:28.547+0000] {logging_mixin.py:190} INFO - [2024-10-16T11:36:28.547+0000] {dagbag.py:588} INFO - Filling up the DagBag from /home/airflow/.local/lib/python3.12/site-packages/airflow/example_dags/example_complex.py
[2024-10-16T11:36:28.561+0000] {processor.py:925} INFO - DAG(s) 'example_complex' retrieved from /home/airflow/.local/lib/python3.12/site-packages/airflow/example_dags/example_complex.py
[2024-10-16T11:36:28.592+0000] {logging_mixin.py:190} INFO - [2024-10-16T11:36:28.592+0000] {dag.py:3239} INFO - Sync 1 DAGs
[2024-10-16T11:36:28.609+0000] {logging_mixin.py:190} INFO - [2024-10-16T11:36:28.608+0000] {dag.py:4180} INFO - Setting next_dagrun for example_complex to None, run_after=None
[2024-10-16T11:36:28.629+0000] {processor.py:208} INFO - Processing /home/airflow/.local/lib/python3.12/site-packages/airflow/example_dags/example_complex.py took 0.090 seconds
[2024-10-16T11:36:58.938+0000] {processor.py:186} INFO - Started process (PID=126456) to work on /home/airflow/.local/lib/python3.12/site-packages/airflow/example_dags/example_complex.py
[2024-10-16T11:36:58.939+0000] {processor.py:914} INFO - Processing file /home/airflow/.local/lib/python3.12/site-packages/airflow/example_dags/example_complex.py for tasks to queue
[2024-10-16T11:36:58.940+0000] {logging_mixin.py:190} INFO - [2024-10-16T11:36:58.940+0000] {dagbag.py:588} INFO - Filling up the DagBag from /home/airflow/.local/lib/python3.12/site-packages/airflow/example_dags/example_complex.py
[2024-10-16T11:36:58.951+0000] {processor.py:925} INFO - DAG(s) 'example_complex' retrieved from /home/airflow/.local/lib/python3.12/site-packages/airflow/example_dags/example_complex.py
[2024-10-16T11:36:58.980+0000] {logging_mixin.py:190} INFO - [2024-10-16T11:36:58.980+0000] {dag.py:3239} INFO - Sync 1 DAGs
[2024-10-16T11:36:58.996+0000] {logging_mixin.py:190} INFO - [2024-10-16T11:36:58.996+0000] {dag.py:4180} INFO - Setting next_dagrun for example_complex to None, run_after=None
[2024-10-16T11:36:59.014+0000] {processor.py:208} INFO - Processing /home/airflow/.local/lib/python3.12/site-packages/airflow/example_dags/example_complex.py took 0.082 seconds
[2024-10-16T11:37:29.400+0000] {processor.py:186} INFO - Started process (PID=126519) to work on /home/airflow/.local/lib/python3.12/site-packages/airflow/example_dags/example_complex.py
[2024-10-16T11:37:29.401+0000] {processor.py:914} INFO - Processing file /home/airflow/.local/lib/python3.12/site-packages/airflow/example_dags/example_complex.py for tasks to queue
[2024-10-16T11:37:29.404+0000] {logging_mixin.py:190} INFO - [2024-10-16T11:37:29.403+0000] {dagbag.py:588} INFO - Filling up the DagBag from /home/airflow/.local/lib/python3.12/site-packages/airflow/example_dags/example_complex.py
[2024-10-16T11:37:29.416+0000] {processor.py:925} INFO - DAG(s) 'example_complex' retrieved from /home/airflow/.local/lib/python3.12/site-packages/airflow/example_dags/example_complex.py
[2024-10-16T11:37:29.452+0000] {logging_mixin.py:190} INFO - [2024-10-16T11:37:29.452+0000] {dag.py:3239} INFO - Sync 1 DAGs
[2024-10-16T11:37:29.467+0000] {logging_mixin.py:190} INFO - [2024-10-16T11:37:29.466+0000] {dag.py:4180} INFO - Setting next_dagrun for example_complex to None, run_after=None
[2024-10-16T11:37:29.487+0000] {processor.py:208} INFO - Processing /home/airflow/.local/lib/python3.12/site-packages/airflow/example_dags/example_complex.py took 0.096 seconds
[2024-10-16T11:38:00.307+0000] {processor.py:186} INFO - Started process (PID=126582) to work on /home/airflow/.local/lib/python3.12/site-packages/airflow/example_dags/example_complex.py
[2024-10-16T11:38:00.308+0000] {processor.py:914} INFO - Processing file /home/airflow/.local/lib/python3.12/site-packages/airflow/example_dags/example_complex.py for tasks to queue
[2024-10-16T11:38:00.310+0000] {logging_mixin.py:190} INFO - [2024-10-16T11:38:00.310+0000] {dagbag.py:588} INFO - Filling up the DagBag from /home/airflow/.local/lib/python3.12/site-packages/airflow/example_dags/example_complex.py
[2024-10-16T11:38:00.324+0000] {processor.py:925} INFO - DAG(s) 'example_complex' retrieved from /home/airflow/.local/lib/python3.12/site-packages/airflow/example_dags/example_complex.py
[2024-10-16T11:38:00.357+0000] {logging_mixin.py:190} INFO - [2024-10-16T11:38:00.357+0000] {dag.py:3239} INFO - Sync 1 DAGs
[2024-10-16T11:38:00.374+0000] {logging_mixin.py:190} INFO - [2024-10-16T11:38:00.374+0000] {dag.py:4180} INFO - Setting next_dagrun for example_complex to None, run_after=None
[2024-10-16T11:38:00.394+0000] {processor.py:208} INFO - Processing /home/airflow/.local/lib/python3.12/site-packages/airflow/example_dags/example_complex.py took 0.093 seconds
[2024-10-16T11:38:30.992+0000] {processor.py:186} INFO - Started process (PID=126646) to work on /home/airflow/.local/lib/python3.12/site-packages/airflow/example_dags/example_complex.py
[2024-10-16T11:38:30.993+0000] {processor.py:914} INFO - Processing file /home/airflow/.local/lib/python3.12/site-packages/airflow/example_dags/example_complex.py for tasks to queue
[2024-10-16T11:38:30.994+0000] {logging_mixin.py:190} INFO - [2024-10-16T11:38:30.994+0000] {dagbag.py:588} INFO - Filling up the DagBag from /home/airflow/.local/lib/python3.12/site-packages/airflow/example_dags/example_complex.py
[2024-10-16T11:38:31.008+0000] {processor.py:925} INFO - DAG(s) 'example_complex' retrieved from /home/airflow/.local/lib/python3.12/site-packages/airflow/example_dags/example_complex.py
[2024-10-16T11:38:31.042+0000] {logging_mixin.py:190} INFO - [2024-10-16T11:38:31.042+0000] {dag.py:3239} INFO - Sync 1 DAGs
[2024-10-16T11:38:31.059+0000] {logging_mixin.py:190} INFO - [2024-10-16T11:38:31.059+0000] {dag.py:4180} INFO - Setting next_dagrun for example_complex to None, run_after=None
[2024-10-16T11:38:31.082+0000] {processor.py:208} INFO - Processing /home/airflow/.local/lib/python3.12/site-packages/airflow/example_dags/example_complex.py took 0.096 seconds
[2024-10-16T11:39:01.146+0000] {processor.py:186} INFO - Started process (PID=126707) to work on /home/airflow/.local/lib/python3.12/site-packages/airflow/example_dags/example_complex.py
[2024-10-16T11:39:01.147+0000] {processor.py:914} INFO - Processing file /home/airflow/.local/lib/python3.12/site-packages/airflow/example_dags/example_complex.py for tasks to queue
[2024-10-16T11:39:01.148+0000] {logging_mixin.py:190} INFO - [2024-10-16T11:39:01.148+0000] {dagbag.py:588} INFO - Filling up the DagBag from /home/airflow/.local/lib/python3.12/site-packages/airflow/example_dags/example_complex.py
[2024-10-16T11:39:01.162+0000] {processor.py:925} INFO - DAG(s) 'example_complex' retrieved from /home/airflow/.local/lib/python3.12/site-packages/airflow/example_dags/example_complex.py
[2024-10-16T11:39:01.203+0000] {logging_mixin.py:190} INFO - [2024-10-16T11:39:01.203+0000] {dag.py:3239} INFO - Sync 1 DAGs
[2024-10-16T11:39:01.220+0000] {logging_mixin.py:190} INFO - [2024-10-16T11:39:01.220+0000] {dag.py:4180} INFO - Setting next_dagrun for example_complex to None, run_after=None
[2024-10-16T11:39:01.246+0000] {processor.py:208} INFO - Processing /home/airflow/.local/lib/python3.12/site-packages/airflow/example_dags/example_complex.py took 0.107 seconds
[2024-10-16T11:39:31.994+0000] {processor.py:186} INFO - Started process (PID=126770) to work on /home/airflow/.local/lib/python3.12/site-packages/airflow/example_dags/example_complex.py
[2024-10-16T11:39:31.995+0000] {processor.py:914} INFO - Processing file /home/airflow/.local/lib/python3.12/site-packages/airflow/example_dags/example_complex.py for tasks to queue
[2024-10-16T11:39:31.996+0000] {logging_mixin.py:190} INFO - [2024-10-16T11:39:31.996+0000] {dagbag.py:588} INFO - Filling up the DagBag from /home/airflow/.local/lib/python3.12/site-packages/airflow/example_dags/example_complex.py
[2024-10-16T11:39:32.009+0000] {processor.py:925} INFO - DAG(s) 'example_complex' retrieved from /home/airflow/.local/lib/python3.12/site-packages/airflow/example_dags/example_complex.py
[2024-10-16T11:39:32.042+0000] {logging_mixin.py:190} INFO - [2024-10-16T11:39:32.041+0000] {dag.py:3239} INFO - Sync 1 DAGs
[2024-10-16T11:39:32.063+0000] {logging_mixin.py:190} INFO - [2024-10-16T11:39:32.062+0000] {dag.py:4180} INFO - Setting next_dagrun for example_complex to None, run_after=None
[2024-10-16T11:39:32.082+0000] {processor.py:208} INFO - Processing /home/airflow/.local/lib/python3.12/site-packages/airflow/example_dags/example_complex.py took 0.097 seconds
[2024-10-16T11:40:02.746+0000] {processor.py:186} INFO - Started process (PID=126833) to work on /home/airflow/.local/lib/python3.12/site-packages/airflow/example_dags/example_complex.py
[2024-10-16T11:40:02.747+0000] {processor.py:914} INFO - Processing file /home/airflow/.local/lib/python3.12/site-packages/airflow/example_dags/example_complex.py for tasks to queue
[2024-10-16T11:40:02.749+0000] {logging_mixin.py:190} INFO - [2024-10-16T11:40:02.749+0000] {dagbag.py:588} INFO - Filling up the DagBag from /home/airflow/.local/lib/python3.12/site-packages/airflow/example_dags/example_complex.py
[2024-10-16T11:40:02.762+0000] {processor.py:925} INFO - DAG(s) 'example_complex' retrieved from /home/airflow/.local/lib/python3.12/site-packages/airflow/example_dags/example_complex.py
[2024-10-16T11:40:02.795+0000] {logging_mixin.py:190} INFO - [2024-10-16T11:40:02.795+0000] {dag.py:3239} INFO - Sync 1 DAGs
[2024-10-16T11:40:02.811+0000] {logging_mixin.py:190} INFO - [2024-10-16T11:40:02.811+0000] {dag.py:4180} INFO - Setting next_dagrun for example_complex to None, run_after=None
[2024-10-16T11:40:02.832+0000] {processor.py:208} INFO - Processing /home/airflow/.local/lib/python3.12/site-packages/airflow/example_dags/example_complex.py took 0.093 seconds
[2024-10-16T11:40:32.942+0000] {processor.py:186} INFO - Started process (PID=126895) to work on /home/airflow/.local/lib/python3.12/site-packages/airflow/example_dags/example_complex.py
[2024-10-16T11:40:32.943+0000] {processor.py:914} INFO - Processing file /home/airflow/.local/lib/python3.12/site-packages/airflow/example_dags/example_complex.py for tasks to queue
[2024-10-16T11:40:32.945+0000] {logging_mixin.py:190} INFO - [2024-10-16T11:40:32.944+0000] {dagbag.py:588} INFO - Filling up the DagBag from /home/airflow/.local/lib/python3.12/site-packages/airflow/example_dags/example_complex.py
[2024-10-16T11:40:32.960+0000] {processor.py:925} INFO - DAG(s) 'example_complex' retrieved from /home/airflow/.local/lib/python3.12/site-packages/airflow/example_dags/example_complex.py
[2024-10-16T11:40:33.001+0000] {logging_mixin.py:190} INFO - [2024-10-16T11:40:33.000+0000] {dag.py:3239} INFO - Sync 1 DAGs
[2024-10-16T11:40:33.017+0000] {logging_mixin.py:190} INFO - [2024-10-16T11:40:33.016+0000] {dag.py:4180} INFO - Setting next_dagrun for example_complex to None, run_after=None
[2024-10-16T11:40:33.037+0000] {processor.py:208} INFO - Processing /home/airflow/.local/lib/python3.12/site-packages/airflow/example_dags/example_complex.py took 0.102 seconds
[2024-10-16T11:41:03.204+0000] {processor.py:186} INFO - Started process (PID=126958) to work on /home/airflow/.local/lib/python3.12/site-packages/airflow/example_dags/example_complex.py
[2024-10-16T11:41:03.205+0000] {processor.py:914} INFO - Processing file /home/airflow/.local/lib/python3.12/site-packages/airflow/example_dags/example_complex.py for tasks to queue
[2024-10-16T11:41:03.207+0000] {logging_mixin.py:190} INFO - [2024-10-16T11:41:03.206+0000] {dagbag.py:588} INFO - Filling up the DagBag from /home/airflow/.local/lib/python3.12/site-packages/airflow/example_dags/example_complex.py
[2024-10-16T11:41:03.221+0000] {processor.py:925} INFO - DAG(s) 'example_complex' retrieved from /home/airflow/.local/lib/python3.12/site-packages/airflow/example_dags/example_complex.py
[2024-10-16T11:41:03.254+0000] {logging_mixin.py:190} INFO - [2024-10-16T11:41:03.253+0000] {dag.py:3239} INFO - Sync 1 DAGs
[2024-10-16T11:41:03.271+0000] {logging_mixin.py:190} INFO - [2024-10-16T11:41:03.271+0000] {dag.py:4180} INFO - Setting next_dagrun for example_complex to None, run_after=None
[2024-10-16T11:41:03.291+0000] {processor.py:208} INFO - Processing /home/airflow/.local/lib/python3.12/site-packages/airflow/example_dags/example_complex.py took 0.093 seconds
[2024-10-16T11:41:33.611+0000] {processor.py:186} INFO - Started process (PID=127021) to work on /home/airflow/.local/lib/python3.12/site-packages/airflow/example_dags/example_complex.py
[2024-10-16T11:41:33.612+0000] {processor.py:914} INFO - Processing file /home/airflow/.local/lib/python3.12/site-packages/airflow/example_dags/example_complex.py for tasks to queue
[2024-10-16T11:41:33.614+0000] {logging_mixin.py:190} INFO - [2024-10-16T11:41:33.613+0000] {dagbag.py:588} INFO - Filling up the DagBag from /home/airflow/.local/lib/python3.12/site-packages/airflow/example_dags/example_complex.py
[2024-10-16T11:41:33.628+0000] {processor.py:925} INFO - DAG(s) 'example_complex' retrieved from /home/airflow/.local/lib/python3.12/site-packages/airflow/example_dags/example_complex.py
[2024-10-16T11:41:33.664+0000] {logging_mixin.py:190} INFO - [2024-10-16T11:41:33.663+0000] {dag.py:3239} INFO - Sync 1 DAGs
[2024-10-16T11:41:33.681+0000] {logging_mixin.py:190} INFO - [2024-10-16T11:41:33.680+0000] {dag.py:4180} INFO - Setting next_dagrun for example_complex to None, run_after=None
[2024-10-16T11:41:33.702+0000] {processor.py:208} INFO - Processing /home/airflow/.local/lib/python3.12/site-packages/airflow/example_dags/example_complex.py took 0.098 seconds
[2024-10-16T11:42:04.416+0000] {processor.py:186} INFO - Started process (PID=127084) to work on /home/airflow/.local/lib/python3.12/site-packages/airflow/example_dags/example_complex.py
[2024-10-16T11:42:04.417+0000] {processor.py:914} INFO - Processing file /home/airflow/.local/lib/python3.12/site-packages/airflow/example_dags/example_complex.py for tasks to queue
[2024-10-16T11:42:04.419+0000] {logging_mixin.py:190} INFO - [2024-10-16T11:42:04.419+0000] {dagbag.py:588} INFO - Filling up the DagBag from /home/airflow/.local/lib/python3.12/site-packages/airflow/example_dags/example_complex.py
[2024-10-16T11:42:04.433+0000] {processor.py:925} INFO - DAG(s) 'example_complex' retrieved from /home/airflow/.local/lib/python3.12/site-packages/airflow/example_dags/example_complex.py
[2024-10-16T11:42:04.469+0000] {logging_mixin.py:190} INFO - [2024-10-16T11:42:04.469+0000] {dag.py:3239} INFO - Sync 1 DAGs
[2024-10-16T11:42:04.487+0000] {logging_mixin.py:190} INFO - [2024-10-16T11:42:04.486+0000] {dag.py:4180} INFO - Setting next_dagrun for example_complex to None, run_after=None
[2024-10-16T11:42:04.508+0000] {processor.py:208} INFO - Processing /home/airflow/.local/lib/python3.12/site-packages/airflow/example_dags/example_complex.py took 0.099 seconds
[2024-10-16T11:42:34.702+0000] {processor.py:186} INFO - Started process (PID=127147) to work on /home/airflow/.local/lib/python3.12/site-packages/airflow/example_dags/example_complex.py
[2024-10-16T11:42:34.703+0000] {processor.py:914} INFO - Processing file /home/airflow/.local/lib/python3.12/site-packages/airflow/example_dags/example_complex.py for tasks to queue
[2024-10-16T11:42:34.704+0000] {logging_mixin.py:190} INFO - [2024-10-16T11:42:34.704+0000] {dagbag.py:588} INFO - Filling up the DagBag from /home/airflow/.local/lib/python3.12/site-packages/airflow/example_dags/example_complex.py
[2024-10-16T11:42:34.717+0000] {processor.py:925} INFO - DAG(s) 'example_complex' retrieved from /home/airflow/.local/lib/python3.12/site-packages/airflow/example_dags/example_complex.py
[2024-10-16T11:42:34.749+0000] {logging_mixin.py:190} INFO - [2024-10-16T11:42:34.749+0000] {dag.py:3239} INFO - Sync 1 DAGs
[2024-10-16T11:42:34.766+0000] {logging_mixin.py:190} INFO - [2024-10-16T11:42:34.766+0000] {dag.py:4180} INFO - Setting next_dagrun for example_complex to None, run_after=None
[2024-10-16T11:42:34.787+0000] {processor.py:208} INFO - Processing /home/airflow/.local/lib/python3.12/site-packages/airflow/example_dags/example_complex.py took 0.091 seconds
[2024-10-16T11:43:05.566+0000] {processor.py:186} INFO - Started process (PID=127210) to work on /home/airflow/.local/lib/python3.12/site-packages/airflow/example_dags/example_complex.py
[2024-10-16T11:43:05.567+0000] {processor.py:914} INFO - Processing file /home/airflow/.local/lib/python3.12/site-packages/airflow/example_dags/example_complex.py for tasks to queue
[2024-10-16T11:43:05.568+0000] {logging_mixin.py:190} INFO - [2024-10-16T11:43:05.568+0000] {dagbag.py:588} INFO - Filling up the DagBag from /home/airflow/.local/lib/python3.12/site-packages/airflow/example_dags/example_complex.py
[2024-10-16T11:43:05.582+0000] {processor.py:925} INFO - DAG(s) 'example_complex' retrieved from /home/airflow/.local/lib/python3.12/site-packages/airflow/example_dags/example_complex.py
[2024-10-16T11:43:05.622+0000] {logging_mixin.py:190} INFO - [2024-10-16T11:43:05.622+0000] {dag.py:3239} INFO - Sync 1 DAGs
[2024-10-16T11:43:05.639+0000] {logging_mixin.py:190} INFO - [2024-10-16T11:43:05.639+0000] {dag.py:4180} INFO - Setting next_dagrun for example_complex to None, run_after=None
[2024-10-16T11:43:05.660+0000] {processor.py:208} INFO - Processing /home/airflow/.local/lib/python3.12/site-packages/airflow/example_dags/example_complex.py took 0.101 seconds
[2024-10-16T11:43:35.719+0000] {processor.py:186} INFO - Started process (PID=127273) to work on /home/airflow/.local/lib/python3.12/site-packages/airflow/example_dags/example_complex.py
[2024-10-16T11:43:35.721+0000] {processor.py:914} INFO - Processing file /home/airflow/.local/lib/python3.12/site-packages/airflow/example_dags/example_complex.py for tasks to queue
[2024-10-16T11:43:35.722+0000] {logging_mixin.py:190} INFO - [2024-10-16T11:43:35.722+0000] {dagbag.py:588} INFO - Filling up the DagBag from /home/airflow/.local/lib/python3.12/site-packages/airflow/example_dags/example_complex.py
[2024-10-16T11:43:35.736+0000] {processor.py:925} INFO - DAG(s) 'example_complex' retrieved from /home/airflow/.local/lib/python3.12/site-packages/airflow/example_dags/example_complex.py
[2024-10-16T11:43:35.772+0000] {logging_mixin.py:190} INFO - [2024-10-16T11:43:35.772+0000] {dag.py:3239} INFO - Sync 1 DAGs
[2024-10-16T11:43:35.790+0000] {logging_mixin.py:190} INFO - [2024-10-16T11:43:35.789+0000] {dag.py:4180} INFO - Setting next_dagrun for example_complex to None, run_after=None
[2024-10-16T11:43:35.810+0000] {processor.py:208} INFO - Processing /home/airflow/.local/lib/python3.12/site-packages/airflow/example_dags/example_complex.py took 0.098 seconds
[2024-10-16T11:44:05.935+0000] {processor.py:186} INFO - Started process (PID=127336) to work on /home/airflow/.local/lib/python3.12/site-packages/airflow/example_dags/example_complex.py
[2024-10-16T11:44:05.936+0000] {processor.py:914} INFO - Processing file /home/airflow/.local/lib/python3.12/site-packages/airflow/example_dags/example_complex.py for tasks to queue
[2024-10-16T11:44:05.937+0000] {logging_mixin.py:190} INFO - [2024-10-16T11:44:05.937+0000] {dagbag.py:588} INFO - Filling up the DagBag from /home/airflow/.local/lib/python3.12/site-packages/airflow/example_dags/example_complex.py
[2024-10-16T11:44:05.952+0000] {processor.py:925} INFO - DAG(s) 'example_complex' retrieved from /home/airflow/.local/lib/python3.12/site-packages/airflow/example_dags/example_complex.py
[2024-10-16T11:44:05.991+0000] {logging_mixin.py:190} INFO - [2024-10-16T11:44:05.990+0000] {dag.py:3239} INFO - Sync 1 DAGs
[2024-10-16T11:44:06.009+0000] {logging_mixin.py:190} INFO - [2024-10-16T11:44:06.009+0000] {dag.py:4180} INFO - Setting next_dagrun for example_complex to None, run_after=None
[2024-10-16T11:44:06.029+0000] {processor.py:208} INFO - Processing /home/airflow/.local/lib/python3.12/site-packages/airflow/example_dags/example_complex.py took 0.102 seconds
[2024-10-16T11:44:36.716+0000] {processor.py:186} INFO - Started process (PID=127400) to work on /home/airflow/.local/lib/python3.12/site-packages/airflow/example_dags/example_complex.py
[2024-10-16T11:44:36.718+0000] {processor.py:914} INFO - Processing file /home/airflow/.local/lib/python3.12/site-packages/airflow/example_dags/example_complex.py for tasks to queue
[2024-10-16T11:44:36.719+0000] {logging_mixin.py:190} INFO - [2024-10-16T11:44:36.719+0000] {dagbag.py:588} INFO - Filling up the DagBag from /home/airflow/.local/lib/python3.12/site-packages/airflow/example_dags/example_complex.py
[2024-10-16T11:44:36.734+0000] {processor.py:925} INFO - DAG(s) 'example_complex' retrieved from /home/airflow/.local/lib/python3.12/site-packages/airflow/example_dags/example_complex.py
[2024-10-16T11:44:36.769+0000] {logging_mixin.py:190} INFO - [2024-10-16T11:44:36.768+0000] {dag.py:3239} INFO - Sync 1 DAGs
[2024-10-16T11:44:36.785+0000] {logging_mixin.py:190} INFO - [2024-10-16T11:44:36.785+0000] {dag.py:4180} INFO - Setting next_dagrun for example_complex to None, run_after=None
[2024-10-16T11:44:36.807+0000] {processor.py:208} INFO - Processing /home/airflow/.local/lib/python3.12/site-packages/airflow/example_dags/example_complex.py took 0.097 seconds
[2024-10-16T11:45:07.000+0000] {processor.py:186} INFO - Started process (PID=127463) to work on /home/airflow/.local/lib/python3.12/site-packages/airflow/example_dags/example_complex.py
[2024-10-16T11:45:07.001+0000] {processor.py:914} INFO - Processing file /home/airflow/.local/lib/python3.12/site-packages/airflow/example_dags/example_complex.py for tasks to queue
[2024-10-16T11:45:07.002+0000] {logging_mixin.py:190} INFO - [2024-10-16T11:45:07.002+0000] {dagbag.py:588} INFO - Filling up the DagBag from /home/airflow/.local/lib/python3.12/site-packages/airflow/example_dags/example_complex.py
[2024-10-16T11:45:07.023+0000] {processor.py:925} INFO - DAG(s) 'example_complex' retrieved from /home/airflow/.local/lib/python3.12/site-packages/airflow/example_dags/example_complex.py
[2024-10-16T11:45:07.059+0000] {logging_mixin.py:190} INFO - [2024-10-16T11:45:07.059+0000] {dag.py:3239} INFO - Sync 1 DAGs
[2024-10-16T11:45:07.076+0000] {logging_mixin.py:190} INFO - [2024-10-16T11:45:07.076+0000] {dag.py:4180} INFO - Setting next_dagrun for example_complex to None, run_after=None
[2024-10-16T11:45:07.099+0000] {processor.py:208} INFO - Processing /home/airflow/.local/lib/python3.12/site-packages/airflow/example_dags/example_complex.py took 0.107 seconds
[2024-10-16T11:45:37.323+0000] {processor.py:186} INFO - Started process (PID=127526) to work on /home/airflow/.local/lib/python3.12/site-packages/airflow/example_dags/example_complex.py
[2024-10-16T11:45:37.324+0000] {processor.py:914} INFO - Processing file /home/airflow/.local/lib/python3.12/site-packages/airflow/example_dags/example_complex.py for tasks to queue
[2024-10-16T11:45:37.326+0000] {logging_mixin.py:190} INFO - [2024-10-16T11:45:37.326+0000] {dagbag.py:588} INFO - Filling up the DagBag from /home/airflow/.local/lib/python3.12/site-packages/airflow/example_dags/example_complex.py
[2024-10-16T11:45:37.341+0000] {processor.py:925} INFO - DAG(s) 'example_complex' retrieved from /home/airflow/.local/lib/python3.12/site-packages/airflow/example_dags/example_complex.py
[2024-10-16T11:45:37.388+0000] {logging_mixin.py:190} INFO - [2024-10-16T11:45:37.387+0000] {dag.py:3239} INFO - Sync 1 DAGs
[2024-10-16T11:45:37.405+0000] {logging_mixin.py:190} INFO - [2024-10-16T11:45:37.404+0000] {dag.py:4180} INFO - Setting next_dagrun for example_complex to None, run_after=None
[2024-10-16T11:45:37.427+0000] {processor.py:208} INFO - Processing /home/airflow/.local/lib/python3.12/site-packages/airflow/example_dags/example_complex.py took 0.113 seconds
