[2024-10-16T11:30:00.892+0000] {processor.py:186} INFO - Started process (PID=125593) to work on /home/airflow/.local/lib/python3.12/site-packages/airflow/example_dags/example_outlet_event_extra.py
[2024-10-16T11:30:00.894+0000] {processor.py:914} INFO - Processing file /home/airflow/.local/lib/python3.12/site-packages/airflow/example_dags/example_outlet_event_extra.py for tasks to queue
[2024-10-16T11:30:00.897+0000] {logging_mixin.py:190} INFO - [2024-10-16T11:30:00.896+0000] {dagbag.py:588} INFO - Filling up the DagBag from /home/airflow/.local/lib/python3.12/site-packages/airflow/example_dags/example_outlet_event_extra.py
[2024-10-16T11:30:01.450+0000] {processor.py:925} INFO - DAG(s) 'dataset_with_extra_by_yield', 'dataset_with_extra_from_classic_operator', 'dataset_with_extra_by_context' retrieved from /home/airflow/.local/lib/python3.12/site-packages/airflow/example_dags/example_outlet_event_extra.py
[2024-10-16T11:30:01.615+0000] {logging_mixin.py:190} INFO - [2024-10-16T11:30:01.614+0000] {dag.py:3239} INFO - Sync 3 DAGs
[2024-10-16T11:30:01.822+0000] {logging_mixin.py:190} INFO - [2024-10-16T11:30:01.821+0000] {dag.py:4180} INFO - Setting next_dagrun for dataset_with_extra_by_context to 2024-10-15 00:00:00+00:00, run_after=2024-10-16 00:00:00+00:00
[2024-10-16T11:30:01.888+0000] {logging_mixin.py:190} INFO - [2024-10-16T11:30:01.888+0000] {dag.py:4180} INFO - Setting next_dagrun for dataset_with_extra_by_yield to 2024-10-15 00:00:00+00:00, run_after=2024-10-16 00:00:00+00:00
[2024-10-16T11:30:01.902+0000] {logging_mixin.py:190} INFO - [2024-10-16T11:30:01.901+0000] {dag.py:4180} INFO - Setting next_dagrun for dataset_with_extra_from_classic_operator to 2024-10-15 00:00:00+00:00, run_after=2024-10-16 00:00:00+00:00
[2024-10-16T11:30:01.994+0000] {processor.py:208} INFO - Processing /home/airflow/.local/lib/python3.12/site-packages/airflow/example_dags/example_outlet_event_extra.py took 1.113 seconds
[2024-10-16T11:30:32.567+0000] {processor.py:186} INFO - Started process (PID=125657) to work on /home/airflow/.local/lib/python3.12/site-packages/airflow/example_dags/example_outlet_event_extra.py
[2024-10-16T11:30:32.568+0000] {processor.py:914} INFO - Processing file /home/airflow/.local/lib/python3.12/site-packages/airflow/example_dags/example_outlet_event_extra.py for tasks to queue
[2024-10-16T11:30:32.570+0000] {logging_mixin.py:190} INFO - [2024-10-16T11:30:32.570+0000] {dagbag.py:588} INFO - Filling up the DagBag from /home/airflow/.local/lib/python3.12/site-packages/airflow/example_dags/example_outlet_event_extra.py
[2024-10-16T11:30:32.763+0000] {processor.py:925} INFO - DAG(s) 'dataset_with_extra_by_context', 'dataset_with_extra_by_yield', 'dataset_with_extra_from_classic_operator' retrieved from /home/airflow/.local/lib/python3.12/site-packages/airflow/example_dags/example_outlet_event_extra.py
[2024-10-16T11:30:32.800+0000] {logging_mixin.py:190} INFO - [2024-10-16T11:30:32.800+0000] {dag.py:3239} INFO - Sync 3 DAGs
[2024-10-16T11:30:32.855+0000] {logging_mixin.py:190} INFO - [2024-10-16T11:30:32.854+0000] {dag.py:4180} INFO - Setting next_dagrun for dataset_with_extra_by_context to 2024-10-15 00:00:00+00:00, run_after=2024-10-16 00:00:00+00:00
[2024-10-16T11:30:32.862+0000] {logging_mixin.py:190} INFO - [2024-10-16T11:30:32.862+0000] {dag.py:4180} INFO - Setting next_dagrun for dataset_with_extra_by_yield to 2024-10-15 00:00:00+00:00, run_after=2024-10-16 00:00:00+00:00
[2024-10-16T11:30:32.867+0000] {logging_mixin.py:190} INFO - [2024-10-16T11:30:32.866+0000] {dag.py:4180} INFO - Setting next_dagrun for dataset_with_extra_from_classic_operator to 2024-10-15 00:00:00+00:00, run_after=2024-10-16 00:00:00+00:00
[2024-10-16T11:30:32.910+0000] {processor.py:208} INFO - Processing /home/airflow/.local/lib/python3.12/site-packages/airflow/example_dags/example_outlet_event_extra.py took 0.352 seconds
[2024-10-16T11:31:03.727+0000] {processor.py:186} INFO - Started process (PID=125720) to work on /home/airflow/.local/lib/python3.12/site-packages/airflow/example_dags/example_outlet_event_extra.py
[2024-10-16T11:31:03.728+0000] {processor.py:914} INFO - Processing file /home/airflow/.local/lib/python3.12/site-packages/airflow/example_dags/example_outlet_event_extra.py for tasks to queue
[2024-10-16T11:31:03.730+0000] {logging_mixin.py:190} INFO - [2024-10-16T11:31:03.729+0000] {dagbag.py:588} INFO - Filling up the DagBag from /home/airflow/.local/lib/python3.12/site-packages/airflow/example_dags/example_outlet_event_extra.py
[2024-10-16T11:31:03.865+0000] {processor.py:925} INFO - DAG(s) 'dataset_with_extra_by_context', 'dataset_with_extra_from_classic_operator', 'dataset_with_extra_by_yield' retrieved from /home/airflow/.local/lib/python3.12/site-packages/airflow/example_dags/example_outlet_event_extra.py
[2024-10-16T11:31:03.890+0000] {logging_mixin.py:190} INFO - [2024-10-16T11:31:03.890+0000] {dag.py:3239} INFO - Sync 3 DAGs
[2024-10-16T11:31:03.916+0000] {logging_mixin.py:190} INFO - [2024-10-16T11:31:03.916+0000] {dag.py:4180} INFO - Setting next_dagrun for dataset_with_extra_by_context to 2024-10-15 00:00:00+00:00, run_after=2024-10-16 00:00:00+00:00
[2024-10-16T11:31:03.921+0000] {logging_mixin.py:190} INFO - [2024-10-16T11:31:03.921+0000] {dag.py:4180} INFO - Setting next_dagrun for dataset_with_extra_by_yield to 2024-10-15 00:00:00+00:00, run_after=2024-10-16 00:00:00+00:00
[2024-10-16T11:31:03.923+0000] {logging_mixin.py:190} INFO - [2024-10-16T11:31:03.923+0000] {dag.py:4180} INFO - Setting next_dagrun for dataset_with_extra_from_classic_operator to 2024-10-15 00:00:00+00:00, run_after=2024-10-16 00:00:00+00:00
[2024-10-16T11:31:03.943+0000] {processor.py:208} INFO - Processing /home/airflow/.local/lib/python3.12/site-packages/airflow/example_dags/example_outlet_event_extra.py took 0.223 seconds
[2024-10-16T11:31:34.396+0000] {processor.py:186} INFO - Started process (PID=125783) to work on /home/airflow/.local/lib/python3.12/site-packages/airflow/example_dags/example_outlet_event_extra.py
[2024-10-16T11:31:34.397+0000] {processor.py:914} INFO - Processing file /home/airflow/.local/lib/python3.12/site-packages/airflow/example_dags/example_outlet_event_extra.py for tasks to queue
[2024-10-16T11:31:34.399+0000] {logging_mixin.py:190} INFO - [2024-10-16T11:31:34.398+0000] {dagbag.py:588} INFO - Filling up the DagBag from /home/airflow/.local/lib/python3.12/site-packages/airflow/example_dags/example_outlet_event_extra.py
[2024-10-16T11:31:34.519+0000] {processor.py:925} INFO - DAG(s) 'dataset_with_extra_by_context', 'dataset_with_extra_from_classic_operator', 'dataset_with_extra_by_yield' retrieved from /home/airflow/.local/lib/python3.12/site-packages/airflow/example_dags/example_outlet_event_extra.py
[2024-10-16T11:31:34.539+0000] {logging_mixin.py:190} INFO - [2024-10-16T11:31:34.539+0000] {dag.py:3239} INFO - Sync 3 DAGs
[2024-10-16T11:31:34.562+0000] {logging_mixin.py:190} INFO - [2024-10-16T11:31:34.562+0000] {dag.py:4180} INFO - Setting next_dagrun for dataset_with_extra_by_context to 2024-10-15 00:00:00+00:00, run_after=2024-10-16 00:00:00+00:00
[2024-10-16T11:31:34.566+0000] {logging_mixin.py:190} INFO - [2024-10-16T11:31:34.566+0000] {dag.py:4180} INFO - Setting next_dagrun for dataset_with_extra_by_yield to 2024-10-15 00:00:00+00:00, run_after=2024-10-16 00:00:00+00:00
[2024-10-16T11:31:34.568+0000] {logging_mixin.py:190} INFO - [2024-10-16T11:31:34.568+0000] {dag.py:4180} INFO - Setting next_dagrun for dataset_with_extra_from_classic_operator to 2024-10-15 00:00:00+00:00, run_after=2024-10-16 00:00:00+00:00
[2024-10-16T11:31:34.587+0000] {processor.py:208} INFO - Processing /home/airflow/.local/lib/python3.12/site-packages/airflow/example_dags/example_outlet_event_extra.py took 0.195 seconds
[2024-10-16T11:32:05.466+0000] {processor.py:186} INFO - Started process (PID=125846) to work on /home/airflow/.local/lib/python3.12/site-packages/airflow/example_dags/example_outlet_event_extra.py
[2024-10-16T11:32:05.468+0000] {processor.py:914} INFO - Processing file /home/airflow/.local/lib/python3.12/site-packages/airflow/example_dags/example_outlet_event_extra.py for tasks to queue
[2024-10-16T11:32:05.469+0000] {logging_mixin.py:190} INFO - [2024-10-16T11:32:05.469+0000] {dagbag.py:588} INFO - Filling up the DagBag from /home/airflow/.local/lib/python3.12/site-packages/airflow/example_dags/example_outlet_event_extra.py
[2024-10-16T11:32:05.638+0000] {processor.py:925} INFO - DAG(s) 'dataset_with_extra_from_classic_operator', 'dataset_with_extra_by_yield', 'dataset_with_extra_by_context' retrieved from /home/airflow/.local/lib/python3.12/site-packages/airflow/example_dags/example_outlet_event_extra.py
[2024-10-16T11:32:05.661+0000] {logging_mixin.py:190} INFO - [2024-10-16T11:32:05.661+0000] {dag.py:3239} INFO - Sync 3 DAGs
[2024-10-16T11:32:05.688+0000] {logging_mixin.py:190} INFO - [2024-10-16T11:32:05.688+0000] {dag.py:4180} INFO - Setting next_dagrun for dataset_with_extra_by_context to 2024-10-15 00:00:00+00:00, run_after=2024-10-16 00:00:00+00:00
[2024-10-16T11:32:05.694+0000] {logging_mixin.py:190} INFO - [2024-10-16T11:32:05.694+0000] {dag.py:4180} INFO - Setting next_dagrun for dataset_with_extra_by_yield to 2024-10-15 00:00:00+00:00, run_after=2024-10-16 00:00:00+00:00
[2024-10-16T11:32:05.696+0000] {logging_mixin.py:190} INFO - [2024-10-16T11:32:05.696+0000] {dag.py:4180} INFO - Setting next_dagrun for dataset_with_extra_from_classic_operator to 2024-10-15 00:00:00+00:00, run_after=2024-10-16 00:00:00+00:00
[2024-10-16T11:32:05.718+0000] {processor.py:208} INFO - Processing /home/airflow/.local/lib/python3.12/site-packages/airflow/example_dags/example_outlet_event_extra.py took 0.258 seconds
[2024-10-16T11:32:36.378+0000] {processor.py:186} INFO - Started process (PID=125909) to work on /home/airflow/.local/lib/python3.12/site-packages/airflow/example_dags/example_outlet_event_extra.py
[2024-10-16T11:32:36.379+0000] {processor.py:914} INFO - Processing file /home/airflow/.local/lib/python3.12/site-packages/airflow/example_dags/example_outlet_event_extra.py for tasks to queue
[2024-10-16T11:32:36.380+0000] {logging_mixin.py:190} INFO - [2024-10-16T11:32:36.380+0000] {dagbag.py:588} INFO - Filling up the DagBag from /home/airflow/.local/lib/python3.12/site-packages/airflow/example_dags/example_outlet_event_extra.py
[2024-10-16T11:32:36.506+0000] {processor.py:925} INFO - DAG(s) 'dataset_with_extra_by_yield', 'dataset_with_extra_from_classic_operator', 'dataset_with_extra_by_context' retrieved from /home/airflow/.local/lib/python3.12/site-packages/airflow/example_dags/example_outlet_event_extra.py
[2024-10-16T11:32:36.534+0000] {logging_mixin.py:190} INFO - [2024-10-16T11:32:36.534+0000] {dag.py:3239} INFO - Sync 3 DAGs
[2024-10-16T11:32:36.561+0000] {logging_mixin.py:190} INFO - [2024-10-16T11:32:36.561+0000] {dag.py:4180} INFO - Setting next_dagrun for dataset_with_extra_by_context to 2024-10-15 00:00:00+00:00, run_after=2024-10-16 00:00:00+00:00
[2024-10-16T11:32:36.566+0000] {logging_mixin.py:190} INFO - [2024-10-16T11:32:36.566+0000] {dag.py:4180} INFO - Setting next_dagrun for dataset_with_extra_by_yield to 2024-10-15 00:00:00+00:00, run_after=2024-10-16 00:00:00+00:00
[2024-10-16T11:32:36.569+0000] {logging_mixin.py:190} INFO - [2024-10-16T11:32:36.569+0000] {dag.py:4180} INFO - Setting next_dagrun for dataset_with_extra_from_classic_operator to 2024-10-15 00:00:00+00:00, run_after=2024-10-16 00:00:00+00:00
[2024-10-16T11:32:36.601+0000] {processor.py:208} INFO - Processing /home/airflow/.local/lib/python3.12/site-packages/airflow/example_dags/example_outlet_event_extra.py took 0.249 seconds
[2024-10-16T11:33:06.860+0000] {processor.py:186} INFO - Started process (PID=125972) to work on /home/airflow/.local/lib/python3.12/site-packages/airflow/example_dags/example_outlet_event_extra.py
[2024-10-16T11:33:06.861+0000] {processor.py:914} INFO - Processing file /home/airflow/.local/lib/python3.12/site-packages/airflow/example_dags/example_outlet_event_extra.py for tasks to queue
[2024-10-16T11:33:06.862+0000] {logging_mixin.py:190} INFO - [2024-10-16T11:33:06.862+0000] {dagbag.py:588} INFO - Filling up the DagBag from /home/airflow/.local/lib/python3.12/site-packages/airflow/example_dags/example_outlet_event_extra.py
[2024-10-16T11:33:06.986+0000] {processor.py:925} INFO - DAG(s) 'dataset_with_extra_by_yield', 'dataset_with_extra_from_classic_operator', 'dataset_with_extra_by_context' retrieved from /home/airflow/.local/lib/python3.12/site-packages/airflow/example_dags/example_outlet_event_extra.py
[2024-10-16T11:33:07.009+0000] {logging_mixin.py:190} INFO - [2024-10-16T11:33:07.009+0000] {dag.py:3239} INFO - Sync 3 DAGs
[2024-10-16T11:33:07.032+0000] {logging_mixin.py:190} INFO - [2024-10-16T11:33:07.032+0000] {dag.py:4180} INFO - Setting next_dagrun for dataset_with_extra_by_context to 2024-10-15 00:00:00+00:00, run_after=2024-10-16 00:00:00+00:00
[2024-10-16T11:33:07.036+0000] {logging_mixin.py:190} INFO - [2024-10-16T11:33:07.036+0000] {dag.py:4180} INFO - Setting next_dagrun for dataset_with_extra_by_yield to 2024-10-15 00:00:00+00:00, run_after=2024-10-16 00:00:00+00:00
[2024-10-16T11:33:07.039+0000] {logging_mixin.py:190} INFO - [2024-10-16T11:33:07.039+0000] {dag.py:4180} INFO - Setting next_dagrun for dataset_with_extra_from_classic_operator to 2024-10-15 00:00:00+00:00, run_after=2024-10-16 00:00:00+00:00
[2024-10-16T11:33:07.058+0000] {processor.py:208} INFO - Processing /home/airflow/.local/lib/python3.12/site-packages/airflow/example_dags/example_outlet_event_extra.py took 0.204 seconds
[2024-10-16T11:33:37.223+0000] {processor.py:186} INFO - Started process (PID=126035) to work on /home/airflow/.local/lib/python3.12/site-packages/airflow/example_dags/example_outlet_event_extra.py
[2024-10-16T11:33:37.224+0000] {processor.py:914} INFO - Processing file /home/airflow/.local/lib/python3.12/site-packages/airflow/example_dags/example_outlet_event_extra.py for tasks to queue
[2024-10-16T11:33:37.225+0000] {logging_mixin.py:190} INFO - [2024-10-16T11:33:37.225+0000] {dagbag.py:588} INFO - Filling up the DagBag from /home/airflow/.local/lib/python3.12/site-packages/airflow/example_dags/example_outlet_event_extra.py
[2024-10-16T11:33:37.350+0000] {processor.py:925} INFO - DAG(s) 'dataset_with_extra_by_context', 'dataset_with_extra_by_yield', 'dataset_with_extra_from_classic_operator' retrieved from /home/airflow/.local/lib/python3.12/site-packages/airflow/example_dags/example_outlet_event_extra.py
[2024-10-16T11:33:37.374+0000] {logging_mixin.py:190} INFO - [2024-10-16T11:33:37.374+0000] {dag.py:3239} INFO - Sync 3 DAGs
[2024-10-16T11:33:37.400+0000] {logging_mixin.py:190} INFO - [2024-10-16T11:33:37.400+0000] {dag.py:4180} INFO - Setting next_dagrun for dataset_with_extra_by_context to 2024-10-15 00:00:00+00:00, run_after=2024-10-16 00:00:00+00:00
[2024-10-16T11:33:37.405+0000] {logging_mixin.py:190} INFO - [2024-10-16T11:33:37.405+0000] {dag.py:4180} INFO - Setting next_dagrun for dataset_with_extra_by_yield to 2024-10-15 00:00:00+00:00, run_after=2024-10-16 00:00:00+00:00
[2024-10-16T11:33:37.408+0000] {logging_mixin.py:190} INFO - [2024-10-16T11:33:37.408+0000] {dag.py:4180} INFO - Setting next_dagrun for dataset_with_extra_from_classic_operator to 2024-10-15 00:00:00+00:00, run_after=2024-10-16 00:00:00+00:00
[2024-10-16T11:33:37.430+0000] {processor.py:208} INFO - Processing /home/airflow/.local/lib/python3.12/site-packages/airflow/example_dags/example_outlet_event_extra.py took 0.213 seconds
[2024-10-16T11:34:07.710+0000] {processor.py:186} INFO - Started process (PID=126098) to work on /home/airflow/.local/lib/python3.12/site-packages/airflow/example_dags/example_outlet_event_extra.py
[2024-10-16T11:34:07.712+0000] {processor.py:914} INFO - Processing file /home/airflow/.local/lib/python3.12/site-packages/airflow/example_dags/example_outlet_event_extra.py for tasks to queue
[2024-10-16T11:34:07.713+0000] {logging_mixin.py:190} INFO - [2024-10-16T11:34:07.713+0000] {dagbag.py:588} INFO - Filling up the DagBag from /home/airflow/.local/lib/python3.12/site-packages/airflow/example_dags/example_outlet_event_extra.py
[2024-10-16T11:34:07.858+0000] {processor.py:925} INFO - DAG(s) 'dataset_with_extra_by_yield', 'dataset_with_extra_by_context', 'dataset_with_extra_from_classic_operator' retrieved from /home/airflow/.local/lib/python3.12/site-packages/airflow/example_dags/example_outlet_event_extra.py
[2024-10-16T11:34:07.886+0000] {logging_mixin.py:190} INFO - [2024-10-16T11:34:07.886+0000] {dag.py:3239} INFO - Sync 3 DAGs
[2024-10-16T11:34:07.916+0000] {logging_mixin.py:190} INFO - [2024-10-16T11:34:07.915+0000] {dag.py:4180} INFO - Setting next_dagrun for dataset_with_extra_by_context to 2024-10-15 00:00:00+00:00, run_after=2024-10-16 00:00:00+00:00
[2024-10-16T11:34:07.922+0000] {logging_mixin.py:190} INFO - [2024-10-16T11:34:07.922+0000] {dag.py:4180} INFO - Setting next_dagrun for dataset_with_extra_by_yield to 2024-10-15 00:00:00+00:00, run_after=2024-10-16 00:00:00+00:00
[2024-10-16T11:34:07.926+0000] {logging_mixin.py:190} INFO - [2024-10-16T11:34:07.925+0000] {dag.py:4180} INFO - Setting next_dagrun for dataset_with_extra_from_classic_operator to 2024-10-15 00:00:00+00:00, run_after=2024-10-16 00:00:00+00:00
[2024-10-16T11:34:07.951+0000] {processor.py:208} INFO - Processing /home/airflow/.local/lib/python3.12/site-packages/airflow/example_dags/example_outlet_event_extra.py took 0.248 seconds
[2024-10-16T11:34:38.003+0000] {processor.py:186} INFO - Started process (PID=126162) to work on /home/airflow/.local/lib/python3.12/site-packages/airflow/example_dags/example_outlet_event_extra.py
[2024-10-16T11:34:38.003+0000] {processor.py:914} INFO - Processing file /home/airflow/.local/lib/python3.12/site-packages/airflow/example_dags/example_outlet_event_extra.py for tasks to queue
[2024-10-16T11:34:38.004+0000] {logging_mixin.py:190} INFO - [2024-10-16T11:34:38.004+0000] {dagbag.py:588} INFO - Filling up the DagBag from /home/airflow/.local/lib/python3.12/site-packages/airflow/example_dags/example_outlet_event_extra.py
[2024-10-16T11:34:38.130+0000] {processor.py:925} INFO - DAG(s) 'dataset_with_extra_by_context', 'dataset_with_extra_by_yield', 'dataset_with_extra_from_classic_operator' retrieved from /home/airflow/.local/lib/python3.12/site-packages/airflow/example_dags/example_outlet_event_extra.py
[2024-10-16T11:34:38.152+0000] {logging_mixin.py:190} INFO - [2024-10-16T11:34:38.152+0000] {dag.py:3239} INFO - Sync 3 DAGs
[2024-10-16T11:34:38.181+0000] {logging_mixin.py:190} INFO - [2024-10-16T11:34:38.181+0000] {dag.py:4180} INFO - Setting next_dagrun for dataset_with_extra_by_context to 2024-10-15 00:00:00+00:00, run_after=2024-10-16 00:00:00+00:00
[2024-10-16T11:34:38.187+0000] {logging_mixin.py:190} INFO - [2024-10-16T11:34:38.186+0000] {dag.py:4180} INFO - Setting next_dagrun for dataset_with_extra_by_yield to 2024-10-15 00:00:00+00:00, run_after=2024-10-16 00:00:00+00:00
[2024-10-16T11:34:38.189+0000] {logging_mixin.py:190} INFO - [2024-10-16T11:34:38.189+0000] {dag.py:4180} INFO - Setting next_dagrun for dataset_with_extra_from_classic_operator to 2024-10-15 00:00:00+00:00, run_after=2024-10-16 00:00:00+00:00
[2024-10-16T11:34:38.211+0000] {processor.py:208} INFO - Processing /home/airflow/.local/lib/python3.12/site-packages/airflow/example_dags/example_outlet_event_extra.py took 0.214 seconds
[2024-10-16T11:35:08.975+0000] {processor.py:186} INFO - Started process (PID=126225) to work on /home/airflow/.local/lib/python3.12/site-packages/airflow/example_dags/example_outlet_event_extra.py
[2024-10-16T11:35:08.977+0000] {processor.py:914} INFO - Processing file /home/airflow/.local/lib/python3.12/site-packages/airflow/example_dags/example_outlet_event_extra.py for tasks to queue
[2024-10-16T11:35:08.978+0000] {logging_mixin.py:190} INFO - [2024-10-16T11:35:08.978+0000] {dagbag.py:588} INFO - Filling up the DagBag from /home/airflow/.local/lib/python3.12/site-packages/airflow/example_dags/example_outlet_event_extra.py
[2024-10-16T11:35:09.108+0000] {processor.py:925} INFO - DAG(s) 'dataset_with_extra_from_classic_operator', 'dataset_with_extra_by_context', 'dataset_with_extra_by_yield' retrieved from /home/airflow/.local/lib/python3.12/site-packages/airflow/example_dags/example_outlet_event_extra.py
[2024-10-16T11:35:09.132+0000] {logging_mixin.py:190} INFO - [2024-10-16T11:35:09.132+0000] {dag.py:3239} INFO - Sync 3 DAGs
[2024-10-16T11:35:09.156+0000] {logging_mixin.py:190} INFO - [2024-10-16T11:35:09.156+0000] {dag.py:4180} INFO - Setting next_dagrun for dataset_with_extra_by_context to 2024-10-15 00:00:00+00:00, run_after=2024-10-16 00:00:00+00:00
[2024-10-16T11:35:09.162+0000] {logging_mixin.py:190} INFO - [2024-10-16T11:35:09.161+0000] {dag.py:4180} INFO - Setting next_dagrun for dataset_with_extra_by_yield to 2024-10-15 00:00:00+00:00, run_after=2024-10-16 00:00:00+00:00
[2024-10-16T11:35:09.165+0000] {logging_mixin.py:190} INFO - [2024-10-16T11:35:09.164+0000] {dag.py:4180} INFO - Setting next_dagrun for dataset_with_extra_from_classic_operator to 2024-10-15 00:00:00+00:00, run_after=2024-10-16 00:00:00+00:00
[2024-10-16T11:35:09.186+0000] {processor.py:208} INFO - Processing /home/airflow/.local/lib/python3.12/site-packages/airflow/example_dags/example_outlet_event_extra.py took 0.217 seconds
[2024-10-16T11:35:39.489+0000] {processor.py:186} INFO - Started process (PID=126288) to work on /home/airflow/.local/lib/python3.12/site-packages/airflow/example_dags/example_outlet_event_extra.py
[2024-10-16T11:35:39.490+0000] {processor.py:914} INFO - Processing file /home/airflow/.local/lib/python3.12/site-packages/airflow/example_dags/example_outlet_event_extra.py for tasks to queue
[2024-10-16T11:35:39.491+0000] {logging_mixin.py:190} INFO - [2024-10-16T11:35:39.491+0000] {dagbag.py:588} INFO - Filling up the DagBag from /home/airflow/.local/lib/python3.12/site-packages/airflow/example_dags/example_outlet_event_extra.py
[2024-10-16T11:35:39.635+0000] {processor.py:925} INFO - DAG(s) 'dataset_with_extra_from_classic_operator', 'dataset_with_extra_by_context', 'dataset_with_extra_by_yield' retrieved from /home/airflow/.local/lib/python3.12/site-packages/airflow/example_dags/example_outlet_event_extra.py
[2024-10-16T11:35:39.658+0000] {logging_mixin.py:190} INFO - [2024-10-16T11:35:39.658+0000] {dag.py:3239} INFO - Sync 3 DAGs
[2024-10-16T11:35:39.682+0000] {logging_mixin.py:190} INFO - [2024-10-16T11:35:39.681+0000] {dag.py:4180} INFO - Setting next_dagrun for dataset_with_extra_by_context to 2024-10-15 00:00:00+00:00, run_after=2024-10-16 00:00:00+00:00
[2024-10-16T11:35:39.687+0000] {logging_mixin.py:190} INFO - [2024-10-16T11:35:39.687+0000] {dag.py:4180} INFO - Setting next_dagrun for dataset_with_extra_by_yield to 2024-10-15 00:00:00+00:00, run_after=2024-10-16 00:00:00+00:00
[2024-10-16T11:35:39.689+0000] {logging_mixin.py:190} INFO - [2024-10-16T11:35:39.689+0000] {dag.py:4180} INFO - Setting next_dagrun for dataset_with_extra_from_classic_operator to 2024-10-15 00:00:00+00:00, run_after=2024-10-16 00:00:00+00:00
[2024-10-16T11:35:39.709+0000] {processor.py:208} INFO - Processing /home/airflow/.local/lib/python3.12/site-packages/airflow/example_dags/example_outlet_event_extra.py took 0.225 seconds
[2024-10-16T11:36:10.239+0000] {processor.py:186} INFO - Started process (PID=126351) to work on /home/airflow/.local/lib/python3.12/site-packages/airflow/example_dags/example_outlet_event_extra.py
[2024-10-16T11:36:10.241+0000] {processor.py:914} INFO - Processing file /home/airflow/.local/lib/python3.12/site-packages/airflow/example_dags/example_outlet_event_extra.py for tasks to queue
[2024-10-16T11:36:10.242+0000] {logging_mixin.py:190} INFO - [2024-10-16T11:36:10.242+0000] {dagbag.py:588} INFO - Filling up the DagBag from /home/airflow/.local/lib/python3.12/site-packages/airflow/example_dags/example_outlet_event_extra.py
[2024-10-16T11:36:10.366+0000] {processor.py:925} INFO - DAG(s) 'dataset_with_extra_by_context', 'dataset_with_extra_by_yield', 'dataset_with_extra_from_classic_operator' retrieved from /home/airflow/.local/lib/python3.12/site-packages/airflow/example_dags/example_outlet_event_extra.py
[2024-10-16T11:36:10.390+0000] {logging_mixin.py:190} INFO - [2024-10-16T11:36:10.389+0000] {dag.py:3239} INFO - Sync 3 DAGs
[2024-10-16T11:36:10.413+0000] {logging_mixin.py:190} INFO - [2024-10-16T11:36:10.413+0000] {dag.py:4180} INFO - Setting next_dagrun for dataset_with_extra_by_context to 2024-10-15 00:00:00+00:00, run_after=2024-10-16 00:00:00+00:00
[2024-10-16T11:36:10.418+0000] {logging_mixin.py:190} INFO - [2024-10-16T11:36:10.418+0000] {dag.py:4180} INFO - Setting next_dagrun for dataset_with_extra_by_yield to 2024-10-15 00:00:00+00:00, run_after=2024-10-16 00:00:00+00:00
[2024-10-16T11:36:10.421+0000] {logging_mixin.py:190} INFO - [2024-10-16T11:36:10.421+0000] {dag.py:4180} INFO - Setting next_dagrun for dataset_with_extra_from_classic_operator to 2024-10-15 00:00:00+00:00, run_after=2024-10-16 00:00:00+00:00
[2024-10-16T11:36:10.444+0000] {processor.py:208} INFO - Processing /home/airflow/.local/lib/python3.12/site-packages/airflow/example_dags/example_outlet_event_extra.py took 0.212 seconds
[2024-10-16T11:36:40.727+0000] {processor.py:186} INFO - Started process (PID=126415) to work on /home/airflow/.local/lib/python3.12/site-packages/airflow/example_dags/example_outlet_event_extra.py
[2024-10-16T11:36:40.728+0000] {processor.py:914} INFO - Processing file /home/airflow/.local/lib/python3.12/site-packages/airflow/example_dags/example_outlet_event_extra.py for tasks to queue
[2024-10-16T11:36:40.729+0000] {logging_mixin.py:190} INFO - [2024-10-16T11:36:40.729+0000] {dagbag.py:588} INFO - Filling up the DagBag from /home/airflow/.local/lib/python3.12/site-packages/airflow/example_dags/example_outlet_event_extra.py
[2024-10-16T11:36:40.853+0000] {processor.py:925} INFO - DAG(s) 'dataset_with_extra_from_classic_operator', 'dataset_with_extra_by_yield', 'dataset_with_extra_by_context' retrieved from /home/airflow/.local/lib/python3.12/site-packages/airflow/example_dags/example_outlet_event_extra.py
[2024-10-16T11:36:40.878+0000] {logging_mixin.py:190} INFO - [2024-10-16T11:36:40.878+0000] {dag.py:3239} INFO - Sync 3 DAGs
[2024-10-16T11:36:40.902+0000] {logging_mixin.py:190} INFO - [2024-10-16T11:36:40.902+0000] {dag.py:4180} INFO - Setting next_dagrun for dataset_with_extra_by_context to 2024-10-15 00:00:00+00:00, run_after=2024-10-16 00:00:00+00:00
[2024-10-16T11:36:40.908+0000] {logging_mixin.py:190} INFO - [2024-10-16T11:36:40.907+0000] {dag.py:4180} INFO - Setting next_dagrun for dataset_with_extra_by_yield to 2024-10-15 00:00:00+00:00, run_after=2024-10-16 00:00:00+00:00
[2024-10-16T11:36:40.910+0000] {logging_mixin.py:190} INFO - [2024-10-16T11:36:40.910+0000] {dag.py:4180} INFO - Setting next_dagrun for dataset_with_extra_from_classic_operator to 2024-10-15 00:00:00+00:00, run_after=2024-10-16 00:00:00+00:00
[2024-10-16T11:36:40.931+0000] {processor.py:208} INFO - Processing /home/airflow/.local/lib/python3.12/site-packages/airflow/example_dags/example_outlet_event_extra.py took 0.209 seconds
[2024-10-16T11:37:11.164+0000] {processor.py:186} INFO - Started process (PID=126478) to work on /home/airflow/.local/lib/python3.12/site-packages/airflow/example_dags/example_outlet_event_extra.py
[2024-10-16T11:37:11.165+0000] {processor.py:914} INFO - Processing file /home/airflow/.local/lib/python3.12/site-packages/airflow/example_dags/example_outlet_event_extra.py for tasks to queue
[2024-10-16T11:37:11.166+0000] {logging_mixin.py:190} INFO - [2024-10-16T11:37:11.166+0000] {dagbag.py:588} INFO - Filling up the DagBag from /home/airflow/.local/lib/python3.12/site-packages/airflow/example_dags/example_outlet_event_extra.py
[2024-10-16T11:37:11.309+0000] {processor.py:925} INFO - DAG(s) 'dataset_with_extra_from_classic_operator', 'dataset_with_extra_by_yield', 'dataset_with_extra_by_context' retrieved from /home/airflow/.local/lib/python3.12/site-packages/airflow/example_dags/example_outlet_event_extra.py
[2024-10-16T11:37:11.331+0000] {logging_mixin.py:190} INFO - [2024-10-16T11:37:11.331+0000] {dag.py:3239} INFO - Sync 3 DAGs
[2024-10-16T11:37:11.360+0000] {logging_mixin.py:190} INFO - [2024-10-16T11:37:11.360+0000] {dag.py:4180} INFO - Setting next_dagrun for dataset_with_extra_by_context to 2024-10-15 00:00:00+00:00, run_after=2024-10-16 00:00:00+00:00
[2024-10-16T11:37:11.365+0000] {logging_mixin.py:190} INFO - [2024-10-16T11:37:11.365+0000] {dag.py:4180} INFO - Setting next_dagrun for dataset_with_extra_by_yield to 2024-10-15 00:00:00+00:00, run_after=2024-10-16 00:00:00+00:00
[2024-10-16T11:37:11.367+0000] {logging_mixin.py:190} INFO - [2024-10-16T11:37:11.367+0000] {dag.py:4180} INFO - Setting next_dagrun for dataset_with_extra_from_classic_operator to 2024-10-15 00:00:00+00:00, run_after=2024-10-16 00:00:00+00:00
[2024-10-16T11:37:11.388+0000] {processor.py:208} INFO - Processing /home/airflow/.local/lib/python3.12/site-packages/airflow/example_dags/example_outlet_event_extra.py took 0.229 seconds
[2024-10-16T11:37:41.661+0000] {processor.py:186} INFO - Started process (PID=126541) to work on /home/airflow/.local/lib/python3.12/site-packages/airflow/example_dags/example_outlet_event_extra.py
[2024-10-16T11:37:41.662+0000] {processor.py:914} INFO - Processing file /home/airflow/.local/lib/python3.12/site-packages/airflow/example_dags/example_outlet_event_extra.py for tasks to queue
[2024-10-16T11:37:41.664+0000] {logging_mixin.py:190} INFO - [2024-10-16T11:37:41.663+0000] {dagbag.py:588} INFO - Filling up the DagBag from /home/airflow/.local/lib/python3.12/site-packages/airflow/example_dags/example_outlet_event_extra.py
[2024-10-16T11:37:41.807+0000] {processor.py:925} INFO - DAG(s) 'dataset_with_extra_from_classic_operator', 'dataset_with_extra_by_yield', 'dataset_with_extra_by_context' retrieved from /home/airflow/.local/lib/python3.12/site-packages/airflow/example_dags/example_outlet_event_extra.py
[2024-10-16T11:37:41.848+0000] {logging_mixin.py:190} INFO - [2024-10-16T11:37:41.847+0000] {dag.py:3239} INFO - Sync 3 DAGs
[2024-10-16T11:37:41.925+0000] {logging_mixin.py:190} INFO - [2024-10-16T11:37:41.925+0000] {dag.py:4180} INFO - Setting next_dagrun for dataset_with_extra_by_context to 2024-10-15 00:00:00+00:00, run_after=2024-10-16 00:00:00+00:00
[2024-10-16T11:37:41.934+0000] {logging_mixin.py:190} INFO - [2024-10-16T11:37:41.934+0000] {dag.py:4180} INFO - Setting next_dagrun for dataset_with_extra_by_yield to 2024-10-15 00:00:00+00:00, run_after=2024-10-16 00:00:00+00:00
[2024-10-16T11:37:41.939+0000] {logging_mixin.py:190} INFO - [2024-10-16T11:37:41.938+0000] {dag.py:4180} INFO - Setting next_dagrun for dataset_with_extra_from_classic_operator to 2024-10-15 00:00:00+00:00, run_after=2024-10-16 00:00:00+00:00
[2024-10-16T11:37:41.992+0000] {processor.py:208} INFO - Processing /home/airflow/.local/lib/python3.12/site-packages/airflow/example_dags/example_outlet_event_extra.py took 0.337 seconds
[2024-10-16T11:38:12.202+0000] {processor.py:186} INFO - Started process (PID=126604) to work on /home/airflow/.local/lib/python3.12/site-packages/airflow/example_dags/example_outlet_event_extra.py
[2024-10-16T11:38:12.204+0000] {processor.py:914} INFO - Processing file /home/airflow/.local/lib/python3.12/site-packages/airflow/example_dags/example_outlet_event_extra.py for tasks to queue
[2024-10-16T11:38:12.208+0000] {logging_mixin.py:190} INFO - [2024-10-16T11:38:12.207+0000] {dagbag.py:588} INFO - Filling up the DagBag from /home/airflow/.local/lib/python3.12/site-packages/airflow/example_dags/example_outlet_event_extra.py
[2024-10-16T11:38:12.452+0000] {processor.py:925} INFO - DAG(s) 'dataset_with_extra_from_classic_operator', 'dataset_with_extra_by_context', 'dataset_with_extra_by_yield' retrieved from /home/airflow/.local/lib/python3.12/site-packages/airflow/example_dags/example_outlet_event_extra.py
[2024-10-16T11:38:12.483+0000] {logging_mixin.py:190} INFO - [2024-10-16T11:38:12.483+0000] {dag.py:3239} INFO - Sync 3 DAGs
[2024-10-16T11:38:12.516+0000] {logging_mixin.py:190} INFO - [2024-10-16T11:38:12.516+0000] {dag.py:4180} INFO - Setting next_dagrun for dataset_with_extra_by_context to 2024-10-15 00:00:00+00:00, run_after=2024-10-16 00:00:00+00:00
[2024-10-16T11:38:12.522+0000] {logging_mixin.py:190} INFO - [2024-10-16T11:38:12.522+0000] {dag.py:4180} INFO - Setting next_dagrun for dataset_with_extra_by_yield to 2024-10-15 00:00:00+00:00, run_after=2024-10-16 00:00:00+00:00
[2024-10-16T11:38:12.526+0000] {logging_mixin.py:190} INFO - [2024-10-16T11:38:12.526+0000] {dag.py:4180} INFO - Setting next_dagrun for dataset_with_extra_from_classic_operator to 2024-10-15 00:00:00+00:00, run_after=2024-10-16 00:00:00+00:00
[2024-10-16T11:38:12.551+0000] {processor.py:208} INFO - Processing /home/airflow/.local/lib/python3.12/site-packages/airflow/example_dags/example_outlet_event_extra.py took 0.370 seconds
[2024-10-16T11:38:42.619+0000] {processor.py:186} INFO - Started process (PID=126668) to work on /home/airflow/.local/lib/python3.12/site-packages/airflow/example_dags/example_outlet_event_extra.py
[2024-10-16T11:38:42.620+0000] {processor.py:914} INFO - Processing file /home/airflow/.local/lib/python3.12/site-packages/airflow/example_dags/example_outlet_event_extra.py for tasks to queue
[2024-10-16T11:38:42.622+0000] {logging_mixin.py:190} INFO - [2024-10-16T11:38:42.622+0000] {dagbag.py:588} INFO - Filling up the DagBag from /home/airflow/.local/lib/python3.12/site-packages/airflow/example_dags/example_outlet_event_extra.py
[2024-10-16T11:38:42.843+0000] {processor.py:925} INFO - DAG(s) 'dataset_with_extra_from_classic_operator', 'dataset_with_extra_by_context', 'dataset_with_extra_by_yield' retrieved from /home/airflow/.local/lib/python3.12/site-packages/airflow/example_dags/example_outlet_event_extra.py
[2024-10-16T11:38:42.871+0000] {logging_mixin.py:190} INFO - [2024-10-16T11:38:42.871+0000] {dag.py:3239} INFO - Sync 3 DAGs
[2024-10-16T11:38:42.917+0000] {logging_mixin.py:190} INFO - [2024-10-16T11:38:42.917+0000] {dag.py:4180} INFO - Setting next_dagrun for dataset_with_extra_by_context to 2024-10-15 00:00:00+00:00, run_after=2024-10-16 00:00:00+00:00
[2024-10-16T11:38:42.925+0000] {logging_mixin.py:190} INFO - [2024-10-16T11:38:42.924+0000] {dag.py:4180} INFO - Setting next_dagrun for dataset_with_extra_by_yield to 2024-10-15 00:00:00+00:00, run_after=2024-10-16 00:00:00+00:00
[2024-10-16T11:38:42.928+0000] {logging_mixin.py:190} INFO - [2024-10-16T11:38:42.928+0000] {dag.py:4180} INFO - Setting next_dagrun for dataset_with_extra_from_classic_operator to 2024-10-15 00:00:00+00:00, run_after=2024-10-16 00:00:00+00:00
[2024-10-16T11:38:42.960+0000] {processor.py:208} INFO - Processing /home/airflow/.local/lib/python3.12/site-packages/airflow/example_dags/example_outlet_event_extra.py took 0.348 seconds
[2024-10-16T11:39:13.584+0000] {processor.py:186} INFO - Started process (PID=126730) to work on /home/airflow/.local/lib/python3.12/site-packages/airflow/example_dags/example_outlet_event_extra.py
[2024-10-16T11:39:13.585+0000] {processor.py:914} INFO - Processing file /home/airflow/.local/lib/python3.12/site-packages/airflow/example_dags/example_outlet_event_extra.py for tasks to queue
[2024-10-16T11:39:13.587+0000] {logging_mixin.py:190} INFO - [2024-10-16T11:39:13.586+0000] {dagbag.py:588} INFO - Filling up the DagBag from /home/airflow/.local/lib/python3.12/site-packages/airflow/example_dags/example_outlet_event_extra.py
[2024-10-16T11:39:13.742+0000] {processor.py:925} INFO - DAG(s) 'dataset_with_extra_by_yield', 'dataset_with_extra_by_context', 'dataset_with_extra_from_classic_operator' retrieved from /home/airflow/.local/lib/python3.12/site-packages/airflow/example_dags/example_outlet_event_extra.py
[2024-10-16T11:39:13.767+0000] {logging_mixin.py:190} INFO - [2024-10-16T11:39:13.767+0000] {dag.py:3239} INFO - Sync 3 DAGs
[2024-10-16T11:39:13.802+0000] {logging_mixin.py:190} INFO - [2024-10-16T11:39:13.802+0000] {dag.py:4180} INFO - Setting next_dagrun for dataset_with_extra_by_context to 2024-10-15 00:00:00+00:00, run_after=2024-10-16 00:00:00+00:00
[2024-10-16T11:39:13.807+0000] {logging_mixin.py:190} INFO - [2024-10-16T11:39:13.807+0000] {dag.py:4180} INFO - Setting next_dagrun for dataset_with_extra_by_yield to 2024-10-15 00:00:00+00:00, run_after=2024-10-16 00:00:00+00:00
[2024-10-16T11:39:13.813+0000] {logging_mixin.py:190} INFO - [2024-10-16T11:39:13.813+0000] {dag.py:4180} INFO - Setting next_dagrun for dataset_with_extra_from_classic_operator to 2024-10-15 00:00:00+00:00, run_after=2024-10-16 00:00:00+00:00
[2024-10-16T11:39:13.848+0000] {processor.py:208} INFO - Processing /home/airflow/.local/lib/python3.12/site-packages/airflow/example_dags/example_outlet_event_extra.py took 0.271 seconds
[2024-10-16T11:39:44.463+0000] {processor.py:186} INFO - Started process (PID=126799) to work on /home/airflow/.local/lib/python3.12/site-packages/airflow/example_dags/example_outlet_event_extra.py
[2024-10-16T11:39:44.464+0000] {processor.py:914} INFO - Processing file /home/airflow/.local/lib/python3.12/site-packages/airflow/example_dags/example_outlet_event_extra.py for tasks to queue
[2024-10-16T11:39:44.466+0000] {logging_mixin.py:190} INFO - [2024-10-16T11:39:44.465+0000] {dagbag.py:588} INFO - Filling up the DagBag from /home/airflow/.local/lib/python3.12/site-packages/airflow/example_dags/example_outlet_event_extra.py
[2024-10-16T11:39:44.615+0000] {processor.py:925} INFO - DAG(s) 'dataset_with_extra_from_classic_operator', 'dataset_with_extra_by_yield', 'dataset_with_extra_by_context' retrieved from /home/airflow/.local/lib/python3.12/site-packages/airflow/example_dags/example_outlet_event_extra.py
[2024-10-16T11:39:44.646+0000] {logging_mixin.py:190} INFO - [2024-10-16T11:39:44.646+0000] {dag.py:3239} INFO - Sync 3 DAGs
[2024-10-16T11:39:44.675+0000] {logging_mixin.py:190} INFO - [2024-10-16T11:39:44.675+0000] {dag.py:4180} INFO - Setting next_dagrun for dataset_with_extra_by_context to 2024-10-15 00:00:00+00:00, run_after=2024-10-16 00:00:00+00:00
[2024-10-16T11:39:44.681+0000] {logging_mixin.py:190} INFO - [2024-10-16T11:39:44.681+0000] {dag.py:4180} INFO - Setting next_dagrun for dataset_with_extra_by_yield to 2024-10-15 00:00:00+00:00, run_after=2024-10-16 00:00:00+00:00
[2024-10-16T11:39:44.684+0000] {logging_mixin.py:190} INFO - [2024-10-16T11:39:44.683+0000] {dag.py:4180} INFO - Setting next_dagrun for dataset_with_extra_from_classic_operator to 2024-10-15 00:00:00+00:00, run_after=2024-10-16 00:00:00+00:00
[2024-10-16T11:39:44.708+0000] {processor.py:208} INFO - Processing /home/airflow/.local/lib/python3.12/site-packages/airflow/example_dags/example_outlet_event_extra.py took 0.252 seconds
[2024-10-16T11:40:15.263+0000] {processor.py:186} INFO - Started process (PID=126861) to work on /home/airflow/.local/lib/python3.12/site-packages/airflow/example_dags/example_outlet_event_extra.py
[2024-10-16T11:40:15.264+0000] {processor.py:914} INFO - Processing file /home/airflow/.local/lib/python3.12/site-packages/airflow/example_dags/example_outlet_event_extra.py for tasks to queue
[2024-10-16T11:40:15.266+0000] {logging_mixin.py:190} INFO - [2024-10-16T11:40:15.266+0000] {dagbag.py:588} INFO - Filling up the DagBag from /home/airflow/.local/lib/python3.12/site-packages/airflow/example_dags/example_outlet_event_extra.py
[2024-10-16T11:40:15.422+0000] {processor.py:925} INFO - DAG(s) 'dataset_with_extra_by_yield', 'dataset_with_extra_from_classic_operator', 'dataset_with_extra_by_context' retrieved from /home/airflow/.local/lib/python3.12/site-packages/airflow/example_dags/example_outlet_event_extra.py
[2024-10-16T11:40:15.449+0000] {logging_mixin.py:190} INFO - [2024-10-16T11:40:15.449+0000] {dag.py:3239} INFO - Sync 3 DAGs
[2024-10-16T11:40:15.484+0000] {logging_mixin.py:190} INFO - [2024-10-16T11:40:15.483+0000] {dag.py:4180} INFO - Setting next_dagrun for dataset_with_extra_by_context to 2024-10-15 00:00:00+00:00, run_after=2024-10-16 00:00:00+00:00
[2024-10-16T11:40:15.490+0000] {logging_mixin.py:190} INFO - [2024-10-16T11:40:15.489+0000] {dag.py:4180} INFO - Setting next_dagrun for dataset_with_extra_by_yield to 2024-10-15 00:00:00+00:00, run_after=2024-10-16 00:00:00+00:00
[2024-10-16T11:40:15.492+0000] {logging_mixin.py:190} INFO - [2024-10-16T11:40:15.492+0000] {dag.py:4180} INFO - Setting next_dagrun for dataset_with_extra_from_classic_operator to 2024-10-15 00:00:00+00:00, run_after=2024-10-16 00:00:00+00:00
[2024-10-16T11:40:15.516+0000] {processor.py:208} INFO - Processing /home/airflow/.local/lib/python3.12/site-packages/airflow/example_dags/example_outlet_event_extra.py took 0.261 seconds
[2024-10-16T11:40:45.669+0000] {processor.py:186} INFO - Started process (PID=126924) to work on /home/airflow/.local/lib/python3.12/site-packages/airflow/example_dags/example_outlet_event_extra.py
[2024-10-16T11:40:45.670+0000] {processor.py:914} INFO - Processing file /home/airflow/.local/lib/python3.12/site-packages/airflow/example_dags/example_outlet_event_extra.py for tasks to queue
[2024-10-16T11:40:45.671+0000] {logging_mixin.py:190} INFO - [2024-10-16T11:40:45.671+0000] {dagbag.py:588} INFO - Filling up the DagBag from /home/airflow/.local/lib/python3.12/site-packages/airflow/example_dags/example_outlet_event_extra.py
[2024-10-16T11:40:45.815+0000] {processor.py:925} INFO - DAG(s) 'dataset_with_extra_by_yield', 'dataset_with_extra_from_classic_operator', 'dataset_with_extra_by_context' retrieved from /home/airflow/.local/lib/python3.12/site-packages/airflow/example_dags/example_outlet_event_extra.py
[2024-10-16T11:40:45.840+0000] {logging_mixin.py:190} INFO - [2024-10-16T11:40:45.840+0000] {dag.py:3239} INFO - Sync 3 DAGs
[2024-10-16T11:40:45.866+0000] {logging_mixin.py:190} INFO - [2024-10-16T11:40:45.866+0000] {dag.py:4180} INFO - Setting next_dagrun for dataset_with_extra_by_context to 2024-10-15 00:00:00+00:00, run_after=2024-10-16 00:00:00+00:00
[2024-10-16T11:40:45.871+0000] {logging_mixin.py:190} INFO - [2024-10-16T11:40:45.871+0000] {dag.py:4180} INFO - Setting next_dagrun for dataset_with_extra_by_yield to 2024-10-15 00:00:00+00:00, run_after=2024-10-16 00:00:00+00:00
[2024-10-16T11:40:45.874+0000] {logging_mixin.py:190} INFO - [2024-10-16T11:40:45.874+0000] {dag.py:4180} INFO - Setting next_dagrun for dataset_with_extra_from_classic_operator to 2024-10-15 00:00:00+00:00, run_after=2024-10-16 00:00:00+00:00
[2024-10-16T11:40:45.898+0000] {processor.py:208} INFO - Processing /home/airflow/.local/lib/python3.12/site-packages/airflow/example_dags/example_outlet_event_extra.py took 0.237 seconds
[2024-10-16T11:41:16.047+0000] {processor.py:186} INFO - Started process (PID=126987) to work on /home/airflow/.local/lib/python3.12/site-packages/airflow/example_dags/example_outlet_event_extra.py
[2024-10-16T11:41:16.049+0000] {processor.py:914} INFO - Processing file /home/airflow/.local/lib/python3.12/site-packages/airflow/example_dags/example_outlet_event_extra.py for tasks to queue
[2024-10-16T11:41:16.051+0000] {logging_mixin.py:190} INFO - [2024-10-16T11:41:16.051+0000] {dagbag.py:588} INFO - Filling up the DagBag from /home/airflow/.local/lib/python3.12/site-packages/airflow/example_dags/example_outlet_event_extra.py
[2024-10-16T11:41:16.208+0000] {processor.py:925} INFO - DAG(s) 'dataset_with_extra_from_classic_operator', 'dataset_with_extra_by_yield', 'dataset_with_extra_by_context' retrieved from /home/airflow/.local/lib/python3.12/site-packages/airflow/example_dags/example_outlet_event_extra.py
[2024-10-16T11:41:16.233+0000] {logging_mixin.py:190} INFO - [2024-10-16T11:41:16.233+0000] {dag.py:3239} INFO - Sync 3 DAGs
[2024-10-16T11:41:16.260+0000] {logging_mixin.py:190} INFO - [2024-10-16T11:41:16.260+0000] {dag.py:4180} INFO - Setting next_dagrun for dataset_with_extra_by_context to 2024-10-15 00:00:00+00:00, run_after=2024-10-16 00:00:00+00:00
[2024-10-16T11:41:16.265+0000] {logging_mixin.py:190} INFO - [2024-10-16T11:41:16.265+0000] {dag.py:4180} INFO - Setting next_dagrun for dataset_with_extra_by_yield to 2024-10-15 00:00:00+00:00, run_after=2024-10-16 00:00:00+00:00
[2024-10-16T11:41:16.268+0000] {logging_mixin.py:190} INFO - [2024-10-16T11:41:16.268+0000] {dag.py:4180} INFO - Setting next_dagrun for dataset_with_extra_from_classic_operator to 2024-10-15 00:00:00+00:00, run_after=2024-10-16 00:00:00+00:00
[2024-10-16T11:41:16.291+0000] {processor.py:208} INFO - Processing /home/airflow/.local/lib/python3.12/site-packages/airflow/example_dags/example_outlet_event_extra.py took 0.250 seconds
[2024-10-16T11:41:47.011+0000] {processor.py:186} INFO - Started process (PID=127050) to work on /home/airflow/.local/lib/python3.12/site-packages/airflow/example_dags/example_outlet_event_extra.py
[2024-10-16T11:41:47.012+0000] {processor.py:914} INFO - Processing file /home/airflow/.local/lib/python3.12/site-packages/airflow/example_dags/example_outlet_event_extra.py for tasks to queue
[2024-10-16T11:41:47.013+0000] {logging_mixin.py:190} INFO - [2024-10-16T11:41:47.013+0000] {dagbag.py:588} INFO - Filling up the DagBag from /home/airflow/.local/lib/python3.12/site-packages/airflow/example_dags/example_outlet_event_extra.py
[2024-10-16T11:41:47.158+0000] {processor.py:925} INFO - DAG(s) 'dataset_with_extra_by_context', 'dataset_with_extra_by_yield', 'dataset_with_extra_from_classic_operator' retrieved from /home/airflow/.local/lib/python3.12/site-packages/airflow/example_dags/example_outlet_event_extra.py
[2024-10-16T11:41:47.183+0000] {logging_mixin.py:190} INFO - [2024-10-16T11:41:47.183+0000] {dag.py:3239} INFO - Sync 3 DAGs
[2024-10-16T11:41:47.211+0000] {logging_mixin.py:190} INFO - [2024-10-16T11:41:47.211+0000] {dag.py:4180} INFO - Setting next_dagrun for dataset_with_extra_by_context to 2024-10-15 00:00:00+00:00, run_after=2024-10-16 00:00:00+00:00
[2024-10-16T11:41:47.216+0000] {logging_mixin.py:190} INFO - [2024-10-16T11:41:47.216+0000] {dag.py:4180} INFO - Setting next_dagrun for dataset_with_extra_by_yield to 2024-10-15 00:00:00+00:00, run_after=2024-10-16 00:00:00+00:00
[2024-10-16T11:41:47.219+0000] {logging_mixin.py:190} INFO - [2024-10-16T11:41:47.219+0000] {dag.py:4180} INFO - Setting next_dagrun for dataset_with_extra_from_classic_operator to 2024-10-15 00:00:00+00:00, run_after=2024-10-16 00:00:00+00:00
[2024-10-16T11:41:47.243+0000] {processor.py:208} INFO - Processing /home/airflow/.local/lib/python3.12/site-packages/airflow/example_dags/example_outlet_event_extra.py took 0.239 seconds
[2024-10-16T11:42:18.043+0000] {processor.py:186} INFO - Started process (PID=127113) to work on /home/airflow/.local/lib/python3.12/site-packages/airflow/example_dags/example_outlet_event_extra.py
[2024-10-16T11:42:18.044+0000] {processor.py:914} INFO - Processing file /home/airflow/.local/lib/python3.12/site-packages/airflow/example_dags/example_outlet_event_extra.py for tasks to queue
[2024-10-16T11:42:18.046+0000] {logging_mixin.py:190} INFO - [2024-10-16T11:42:18.045+0000] {dagbag.py:588} INFO - Filling up the DagBag from /home/airflow/.local/lib/python3.12/site-packages/airflow/example_dags/example_outlet_event_extra.py
[2024-10-16T11:42:18.205+0000] {processor.py:925} INFO - DAG(s) 'dataset_with_extra_by_yield', 'dataset_with_extra_by_context', 'dataset_with_extra_from_classic_operator' retrieved from /home/airflow/.local/lib/python3.12/site-packages/airflow/example_dags/example_outlet_event_extra.py
[2024-10-16T11:42:18.231+0000] {logging_mixin.py:190} INFO - [2024-10-16T11:42:18.231+0000] {dag.py:3239} INFO - Sync 3 DAGs
[2024-10-16T11:42:18.258+0000] {logging_mixin.py:190} INFO - [2024-10-16T11:42:18.258+0000] {dag.py:4180} INFO - Setting next_dagrun for dataset_with_extra_by_context to 2024-10-15 00:00:00+00:00, run_after=2024-10-16 00:00:00+00:00
[2024-10-16T11:42:18.263+0000] {logging_mixin.py:190} INFO - [2024-10-16T11:42:18.263+0000] {dag.py:4180} INFO - Setting next_dagrun for dataset_with_extra_by_yield to 2024-10-15 00:00:00+00:00, run_after=2024-10-16 00:00:00+00:00
[2024-10-16T11:42:18.266+0000] {logging_mixin.py:190} INFO - [2024-10-16T11:42:18.266+0000] {dag.py:4180} INFO - Setting next_dagrun for dataset_with_extra_from_classic_operator to 2024-10-15 00:00:00+00:00, run_after=2024-10-16 00:00:00+00:00
[2024-10-16T11:42:18.289+0000] {processor.py:208} INFO - Processing /home/airflow/.local/lib/python3.12/site-packages/airflow/example_dags/example_outlet_event_extra.py took 0.253 seconds
[2024-10-16T11:42:48.610+0000] {processor.py:186} INFO - Started process (PID=127176) to work on /home/airflow/.local/lib/python3.12/site-packages/airflow/example_dags/example_outlet_event_extra.py
[2024-10-16T11:42:48.611+0000] {processor.py:914} INFO - Processing file /home/airflow/.local/lib/python3.12/site-packages/airflow/example_dags/example_outlet_event_extra.py for tasks to queue
[2024-10-16T11:42:48.612+0000] {logging_mixin.py:190} INFO - [2024-10-16T11:42:48.612+0000] {dagbag.py:588} INFO - Filling up the DagBag from /home/airflow/.local/lib/python3.12/site-packages/airflow/example_dags/example_outlet_event_extra.py
[2024-10-16T11:42:48.783+0000] {processor.py:925} INFO - DAG(s) 'dataset_with_extra_from_classic_operator', 'dataset_with_extra_by_context', 'dataset_with_extra_by_yield' retrieved from /home/airflow/.local/lib/python3.12/site-packages/airflow/example_dags/example_outlet_event_extra.py
[2024-10-16T11:42:48.822+0000] {logging_mixin.py:190} INFO - [2024-10-16T11:42:48.822+0000] {dag.py:3239} INFO - Sync 3 DAGs
[2024-10-16T11:42:48.854+0000] {logging_mixin.py:190} INFO - [2024-10-16T11:42:48.854+0000] {dag.py:4180} INFO - Setting next_dagrun for dataset_with_extra_by_context to 2024-10-15 00:00:00+00:00, run_after=2024-10-16 00:00:00+00:00
[2024-10-16T11:42:48.861+0000] {logging_mixin.py:190} INFO - [2024-10-16T11:42:48.861+0000] {dag.py:4180} INFO - Setting next_dagrun for dataset_with_extra_by_yield to 2024-10-15 00:00:00+00:00, run_after=2024-10-16 00:00:00+00:00
[2024-10-16T11:42:48.865+0000] {logging_mixin.py:190} INFO - [2024-10-16T11:42:48.865+0000] {dag.py:4180} INFO - Setting next_dagrun for dataset_with_extra_from_classic_operator to 2024-10-15 00:00:00+00:00, run_after=2024-10-16 00:00:00+00:00
[2024-10-16T11:42:48.892+0000] {processor.py:208} INFO - Processing /home/airflow/.local/lib/python3.12/site-packages/airflow/example_dags/example_outlet_event_extra.py took 0.290 seconds
[2024-10-16T11:43:18.939+0000] {processor.py:186} INFO - Started process (PID=127239) to work on /home/airflow/.local/lib/python3.12/site-packages/airflow/example_dags/example_outlet_event_extra.py
[2024-10-16T11:43:18.940+0000] {processor.py:914} INFO - Processing file /home/airflow/.local/lib/python3.12/site-packages/airflow/example_dags/example_outlet_event_extra.py for tasks to queue
[2024-10-16T11:43:18.942+0000] {logging_mixin.py:190} INFO - [2024-10-16T11:43:18.941+0000] {dagbag.py:588} INFO - Filling up the DagBag from /home/airflow/.local/lib/python3.12/site-packages/airflow/example_dags/example_outlet_event_extra.py
[2024-10-16T11:43:19.102+0000] {processor.py:925} INFO - DAG(s) 'dataset_with_extra_by_context', 'dataset_with_extra_by_yield', 'dataset_with_extra_from_classic_operator' retrieved from /home/airflow/.local/lib/python3.12/site-packages/airflow/example_dags/example_outlet_event_extra.py
[2024-10-16T11:43:19.130+0000] {logging_mixin.py:190} INFO - [2024-10-16T11:43:19.130+0000] {dag.py:3239} INFO - Sync 3 DAGs
[2024-10-16T11:43:19.159+0000] {logging_mixin.py:190} INFO - [2024-10-16T11:43:19.159+0000] {dag.py:4180} INFO - Setting next_dagrun for dataset_with_extra_by_context to 2024-10-15 00:00:00+00:00, run_after=2024-10-16 00:00:00+00:00
[2024-10-16T11:43:19.164+0000] {logging_mixin.py:190} INFO - [2024-10-16T11:43:19.164+0000] {dag.py:4180} INFO - Setting next_dagrun for dataset_with_extra_by_yield to 2024-10-15 00:00:00+00:00, run_after=2024-10-16 00:00:00+00:00
[2024-10-16T11:43:19.167+0000] {logging_mixin.py:190} INFO - [2024-10-16T11:43:19.167+0000] {dag.py:4180} INFO - Setting next_dagrun for dataset_with_extra_from_classic_operator to 2024-10-15 00:00:00+00:00, run_after=2024-10-16 00:00:00+00:00
[2024-10-16T11:43:19.190+0000] {processor.py:208} INFO - Processing /home/airflow/.local/lib/python3.12/site-packages/airflow/example_dags/example_outlet_event_extra.py took 0.258 seconds
[2024-10-16T11:43:49.525+0000] {processor.py:186} INFO - Started process (PID=127302) to work on /home/airflow/.local/lib/python3.12/site-packages/airflow/example_dags/example_outlet_event_extra.py
[2024-10-16T11:43:49.527+0000] {processor.py:914} INFO - Processing file /home/airflow/.local/lib/python3.12/site-packages/airflow/example_dags/example_outlet_event_extra.py for tasks to queue
[2024-10-16T11:43:49.528+0000] {logging_mixin.py:190} INFO - [2024-10-16T11:43:49.528+0000] {dagbag.py:588} INFO - Filling up the DagBag from /home/airflow/.local/lib/python3.12/site-packages/airflow/example_dags/example_outlet_event_extra.py
[2024-10-16T11:43:49.676+0000] {processor.py:925} INFO - DAG(s) 'dataset_with_extra_by_context', 'dataset_with_extra_from_classic_operator', 'dataset_with_extra_by_yield' retrieved from /home/airflow/.local/lib/python3.12/site-packages/airflow/example_dags/example_outlet_event_extra.py
[2024-10-16T11:43:49.703+0000] {logging_mixin.py:190} INFO - [2024-10-16T11:43:49.703+0000] {dag.py:3239} INFO - Sync 3 DAGs
[2024-10-16T11:43:49.737+0000] {logging_mixin.py:190} INFO - [2024-10-16T11:43:49.737+0000] {dag.py:4180} INFO - Setting next_dagrun for dataset_with_extra_by_context to 2024-10-15 00:00:00+00:00, run_after=2024-10-16 00:00:00+00:00
[2024-10-16T11:43:49.743+0000] {logging_mixin.py:190} INFO - [2024-10-16T11:43:49.742+0000] {dag.py:4180} INFO - Setting next_dagrun for dataset_with_extra_by_yield to 2024-10-15 00:00:00+00:00, run_after=2024-10-16 00:00:00+00:00
[2024-10-16T11:43:49.745+0000] {logging_mixin.py:190} INFO - [2024-10-16T11:43:49.745+0000] {dag.py:4180} INFO - Setting next_dagrun for dataset_with_extra_from_classic_operator to 2024-10-15 00:00:00+00:00, run_after=2024-10-16 00:00:00+00:00
[2024-10-16T11:43:49.768+0000] {processor.py:208} INFO - Processing /home/airflow/.local/lib/python3.12/site-packages/airflow/example_dags/example_outlet_event_extra.py took 0.250 seconds
[2024-10-16T11:44:20.314+0000] {processor.py:186} INFO - Started process (PID=127366) to work on /home/airflow/.local/lib/python3.12/site-packages/airflow/example_dags/example_outlet_event_extra.py
[2024-10-16T11:44:20.315+0000] {processor.py:914} INFO - Processing file /home/airflow/.local/lib/python3.12/site-packages/airflow/example_dags/example_outlet_event_extra.py for tasks to queue
[2024-10-16T11:44:20.317+0000] {logging_mixin.py:190} INFO - [2024-10-16T11:44:20.316+0000] {dagbag.py:588} INFO - Filling up the DagBag from /home/airflow/.local/lib/python3.12/site-packages/airflow/example_dags/example_outlet_event_extra.py
[2024-10-16T11:44:20.470+0000] {processor.py:925} INFO - DAG(s) 'dataset_with_extra_from_classic_operator', 'dataset_with_extra_by_yield', 'dataset_with_extra_by_context' retrieved from /home/airflow/.local/lib/python3.12/site-packages/airflow/example_dags/example_outlet_event_extra.py
[2024-10-16T11:44:20.497+0000] {logging_mixin.py:190} INFO - [2024-10-16T11:44:20.496+0000] {dag.py:3239} INFO - Sync 3 DAGs
[2024-10-16T11:44:20.704+0000] {logging_mixin.py:190} INFO - [2024-10-16T11:44:20.704+0000] {dag.py:4180} INFO - Setting next_dagrun for dataset_with_extra_by_context to 2024-10-15 00:00:00+00:00, run_after=2024-10-16 00:00:00+00:00
[2024-10-16T11:44:20.710+0000] {logging_mixin.py:190} INFO - [2024-10-16T11:44:20.710+0000] {dag.py:4180} INFO - Setting next_dagrun for dataset_with_extra_by_yield to 2024-10-15 00:00:00+00:00, run_after=2024-10-16 00:00:00+00:00
[2024-10-16T11:44:20.714+0000] {logging_mixin.py:190} INFO - [2024-10-16T11:44:20.713+0000] {dag.py:4180} INFO - Setting next_dagrun for dataset_with_extra_from_classic_operator to 2024-10-15 00:00:00+00:00, run_after=2024-10-16 00:00:00+00:00
[2024-10-16T11:44:20.742+0000] {processor.py:208} INFO - Processing /home/airflow/.local/lib/python3.12/site-packages/airflow/example_dags/example_outlet_event_extra.py took 0.434 seconds
[2024-10-16T11:44:51.051+0000] {processor.py:186} INFO - Started process (PID=127429) to work on /home/airflow/.local/lib/python3.12/site-packages/airflow/example_dags/example_outlet_event_extra.py
[2024-10-16T11:44:51.052+0000] {processor.py:914} INFO - Processing file /home/airflow/.local/lib/python3.12/site-packages/airflow/example_dags/example_outlet_event_extra.py for tasks to queue
[2024-10-16T11:44:51.054+0000] {logging_mixin.py:190} INFO - [2024-10-16T11:44:51.053+0000] {dagbag.py:588} INFO - Filling up the DagBag from /home/airflow/.local/lib/python3.12/site-packages/airflow/example_dags/example_outlet_event_extra.py
[2024-10-16T11:44:51.208+0000] {processor.py:925} INFO - DAG(s) 'dataset_with_extra_from_classic_operator', 'dataset_with_extra_by_context', 'dataset_with_extra_by_yield' retrieved from /home/airflow/.local/lib/python3.12/site-packages/airflow/example_dags/example_outlet_event_extra.py
[2024-10-16T11:44:51.236+0000] {logging_mixin.py:190} INFO - [2024-10-16T11:44:51.236+0000] {dag.py:3239} INFO - Sync 3 DAGs
[2024-10-16T11:44:51.439+0000] {logging_mixin.py:190} INFO - [2024-10-16T11:44:51.439+0000] {dag.py:4180} INFO - Setting next_dagrun for dataset_with_extra_by_context to 2024-10-15 00:00:00+00:00, run_after=2024-10-16 00:00:00+00:00
[2024-10-16T11:44:51.445+0000] {logging_mixin.py:190} INFO - [2024-10-16T11:44:51.445+0000] {dag.py:4180} INFO - Setting next_dagrun for dataset_with_extra_by_yield to 2024-10-15 00:00:00+00:00, run_after=2024-10-16 00:00:00+00:00
[2024-10-16T11:44:51.448+0000] {logging_mixin.py:190} INFO - [2024-10-16T11:44:51.448+0000] {dag.py:4180} INFO - Setting next_dagrun for dataset_with_extra_from_classic_operator to 2024-10-15 00:00:00+00:00, run_after=2024-10-16 00:00:00+00:00
[2024-10-16T11:44:51.472+0000] {processor.py:208} INFO - Processing /home/airflow/.local/lib/python3.12/site-packages/airflow/example_dags/example_outlet_event_extra.py took 0.428 seconds
[2024-10-16T11:45:22.339+0000] {processor.py:186} INFO - Started process (PID=127492) to work on /home/airflow/.local/lib/python3.12/site-packages/airflow/example_dags/example_outlet_event_extra.py
[2024-10-16T11:45:22.348+0000] {processor.py:914} INFO - Processing file /home/airflow/.local/lib/python3.12/site-packages/airflow/example_dags/example_outlet_event_extra.py for tasks to queue
[2024-10-16T11:45:22.351+0000] {logging_mixin.py:190} INFO - [2024-10-16T11:45:22.350+0000] {dagbag.py:588} INFO - Filling up the DagBag from /home/airflow/.local/lib/python3.12/site-packages/airflow/example_dags/example_outlet_event_extra.py
[2024-10-16T11:45:22.581+0000] {processor.py:925} INFO - DAG(s) 'dataset_with_extra_by_yield', 'dataset_with_extra_from_classic_operator', 'dataset_with_extra_by_context' retrieved from /home/airflow/.local/lib/python3.12/site-packages/airflow/example_dags/example_outlet_event_extra.py
[2024-10-16T11:45:22.626+0000] {logging_mixin.py:190} INFO - [2024-10-16T11:45:22.626+0000] {dag.py:3239} INFO - Sync 3 DAGs
[2024-10-16T11:45:22.683+0000] {logging_mixin.py:190} INFO - [2024-10-16T11:45:22.682+0000] {dag.py:4180} INFO - Setting next_dagrun for dataset_with_extra_by_context to 2024-10-15 00:00:00+00:00, run_after=2024-10-16 00:00:00+00:00
[2024-10-16T11:45:22.690+0000] {logging_mixin.py:190} INFO - [2024-10-16T11:45:22.690+0000] {dag.py:4180} INFO - Setting next_dagrun for dataset_with_extra_by_yield to 2024-10-15 00:00:00+00:00, run_after=2024-10-16 00:00:00+00:00
[2024-10-16T11:45:22.695+0000] {logging_mixin.py:190} INFO - [2024-10-16T11:45:22.695+0000] {dag.py:4180} INFO - Setting next_dagrun for dataset_with_extra_from_classic_operator to 2024-10-15 00:00:00+00:00, run_after=2024-10-16 00:00:00+00:00
[2024-10-16T11:45:22.968+0000] {processor.py:208} INFO - Processing /home/airflow/.local/lib/python3.12/site-packages/airflow/example_dags/example_outlet_event_extra.py took 0.642 seconds
[2024-10-16T11:45:54.003+0000] {processor.py:186} INFO - Started process (PID=127556) to work on /home/airflow/.local/lib/python3.12/site-packages/airflow/example_dags/example_outlet_event_extra.py
[2024-10-16T11:45:54.014+0000] {processor.py:914} INFO - Processing file /home/airflow/.local/lib/python3.12/site-packages/airflow/example_dags/example_outlet_event_extra.py for tasks to queue
[2024-10-16T11:45:54.016+0000] {logging_mixin.py:190} INFO - [2024-10-16T11:45:54.016+0000] {dagbag.py:588} INFO - Filling up the DagBag from /home/airflow/.local/lib/python3.12/site-packages/airflow/example_dags/example_outlet_event_extra.py
[2024-10-16T11:45:54.614+0000] {processor.py:925} INFO - DAG(s) 'dataset_with_extra_by_context', 'dataset_with_extra_from_classic_operator', 'dataset_with_extra_by_yield' retrieved from /home/airflow/.local/lib/python3.12/site-packages/airflow/example_dags/example_outlet_event_extra.py
[2024-10-16T11:45:54.690+0000] {logging_mixin.py:190} INFO - [2024-10-16T11:45:54.689+0000] {dag.py:3239} INFO - Sync 3 DAGs
[2024-10-16T11:45:54.828+0000] {logging_mixin.py:190} INFO - [2024-10-16T11:45:54.828+0000] {dag.py:4180} INFO - Setting next_dagrun for dataset_with_extra_by_context to 2024-10-15 00:00:00+00:00, run_after=2024-10-16 00:00:00+00:00
[2024-10-16T11:45:54.878+0000] {logging_mixin.py:190} INFO - [2024-10-16T11:45:54.878+0000] {dag.py:4180} INFO - Setting next_dagrun for dataset_with_extra_by_yield to 2024-10-15 00:00:00+00:00, run_after=2024-10-16 00:00:00+00:00
[2024-10-16T11:45:54.894+0000] {logging_mixin.py:190} INFO - [2024-10-16T11:45:54.894+0000] {dag.py:4180} INFO - Setting next_dagrun for dataset_with_extra_from_classic_operator to 2024-10-15 00:00:00+00:00, run_after=2024-10-16 00:00:00+00:00
[2024-10-16T11:45:54.966+0000] {processor.py:208} INFO - Processing /home/airflow/.local/lib/python3.12/site-packages/airflow/example_dags/example_outlet_event_extra.py took 0.983 seconds
