[2024-10-16T11:30:04.149+0000] {processor.py:186} INFO - Started process (PID=125607) to work on /home/airflow/.local/lib/python3.12/site-packages/airflow/example_dags/example_external_task_marker_dag.py
[2024-10-16T11:30:04.151+0000] {processor.py:914} INFO - Processing file /home/airflow/.local/lib/python3.12/site-packages/airflow/example_dags/example_external_task_marker_dag.py for tasks to queue
[2024-10-16T11:30:04.154+0000] {logging_mixin.py:190} INFO - [2024-10-16T11:30:04.153+0000] {dagbag.py:588} INFO - Filling up the DagBag from /home/airflow/.local/lib/python3.12/site-packages/airflow/example_dags/example_external_task_marker_dag.py
[2024-10-16T11:30:04.177+0000] {processor.py:925} INFO - DAG(s) 'example_external_task_marker_child', 'example_external_task_marker_parent' retrieved from /home/airflow/.local/lib/python3.12/site-packages/airflow/example_dags/example_external_task_marker_dag.py
[2024-10-16T11:30:04.236+0000] {logging_mixin.py:190} INFO - [2024-10-16T11:30:04.236+0000] {dag.py:3239} INFO - Sync 2 DAGs
[2024-10-16T11:30:04.269+0000] {logging_mixin.py:190} INFO - [2024-10-16T11:30:04.268+0000] {dag.py:4180} INFO - Setting next_dagrun for example_external_task_marker_child to None, run_after=None
[2024-10-16T11:30:04.273+0000] {logging_mixin.py:190} INFO - [2024-10-16T11:30:04.273+0000] {dag.py:4180} INFO - Setting next_dagrun for example_external_task_marker_parent to None, run_after=None
[2024-10-16T11:30:04.293+0000] {processor.py:208} INFO - Processing /home/airflow/.local/lib/python3.12/site-packages/airflow/example_dags/example_external_task_marker_dag.py took 0.158 seconds
[2024-10-16T11:30:35.034+0000] {processor.py:186} INFO - Started process (PID=125671) to work on /home/airflow/.local/lib/python3.12/site-packages/airflow/example_dags/example_external_task_marker_dag.py
[2024-10-16T11:30:35.035+0000] {processor.py:914} INFO - Processing file /home/airflow/.local/lib/python3.12/site-packages/airflow/example_dags/example_external_task_marker_dag.py for tasks to queue
[2024-10-16T11:30:35.037+0000] {logging_mixin.py:190} INFO - [2024-10-16T11:30:35.036+0000] {dagbag.py:588} INFO - Filling up the DagBag from /home/airflow/.local/lib/python3.12/site-packages/airflow/example_dags/example_external_task_marker_dag.py
[2024-10-16T11:30:35.047+0000] {processor.py:925} INFO - DAG(s) 'example_external_task_marker_child', 'example_external_task_marker_parent' retrieved from /home/airflow/.local/lib/python3.12/site-packages/airflow/example_dags/example_external_task_marker_dag.py
[2024-10-16T11:30:35.070+0000] {logging_mixin.py:190} INFO - [2024-10-16T11:30:35.069+0000] {dag.py:3239} INFO - Sync 2 DAGs
[2024-10-16T11:30:35.087+0000] {logging_mixin.py:190} INFO - [2024-10-16T11:30:35.087+0000] {dag.py:4180} INFO - Setting next_dagrun for example_external_task_marker_child to None, run_after=None
[2024-10-16T11:30:35.092+0000] {logging_mixin.py:190} INFO - [2024-10-16T11:30:35.091+0000] {dag.py:4180} INFO - Setting next_dagrun for example_external_task_marker_parent to None, run_after=None
[2024-10-16T11:30:35.112+0000] {processor.py:208} INFO - Processing /home/airflow/.local/lib/python3.12/site-packages/airflow/example_dags/example_external_task_marker_dag.py took 0.084 seconds
[2024-10-16T11:31:05.646+0000] {processor.py:186} INFO - Started process (PID=125734) to work on /home/airflow/.local/lib/python3.12/site-packages/airflow/example_dags/example_external_task_marker_dag.py
[2024-10-16T11:31:05.647+0000] {processor.py:914} INFO - Processing file /home/airflow/.local/lib/python3.12/site-packages/airflow/example_dags/example_external_task_marker_dag.py for tasks to queue
[2024-10-16T11:31:05.648+0000] {logging_mixin.py:190} INFO - [2024-10-16T11:31:05.647+0000] {dagbag.py:588} INFO - Filling up the DagBag from /home/airflow/.local/lib/python3.12/site-packages/airflow/example_dags/example_external_task_marker_dag.py
[2024-10-16T11:31:05.655+0000] {processor.py:925} INFO - DAG(s) 'example_external_task_marker_parent', 'example_external_task_marker_child' retrieved from /home/airflow/.local/lib/python3.12/site-packages/airflow/example_dags/example_external_task_marker_dag.py
[2024-10-16T11:31:05.677+0000] {logging_mixin.py:190} INFO - [2024-10-16T11:31:05.677+0000] {dag.py:3239} INFO - Sync 2 DAGs
[2024-10-16T11:31:05.692+0000] {logging_mixin.py:190} INFO - [2024-10-16T11:31:05.692+0000] {dag.py:4180} INFO - Setting next_dagrun for example_external_task_marker_child to None, run_after=None
[2024-10-16T11:31:05.696+0000] {logging_mixin.py:190} INFO - [2024-10-16T11:31:05.696+0000] {dag.py:4180} INFO - Setting next_dagrun for example_external_task_marker_parent to None, run_after=None
[2024-10-16T11:31:05.711+0000] {processor.py:208} INFO - Processing /home/airflow/.local/lib/python3.12/site-packages/airflow/example_dags/example_external_task_marker_dag.py took 0.071 seconds
[2024-10-16T11:31:36.278+0000] {processor.py:186} INFO - Started process (PID=125797) to work on /home/airflow/.local/lib/python3.12/site-packages/airflow/example_dags/example_external_task_marker_dag.py
[2024-10-16T11:31:36.279+0000] {processor.py:914} INFO - Processing file /home/airflow/.local/lib/python3.12/site-packages/airflow/example_dags/example_external_task_marker_dag.py for tasks to queue
[2024-10-16T11:31:36.280+0000] {logging_mixin.py:190} INFO - [2024-10-16T11:31:36.280+0000] {dagbag.py:588} INFO - Filling up the DagBag from /home/airflow/.local/lib/python3.12/site-packages/airflow/example_dags/example_external_task_marker_dag.py
[2024-10-16T11:31:36.288+0000] {processor.py:925} INFO - DAG(s) 'example_external_task_marker_child', 'example_external_task_marker_parent' retrieved from /home/airflow/.local/lib/python3.12/site-packages/airflow/example_dags/example_external_task_marker_dag.py
[2024-10-16T11:31:36.310+0000] {logging_mixin.py:190} INFO - [2024-10-16T11:31:36.309+0000] {dag.py:3239} INFO - Sync 2 DAGs
[2024-10-16T11:31:36.325+0000] {logging_mixin.py:190} INFO - [2024-10-16T11:31:36.324+0000] {dag.py:4180} INFO - Setting next_dagrun for example_external_task_marker_child to None, run_after=None
[2024-10-16T11:31:36.328+0000] {logging_mixin.py:190} INFO - [2024-10-16T11:31:36.328+0000] {dag.py:4180} INFO - Setting next_dagrun for example_external_task_marker_parent to None, run_after=None
[2024-10-16T11:31:36.344+0000] {processor.py:208} INFO - Processing /home/airflow/.local/lib/python3.12/site-packages/airflow/example_dags/example_external_task_marker_dag.py took 0.071 seconds
[2024-10-16T11:32:06.602+0000] {processor.py:186} INFO - Started process (PID=125860) to work on /home/airflow/.local/lib/python3.12/site-packages/airflow/example_dags/example_external_task_marker_dag.py
[2024-10-16T11:32:06.603+0000] {processor.py:914} INFO - Processing file /home/airflow/.local/lib/python3.12/site-packages/airflow/example_dags/example_external_task_marker_dag.py for tasks to queue
[2024-10-16T11:32:06.605+0000] {logging_mixin.py:190} INFO - [2024-10-16T11:32:06.604+0000] {dagbag.py:588} INFO - Filling up the DagBag from /home/airflow/.local/lib/python3.12/site-packages/airflow/example_dags/example_external_task_marker_dag.py
[2024-10-16T11:32:06.615+0000] {processor.py:925} INFO - DAG(s) 'example_external_task_marker_parent', 'example_external_task_marker_child' retrieved from /home/airflow/.local/lib/python3.12/site-packages/airflow/example_dags/example_external_task_marker_dag.py
[2024-10-16T11:32:06.642+0000] {logging_mixin.py:190} INFO - [2024-10-16T11:32:06.642+0000] {dag.py:3239} INFO - Sync 2 DAGs
[2024-10-16T11:32:06.658+0000] {logging_mixin.py:190} INFO - [2024-10-16T11:32:06.658+0000] {dag.py:4180} INFO - Setting next_dagrun for example_external_task_marker_child to None, run_after=None
[2024-10-16T11:32:06.663+0000] {logging_mixin.py:190} INFO - [2024-10-16T11:32:06.663+0000] {dag.py:4180} INFO - Setting next_dagrun for example_external_task_marker_parent to None, run_after=None
[2024-10-16T11:32:06.686+0000] {processor.py:208} INFO - Processing /home/airflow/.local/lib/python3.12/site-packages/airflow/example_dags/example_external_task_marker_dag.py took 0.090 seconds
[2024-10-16T11:32:37.438+0000] {processor.py:186} INFO - Started process (PID=125923) to work on /home/airflow/.local/lib/python3.12/site-packages/airflow/example_dags/example_external_task_marker_dag.py
[2024-10-16T11:32:37.440+0000] {processor.py:914} INFO - Processing file /home/airflow/.local/lib/python3.12/site-packages/airflow/example_dags/example_external_task_marker_dag.py for tasks to queue
[2024-10-16T11:32:37.441+0000] {logging_mixin.py:190} INFO - [2024-10-16T11:32:37.441+0000] {dagbag.py:588} INFO - Filling up the DagBag from /home/airflow/.local/lib/python3.12/site-packages/airflow/example_dags/example_external_task_marker_dag.py
[2024-10-16T11:32:37.451+0000] {processor.py:925} INFO - DAG(s) 'example_external_task_marker_child', 'example_external_task_marker_parent' retrieved from /home/airflow/.local/lib/python3.12/site-packages/airflow/example_dags/example_external_task_marker_dag.py
[2024-10-16T11:32:37.479+0000] {logging_mixin.py:190} INFO - [2024-10-16T11:32:37.478+0000] {dag.py:3239} INFO - Sync 2 DAGs
[2024-10-16T11:32:37.496+0000] {logging_mixin.py:190} INFO - [2024-10-16T11:32:37.495+0000] {dag.py:4180} INFO - Setting next_dagrun for example_external_task_marker_child to None, run_after=None
[2024-10-16T11:32:37.501+0000] {logging_mixin.py:190} INFO - [2024-10-16T11:32:37.500+0000] {dag.py:4180} INFO - Setting next_dagrun for example_external_task_marker_parent to None, run_after=None
[2024-10-16T11:32:37.519+0000] {processor.py:208} INFO - Processing /home/airflow/.local/lib/python3.12/site-packages/airflow/example_dags/example_external_task_marker_dag.py took 0.088 seconds
[2024-10-16T11:33:07.947+0000] {processor.py:186} INFO - Started process (PID=125986) to work on /home/airflow/.local/lib/python3.12/site-packages/airflow/example_dags/example_external_task_marker_dag.py
[2024-10-16T11:33:07.948+0000] {processor.py:914} INFO - Processing file /home/airflow/.local/lib/python3.12/site-packages/airflow/example_dags/example_external_task_marker_dag.py for tasks to queue
[2024-10-16T11:33:07.949+0000] {logging_mixin.py:190} INFO - [2024-10-16T11:33:07.949+0000] {dagbag.py:588} INFO - Filling up the DagBag from /home/airflow/.local/lib/python3.12/site-packages/airflow/example_dags/example_external_task_marker_dag.py
[2024-10-16T11:33:07.960+0000] {processor.py:925} INFO - DAG(s) 'example_external_task_marker_parent', 'example_external_task_marker_child' retrieved from /home/airflow/.local/lib/python3.12/site-packages/airflow/example_dags/example_external_task_marker_dag.py
[2024-10-16T11:33:07.988+0000] {logging_mixin.py:190} INFO - [2024-10-16T11:33:07.987+0000] {dag.py:3239} INFO - Sync 2 DAGs
[2024-10-16T11:33:08.007+0000] {logging_mixin.py:190} INFO - [2024-10-16T11:33:08.007+0000] {dag.py:4180} INFO - Setting next_dagrun for example_external_task_marker_child to None, run_after=None
[2024-10-16T11:33:08.012+0000] {logging_mixin.py:190} INFO - [2024-10-16T11:33:08.011+0000] {dag.py:4180} INFO - Setting next_dagrun for example_external_task_marker_parent to None, run_after=None
[2024-10-16T11:33:08.032+0000] {processor.py:208} INFO - Processing /home/airflow/.local/lib/python3.12/site-packages/airflow/example_dags/example_external_task_marker_dag.py took 0.093 seconds
[2024-10-16T11:33:38.224+0000] {processor.py:186} INFO - Started process (PID=126049) to work on /home/airflow/.local/lib/python3.12/site-packages/airflow/example_dags/example_external_task_marker_dag.py
[2024-10-16T11:33:38.225+0000] {processor.py:914} INFO - Processing file /home/airflow/.local/lib/python3.12/site-packages/airflow/example_dags/example_external_task_marker_dag.py for tasks to queue
[2024-10-16T11:33:38.227+0000] {logging_mixin.py:190} INFO - [2024-10-16T11:33:38.227+0000] {dagbag.py:588} INFO - Filling up the DagBag from /home/airflow/.local/lib/python3.12/site-packages/airflow/example_dags/example_external_task_marker_dag.py
[2024-10-16T11:33:38.236+0000] {processor.py:925} INFO - DAG(s) 'example_external_task_marker_child', 'example_external_task_marker_parent' retrieved from /home/airflow/.local/lib/python3.12/site-packages/airflow/example_dags/example_external_task_marker_dag.py
[2024-10-16T11:33:38.261+0000] {logging_mixin.py:190} INFO - [2024-10-16T11:33:38.261+0000] {dag.py:3239} INFO - Sync 2 DAGs
[2024-10-16T11:33:38.286+0000] {logging_mixin.py:190} INFO - [2024-10-16T11:33:38.285+0000] {dag.py:4180} INFO - Setting next_dagrun for example_external_task_marker_child to None, run_after=None
[2024-10-16T11:33:38.293+0000] {logging_mixin.py:190} INFO - [2024-10-16T11:33:38.292+0000] {dag.py:4180} INFO - Setting next_dagrun for example_external_task_marker_parent to None, run_after=None
[2024-10-16T11:33:38.320+0000] {processor.py:208} INFO - Processing /home/airflow/.local/lib/python3.12/site-packages/airflow/example_dags/example_external_task_marker_dag.py took 0.102 seconds
[2024-10-16T11:34:08.900+0000] {processor.py:186} INFO - Started process (PID=126112) to work on /home/airflow/.local/lib/python3.12/site-packages/airflow/example_dags/example_external_task_marker_dag.py
[2024-10-16T11:34:08.901+0000] {processor.py:914} INFO - Processing file /home/airflow/.local/lib/python3.12/site-packages/airflow/example_dags/example_external_task_marker_dag.py for tasks to queue
[2024-10-16T11:34:08.902+0000] {logging_mixin.py:190} INFO - [2024-10-16T11:34:08.902+0000] {dagbag.py:588} INFO - Filling up the DagBag from /home/airflow/.local/lib/python3.12/site-packages/airflow/example_dags/example_external_task_marker_dag.py
[2024-10-16T11:34:08.910+0000] {processor.py:925} INFO - DAG(s) 'example_external_task_marker_parent', 'example_external_task_marker_child' retrieved from /home/airflow/.local/lib/python3.12/site-packages/airflow/example_dags/example_external_task_marker_dag.py
[2024-10-16T11:34:08.930+0000] {logging_mixin.py:190} INFO - [2024-10-16T11:34:08.929+0000] {dag.py:3239} INFO - Sync 2 DAGs
[2024-10-16T11:34:08.944+0000] {logging_mixin.py:190} INFO - [2024-10-16T11:34:08.944+0000] {dag.py:4180} INFO - Setting next_dagrun for example_external_task_marker_child to None, run_after=None
[2024-10-16T11:34:08.948+0000] {logging_mixin.py:190} INFO - [2024-10-16T11:34:08.947+0000] {dag.py:4180} INFO - Setting next_dagrun for example_external_task_marker_parent to None, run_after=None
[2024-10-16T11:34:08.965+0000] {processor.py:208} INFO - Processing /home/airflow/.local/lib/python3.12/site-packages/airflow/example_dags/example_external_task_marker_dag.py took 0.070 seconds
[2024-10-16T11:34:39.188+0000] {processor.py:186} INFO - Started process (PID=126176) to work on /home/airflow/.local/lib/python3.12/site-packages/airflow/example_dags/example_external_task_marker_dag.py
[2024-10-16T11:34:39.189+0000] {processor.py:914} INFO - Processing file /home/airflow/.local/lib/python3.12/site-packages/airflow/example_dags/example_external_task_marker_dag.py for tasks to queue
[2024-10-16T11:34:39.190+0000] {logging_mixin.py:190} INFO - [2024-10-16T11:34:39.190+0000] {dagbag.py:588} INFO - Filling up the DagBag from /home/airflow/.local/lib/python3.12/site-packages/airflow/example_dags/example_external_task_marker_dag.py
[2024-10-16T11:34:39.197+0000] {processor.py:925} INFO - DAG(s) 'example_external_task_marker_parent', 'example_external_task_marker_child' retrieved from /home/airflow/.local/lib/python3.12/site-packages/airflow/example_dags/example_external_task_marker_dag.py
[2024-10-16T11:34:39.217+0000] {logging_mixin.py:190} INFO - [2024-10-16T11:34:39.217+0000] {dag.py:3239} INFO - Sync 2 DAGs
[2024-10-16T11:34:39.232+0000] {logging_mixin.py:190} INFO - [2024-10-16T11:34:39.232+0000] {dag.py:4180} INFO - Setting next_dagrun for example_external_task_marker_child to None, run_after=None
[2024-10-16T11:34:39.236+0000] {logging_mixin.py:190} INFO - [2024-10-16T11:34:39.236+0000] {dag.py:4180} INFO - Setting next_dagrun for example_external_task_marker_parent to None, run_after=None
[2024-10-16T11:34:39.252+0000] {processor.py:208} INFO - Processing /home/airflow/.local/lib/python3.12/site-packages/airflow/example_dags/example_external_task_marker_dag.py took 0.069 seconds
[2024-10-16T11:35:09.944+0000] {processor.py:186} INFO - Started process (PID=126239) to work on /home/airflow/.local/lib/python3.12/site-packages/airflow/example_dags/example_external_task_marker_dag.py
[2024-10-16T11:35:09.945+0000] {processor.py:914} INFO - Processing file /home/airflow/.local/lib/python3.12/site-packages/airflow/example_dags/example_external_task_marker_dag.py for tasks to queue
[2024-10-16T11:35:09.947+0000] {logging_mixin.py:190} INFO - [2024-10-16T11:35:09.947+0000] {dagbag.py:588} INFO - Filling up the DagBag from /home/airflow/.local/lib/python3.12/site-packages/airflow/example_dags/example_external_task_marker_dag.py
[2024-10-16T11:35:09.954+0000] {processor.py:925} INFO - DAG(s) 'example_external_task_marker_child', 'example_external_task_marker_parent' retrieved from /home/airflow/.local/lib/python3.12/site-packages/airflow/example_dags/example_external_task_marker_dag.py
[2024-10-16T11:35:09.975+0000] {logging_mixin.py:190} INFO - [2024-10-16T11:35:09.975+0000] {dag.py:3239} INFO - Sync 2 DAGs
[2024-10-16T11:35:09.990+0000] {logging_mixin.py:190} INFO - [2024-10-16T11:35:09.989+0000] {dag.py:4180} INFO - Setting next_dagrun for example_external_task_marker_child to None, run_after=None
[2024-10-16T11:35:09.993+0000] {logging_mixin.py:190} INFO - [2024-10-16T11:35:09.993+0000] {dag.py:4180} INFO - Setting next_dagrun for example_external_task_marker_parent to None, run_after=None
[2024-10-16T11:35:10.009+0000] {processor.py:208} INFO - Processing /home/airflow/.local/lib/python3.12/site-packages/airflow/example_dags/example_external_task_marker_dag.py took 0.070 seconds
[2024-10-16T11:35:40.429+0000] {processor.py:186} INFO - Started process (PID=126302) to work on /home/airflow/.local/lib/python3.12/site-packages/airflow/example_dags/example_external_task_marker_dag.py
[2024-10-16T11:35:40.430+0000] {processor.py:914} INFO - Processing file /home/airflow/.local/lib/python3.12/site-packages/airflow/example_dags/example_external_task_marker_dag.py for tasks to queue
[2024-10-16T11:35:40.431+0000] {logging_mixin.py:190} INFO - [2024-10-16T11:35:40.431+0000] {dagbag.py:588} INFO - Filling up the DagBag from /home/airflow/.local/lib/python3.12/site-packages/airflow/example_dags/example_external_task_marker_dag.py
[2024-10-16T11:35:40.439+0000] {processor.py:925} INFO - DAG(s) 'example_external_task_marker_child', 'example_external_task_marker_parent' retrieved from /home/airflow/.local/lib/python3.12/site-packages/airflow/example_dags/example_external_task_marker_dag.py
[2024-10-16T11:35:40.461+0000] {logging_mixin.py:190} INFO - [2024-10-16T11:35:40.460+0000] {dag.py:3239} INFO - Sync 2 DAGs
[2024-10-16T11:35:40.480+0000] {logging_mixin.py:190} INFO - [2024-10-16T11:35:40.479+0000] {dag.py:4180} INFO - Setting next_dagrun for example_external_task_marker_child to None, run_after=None
[2024-10-16T11:35:40.484+0000] {logging_mixin.py:190} INFO - [2024-10-16T11:35:40.484+0000] {dag.py:4180} INFO - Setting next_dagrun for example_external_task_marker_parent to None, run_after=None
[2024-10-16T11:35:40.503+0000] {processor.py:208} INFO - Processing /home/airflow/.local/lib/python3.12/site-packages/airflow/example_dags/example_external_task_marker_dag.py took 0.079 seconds
[2024-10-16T11:36:11.253+0000] {processor.py:186} INFO - Started process (PID=126365) to work on /home/airflow/.local/lib/python3.12/site-packages/airflow/example_dags/example_external_task_marker_dag.py
[2024-10-16T11:36:11.254+0000] {processor.py:914} INFO - Processing file /home/airflow/.local/lib/python3.12/site-packages/airflow/example_dags/example_external_task_marker_dag.py for tasks to queue
[2024-10-16T11:36:11.255+0000] {logging_mixin.py:190} INFO - [2024-10-16T11:36:11.255+0000] {dagbag.py:588} INFO - Filling up the DagBag from /home/airflow/.local/lib/python3.12/site-packages/airflow/example_dags/example_external_task_marker_dag.py
[2024-10-16T11:36:11.264+0000] {processor.py:925} INFO - DAG(s) 'example_external_task_marker_parent', 'example_external_task_marker_child' retrieved from /home/airflow/.local/lib/python3.12/site-packages/airflow/example_dags/example_external_task_marker_dag.py
[2024-10-16T11:36:11.286+0000] {logging_mixin.py:190} INFO - [2024-10-16T11:36:11.286+0000] {dag.py:3239} INFO - Sync 2 DAGs
[2024-10-16T11:36:11.303+0000] {logging_mixin.py:190} INFO - [2024-10-16T11:36:11.303+0000] {dag.py:4180} INFO - Setting next_dagrun for example_external_task_marker_child to None, run_after=None
[2024-10-16T11:36:11.308+0000] {logging_mixin.py:190} INFO - [2024-10-16T11:36:11.307+0000] {dag.py:4180} INFO - Setting next_dagrun for example_external_task_marker_parent to None, run_after=None
[2024-10-16T11:36:11.323+0000] {processor.py:208} INFO - Processing /home/airflow/.local/lib/python3.12/site-packages/airflow/example_dags/example_external_task_marker_dag.py took 0.077 seconds
[2024-10-16T11:36:41.721+0000] {processor.py:186} INFO - Started process (PID=126429) to work on /home/airflow/.local/lib/python3.12/site-packages/airflow/example_dags/example_external_task_marker_dag.py
[2024-10-16T11:36:41.722+0000] {processor.py:914} INFO - Processing file /home/airflow/.local/lib/python3.12/site-packages/airflow/example_dags/example_external_task_marker_dag.py for tasks to queue
[2024-10-16T11:36:41.724+0000] {logging_mixin.py:190} INFO - [2024-10-16T11:36:41.723+0000] {dagbag.py:588} INFO - Filling up the DagBag from /home/airflow/.local/lib/python3.12/site-packages/airflow/example_dags/example_external_task_marker_dag.py
[2024-10-16T11:36:41.732+0000] {processor.py:925} INFO - DAG(s) 'example_external_task_marker_child', 'example_external_task_marker_parent' retrieved from /home/airflow/.local/lib/python3.12/site-packages/airflow/example_dags/example_external_task_marker_dag.py
[2024-10-16T11:36:41.752+0000] {logging_mixin.py:190} INFO - [2024-10-16T11:36:41.752+0000] {dag.py:3239} INFO - Sync 2 DAGs
[2024-10-16T11:36:41.767+0000] {logging_mixin.py:190} INFO - [2024-10-16T11:36:41.767+0000] {dag.py:4180} INFO - Setting next_dagrun for example_external_task_marker_child to None, run_after=None
[2024-10-16T11:36:41.771+0000] {logging_mixin.py:190} INFO - [2024-10-16T11:36:41.771+0000] {dag.py:4180} INFO - Setting next_dagrun for example_external_task_marker_parent to None, run_after=None
[2024-10-16T11:36:41.786+0000] {processor.py:208} INFO - Processing /home/airflow/.local/lib/python3.12/site-packages/airflow/example_dags/example_external_task_marker_dag.py took 0.071 seconds
[2024-10-16T11:37:12.154+0000] {processor.py:186} INFO - Started process (PID=126492) to work on /home/airflow/.local/lib/python3.12/site-packages/airflow/example_dags/example_external_task_marker_dag.py
[2024-10-16T11:37:12.154+0000] {processor.py:914} INFO - Processing file /home/airflow/.local/lib/python3.12/site-packages/airflow/example_dags/example_external_task_marker_dag.py for tasks to queue
[2024-10-16T11:37:12.156+0000] {logging_mixin.py:190} INFO - [2024-10-16T11:37:12.155+0000] {dagbag.py:588} INFO - Filling up the DagBag from /home/airflow/.local/lib/python3.12/site-packages/airflow/example_dags/example_external_task_marker_dag.py
[2024-10-16T11:37:12.163+0000] {processor.py:925} INFO - DAG(s) 'example_external_task_marker_child', 'example_external_task_marker_parent' retrieved from /home/airflow/.local/lib/python3.12/site-packages/airflow/example_dags/example_external_task_marker_dag.py
[2024-10-16T11:37:12.184+0000] {logging_mixin.py:190} INFO - [2024-10-16T11:37:12.184+0000] {dag.py:3239} INFO - Sync 2 DAGs
[2024-10-16T11:37:12.199+0000] {logging_mixin.py:190} INFO - [2024-10-16T11:37:12.198+0000] {dag.py:4180} INFO - Setting next_dagrun for example_external_task_marker_child to None, run_after=None
[2024-10-16T11:37:12.202+0000] {logging_mixin.py:190} INFO - [2024-10-16T11:37:12.202+0000] {dag.py:4180} INFO - Setting next_dagrun for example_external_task_marker_parent to None, run_after=None
[2024-10-16T11:37:12.218+0000] {processor.py:208} INFO - Processing /home/airflow/.local/lib/python3.12/site-packages/airflow/example_dags/example_external_task_marker_dag.py took 0.070 seconds
[2024-10-16T11:37:42.936+0000] {processor.py:186} INFO - Started process (PID=126555) to work on /home/airflow/.local/lib/python3.12/site-packages/airflow/example_dags/example_external_task_marker_dag.py
[2024-10-16T11:37:42.937+0000] {processor.py:914} INFO - Processing file /home/airflow/.local/lib/python3.12/site-packages/airflow/example_dags/example_external_task_marker_dag.py for tasks to queue
[2024-10-16T11:37:42.939+0000] {logging_mixin.py:190} INFO - [2024-10-16T11:37:42.938+0000] {dagbag.py:588} INFO - Filling up the DagBag from /home/airflow/.local/lib/python3.12/site-packages/airflow/example_dags/example_external_task_marker_dag.py
[2024-10-16T11:37:42.946+0000] {processor.py:925} INFO - DAG(s) 'example_external_task_marker_child', 'example_external_task_marker_parent' retrieved from /home/airflow/.local/lib/python3.12/site-packages/airflow/example_dags/example_external_task_marker_dag.py
[2024-10-16T11:37:42.969+0000] {logging_mixin.py:190} INFO - [2024-10-16T11:37:42.968+0000] {dag.py:3239} INFO - Sync 2 DAGs
[2024-10-16T11:37:42.983+0000] {logging_mixin.py:190} INFO - [2024-10-16T11:37:42.983+0000] {dag.py:4180} INFO - Setting next_dagrun for example_external_task_marker_child to None, run_after=None
[2024-10-16T11:37:42.987+0000] {logging_mixin.py:190} INFO - [2024-10-16T11:37:42.987+0000] {dag.py:4180} INFO - Setting next_dagrun for example_external_task_marker_parent to None, run_after=None
[2024-10-16T11:37:43.003+0000] {processor.py:208} INFO - Processing /home/airflow/.local/lib/python3.12/site-packages/airflow/example_dags/example_external_task_marker_dag.py took 0.073 seconds
[2024-10-16T11:38:13.515+0000] {processor.py:186} INFO - Started process (PID=126618) to work on /home/airflow/.local/lib/python3.12/site-packages/airflow/example_dags/example_external_task_marker_dag.py
[2024-10-16T11:38:13.516+0000] {processor.py:914} INFO - Processing file /home/airflow/.local/lib/python3.12/site-packages/airflow/example_dags/example_external_task_marker_dag.py for tasks to queue
[2024-10-16T11:38:13.518+0000] {logging_mixin.py:190} INFO - [2024-10-16T11:38:13.517+0000] {dagbag.py:588} INFO - Filling up the DagBag from /home/airflow/.local/lib/python3.12/site-packages/airflow/example_dags/example_external_task_marker_dag.py
[2024-10-16T11:38:13.527+0000] {processor.py:925} INFO - DAG(s) 'example_external_task_marker_parent', 'example_external_task_marker_child' retrieved from /home/airflow/.local/lib/python3.12/site-packages/airflow/example_dags/example_external_task_marker_dag.py
[2024-10-16T11:38:13.551+0000] {logging_mixin.py:190} INFO - [2024-10-16T11:38:13.551+0000] {dag.py:3239} INFO - Sync 2 DAGs
[2024-10-16T11:38:13.568+0000] {logging_mixin.py:190} INFO - [2024-10-16T11:38:13.568+0000] {dag.py:4180} INFO - Setting next_dagrun for example_external_task_marker_child to None, run_after=None
[2024-10-16T11:38:13.573+0000] {logging_mixin.py:190} INFO - [2024-10-16T11:38:13.573+0000] {dag.py:4180} INFO - Setting next_dagrun for example_external_task_marker_parent to None, run_after=None
[2024-10-16T11:38:13.589+0000] {processor.py:208} INFO - Processing /home/airflow/.local/lib/python3.12/site-packages/airflow/example_dags/example_external_task_marker_dag.py took 0.081 seconds
[2024-10-16T11:38:43.799+0000] {processor.py:186} INFO - Started process (PID=126682) to work on /home/airflow/.local/lib/python3.12/site-packages/airflow/example_dags/example_external_task_marker_dag.py
[2024-10-16T11:38:43.800+0000] {processor.py:914} INFO - Processing file /home/airflow/.local/lib/python3.12/site-packages/airflow/example_dags/example_external_task_marker_dag.py for tasks to queue
[2024-10-16T11:38:43.801+0000] {logging_mixin.py:190} INFO - [2024-10-16T11:38:43.801+0000] {dagbag.py:588} INFO - Filling up the DagBag from /home/airflow/.local/lib/python3.12/site-packages/airflow/example_dags/example_external_task_marker_dag.py
[2024-10-16T11:38:43.811+0000] {processor.py:925} INFO - DAG(s) 'example_external_task_marker_child', 'example_external_task_marker_parent' retrieved from /home/airflow/.local/lib/python3.12/site-packages/airflow/example_dags/example_external_task_marker_dag.py
[2024-10-16T11:38:43.835+0000] {logging_mixin.py:190} INFO - [2024-10-16T11:38:43.835+0000] {dag.py:3239} INFO - Sync 2 DAGs
[2024-10-16T11:38:43.854+0000] {logging_mixin.py:190} INFO - [2024-10-16T11:38:43.854+0000] {dag.py:4180} INFO - Setting next_dagrun for example_external_task_marker_child to None, run_after=None
[2024-10-16T11:38:43.860+0000] {logging_mixin.py:190} INFO - [2024-10-16T11:38:43.860+0000] {dag.py:4180} INFO - Setting next_dagrun for example_external_task_marker_parent to None, run_after=None
[2024-10-16T11:38:43.883+0000] {processor.py:208} INFO - Processing /home/airflow/.local/lib/python3.12/site-packages/airflow/example_dags/example_external_task_marker_dag.py took 0.091 seconds
[2024-10-16T11:39:14.670+0000] {processor.py:186} INFO - Started process (PID=126750) to work on /home/airflow/.local/lib/python3.12/site-packages/airflow/example_dags/example_external_task_marker_dag.py
[2024-10-16T11:39:14.671+0000] {processor.py:914} INFO - Processing file /home/airflow/.local/lib/python3.12/site-packages/airflow/example_dags/example_external_task_marker_dag.py for tasks to queue
[2024-10-16T11:39:14.673+0000] {logging_mixin.py:190} INFO - [2024-10-16T11:39:14.672+0000] {dagbag.py:588} INFO - Filling up the DagBag from /home/airflow/.local/lib/python3.12/site-packages/airflow/example_dags/example_external_task_marker_dag.py
[2024-10-16T11:39:14.682+0000] {processor.py:925} INFO - DAG(s) 'example_external_task_marker_child', 'example_external_task_marker_parent' retrieved from /home/airflow/.local/lib/python3.12/site-packages/airflow/example_dags/example_external_task_marker_dag.py
[2024-10-16T11:39:14.706+0000] {logging_mixin.py:190} INFO - [2024-10-16T11:39:14.706+0000] {dag.py:3239} INFO - Sync 2 DAGs
[2024-10-16T11:39:14.724+0000] {logging_mixin.py:190} INFO - [2024-10-16T11:39:14.723+0000] {dag.py:4180} INFO - Setting next_dagrun for example_external_task_marker_child to None, run_after=None
[2024-10-16T11:39:14.728+0000] {logging_mixin.py:190} INFO - [2024-10-16T11:39:14.728+0000] {dag.py:4180} INFO - Setting next_dagrun for example_external_task_marker_parent to None, run_after=None
[2024-10-16T11:39:14.747+0000] {processor.py:208} INFO - Processing /home/airflow/.local/lib/python3.12/site-packages/airflow/example_dags/example_external_task_marker_dag.py took 0.084 seconds
[2024-10-16T11:39:45.496+0000] {processor.py:186} INFO - Started process (PID=126813) to work on /home/airflow/.local/lib/python3.12/site-packages/airflow/example_dags/example_external_task_marker_dag.py
[2024-10-16T11:39:45.497+0000] {processor.py:914} INFO - Processing file /home/airflow/.local/lib/python3.12/site-packages/airflow/example_dags/example_external_task_marker_dag.py for tasks to queue
[2024-10-16T11:39:45.499+0000] {logging_mixin.py:190} INFO - [2024-10-16T11:39:45.499+0000] {dagbag.py:588} INFO - Filling up the DagBag from /home/airflow/.local/lib/python3.12/site-packages/airflow/example_dags/example_external_task_marker_dag.py
[2024-10-16T11:39:45.508+0000] {processor.py:925} INFO - DAG(s) 'example_external_task_marker_parent', 'example_external_task_marker_child' retrieved from /home/airflow/.local/lib/python3.12/site-packages/airflow/example_dags/example_external_task_marker_dag.py
[2024-10-16T11:39:45.532+0000] {logging_mixin.py:190} INFO - [2024-10-16T11:39:45.532+0000] {dag.py:3239} INFO - Sync 2 DAGs
[2024-10-16T11:39:45.549+0000] {logging_mixin.py:190} INFO - [2024-10-16T11:39:45.549+0000] {dag.py:4180} INFO - Setting next_dagrun for example_external_task_marker_child to None, run_after=None
[2024-10-16T11:39:45.553+0000] {logging_mixin.py:190} INFO - [2024-10-16T11:39:45.553+0000] {dag.py:4180} INFO - Setting next_dagrun for example_external_task_marker_parent to None, run_after=None
[2024-10-16T11:39:45.571+0000] {processor.py:208} INFO - Processing /home/airflow/.local/lib/python3.12/site-packages/airflow/example_dags/example_external_task_marker_dag.py took 0.081 seconds
[2024-10-16T11:40:16.461+0000] {processor.py:186} INFO - Started process (PID=126875) to work on /home/airflow/.local/lib/python3.12/site-packages/airflow/example_dags/example_external_task_marker_dag.py
[2024-10-16T11:40:16.462+0000] {processor.py:914} INFO - Processing file /home/airflow/.local/lib/python3.12/site-packages/airflow/example_dags/example_external_task_marker_dag.py for tasks to queue
[2024-10-16T11:40:16.463+0000] {logging_mixin.py:190} INFO - [2024-10-16T11:40:16.463+0000] {dagbag.py:588} INFO - Filling up the DagBag from /home/airflow/.local/lib/python3.12/site-packages/airflow/example_dags/example_external_task_marker_dag.py
[2024-10-16T11:40:16.472+0000] {processor.py:925} INFO - DAG(s) 'example_external_task_marker_parent', 'example_external_task_marker_child' retrieved from /home/airflow/.local/lib/python3.12/site-packages/airflow/example_dags/example_external_task_marker_dag.py
[2024-10-16T11:40:16.496+0000] {logging_mixin.py:190} INFO - [2024-10-16T11:40:16.496+0000] {dag.py:3239} INFO - Sync 2 DAGs
[2024-10-16T11:40:16.513+0000] {logging_mixin.py:190} INFO - [2024-10-16T11:40:16.513+0000] {dag.py:4180} INFO - Setting next_dagrun for example_external_task_marker_child to None, run_after=None
[2024-10-16T11:40:16.517+0000] {logging_mixin.py:190} INFO - [2024-10-16T11:40:16.517+0000] {dag.py:4180} INFO - Setting next_dagrun for example_external_task_marker_parent to None, run_after=None
[2024-10-16T11:40:16.534+0000] {processor.py:208} INFO - Processing /home/airflow/.local/lib/python3.12/site-packages/airflow/example_dags/example_external_task_marker_dag.py took 0.080 seconds
[2024-10-16T11:40:46.693+0000] {processor.py:186} INFO - Started process (PID=126938) to work on /home/airflow/.local/lib/python3.12/site-packages/airflow/example_dags/example_external_task_marker_dag.py
[2024-10-16T11:40:46.694+0000] {processor.py:914} INFO - Processing file /home/airflow/.local/lib/python3.12/site-packages/airflow/example_dags/example_external_task_marker_dag.py for tasks to queue
[2024-10-16T11:40:46.696+0000] {logging_mixin.py:190} INFO - [2024-10-16T11:40:46.695+0000] {dagbag.py:588} INFO - Filling up the DagBag from /home/airflow/.local/lib/python3.12/site-packages/airflow/example_dags/example_external_task_marker_dag.py
[2024-10-16T11:40:46.705+0000] {processor.py:925} INFO - DAG(s) 'example_external_task_marker_parent', 'example_external_task_marker_child' retrieved from /home/airflow/.local/lib/python3.12/site-packages/airflow/example_dags/example_external_task_marker_dag.py
[2024-10-16T11:40:46.729+0000] {logging_mixin.py:190} INFO - [2024-10-16T11:40:46.729+0000] {dag.py:3239} INFO - Sync 2 DAGs
[2024-10-16T11:40:46.749+0000] {logging_mixin.py:190} INFO - [2024-10-16T11:40:46.749+0000] {dag.py:4180} INFO - Setting next_dagrun for example_external_task_marker_child to None, run_after=None
[2024-10-16T11:40:46.753+0000] {logging_mixin.py:190} INFO - [2024-10-16T11:40:46.753+0000] {dag.py:4180} INFO - Setting next_dagrun for example_external_task_marker_parent to None, run_after=None
[2024-10-16T11:40:46.771+0000] {processor.py:208} INFO - Processing /home/airflow/.local/lib/python3.12/site-packages/airflow/example_dags/example_external_task_marker_dag.py took 0.084 seconds
[2024-10-16T11:41:17.199+0000] {processor.py:186} INFO - Started process (PID=127001) to work on /home/airflow/.local/lib/python3.12/site-packages/airflow/example_dags/example_external_task_marker_dag.py
[2024-10-16T11:41:17.200+0000] {processor.py:914} INFO - Processing file /home/airflow/.local/lib/python3.12/site-packages/airflow/example_dags/example_external_task_marker_dag.py for tasks to queue
[2024-10-16T11:41:17.201+0000] {logging_mixin.py:190} INFO - [2024-10-16T11:41:17.201+0000] {dagbag.py:588} INFO - Filling up the DagBag from /home/airflow/.local/lib/python3.12/site-packages/airflow/example_dags/example_external_task_marker_dag.py
[2024-10-16T11:41:17.210+0000] {processor.py:925} INFO - DAG(s) 'example_external_task_marker_parent', 'example_external_task_marker_child' retrieved from /home/airflow/.local/lib/python3.12/site-packages/airflow/example_dags/example_external_task_marker_dag.py
[2024-10-16T11:41:17.234+0000] {logging_mixin.py:190} INFO - [2024-10-16T11:41:17.234+0000] {dag.py:3239} INFO - Sync 2 DAGs
[2024-10-16T11:41:17.252+0000] {logging_mixin.py:190} INFO - [2024-10-16T11:41:17.251+0000] {dag.py:4180} INFO - Setting next_dagrun for example_external_task_marker_child to None, run_after=None
[2024-10-16T11:41:17.256+0000] {logging_mixin.py:190} INFO - [2024-10-16T11:41:17.256+0000] {dag.py:4180} INFO - Setting next_dagrun for example_external_task_marker_parent to None, run_after=None
[2024-10-16T11:41:17.273+0000] {processor.py:208} INFO - Processing /home/airflow/.local/lib/python3.12/site-packages/airflow/example_dags/example_external_task_marker_dag.py took 0.081 seconds
[2024-10-16T11:41:48.024+0000] {processor.py:186} INFO - Started process (PID=127064) to work on /home/airflow/.local/lib/python3.12/site-packages/airflow/example_dags/example_external_task_marker_dag.py
[2024-10-16T11:41:48.025+0000] {processor.py:914} INFO - Processing file /home/airflow/.local/lib/python3.12/site-packages/airflow/example_dags/example_external_task_marker_dag.py for tasks to queue
[2024-10-16T11:41:48.027+0000] {logging_mixin.py:190} INFO - [2024-10-16T11:41:48.027+0000] {dagbag.py:588} INFO - Filling up the DagBag from /home/airflow/.local/lib/python3.12/site-packages/airflow/example_dags/example_external_task_marker_dag.py
[2024-10-16T11:41:48.036+0000] {processor.py:925} INFO - DAG(s) 'example_external_task_marker_parent', 'example_external_task_marker_child' retrieved from /home/airflow/.local/lib/python3.12/site-packages/airflow/example_dags/example_external_task_marker_dag.py
[2024-10-16T11:41:48.061+0000] {logging_mixin.py:190} INFO - [2024-10-16T11:41:48.061+0000] {dag.py:3239} INFO - Sync 2 DAGs
[2024-10-16T11:41:48.078+0000] {logging_mixin.py:190} INFO - [2024-10-16T11:41:48.078+0000] {dag.py:4180} INFO - Setting next_dagrun for example_external_task_marker_child to None, run_after=None
[2024-10-16T11:41:48.082+0000] {logging_mixin.py:190} INFO - [2024-10-16T11:41:48.082+0000] {dag.py:4180} INFO - Setting next_dagrun for example_external_task_marker_parent to None, run_after=None
[2024-10-16T11:41:48.101+0000] {processor.py:208} INFO - Processing /home/airflow/.local/lib/python3.12/site-packages/airflow/example_dags/example_external_task_marker_dag.py took 0.083 seconds
[2024-10-16T11:42:19.266+0000] {processor.py:186} INFO - Started process (PID=127127) to work on /home/airflow/.local/lib/python3.12/site-packages/airflow/example_dags/example_external_task_marker_dag.py
[2024-10-16T11:42:19.267+0000] {processor.py:914} INFO - Processing file /home/airflow/.local/lib/python3.12/site-packages/airflow/example_dags/example_external_task_marker_dag.py for tasks to queue
[2024-10-16T11:42:19.268+0000] {logging_mixin.py:190} INFO - [2024-10-16T11:42:19.268+0000] {dagbag.py:588} INFO - Filling up the DagBag from /home/airflow/.local/lib/python3.12/site-packages/airflow/example_dags/example_external_task_marker_dag.py
[2024-10-16T11:42:19.277+0000] {processor.py:925} INFO - DAG(s) 'example_external_task_marker_child', 'example_external_task_marker_parent' retrieved from /home/airflow/.local/lib/python3.12/site-packages/airflow/example_dags/example_external_task_marker_dag.py
[2024-10-16T11:42:19.301+0000] {logging_mixin.py:190} INFO - [2024-10-16T11:42:19.301+0000] {dag.py:3239} INFO - Sync 2 DAGs
[2024-10-16T11:42:19.319+0000] {logging_mixin.py:190} INFO - [2024-10-16T11:42:19.319+0000] {dag.py:4180} INFO - Setting next_dagrun for example_external_task_marker_child to None, run_after=None
[2024-10-16T11:42:19.324+0000] {logging_mixin.py:190} INFO - [2024-10-16T11:42:19.323+0000] {dag.py:4180} INFO - Setting next_dagrun for example_external_task_marker_parent to None, run_after=None
[2024-10-16T11:42:19.342+0000] {processor.py:208} INFO - Processing /home/airflow/.local/lib/python3.12/site-packages/airflow/example_dags/example_external_task_marker_dag.py took 0.084 seconds
[2024-10-16T11:42:49.998+0000] {processor.py:186} INFO - Started process (PID=127190) to work on /home/airflow/.local/lib/python3.12/site-packages/airflow/example_dags/example_external_task_marker_dag.py
[2024-10-16T11:42:49.999+0000] {processor.py:914} INFO - Processing file /home/airflow/.local/lib/python3.12/site-packages/airflow/example_dags/example_external_task_marker_dag.py for tasks to queue
[2024-10-16T11:42:50.000+0000] {logging_mixin.py:190} INFO - [2024-10-16T11:42:50.000+0000] {dagbag.py:588} INFO - Filling up the DagBag from /home/airflow/.local/lib/python3.12/site-packages/airflow/example_dags/example_external_task_marker_dag.py
[2024-10-16T11:42:50.009+0000] {processor.py:925} INFO - DAG(s) 'example_external_task_marker_child', 'example_external_task_marker_parent' retrieved from /home/airflow/.local/lib/python3.12/site-packages/airflow/example_dags/example_external_task_marker_dag.py
[2024-10-16T11:42:50.039+0000] {logging_mixin.py:190} INFO - [2024-10-16T11:42:50.039+0000] {dag.py:3239} INFO - Sync 2 DAGs
[2024-10-16T11:42:50.061+0000] {logging_mixin.py:190} INFO - [2024-10-16T11:42:50.060+0000] {dag.py:4180} INFO - Setting next_dagrun for example_external_task_marker_child to None, run_after=None
[2024-10-16T11:42:50.066+0000] {logging_mixin.py:190} INFO - [2024-10-16T11:42:50.066+0000] {dag.py:4180} INFO - Setting next_dagrun for example_external_task_marker_parent to None, run_after=None
[2024-10-16T11:42:50.084+0000] {processor.py:208} INFO - Processing /home/airflow/.local/lib/python3.12/site-packages/airflow/example_dags/example_external_task_marker_dag.py took 0.095 seconds
[2024-10-16T11:43:20.212+0000] {processor.py:186} INFO - Started process (PID=127253) to work on /home/airflow/.local/lib/python3.12/site-packages/airflow/example_dags/example_external_task_marker_dag.py
[2024-10-16T11:43:20.213+0000] {processor.py:914} INFO - Processing file /home/airflow/.local/lib/python3.12/site-packages/airflow/example_dags/example_external_task_marker_dag.py for tasks to queue
[2024-10-16T11:43:20.215+0000] {logging_mixin.py:190} INFO - [2024-10-16T11:43:20.214+0000] {dagbag.py:588} INFO - Filling up the DagBag from /home/airflow/.local/lib/python3.12/site-packages/airflow/example_dags/example_external_task_marker_dag.py
[2024-10-16T11:43:20.224+0000] {processor.py:925} INFO - DAG(s) 'example_external_task_marker_parent', 'example_external_task_marker_child' retrieved from /home/airflow/.local/lib/python3.12/site-packages/airflow/example_dags/example_external_task_marker_dag.py
[2024-10-16T11:43:20.247+0000] {logging_mixin.py:190} INFO - [2024-10-16T11:43:20.247+0000] {dag.py:3239} INFO - Sync 2 DAGs
[2024-10-16T11:43:20.266+0000] {logging_mixin.py:190} INFO - [2024-10-16T11:43:20.265+0000] {dag.py:4180} INFO - Setting next_dagrun for example_external_task_marker_child to None, run_after=None
[2024-10-16T11:43:20.270+0000] {logging_mixin.py:190} INFO - [2024-10-16T11:43:20.269+0000] {dag.py:4180} INFO - Setting next_dagrun for example_external_task_marker_parent to None, run_after=None
[2024-10-16T11:43:20.286+0000] {processor.py:208} INFO - Processing /home/airflow/.local/lib/python3.12/site-packages/airflow/example_dags/example_external_task_marker_dag.py took 0.081 seconds
[2024-10-16T11:43:50.629+0000] {processor.py:186} INFO - Started process (PID=127316) to work on /home/airflow/.local/lib/python3.12/site-packages/airflow/example_dags/example_external_task_marker_dag.py
[2024-10-16T11:43:50.630+0000] {processor.py:914} INFO - Processing file /home/airflow/.local/lib/python3.12/site-packages/airflow/example_dags/example_external_task_marker_dag.py for tasks to queue
[2024-10-16T11:43:50.632+0000] {logging_mixin.py:190} INFO - [2024-10-16T11:43:50.631+0000] {dagbag.py:588} INFO - Filling up the DagBag from /home/airflow/.local/lib/python3.12/site-packages/airflow/example_dags/example_external_task_marker_dag.py
[2024-10-16T11:43:50.640+0000] {processor.py:925} INFO - DAG(s) 'example_external_task_marker_parent', 'example_external_task_marker_child' retrieved from /home/airflow/.local/lib/python3.12/site-packages/airflow/example_dags/example_external_task_marker_dag.py
[2024-10-16T11:43:50.668+0000] {logging_mixin.py:190} INFO - [2024-10-16T11:43:50.667+0000] {dag.py:3239} INFO - Sync 2 DAGs
[2024-10-16T11:43:50.685+0000] {logging_mixin.py:190} INFO - [2024-10-16T11:43:50.685+0000] {dag.py:4180} INFO - Setting next_dagrun for example_external_task_marker_child to None, run_after=None
[2024-10-16T11:43:50.690+0000] {logging_mixin.py:190} INFO - [2024-10-16T11:43:50.689+0000] {dag.py:4180} INFO - Setting next_dagrun for example_external_task_marker_parent to None, run_after=None
[2024-10-16T11:43:50.708+0000] {processor.py:208} INFO - Processing /home/airflow/.local/lib/python3.12/site-packages/airflow/example_dags/example_external_task_marker_dag.py took 0.085 seconds
[2024-10-16T11:44:22.107+0000] {processor.py:186} INFO - Started process (PID=127380) to work on /home/airflow/.local/lib/python3.12/site-packages/airflow/example_dags/example_external_task_marker_dag.py
[2024-10-16T11:44:22.108+0000] {processor.py:914} INFO - Processing file /home/airflow/.local/lib/python3.12/site-packages/airflow/example_dags/example_external_task_marker_dag.py for tasks to queue
[2024-10-16T11:44:22.110+0000] {logging_mixin.py:190} INFO - [2024-10-16T11:44:22.109+0000] {dagbag.py:588} INFO - Filling up the DagBag from /home/airflow/.local/lib/python3.12/site-packages/airflow/example_dags/example_external_task_marker_dag.py
[2024-10-16T11:44:22.118+0000] {processor.py:925} INFO - DAG(s) 'example_external_task_marker_parent', 'example_external_task_marker_child' retrieved from /home/airflow/.local/lib/python3.12/site-packages/airflow/example_dags/example_external_task_marker_dag.py
[2024-10-16T11:44:22.142+0000] {logging_mixin.py:190} INFO - [2024-10-16T11:44:22.142+0000] {dag.py:3239} INFO - Sync 2 DAGs
[2024-10-16T11:44:22.159+0000] {logging_mixin.py:190} INFO - [2024-10-16T11:44:22.159+0000] {dag.py:4180} INFO - Setting next_dagrun for example_external_task_marker_child to None, run_after=None
[2024-10-16T11:44:22.164+0000] {logging_mixin.py:190} INFO - [2024-10-16T11:44:22.164+0000] {dag.py:4180} INFO - Setting next_dagrun for example_external_task_marker_parent to None, run_after=None
[2024-10-16T11:44:22.181+0000] {processor.py:208} INFO - Processing /home/airflow/.local/lib/python3.12/site-packages/airflow/example_dags/example_external_task_marker_dag.py took 0.080 seconds
[2024-10-16T11:44:52.483+0000] {processor.py:186} INFO - Started process (PID=127443) to work on /home/airflow/.local/lib/python3.12/site-packages/airflow/example_dags/example_external_task_marker_dag.py
[2024-10-16T11:44:52.484+0000] {processor.py:914} INFO - Processing file /home/airflow/.local/lib/python3.12/site-packages/airflow/example_dags/example_external_task_marker_dag.py for tasks to queue
[2024-10-16T11:44:52.486+0000] {logging_mixin.py:190} INFO - [2024-10-16T11:44:52.485+0000] {dagbag.py:588} INFO - Filling up the DagBag from /home/airflow/.local/lib/python3.12/site-packages/airflow/example_dags/example_external_task_marker_dag.py
[2024-10-16T11:44:52.494+0000] {processor.py:925} INFO - DAG(s) 'example_external_task_marker_child', 'example_external_task_marker_parent' retrieved from /home/airflow/.local/lib/python3.12/site-packages/airflow/example_dags/example_external_task_marker_dag.py
[2024-10-16T11:44:52.518+0000] {logging_mixin.py:190} INFO - [2024-10-16T11:44:52.518+0000] {dag.py:3239} INFO - Sync 2 DAGs
[2024-10-16T11:44:52.538+0000] {logging_mixin.py:190} INFO - [2024-10-16T11:44:52.537+0000] {dag.py:4180} INFO - Setting next_dagrun for example_external_task_marker_child to None, run_after=None
[2024-10-16T11:44:52.543+0000] {logging_mixin.py:190} INFO - [2024-10-16T11:44:52.543+0000] {dag.py:4180} INFO - Setting next_dagrun for example_external_task_marker_parent to None, run_after=None
[2024-10-16T11:44:52.561+0000] {processor.py:208} INFO - Processing /home/airflow/.local/lib/python3.12/site-packages/airflow/example_dags/example_external_task_marker_dag.py took 0.085 seconds
[2024-10-16T11:45:24.198+0000] {processor.py:186} INFO - Started process (PID=127506) to work on /home/airflow/.local/lib/python3.12/site-packages/airflow/example_dags/example_external_task_marker_dag.py
[2024-10-16T11:45:24.200+0000] {processor.py:914} INFO - Processing file /home/airflow/.local/lib/python3.12/site-packages/airflow/example_dags/example_external_task_marker_dag.py for tasks to queue
[2024-10-16T11:45:24.201+0000] {logging_mixin.py:190} INFO - [2024-10-16T11:45:24.201+0000] {dagbag.py:588} INFO - Filling up the DagBag from /home/airflow/.local/lib/python3.12/site-packages/airflow/example_dags/example_external_task_marker_dag.py
[2024-10-16T11:45:24.211+0000] {processor.py:925} INFO - DAG(s) 'example_external_task_marker_parent', 'example_external_task_marker_child' retrieved from /home/airflow/.local/lib/python3.12/site-packages/airflow/example_dags/example_external_task_marker_dag.py
[2024-10-16T11:45:24.239+0000] {logging_mixin.py:190} INFO - [2024-10-16T11:45:24.239+0000] {dag.py:3239} INFO - Sync 2 DAGs
[2024-10-16T11:45:24.264+0000] {logging_mixin.py:190} INFO - [2024-10-16T11:45:24.264+0000] {dag.py:4180} INFO - Setting next_dagrun for example_external_task_marker_child to None, run_after=None
[2024-10-16T11:45:24.270+0000] {logging_mixin.py:190} INFO - [2024-10-16T11:45:24.269+0000] {dag.py:4180} INFO - Setting next_dagrun for example_external_task_marker_parent to None, run_after=None
[2024-10-16T11:45:24.290+0000] {processor.py:208} INFO - Processing /home/airflow/.local/lib/python3.12/site-packages/airflow/example_dags/example_external_task_marker_dag.py took 0.100 seconds
[2024-10-16T11:45:56.648+0000] {processor.py:186} INFO - Started process (PID=127570) to work on /home/airflow/.local/lib/python3.12/site-packages/airflow/example_dags/example_external_task_marker_dag.py
[2024-10-16T11:45:56.649+0000] {processor.py:914} INFO - Processing file /home/airflow/.local/lib/python3.12/site-packages/airflow/example_dags/example_external_task_marker_dag.py for tasks to queue
[2024-10-16T11:45:56.651+0000] {logging_mixin.py:190} INFO - [2024-10-16T11:45:56.650+0000] {dagbag.py:588} INFO - Filling up the DagBag from /home/airflow/.local/lib/python3.12/site-packages/airflow/example_dags/example_external_task_marker_dag.py
[2024-10-16T11:45:56.662+0000] {processor.py:925} INFO - DAG(s) 'example_external_task_marker_parent', 'example_external_task_marker_child' retrieved from /home/airflow/.local/lib/python3.12/site-packages/airflow/example_dags/example_external_task_marker_dag.py
[2024-10-16T11:45:56.696+0000] {logging_mixin.py:190} INFO - [2024-10-16T11:45:56.695+0000] {dag.py:3239} INFO - Sync 2 DAGs
[2024-10-16T11:45:56.724+0000] {logging_mixin.py:190} INFO - [2024-10-16T11:45:56.723+0000] {dag.py:4180} INFO - Setting next_dagrun for example_external_task_marker_child to None, run_after=None
[2024-10-16T11:45:56.730+0000] {logging_mixin.py:190} INFO - [2024-10-16T11:45:56.730+0000] {dag.py:4180} INFO - Setting next_dagrun for example_external_task_marker_parent to None, run_after=None
[2024-10-16T11:45:56.752+0000] {processor.py:208} INFO - Processing /home/airflow/.local/lib/python3.12/site-packages/airflow/example_dags/example_external_task_marker_dag.py took 0.113 seconds
