[2024-10-16T11:30:04.461+0000] {processor.py:186} INFO - Started process (PID=125611) to work on /home/airflow/.local/lib/python3.12/site-packages/airflow/example_dags/example_sensors.py
[2024-10-16T11:30:04.462+0000] {processor.py:914} INFO - Processing file /home/airflow/.local/lib/python3.12/site-packages/airflow/example_dags/example_sensors.py for tasks to queue
[2024-10-16T11:30:04.463+0000] {logging_mixin.py:190} INFO - [2024-10-16T11:30:04.463+0000] {dagbag.py:588} INFO - Filling up the DagBag from /home/airflow/.local/lib/python3.12/site-packages/airflow/example_dags/example_sensors.py
[2024-10-16T11:30:04.476+0000] {processor.py:925} INFO - DAG(s) 'example_sensors' retrieved from /home/airflow/.local/lib/python3.12/site-packages/airflow/example_dags/example_sensors.py
[2024-10-16T11:30:04.501+0000] {logging_mixin.py:190} INFO - [2024-10-16T11:30:04.501+0000] {dag.py:3239} INFO - Sync 1 DAGs
[2024-10-16T11:30:04.518+0000] {logging_mixin.py:190} INFO - [2024-10-16T11:30:04.518+0000] {dag.py:4180} INFO - Setting next_dagrun for example_sensors to None, run_after=None
[2024-10-16T11:30:04.538+0000] {processor.py:208} INFO - Processing /home/airflow/.local/lib/python3.12/site-packages/airflow/example_dags/example_sensors.py took 0.083 seconds
[2024-10-16T11:30:35.313+0000] {processor.py:186} INFO - Started process (PID=125675) to work on /home/airflow/.local/lib/python3.12/site-packages/airflow/example_dags/example_sensors.py
[2024-10-16T11:30:35.314+0000] {processor.py:914} INFO - Processing file /home/airflow/.local/lib/python3.12/site-packages/airflow/example_dags/example_sensors.py for tasks to queue
[2024-10-16T11:30:35.315+0000] {logging_mixin.py:190} INFO - [2024-10-16T11:30:35.315+0000] {dagbag.py:588} INFO - Filling up the DagBag from /home/airflow/.local/lib/python3.12/site-packages/airflow/example_dags/example_sensors.py
[2024-10-16T11:30:35.329+0000] {processor.py:925} INFO - DAG(s) 'example_sensors' retrieved from /home/airflow/.local/lib/python3.12/site-packages/airflow/example_dags/example_sensors.py
[2024-10-16T11:30:35.358+0000] {logging_mixin.py:190} INFO - [2024-10-16T11:30:35.357+0000] {dag.py:3239} INFO - Sync 1 DAGs
[2024-10-16T11:30:35.374+0000] {logging_mixin.py:190} INFO - [2024-10-16T11:30:35.374+0000] {dag.py:4180} INFO - Setting next_dagrun for example_sensors to None, run_after=None
[2024-10-16T11:30:35.395+0000] {processor.py:208} INFO - Processing /home/airflow/.local/lib/python3.12/site-packages/airflow/example_dags/example_sensors.py took 0.089 seconds
[2024-10-16T11:31:05.865+0000] {processor.py:186} INFO - Started process (PID=125738) to work on /home/airflow/.local/lib/python3.12/site-packages/airflow/example_dags/example_sensors.py
[2024-10-16T11:31:05.866+0000] {processor.py:914} INFO - Processing file /home/airflow/.local/lib/python3.12/site-packages/airflow/example_dags/example_sensors.py for tasks to queue
[2024-10-16T11:31:05.867+0000] {logging_mixin.py:190} INFO - [2024-10-16T11:31:05.867+0000] {dagbag.py:588} INFO - Filling up the DagBag from /home/airflow/.local/lib/python3.12/site-packages/airflow/example_dags/example_sensors.py
[2024-10-16T11:31:05.877+0000] {processor.py:925} INFO - DAG(s) 'example_sensors' retrieved from /home/airflow/.local/lib/python3.12/site-packages/airflow/example_dags/example_sensors.py
[2024-10-16T11:31:05.902+0000] {logging_mixin.py:190} INFO - [2024-10-16T11:31:05.901+0000] {dag.py:3239} INFO - Sync 1 DAGs
[2024-10-16T11:31:05.915+0000] {logging_mixin.py:190} INFO - [2024-10-16T11:31:05.915+0000] {dag.py:4180} INFO - Setting next_dagrun for example_sensors to None, run_after=None
[2024-10-16T11:31:05.933+0000] {processor.py:208} INFO - Processing /home/airflow/.local/lib/python3.12/site-packages/airflow/example_dags/example_sensors.py took 0.073 seconds
[2024-10-16T11:31:36.502+0000] {processor.py:186} INFO - Started process (PID=125801) to work on /home/airflow/.local/lib/python3.12/site-packages/airflow/example_dags/example_sensors.py
[2024-10-16T11:31:36.503+0000] {processor.py:914} INFO - Processing file /home/airflow/.local/lib/python3.12/site-packages/airflow/example_dags/example_sensors.py for tasks to queue
[2024-10-16T11:31:36.505+0000] {logging_mixin.py:190} INFO - [2024-10-16T11:31:36.504+0000] {dagbag.py:588} INFO - Filling up the DagBag from /home/airflow/.local/lib/python3.12/site-packages/airflow/example_dags/example_sensors.py
[2024-10-16T11:31:36.515+0000] {processor.py:925} INFO - DAG(s) 'example_sensors' retrieved from /home/airflow/.local/lib/python3.12/site-packages/airflow/example_dags/example_sensors.py
[2024-10-16T11:31:36.538+0000] {logging_mixin.py:190} INFO - [2024-10-16T11:31:36.538+0000] {dag.py:3239} INFO - Sync 1 DAGs
[2024-10-16T11:31:36.552+0000] {logging_mixin.py:190} INFO - [2024-10-16T11:31:36.551+0000] {dag.py:4180} INFO - Setting next_dagrun for example_sensors to None, run_after=None
[2024-10-16T11:31:36.567+0000] {processor.py:208} INFO - Processing /home/airflow/.local/lib/python3.12/site-packages/airflow/example_dags/example_sensors.py took 0.071 seconds
[2024-10-16T11:32:07.031+0000] {processor.py:186} INFO - Started process (PID=125864) to work on /home/airflow/.local/lib/python3.12/site-packages/airflow/example_dags/example_sensors.py
[2024-10-16T11:32:07.032+0000] {processor.py:914} INFO - Processing file /home/airflow/.local/lib/python3.12/site-packages/airflow/example_dags/example_sensors.py for tasks to queue
[2024-10-16T11:32:07.033+0000] {logging_mixin.py:190} INFO - [2024-10-16T11:32:07.033+0000] {dagbag.py:588} INFO - Filling up the DagBag from /home/airflow/.local/lib/python3.12/site-packages/airflow/example_dags/example_sensors.py
[2024-10-16T11:32:07.049+0000] {processor.py:925} INFO - DAG(s) 'example_sensors' retrieved from /home/airflow/.local/lib/python3.12/site-packages/airflow/example_dags/example_sensors.py
[2024-10-16T11:32:07.077+0000] {logging_mixin.py:190} INFO - [2024-10-16T11:32:07.076+0000] {dag.py:3239} INFO - Sync 1 DAGs
[2024-10-16T11:32:07.094+0000] {logging_mixin.py:190} INFO - [2024-10-16T11:32:07.094+0000] {dag.py:4180} INFO - Setting next_dagrun for example_sensors to None, run_after=None
[2024-10-16T11:32:07.115+0000] {processor.py:208} INFO - Processing /home/airflow/.local/lib/python3.12/site-packages/airflow/example_dags/example_sensors.py took 0.092 seconds
[2024-10-16T11:32:37.730+0000] {processor.py:186} INFO - Started process (PID=125927) to work on /home/airflow/.local/lib/python3.12/site-packages/airflow/example_dags/example_sensors.py
[2024-10-16T11:32:37.731+0000] {processor.py:914} INFO - Processing file /home/airflow/.local/lib/python3.12/site-packages/airflow/example_dags/example_sensors.py for tasks to queue
[2024-10-16T11:32:37.732+0000] {logging_mixin.py:190} INFO - [2024-10-16T11:32:37.732+0000] {dagbag.py:588} INFO - Filling up the DagBag from /home/airflow/.local/lib/python3.12/site-packages/airflow/example_dags/example_sensors.py
[2024-10-16T11:32:37.744+0000] {processor.py:925} INFO - DAG(s) 'example_sensors' retrieved from /home/airflow/.local/lib/python3.12/site-packages/airflow/example_dags/example_sensors.py
[2024-10-16T11:32:37.770+0000] {logging_mixin.py:190} INFO - [2024-10-16T11:32:37.770+0000] {dag.py:3239} INFO - Sync 1 DAGs
[2024-10-16T11:32:37.783+0000] {logging_mixin.py:190} INFO - [2024-10-16T11:32:37.783+0000] {dag.py:4180} INFO - Setting next_dagrun for example_sensors to None, run_after=None
[2024-10-16T11:32:37.802+0000] {processor.py:208} INFO - Processing /home/airflow/.local/lib/python3.12/site-packages/airflow/example_dags/example_sensors.py took 0.079 seconds
[2024-10-16T11:33:08.247+0000] {processor.py:186} INFO - Started process (PID=125990) to work on /home/airflow/.local/lib/python3.12/site-packages/airflow/example_dags/example_sensors.py
[2024-10-16T11:33:08.248+0000] {processor.py:914} INFO - Processing file /home/airflow/.local/lib/python3.12/site-packages/airflow/example_dags/example_sensors.py for tasks to queue
[2024-10-16T11:33:08.250+0000] {logging_mixin.py:190} INFO - [2024-10-16T11:33:08.249+0000] {dagbag.py:588} INFO - Filling up the DagBag from /home/airflow/.local/lib/python3.12/site-packages/airflow/example_dags/example_sensors.py
[2024-10-16T11:33:08.268+0000] {processor.py:925} INFO - DAG(s) 'example_sensors' retrieved from /home/airflow/.local/lib/python3.12/site-packages/airflow/example_dags/example_sensors.py
[2024-10-16T11:33:08.303+0000] {logging_mixin.py:190} INFO - [2024-10-16T11:33:08.303+0000] {dag.py:3239} INFO - Sync 1 DAGs
[2024-10-16T11:33:08.324+0000] {logging_mixin.py:190} INFO - [2024-10-16T11:33:08.324+0000] {dag.py:4180} INFO - Setting next_dagrun for example_sensors to None, run_after=None
[2024-10-16T11:33:08.354+0000] {processor.py:208} INFO - Processing /home/airflow/.local/lib/python3.12/site-packages/airflow/example_dags/example_sensors.py took 0.115 seconds
[2024-10-16T11:33:38.536+0000] {processor.py:186} INFO - Started process (PID=126053) to work on /home/airflow/.local/lib/python3.12/site-packages/airflow/example_dags/example_sensors.py
[2024-10-16T11:33:38.538+0000] {processor.py:914} INFO - Processing file /home/airflow/.local/lib/python3.12/site-packages/airflow/example_dags/example_sensors.py for tasks to queue
[2024-10-16T11:33:38.540+0000] {logging_mixin.py:190} INFO - [2024-10-16T11:33:38.539+0000] {dagbag.py:588} INFO - Filling up the DagBag from /home/airflow/.local/lib/python3.12/site-packages/airflow/example_dags/example_sensors.py
[2024-10-16T11:33:38.551+0000] {processor.py:925} INFO - DAG(s) 'example_sensors' retrieved from /home/airflow/.local/lib/python3.12/site-packages/airflow/example_dags/example_sensors.py
[2024-10-16T11:33:38.575+0000] {logging_mixin.py:190} INFO - [2024-10-16T11:33:38.575+0000] {dag.py:3239} INFO - Sync 1 DAGs
[2024-10-16T11:33:38.589+0000] {logging_mixin.py:190} INFO - [2024-10-16T11:33:38.589+0000] {dag.py:4180} INFO - Setting next_dagrun for example_sensors to None, run_after=None
[2024-10-16T11:33:38.607+0000] {processor.py:208} INFO - Processing /home/airflow/.local/lib/python3.12/site-packages/airflow/example_dags/example_sensors.py took 0.076 seconds
[2024-10-16T11:34:09.237+0000] {processor.py:186} INFO - Started process (PID=126116) to work on /home/airflow/.local/lib/python3.12/site-packages/airflow/example_dags/example_sensors.py
[2024-10-16T11:34:09.238+0000] {processor.py:914} INFO - Processing file /home/airflow/.local/lib/python3.12/site-packages/airflow/example_dags/example_sensors.py for tasks to queue
[2024-10-16T11:34:09.240+0000] {logging_mixin.py:190} INFO - [2024-10-16T11:34:09.240+0000] {dagbag.py:588} INFO - Filling up the DagBag from /home/airflow/.local/lib/python3.12/site-packages/airflow/example_dags/example_sensors.py
[2024-10-16T11:34:09.262+0000] {processor.py:925} INFO - DAG(s) 'example_sensors' retrieved from /home/airflow/.local/lib/python3.12/site-packages/airflow/example_dags/example_sensors.py
[2024-10-16T11:34:09.313+0000] {logging_mixin.py:190} INFO - [2024-10-16T11:34:09.312+0000] {dag.py:3239} INFO - Sync 1 DAGs
[2024-10-16T11:34:09.331+0000] {logging_mixin.py:190} INFO - [2024-10-16T11:34:09.331+0000] {dag.py:4180} INFO - Setting next_dagrun for example_sensors to None, run_after=None
[2024-10-16T11:34:09.357+0000] {processor.py:208} INFO - Processing /home/airflow/.local/lib/python3.12/site-packages/airflow/example_dags/example_sensors.py took 0.133 seconds
[2024-10-16T11:34:39.536+0000] {processor.py:186} INFO - Started process (PID=126180) to work on /home/airflow/.local/lib/python3.12/site-packages/airflow/example_dags/example_sensors.py
[2024-10-16T11:34:39.537+0000] {processor.py:914} INFO - Processing file /home/airflow/.local/lib/python3.12/site-packages/airflow/example_dags/example_sensors.py for tasks to queue
[2024-10-16T11:34:39.538+0000] {logging_mixin.py:190} INFO - [2024-10-16T11:34:39.538+0000] {dagbag.py:588} INFO - Filling up the DagBag from /home/airflow/.local/lib/python3.12/site-packages/airflow/example_dags/example_sensors.py
[2024-10-16T11:34:39.550+0000] {processor.py:925} INFO - DAG(s) 'example_sensors' retrieved from /home/airflow/.local/lib/python3.12/site-packages/airflow/example_dags/example_sensors.py
[2024-10-16T11:34:39.578+0000] {logging_mixin.py:190} INFO - [2024-10-16T11:34:39.578+0000] {dag.py:3239} INFO - Sync 1 DAGs
[2024-10-16T11:34:39.594+0000] {logging_mixin.py:190} INFO - [2024-10-16T11:34:39.593+0000] {dag.py:4180} INFO - Setting next_dagrun for example_sensors to None, run_after=None
[2024-10-16T11:34:39.611+0000] {processor.py:208} INFO - Processing /home/airflow/.local/lib/python3.12/site-packages/airflow/example_dags/example_sensors.py took 0.080 seconds
[2024-10-16T11:35:10.178+0000] {processor.py:186} INFO - Started process (PID=126243) to work on /home/airflow/.local/lib/python3.12/site-packages/airflow/example_dags/example_sensors.py
[2024-10-16T11:35:10.179+0000] {processor.py:914} INFO - Processing file /home/airflow/.local/lib/python3.12/site-packages/airflow/example_dags/example_sensors.py for tasks to queue
[2024-10-16T11:35:10.180+0000] {logging_mixin.py:190} INFO - [2024-10-16T11:35:10.180+0000] {dagbag.py:588} INFO - Filling up the DagBag from /home/airflow/.local/lib/python3.12/site-packages/airflow/example_dags/example_sensors.py
[2024-10-16T11:35:10.192+0000] {processor.py:925} INFO - DAG(s) 'example_sensors' retrieved from /home/airflow/.local/lib/python3.12/site-packages/airflow/example_dags/example_sensors.py
[2024-10-16T11:35:10.218+0000] {logging_mixin.py:190} INFO - [2024-10-16T11:35:10.218+0000] {dag.py:3239} INFO - Sync 1 DAGs
[2024-10-16T11:35:10.233+0000] {logging_mixin.py:190} INFO - [2024-10-16T11:35:10.232+0000] {dag.py:4180} INFO - Setting next_dagrun for example_sensors to None, run_after=None
[2024-10-16T11:35:10.251+0000] {processor.py:208} INFO - Processing /home/airflow/.local/lib/python3.12/site-packages/airflow/example_dags/example_sensors.py took 0.078 seconds
[2024-10-16T11:35:40.682+0000] {processor.py:186} INFO - Started process (PID=126306) to work on /home/airflow/.local/lib/python3.12/site-packages/airflow/example_dags/example_sensors.py
[2024-10-16T11:35:40.683+0000] {processor.py:914} INFO - Processing file /home/airflow/.local/lib/python3.12/site-packages/airflow/example_dags/example_sensors.py for tasks to queue
[2024-10-16T11:35:40.684+0000] {logging_mixin.py:190} INFO - [2024-10-16T11:35:40.684+0000] {dagbag.py:588} INFO - Filling up the DagBag from /home/airflow/.local/lib/python3.12/site-packages/airflow/example_dags/example_sensors.py
[2024-10-16T11:35:40.697+0000] {processor.py:925} INFO - DAG(s) 'example_sensors' retrieved from /home/airflow/.local/lib/python3.12/site-packages/airflow/example_dags/example_sensors.py
[2024-10-16T11:35:40.726+0000] {logging_mixin.py:190} INFO - [2024-10-16T11:35:40.726+0000] {dag.py:3239} INFO - Sync 1 DAGs
[2024-10-16T11:35:40.745+0000] {logging_mixin.py:190} INFO - [2024-10-16T11:35:40.745+0000] {dag.py:4180} INFO - Setting next_dagrun for example_sensors to None, run_after=None
[2024-10-16T11:35:40.764+0000] {processor.py:208} INFO - Processing /home/airflow/.local/lib/python3.12/site-packages/airflow/example_dags/example_sensors.py took 0.090 seconds
[2024-10-16T11:36:11.491+0000] {processor.py:186} INFO - Started process (PID=126369) to work on /home/airflow/.local/lib/python3.12/site-packages/airflow/example_dags/example_sensors.py
[2024-10-16T11:36:11.492+0000] {processor.py:914} INFO - Processing file /home/airflow/.local/lib/python3.12/site-packages/airflow/example_dags/example_sensors.py for tasks to queue
[2024-10-16T11:36:11.493+0000] {logging_mixin.py:190} INFO - [2024-10-16T11:36:11.493+0000] {dagbag.py:588} INFO - Filling up the DagBag from /home/airflow/.local/lib/python3.12/site-packages/airflow/example_dags/example_sensors.py
[2024-10-16T11:36:11.504+0000] {processor.py:925} INFO - DAG(s) 'example_sensors' retrieved from /home/airflow/.local/lib/python3.12/site-packages/airflow/example_dags/example_sensors.py
[2024-10-16T11:36:11.531+0000] {logging_mixin.py:190} INFO - [2024-10-16T11:36:11.531+0000] {dag.py:3239} INFO - Sync 1 DAGs
[2024-10-16T11:36:11.547+0000] {logging_mixin.py:190} INFO - [2024-10-16T11:36:11.546+0000] {dag.py:4180} INFO - Setting next_dagrun for example_sensors to None, run_after=None
[2024-10-16T11:36:11.573+0000] {processor.py:208} INFO - Processing /home/airflow/.local/lib/python3.12/site-packages/airflow/example_dags/example_sensors.py took 0.088 seconds
[2024-10-16T11:36:41.946+0000] {processor.py:186} INFO - Started process (PID=126433) to work on /home/airflow/.local/lib/python3.12/site-packages/airflow/example_dags/example_sensors.py
[2024-10-16T11:36:41.947+0000] {processor.py:914} INFO - Processing file /home/airflow/.local/lib/python3.12/site-packages/airflow/example_dags/example_sensors.py for tasks to queue
[2024-10-16T11:36:41.948+0000] {logging_mixin.py:190} INFO - [2024-10-16T11:36:41.947+0000] {dagbag.py:588} INFO - Filling up the DagBag from /home/airflow/.local/lib/python3.12/site-packages/airflow/example_dags/example_sensors.py
[2024-10-16T11:36:41.958+0000] {processor.py:925} INFO - DAG(s) 'example_sensors' retrieved from /home/airflow/.local/lib/python3.12/site-packages/airflow/example_dags/example_sensors.py
[2024-10-16T11:36:41.983+0000] {logging_mixin.py:190} INFO - [2024-10-16T11:36:41.982+0000] {dag.py:3239} INFO - Sync 1 DAGs
[2024-10-16T11:36:41.995+0000] {logging_mixin.py:190} INFO - [2024-10-16T11:36:41.995+0000] {dag.py:4180} INFO - Setting next_dagrun for example_sensors to None, run_after=None
[2024-10-16T11:36:42.011+0000] {processor.py:208} INFO - Processing /home/airflow/.local/lib/python3.12/site-packages/airflow/example_dags/example_sensors.py took 0.071 seconds
[2024-10-16T11:37:12.452+0000] {processor.py:186} INFO - Started process (PID=126496) to work on /home/airflow/.local/lib/python3.12/site-packages/airflow/example_dags/example_sensors.py
[2024-10-16T11:37:12.453+0000] {processor.py:914} INFO - Processing file /home/airflow/.local/lib/python3.12/site-packages/airflow/example_dags/example_sensors.py for tasks to queue
[2024-10-16T11:37:12.454+0000] {logging_mixin.py:190} INFO - [2024-10-16T11:37:12.454+0000] {dagbag.py:588} INFO - Filling up the DagBag from /home/airflow/.local/lib/python3.12/site-packages/airflow/example_dags/example_sensors.py
[2024-10-16T11:37:12.465+0000] {processor.py:925} INFO - DAG(s) 'example_sensors' retrieved from /home/airflow/.local/lib/python3.12/site-packages/airflow/example_dags/example_sensors.py
[2024-10-16T11:37:12.487+0000] {logging_mixin.py:190} INFO - [2024-10-16T11:37:12.487+0000] {dag.py:3239} INFO - Sync 1 DAGs
[2024-10-16T11:37:12.501+0000] {logging_mixin.py:190} INFO - [2024-10-16T11:37:12.501+0000] {dag.py:4180} INFO - Setting next_dagrun for example_sensors to None, run_after=None
[2024-10-16T11:37:12.518+0000] {processor.py:208} INFO - Processing /home/airflow/.local/lib/python3.12/site-packages/airflow/example_dags/example_sensors.py took 0.072 seconds
[2024-10-16T11:37:43.166+0000] {processor.py:186} INFO - Started process (PID=126559) to work on /home/airflow/.local/lib/python3.12/site-packages/airflow/example_dags/example_sensors.py
[2024-10-16T11:37:43.167+0000] {processor.py:914} INFO - Processing file /home/airflow/.local/lib/python3.12/site-packages/airflow/example_dags/example_sensors.py for tasks to queue
[2024-10-16T11:37:43.168+0000] {logging_mixin.py:190} INFO - [2024-10-16T11:37:43.168+0000] {dagbag.py:588} INFO - Filling up the DagBag from /home/airflow/.local/lib/python3.12/site-packages/airflow/example_dags/example_sensors.py
[2024-10-16T11:37:43.180+0000] {processor.py:925} INFO - DAG(s) 'example_sensors' retrieved from /home/airflow/.local/lib/python3.12/site-packages/airflow/example_dags/example_sensors.py
[2024-10-16T11:37:43.204+0000] {logging_mixin.py:190} INFO - [2024-10-16T11:37:43.204+0000] {dag.py:3239} INFO - Sync 1 DAGs
[2024-10-16T11:37:43.223+0000] {logging_mixin.py:190} INFO - [2024-10-16T11:37:43.222+0000] {dag.py:4180} INFO - Setting next_dagrun for example_sensors to None, run_after=None
[2024-10-16T11:37:43.244+0000] {processor.py:208} INFO - Processing /home/airflow/.local/lib/python3.12/site-packages/airflow/example_dags/example_sensors.py took 0.083 seconds
[2024-10-16T11:38:13.789+0000] {processor.py:186} INFO - Started process (PID=126622) to work on /home/airflow/.local/lib/python3.12/site-packages/airflow/example_dags/example_sensors.py
[2024-10-16T11:38:13.790+0000] {processor.py:914} INFO - Processing file /home/airflow/.local/lib/python3.12/site-packages/airflow/example_dags/example_sensors.py for tasks to queue
[2024-10-16T11:38:13.791+0000] {logging_mixin.py:190} INFO - [2024-10-16T11:38:13.791+0000] {dagbag.py:588} INFO - Filling up the DagBag from /home/airflow/.local/lib/python3.12/site-packages/airflow/example_dags/example_sensors.py
[2024-10-16T11:38:13.804+0000] {processor.py:925} INFO - DAG(s) 'example_sensors' retrieved from /home/airflow/.local/lib/python3.12/site-packages/airflow/example_dags/example_sensors.py
[2024-10-16T11:38:13.831+0000] {logging_mixin.py:190} INFO - [2024-10-16T11:38:13.831+0000] {dag.py:3239} INFO - Sync 1 DAGs
[2024-10-16T11:38:13.847+0000] {logging_mixin.py:190} INFO - [2024-10-16T11:38:13.847+0000] {dag.py:4180} INFO - Setting next_dagrun for example_sensors to None, run_after=None
[2024-10-16T11:38:13.866+0000] {processor.py:208} INFO - Processing /home/airflow/.local/lib/python3.12/site-packages/airflow/example_dags/example_sensors.py took 0.084 seconds
[2024-10-16T11:38:44.108+0000] {processor.py:186} INFO - Started process (PID=126686) to work on /home/airflow/.local/lib/python3.12/site-packages/airflow/example_dags/example_sensors.py
[2024-10-16T11:38:44.110+0000] {processor.py:914} INFO - Processing file /home/airflow/.local/lib/python3.12/site-packages/airflow/example_dags/example_sensors.py for tasks to queue
[2024-10-16T11:38:44.113+0000] {logging_mixin.py:190} INFO - [2024-10-16T11:38:44.112+0000] {dagbag.py:588} INFO - Filling up the DagBag from /home/airflow/.local/lib/python3.12/site-packages/airflow/example_dags/example_sensors.py
[2024-10-16T11:38:44.137+0000] {processor.py:925} INFO - DAG(s) 'example_sensors' retrieved from /home/airflow/.local/lib/python3.12/site-packages/airflow/example_dags/example_sensors.py
[2024-10-16T11:38:44.172+0000] {logging_mixin.py:190} INFO - [2024-10-16T11:38:44.172+0000] {dag.py:3239} INFO - Sync 1 DAGs
[2024-10-16T11:38:44.190+0000] {logging_mixin.py:190} INFO - [2024-10-16T11:38:44.190+0000] {dag.py:4180} INFO - Setting next_dagrun for example_sensors to None, run_after=None
[2024-10-16T11:38:44.217+0000] {processor.py:208} INFO - Processing /home/airflow/.local/lib/python3.12/site-packages/airflow/example_dags/example_sensors.py took 0.117 seconds
[2024-10-16T11:39:14.942+0000] {processor.py:186} INFO - Started process (PID=126754) to work on /home/airflow/.local/lib/python3.12/site-packages/airflow/example_dags/example_sensors.py
[2024-10-16T11:39:14.943+0000] {processor.py:914} INFO - Processing file /home/airflow/.local/lib/python3.12/site-packages/airflow/example_dags/example_sensors.py for tasks to queue
[2024-10-16T11:39:14.945+0000] {logging_mixin.py:190} INFO - [2024-10-16T11:39:14.944+0000] {dagbag.py:588} INFO - Filling up the DagBag from /home/airflow/.local/lib/python3.12/site-packages/airflow/example_dags/example_sensors.py
[2024-10-16T11:39:14.958+0000] {processor.py:925} INFO - DAG(s) 'example_sensors' retrieved from /home/airflow/.local/lib/python3.12/site-packages/airflow/example_dags/example_sensors.py
[2024-10-16T11:39:14.989+0000] {logging_mixin.py:190} INFO - [2024-10-16T11:39:14.989+0000] {dag.py:3239} INFO - Sync 1 DAGs
[2024-10-16T11:39:15.004+0000] {logging_mixin.py:190} INFO - [2024-10-16T11:39:15.004+0000] {dag.py:4180} INFO - Setting next_dagrun for example_sensors to None, run_after=None
[2024-10-16T11:39:15.023+0000] {processor.py:208} INFO - Processing /home/airflow/.local/lib/python3.12/site-packages/airflow/example_dags/example_sensors.py took 0.089 seconds
[2024-10-16T11:39:45.753+0000] {processor.py:186} INFO - Started process (PID=126817) to work on /home/airflow/.local/lib/python3.12/site-packages/airflow/example_dags/example_sensors.py
[2024-10-16T11:39:45.754+0000] {processor.py:914} INFO - Processing file /home/airflow/.local/lib/python3.12/site-packages/airflow/example_dags/example_sensors.py for tasks to queue
[2024-10-16T11:39:45.755+0000] {logging_mixin.py:190} INFO - [2024-10-16T11:39:45.755+0000] {dagbag.py:588} INFO - Filling up the DagBag from /home/airflow/.local/lib/python3.12/site-packages/airflow/example_dags/example_sensors.py
[2024-10-16T11:39:45.768+0000] {processor.py:925} INFO - DAG(s) 'example_sensors' retrieved from /home/airflow/.local/lib/python3.12/site-packages/airflow/example_dags/example_sensors.py
[2024-10-16T11:39:45.796+0000] {logging_mixin.py:190} INFO - [2024-10-16T11:39:45.795+0000] {dag.py:3239} INFO - Sync 1 DAGs
[2024-10-16T11:39:45.813+0000] {logging_mixin.py:190} INFO - [2024-10-16T11:39:45.812+0000] {dag.py:4180} INFO - Setting next_dagrun for example_sensors to None, run_after=None
[2024-10-16T11:39:45.832+0000] {processor.py:208} INFO - Processing /home/airflow/.local/lib/python3.12/site-packages/airflow/example_dags/example_sensors.py took 0.086 seconds
[2024-10-16T11:40:16.818+0000] {processor.py:186} INFO - Started process (PID=126879) to work on /home/airflow/.local/lib/python3.12/site-packages/airflow/example_dags/example_sensors.py
[2024-10-16T11:40:16.819+0000] {processor.py:914} INFO - Processing file /home/airflow/.local/lib/python3.12/site-packages/airflow/example_dags/example_sensors.py for tasks to queue
[2024-10-16T11:40:16.821+0000] {logging_mixin.py:190} INFO - [2024-10-16T11:40:16.821+0000] {dagbag.py:588} INFO - Filling up the DagBag from /home/airflow/.local/lib/python3.12/site-packages/airflow/example_dags/example_sensors.py
[2024-10-16T11:40:16.836+0000] {processor.py:925} INFO - DAG(s) 'example_sensors' retrieved from /home/airflow/.local/lib/python3.12/site-packages/airflow/example_dags/example_sensors.py
[2024-10-16T11:40:16.863+0000] {logging_mixin.py:190} INFO - [2024-10-16T11:40:16.863+0000] {dag.py:3239} INFO - Sync 1 DAGs
[2024-10-16T11:40:16.880+0000] {logging_mixin.py:190} INFO - [2024-10-16T11:40:16.880+0000] {dag.py:4180} INFO - Setting next_dagrun for example_sensors to None, run_after=None
[2024-10-16T11:40:16.901+0000] {processor.py:208} INFO - Processing /home/airflow/.local/lib/python3.12/site-packages/airflow/example_dags/example_sensors.py took 0.090 seconds
[2024-10-16T11:40:47.029+0000] {processor.py:186} INFO - Started process (PID=126942) to work on /home/airflow/.local/lib/python3.12/site-packages/airflow/example_dags/example_sensors.py
[2024-10-16T11:40:47.030+0000] {processor.py:914} INFO - Processing file /home/airflow/.local/lib/python3.12/site-packages/airflow/example_dags/example_sensors.py for tasks to queue
[2024-10-16T11:40:47.033+0000] {logging_mixin.py:190} INFO - [2024-10-16T11:40:47.032+0000] {dagbag.py:588} INFO - Filling up the DagBag from /home/airflow/.local/lib/python3.12/site-packages/airflow/example_dags/example_sensors.py
[2024-10-16T11:40:47.050+0000] {processor.py:925} INFO - DAG(s) 'example_sensors' retrieved from /home/airflow/.local/lib/python3.12/site-packages/airflow/example_dags/example_sensors.py
[2024-10-16T11:40:47.081+0000] {logging_mixin.py:190} INFO - [2024-10-16T11:40:47.080+0000] {dag.py:3239} INFO - Sync 1 DAGs
[2024-10-16T11:40:47.097+0000] {logging_mixin.py:190} INFO - [2024-10-16T11:40:47.096+0000] {dag.py:4180} INFO - Setting next_dagrun for example_sensors to None, run_after=None
[2024-10-16T11:40:47.116+0000] {processor.py:208} INFO - Processing /home/airflow/.local/lib/python3.12/site-packages/airflow/example_dags/example_sensors.py took 0.095 seconds
[2024-10-16T11:41:17.549+0000] {processor.py:186} INFO - Started process (PID=127005) to work on /home/airflow/.local/lib/python3.12/site-packages/airflow/example_dags/example_sensors.py
[2024-10-16T11:41:17.550+0000] {processor.py:914} INFO - Processing file /home/airflow/.local/lib/python3.12/site-packages/airflow/example_dags/example_sensors.py for tasks to queue
[2024-10-16T11:41:17.552+0000] {logging_mixin.py:190} INFO - [2024-10-16T11:41:17.551+0000] {dagbag.py:588} INFO - Filling up the DagBag from /home/airflow/.local/lib/python3.12/site-packages/airflow/example_dags/example_sensors.py
[2024-10-16T11:41:17.566+0000] {processor.py:925} INFO - DAG(s) 'example_sensors' retrieved from /home/airflow/.local/lib/python3.12/site-packages/airflow/example_dags/example_sensors.py
[2024-10-16T11:41:17.598+0000] {logging_mixin.py:190} INFO - [2024-10-16T11:41:17.598+0000] {dag.py:3239} INFO - Sync 1 DAGs
[2024-10-16T11:41:17.621+0000] {logging_mixin.py:190} INFO - [2024-10-16T11:41:17.621+0000] {dag.py:4180} INFO - Setting next_dagrun for example_sensors to None, run_after=None
[2024-10-16T11:41:17.641+0000] {processor.py:208} INFO - Processing /home/airflow/.local/lib/python3.12/site-packages/airflow/example_dags/example_sensors.py took 0.099 seconds
[2024-10-16T11:41:48.285+0000] {processor.py:186} INFO - Started process (PID=127068) to work on /home/airflow/.local/lib/python3.12/site-packages/airflow/example_dags/example_sensors.py
[2024-10-16T11:41:48.286+0000] {processor.py:914} INFO - Processing file /home/airflow/.local/lib/python3.12/site-packages/airflow/example_dags/example_sensors.py for tasks to queue
[2024-10-16T11:41:48.287+0000] {logging_mixin.py:190} INFO - [2024-10-16T11:41:48.287+0000] {dagbag.py:588} INFO - Filling up the DagBag from /home/airflow/.local/lib/python3.12/site-packages/airflow/example_dags/example_sensors.py
[2024-10-16T11:41:48.300+0000] {processor.py:925} INFO - DAG(s) 'example_sensors' retrieved from /home/airflow/.local/lib/python3.12/site-packages/airflow/example_dags/example_sensors.py
[2024-10-16T11:41:48.328+0000] {logging_mixin.py:190} INFO - [2024-10-16T11:41:48.328+0000] {dag.py:3239} INFO - Sync 1 DAGs
[2024-10-16T11:41:48.345+0000] {logging_mixin.py:190} INFO - [2024-10-16T11:41:48.344+0000] {dag.py:4180} INFO - Setting next_dagrun for example_sensors to None, run_after=None
[2024-10-16T11:41:48.364+0000] {processor.py:208} INFO - Processing /home/airflow/.local/lib/python3.12/site-packages/airflow/example_dags/example_sensors.py took 0.086 seconds
[2024-10-16T11:42:19.539+0000] {processor.py:186} INFO - Started process (PID=127131) to work on /home/airflow/.local/lib/python3.12/site-packages/airflow/example_dags/example_sensors.py
[2024-10-16T11:42:19.541+0000] {processor.py:914} INFO - Processing file /home/airflow/.local/lib/python3.12/site-packages/airflow/example_dags/example_sensors.py for tasks to queue
[2024-10-16T11:42:19.542+0000] {logging_mixin.py:190} INFO - [2024-10-16T11:42:19.542+0000] {dagbag.py:588} INFO - Filling up the DagBag from /home/airflow/.local/lib/python3.12/site-packages/airflow/example_dags/example_sensors.py
[2024-10-16T11:42:19.560+0000] {processor.py:925} INFO - DAG(s) 'example_sensors' retrieved from /home/airflow/.local/lib/python3.12/site-packages/airflow/example_dags/example_sensors.py
[2024-10-16T11:42:19.587+0000] {logging_mixin.py:190} INFO - [2024-10-16T11:42:19.587+0000] {dag.py:3239} INFO - Sync 1 DAGs
[2024-10-16T11:42:19.603+0000] {logging_mixin.py:190} INFO - [2024-10-16T11:42:19.603+0000] {dag.py:4180} INFO - Setting next_dagrun for example_sensors to None, run_after=None
[2024-10-16T11:42:19.624+0000] {processor.py:208} INFO - Processing /home/airflow/.local/lib/python3.12/site-packages/airflow/example_dags/example_sensors.py took 0.091 seconds
[2024-10-16T11:42:50.390+0000] {processor.py:186} INFO - Started process (PID=127194) to work on /home/airflow/.local/lib/python3.12/site-packages/airflow/example_dags/example_sensors.py
[2024-10-16T11:42:50.391+0000] {processor.py:914} INFO - Processing file /home/airflow/.local/lib/python3.12/site-packages/airflow/example_dags/example_sensors.py for tasks to queue
[2024-10-16T11:42:50.392+0000] {logging_mixin.py:190} INFO - [2024-10-16T11:42:50.392+0000] {dagbag.py:588} INFO - Filling up the DagBag from /home/airflow/.local/lib/python3.12/site-packages/airflow/example_dags/example_sensors.py
[2024-10-16T11:42:50.411+0000] {processor.py:925} INFO - DAG(s) 'example_sensors' retrieved from /home/airflow/.local/lib/python3.12/site-packages/airflow/example_dags/example_sensors.py
[2024-10-16T11:42:50.442+0000] {logging_mixin.py:190} INFO - [2024-10-16T11:42:50.442+0000] {dag.py:3239} INFO - Sync 1 DAGs
[2024-10-16T11:42:50.463+0000] {logging_mixin.py:190} INFO - [2024-10-16T11:42:50.463+0000] {dag.py:4180} INFO - Setting next_dagrun for example_sensors to None, run_after=None
[2024-10-16T11:42:50.483+0000] {processor.py:208} INFO - Processing /home/airflow/.local/lib/python3.12/site-packages/airflow/example_dags/example_sensors.py took 0.103 seconds
[2024-10-16T11:43:20.559+0000] {processor.py:186} INFO - Started process (PID=127257) to work on /home/airflow/.local/lib/python3.12/site-packages/airflow/example_dags/example_sensors.py
[2024-10-16T11:43:20.561+0000] {processor.py:914} INFO - Processing file /home/airflow/.local/lib/python3.12/site-packages/airflow/example_dags/example_sensors.py for tasks to queue
[2024-10-16T11:43:20.562+0000] {logging_mixin.py:190} INFO - [2024-10-16T11:43:20.562+0000] {dagbag.py:588} INFO - Filling up the DagBag from /home/airflow/.local/lib/python3.12/site-packages/airflow/example_dags/example_sensors.py
[2024-10-16T11:43:20.577+0000] {processor.py:925} INFO - DAG(s) 'example_sensors' retrieved from /home/airflow/.local/lib/python3.12/site-packages/airflow/example_dags/example_sensors.py
[2024-10-16T11:43:20.604+0000] {logging_mixin.py:190} INFO - [2024-10-16T11:43:20.604+0000] {dag.py:3239} INFO - Sync 1 DAGs
[2024-10-16T11:43:20.620+0000] {logging_mixin.py:190} INFO - [2024-10-16T11:43:20.619+0000] {dag.py:4180} INFO - Setting next_dagrun for example_sensors to None, run_after=None
[2024-10-16T11:43:20.639+0000] {processor.py:208} INFO - Processing /home/airflow/.local/lib/python3.12/site-packages/airflow/example_dags/example_sensors.py took 0.087 seconds
[2024-10-16T11:43:50.894+0000] {processor.py:186} INFO - Started process (PID=127320) to work on /home/airflow/.local/lib/python3.12/site-packages/airflow/example_dags/example_sensors.py
[2024-10-16T11:43:50.895+0000] {processor.py:914} INFO - Processing file /home/airflow/.local/lib/python3.12/site-packages/airflow/example_dags/example_sensors.py for tasks to queue
[2024-10-16T11:43:50.896+0000] {logging_mixin.py:190} INFO - [2024-10-16T11:43:50.896+0000] {dagbag.py:588} INFO - Filling up the DagBag from /home/airflow/.local/lib/python3.12/site-packages/airflow/example_dags/example_sensors.py
[2024-10-16T11:43:50.909+0000] {processor.py:925} INFO - DAG(s) 'example_sensors' retrieved from /home/airflow/.local/lib/python3.12/site-packages/airflow/example_dags/example_sensors.py
[2024-10-16T11:43:50.944+0000] {logging_mixin.py:190} INFO - [2024-10-16T11:43:50.944+0000] {dag.py:3239} INFO - Sync 1 DAGs
[2024-10-16T11:43:50.959+0000] {logging_mixin.py:190} INFO - [2024-10-16T11:43:50.959+0000] {dag.py:4180} INFO - Setting next_dagrun for example_sensors to None, run_after=None
[2024-10-16T11:43:50.979+0000] {processor.py:208} INFO - Processing /home/airflow/.local/lib/python3.12/site-packages/airflow/example_dags/example_sensors.py took 0.091 seconds
[2024-10-16T11:44:22.374+0000] {processor.py:186} INFO - Started process (PID=127384) to work on /home/airflow/.local/lib/python3.12/site-packages/airflow/example_dags/example_sensors.py
[2024-10-16T11:44:22.375+0000] {processor.py:914} INFO - Processing file /home/airflow/.local/lib/python3.12/site-packages/airflow/example_dags/example_sensors.py for tasks to queue
[2024-10-16T11:44:22.377+0000] {logging_mixin.py:190} INFO - [2024-10-16T11:44:22.376+0000] {dagbag.py:588} INFO - Filling up the DagBag from /home/airflow/.local/lib/python3.12/site-packages/airflow/example_dags/example_sensors.py
[2024-10-16T11:44:22.393+0000] {processor.py:925} INFO - DAG(s) 'example_sensors' retrieved from /home/airflow/.local/lib/python3.12/site-packages/airflow/example_dags/example_sensors.py
[2024-10-16T11:44:22.429+0000] {logging_mixin.py:190} INFO - [2024-10-16T11:44:22.428+0000] {dag.py:3239} INFO - Sync 1 DAGs
[2024-10-16T11:44:22.444+0000] {logging_mixin.py:190} INFO - [2024-10-16T11:44:22.444+0000] {dag.py:4180} INFO - Setting next_dagrun for example_sensors to None, run_after=None
[2024-10-16T11:44:22.464+0000] {processor.py:208} INFO - Processing /home/airflow/.local/lib/python3.12/site-packages/airflow/example_dags/example_sensors.py took 0.098 seconds
[2024-10-16T11:44:52.742+0000] {processor.py:186} INFO - Started process (PID=127447) to work on /home/airflow/.local/lib/python3.12/site-packages/airflow/example_dags/example_sensors.py
[2024-10-16T11:44:52.743+0000] {processor.py:914} INFO - Processing file /home/airflow/.local/lib/python3.12/site-packages/airflow/example_dags/example_sensors.py for tasks to queue
[2024-10-16T11:44:52.744+0000] {logging_mixin.py:190} INFO - [2024-10-16T11:44:52.744+0000] {dagbag.py:588} INFO - Filling up the DagBag from /home/airflow/.local/lib/python3.12/site-packages/airflow/example_dags/example_sensors.py
[2024-10-16T11:44:52.757+0000] {processor.py:925} INFO - DAG(s) 'example_sensors' retrieved from /home/airflow/.local/lib/python3.12/site-packages/airflow/example_dags/example_sensors.py
[2024-10-16T11:44:52.785+0000] {logging_mixin.py:190} INFO - [2024-10-16T11:44:52.784+0000] {dag.py:3239} INFO - Sync 1 DAGs
[2024-10-16T11:44:52.801+0000] {logging_mixin.py:190} INFO - [2024-10-16T11:44:52.801+0000] {dag.py:4180} INFO - Setting next_dagrun for example_sensors to None, run_after=None
[2024-10-16T11:44:52.822+0000] {processor.py:208} INFO - Processing /home/airflow/.local/lib/python3.12/site-packages/airflow/example_dags/example_sensors.py took 0.086 seconds
[2024-10-16T11:45:24.504+0000] {processor.py:186} INFO - Started process (PID=127510) to work on /home/airflow/.local/lib/python3.12/site-packages/airflow/example_dags/example_sensors.py
[2024-10-16T11:45:24.505+0000] {processor.py:914} INFO - Processing file /home/airflow/.local/lib/python3.12/site-packages/airflow/example_dags/example_sensors.py for tasks to queue
[2024-10-16T11:45:24.507+0000] {logging_mixin.py:190} INFO - [2024-10-16T11:45:24.506+0000] {dagbag.py:588} INFO - Filling up the DagBag from /home/airflow/.local/lib/python3.12/site-packages/airflow/example_dags/example_sensors.py
[2024-10-16T11:45:24.520+0000] {processor.py:925} INFO - DAG(s) 'example_sensors' retrieved from /home/airflow/.local/lib/python3.12/site-packages/airflow/example_dags/example_sensors.py
[2024-10-16T11:45:24.548+0000] {logging_mixin.py:190} INFO - [2024-10-16T11:45:24.548+0000] {dag.py:3239} INFO - Sync 1 DAGs
[2024-10-16T11:45:24.565+0000] {logging_mixin.py:190} INFO - [2024-10-16T11:45:24.564+0000] {dag.py:4180} INFO - Setting next_dagrun for example_sensors to None, run_after=None
[2024-10-16T11:45:24.586+0000] {processor.py:208} INFO - Processing /home/airflow/.local/lib/python3.12/site-packages/airflow/example_dags/example_sensors.py took 0.088 seconds
[2024-10-16T11:45:56.940+0000] {processor.py:186} INFO - Started process (PID=127574) to work on /home/airflow/.local/lib/python3.12/site-packages/airflow/example_dags/example_sensors.py
[2024-10-16T11:45:56.942+0000] {processor.py:914} INFO - Processing file /home/airflow/.local/lib/python3.12/site-packages/airflow/example_dags/example_sensors.py for tasks to queue
[2024-10-16T11:45:56.943+0000] {logging_mixin.py:190} INFO - [2024-10-16T11:45:56.943+0000] {dagbag.py:588} INFO - Filling up the DagBag from /home/airflow/.local/lib/python3.12/site-packages/airflow/example_dags/example_sensors.py
[2024-10-16T11:45:56.957+0000] {processor.py:925} INFO - DAG(s) 'example_sensors' retrieved from /home/airflow/.local/lib/python3.12/site-packages/airflow/example_dags/example_sensors.py
[2024-10-16T11:45:56.987+0000] {logging_mixin.py:190} INFO - [2024-10-16T11:45:56.987+0000] {dag.py:3239} INFO - Sync 1 DAGs
[2024-10-16T11:45:57.002+0000] {logging_mixin.py:190} INFO - [2024-10-16T11:45:57.002+0000] {dag.py:4180} INFO - Setting next_dagrun for example_sensors to None, run_after=None
[2024-10-16T11:45:57.021+0000] {processor.py:208} INFO - Processing /home/airflow/.local/lib/python3.12/site-packages/airflow/example_dags/example_sensors.py took 0.087 seconds
