[2024-10-16T11:30:02.891+0000] {processor.py:186} INFO - Started process (PID=125599) to work on /home/airflow/.local/lib/python3.12/site-packages/airflow/example_dags/example_python_decorator.py
[2024-10-16T11:30:02.894+0000] {processor.py:914} INFO - Processing file /home/airflow/.local/lib/python3.12/site-packages/airflow/example_dags/example_python_decorator.py for tasks to queue
[2024-10-16T11:30:02.898+0000] {logging_mixin.py:190} INFO - [2024-10-16T11:30:02.897+0000] {dagbag.py:588} INFO - Filling up the DagBag from /home/airflow/.local/lib/python3.12/site-packages/airflow/example_dags/example_python_decorator.py
[2024-10-16T11:30:02.930+0000] {processor.py:925} INFO - DAG(s) 'example_python_decorator' retrieved from /home/airflow/.local/lib/python3.12/site-packages/airflow/example_dags/example_python_decorator.py
[2024-10-16T11:30:02.973+0000] {logging_mixin.py:190} INFO - [2024-10-16T11:30:02.972+0000] {dag.py:3239} INFO - Sync 1 DAGs
[2024-10-16T11:30:03.011+0000] {logging_mixin.py:190} INFO - [2024-10-16T11:30:03.010+0000] {dag.py:4180} INFO - Setting next_dagrun for example_python_decorator to None, run_after=None
[2024-10-16T11:30:03.059+0000] {processor.py:208} INFO - Processing /home/airflow/.local/lib/python3.12/site-packages/airflow/example_dags/example_python_decorator.py took 0.187 seconds
[2024-10-16T11:30:33.341+0000] {processor.py:186} INFO - Started process (PID=125663) to work on /home/airflow/.local/lib/python3.12/site-packages/airflow/example_dags/example_python_decorator.py
[2024-10-16T11:30:33.342+0000] {processor.py:914} INFO - Processing file /home/airflow/.local/lib/python3.12/site-packages/airflow/example_dags/example_python_decorator.py for tasks to queue
[2024-10-16T11:30:33.344+0000] {logging_mixin.py:190} INFO - [2024-10-16T11:30:33.344+0000] {dagbag.py:588} INFO - Filling up the DagBag from /home/airflow/.local/lib/python3.12/site-packages/airflow/example_dags/example_python_decorator.py
[2024-10-16T11:30:33.362+0000] {processor.py:925} INFO - DAG(s) 'example_python_decorator' retrieved from /home/airflow/.local/lib/python3.12/site-packages/airflow/example_dags/example_python_decorator.py
[2024-10-16T11:30:33.389+0000] {logging_mixin.py:190} INFO - [2024-10-16T11:30:33.389+0000] {dag.py:3239} INFO - Sync 1 DAGs
[2024-10-16T11:30:33.409+0000] {logging_mixin.py:190} INFO - [2024-10-16T11:30:33.409+0000] {dag.py:4180} INFO - Setting next_dagrun for example_python_decorator to None, run_after=None
[2024-10-16T11:30:33.435+0000] {processor.py:208} INFO - Processing /home/airflow/.local/lib/python3.12/site-packages/airflow/example_dags/example_python_decorator.py took 0.101 seconds
[2024-10-16T11:31:04.194+0000] {processor.py:186} INFO - Started process (PID=125726) to work on /home/airflow/.local/lib/python3.12/site-packages/airflow/example_dags/example_python_decorator.py
[2024-10-16T11:31:04.196+0000] {processor.py:914} INFO - Processing file /home/airflow/.local/lib/python3.12/site-packages/airflow/example_dags/example_python_decorator.py for tasks to queue
[2024-10-16T11:31:04.197+0000] {logging_mixin.py:190} INFO - [2024-10-16T11:31:04.197+0000] {dagbag.py:588} INFO - Filling up the DagBag from /home/airflow/.local/lib/python3.12/site-packages/airflow/example_dags/example_python_decorator.py
[2024-10-16T11:31:04.211+0000] {processor.py:925} INFO - DAG(s) 'example_python_decorator' retrieved from /home/airflow/.local/lib/python3.12/site-packages/airflow/example_dags/example_python_decorator.py
[2024-10-16T11:31:04.232+0000] {logging_mixin.py:190} INFO - [2024-10-16T11:31:04.232+0000] {dag.py:3239} INFO - Sync 1 DAGs
[2024-10-16T11:31:04.248+0000] {logging_mixin.py:190} INFO - [2024-10-16T11:31:04.248+0000] {dag.py:4180} INFO - Setting next_dagrun for example_python_decorator to None, run_after=None
[2024-10-16T11:31:04.265+0000] {processor.py:208} INFO - Processing /home/airflow/.local/lib/python3.12/site-packages/airflow/example_dags/example_python_decorator.py took 0.077 seconds
[2024-10-16T11:31:34.825+0000] {processor.py:186} INFO - Started process (PID=125789) to work on /home/airflow/.local/lib/python3.12/site-packages/airflow/example_dags/example_python_decorator.py
[2024-10-16T11:31:34.826+0000] {processor.py:914} INFO - Processing file /home/airflow/.local/lib/python3.12/site-packages/airflow/example_dags/example_python_decorator.py for tasks to queue
[2024-10-16T11:31:34.827+0000] {logging_mixin.py:190} INFO - [2024-10-16T11:31:34.827+0000] {dagbag.py:588} INFO - Filling up the DagBag from /home/airflow/.local/lib/python3.12/site-packages/airflow/example_dags/example_python_decorator.py
[2024-10-16T11:31:34.840+0000] {processor.py:925} INFO - DAG(s) 'example_python_decorator' retrieved from /home/airflow/.local/lib/python3.12/site-packages/airflow/example_dags/example_python_decorator.py
[2024-10-16T11:31:34.858+0000] {logging_mixin.py:190} INFO - [2024-10-16T11:31:34.858+0000] {dag.py:3239} INFO - Sync 1 DAGs
[2024-10-16T11:31:34.881+0000] {logging_mixin.py:190} INFO - [2024-10-16T11:31:34.881+0000] {dag.py:4180} INFO - Setting next_dagrun for example_python_decorator to None, run_after=None
[2024-10-16T11:31:34.905+0000] {processor.py:208} INFO - Processing /home/airflow/.local/lib/python3.12/site-packages/airflow/example_dags/example_python_decorator.py took 0.085 seconds
[2024-10-16T11:32:06.102+0000] {processor.py:186} INFO - Started process (PID=125852) to work on /home/airflow/.local/lib/python3.12/site-packages/airflow/example_dags/example_python_decorator.py
[2024-10-16T11:32:06.104+0000] {processor.py:914} INFO - Processing file /home/airflow/.local/lib/python3.12/site-packages/airflow/example_dags/example_python_decorator.py for tasks to queue
[2024-10-16T11:32:06.105+0000] {logging_mixin.py:190} INFO - [2024-10-16T11:32:06.105+0000] {dagbag.py:588} INFO - Filling up the DagBag from /home/airflow/.local/lib/python3.12/site-packages/airflow/example_dags/example_python_decorator.py
[2024-10-16T11:32:06.122+0000] {processor.py:925} INFO - DAG(s) 'example_python_decorator' retrieved from /home/airflow/.local/lib/python3.12/site-packages/airflow/example_dags/example_python_decorator.py
[2024-10-16T11:32:06.146+0000] {logging_mixin.py:190} INFO - [2024-10-16T11:32:06.145+0000] {dag.py:3239} INFO - Sync 1 DAGs
[2024-10-16T11:32:06.162+0000] {logging_mixin.py:190} INFO - [2024-10-16T11:32:06.162+0000] {dag.py:4180} INFO - Setting next_dagrun for example_python_decorator to None, run_after=None
[2024-10-16T11:32:06.184+0000] {processor.py:208} INFO - Processing /home/airflow/.local/lib/python3.12/site-packages/airflow/example_dags/example_python_decorator.py took 0.088 seconds
[2024-10-16T11:32:36.972+0000] {processor.py:186} INFO - Started process (PID=125915) to work on /home/airflow/.local/lib/python3.12/site-packages/airflow/example_dags/example_python_decorator.py
[2024-10-16T11:32:36.973+0000] {processor.py:914} INFO - Processing file /home/airflow/.local/lib/python3.12/site-packages/airflow/example_dags/example_python_decorator.py for tasks to queue
[2024-10-16T11:32:36.974+0000] {logging_mixin.py:190} INFO - [2024-10-16T11:32:36.974+0000] {dagbag.py:588} INFO - Filling up the DagBag from /home/airflow/.local/lib/python3.12/site-packages/airflow/example_dags/example_python_decorator.py
[2024-10-16T11:32:36.987+0000] {processor.py:925} INFO - DAG(s) 'example_python_decorator' retrieved from /home/airflow/.local/lib/python3.12/site-packages/airflow/example_dags/example_python_decorator.py
[2024-10-16T11:32:37.009+0000] {logging_mixin.py:190} INFO - [2024-10-16T11:32:37.009+0000] {dag.py:3239} INFO - Sync 1 DAGs
[2024-10-16T11:32:37.025+0000] {logging_mixin.py:190} INFO - [2024-10-16T11:32:37.024+0000] {dag.py:4180} INFO - Setting next_dagrun for example_python_decorator to None, run_after=None
[2024-10-16T11:32:37.046+0000] {processor.py:208} INFO - Processing /home/airflow/.local/lib/python3.12/site-packages/airflow/example_dags/example_python_decorator.py took 0.079 seconds
[2024-10-16T11:33:07.386+0000] {processor.py:186} INFO - Started process (PID=125978) to work on /home/airflow/.local/lib/python3.12/site-packages/airflow/example_dags/example_python_decorator.py
[2024-10-16T11:33:07.387+0000] {processor.py:914} INFO - Processing file /home/airflow/.local/lib/python3.12/site-packages/airflow/example_dags/example_python_decorator.py for tasks to queue
[2024-10-16T11:33:07.388+0000] {logging_mixin.py:190} INFO - [2024-10-16T11:33:07.388+0000] {dagbag.py:588} INFO - Filling up the DagBag from /home/airflow/.local/lib/python3.12/site-packages/airflow/example_dags/example_python_decorator.py
[2024-10-16T11:33:07.402+0000] {processor.py:925} INFO - DAG(s) 'example_python_decorator' retrieved from /home/airflow/.local/lib/python3.12/site-packages/airflow/example_dags/example_python_decorator.py
[2024-10-16T11:33:07.420+0000] {logging_mixin.py:190} INFO - [2024-10-16T11:33:07.420+0000] {dag.py:3239} INFO - Sync 1 DAGs
[2024-10-16T11:33:07.435+0000] {logging_mixin.py:190} INFO - [2024-10-16T11:33:07.435+0000] {dag.py:4180} INFO - Setting next_dagrun for example_python_decorator to None, run_after=None
[2024-10-16T11:33:07.452+0000] {processor.py:208} INFO - Processing /home/airflow/.local/lib/python3.12/site-packages/airflow/example_dags/example_python_decorator.py took 0.072 seconds
[2024-10-16T11:33:37.696+0000] {processor.py:186} INFO - Started process (PID=126041) to work on /home/airflow/.local/lib/python3.12/site-packages/airflow/example_dags/example_python_decorator.py
[2024-10-16T11:33:37.697+0000] {processor.py:914} INFO - Processing file /home/airflow/.local/lib/python3.12/site-packages/airflow/example_dags/example_python_decorator.py for tasks to queue
[2024-10-16T11:33:37.699+0000] {logging_mixin.py:190} INFO - [2024-10-16T11:33:37.698+0000] {dagbag.py:588} INFO - Filling up the DagBag from /home/airflow/.local/lib/python3.12/site-packages/airflow/example_dags/example_python_decorator.py
[2024-10-16T11:33:37.714+0000] {processor.py:925} INFO - DAG(s) 'example_python_decorator' retrieved from /home/airflow/.local/lib/python3.12/site-packages/airflow/example_dags/example_python_decorator.py
[2024-10-16T11:33:37.738+0000] {logging_mixin.py:190} INFO - [2024-10-16T11:33:37.738+0000] {dag.py:3239} INFO - Sync 1 DAGs
[2024-10-16T11:33:37.756+0000] {logging_mixin.py:190} INFO - [2024-10-16T11:33:37.755+0000] {dag.py:4180} INFO - Setting next_dagrun for example_python_decorator to None, run_after=None
[2024-10-16T11:33:37.777+0000] {processor.py:208} INFO - Processing /home/airflow/.local/lib/python3.12/site-packages/airflow/example_dags/example_python_decorator.py took 0.087 seconds
[2024-10-16T11:34:08.203+0000] {processor.py:186} INFO - Started process (PID=126104) to work on /home/airflow/.local/lib/python3.12/site-packages/airflow/example_dags/example_python_decorator.py
[2024-10-16T11:34:08.204+0000] {processor.py:914} INFO - Processing file /home/airflow/.local/lib/python3.12/site-packages/airflow/example_dags/example_python_decorator.py for tasks to queue
[2024-10-16T11:34:08.205+0000] {logging_mixin.py:190} INFO - [2024-10-16T11:34:08.204+0000] {dagbag.py:588} INFO - Filling up the DagBag from /home/airflow/.local/lib/python3.12/site-packages/airflow/example_dags/example_python_decorator.py
[2024-10-16T11:34:08.218+0000] {processor.py:925} INFO - DAG(s) 'example_python_decorator' retrieved from /home/airflow/.local/lib/python3.12/site-packages/airflow/example_dags/example_python_decorator.py
[2024-10-16T11:34:08.239+0000] {logging_mixin.py:190} INFO - [2024-10-16T11:34:08.239+0000] {dag.py:3239} INFO - Sync 1 DAGs
[2024-10-16T11:34:08.255+0000] {logging_mixin.py:190} INFO - [2024-10-16T11:34:08.255+0000] {dag.py:4180} INFO - Setting next_dagrun for example_python_decorator to None, run_after=None
[2024-10-16T11:34:08.274+0000] {processor.py:208} INFO - Processing /home/airflow/.local/lib/python3.12/site-packages/airflow/example_dags/example_python_decorator.py took 0.077 seconds
[2024-10-16T11:34:38.550+0000] {processor.py:186} INFO - Started process (PID=126168) to work on /home/airflow/.local/lib/python3.12/site-packages/airflow/example_dags/example_python_decorator.py
[2024-10-16T11:34:38.551+0000] {processor.py:914} INFO - Processing file /home/airflow/.local/lib/python3.12/site-packages/airflow/example_dags/example_python_decorator.py for tasks to queue
[2024-10-16T11:34:38.553+0000] {logging_mixin.py:190} INFO - [2024-10-16T11:34:38.553+0000] {dagbag.py:588} INFO - Filling up the DagBag from /home/airflow/.local/lib/python3.12/site-packages/airflow/example_dags/example_python_decorator.py
[2024-10-16T11:34:38.570+0000] {processor.py:925} INFO - DAG(s) 'example_python_decorator' retrieved from /home/airflow/.local/lib/python3.12/site-packages/airflow/example_dags/example_python_decorator.py
[2024-10-16T11:34:38.590+0000] {logging_mixin.py:190} INFO - [2024-10-16T11:34:38.590+0000] {dag.py:3239} INFO - Sync 1 DAGs
[2024-10-16T11:34:38.607+0000] {logging_mixin.py:190} INFO - [2024-10-16T11:34:38.607+0000] {dag.py:4180} INFO - Setting next_dagrun for example_python_decorator to None, run_after=None
[2024-10-16T11:34:38.629+0000] {processor.py:208} INFO - Processing /home/airflow/.local/lib/python3.12/site-packages/airflow/example_dags/example_python_decorator.py took 0.084 seconds
[2024-10-16T11:35:09.532+0000] {processor.py:186} INFO - Started process (PID=126231) to work on /home/airflow/.local/lib/python3.12/site-packages/airflow/example_dags/example_python_decorator.py
[2024-10-16T11:35:09.533+0000] {processor.py:914} INFO - Processing file /home/airflow/.local/lib/python3.12/site-packages/airflow/example_dags/example_python_decorator.py for tasks to queue
[2024-10-16T11:35:09.535+0000] {logging_mixin.py:190} INFO - [2024-10-16T11:35:09.534+0000] {dagbag.py:588} INFO - Filling up the DagBag from /home/airflow/.local/lib/python3.12/site-packages/airflow/example_dags/example_python_decorator.py
[2024-10-16T11:35:09.548+0000] {processor.py:925} INFO - DAG(s) 'example_python_decorator' retrieved from /home/airflow/.local/lib/python3.12/site-packages/airflow/example_dags/example_python_decorator.py
[2024-10-16T11:35:09.568+0000] {logging_mixin.py:190} INFO - [2024-10-16T11:35:09.568+0000] {dag.py:3239} INFO - Sync 1 DAGs
[2024-10-16T11:35:09.582+0000] {logging_mixin.py:190} INFO - [2024-10-16T11:35:09.582+0000] {dag.py:4180} INFO - Setting next_dagrun for example_python_decorator to None, run_after=None
[2024-10-16T11:35:09.600+0000] {processor.py:208} INFO - Processing /home/airflow/.local/lib/python3.12/site-packages/airflow/example_dags/example_python_decorator.py took 0.073 seconds
[2024-10-16T11:35:39.962+0000] {processor.py:186} INFO - Started process (PID=126294) to work on /home/airflow/.local/lib/python3.12/site-packages/airflow/example_dags/example_python_decorator.py
[2024-10-16T11:35:39.963+0000] {processor.py:914} INFO - Processing file /home/airflow/.local/lib/python3.12/site-packages/airflow/example_dags/example_python_decorator.py for tasks to queue
[2024-10-16T11:35:39.964+0000] {logging_mixin.py:190} INFO - [2024-10-16T11:35:39.964+0000] {dagbag.py:588} INFO - Filling up the DagBag from /home/airflow/.local/lib/python3.12/site-packages/airflow/example_dags/example_python_decorator.py
[2024-10-16T11:35:39.977+0000] {processor.py:925} INFO - DAG(s) 'example_python_decorator' retrieved from /home/airflow/.local/lib/python3.12/site-packages/airflow/example_dags/example_python_decorator.py
[2024-10-16T11:35:39.998+0000] {logging_mixin.py:190} INFO - [2024-10-16T11:35:39.998+0000] {dag.py:3239} INFO - Sync 1 DAGs
[2024-10-16T11:35:40.012+0000] {logging_mixin.py:190} INFO - [2024-10-16T11:35:40.012+0000] {dag.py:4180} INFO - Setting next_dagrun for example_python_decorator to None, run_after=None
[2024-10-16T11:35:40.029+0000] {processor.py:208} INFO - Processing /home/airflow/.local/lib/python3.12/site-packages/airflow/example_dags/example_python_decorator.py took 0.073 seconds
[2024-10-16T11:36:10.715+0000] {processor.py:186} INFO - Started process (PID=126357) to work on /home/airflow/.local/lib/python3.12/site-packages/airflow/example_dags/example_python_decorator.py
[2024-10-16T11:36:10.716+0000] {processor.py:914} INFO - Processing file /home/airflow/.local/lib/python3.12/site-packages/airflow/example_dags/example_python_decorator.py for tasks to queue
[2024-10-16T11:36:10.719+0000] {logging_mixin.py:190} INFO - [2024-10-16T11:36:10.719+0000] {dagbag.py:588} INFO - Filling up the DagBag from /home/airflow/.local/lib/python3.12/site-packages/airflow/example_dags/example_python_decorator.py
[2024-10-16T11:36:10.735+0000] {processor.py:925} INFO - DAG(s) 'example_python_decorator' retrieved from /home/airflow/.local/lib/python3.12/site-packages/airflow/example_dags/example_python_decorator.py
[2024-10-16T11:36:10.761+0000] {logging_mixin.py:190} INFO - [2024-10-16T11:36:10.761+0000] {dag.py:3239} INFO - Sync 1 DAGs
[2024-10-16T11:36:10.779+0000] {logging_mixin.py:190} INFO - [2024-10-16T11:36:10.778+0000] {dag.py:4180} INFO - Setting next_dagrun for example_python_decorator to None, run_after=None
[2024-10-16T11:36:10.801+0000] {processor.py:208} INFO - Processing /home/airflow/.local/lib/python3.12/site-packages/airflow/example_dags/example_python_decorator.py took 0.094 seconds
[2024-10-16T11:36:41.297+0000] {processor.py:186} INFO - Started process (PID=126421) to work on /home/airflow/.local/lib/python3.12/site-packages/airflow/example_dags/example_python_decorator.py
[2024-10-16T11:36:41.298+0000] {processor.py:914} INFO - Processing file /home/airflow/.local/lib/python3.12/site-packages/airflow/example_dags/example_python_decorator.py for tasks to queue
[2024-10-16T11:36:41.299+0000] {logging_mixin.py:190} INFO - [2024-10-16T11:36:41.298+0000] {dagbag.py:588} INFO - Filling up the DagBag from /home/airflow/.local/lib/python3.12/site-packages/airflow/example_dags/example_python_decorator.py
[2024-10-16T11:36:41.314+0000] {processor.py:925} INFO - DAG(s) 'example_python_decorator' retrieved from /home/airflow/.local/lib/python3.12/site-packages/airflow/example_dags/example_python_decorator.py
[2024-10-16T11:36:41.338+0000] {logging_mixin.py:190} INFO - [2024-10-16T11:36:41.338+0000] {dag.py:3239} INFO - Sync 1 DAGs
[2024-10-16T11:36:41.353+0000] {logging_mixin.py:190} INFO - [2024-10-16T11:36:41.353+0000] {dag.py:4180} INFO - Setting next_dagrun for example_python_decorator to None, run_after=None
[2024-10-16T11:36:41.373+0000] {processor.py:208} INFO - Processing /home/airflow/.local/lib/python3.12/site-packages/airflow/example_dags/example_python_decorator.py took 0.082 seconds
[2024-10-16T11:37:11.640+0000] {processor.py:186} INFO - Started process (PID=126484) to work on /home/airflow/.local/lib/python3.12/site-packages/airflow/example_dags/example_python_decorator.py
[2024-10-16T11:37:11.641+0000] {processor.py:914} INFO - Processing file /home/airflow/.local/lib/python3.12/site-packages/airflow/example_dags/example_python_decorator.py for tasks to queue
[2024-10-16T11:37:11.642+0000] {logging_mixin.py:190} INFO - [2024-10-16T11:37:11.642+0000] {dagbag.py:588} INFO - Filling up the DagBag from /home/airflow/.local/lib/python3.12/site-packages/airflow/example_dags/example_python_decorator.py
[2024-10-16T11:37:11.656+0000] {processor.py:925} INFO - DAG(s) 'example_python_decorator' retrieved from /home/airflow/.local/lib/python3.12/site-packages/airflow/example_dags/example_python_decorator.py
[2024-10-16T11:37:11.676+0000] {logging_mixin.py:190} INFO - [2024-10-16T11:37:11.676+0000] {dag.py:3239} INFO - Sync 1 DAGs
[2024-10-16T11:37:11.690+0000] {logging_mixin.py:190} INFO - [2024-10-16T11:37:11.690+0000] {dag.py:4180} INFO - Setting next_dagrun for example_python_decorator to None, run_after=None
[2024-10-16T11:37:11.709+0000] {processor.py:208} INFO - Processing /home/airflow/.local/lib/python3.12/site-packages/airflow/example_dags/example_python_decorator.py took 0.074 seconds
[2024-10-16T11:37:42.350+0000] {processor.py:186} INFO - Started process (PID=126547) to work on /home/airflow/.local/lib/python3.12/site-packages/airflow/example_dags/example_python_decorator.py
[2024-10-16T11:37:42.350+0000] {processor.py:914} INFO - Processing file /home/airflow/.local/lib/python3.12/site-packages/airflow/example_dags/example_python_decorator.py for tasks to queue
[2024-10-16T11:37:42.352+0000] {logging_mixin.py:190} INFO - [2024-10-16T11:37:42.351+0000] {dagbag.py:588} INFO - Filling up the DagBag from /home/airflow/.local/lib/python3.12/site-packages/airflow/example_dags/example_python_decorator.py
[2024-10-16T11:37:42.365+0000] {processor.py:925} INFO - DAG(s) 'example_python_decorator' retrieved from /home/airflow/.local/lib/python3.12/site-packages/airflow/example_dags/example_python_decorator.py
[2024-10-16T11:37:42.385+0000] {logging_mixin.py:190} INFO - [2024-10-16T11:37:42.384+0000] {dag.py:3239} INFO - Sync 1 DAGs
[2024-10-16T11:37:42.399+0000] {logging_mixin.py:190} INFO - [2024-10-16T11:37:42.399+0000] {dag.py:4180} INFO - Setting next_dagrun for example_python_decorator to None, run_after=None
[2024-10-16T11:37:42.417+0000] {processor.py:208} INFO - Processing /home/airflow/.local/lib/python3.12/site-packages/airflow/example_dags/example_python_decorator.py took 0.073 seconds
[2024-10-16T11:38:12.889+0000] {processor.py:186} INFO - Started process (PID=126610) to work on /home/airflow/.local/lib/python3.12/site-packages/airflow/example_dags/example_python_decorator.py
[2024-10-16T11:38:12.891+0000] {processor.py:914} INFO - Processing file /home/airflow/.local/lib/python3.12/site-packages/airflow/example_dags/example_python_decorator.py for tasks to queue
[2024-10-16T11:38:12.892+0000] {logging_mixin.py:190} INFO - [2024-10-16T11:38:12.892+0000] {dagbag.py:588} INFO - Filling up the DagBag from /home/airflow/.local/lib/python3.12/site-packages/airflow/example_dags/example_python_decorator.py
[2024-10-16T11:38:12.909+0000] {processor.py:925} INFO - DAG(s) 'example_python_decorator' retrieved from /home/airflow/.local/lib/python3.12/site-packages/airflow/example_dags/example_python_decorator.py
[2024-10-16T11:38:12.934+0000] {logging_mixin.py:190} INFO - [2024-10-16T11:38:12.933+0000] {dag.py:3239} INFO - Sync 1 DAGs
[2024-10-16T11:38:12.950+0000] {logging_mixin.py:190} INFO - [2024-10-16T11:38:12.950+0000] {dag.py:4180} INFO - Setting next_dagrun for example_python_decorator to None, run_after=None
[2024-10-16T11:38:12.974+0000] {processor.py:208} INFO - Processing /home/airflow/.local/lib/python3.12/site-packages/airflow/example_dags/example_python_decorator.py took 0.091 seconds
[2024-10-16T11:38:43.251+0000] {processor.py:186} INFO - Started process (PID=126674) to work on /home/airflow/.local/lib/python3.12/site-packages/airflow/example_dags/example_python_decorator.py
[2024-10-16T11:38:43.252+0000] {processor.py:914} INFO - Processing file /home/airflow/.local/lib/python3.12/site-packages/airflow/example_dags/example_python_decorator.py for tasks to queue
[2024-10-16T11:38:43.254+0000] {logging_mixin.py:190} INFO - [2024-10-16T11:38:43.254+0000] {dagbag.py:588} INFO - Filling up the DagBag from /home/airflow/.local/lib/python3.12/site-packages/airflow/example_dags/example_python_decorator.py
[2024-10-16T11:38:43.272+0000] {processor.py:925} INFO - DAG(s) 'example_python_decorator' retrieved from /home/airflow/.local/lib/python3.12/site-packages/airflow/example_dags/example_python_decorator.py
[2024-10-16T11:38:43.297+0000] {logging_mixin.py:190} INFO - [2024-10-16T11:38:43.297+0000] {dag.py:3239} INFO - Sync 1 DAGs
[2024-10-16T11:38:43.315+0000] {logging_mixin.py:190} INFO - [2024-10-16T11:38:43.315+0000] {dag.py:4180} INFO - Setting next_dagrun for example_python_decorator to None, run_after=None
[2024-10-16T11:38:43.337+0000] {processor.py:208} INFO - Processing /home/airflow/.local/lib/python3.12/site-packages/airflow/example_dags/example_python_decorator.py took 0.096 seconds
[2024-10-16T11:39:14.176+0000] {processor.py:186} INFO - Started process (PID=126742) to work on /home/airflow/.local/lib/python3.12/site-packages/airflow/example_dags/example_python_decorator.py
[2024-10-16T11:39:14.177+0000] {processor.py:914} INFO - Processing file /home/airflow/.local/lib/python3.12/site-packages/airflow/example_dags/example_python_decorator.py for tasks to queue
[2024-10-16T11:39:14.179+0000] {logging_mixin.py:190} INFO - [2024-10-16T11:39:14.178+0000] {dagbag.py:588} INFO - Filling up the DagBag from /home/airflow/.local/lib/python3.12/site-packages/airflow/example_dags/example_python_decorator.py
[2024-10-16T11:39:14.194+0000] {processor.py:925} INFO - DAG(s) 'example_python_decorator' retrieved from /home/airflow/.local/lib/python3.12/site-packages/airflow/example_dags/example_python_decorator.py
[2024-10-16T11:39:14.217+0000] {logging_mixin.py:190} INFO - [2024-10-16T11:39:14.217+0000] {dag.py:3239} INFO - Sync 1 DAGs
[2024-10-16T11:39:14.235+0000] {logging_mixin.py:190} INFO - [2024-10-16T11:39:14.235+0000] {dag.py:4180} INFO - Setting next_dagrun for example_python_decorator to None, run_after=None
[2024-10-16T11:39:14.258+0000] {processor.py:208} INFO - Processing /home/airflow/.local/lib/python3.12/site-packages/airflow/example_dags/example_python_decorator.py took 0.089 seconds
[2024-10-16T11:39:44.989+0000] {processor.py:186} INFO - Started process (PID=126805) to work on /home/airflow/.local/lib/python3.12/site-packages/airflow/example_dags/example_python_decorator.py
[2024-10-16T11:39:44.990+0000] {processor.py:914} INFO - Processing file /home/airflow/.local/lib/python3.12/site-packages/airflow/example_dags/example_python_decorator.py for tasks to queue
[2024-10-16T11:39:44.992+0000] {logging_mixin.py:190} INFO - [2024-10-16T11:39:44.991+0000] {dagbag.py:588} INFO - Filling up the DagBag from /home/airflow/.local/lib/python3.12/site-packages/airflow/example_dags/example_python_decorator.py
[2024-10-16T11:39:45.008+0000] {processor.py:925} INFO - DAG(s) 'example_python_decorator' retrieved from /home/airflow/.local/lib/python3.12/site-packages/airflow/example_dags/example_python_decorator.py
[2024-10-16T11:39:45.033+0000] {logging_mixin.py:190} INFO - [2024-10-16T11:39:45.032+0000] {dag.py:3239} INFO - Sync 1 DAGs
[2024-10-16T11:39:45.050+0000] {logging_mixin.py:190} INFO - [2024-10-16T11:39:45.050+0000] {dag.py:4180} INFO - Setting next_dagrun for example_python_decorator to None, run_after=None
[2024-10-16T11:39:45.071+0000] {processor.py:208} INFO - Processing /home/airflow/.local/lib/python3.12/site-packages/airflow/example_dags/example_python_decorator.py took 0.088 seconds
[2024-10-16T11:40:15.808+0000] {processor.py:186} INFO - Started process (PID=126867) to work on /home/airflow/.local/lib/python3.12/site-packages/airflow/example_dags/example_python_decorator.py
[2024-10-16T11:40:15.809+0000] {processor.py:914} INFO - Processing file /home/airflow/.local/lib/python3.12/site-packages/airflow/example_dags/example_python_decorator.py for tasks to queue
[2024-10-16T11:40:15.810+0000] {logging_mixin.py:190} INFO - [2024-10-16T11:40:15.810+0000] {dagbag.py:588} INFO - Filling up the DagBag from /home/airflow/.local/lib/python3.12/site-packages/airflow/example_dags/example_python_decorator.py
[2024-10-16T11:40:15.826+0000] {processor.py:925} INFO - DAG(s) 'example_python_decorator' retrieved from /home/airflow/.local/lib/python3.12/site-packages/airflow/example_dags/example_python_decorator.py
[2024-10-16T11:40:15.850+0000] {logging_mixin.py:190} INFO - [2024-10-16T11:40:15.850+0000] {dag.py:3239} INFO - Sync 1 DAGs
[2024-10-16T11:40:15.867+0000] {logging_mixin.py:190} INFO - [2024-10-16T11:40:15.866+0000] {dag.py:4180} INFO - Setting next_dagrun for example_python_decorator to None, run_after=None
[2024-10-16T11:40:15.888+0000] {processor.py:208} INFO - Processing /home/airflow/.local/lib/python3.12/site-packages/airflow/example_dags/example_python_decorator.py took 0.087 seconds
[2024-10-16T11:40:46.203+0000] {processor.py:186} INFO - Started process (PID=126930) to work on /home/airflow/.local/lib/python3.12/site-packages/airflow/example_dags/example_python_decorator.py
[2024-10-16T11:40:46.204+0000] {processor.py:914} INFO - Processing file /home/airflow/.local/lib/python3.12/site-packages/airflow/example_dags/example_python_decorator.py for tasks to queue
[2024-10-16T11:40:46.206+0000] {logging_mixin.py:190} INFO - [2024-10-16T11:40:46.206+0000] {dagbag.py:588} INFO - Filling up the DagBag from /home/airflow/.local/lib/python3.12/site-packages/airflow/example_dags/example_python_decorator.py
[2024-10-16T11:40:46.222+0000] {processor.py:925} INFO - DAG(s) 'example_python_decorator' retrieved from /home/airflow/.local/lib/python3.12/site-packages/airflow/example_dags/example_python_decorator.py
[2024-10-16T11:40:46.246+0000] {logging_mixin.py:190} INFO - [2024-10-16T11:40:46.245+0000] {dag.py:3239} INFO - Sync 1 DAGs
[2024-10-16T11:40:46.263+0000] {logging_mixin.py:190} INFO - [2024-10-16T11:40:46.262+0000] {dag.py:4180} INFO - Setting next_dagrun for example_python_decorator to None, run_after=None
[2024-10-16T11:40:46.283+0000] {processor.py:208} INFO - Processing /home/airflow/.local/lib/python3.12/site-packages/airflow/example_dags/example_python_decorator.py took 0.086 seconds
[2024-10-16T11:41:16.593+0000] {processor.py:186} INFO - Started process (PID=126993) to work on /home/airflow/.local/lib/python3.12/site-packages/airflow/example_dags/example_python_decorator.py
[2024-10-16T11:41:16.594+0000] {processor.py:914} INFO - Processing file /home/airflow/.local/lib/python3.12/site-packages/airflow/example_dags/example_python_decorator.py for tasks to queue
[2024-10-16T11:41:16.595+0000] {logging_mixin.py:190} INFO - [2024-10-16T11:41:16.595+0000] {dagbag.py:588} INFO - Filling up the DagBag from /home/airflow/.local/lib/python3.12/site-packages/airflow/example_dags/example_python_decorator.py
[2024-10-16T11:41:16.611+0000] {processor.py:925} INFO - DAG(s) 'example_python_decorator' retrieved from /home/airflow/.local/lib/python3.12/site-packages/airflow/example_dags/example_python_decorator.py
[2024-10-16T11:41:16.636+0000] {logging_mixin.py:190} INFO - [2024-10-16T11:41:16.635+0000] {dag.py:3239} INFO - Sync 1 DAGs
[2024-10-16T11:41:16.654+0000] {logging_mixin.py:190} INFO - [2024-10-16T11:41:16.654+0000] {dag.py:4180} INFO - Setting next_dagrun for example_python_decorator to None, run_after=None
[2024-10-16T11:41:16.674+0000] {processor.py:208} INFO - Processing /home/airflow/.local/lib/python3.12/site-packages/airflow/example_dags/example_python_decorator.py took 0.088 seconds
[2024-10-16T11:41:47.534+0000] {processor.py:186} INFO - Started process (PID=127056) to work on /home/airflow/.local/lib/python3.12/site-packages/airflow/example_dags/example_python_decorator.py
[2024-10-16T11:41:47.536+0000] {processor.py:914} INFO - Processing file /home/airflow/.local/lib/python3.12/site-packages/airflow/example_dags/example_python_decorator.py for tasks to queue
[2024-10-16T11:41:47.537+0000] {logging_mixin.py:190} INFO - [2024-10-16T11:41:47.537+0000] {dagbag.py:588} INFO - Filling up the DagBag from /home/airflow/.local/lib/python3.12/site-packages/airflow/example_dags/example_python_decorator.py
[2024-10-16T11:41:47.553+0000] {processor.py:925} INFO - DAG(s) 'example_python_decorator' retrieved from /home/airflow/.local/lib/python3.12/site-packages/airflow/example_dags/example_python_decorator.py
[2024-10-16T11:41:47.577+0000] {logging_mixin.py:190} INFO - [2024-10-16T11:41:47.577+0000] {dag.py:3239} INFO - Sync 1 DAGs
[2024-10-16T11:41:47.594+0000] {logging_mixin.py:190} INFO - [2024-10-16T11:41:47.594+0000] {dag.py:4180} INFO - Setting next_dagrun for example_python_decorator to None, run_after=None
[2024-10-16T11:41:47.615+0000] {processor.py:208} INFO - Processing /home/airflow/.local/lib/python3.12/site-packages/airflow/example_dags/example_python_decorator.py took 0.087 seconds
[2024-10-16T11:42:18.574+0000] {processor.py:186} INFO - Started process (PID=127119) to work on /home/airflow/.local/lib/python3.12/site-packages/airflow/example_dags/example_python_decorator.py
[2024-10-16T11:42:18.575+0000] {processor.py:914} INFO - Processing file /home/airflow/.local/lib/python3.12/site-packages/airflow/example_dags/example_python_decorator.py for tasks to queue
[2024-10-16T11:42:18.576+0000] {logging_mixin.py:190} INFO - [2024-10-16T11:42:18.576+0000] {dagbag.py:588} INFO - Filling up the DagBag from /home/airflow/.local/lib/python3.12/site-packages/airflow/example_dags/example_python_decorator.py
[2024-10-16T11:42:18.592+0000] {processor.py:925} INFO - DAG(s) 'example_python_decorator' retrieved from /home/airflow/.local/lib/python3.12/site-packages/airflow/example_dags/example_python_decorator.py
[2024-10-16T11:42:18.620+0000] {logging_mixin.py:190} INFO - [2024-10-16T11:42:18.620+0000] {dag.py:3239} INFO - Sync 1 DAGs
[2024-10-16T11:42:18.640+0000] {logging_mixin.py:190} INFO - [2024-10-16T11:42:18.640+0000] {dag.py:4180} INFO - Setting next_dagrun for example_python_decorator to None, run_after=None
[2024-10-16T11:42:18.661+0000] {processor.py:208} INFO - Processing /home/airflow/.local/lib/python3.12/site-packages/airflow/example_dags/example_python_decorator.py took 0.094 seconds
[2024-10-16T11:42:49.285+0000] {processor.py:186} INFO - Started process (PID=127182) to work on /home/airflow/.local/lib/python3.12/site-packages/airflow/example_dags/example_python_decorator.py
[2024-10-16T11:42:49.286+0000] {processor.py:914} INFO - Processing file /home/airflow/.local/lib/python3.12/site-packages/airflow/example_dags/example_python_decorator.py for tasks to queue
[2024-10-16T11:42:49.288+0000] {logging_mixin.py:190} INFO - [2024-10-16T11:42:49.288+0000] {dagbag.py:588} INFO - Filling up the DagBag from /home/airflow/.local/lib/python3.12/site-packages/airflow/example_dags/example_python_decorator.py
[2024-10-16T11:42:49.305+0000] {processor.py:925} INFO - DAG(s) 'example_python_decorator' retrieved from /home/airflow/.local/lib/python3.12/site-packages/airflow/example_dags/example_python_decorator.py
[2024-10-16T11:42:49.338+0000] {logging_mixin.py:190} INFO - [2024-10-16T11:42:49.337+0000] {dag.py:3239} INFO - Sync 1 DAGs
[2024-10-16T11:42:49.360+0000] {logging_mixin.py:190} INFO - [2024-10-16T11:42:49.360+0000] {dag.py:4180} INFO - Setting next_dagrun for example_python_decorator to None, run_after=None
[2024-10-16T11:42:49.387+0000] {processor.py:208} INFO - Processing /home/airflow/.local/lib/python3.12/site-packages/airflow/example_dags/example_python_decorator.py took 0.114 seconds
[2024-10-16T11:43:19.584+0000] {processor.py:186} INFO - Started process (PID=127245) to work on /home/airflow/.local/lib/python3.12/site-packages/airflow/example_dags/example_python_decorator.py
[2024-10-16T11:43:19.585+0000] {processor.py:914} INFO - Processing file /home/airflow/.local/lib/python3.12/site-packages/airflow/example_dags/example_python_decorator.py for tasks to queue
[2024-10-16T11:43:19.586+0000] {logging_mixin.py:190} INFO - [2024-10-16T11:43:19.586+0000] {dagbag.py:588} INFO - Filling up the DagBag from /home/airflow/.local/lib/python3.12/site-packages/airflow/example_dags/example_python_decorator.py
[2024-10-16T11:43:19.602+0000] {processor.py:925} INFO - DAG(s) 'example_python_decorator' retrieved from /home/airflow/.local/lib/python3.12/site-packages/airflow/example_dags/example_python_decorator.py
[2024-10-16T11:43:19.627+0000] {logging_mixin.py:190} INFO - [2024-10-16T11:43:19.626+0000] {dag.py:3239} INFO - Sync 1 DAGs
[2024-10-16T11:43:19.644+0000] {logging_mixin.py:190} INFO - [2024-10-16T11:43:19.643+0000] {dag.py:4180} INFO - Setting next_dagrun for example_python_decorator to None, run_after=None
[2024-10-16T11:43:19.665+0000] {processor.py:208} INFO - Processing /home/airflow/.local/lib/python3.12/site-packages/airflow/example_dags/example_python_decorator.py took 0.088 seconds
[2024-10-16T11:43:50.160+0000] {processor.py:186} INFO - Started process (PID=127308) to work on /home/airflow/.local/lib/python3.12/site-packages/airflow/example_dags/example_python_decorator.py
[2024-10-16T11:43:50.161+0000] {processor.py:914} INFO - Processing file /home/airflow/.local/lib/python3.12/site-packages/airflow/example_dags/example_python_decorator.py for tasks to queue
[2024-10-16T11:43:50.162+0000] {logging_mixin.py:190} INFO - [2024-10-16T11:43:50.162+0000] {dagbag.py:588} INFO - Filling up the DagBag from /home/airflow/.local/lib/python3.12/site-packages/airflow/example_dags/example_python_decorator.py
[2024-10-16T11:43:50.178+0000] {processor.py:925} INFO - DAG(s) 'example_python_decorator' retrieved from /home/airflow/.local/lib/python3.12/site-packages/airflow/example_dags/example_python_decorator.py
[2024-10-16T11:43:50.199+0000] {logging_mixin.py:190} INFO - [2024-10-16T11:43:50.199+0000] {dag.py:3239} INFO - Sync 1 DAGs
[2024-10-16T11:43:50.215+0000] {logging_mixin.py:190} INFO - [2024-10-16T11:43:50.215+0000] {dag.py:4180} INFO - Setting next_dagrun for example_python_decorator to None, run_after=None
[2024-10-16T11:43:50.235+0000] {processor.py:208} INFO - Processing /home/airflow/.local/lib/python3.12/site-packages/airflow/example_dags/example_python_decorator.py took 0.082 seconds
[2024-10-16T11:44:21.507+0000] {processor.py:186} INFO - Started process (PID=127372) to work on /home/airflow/.local/lib/python3.12/site-packages/airflow/example_dags/example_python_decorator.py
[2024-10-16T11:44:21.509+0000] {processor.py:914} INFO - Processing file /home/airflow/.local/lib/python3.12/site-packages/airflow/example_dags/example_python_decorator.py for tasks to queue
[2024-10-16T11:44:21.510+0000] {logging_mixin.py:190} INFO - [2024-10-16T11:44:21.510+0000] {dagbag.py:588} INFO - Filling up the DagBag from /home/airflow/.local/lib/python3.12/site-packages/airflow/example_dags/example_python_decorator.py
[2024-10-16T11:44:21.528+0000] {processor.py:925} INFO - DAG(s) 'example_python_decorator' retrieved from /home/airflow/.local/lib/python3.12/site-packages/airflow/example_dags/example_python_decorator.py
[2024-10-16T11:44:21.551+0000] {logging_mixin.py:190} INFO - [2024-10-16T11:44:21.551+0000] {dag.py:3239} INFO - Sync 1 DAGs
[2024-10-16T11:44:21.567+0000] {logging_mixin.py:190} INFO - [2024-10-16T11:44:21.567+0000] {dag.py:4180} INFO - Setting next_dagrun for example_python_decorator to None, run_after=None
[2024-10-16T11:44:21.589+0000] {processor.py:208} INFO - Processing /home/airflow/.local/lib/python3.12/site-packages/airflow/example_dags/example_python_decorator.py took 0.092 seconds
[2024-10-16T11:44:51.988+0000] {processor.py:186} INFO - Started process (PID=127435) to work on /home/airflow/.local/lib/python3.12/site-packages/airflow/example_dags/example_python_decorator.py
[2024-10-16T11:44:51.989+0000] {processor.py:914} INFO - Processing file /home/airflow/.local/lib/python3.12/site-packages/airflow/example_dags/example_python_decorator.py for tasks to queue
[2024-10-16T11:44:51.990+0000] {logging_mixin.py:190} INFO - [2024-10-16T11:44:51.990+0000] {dagbag.py:588} INFO - Filling up the DagBag from /home/airflow/.local/lib/python3.12/site-packages/airflow/example_dags/example_python_decorator.py
[2024-10-16T11:44:52.006+0000] {processor.py:925} INFO - DAG(s) 'example_python_decorator' retrieved from /home/airflow/.local/lib/python3.12/site-packages/airflow/example_dags/example_python_decorator.py
[2024-10-16T11:44:52.032+0000] {logging_mixin.py:190} INFO - [2024-10-16T11:44:52.032+0000] {dag.py:3239} INFO - Sync 1 DAGs
[2024-10-16T11:44:52.050+0000] {logging_mixin.py:190} INFO - [2024-10-16T11:44:52.050+0000] {dag.py:4180} INFO - Setting next_dagrun for example_python_decorator to None, run_after=None
[2024-10-16T11:44:52.071+0000] {processor.py:208} INFO - Processing /home/airflow/.local/lib/python3.12/site-packages/airflow/example_dags/example_python_decorator.py took 0.090 seconds
[2024-10-16T11:45:23.645+0000] {processor.py:186} INFO - Started process (PID=127498) to work on /home/airflow/.local/lib/python3.12/site-packages/airflow/example_dags/example_python_decorator.py
[2024-10-16T11:45:23.647+0000] {processor.py:914} INFO - Processing file /home/airflow/.local/lib/python3.12/site-packages/airflow/example_dags/example_python_decorator.py for tasks to queue
[2024-10-16T11:45:23.649+0000] {logging_mixin.py:190} INFO - [2024-10-16T11:45:23.648+0000] {dagbag.py:588} INFO - Filling up the DagBag from /home/airflow/.local/lib/python3.12/site-packages/airflow/example_dags/example_python_decorator.py
[2024-10-16T11:45:23.670+0000] {processor.py:925} INFO - DAG(s) 'example_python_decorator' retrieved from /home/airflow/.local/lib/python3.12/site-packages/airflow/example_dags/example_python_decorator.py
[2024-10-16T11:45:23.703+0000] {logging_mixin.py:190} INFO - [2024-10-16T11:45:23.703+0000] {dag.py:3239} INFO - Sync 1 DAGs
[2024-10-16T11:45:23.723+0000] {logging_mixin.py:190} INFO - [2024-10-16T11:45:23.723+0000] {dag.py:4180} INFO - Setting next_dagrun for example_python_decorator to None, run_after=None
[2024-10-16T11:45:23.749+0000] {processor.py:208} INFO - Processing /home/airflow/.local/lib/python3.12/site-packages/airflow/example_dags/example_python_decorator.py took 0.111 seconds
[2024-10-16T11:45:55.979+0000] {processor.py:186} INFO - Started process (PID=127562) to work on /home/airflow/.local/lib/python3.12/site-packages/airflow/example_dags/example_python_decorator.py
[2024-10-16T11:45:55.980+0000] {processor.py:914} INFO - Processing file /home/airflow/.local/lib/python3.12/site-packages/airflow/example_dags/example_python_decorator.py for tasks to queue
[2024-10-16T11:45:55.981+0000] {logging_mixin.py:190} INFO - [2024-10-16T11:45:55.981+0000] {dagbag.py:588} INFO - Filling up the DagBag from /home/airflow/.local/lib/python3.12/site-packages/airflow/example_dags/example_python_decorator.py
[2024-10-16T11:45:56.004+0000] {processor.py:925} INFO - DAG(s) 'example_python_decorator' retrieved from /home/airflow/.local/lib/python3.12/site-packages/airflow/example_dags/example_python_decorator.py
[2024-10-16T11:45:56.036+0000] {logging_mixin.py:190} INFO - [2024-10-16T11:45:56.036+0000] {dag.py:3239} INFO - Sync 1 DAGs
[2024-10-16T11:45:56.057+0000] {logging_mixin.py:190} INFO - [2024-10-16T11:45:56.057+0000] {dag.py:4180} INFO - Setting next_dagrun for example_python_decorator to None, run_after=None
[2024-10-16T11:45:56.088+0000] {processor.py:208} INFO - Processing /home/airflow/.local/lib/python3.12/site-packages/airflow/example_dags/example_python_decorator.py took 0.116 seconds
