[2024-10-16T11:29:46.384+0000] {processor.py:186} INFO - Started process (PID=125562) to work on /home/airflow/.local/lib/python3.12/site-packages/airflow/example_dags/example_setup_teardown.py
[2024-10-16T11:29:46.396+0000] {processor.py:914} INFO - Processing file /home/airflow/.local/lib/python3.12/site-packages/airflow/example_dags/example_setup_teardown.py for tasks to queue
[2024-10-16T11:29:46.399+0000] {logging_mixin.py:190} INFO - [2024-10-16T11:29:46.398+0000] {dagbag.py:588} INFO - Filling up the DagBag from /home/airflow/.local/lib/python3.12/site-packages/airflow/example_dags/example_setup_teardown.py
[2024-10-16T11:29:46.452+0000] {processor.py:925} INFO - DAG(s) 'example_setup_teardown' retrieved from /home/airflow/.local/lib/python3.12/site-packages/airflow/example_dags/example_setup_teardown.py
[2024-10-16T11:29:46.634+0000] {logging_mixin.py:190} INFO - [2024-10-16T11:29:46.634+0000] {dag.py:3239} INFO - Sync 1 DAGs
[2024-10-16T11:29:46.751+0000] {logging_mixin.py:190} INFO - [2024-10-16T11:29:46.750+0000] {dag.py:4180} INFO - Setting next_dagrun for example_setup_teardown to None, run_after=None
[2024-10-16T11:29:47.001+0000] {processor.py:208} INFO - Processing /home/airflow/.local/lib/python3.12/site-packages/airflow/example_dags/example_setup_teardown.py took 0.639 seconds
[2024-10-16T11:30:17.189+0000] {processor.py:186} INFO - Started process (PID=125626) to work on /home/airflow/.local/lib/python3.12/site-packages/airflow/example_dags/example_setup_teardown.py
[2024-10-16T11:30:17.196+0000] {processor.py:914} INFO - Processing file /home/airflow/.local/lib/python3.12/site-packages/airflow/example_dags/example_setup_teardown.py for tasks to queue
[2024-10-16T11:30:17.201+0000] {logging_mixin.py:190} INFO - [2024-10-16T11:30:17.200+0000] {dagbag.py:588} INFO - Filling up the DagBag from /home/airflow/.local/lib/python3.12/site-packages/airflow/example_dags/example_setup_teardown.py
[2024-10-16T11:30:17.223+0000] {processor.py:925} INFO - DAG(s) 'example_setup_teardown' retrieved from /home/airflow/.local/lib/python3.12/site-packages/airflow/example_dags/example_setup_teardown.py
[2024-10-16T11:30:17.266+0000] {logging_mixin.py:190} INFO - [2024-10-16T11:30:17.266+0000] {dag.py:3239} INFO - Sync 1 DAGs
[2024-10-16T11:30:17.299+0000] {logging_mixin.py:190} INFO - [2024-10-16T11:30:17.298+0000] {dag.py:4180} INFO - Setting next_dagrun for example_setup_teardown to None, run_after=None
[2024-10-16T11:30:17.347+0000] {processor.py:208} INFO - Processing /home/airflow/.local/lib/python3.12/site-packages/airflow/example_dags/example_setup_teardown.py took 0.167 seconds
[2024-10-16T11:30:47.909+0000] {processor.py:186} INFO - Started process (PID=125689) to work on /home/airflow/.local/lib/python3.12/site-packages/airflow/example_dags/example_setup_teardown.py
[2024-10-16T11:30:47.910+0000] {processor.py:914} INFO - Processing file /home/airflow/.local/lib/python3.12/site-packages/airflow/example_dags/example_setup_teardown.py for tasks to queue
[2024-10-16T11:30:47.912+0000] {logging_mixin.py:190} INFO - [2024-10-16T11:30:47.912+0000] {dagbag.py:588} INFO - Filling up the DagBag from /home/airflow/.local/lib/python3.12/site-packages/airflow/example_dags/example_setup_teardown.py
[2024-10-16T11:30:47.920+0000] {processor.py:925} INFO - DAG(s) 'example_setup_teardown' retrieved from /home/airflow/.local/lib/python3.12/site-packages/airflow/example_dags/example_setup_teardown.py
[2024-10-16T11:30:47.940+0000] {logging_mixin.py:190} INFO - [2024-10-16T11:30:47.940+0000] {dag.py:3239} INFO - Sync 1 DAGs
[2024-10-16T11:30:47.954+0000] {logging_mixin.py:190} INFO - [2024-10-16T11:30:47.954+0000] {dag.py:4180} INFO - Setting next_dagrun for example_setup_teardown to None, run_after=None
[2024-10-16T11:30:47.978+0000] {processor.py:208} INFO - Processing /home/airflow/.local/lib/python3.12/site-packages/airflow/example_dags/example_setup_teardown.py took 0.074 seconds
[2024-10-16T11:31:18.678+0000] {processor.py:186} INFO - Started process (PID=125752) to work on /home/airflow/.local/lib/python3.12/site-packages/airflow/example_dags/example_setup_teardown.py
[2024-10-16T11:31:18.680+0000] {processor.py:914} INFO - Processing file /home/airflow/.local/lib/python3.12/site-packages/airflow/example_dags/example_setup_teardown.py for tasks to queue
[2024-10-16T11:31:18.681+0000] {logging_mixin.py:190} INFO - [2024-10-16T11:31:18.681+0000] {dagbag.py:588} INFO - Filling up the DagBag from /home/airflow/.local/lib/python3.12/site-packages/airflow/example_dags/example_setup_teardown.py
[2024-10-16T11:31:18.691+0000] {processor.py:925} INFO - DAG(s) 'example_setup_teardown' retrieved from /home/airflow/.local/lib/python3.12/site-packages/airflow/example_dags/example_setup_teardown.py
[2024-10-16T11:31:18.714+0000] {logging_mixin.py:190} INFO - [2024-10-16T11:31:18.714+0000] {dag.py:3239} INFO - Sync 1 DAGs
[2024-10-16T11:31:18.732+0000] {logging_mixin.py:190} INFO - [2024-10-16T11:31:18.732+0000] {dag.py:4180} INFO - Setting next_dagrun for example_setup_teardown to None, run_after=None
[2024-10-16T11:31:18.753+0000] {processor.py:208} INFO - Processing /home/airflow/.local/lib/python3.12/site-packages/airflow/example_dags/example_setup_teardown.py took 0.082 seconds
[2024-10-16T11:31:48.886+0000] {processor.py:186} INFO - Started process (PID=125816) to work on /home/airflow/.local/lib/python3.12/site-packages/airflow/example_dags/example_setup_teardown.py
[2024-10-16T11:31:48.887+0000] {processor.py:914} INFO - Processing file /home/airflow/.local/lib/python3.12/site-packages/airflow/example_dags/example_setup_teardown.py for tasks to queue
[2024-10-16T11:31:48.888+0000] {logging_mixin.py:190} INFO - [2024-10-16T11:31:48.887+0000] {dagbag.py:588} INFO - Filling up the DagBag from /home/airflow/.local/lib/python3.12/site-packages/airflow/example_dags/example_setup_teardown.py
[2024-10-16T11:31:48.896+0000] {processor.py:925} INFO - DAG(s) 'example_setup_teardown' retrieved from /home/airflow/.local/lib/python3.12/site-packages/airflow/example_dags/example_setup_teardown.py
[2024-10-16T11:31:48.915+0000] {logging_mixin.py:190} INFO - [2024-10-16T11:31:48.915+0000] {dag.py:3239} INFO - Sync 1 DAGs
[2024-10-16T11:31:48.929+0000] {logging_mixin.py:190} INFO - [2024-10-16T11:31:48.929+0000] {dag.py:4180} INFO - Setting next_dagrun for example_setup_teardown to None, run_after=None
[2024-10-16T11:31:48.947+0000] {processor.py:208} INFO - Processing /home/airflow/.local/lib/python3.12/site-packages/airflow/example_dags/example_setup_teardown.py took 0.067 seconds
[2024-10-16T11:32:19.745+0000] {processor.py:186} INFO - Started process (PID=125878) to work on /home/airflow/.local/lib/python3.12/site-packages/airflow/example_dags/example_setup_teardown.py
[2024-10-16T11:32:19.746+0000] {processor.py:914} INFO - Processing file /home/airflow/.local/lib/python3.12/site-packages/airflow/example_dags/example_setup_teardown.py for tasks to queue
[2024-10-16T11:32:19.747+0000] {logging_mixin.py:190} INFO - [2024-10-16T11:32:19.747+0000] {dagbag.py:588} INFO - Filling up the DagBag from /home/airflow/.local/lib/python3.12/site-packages/airflow/example_dags/example_setup_teardown.py
[2024-10-16T11:32:19.756+0000] {processor.py:925} INFO - DAG(s) 'example_setup_teardown' retrieved from /home/airflow/.local/lib/python3.12/site-packages/airflow/example_dags/example_setup_teardown.py
[2024-10-16T11:32:19.774+0000] {logging_mixin.py:190} INFO - [2024-10-16T11:32:19.774+0000] {dag.py:3239} INFO - Sync 1 DAGs
[2024-10-16T11:32:19.788+0000] {logging_mixin.py:190} INFO - [2024-10-16T11:32:19.787+0000] {dag.py:4180} INFO - Setting next_dagrun for example_setup_teardown to None, run_after=None
[2024-10-16T11:32:19.807+0000] {processor.py:208} INFO - Processing /home/airflow/.local/lib/python3.12/site-packages/airflow/example_dags/example_setup_teardown.py took 0.067 seconds
[2024-10-16T11:32:50.210+0000] {processor.py:186} INFO - Started process (PID=125941) to work on /home/airflow/.local/lib/python3.12/site-packages/airflow/example_dags/example_setup_teardown.py
[2024-10-16T11:32:50.210+0000] {processor.py:914} INFO - Processing file /home/airflow/.local/lib/python3.12/site-packages/airflow/example_dags/example_setup_teardown.py for tasks to queue
[2024-10-16T11:32:50.212+0000] {logging_mixin.py:190} INFO - [2024-10-16T11:32:50.211+0000] {dagbag.py:588} INFO - Filling up the DagBag from /home/airflow/.local/lib/python3.12/site-packages/airflow/example_dags/example_setup_teardown.py
[2024-10-16T11:32:50.219+0000] {processor.py:925} INFO - DAG(s) 'example_setup_teardown' retrieved from /home/airflow/.local/lib/python3.12/site-packages/airflow/example_dags/example_setup_teardown.py
[2024-10-16T11:32:50.239+0000] {logging_mixin.py:190} INFO - [2024-10-16T11:32:50.238+0000] {dag.py:3239} INFO - Sync 1 DAGs
[2024-10-16T11:32:50.252+0000] {logging_mixin.py:190} INFO - [2024-10-16T11:32:50.251+0000] {dag.py:4180} INFO - Setting next_dagrun for example_setup_teardown to None, run_after=None
[2024-10-16T11:32:50.271+0000] {processor.py:208} INFO - Processing /home/airflow/.local/lib/python3.12/site-packages/airflow/example_dags/example_setup_teardown.py took 0.067 seconds
[2024-10-16T11:33:20.431+0000] {processor.py:186} INFO - Started process (PID=126004) to work on /home/airflow/.local/lib/python3.12/site-packages/airflow/example_dags/example_setup_teardown.py
[2024-10-16T11:33:20.433+0000] {processor.py:914} INFO - Processing file /home/airflow/.local/lib/python3.12/site-packages/airflow/example_dags/example_setup_teardown.py for tasks to queue
[2024-10-16T11:33:20.434+0000] {logging_mixin.py:190} INFO - [2024-10-16T11:33:20.434+0000] {dagbag.py:588} INFO - Filling up the DagBag from /home/airflow/.local/lib/python3.12/site-packages/airflow/example_dags/example_setup_teardown.py
[2024-10-16T11:33:20.445+0000] {processor.py:925} INFO - DAG(s) 'example_setup_teardown' retrieved from /home/airflow/.local/lib/python3.12/site-packages/airflow/example_dags/example_setup_teardown.py
[2024-10-16T11:33:20.479+0000] {logging_mixin.py:190} INFO - [2024-10-16T11:33:20.479+0000] {dag.py:3239} INFO - Sync 1 DAGs
[2024-10-16T11:33:20.498+0000] {logging_mixin.py:190} INFO - [2024-10-16T11:33:20.498+0000] {dag.py:4180} INFO - Setting next_dagrun for example_setup_teardown to None, run_after=None
[2024-10-16T11:33:20.523+0000] {processor.py:208} INFO - Processing /home/airflow/.local/lib/python3.12/site-packages/airflow/example_dags/example_setup_teardown.py took 0.099 seconds
[2024-10-16T11:33:51.467+0000] {processor.py:186} INFO - Started process (PID=126067) to work on /home/airflow/.local/lib/python3.12/site-packages/airflow/example_dags/example_setup_teardown.py
[2024-10-16T11:33:51.469+0000] {processor.py:914} INFO - Processing file /home/airflow/.local/lib/python3.12/site-packages/airflow/example_dags/example_setup_teardown.py for tasks to queue
[2024-10-16T11:33:51.471+0000] {logging_mixin.py:190} INFO - [2024-10-16T11:33:51.470+0000] {dagbag.py:588} INFO - Filling up the DagBag from /home/airflow/.local/lib/python3.12/site-packages/airflow/example_dags/example_setup_teardown.py
[2024-10-16T11:33:51.486+0000] {processor.py:925} INFO - DAG(s) 'example_setup_teardown' retrieved from /home/airflow/.local/lib/python3.12/site-packages/airflow/example_dags/example_setup_teardown.py
[2024-10-16T11:33:51.524+0000] {logging_mixin.py:190} INFO - [2024-10-16T11:33:51.523+0000] {dag.py:3239} INFO - Sync 1 DAGs
[2024-10-16T11:33:51.552+0000] {logging_mixin.py:190} INFO - [2024-10-16T11:33:51.552+0000] {dag.py:4180} INFO - Setting next_dagrun for example_setup_teardown to None, run_after=None
[2024-10-16T11:33:51.588+0000] {processor.py:208} INFO - Processing /home/airflow/.local/lib/python3.12/site-packages/airflow/example_dags/example_setup_teardown.py took 0.139 seconds
[2024-10-16T11:34:21.939+0000] {processor.py:186} INFO - Started process (PID=126131) to work on /home/airflow/.local/lib/python3.12/site-packages/airflow/example_dags/example_setup_teardown.py
[2024-10-16T11:34:21.941+0000] {processor.py:914} INFO - Processing file /home/airflow/.local/lib/python3.12/site-packages/airflow/example_dags/example_setup_teardown.py for tasks to queue
[2024-10-16T11:34:21.943+0000] {logging_mixin.py:190} INFO - [2024-10-16T11:34:21.942+0000] {dagbag.py:588} INFO - Filling up the DagBag from /home/airflow/.local/lib/python3.12/site-packages/airflow/example_dags/example_setup_teardown.py
[2024-10-16T11:34:21.957+0000] {processor.py:925} INFO - DAG(s) 'example_setup_teardown' retrieved from /home/airflow/.local/lib/python3.12/site-packages/airflow/example_dags/example_setup_teardown.py
[2024-10-16T11:34:21.989+0000] {logging_mixin.py:190} INFO - [2024-10-16T11:34:21.989+0000] {dag.py:3239} INFO - Sync 1 DAGs
[2024-10-16T11:34:22.012+0000] {logging_mixin.py:190} INFO - [2024-10-16T11:34:22.012+0000] {dag.py:4180} INFO - Setting next_dagrun for example_setup_teardown to None, run_after=None
[2024-10-16T11:34:22.045+0000] {processor.py:208} INFO - Processing /home/airflow/.local/lib/python3.12/site-packages/airflow/example_dags/example_setup_teardown.py took 0.114 seconds
[2024-10-16T11:34:52.203+0000] {processor.py:186} INFO - Started process (PID=126194) to work on /home/airflow/.local/lib/python3.12/site-packages/airflow/example_dags/example_setup_teardown.py
[2024-10-16T11:34:52.205+0000] {processor.py:914} INFO - Processing file /home/airflow/.local/lib/python3.12/site-packages/airflow/example_dags/example_setup_teardown.py for tasks to queue
[2024-10-16T11:34:52.206+0000] {logging_mixin.py:190} INFO - [2024-10-16T11:34:52.206+0000] {dagbag.py:588} INFO - Filling up the DagBag from /home/airflow/.local/lib/python3.12/site-packages/airflow/example_dags/example_setup_teardown.py
[2024-10-16T11:34:52.216+0000] {processor.py:925} INFO - DAG(s) 'example_setup_teardown' retrieved from /home/airflow/.local/lib/python3.12/site-packages/airflow/example_dags/example_setup_teardown.py
[2024-10-16T11:34:52.239+0000] {logging_mixin.py:190} INFO - [2024-10-16T11:34:52.239+0000] {dag.py:3239} INFO - Sync 1 DAGs
[2024-10-16T11:34:52.253+0000] {logging_mixin.py:190} INFO - [2024-10-16T11:34:52.253+0000] {dag.py:4180} INFO - Setting next_dagrun for example_setup_teardown to None, run_after=None
[2024-10-16T11:34:52.273+0000] {processor.py:208} INFO - Processing /home/airflow/.local/lib/python3.12/site-packages/airflow/example_dags/example_setup_teardown.py took 0.075 seconds
[2024-10-16T11:35:22.960+0000] {processor.py:186} INFO - Started process (PID=126257) to work on /home/airflow/.local/lib/python3.12/site-packages/airflow/example_dags/example_setup_teardown.py
[2024-10-16T11:35:22.961+0000] {processor.py:914} INFO - Processing file /home/airflow/.local/lib/python3.12/site-packages/airflow/example_dags/example_setup_teardown.py for tasks to queue
[2024-10-16T11:35:22.963+0000] {logging_mixin.py:190} INFO - [2024-10-16T11:35:22.962+0000] {dagbag.py:588} INFO - Filling up the DagBag from /home/airflow/.local/lib/python3.12/site-packages/airflow/example_dags/example_setup_teardown.py
[2024-10-16T11:35:22.971+0000] {processor.py:925} INFO - DAG(s) 'example_setup_teardown' retrieved from /home/airflow/.local/lib/python3.12/site-packages/airflow/example_dags/example_setup_teardown.py
[2024-10-16T11:35:22.992+0000] {logging_mixin.py:190} INFO - [2024-10-16T11:35:22.992+0000] {dag.py:3239} INFO - Sync 1 DAGs
[2024-10-16T11:35:23.006+0000] {logging_mixin.py:190} INFO - [2024-10-16T11:35:23.005+0000] {dag.py:4180} INFO - Setting next_dagrun for example_setup_teardown to None, run_after=None
[2024-10-16T11:35:23.024+0000] {processor.py:208} INFO - Processing /home/airflow/.local/lib/python3.12/site-packages/airflow/example_dags/example_setup_teardown.py took 0.070 seconds
[2024-10-16T11:35:53.473+0000] {processor.py:186} INFO - Started process (PID=126320) to work on /home/airflow/.local/lib/python3.12/site-packages/airflow/example_dags/example_setup_teardown.py
[2024-10-16T11:35:53.474+0000] {processor.py:914} INFO - Processing file /home/airflow/.local/lib/python3.12/site-packages/airflow/example_dags/example_setup_teardown.py for tasks to queue
[2024-10-16T11:35:53.476+0000] {logging_mixin.py:190} INFO - [2024-10-16T11:35:53.475+0000] {dagbag.py:588} INFO - Filling up the DagBag from /home/airflow/.local/lib/python3.12/site-packages/airflow/example_dags/example_setup_teardown.py
[2024-10-16T11:35:53.486+0000] {processor.py:925} INFO - DAG(s) 'example_setup_teardown' retrieved from /home/airflow/.local/lib/python3.12/site-packages/airflow/example_dags/example_setup_teardown.py
[2024-10-16T11:35:53.511+0000] {logging_mixin.py:190} INFO - [2024-10-16T11:35:53.511+0000] {dag.py:3239} INFO - Sync 1 DAGs
[2024-10-16T11:35:53.532+0000] {logging_mixin.py:190} INFO - [2024-10-16T11:35:53.531+0000] {dag.py:4180} INFO - Setting next_dagrun for example_setup_teardown to None, run_after=None
[2024-10-16T11:35:53.553+0000] {processor.py:208} INFO - Processing /home/airflow/.local/lib/python3.12/site-packages/airflow/example_dags/example_setup_teardown.py took 0.089 seconds
[2024-10-16T11:36:24.174+0000] {processor.py:186} INFO - Started process (PID=126384) to work on /home/airflow/.local/lib/python3.12/site-packages/airflow/example_dags/example_setup_teardown.py
[2024-10-16T11:36:24.175+0000] {processor.py:914} INFO - Processing file /home/airflow/.local/lib/python3.12/site-packages/airflow/example_dags/example_setup_teardown.py for tasks to queue
[2024-10-16T11:36:24.176+0000] {logging_mixin.py:190} INFO - [2024-10-16T11:36:24.176+0000] {dagbag.py:588} INFO - Filling up the DagBag from /home/airflow/.local/lib/python3.12/site-packages/airflow/example_dags/example_setup_teardown.py
[2024-10-16T11:36:24.185+0000] {processor.py:925} INFO - DAG(s) 'example_setup_teardown' retrieved from /home/airflow/.local/lib/python3.12/site-packages/airflow/example_dags/example_setup_teardown.py
[2024-10-16T11:36:24.204+0000] {logging_mixin.py:190} INFO - [2024-10-16T11:36:24.204+0000] {dag.py:3239} INFO - Sync 1 DAGs
[2024-10-16T11:36:24.218+0000] {logging_mixin.py:190} INFO - [2024-10-16T11:36:24.218+0000] {dag.py:4180} INFO - Setting next_dagrun for example_setup_teardown to None, run_after=None
[2024-10-16T11:36:24.238+0000] {processor.py:208} INFO - Processing /home/airflow/.local/lib/python3.12/site-packages/airflow/example_dags/example_setup_teardown.py took 0.069 seconds
[2024-10-16T11:36:54.584+0000] {processor.py:186} INFO - Started process (PID=126447) to work on /home/airflow/.local/lib/python3.12/site-packages/airflow/example_dags/example_setup_teardown.py
[2024-10-16T11:36:54.585+0000] {processor.py:914} INFO - Processing file /home/airflow/.local/lib/python3.12/site-packages/airflow/example_dags/example_setup_teardown.py for tasks to queue
[2024-10-16T11:36:54.586+0000] {logging_mixin.py:190} INFO - [2024-10-16T11:36:54.585+0000] {dagbag.py:588} INFO - Filling up the DagBag from /home/airflow/.local/lib/python3.12/site-packages/airflow/example_dags/example_setup_teardown.py
[2024-10-16T11:36:54.594+0000] {processor.py:925} INFO - DAG(s) 'example_setup_teardown' retrieved from /home/airflow/.local/lib/python3.12/site-packages/airflow/example_dags/example_setup_teardown.py
[2024-10-16T11:36:54.614+0000] {logging_mixin.py:190} INFO - [2024-10-16T11:36:54.614+0000] {dag.py:3239} INFO - Sync 1 DAGs
[2024-10-16T11:36:54.628+0000] {logging_mixin.py:190} INFO - [2024-10-16T11:36:54.627+0000] {dag.py:4180} INFO - Setting next_dagrun for example_setup_teardown to None, run_after=None
[2024-10-16T11:36:54.648+0000] {processor.py:208} INFO - Processing /home/airflow/.local/lib/python3.12/site-packages/airflow/example_dags/example_setup_teardown.py took 0.069 seconds
[2024-10-16T11:37:25.049+0000] {processor.py:186} INFO - Started process (PID=126510) to work on /home/airflow/.local/lib/python3.12/site-packages/airflow/example_dags/example_setup_teardown.py
[2024-10-16T11:37:25.050+0000] {processor.py:914} INFO - Processing file /home/airflow/.local/lib/python3.12/site-packages/airflow/example_dags/example_setup_teardown.py for tasks to queue
[2024-10-16T11:37:25.051+0000] {logging_mixin.py:190} INFO - [2024-10-16T11:37:25.051+0000] {dagbag.py:588} INFO - Filling up the DagBag from /home/airflow/.local/lib/python3.12/site-packages/airflow/example_dags/example_setup_teardown.py
[2024-10-16T11:37:25.061+0000] {processor.py:925} INFO - DAG(s) 'example_setup_teardown' retrieved from /home/airflow/.local/lib/python3.12/site-packages/airflow/example_dags/example_setup_teardown.py
[2024-10-16T11:37:25.082+0000] {logging_mixin.py:190} INFO - [2024-10-16T11:37:25.082+0000] {dag.py:3239} INFO - Sync 1 DAGs
[2024-10-16T11:37:25.098+0000] {logging_mixin.py:190} INFO - [2024-10-16T11:37:25.098+0000] {dag.py:4180} INFO - Setting next_dagrun for example_setup_teardown to None, run_after=None
[2024-10-16T11:37:25.120+0000] {processor.py:208} INFO - Processing /home/airflow/.local/lib/python3.12/site-packages/airflow/example_dags/example_setup_teardown.py took 0.077 seconds
[2024-10-16T11:37:55.917+0000] {processor.py:186} INFO - Started process (PID=126573) to work on /home/airflow/.local/lib/python3.12/site-packages/airflow/example_dags/example_setup_teardown.py
[2024-10-16T11:37:55.918+0000] {processor.py:914} INFO - Processing file /home/airflow/.local/lib/python3.12/site-packages/airflow/example_dags/example_setup_teardown.py for tasks to queue
[2024-10-16T11:37:55.920+0000] {logging_mixin.py:190} INFO - [2024-10-16T11:37:55.920+0000] {dagbag.py:588} INFO - Filling up the DagBag from /home/airflow/.local/lib/python3.12/site-packages/airflow/example_dags/example_setup_teardown.py
[2024-10-16T11:37:55.933+0000] {processor.py:925} INFO - DAG(s) 'example_setup_teardown' retrieved from /home/airflow/.local/lib/python3.12/site-packages/airflow/example_dags/example_setup_teardown.py
[2024-10-16T11:37:55.960+0000] {logging_mixin.py:190} INFO - [2024-10-16T11:37:55.960+0000] {dag.py:3239} INFO - Sync 1 DAGs
[2024-10-16T11:37:55.975+0000] {logging_mixin.py:190} INFO - [2024-10-16T11:37:55.974+0000] {dag.py:4180} INFO - Setting next_dagrun for example_setup_teardown to None, run_after=None
[2024-10-16T11:37:55.994+0000] {processor.py:208} INFO - Processing /home/airflow/.local/lib/python3.12/site-packages/airflow/example_dags/example_setup_teardown.py took 0.082 seconds
[2024-10-16T11:38:26.571+0000] {processor.py:186} INFO - Started process (PID=126637) to work on /home/airflow/.local/lib/python3.12/site-packages/airflow/example_dags/example_setup_teardown.py
[2024-10-16T11:38:26.573+0000] {processor.py:914} INFO - Processing file /home/airflow/.local/lib/python3.12/site-packages/airflow/example_dags/example_setup_teardown.py for tasks to queue
[2024-10-16T11:38:26.574+0000] {logging_mixin.py:190} INFO - [2024-10-16T11:38:26.574+0000] {dagbag.py:588} INFO - Filling up the DagBag from /home/airflow/.local/lib/python3.12/site-packages/airflow/example_dags/example_setup_teardown.py
[2024-10-16T11:38:26.584+0000] {processor.py:925} INFO - DAG(s) 'example_setup_teardown' retrieved from /home/airflow/.local/lib/python3.12/site-packages/airflow/example_dags/example_setup_teardown.py
[2024-10-16T11:38:26.606+0000] {logging_mixin.py:190} INFO - [2024-10-16T11:38:26.606+0000] {dag.py:3239} INFO - Sync 1 DAGs
[2024-10-16T11:38:26.622+0000] {logging_mixin.py:190} INFO - [2024-10-16T11:38:26.622+0000] {dag.py:4180} INFO - Setting next_dagrun for example_setup_teardown to None, run_after=None
[2024-10-16T11:38:26.643+0000] {processor.py:208} INFO - Processing /home/airflow/.local/lib/python3.12/site-packages/airflow/example_dags/example_setup_teardown.py took 0.079 seconds
[2024-10-16T11:38:56.835+0000] {processor.py:186} INFO - Started process (PID=126699) to work on /home/airflow/.local/lib/python3.12/site-packages/airflow/example_dags/example_setup_teardown.py
[2024-10-16T11:38:56.836+0000] {processor.py:914} INFO - Processing file /home/airflow/.local/lib/python3.12/site-packages/airflow/example_dags/example_setup_teardown.py for tasks to queue
[2024-10-16T11:38:56.838+0000] {logging_mixin.py:190} INFO - [2024-10-16T11:38:56.838+0000] {dagbag.py:588} INFO - Filling up the DagBag from /home/airflow/.local/lib/python3.12/site-packages/airflow/example_dags/example_setup_teardown.py
[2024-10-16T11:38:56.849+0000] {processor.py:925} INFO - DAG(s) 'example_setup_teardown' retrieved from /home/airflow/.local/lib/python3.12/site-packages/airflow/example_dags/example_setup_teardown.py
[2024-10-16T11:38:56.872+0000] {logging_mixin.py:190} INFO - [2024-10-16T11:38:56.872+0000] {dag.py:3239} INFO - Sync 1 DAGs
[2024-10-16T11:38:56.894+0000] {logging_mixin.py:190} INFO - [2024-10-16T11:38:56.893+0000] {dag.py:4180} INFO - Setting next_dagrun for example_setup_teardown to None, run_after=None
[2024-10-16T11:38:56.914+0000] {processor.py:208} INFO - Processing /home/airflow/.local/lib/python3.12/site-packages/airflow/example_dags/example_setup_teardown.py took 0.086 seconds
[2024-10-16T11:39:27.711+0000] {processor.py:186} INFO - Started process (PID=126762) to work on /home/airflow/.local/lib/python3.12/site-packages/airflow/example_dags/example_setup_teardown.py
[2024-10-16T11:39:27.712+0000] {processor.py:914} INFO - Processing file /home/airflow/.local/lib/python3.12/site-packages/airflow/example_dags/example_setup_teardown.py for tasks to queue
[2024-10-16T11:39:27.713+0000] {logging_mixin.py:190} INFO - [2024-10-16T11:39:27.713+0000] {dagbag.py:588} INFO - Filling up the DagBag from /home/airflow/.local/lib/python3.12/site-packages/airflow/example_dags/example_setup_teardown.py
[2024-10-16T11:39:27.723+0000] {processor.py:925} INFO - DAG(s) 'example_setup_teardown' retrieved from /home/airflow/.local/lib/python3.12/site-packages/airflow/example_dags/example_setup_teardown.py
[2024-10-16T11:39:27.745+0000] {logging_mixin.py:190} INFO - [2024-10-16T11:39:27.745+0000] {dag.py:3239} INFO - Sync 1 DAGs
[2024-10-16T11:39:27.763+0000] {logging_mixin.py:190} INFO - [2024-10-16T11:39:27.763+0000] {dag.py:4180} INFO - Setting next_dagrun for example_setup_teardown to None, run_after=None
[2024-10-16T11:39:27.785+0000] {processor.py:208} INFO - Processing /home/airflow/.local/lib/python3.12/site-packages/airflow/example_dags/example_setup_teardown.py took 0.081 seconds
[2024-10-16T11:39:58.489+0000] {processor.py:186} INFO - Started process (PID=126825) to work on /home/airflow/.local/lib/python3.12/site-packages/airflow/example_dags/example_setup_teardown.py
[2024-10-16T11:39:58.490+0000] {processor.py:914} INFO - Processing file /home/airflow/.local/lib/python3.12/site-packages/airflow/example_dags/example_setup_teardown.py for tasks to queue
[2024-10-16T11:39:58.491+0000] {logging_mixin.py:190} INFO - [2024-10-16T11:39:58.491+0000] {dagbag.py:588} INFO - Filling up the DagBag from /home/airflow/.local/lib/python3.12/site-packages/airflow/example_dags/example_setup_teardown.py
[2024-10-16T11:39:58.501+0000] {processor.py:925} INFO - DAG(s) 'example_setup_teardown' retrieved from /home/airflow/.local/lib/python3.12/site-packages/airflow/example_dags/example_setup_teardown.py
[2024-10-16T11:39:58.522+0000] {logging_mixin.py:190} INFO - [2024-10-16T11:39:58.521+0000] {dag.py:3239} INFO - Sync 1 DAGs
[2024-10-16T11:39:58.538+0000] {logging_mixin.py:190} INFO - [2024-10-16T11:39:58.537+0000] {dag.py:4180} INFO - Setting next_dagrun for example_setup_teardown to None, run_after=None
[2024-10-16T11:39:58.564+0000] {processor.py:208} INFO - Processing /home/airflow/.local/lib/python3.12/site-packages/airflow/example_dags/example_setup_teardown.py took 0.082 seconds
[2024-10-16T11:40:29.546+0000] {processor.py:186} INFO - Started process (PID=126887) to work on /home/airflow/.local/lib/python3.12/site-packages/airflow/example_dags/example_setup_teardown.py
[2024-10-16T11:40:29.547+0000] {processor.py:914} INFO - Processing file /home/airflow/.local/lib/python3.12/site-packages/airflow/example_dags/example_setup_teardown.py for tasks to queue
[2024-10-16T11:40:29.548+0000] {logging_mixin.py:190} INFO - [2024-10-16T11:40:29.548+0000] {dagbag.py:588} INFO - Filling up the DagBag from /home/airflow/.local/lib/python3.12/site-packages/airflow/example_dags/example_setup_teardown.py
[2024-10-16T11:40:29.557+0000] {processor.py:925} INFO - DAG(s) 'example_setup_teardown' retrieved from /home/airflow/.local/lib/python3.12/site-packages/airflow/example_dags/example_setup_teardown.py
[2024-10-16T11:40:29.580+0000] {logging_mixin.py:190} INFO - [2024-10-16T11:40:29.580+0000] {dag.py:3239} INFO - Sync 1 DAGs
[2024-10-16T11:40:29.596+0000] {logging_mixin.py:190} INFO - [2024-10-16T11:40:29.596+0000] {dag.py:4180} INFO - Setting next_dagrun for example_setup_teardown to None, run_after=None
[2024-10-16T11:40:29.615+0000] {processor.py:208} INFO - Processing /home/airflow/.local/lib/python3.12/site-packages/airflow/example_dags/example_setup_teardown.py took 0.077 seconds
[2024-10-16T11:40:59.802+0000] {processor.py:186} INFO - Started process (PID=126950) to work on /home/airflow/.local/lib/python3.12/site-packages/airflow/example_dags/example_setup_teardown.py
[2024-10-16T11:40:59.803+0000] {processor.py:914} INFO - Processing file /home/airflow/.local/lib/python3.12/site-packages/airflow/example_dags/example_setup_teardown.py for tasks to queue
[2024-10-16T11:40:59.805+0000] {logging_mixin.py:190} INFO - [2024-10-16T11:40:59.804+0000] {dagbag.py:588} INFO - Filling up the DagBag from /home/airflow/.local/lib/python3.12/site-packages/airflow/example_dags/example_setup_teardown.py
[2024-10-16T11:40:59.814+0000] {processor.py:925} INFO - DAG(s) 'example_setup_teardown' retrieved from /home/airflow/.local/lib/python3.12/site-packages/airflow/example_dags/example_setup_teardown.py
[2024-10-16T11:40:59.836+0000] {logging_mixin.py:190} INFO - [2024-10-16T11:40:59.836+0000] {dag.py:3239} INFO - Sync 1 DAGs
[2024-10-16T11:40:59.852+0000] {logging_mixin.py:190} INFO - [2024-10-16T11:40:59.852+0000] {dag.py:4180} INFO - Setting next_dagrun for example_setup_teardown to None, run_after=None
[2024-10-16T11:40:59.875+0000] {processor.py:208} INFO - Processing /home/airflow/.local/lib/python3.12/site-packages/airflow/example_dags/example_setup_teardown.py took 0.079 seconds
[2024-10-16T11:41:30.213+0000] {processor.py:186} INFO - Started process (PID=127013) to work on /home/airflow/.local/lib/python3.12/site-packages/airflow/example_dags/example_setup_teardown.py
[2024-10-16T11:41:30.214+0000] {processor.py:914} INFO - Processing file /home/airflow/.local/lib/python3.12/site-packages/airflow/example_dags/example_setup_teardown.py for tasks to queue
[2024-10-16T11:41:30.216+0000] {logging_mixin.py:190} INFO - [2024-10-16T11:41:30.215+0000] {dagbag.py:588} INFO - Filling up the DagBag from /home/airflow/.local/lib/python3.12/site-packages/airflow/example_dags/example_setup_teardown.py
[2024-10-16T11:41:30.225+0000] {processor.py:925} INFO - DAG(s) 'example_setup_teardown' retrieved from /home/airflow/.local/lib/python3.12/site-packages/airflow/example_dags/example_setup_teardown.py
[2024-10-16T11:41:30.247+0000] {logging_mixin.py:190} INFO - [2024-10-16T11:41:30.247+0000] {dag.py:3239} INFO - Sync 1 DAGs
[2024-10-16T11:41:30.263+0000] {logging_mixin.py:190} INFO - [2024-10-16T11:41:30.263+0000] {dag.py:4180} INFO - Setting next_dagrun for example_setup_teardown to None, run_after=None
[2024-10-16T11:41:30.284+0000] {processor.py:208} INFO - Processing /home/airflow/.local/lib/python3.12/site-packages/airflow/example_dags/example_setup_teardown.py took 0.078 seconds
[2024-10-16T11:42:01.026+0000] {processor.py:186} INFO - Started process (PID=127076) to work on /home/airflow/.local/lib/python3.12/site-packages/airflow/example_dags/example_setup_teardown.py
[2024-10-16T11:42:01.027+0000] {processor.py:914} INFO - Processing file /home/airflow/.local/lib/python3.12/site-packages/airflow/example_dags/example_setup_teardown.py for tasks to queue
[2024-10-16T11:42:01.029+0000] {logging_mixin.py:190} INFO - [2024-10-16T11:42:01.028+0000] {dagbag.py:588} INFO - Filling up the DagBag from /home/airflow/.local/lib/python3.12/site-packages/airflow/example_dags/example_setup_teardown.py
[2024-10-16T11:42:01.039+0000] {processor.py:925} INFO - DAG(s) 'example_setup_teardown' retrieved from /home/airflow/.local/lib/python3.12/site-packages/airflow/example_dags/example_setup_teardown.py
[2024-10-16T11:42:01.058+0000] {logging_mixin.py:190} INFO - [2024-10-16T11:42:01.058+0000] {dag.py:3239} INFO - Sync 1 DAGs
[2024-10-16T11:42:01.074+0000] {logging_mixin.py:190} INFO - [2024-10-16T11:42:01.074+0000] {dag.py:4180} INFO - Setting next_dagrun for example_setup_teardown to None, run_after=None
[2024-10-16T11:42:01.092+0000] {processor.py:208} INFO - Processing /home/airflow/.local/lib/python3.12/site-packages/airflow/example_dags/example_setup_teardown.py took 0.072 seconds
[2024-10-16T11:42:31.277+0000] {processor.py:186} INFO - Started process (PID=127139) to work on /home/airflow/.local/lib/python3.12/site-packages/airflow/example_dags/example_setup_teardown.py
[2024-10-16T11:42:31.278+0000] {processor.py:914} INFO - Processing file /home/airflow/.local/lib/python3.12/site-packages/airflow/example_dags/example_setup_teardown.py for tasks to queue
[2024-10-16T11:42:31.279+0000] {logging_mixin.py:190} INFO - [2024-10-16T11:42:31.279+0000] {dagbag.py:588} INFO - Filling up the DagBag from /home/airflow/.local/lib/python3.12/site-packages/airflow/example_dags/example_setup_teardown.py
[2024-10-16T11:42:31.289+0000] {processor.py:925} INFO - DAG(s) 'example_setup_teardown' retrieved from /home/airflow/.local/lib/python3.12/site-packages/airflow/example_dags/example_setup_teardown.py
[2024-10-16T11:42:31.312+0000] {logging_mixin.py:190} INFO - [2024-10-16T11:42:31.312+0000] {dag.py:3239} INFO - Sync 1 DAGs
[2024-10-16T11:42:31.328+0000] {logging_mixin.py:190} INFO - [2024-10-16T11:42:31.328+0000] {dag.py:4180} INFO - Setting next_dagrun for example_setup_teardown to None, run_after=None
[2024-10-16T11:42:31.352+0000] {processor.py:208} INFO - Processing /home/airflow/.local/lib/python3.12/site-packages/airflow/example_dags/example_setup_teardown.py took 0.082 seconds
[2024-10-16T11:43:02.143+0000] {processor.py:186} INFO - Started process (PID=127202) to work on /home/airflow/.local/lib/python3.12/site-packages/airflow/example_dags/example_setup_teardown.py
[2024-10-16T11:43:02.144+0000] {processor.py:914} INFO - Processing file /home/airflow/.local/lib/python3.12/site-packages/airflow/example_dags/example_setup_teardown.py for tasks to queue
[2024-10-16T11:43:02.145+0000] {logging_mixin.py:190} INFO - [2024-10-16T11:43:02.145+0000] {dagbag.py:588} INFO - Filling up the DagBag from /home/airflow/.local/lib/python3.12/site-packages/airflow/example_dags/example_setup_teardown.py
[2024-10-16T11:43:02.155+0000] {processor.py:925} INFO - DAG(s) 'example_setup_teardown' retrieved from /home/airflow/.local/lib/python3.12/site-packages/airflow/example_dags/example_setup_teardown.py
[2024-10-16T11:43:02.178+0000] {logging_mixin.py:190} INFO - [2024-10-16T11:43:02.178+0000] {dag.py:3239} INFO - Sync 1 DAGs
[2024-10-16T11:43:02.195+0000] {logging_mixin.py:190} INFO - [2024-10-16T11:43:02.195+0000] {dag.py:4180} INFO - Setting next_dagrun for example_setup_teardown to None, run_after=None
[2024-10-16T11:43:02.216+0000] {processor.py:208} INFO - Processing /home/airflow/.local/lib/python3.12/site-packages/airflow/example_dags/example_setup_teardown.py took 0.080 seconds
[2024-10-16T11:43:32.340+0000] {processor.py:186} INFO - Started process (PID=127265) to work on /home/airflow/.local/lib/python3.12/site-packages/airflow/example_dags/example_setup_teardown.py
[2024-10-16T11:43:32.341+0000] {processor.py:914} INFO - Processing file /home/airflow/.local/lib/python3.12/site-packages/airflow/example_dags/example_setup_teardown.py for tasks to queue
[2024-10-16T11:43:32.343+0000] {logging_mixin.py:190} INFO - [2024-10-16T11:43:32.343+0000] {dagbag.py:588} INFO - Filling up the DagBag from /home/airflow/.local/lib/python3.12/site-packages/airflow/example_dags/example_setup_teardown.py
[2024-10-16T11:43:32.353+0000] {processor.py:925} INFO - DAG(s) 'example_setup_teardown' retrieved from /home/airflow/.local/lib/python3.12/site-packages/airflow/example_dags/example_setup_teardown.py
[2024-10-16T11:43:32.377+0000] {logging_mixin.py:190} INFO - [2024-10-16T11:43:32.377+0000] {dag.py:3239} INFO - Sync 1 DAGs
[2024-10-16T11:43:32.393+0000] {logging_mixin.py:190} INFO - [2024-10-16T11:43:32.393+0000] {dag.py:4180} INFO - Setting next_dagrun for example_setup_teardown to None, run_after=None
[2024-10-16T11:43:32.414+0000] {processor.py:208} INFO - Processing /home/airflow/.local/lib/python3.12/site-packages/airflow/example_dags/example_setup_teardown.py took 0.081 seconds
[2024-10-16T11:44:02.537+0000] {processor.py:186} INFO - Started process (PID=127328) to work on /home/airflow/.local/lib/python3.12/site-packages/airflow/example_dags/example_setup_teardown.py
[2024-10-16T11:44:02.538+0000] {processor.py:914} INFO - Processing file /home/airflow/.local/lib/python3.12/site-packages/airflow/example_dags/example_setup_teardown.py for tasks to queue
[2024-10-16T11:44:02.540+0000] {logging_mixin.py:190} INFO - [2024-10-16T11:44:02.539+0000] {dagbag.py:588} INFO - Filling up the DagBag from /home/airflow/.local/lib/python3.12/site-packages/airflow/example_dags/example_setup_teardown.py
[2024-10-16T11:44:02.549+0000] {processor.py:925} INFO - DAG(s) 'example_setup_teardown' retrieved from /home/airflow/.local/lib/python3.12/site-packages/airflow/example_dags/example_setup_teardown.py
[2024-10-16T11:44:02.572+0000] {logging_mixin.py:190} INFO - [2024-10-16T11:44:02.572+0000] {dag.py:3239} INFO - Sync 1 DAGs
[2024-10-16T11:44:02.589+0000] {logging_mixin.py:190} INFO - [2024-10-16T11:44:02.588+0000] {dag.py:4180} INFO - Setting next_dagrun for example_setup_teardown to None, run_after=None
[2024-10-16T11:44:02.609+0000] {processor.py:208} INFO - Processing /home/airflow/.local/lib/python3.12/site-packages/airflow/example_dags/example_setup_teardown.py took 0.078 seconds
[2024-10-16T11:44:33.302+0000] {processor.py:186} INFO - Started process (PID=127392) to work on /home/airflow/.local/lib/python3.12/site-packages/airflow/example_dags/example_setup_teardown.py
[2024-10-16T11:44:33.303+0000] {processor.py:914} INFO - Processing file /home/airflow/.local/lib/python3.12/site-packages/airflow/example_dags/example_setup_teardown.py for tasks to queue
[2024-10-16T11:44:33.305+0000] {logging_mixin.py:190} INFO - [2024-10-16T11:44:33.304+0000] {dagbag.py:588} INFO - Filling up the DagBag from /home/airflow/.local/lib/python3.12/site-packages/airflow/example_dags/example_setup_teardown.py
[2024-10-16T11:44:33.316+0000] {processor.py:925} INFO - DAG(s) 'example_setup_teardown' retrieved from /home/airflow/.local/lib/python3.12/site-packages/airflow/example_dags/example_setup_teardown.py
[2024-10-16T11:44:33.340+0000] {logging_mixin.py:190} INFO - [2024-10-16T11:44:33.339+0000] {dag.py:3239} INFO - Sync 1 DAGs
[2024-10-16T11:44:33.356+0000] {logging_mixin.py:190} INFO - [2024-10-16T11:44:33.355+0000] {dag.py:4180} INFO - Setting next_dagrun for example_setup_teardown to None, run_after=None
[2024-10-16T11:44:33.378+0000] {processor.py:208} INFO - Processing /home/airflow/.local/lib/python3.12/site-packages/airflow/example_dags/example_setup_teardown.py took 0.084 seconds
[2024-10-16T11:45:03.593+0000] {processor.py:186} INFO - Started process (PID=127455) to work on /home/airflow/.local/lib/python3.12/site-packages/airflow/example_dags/example_setup_teardown.py
[2024-10-16T11:45:03.594+0000] {processor.py:914} INFO - Processing file /home/airflow/.local/lib/python3.12/site-packages/airflow/example_dags/example_setup_teardown.py for tasks to queue
[2024-10-16T11:45:03.596+0000] {logging_mixin.py:190} INFO - [2024-10-16T11:45:03.596+0000] {dagbag.py:588} INFO - Filling up the DagBag from /home/airflow/.local/lib/python3.12/site-packages/airflow/example_dags/example_setup_teardown.py
[2024-10-16T11:45:03.606+0000] {processor.py:925} INFO - DAG(s) 'example_setup_teardown' retrieved from /home/airflow/.local/lib/python3.12/site-packages/airflow/example_dags/example_setup_teardown.py
[2024-10-16T11:45:03.629+0000] {logging_mixin.py:190} INFO - [2024-10-16T11:45:03.629+0000] {dag.py:3239} INFO - Sync 1 DAGs
[2024-10-16T11:45:03.646+0000] {logging_mixin.py:190} INFO - [2024-10-16T11:45:03.646+0000] {dag.py:4180} INFO - Setting next_dagrun for example_setup_teardown to None, run_after=None
[2024-10-16T11:45:03.665+0000] {processor.py:208} INFO - Processing /home/airflow/.local/lib/python3.12/site-packages/airflow/example_dags/example_setup_teardown.py took 0.078 seconds
[2024-10-16T11:45:33.911+0000] {processor.py:186} INFO - Started process (PID=127518) to work on /home/airflow/.local/lib/python3.12/site-packages/airflow/example_dags/example_setup_teardown.py
[2024-10-16T11:45:33.912+0000] {processor.py:914} INFO - Processing file /home/airflow/.local/lib/python3.12/site-packages/airflow/example_dags/example_setup_teardown.py for tasks to queue
[2024-10-16T11:45:33.914+0000] {logging_mixin.py:190} INFO - [2024-10-16T11:45:33.913+0000] {dagbag.py:588} INFO - Filling up the DagBag from /home/airflow/.local/lib/python3.12/site-packages/airflow/example_dags/example_setup_teardown.py
[2024-10-16T11:45:33.924+0000] {processor.py:925} INFO - DAG(s) 'example_setup_teardown' retrieved from /home/airflow/.local/lib/python3.12/site-packages/airflow/example_dags/example_setup_teardown.py
[2024-10-16T11:45:33.948+0000] {logging_mixin.py:190} INFO - [2024-10-16T11:45:33.947+0000] {dag.py:3239} INFO - Sync 1 DAGs
[2024-10-16T11:45:33.963+0000] {logging_mixin.py:190} INFO - [2024-10-16T11:45:33.963+0000] {dag.py:4180} INFO - Setting next_dagrun for example_setup_teardown to None, run_after=None
[2024-10-16T11:45:33.998+0000] {processor.py:208} INFO - Processing /home/airflow/.local/lib/python3.12/site-packages/airflow/example_dags/example_setup_teardown.py took 0.095 seconds
