[2024-10-16T11:30:04.348+0000] {processor.py:186} INFO - Started process (PID=125610) to work on /home/airflow/.local/lib/python3.12/site-packages/airflow/example_dags/example_short_circuit_decorator.py
[2024-10-16T11:30:04.349+0000] {processor.py:914} INFO - Processing file /home/airflow/.local/lib/python3.12/site-packages/airflow/example_dags/example_short_circuit_decorator.py for tasks to queue
[2024-10-16T11:30:04.351+0000] {logging_mixin.py:190} INFO - [2024-10-16T11:30:04.351+0000] {dagbag.py:588} INFO - Filling up the DagBag from /home/airflow/.local/lib/python3.12/site-packages/airflow/example_dags/example_short_circuit_decorator.py
[2024-10-16T11:30:04.364+0000] {processor.py:925} INFO - DAG(s) 'example_short_circuit_decorator' retrieved from /home/airflow/.local/lib/python3.12/site-packages/airflow/example_dags/example_short_circuit_decorator.py
[2024-10-16T11:30:04.388+0000] {logging_mixin.py:190} INFO - [2024-10-16T11:30:04.388+0000] {dag.py:3239} INFO - Sync 1 DAGs
[2024-10-16T11:30:04.404+0000] {logging_mixin.py:190} INFO - [2024-10-16T11:30:04.404+0000] {dag.py:4180} INFO - Setting next_dagrun for example_short_circuit_decorator to None, run_after=None
[2024-10-16T11:30:04.424+0000] {processor.py:208} INFO - Processing /home/airflow/.local/lib/python3.12/site-packages/airflow/example_dags/example_short_circuit_decorator.py took 0.083 seconds
[2024-10-16T11:30:35.196+0000] {processor.py:186} INFO - Started process (PID=125674) to work on /home/airflow/.local/lib/python3.12/site-packages/airflow/example_dags/example_short_circuit_decorator.py
[2024-10-16T11:30:35.197+0000] {processor.py:914} INFO - Processing file /home/airflow/.local/lib/python3.12/site-packages/airflow/example_dags/example_short_circuit_decorator.py for tasks to queue
[2024-10-16T11:30:35.199+0000] {logging_mixin.py:190} INFO - [2024-10-16T11:30:35.198+0000] {dagbag.py:588} INFO - Filling up the DagBag from /home/airflow/.local/lib/python3.12/site-packages/airflow/example_dags/example_short_circuit_decorator.py
[2024-10-16T11:30:35.211+0000] {processor.py:925} INFO - DAG(s) 'example_short_circuit_decorator' retrieved from /home/airflow/.local/lib/python3.12/site-packages/airflow/example_dags/example_short_circuit_decorator.py
[2024-10-16T11:30:35.239+0000] {logging_mixin.py:190} INFO - [2024-10-16T11:30:35.239+0000] {dag.py:3239} INFO - Sync 1 DAGs
[2024-10-16T11:30:35.256+0000] {logging_mixin.py:190} INFO - [2024-10-16T11:30:35.256+0000] {dag.py:4180} INFO - Setting next_dagrun for example_short_circuit_decorator to None, run_after=None
[2024-10-16T11:30:35.280+0000] {processor.py:208} INFO - Processing /home/airflow/.local/lib/python3.12/site-packages/airflow/example_dags/example_short_circuit_decorator.py took 0.091 seconds
[2024-10-16T11:31:05.771+0000] {processor.py:186} INFO - Started process (PID=125737) to work on /home/airflow/.local/lib/python3.12/site-packages/airflow/example_dags/example_short_circuit_decorator.py
[2024-10-16T11:31:05.772+0000] {processor.py:914} INFO - Processing file /home/airflow/.local/lib/python3.12/site-packages/airflow/example_dags/example_short_circuit_decorator.py for tasks to queue
[2024-10-16T11:31:05.774+0000] {logging_mixin.py:190} INFO - [2024-10-16T11:31:05.773+0000] {dagbag.py:588} INFO - Filling up the DagBag from /home/airflow/.local/lib/python3.12/site-packages/airflow/example_dags/example_short_circuit_decorator.py
[2024-10-16T11:31:05.783+0000] {processor.py:925} INFO - DAG(s) 'example_short_circuit_decorator' retrieved from /home/airflow/.local/lib/python3.12/site-packages/airflow/example_dags/example_short_circuit_decorator.py
[2024-10-16T11:31:05.804+0000] {logging_mixin.py:190} INFO - [2024-10-16T11:31:05.804+0000] {dag.py:3239} INFO - Sync 1 DAGs
[2024-10-16T11:31:05.818+0000] {logging_mixin.py:190} INFO - [2024-10-16T11:31:05.817+0000] {dag.py:4180} INFO - Setting next_dagrun for example_short_circuit_decorator to None, run_after=None
[2024-10-16T11:31:05.835+0000] {processor.py:208} INFO - Processing /home/airflow/.local/lib/python3.12/site-packages/airflow/example_dags/example_short_circuit_decorator.py took 0.069 seconds
[2024-10-16T11:31:36.401+0000] {processor.py:186} INFO - Started process (PID=125800) to work on /home/airflow/.local/lib/python3.12/site-packages/airflow/example_dags/example_short_circuit_decorator.py
[2024-10-16T11:31:36.402+0000] {processor.py:914} INFO - Processing file /home/airflow/.local/lib/python3.12/site-packages/airflow/example_dags/example_short_circuit_decorator.py for tasks to queue
[2024-10-16T11:31:36.404+0000] {logging_mixin.py:190} INFO - [2024-10-16T11:31:36.403+0000] {dagbag.py:588} INFO - Filling up the DagBag from /home/airflow/.local/lib/python3.12/site-packages/airflow/example_dags/example_short_circuit_decorator.py
[2024-10-16T11:31:36.413+0000] {processor.py:925} INFO - DAG(s) 'example_short_circuit_decorator' retrieved from /home/airflow/.local/lib/python3.12/site-packages/airflow/example_dags/example_short_circuit_decorator.py
[2024-10-16T11:31:36.435+0000] {logging_mixin.py:190} INFO - [2024-10-16T11:31:36.435+0000] {dag.py:3239} INFO - Sync 1 DAGs
[2024-10-16T11:31:36.451+0000] {logging_mixin.py:190} INFO - [2024-10-16T11:31:36.450+0000] {dag.py:4180} INFO - Setting next_dagrun for example_short_circuit_decorator to None, run_after=None
[2024-10-16T11:31:36.467+0000] {processor.py:208} INFO - Processing /home/airflow/.local/lib/python3.12/site-packages/airflow/example_dags/example_short_circuit_decorator.py took 0.071 seconds
[2024-10-16T11:32:06.867+0000] {processor.py:186} INFO - Started process (PID=125863) to work on /home/airflow/.local/lib/python3.12/site-packages/airflow/example_dags/example_short_circuit_decorator.py
[2024-10-16T11:32:06.868+0000] {processor.py:914} INFO - Processing file /home/airflow/.local/lib/python3.12/site-packages/airflow/example_dags/example_short_circuit_decorator.py for tasks to queue
[2024-10-16T11:32:06.870+0000] {logging_mixin.py:190} INFO - [2024-10-16T11:32:06.870+0000] {dagbag.py:588} INFO - Filling up the DagBag from /home/airflow/.local/lib/python3.12/site-packages/airflow/example_dags/example_short_circuit_decorator.py
[2024-10-16T11:32:06.895+0000] {processor.py:925} INFO - DAG(s) 'example_short_circuit_decorator' retrieved from /home/airflow/.local/lib/python3.12/site-packages/airflow/example_dags/example_short_circuit_decorator.py
[2024-10-16T11:32:06.942+0000] {logging_mixin.py:190} INFO - [2024-10-16T11:32:06.941+0000] {dag.py:3239} INFO - Sync 1 DAGs
[2024-10-16T11:32:06.969+0000] {logging_mixin.py:190} INFO - [2024-10-16T11:32:06.969+0000] {dag.py:4180} INFO - Setting next_dagrun for example_short_circuit_decorator to None, run_after=None
[2024-10-16T11:32:06.991+0000] {processor.py:208} INFO - Processing /home/airflow/.local/lib/python3.12/site-packages/airflow/example_dags/example_short_circuit_decorator.py took 0.135 seconds
[2024-10-16T11:32:37.610+0000] {processor.py:186} INFO - Started process (PID=125926) to work on /home/airflow/.local/lib/python3.12/site-packages/airflow/example_dags/example_short_circuit_decorator.py
[2024-10-16T11:32:37.611+0000] {processor.py:914} INFO - Processing file /home/airflow/.local/lib/python3.12/site-packages/airflow/example_dags/example_short_circuit_decorator.py for tasks to queue
[2024-10-16T11:32:37.613+0000] {logging_mixin.py:190} INFO - [2024-10-16T11:32:37.613+0000] {dagbag.py:588} INFO - Filling up the DagBag from /home/airflow/.local/lib/python3.12/site-packages/airflow/example_dags/example_short_circuit_decorator.py
[2024-10-16T11:32:37.629+0000] {processor.py:925} INFO - DAG(s) 'example_short_circuit_decorator' retrieved from /home/airflow/.local/lib/python3.12/site-packages/airflow/example_dags/example_short_circuit_decorator.py
[2024-10-16T11:32:37.658+0000] {logging_mixin.py:190} INFO - [2024-10-16T11:32:37.658+0000] {dag.py:3239} INFO - Sync 1 DAGs
[2024-10-16T11:32:37.678+0000] {logging_mixin.py:190} INFO - [2024-10-16T11:32:37.678+0000] {dag.py:4180} INFO - Setting next_dagrun for example_short_circuit_decorator to None, run_after=None
[2024-10-16T11:32:37.696+0000] {processor.py:208} INFO - Processing /home/airflow/.local/lib/python3.12/site-packages/airflow/example_dags/example_short_circuit_decorator.py took 0.095 seconds
[2024-10-16T11:33:08.118+0000] {processor.py:186} INFO - Started process (PID=125989) to work on /home/airflow/.local/lib/python3.12/site-packages/airflow/example_dags/example_short_circuit_decorator.py
[2024-10-16T11:33:08.120+0000] {processor.py:914} INFO - Processing file /home/airflow/.local/lib/python3.12/site-packages/airflow/example_dags/example_short_circuit_decorator.py for tasks to queue
[2024-10-16T11:33:08.122+0000] {logging_mixin.py:190} INFO - [2024-10-16T11:33:08.121+0000] {dagbag.py:588} INFO - Filling up the DagBag from /home/airflow/.local/lib/python3.12/site-packages/airflow/example_dags/example_short_circuit_decorator.py
[2024-10-16T11:33:08.134+0000] {processor.py:925} INFO - DAG(s) 'example_short_circuit_decorator' retrieved from /home/airflow/.local/lib/python3.12/site-packages/airflow/example_dags/example_short_circuit_decorator.py
[2024-10-16T11:33:08.164+0000] {logging_mixin.py:190} INFO - [2024-10-16T11:33:08.163+0000] {dag.py:3239} INFO - Sync 1 DAGs
[2024-10-16T11:33:08.183+0000] {logging_mixin.py:190} INFO - [2024-10-16T11:33:08.182+0000] {dag.py:4180} INFO - Setting next_dagrun for example_short_circuit_decorator to None, run_after=None
[2024-10-16T11:33:08.205+0000] {processor.py:208} INFO - Processing /home/airflow/.local/lib/python3.12/site-packages/airflow/example_dags/example_short_circuit_decorator.py took 0.094 seconds
[2024-10-16T11:33:38.462+0000] {processor.py:186} INFO - Started process (PID=126052) to work on /home/airflow/.local/lib/python3.12/site-packages/airflow/example_dags/example_short_circuit_decorator.py
[2024-10-16T11:33:38.463+0000] {processor.py:914} INFO - Processing file /home/airflow/.local/lib/python3.12/site-packages/airflow/example_dags/example_short_circuit_decorator.py for tasks to queue
[2024-10-16T11:33:38.465+0000] {logging_mixin.py:190} INFO - [2024-10-16T11:33:38.464+0000] {dagbag.py:588} INFO - Filling up the DagBag from /home/airflow/.local/lib/python3.12/site-packages/airflow/example_dags/example_short_circuit_decorator.py
[2024-10-16T11:33:38.474+0000] {processor.py:925} INFO - DAG(s) 'example_short_circuit_decorator' retrieved from /home/airflow/.local/lib/python3.12/site-packages/airflow/example_dags/example_short_circuit_decorator.py
[2024-10-16T11:33:38.498+0000] {logging_mixin.py:190} INFO - [2024-10-16T11:33:38.498+0000] {dag.py:3239} INFO - Sync 1 DAGs
[2024-10-16T11:33:38.517+0000] {logging_mixin.py:190} INFO - [2024-10-16T11:33:38.517+0000] {dag.py:4180} INFO - Setting next_dagrun for example_short_circuit_decorator to None, run_after=None
[2024-10-16T11:33:38.536+0000] {processor.py:208} INFO - Processing /home/airflow/.local/lib/python3.12/site-packages/airflow/example_dags/example_short_circuit_decorator.py took 0.081 seconds
[2024-10-16T11:34:09.101+0000] {processor.py:186} INFO - Started process (PID=126115) to work on /home/airflow/.local/lib/python3.12/site-packages/airflow/example_dags/example_short_circuit_decorator.py
[2024-10-16T11:34:09.102+0000] {processor.py:914} INFO - Processing file /home/airflow/.local/lib/python3.12/site-packages/airflow/example_dags/example_short_circuit_decorator.py for tasks to queue
[2024-10-16T11:34:09.103+0000] {logging_mixin.py:190} INFO - [2024-10-16T11:34:09.102+0000] {dagbag.py:588} INFO - Filling up the DagBag from /home/airflow/.local/lib/python3.12/site-packages/airflow/example_dags/example_short_circuit_decorator.py
[2024-10-16T11:34:09.113+0000] {processor.py:925} INFO - DAG(s) 'example_short_circuit_decorator' retrieved from /home/airflow/.local/lib/python3.12/site-packages/airflow/example_dags/example_short_circuit_decorator.py
[2024-10-16T11:34:09.135+0000] {logging_mixin.py:190} INFO - [2024-10-16T11:34:09.135+0000] {dag.py:3239} INFO - Sync 1 DAGs
[2024-10-16T11:34:09.151+0000] {logging_mixin.py:190} INFO - [2024-10-16T11:34:09.150+0000] {dag.py:4180} INFO - Setting next_dagrun for example_short_circuit_decorator to None, run_after=None
[2024-10-16T11:34:09.179+0000] {processor.py:208} INFO - Processing /home/airflow/.local/lib/python3.12/site-packages/airflow/example_dags/example_short_circuit_decorator.py took 0.085 seconds
[2024-10-16T11:34:39.419+0000] {processor.py:186} INFO - Started process (PID=126179) to work on /home/airflow/.local/lib/python3.12/site-packages/airflow/example_dags/example_short_circuit_decorator.py
[2024-10-16T11:34:39.420+0000] {processor.py:914} INFO - Processing file /home/airflow/.local/lib/python3.12/site-packages/airflow/example_dags/example_short_circuit_decorator.py for tasks to queue
[2024-10-16T11:34:39.422+0000] {logging_mixin.py:190} INFO - [2024-10-16T11:34:39.421+0000] {dagbag.py:588} INFO - Filling up the DagBag from /home/airflow/.local/lib/python3.12/site-packages/airflow/example_dags/example_short_circuit_decorator.py
[2024-10-16T11:34:39.432+0000] {processor.py:925} INFO - DAG(s) 'example_short_circuit_decorator' retrieved from /home/airflow/.local/lib/python3.12/site-packages/airflow/example_dags/example_short_circuit_decorator.py
[2024-10-16T11:34:39.459+0000] {logging_mixin.py:190} INFO - [2024-10-16T11:34:39.459+0000] {dag.py:3239} INFO - Sync 1 DAGs
[2024-10-16T11:34:39.476+0000] {logging_mixin.py:190} INFO - [2024-10-16T11:34:39.476+0000] {dag.py:4180} INFO - Setting next_dagrun for example_short_circuit_decorator to None, run_after=None
[2024-10-16T11:34:39.497+0000] {processor.py:208} INFO - Processing /home/airflow/.local/lib/python3.12/site-packages/airflow/example_dags/example_short_circuit_decorator.py took 0.082 seconds
[2024-10-16T11:35:10.071+0000] {processor.py:186} INFO - Started process (PID=126242) to work on /home/airflow/.local/lib/python3.12/site-packages/airflow/example_dags/example_short_circuit_decorator.py
[2024-10-16T11:35:10.072+0000] {processor.py:914} INFO - Processing file /home/airflow/.local/lib/python3.12/site-packages/airflow/example_dags/example_short_circuit_decorator.py for tasks to queue
[2024-10-16T11:35:10.073+0000] {logging_mixin.py:190} INFO - [2024-10-16T11:35:10.072+0000] {dagbag.py:588} INFO - Filling up the DagBag from /home/airflow/.local/lib/python3.12/site-packages/airflow/example_dags/example_short_circuit_decorator.py
[2024-10-16T11:35:10.082+0000] {processor.py:925} INFO - DAG(s) 'example_short_circuit_decorator' retrieved from /home/airflow/.local/lib/python3.12/site-packages/airflow/example_dags/example_short_circuit_decorator.py
[2024-10-16T11:35:10.104+0000] {logging_mixin.py:190} INFO - [2024-10-16T11:35:10.104+0000] {dag.py:3239} INFO - Sync 1 DAGs
[2024-10-16T11:35:10.122+0000] {logging_mixin.py:190} INFO - [2024-10-16T11:35:10.121+0000] {dag.py:4180} INFO - Setting next_dagrun for example_short_circuit_decorator to None, run_after=None
[2024-10-16T11:35:10.142+0000] {processor.py:208} INFO - Processing /home/airflow/.local/lib/python3.12/site-packages/airflow/example_dags/example_short_circuit_decorator.py took 0.077 seconds
[2024-10-16T11:35:40.626+0000] {processor.py:186} INFO - Started process (PID=126305) to work on /home/airflow/.local/lib/python3.12/site-packages/airflow/example_dags/example_short_circuit_decorator.py
[2024-10-16T11:35:40.627+0000] {processor.py:914} INFO - Processing file /home/airflow/.local/lib/python3.12/site-packages/airflow/example_dags/example_short_circuit_decorator.py for tasks to queue
[2024-10-16T11:35:40.629+0000] {logging_mixin.py:190} INFO - [2024-10-16T11:35:40.628+0000] {dagbag.py:588} INFO - Filling up the DagBag from /home/airflow/.local/lib/python3.12/site-packages/airflow/example_dags/example_short_circuit_decorator.py
[2024-10-16T11:35:40.640+0000] {processor.py:925} INFO - DAG(s) 'example_short_circuit_decorator' retrieved from /home/airflow/.local/lib/python3.12/site-packages/airflow/example_dags/example_short_circuit_decorator.py
[2024-10-16T11:35:40.667+0000] {logging_mixin.py:190} INFO - [2024-10-16T11:35:40.667+0000] {dag.py:3239} INFO - Sync 1 DAGs
[2024-10-16T11:35:40.685+0000] {logging_mixin.py:190} INFO - [2024-10-16T11:35:40.685+0000] {dag.py:4180} INFO - Setting next_dagrun for example_short_circuit_decorator to None, run_after=None
[2024-10-16T11:35:40.707+0000] {processor.py:208} INFO - Processing /home/airflow/.local/lib/python3.12/site-packages/airflow/example_dags/example_short_circuit_decorator.py took 0.087 seconds
[2024-10-16T11:36:11.430+0000] {processor.py:186} INFO - Started process (PID=126368) to work on /home/airflow/.local/lib/python3.12/site-packages/airflow/example_dags/example_short_circuit_decorator.py
[2024-10-16T11:36:11.431+0000] {processor.py:914} INFO - Processing file /home/airflow/.local/lib/python3.12/site-packages/airflow/example_dags/example_short_circuit_decorator.py for tasks to queue
[2024-10-16T11:36:11.432+0000] {logging_mixin.py:190} INFO - [2024-10-16T11:36:11.432+0000] {dagbag.py:588} INFO - Filling up the DagBag from /home/airflow/.local/lib/python3.12/site-packages/airflow/example_dags/example_short_circuit_decorator.py
[2024-10-16T11:36:11.443+0000] {processor.py:925} INFO - DAG(s) 'example_short_circuit_decorator' retrieved from /home/airflow/.local/lib/python3.12/site-packages/airflow/example_dags/example_short_circuit_decorator.py
[2024-10-16T11:36:11.466+0000] {logging_mixin.py:190} INFO - [2024-10-16T11:36:11.466+0000] {dag.py:3239} INFO - Sync 1 DAGs
[2024-10-16T11:36:11.483+0000] {logging_mixin.py:190} INFO - [2024-10-16T11:36:11.482+0000] {dag.py:4180} INFO - Setting next_dagrun for example_short_circuit_decorator to None, run_after=None
[2024-10-16T11:36:11.500+0000] {processor.py:208} INFO - Processing /home/airflow/.local/lib/python3.12/site-packages/airflow/example_dags/example_short_circuit_decorator.py took 0.075 seconds
[2024-10-16T11:36:41.853+0000] {processor.py:186} INFO - Started process (PID=126432) to work on /home/airflow/.local/lib/python3.12/site-packages/airflow/example_dags/example_short_circuit_decorator.py
[2024-10-16T11:36:41.854+0000] {processor.py:914} INFO - Processing file /home/airflow/.local/lib/python3.12/site-packages/airflow/example_dags/example_short_circuit_decorator.py for tasks to queue
[2024-10-16T11:36:41.855+0000] {logging_mixin.py:190} INFO - [2024-10-16T11:36:41.855+0000] {dagbag.py:588} INFO - Filling up the DagBag from /home/airflow/.local/lib/python3.12/site-packages/airflow/example_dags/example_short_circuit_decorator.py
[2024-10-16T11:36:41.865+0000] {processor.py:925} INFO - DAG(s) 'example_short_circuit_decorator' retrieved from /home/airflow/.local/lib/python3.12/site-packages/airflow/example_dags/example_short_circuit_decorator.py
[2024-10-16T11:36:41.886+0000] {logging_mixin.py:190} INFO - [2024-10-16T11:36:41.886+0000] {dag.py:3239} INFO - Sync 1 DAGs
[2024-10-16T11:36:41.900+0000] {logging_mixin.py:190} INFO - [2024-10-16T11:36:41.899+0000] {dag.py:4180} INFO - Setting next_dagrun for example_short_circuit_decorator to None, run_after=None
[2024-10-16T11:36:41.917+0000] {processor.py:208} INFO - Processing /home/airflow/.local/lib/python3.12/site-packages/airflow/example_dags/example_short_circuit_decorator.py took 0.070 seconds
[2024-10-16T11:37:12.352+0000] {processor.py:186} INFO - Started process (PID=126495) to work on /home/airflow/.local/lib/python3.12/site-packages/airflow/example_dags/example_short_circuit_decorator.py
[2024-10-16T11:37:12.353+0000] {processor.py:914} INFO - Processing file /home/airflow/.local/lib/python3.12/site-packages/airflow/example_dags/example_short_circuit_decorator.py for tasks to queue
[2024-10-16T11:37:12.354+0000] {logging_mixin.py:190} INFO - [2024-10-16T11:37:12.354+0000] {dagbag.py:588} INFO - Filling up the DagBag from /home/airflow/.local/lib/python3.12/site-packages/airflow/example_dags/example_short_circuit_decorator.py
[2024-10-16T11:37:12.364+0000] {processor.py:925} INFO - DAG(s) 'example_short_circuit_decorator' retrieved from /home/airflow/.local/lib/python3.12/site-packages/airflow/example_dags/example_short_circuit_decorator.py
[2024-10-16T11:37:12.387+0000] {logging_mixin.py:190} INFO - [2024-10-16T11:37:12.387+0000] {dag.py:3239} INFO - Sync 1 DAGs
[2024-10-16T11:37:12.401+0000] {logging_mixin.py:190} INFO - [2024-10-16T11:37:12.401+0000] {dag.py:4180} INFO - Setting next_dagrun for example_short_circuit_decorator to None, run_after=None
[2024-10-16T11:37:12.420+0000] {processor.py:208} INFO - Processing /home/airflow/.local/lib/python3.12/site-packages/airflow/example_dags/example_short_circuit_decorator.py took 0.073 seconds
[2024-10-16T11:37:43.161+0000] {processor.py:186} INFO - Started process (PID=126558) to work on /home/airflow/.local/lib/python3.12/site-packages/airflow/example_dags/example_short_circuit_decorator.py
[2024-10-16T11:37:43.161+0000] {processor.py:914} INFO - Processing file /home/airflow/.local/lib/python3.12/site-packages/airflow/example_dags/example_short_circuit_decorator.py for tasks to queue
[2024-10-16T11:37:43.163+0000] {logging_mixin.py:190} INFO - [2024-10-16T11:37:43.162+0000] {dagbag.py:588} INFO - Filling up the DagBag from /home/airflow/.local/lib/python3.12/site-packages/airflow/example_dags/example_short_circuit_decorator.py
[2024-10-16T11:37:43.172+0000] {processor.py:925} INFO - DAG(s) 'example_short_circuit_decorator' retrieved from /home/airflow/.local/lib/python3.12/site-packages/airflow/example_dags/example_short_circuit_decorator.py
[2024-10-16T11:37:43.194+0000] {logging_mixin.py:190} INFO - [2024-10-16T11:37:43.194+0000] {dag.py:3239} INFO - Sync 1 DAGs
[2024-10-16T11:37:43.209+0000] {logging_mixin.py:190} INFO - [2024-10-16T11:37:43.209+0000] {dag.py:4180} INFO - Setting next_dagrun for example_short_circuit_decorator to None, run_after=None
[2024-10-16T11:37:43.231+0000] {processor.py:208} INFO - Processing /home/airflow/.local/lib/python3.12/site-packages/airflow/example_dags/example_short_circuit_decorator.py took 0.076 seconds
[2024-10-16T11:38:13.787+0000] {processor.py:186} INFO - Started process (PID=126621) to work on /home/airflow/.local/lib/python3.12/site-packages/airflow/example_dags/example_short_circuit_decorator.py
[2024-10-16T11:38:13.788+0000] {processor.py:914} INFO - Processing file /home/airflow/.local/lib/python3.12/site-packages/airflow/example_dags/example_short_circuit_decorator.py for tasks to queue
[2024-10-16T11:38:13.790+0000] {logging_mixin.py:190} INFO - [2024-10-16T11:38:13.789+0000] {dagbag.py:588} INFO - Filling up the DagBag from /home/airflow/.local/lib/python3.12/site-packages/airflow/example_dags/example_short_circuit_decorator.py
[2024-10-16T11:38:13.800+0000] {processor.py:925} INFO - DAG(s) 'example_short_circuit_decorator' retrieved from /home/airflow/.local/lib/python3.12/site-packages/airflow/example_dags/example_short_circuit_decorator.py
[2024-10-16T11:38:13.825+0000] {logging_mixin.py:190} INFO - [2024-10-16T11:38:13.825+0000] {dag.py:3239} INFO - Sync 1 DAGs
[2024-10-16T11:38:13.842+0000] {logging_mixin.py:190} INFO - [2024-10-16T11:38:13.842+0000] {dag.py:4180} INFO - Setting next_dagrun for example_short_circuit_decorator to None, run_after=None
[2024-10-16T11:38:13.862+0000] {processor.py:208} INFO - Processing /home/airflow/.local/lib/python3.12/site-packages/airflow/example_dags/example_short_circuit_decorator.py took 0.082 seconds
[2024-10-16T11:38:43.973+0000] {processor.py:186} INFO - Started process (PID=126685) to work on /home/airflow/.local/lib/python3.12/site-packages/airflow/example_dags/example_short_circuit_decorator.py
[2024-10-16T11:38:43.974+0000] {processor.py:914} INFO - Processing file /home/airflow/.local/lib/python3.12/site-packages/airflow/example_dags/example_short_circuit_decorator.py for tasks to queue
[2024-10-16T11:38:43.975+0000] {logging_mixin.py:190} INFO - [2024-10-16T11:38:43.975+0000] {dagbag.py:588} INFO - Filling up the DagBag from /home/airflow/.local/lib/python3.12/site-packages/airflow/example_dags/example_short_circuit_decorator.py
[2024-10-16T11:38:43.990+0000] {processor.py:925} INFO - DAG(s) 'example_short_circuit_decorator' retrieved from /home/airflow/.local/lib/python3.12/site-packages/airflow/example_dags/example_short_circuit_decorator.py
[2024-10-16T11:38:44.022+0000] {logging_mixin.py:190} INFO - [2024-10-16T11:38:44.022+0000] {dag.py:3239} INFO - Sync 1 DAGs
[2024-10-16T11:38:44.046+0000] {logging_mixin.py:190} INFO - [2024-10-16T11:38:44.045+0000] {dag.py:4180} INFO - Setting next_dagrun for example_short_circuit_decorator to None, run_after=None
[2024-10-16T11:38:44.092+0000] {processor.py:208} INFO - Processing /home/airflow/.local/lib/python3.12/site-packages/airflow/example_dags/example_short_circuit_decorator.py took 0.127 seconds
[2024-10-16T11:39:14.878+0000] {processor.py:186} INFO - Started process (PID=126753) to work on /home/airflow/.local/lib/python3.12/site-packages/airflow/example_dags/example_short_circuit_decorator.py
[2024-10-16T11:39:14.879+0000] {processor.py:914} INFO - Processing file /home/airflow/.local/lib/python3.12/site-packages/airflow/example_dags/example_short_circuit_decorator.py for tasks to queue
[2024-10-16T11:39:14.881+0000] {logging_mixin.py:190} INFO - [2024-10-16T11:39:14.881+0000] {dagbag.py:588} INFO - Filling up the DagBag from /home/airflow/.local/lib/python3.12/site-packages/airflow/example_dags/example_short_circuit_decorator.py
[2024-10-16T11:39:14.892+0000] {processor.py:925} INFO - DAG(s) 'example_short_circuit_decorator' retrieved from /home/airflow/.local/lib/python3.12/site-packages/airflow/example_dags/example_short_circuit_decorator.py
[2024-10-16T11:39:14.918+0000] {logging_mixin.py:190} INFO - [2024-10-16T11:39:14.918+0000] {dag.py:3239} INFO - Sync 1 DAGs
[2024-10-16T11:39:14.936+0000] {logging_mixin.py:190} INFO - [2024-10-16T11:39:14.936+0000] {dag.py:4180} INFO - Setting next_dagrun for example_short_circuit_decorator to None, run_after=None
[2024-10-16T11:39:14.956+0000] {processor.py:208} INFO - Processing /home/airflow/.local/lib/python3.12/site-packages/airflow/example_dags/example_short_circuit_decorator.py took 0.085 seconds
[2024-10-16T11:39:45.714+0000] {processor.py:186} INFO - Started process (PID=126816) to work on /home/airflow/.local/lib/python3.12/site-packages/airflow/example_dags/example_short_circuit_decorator.py
[2024-10-16T11:39:45.715+0000] {processor.py:914} INFO - Processing file /home/airflow/.local/lib/python3.12/site-packages/airflow/example_dags/example_short_circuit_decorator.py for tasks to queue
[2024-10-16T11:39:45.717+0000] {logging_mixin.py:190} INFO - [2024-10-16T11:39:45.717+0000] {dagbag.py:588} INFO - Filling up the DagBag from /home/airflow/.local/lib/python3.12/site-packages/airflow/example_dags/example_short_circuit_decorator.py
[2024-10-16T11:39:45.729+0000] {processor.py:925} INFO - DAG(s) 'example_short_circuit_decorator' retrieved from /home/airflow/.local/lib/python3.12/site-packages/airflow/example_dags/example_short_circuit_decorator.py
[2024-10-16T11:39:45.754+0000] {logging_mixin.py:190} INFO - [2024-10-16T11:39:45.754+0000] {dag.py:3239} INFO - Sync 1 DAGs
[2024-10-16T11:39:45.771+0000] {logging_mixin.py:190} INFO - [2024-10-16T11:39:45.770+0000] {dag.py:4180} INFO - Setting next_dagrun for example_short_circuit_decorator to None, run_after=None
[2024-10-16T11:39:45.790+0000] {processor.py:208} INFO - Processing /home/airflow/.local/lib/python3.12/site-packages/airflow/example_dags/example_short_circuit_decorator.py took 0.083 seconds
[2024-10-16T11:40:16.700+0000] {processor.py:186} INFO - Started process (PID=126878) to work on /home/airflow/.local/lib/python3.12/site-packages/airflow/example_dags/example_short_circuit_decorator.py
[2024-10-16T11:40:16.701+0000] {processor.py:914} INFO - Processing file /home/airflow/.local/lib/python3.12/site-packages/airflow/example_dags/example_short_circuit_decorator.py for tasks to queue
[2024-10-16T11:40:16.703+0000] {logging_mixin.py:190} INFO - [2024-10-16T11:40:16.702+0000] {dagbag.py:588} INFO - Filling up the DagBag from /home/airflow/.local/lib/python3.12/site-packages/airflow/example_dags/example_short_circuit_decorator.py
[2024-10-16T11:40:16.716+0000] {processor.py:925} INFO - DAG(s) 'example_short_circuit_decorator' retrieved from /home/airflow/.local/lib/python3.12/site-packages/airflow/example_dags/example_short_circuit_decorator.py
[2024-10-16T11:40:16.744+0000] {logging_mixin.py:190} INFO - [2024-10-16T11:40:16.744+0000] {dag.py:3239} INFO - Sync 1 DAGs
[2024-10-16T11:40:16.761+0000] {logging_mixin.py:190} INFO - [2024-10-16T11:40:16.760+0000] {dag.py:4180} INFO - Setting next_dagrun for example_short_circuit_decorator to None, run_after=None
[2024-10-16T11:40:16.781+0000] {processor.py:208} INFO - Processing /home/airflow/.local/lib/python3.12/site-packages/airflow/example_dags/example_short_circuit_decorator.py took 0.090 seconds
[2024-10-16T11:40:46.911+0000] {processor.py:186} INFO - Started process (PID=126941) to work on /home/airflow/.local/lib/python3.12/site-packages/airflow/example_dags/example_short_circuit_decorator.py
[2024-10-16T11:40:46.912+0000] {processor.py:914} INFO - Processing file /home/airflow/.local/lib/python3.12/site-packages/airflow/example_dags/example_short_circuit_decorator.py for tasks to queue
[2024-10-16T11:40:46.913+0000] {logging_mixin.py:190} INFO - [2024-10-16T11:40:46.913+0000] {dagbag.py:588} INFO - Filling up the DagBag from /home/airflow/.local/lib/python3.12/site-packages/airflow/example_dags/example_short_circuit_decorator.py
[2024-10-16T11:40:46.924+0000] {processor.py:925} INFO - DAG(s) 'example_short_circuit_decorator' retrieved from /home/airflow/.local/lib/python3.12/site-packages/airflow/example_dags/example_short_circuit_decorator.py
[2024-10-16T11:40:46.948+0000] {logging_mixin.py:190} INFO - [2024-10-16T11:40:46.948+0000] {dag.py:3239} INFO - Sync 1 DAGs
[2024-10-16T11:40:46.964+0000] {logging_mixin.py:190} INFO - [2024-10-16T11:40:46.964+0000] {dag.py:4180} INFO - Setting next_dagrun for example_short_circuit_decorator to None, run_after=None
[2024-10-16T11:40:46.986+0000] {processor.py:208} INFO - Processing /home/airflow/.local/lib/python3.12/site-packages/airflow/example_dags/example_short_circuit_decorator.py took 0.082 seconds
[2024-10-16T11:41:17.436+0000] {processor.py:186} INFO - Started process (PID=127004) to work on /home/airflow/.local/lib/python3.12/site-packages/airflow/example_dags/example_short_circuit_decorator.py
[2024-10-16T11:41:17.437+0000] {processor.py:914} INFO - Processing file /home/airflow/.local/lib/python3.12/site-packages/airflow/example_dags/example_short_circuit_decorator.py for tasks to queue
[2024-10-16T11:41:17.438+0000] {logging_mixin.py:190} INFO - [2024-10-16T11:41:17.438+0000] {dagbag.py:588} INFO - Filling up the DagBag from /home/airflow/.local/lib/python3.12/site-packages/airflow/example_dags/example_short_circuit_decorator.py
[2024-10-16T11:41:17.449+0000] {processor.py:925} INFO - DAG(s) 'example_short_circuit_decorator' retrieved from /home/airflow/.local/lib/python3.12/site-packages/airflow/example_dags/example_short_circuit_decorator.py
[2024-10-16T11:41:17.474+0000] {logging_mixin.py:190} INFO - [2024-10-16T11:41:17.474+0000] {dag.py:3239} INFO - Sync 1 DAGs
[2024-10-16T11:41:17.491+0000] {logging_mixin.py:190} INFO - [2024-10-16T11:41:17.491+0000] {dag.py:4180} INFO - Setting next_dagrun for example_short_circuit_decorator to None, run_after=None
[2024-10-16T11:41:17.512+0000] {processor.py:208} INFO - Processing /home/airflow/.local/lib/python3.12/site-packages/airflow/example_dags/example_short_circuit_decorator.py took 0.082 seconds
[2024-10-16T11:41:48.230+0000] {processor.py:186} INFO - Started process (PID=127067) to work on /home/airflow/.local/lib/python3.12/site-packages/airflow/example_dags/example_short_circuit_decorator.py
[2024-10-16T11:41:48.231+0000] {processor.py:914} INFO - Processing file /home/airflow/.local/lib/python3.12/site-packages/airflow/example_dags/example_short_circuit_decorator.py for tasks to queue
[2024-10-16T11:41:48.233+0000] {logging_mixin.py:190} INFO - [2024-10-16T11:41:48.233+0000] {dagbag.py:588} INFO - Filling up the DagBag from /home/airflow/.local/lib/python3.12/site-packages/airflow/example_dags/example_short_circuit_decorator.py
[2024-10-16T11:41:48.245+0000] {processor.py:925} INFO - DAG(s) 'example_short_circuit_decorator' retrieved from /home/airflow/.local/lib/python3.12/site-packages/airflow/example_dags/example_short_circuit_decorator.py
[2024-10-16T11:41:48.271+0000] {logging_mixin.py:190} INFO - [2024-10-16T11:41:48.271+0000] {dag.py:3239} INFO - Sync 1 DAGs
[2024-10-16T11:41:48.289+0000] {logging_mixin.py:190} INFO - [2024-10-16T11:41:48.288+0000] {dag.py:4180} INFO - Setting next_dagrun for example_short_circuit_decorator to None, run_after=None
[2024-10-16T11:41:48.310+0000] {processor.py:208} INFO - Processing /home/airflow/.local/lib/python3.12/site-packages/airflow/example_dags/example_short_circuit_decorator.py took 0.087 seconds
[2024-10-16T11:42:19.537+0000] {processor.py:186} INFO - Started process (PID=127130) to work on /home/airflow/.local/lib/python3.12/site-packages/airflow/example_dags/example_short_circuit_decorator.py
[2024-10-16T11:42:19.538+0000] {processor.py:914} INFO - Processing file /home/airflow/.local/lib/python3.12/site-packages/airflow/example_dags/example_short_circuit_decorator.py for tasks to queue
[2024-10-16T11:42:19.539+0000] {logging_mixin.py:190} INFO - [2024-10-16T11:42:19.539+0000] {dagbag.py:588} INFO - Filling up the DagBag from /home/airflow/.local/lib/python3.12/site-packages/airflow/example_dags/example_short_circuit_decorator.py
[2024-10-16T11:42:19.551+0000] {processor.py:925} INFO - DAG(s) 'example_short_circuit_decorator' retrieved from /home/airflow/.local/lib/python3.12/site-packages/airflow/example_dags/example_short_circuit_decorator.py
[2024-10-16T11:42:19.576+0000] {logging_mixin.py:190} INFO - [2024-10-16T11:42:19.575+0000] {dag.py:3239} INFO - Sync 1 DAGs
[2024-10-16T11:42:19.592+0000] {logging_mixin.py:190} INFO - [2024-10-16T11:42:19.592+0000] {dag.py:4180} INFO - Setting next_dagrun for example_short_circuit_decorator to None, run_after=None
[2024-10-16T11:42:19.611+0000] {processor.py:208} INFO - Processing /home/airflow/.local/lib/python3.12/site-packages/airflow/example_dags/example_short_circuit_decorator.py took 0.083 seconds
[2024-10-16T11:42:50.241+0000] {processor.py:186} INFO - Started process (PID=127193) to work on /home/airflow/.local/lib/python3.12/site-packages/airflow/example_dags/example_short_circuit_decorator.py
[2024-10-16T11:42:50.243+0000] {processor.py:914} INFO - Processing file /home/airflow/.local/lib/python3.12/site-packages/airflow/example_dags/example_short_circuit_decorator.py for tasks to queue
[2024-10-16T11:42:50.244+0000] {logging_mixin.py:190} INFO - [2024-10-16T11:42:50.244+0000] {dagbag.py:588} INFO - Filling up the DagBag from /home/airflow/.local/lib/python3.12/site-packages/airflow/example_dags/example_short_circuit_decorator.py
[2024-10-16T11:42:50.267+0000] {processor.py:925} INFO - DAG(s) 'example_short_circuit_decorator' retrieved from /home/airflow/.local/lib/python3.12/site-packages/airflow/example_dags/example_short_circuit_decorator.py
[2024-10-16T11:42:50.296+0000] {logging_mixin.py:190} INFO - [2024-10-16T11:42:50.296+0000] {dag.py:3239} INFO - Sync 1 DAGs
[2024-10-16T11:42:50.321+0000] {logging_mixin.py:190} INFO - [2024-10-16T11:42:50.321+0000] {dag.py:4180} INFO - Setting next_dagrun for example_short_circuit_decorator to None, run_after=None
[2024-10-16T11:42:50.346+0000] {processor.py:208} INFO - Processing /home/airflow/.local/lib/python3.12/site-packages/airflow/example_dags/example_short_circuit_decorator.py took 0.113 seconds
[2024-10-16T11:43:20.447+0000] {processor.py:186} INFO - Started process (PID=127256) to work on /home/airflow/.local/lib/python3.12/site-packages/airflow/example_dags/example_short_circuit_decorator.py
[2024-10-16T11:43:20.448+0000] {processor.py:914} INFO - Processing file /home/airflow/.local/lib/python3.12/site-packages/airflow/example_dags/example_short_circuit_decorator.py for tasks to queue
[2024-10-16T11:43:20.450+0000] {logging_mixin.py:190} INFO - [2024-10-16T11:43:20.449+0000] {dagbag.py:588} INFO - Filling up the DagBag from /home/airflow/.local/lib/python3.12/site-packages/airflow/example_dags/example_short_circuit_decorator.py
[2024-10-16T11:43:20.461+0000] {processor.py:925} INFO - DAG(s) 'example_short_circuit_decorator' retrieved from /home/airflow/.local/lib/python3.12/site-packages/airflow/example_dags/example_short_circuit_decorator.py
[2024-10-16T11:43:20.485+0000] {logging_mixin.py:190} INFO - [2024-10-16T11:43:20.485+0000] {dag.py:3239} INFO - Sync 1 DAGs
[2024-10-16T11:43:20.501+0000] {logging_mixin.py:190} INFO - [2024-10-16T11:43:20.501+0000] {dag.py:4180} INFO - Setting next_dagrun for example_short_circuit_decorator to None, run_after=None
[2024-10-16T11:43:20.521+0000] {processor.py:208} INFO - Processing /home/airflow/.local/lib/python3.12/site-packages/airflow/example_dags/example_short_circuit_decorator.py took 0.080 seconds
[2024-10-16T11:43:50.791+0000] {processor.py:186} INFO - Started process (PID=127319) to work on /home/airflow/.local/lib/python3.12/site-packages/airflow/example_dags/example_short_circuit_decorator.py
[2024-10-16T11:43:50.792+0000] {processor.py:914} INFO - Processing file /home/airflow/.local/lib/python3.12/site-packages/airflow/example_dags/example_short_circuit_decorator.py for tasks to queue
[2024-10-16T11:43:50.793+0000] {logging_mixin.py:190} INFO - [2024-10-16T11:43:50.793+0000] {dagbag.py:588} INFO - Filling up the DagBag from /home/airflow/.local/lib/python3.12/site-packages/airflow/example_dags/example_short_circuit_decorator.py
[2024-10-16T11:43:50.804+0000] {processor.py:925} INFO - DAG(s) 'example_short_circuit_decorator' retrieved from /home/airflow/.local/lib/python3.12/site-packages/airflow/example_dags/example_short_circuit_decorator.py
[2024-10-16T11:43:50.829+0000] {logging_mixin.py:190} INFO - [2024-10-16T11:43:50.828+0000] {dag.py:3239} INFO - Sync 1 DAGs
[2024-10-16T11:43:50.845+0000] {logging_mixin.py:190} INFO - [2024-10-16T11:43:50.845+0000] {dag.py:4180} INFO - Setting next_dagrun for example_short_circuit_decorator to None, run_after=None
[2024-10-16T11:43:50.864+0000] {processor.py:208} INFO - Processing /home/airflow/.local/lib/python3.12/site-packages/airflow/example_dags/example_short_circuit_decorator.py took 0.080 seconds
[2024-10-16T11:44:22.244+0000] {processor.py:186} INFO - Started process (PID=127383) to work on /home/airflow/.local/lib/python3.12/site-packages/airflow/example_dags/example_short_circuit_decorator.py
[2024-10-16T11:44:22.246+0000] {processor.py:914} INFO - Processing file /home/airflow/.local/lib/python3.12/site-packages/airflow/example_dags/example_short_circuit_decorator.py for tasks to queue
[2024-10-16T11:44:22.247+0000] {logging_mixin.py:190} INFO - [2024-10-16T11:44:22.247+0000] {dagbag.py:588} INFO - Filling up the DagBag from /home/airflow/.local/lib/python3.12/site-packages/airflow/example_dags/example_short_circuit_decorator.py
[2024-10-16T11:44:22.258+0000] {processor.py:925} INFO - DAG(s) 'example_short_circuit_decorator' retrieved from /home/airflow/.local/lib/python3.12/site-packages/airflow/example_dags/example_short_circuit_decorator.py
[2024-10-16T11:44:22.282+0000] {logging_mixin.py:190} INFO - [2024-10-16T11:44:22.282+0000] {dag.py:3239} INFO - Sync 1 DAGs
[2024-10-16T11:44:22.299+0000] {logging_mixin.py:190} INFO - [2024-10-16T11:44:22.299+0000] {dag.py:4180} INFO - Setting next_dagrun for example_short_circuit_decorator to None, run_after=None
[2024-10-16T11:44:22.318+0000] {processor.py:208} INFO - Processing /home/airflow/.local/lib/python3.12/site-packages/airflow/example_dags/example_short_circuit_decorator.py took 0.082 seconds
[2024-10-16T11:44:52.683+0000] {processor.py:186} INFO - Started process (PID=127446) to work on /home/airflow/.local/lib/python3.12/site-packages/airflow/example_dags/example_short_circuit_decorator.py
[2024-10-16T11:44:52.685+0000] {processor.py:914} INFO - Processing file /home/airflow/.local/lib/python3.12/site-packages/airflow/example_dags/example_short_circuit_decorator.py for tasks to queue
[2024-10-16T11:44:52.686+0000] {logging_mixin.py:190} INFO - [2024-10-16T11:44:52.686+0000] {dagbag.py:588} INFO - Filling up the DagBag from /home/airflow/.local/lib/python3.12/site-packages/airflow/example_dags/example_short_circuit_decorator.py
[2024-10-16T11:44:52.697+0000] {processor.py:925} INFO - DAG(s) 'example_short_circuit_decorator' retrieved from /home/airflow/.local/lib/python3.12/site-packages/airflow/example_dags/example_short_circuit_decorator.py
[2024-10-16T11:44:52.723+0000] {logging_mixin.py:190} INFO - [2024-10-16T11:44:52.723+0000] {dag.py:3239} INFO - Sync 1 DAGs
[2024-10-16T11:44:52.741+0000] {logging_mixin.py:190} INFO - [2024-10-16T11:44:52.741+0000] {dag.py:4180} INFO - Setting next_dagrun for example_short_circuit_decorator to None, run_after=None
[2024-10-16T11:44:52.761+0000] {processor.py:208} INFO - Processing /home/airflow/.local/lib/python3.12/site-packages/airflow/example_dags/example_short_circuit_decorator.py took 0.085 seconds
[2024-10-16T11:45:24.423+0000] {processor.py:186} INFO - Started process (PID=127509) to work on /home/airflow/.local/lib/python3.12/site-packages/airflow/example_dags/example_short_circuit_decorator.py
[2024-10-16T11:45:24.424+0000] {processor.py:914} INFO - Processing file /home/airflow/.local/lib/python3.12/site-packages/airflow/example_dags/example_short_circuit_decorator.py for tasks to queue
[2024-10-16T11:45:24.425+0000] {logging_mixin.py:190} INFO - [2024-10-16T11:45:24.425+0000] {dagbag.py:588} INFO - Filling up the DagBag from /home/airflow/.local/lib/python3.12/site-packages/airflow/example_dags/example_short_circuit_decorator.py
[2024-10-16T11:45:24.437+0000] {processor.py:925} INFO - DAG(s) 'example_short_circuit_decorator' retrieved from /home/airflow/.local/lib/python3.12/site-packages/airflow/example_dags/example_short_circuit_decorator.py
[2024-10-16T11:45:24.462+0000] {logging_mixin.py:190} INFO - [2024-10-16T11:45:24.461+0000] {dag.py:3239} INFO - Sync 1 DAGs
[2024-10-16T11:45:24.480+0000] {logging_mixin.py:190} INFO - [2024-10-16T11:45:24.479+0000] {dag.py:4180} INFO - Setting next_dagrun for example_short_circuit_decorator to None, run_after=None
[2024-10-16T11:45:24.500+0000] {processor.py:208} INFO - Processing /home/airflow/.local/lib/python3.12/site-packages/airflow/example_dags/example_short_circuit_decorator.py took 0.084 seconds
[2024-10-16T11:45:56.864+0000] {processor.py:186} INFO - Started process (PID=127573) to work on /home/airflow/.local/lib/python3.12/site-packages/airflow/example_dags/example_short_circuit_decorator.py
[2024-10-16T11:45:56.865+0000] {processor.py:914} INFO - Processing file /home/airflow/.local/lib/python3.12/site-packages/airflow/example_dags/example_short_circuit_decorator.py for tasks to queue
[2024-10-16T11:45:56.866+0000] {logging_mixin.py:190} INFO - [2024-10-16T11:45:56.866+0000] {dagbag.py:588} INFO - Filling up the DagBag from /home/airflow/.local/lib/python3.12/site-packages/airflow/example_dags/example_short_circuit_decorator.py
[2024-10-16T11:45:56.878+0000] {processor.py:925} INFO - DAG(s) 'example_short_circuit_decorator' retrieved from /home/airflow/.local/lib/python3.12/site-packages/airflow/example_dags/example_short_circuit_decorator.py
[2024-10-16T11:45:56.904+0000] {logging_mixin.py:190} INFO - [2024-10-16T11:45:56.904+0000] {dag.py:3239} INFO - Sync 1 DAGs
[2024-10-16T11:45:56.921+0000] {logging_mixin.py:190} INFO - [2024-10-16T11:45:56.921+0000] {dag.py:4180} INFO - Setting next_dagrun for example_short_circuit_decorator to None, run_after=None
[2024-10-16T11:45:56.942+0000] {processor.py:208} INFO - Processing /home/airflow/.local/lib/python3.12/site-packages/airflow/example_dags/example_short_circuit_decorator.py took 0.084 seconds
