[2024-10-16T11:29:54.755+0000] {processor.py:186} INFO - Started process (PID=125578) to work on /home/airflow/.local/lib/python3.12/site-packages/airflow/example_dags/tutorial_objectstorage.py
[2024-10-16T11:29:54.757+0000] {processor.py:914} INFO - Processing file /home/airflow/.local/lib/python3.12/site-packages/airflow/example_dags/tutorial_objectstorage.py for tasks to queue
[2024-10-16T11:29:54.763+0000] {logging_mixin.py:190} INFO - [2024-10-16T11:29:54.762+0000] {dagbag.py:588} INFO - Filling up the DagBag from /home/airflow/.local/lib/python3.12/site-packages/airflow/example_dags/tutorial_objectstorage.py
[2024-10-16T11:29:54.783+0000] {processor.py:925} INFO - DAG(s) 'tutorial_objectstorage' retrieved from /home/airflow/.local/lib/python3.12/site-packages/airflow/example_dags/tutorial_objectstorage.py
[2024-10-16T11:29:54.829+0000] {logging_mixin.py:190} INFO - [2024-10-16T11:29:54.828+0000] {dag.py:3239} INFO - Sync 1 DAGs
[2024-10-16T11:29:54.893+0000] {logging_mixin.py:190} INFO - [2024-10-16T11:29:54.892+0000] {dag.py:4180} INFO - Setting next_dagrun for tutorial_objectstorage to None, run_after=None
[2024-10-16T11:29:54.927+0000] {processor.py:208} INFO - Processing /home/airflow/.local/lib/python3.12/site-packages/airflow/example_dags/tutorial_objectstorage.py took 0.190 seconds
[2024-10-16T11:30:25.003+0000] {processor.py:186} INFO - Started process (PID=125642) to work on /home/airflow/.local/lib/python3.12/site-packages/airflow/example_dags/tutorial_objectstorage.py
[2024-10-16T11:30:25.005+0000] {processor.py:914} INFO - Processing file /home/airflow/.local/lib/python3.12/site-packages/airflow/example_dags/tutorial_objectstorage.py for tasks to queue
[2024-10-16T11:30:25.006+0000] {logging_mixin.py:190} INFO - [2024-10-16T11:30:25.006+0000] {dagbag.py:588} INFO - Filling up the DagBag from /home/airflow/.local/lib/python3.12/site-packages/airflow/example_dags/tutorial_objectstorage.py
[2024-10-16T11:30:25.017+0000] {processor.py:925} INFO - DAG(s) 'tutorial_objectstorage' retrieved from /home/airflow/.local/lib/python3.12/site-packages/airflow/example_dags/tutorial_objectstorage.py
[2024-10-16T11:30:25.038+0000] {logging_mixin.py:190} INFO - [2024-10-16T11:30:25.038+0000] {dag.py:3239} INFO - Sync 1 DAGs
[2024-10-16T11:30:25.054+0000] {logging_mixin.py:190} INFO - [2024-10-16T11:30:25.054+0000] {dag.py:4180} INFO - Setting next_dagrun for tutorial_objectstorage to None, run_after=None
[2024-10-16T11:30:25.072+0000] {processor.py:208} INFO - Processing /home/airflow/.local/lib/python3.12/site-packages/airflow/example_dags/tutorial_objectstorage.py took 0.076 seconds
[2024-10-16T11:30:55.660+0000] {processor.py:186} INFO - Started process (PID=125705) to work on /home/airflow/.local/lib/python3.12/site-packages/airflow/example_dags/tutorial_objectstorage.py
[2024-10-16T11:30:55.661+0000] {processor.py:914} INFO - Processing file /home/airflow/.local/lib/python3.12/site-packages/airflow/example_dags/tutorial_objectstorage.py for tasks to queue
[2024-10-16T11:30:55.663+0000] {logging_mixin.py:190} INFO - [2024-10-16T11:30:55.662+0000] {dagbag.py:588} INFO - Filling up the DagBag from /home/airflow/.local/lib/python3.12/site-packages/airflow/example_dags/tutorial_objectstorage.py
[2024-10-16T11:30:55.673+0000] {processor.py:925} INFO - DAG(s) 'tutorial_objectstorage' retrieved from /home/airflow/.local/lib/python3.12/site-packages/airflow/example_dags/tutorial_objectstorage.py
[2024-10-16T11:30:55.691+0000] {logging_mixin.py:190} INFO - [2024-10-16T11:30:55.690+0000] {dag.py:3239} INFO - Sync 1 DAGs
[2024-10-16T11:30:55.705+0000] {logging_mixin.py:190} INFO - [2024-10-16T11:30:55.704+0000] {dag.py:4180} INFO - Setting next_dagrun for tutorial_objectstorage to None, run_after=None
[2024-10-16T11:30:55.722+0000] {processor.py:208} INFO - Processing /home/airflow/.local/lib/python3.12/site-packages/airflow/example_dags/tutorial_objectstorage.py took 0.067 seconds
[2024-10-16T11:31:26.494+0000] {processor.py:186} INFO - Started process (PID=125768) to work on /home/airflow/.local/lib/python3.12/site-packages/airflow/example_dags/tutorial_objectstorage.py
[2024-10-16T11:31:26.496+0000] {processor.py:914} INFO - Processing file /home/airflow/.local/lib/python3.12/site-packages/airflow/example_dags/tutorial_objectstorage.py for tasks to queue
[2024-10-16T11:31:26.497+0000] {logging_mixin.py:190} INFO - [2024-10-16T11:31:26.497+0000] {dagbag.py:588} INFO - Filling up the DagBag from /home/airflow/.local/lib/python3.12/site-packages/airflow/example_dags/tutorial_objectstorage.py
[2024-10-16T11:31:26.507+0000] {processor.py:925} INFO - DAG(s) 'tutorial_objectstorage' retrieved from /home/airflow/.local/lib/python3.12/site-packages/airflow/example_dags/tutorial_objectstorage.py
[2024-10-16T11:31:26.526+0000] {logging_mixin.py:190} INFO - [2024-10-16T11:31:26.526+0000] {dag.py:3239} INFO - Sync 1 DAGs
[2024-10-16T11:31:26.542+0000] {logging_mixin.py:190} INFO - [2024-10-16T11:31:26.542+0000] {dag.py:4180} INFO - Setting next_dagrun for tutorial_objectstorage to None, run_after=None
[2024-10-16T11:31:26.560+0000] {processor.py:208} INFO - Processing /home/airflow/.local/lib/python3.12/site-packages/airflow/example_dags/tutorial_objectstorage.py took 0.071 seconds
[2024-10-16T11:31:57.511+0000] {processor.py:186} INFO - Started process (PID=125831) to work on /home/airflow/.local/lib/python3.12/site-packages/airflow/example_dags/tutorial_objectstorage.py
[2024-10-16T11:31:57.517+0000] {processor.py:914} INFO - Processing file /home/airflow/.local/lib/python3.12/site-packages/airflow/example_dags/tutorial_objectstorage.py for tasks to queue
[2024-10-16T11:31:57.527+0000] {logging_mixin.py:190} INFO - [2024-10-16T11:31:57.526+0000] {dagbag.py:588} INFO - Filling up the DagBag from /home/airflow/.local/lib/python3.12/site-packages/airflow/example_dags/tutorial_objectstorage.py
[2024-10-16T11:31:57.571+0000] {processor.py:925} INFO - DAG(s) 'tutorial_objectstorage' retrieved from /home/airflow/.local/lib/python3.12/site-packages/airflow/example_dags/tutorial_objectstorage.py
[2024-10-16T11:31:57.646+0000] {logging_mixin.py:190} INFO - [2024-10-16T11:31:57.646+0000] {dag.py:3239} INFO - Sync 1 DAGs
[2024-10-16T11:31:57.732+0000] {logging_mixin.py:190} INFO - [2024-10-16T11:31:57.732+0000] {dag.py:4180} INFO - Setting next_dagrun for tutorial_objectstorage to None, run_after=None
[2024-10-16T11:31:57.811+0000] {processor.py:208} INFO - Processing /home/airflow/.local/lib/python3.12/site-packages/airflow/example_dags/tutorial_objectstorage.py took 0.322 seconds
[2024-10-16T11:32:28.461+0000] {processor.py:186} INFO - Started process (PID=125894) to work on /home/airflow/.local/lib/python3.12/site-packages/airflow/example_dags/tutorial_objectstorage.py
[2024-10-16T11:32:28.462+0000] {processor.py:914} INFO - Processing file /home/airflow/.local/lib/python3.12/site-packages/airflow/example_dags/tutorial_objectstorage.py for tasks to queue
[2024-10-16T11:32:28.463+0000] {logging_mixin.py:190} INFO - [2024-10-16T11:32:28.463+0000] {dagbag.py:588} INFO - Filling up the DagBag from /home/airflow/.local/lib/python3.12/site-packages/airflow/example_dags/tutorial_objectstorage.py
[2024-10-16T11:32:28.474+0000] {processor.py:925} INFO - DAG(s) 'tutorial_objectstorage' retrieved from /home/airflow/.local/lib/python3.12/site-packages/airflow/example_dags/tutorial_objectstorage.py
[2024-10-16T11:32:28.492+0000] {logging_mixin.py:190} INFO - [2024-10-16T11:32:28.492+0000] {dag.py:3239} INFO - Sync 1 DAGs
[2024-10-16T11:32:28.506+0000] {logging_mixin.py:190} INFO - [2024-10-16T11:32:28.506+0000] {dag.py:4180} INFO - Setting next_dagrun for tutorial_objectstorage to None, run_after=None
[2024-10-16T11:32:28.526+0000] {processor.py:208} INFO - Processing /home/airflow/.local/lib/python3.12/site-packages/airflow/example_dags/tutorial_objectstorage.py took 0.070 seconds
[2024-10-16T11:32:58.918+0000] {processor.py:186} INFO - Started process (PID=125957) to work on /home/airflow/.local/lib/python3.12/site-packages/airflow/example_dags/tutorial_objectstorage.py
[2024-10-16T11:32:58.920+0000] {processor.py:914} INFO - Processing file /home/airflow/.local/lib/python3.12/site-packages/airflow/example_dags/tutorial_objectstorage.py for tasks to queue
[2024-10-16T11:32:58.921+0000] {logging_mixin.py:190} INFO - [2024-10-16T11:32:58.921+0000] {dagbag.py:588} INFO - Filling up the DagBag from /home/airflow/.local/lib/python3.12/site-packages/airflow/example_dags/tutorial_objectstorage.py
[2024-10-16T11:32:58.932+0000] {processor.py:925} INFO - DAG(s) 'tutorial_objectstorage' retrieved from /home/airflow/.local/lib/python3.12/site-packages/airflow/example_dags/tutorial_objectstorage.py
[2024-10-16T11:32:58.949+0000] {logging_mixin.py:190} INFO - [2024-10-16T11:32:58.949+0000] {dag.py:3239} INFO - Sync 1 DAGs
[2024-10-16T11:32:58.964+0000] {logging_mixin.py:190} INFO - [2024-10-16T11:32:58.964+0000] {dag.py:4180} INFO - Setting next_dagrun for tutorial_objectstorage to None, run_after=None
[2024-10-16T11:32:58.982+0000] {processor.py:208} INFO - Processing /home/airflow/.local/lib/python3.12/site-packages/airflow/example_dags/tutorial_objectstorage.py took 0.070 seconds
[2024-10-16T11:33:29.247+0000] {processor.py:186} INFO - Started process (PID=126020) to work on /home/airflow/.local/lib/python3.12/site-packages/airflow/example_dags/tutorial_objectstorage.py
[2024-10-16T11:33:29.248+0000] {processor.py:914} INFO - Processing file /home/airflow/.local/lib/python3.12/site-packages/airflow/example_dags/tutorial_objectstorage.py for tasks to queue
[2024-10-16T11:33:29.249+0000] {logging_mixin.py:190} INFO - [2024-10-16T11:33:29.249+0000] {dagbag.py:588} INFO - Filling up the DagBag from /home/airflow/.local/lib/python3.12/site-packages/airflow/example_dags/tutorial_objectstorage.py
[2024-10-16T11:33:29.260+0000] {processor.py:925} INFO - DAG(s) 'tutorial_objectstorage' retrieved from /home/airflow/.local/lib/python3.12/site-packages/airflow/example_dags/tutorial_objectstorage.py
[2024-10-16T11:33:29.280+0000] {logging_mixin.py:190} INFO - [2024-10-16T11:33:29.279+0000] {dag.py:3239} INFO - Sync 1 DAGs
[2024-10-16T11:33:29.297+0000] {logging_mixin.py:190} INFO - [2024-10-16T11:33:29.296+0000] {dag.py:4180} INFO - Setting next_dagrun for tutorial_objectstorage to None, run_after=None
[2024-10-16T11:33:29.315+0000] {processor.py:208} INFO - Processing /home/airflow/.local/lib/python3.12/site-packages/airflow/example_dags/tutorial_objectstorage.py took 0.074 seconds
[2024-10-16T11:33:59.543+0000] {processor.py:186} INFO - Started process (PID=126083) to work on /home/airflow/.local/lib/python3.12/site-packages/airflow/example_dags/tutorial_objectstorage.py
[2024-10-16T11:33:59.544+0000] {processor.py:914} INFO - Processing file /home/airflow/.local/lib/python3.12/site-packages/airflow/example_dags/tutorial_objectstorage.py for tasks to queue
[2024-10-16T11:33:59.548+0000] {logging_mixin.py:190} INFO - [2024-10-16T11:33:59.548+0000] {dagbag.py:588} INFO - Filling up the DagBag from /home/airflow/.local/lib/python3.12/site-packages/airflow/example_dags/tutorial_objectstorage.py
[2024-10-16T11:33:59.559+0000] {processor.py:925} INFO - DAG(s) 'tutorial_objectstorage' retrieved from /home/airflow/.local/lib/python3.12/site-packages/airflow/example_dags/tutorial_objectstorage.py
[2024-10-16T11:33:59.578+0000] {logging_mixin.py:190} INFO - [2024-10-16T11:33:59.578+0000] {dag.py:3239} INFO - Sync 1 DAGs
[2024-10-16T11:33:59.594+0000] {logging_mixin.py:190} INFO - [2024-10-16T11:33:59.594+0000] {dag.py:4180} INFO - Setting next_dagrun for tutorial_objectstorage to None, run_after=None
[2024-10-16T11:33:59.614+0000] {processor.py:208} INFO - Processing /home/airflow/.local/lib/python3.12/site-packages/airflow/example_dags/tutorial_objectstorage.py took 0.078 seconds
[2024-10-16T11:34:29.880+0000] {processor.py:186} INFO - Started process (PID=126147) to work on /home/airflow/.local/lib/python3.12/site-packages/airflow/example_dags/tutorial_objectstorage.py
[2024-10-16T11:34:29.882+0000] {processor.py:914} INFO - Processing file /home/airflow/.local/lib/python3.12/site-packages/airflow/example_dags/tutorial_objectstorage.py for tasks to queue
[2024-10-16T11:34:29.883+0000] {logging_mixin.py:190} INFO - [2024-10-16T11:34:29.883+0000] {dagbag.py:588} INFO - Filling up the DagBag from /home/airflow/.local/lib/python3.12/site-packages/airflow/example_dags/tutorial_objectstorage.py
[2024-10-16T11:34:29.895+0000] {processor.py:925} INFO - DAG(s) 'tutorial_objectstorage' retrieved from /home/airflow/.local/lib/python3.12/site-packages/airflow/example_dags/tutorial_objectstorage.py
[2024-10-16T11:34:29.916+0000] {logging_mixin.py:190} INFO - [2024-10-16T11:34:29.916+0000] {dag.py:3239} INFO - Sync 1 DAGs
[2024-10-16T11:34:29.931+0000] {logging_mixin.py:190} INFO - [2024-10-16T11:34:29.931+0000] {dag.py:4180} INFO - Setting next_dagrun for tutorial_objectstorage to None, run_after=None
[2024-10-16T11:34:29.949+0000] {processor.py:208} INFO - Processing /home/airflow/.local/lib/python3.12/site-packages/airflow/example_dags/tutorial_objectstorage.py took 0.076 seconds
[2024-10-16T11:35:00.078+0000] {processor.py:186} INFO - Started process (PID=126210) to work on /home/airflow/.local/lib/python3.12/site-packages/airflow/example_dags/tutorial_objectstorage.py
[2024-10-16T11:35:00.079+0000] {processor.py:914} INFO - Processing file /home/airflow/.local/lib/python3.12/site-packages/airflow/example_dags/tutorial_objectstorage.py for tasks to queue
[2024-10-16T11:35:00.081+0000] {logging_mixin.py:190} INFO - [2024-10-16T11:35:00.080+0000] {dagbag.py:588} INFO - Filling up the DagBag from /home/airflow/.local/lib/python3.12/site-packages/airflow/example_dags/tutorial_objectstorage.py
[2024-10-16T11:35:00.095+0000] {processor.py:925} INFO - DAG(s) 'tutorial_objectstorage' retrieved from /home/airflow/.local/lib/python3.12/site-packages/airflow/example_dags/tutorial_objectstorage.py
[2024-10-16T11:35:00.117+0000] {logging_mixin.py:190} INFO - [2024-10-16T11:35:00.117+0000] {dag.py:3239} INFO - Sync 1 DAGs
[2024-10-16T11:35:00.137+0000] {logging_mixin.py:190} INFO - [2024-10-16T11:35:00.137+0000] {dag.py:4180} INFO - Setting next_dagrun for tutorial_objectstorage to None, run_after=None
[2024-10-16T11:35:00.169+0000] {processor.py:208} INFO - Processing /home/airflow/.local/lib/python3.12/site-packages/airflow/example_dags/tutorial_objectstorage.py took 0.097 seconds
[2024-10-16T11:35:30.722+0000] {processor.py:186} INFO - Started process (PID=126273) to work on /home/airflow/.local/lib/python3.12/site-packages/airflow/example_dags/tutorial_objectstorage.py
[2024-10-16T11:35:30.723+0000] {processor.py:914} INFO - Processing file /home/airflow/.local/lib/python3.12/site-packages/airflow/example_dags/tutorial_objectstorage.py for tasks to queue
[2024-10-16T11:35:30.724+0000] {logging_mixin.py:190} INFO - [2024-10-16T11:35:30.724+0000] {dagbag.py:588} INFO - Filling up the DagBag from /home/airflow/.local/lib/python3.12/site-packages/airflow/example_dags/tutorial_objectstorage.py
[2024-10-16T11:35:30.733+0000] {processor.py:925} INFO - DAG(s) 'tutorial_objectstorage' retrieved from /home/airflow/.local/lib/python3.12/site-packages/airflow/example_dags/tutorial_objectstorage.py
[2024-10-16T11:35:30.751+0000] {logging_mixin.py:190} INFO - [2024-10-16T11:35:30.751+0000] {dag.py:3239} INFO - Sync 1 DAGs
[2024-10-16T11:35:30.765+0000] {logging_mixin.py:190} INFO - [2024-10-16T11:35:30.765+0000] {dag.py:4180} INFO - Setting next_dagrun for tutorial_objectstorage to None, run_after=None
[2024-10-16T11:35:30.782+0000] {processor.py:208} INFO - Processing /home/airflow/.local/lib/python3.12/site-packages/airflow/example_dags/tutorial_objectstorage.py took 0.065 seconds
[2024-10-16T11:36:01.284+0000] {processor.py:186} INFO - Started process (PID=126336) to work on /home/airflow/.local/lib/python3.12/site-packages/airflow/example_dags/tutorial_objectstorage.py
[2024-10-16T11:36:01.286+0000] {processor.py:914} INFO - Processing file /home/airflow/.local/lib/python3.12/site-packages/airflow/example_dags/tutorial_objectstorage.py for tasks to queue
[2024-10-16T11:36:01.288+0000] {logging_mixin.py:190} INFO - [2024-10-16T11:36:01.287+0000] {dagbag.py:588} INFO - Filling up the DagBag from /home/airflow/.local/lib/python3.12/site-packages/airflow/example_dags/tutorial_objectstorage.py
[2024-10-16T11:36:01.307+0000] {processor.py:925} INFO - DAG(s) 'tutorial_objectstorage' retrieved from /home/airflow/.local/lib/python3.12/site-packages/airflow/example_dags/tutorial_objectstorage.py
[2024-10-16T11:36:01.337+0000] {logging_mixin.py:190} INFO - [2024-10-16T11:36:01.336+0000] {dag.py:3239} INFO - Sync 1 DAGs
[2024-10-16T11:36:01.357+0000] {logging_mixin.py:190} INFO - [2024-10-16T11:36:01.357+0000] {dag.py:4180} INFO - Setting next_dagrun for tutorial_objectstorage to None, run_after=None
[2024-10-16T11:36:01.385+0000] {processor.py:208} INFO - Processing /home/airflow/.local/lib/python3.12/site-packages/airflow/example_dags/tutorial_objectstorage.py took 0.111 seconds
[2024-10-16T11:36:31.962+0000] {processor.py:186} INFO - Started process (PID=126400) to work on /home/airflow/.local/lib/python3.12/site-packages/airflow/example_dags/tutorial_objectstorage.py
[2024-10-16T11:36:31.963+0000] {processor.py:914} INFO - Processing file /home/airflow/.local/lib/python3.12/site-packages/airflow/example_dags/tutorial_objectstorage.py for tasks to queue
[2024-10-16T11:36:31.964+0000] {logging_mixin.py:190} INFO - [2024-10-16T11:36:31.964+0000] {dagbag.py:588} INFO - Filling up the DagBag from /home/airflow/.local/lib/python3.12/site-packages/airflow/example_dags/tutorial_objectstorage.py
[2024-10-16T11:36:31.975+0000] {processor.py:925} INFO - DAG(s) 'tutorial_objectstorage' retrieved from /home/airflow/.local/lib/python3.12/site-packages/airflow/example_dags/tutorial_objectstorage.py
[2024-10-16T11:36:31.991+0000] {logging_mixin.py:190} INFO - [2024-10-16T11:36:31.991+0000] {dag.py:3239} INFO - Sync 1 DAGs
[2024-10-16T11:36:32.005+0000] {logging_mixin.py:190} INFO - [2024-10-16T11:36:32.005+0000] {dag.py:4180} INFO - Setting next_dagrun for tutorial_objectstorage to None, run_after=None
[2024-10-16T11:36:32.023+0000] {processor.py:208} INFO - Processing /home/airflow/.local/lib/python3.12/site-packages/airflow/example_dags/tutorial_objectstorage.py took 0.066 seconds
[2024-10-16T11:37:02.334+0000] {processor.py:186} INFO - Started process (PID=126463) to work on /home/airflow/.local/lib/python3.12/site-packages/airflow/example_dags/tutorial_objectstorage.py
[2024-10-16T11:37:02.334+0000] {processor.py:914} INFO - Processing file /home/airflow/.local/lib/python3.12/site-packages/airflow/example_dags/tutorial_objectstorage.py for tasks to queue
[2024-10-16T11:37:02.336+0000] {logging_mixin.py:190} INFO - [2024-10-16T11:37:02.335+0000] {dagbag.py:588} INFO - Filling up the DagBag from /home/airflow/.local/lib/python3.12/site-packages/airflow/example_dags/tutorial_objectstorage.py
[2024-10-16T11:37:02.345+0000] {processor.py:925} INFO - DAG(s) 'tutorial_objectstorage' retrieved from /home/airflow/.local/lib/python3.12/site-packages/airflow/example_dags/tutorial_objectstorage.py
[2024-10-16T11:37:02.363+0000] {logging_mixin.py:190} INFO - [2024-10-16T11:37:02.363+0000] {dag.py:3239} INFO - Sync 1 DAGs
[2024-10-16T11:37:02.378+0000] {logging_mixin.py:190} INFO - [2024-10-16T11:37:02.377+0000] {dag.py:4180} INFO - Setting next_dagrun for tutorial_objectstorage to None, run_after=None
[2024-10-16T11:37:02.395+0000] {processor.py:208} INFO - Processing /home/airflow/.local/lib/python3.12/site-packages/airflow/example_dags/tutorial_objectstorage.py took 0.066 seconds
[2024-10-16T11:37:32.818+0000] {processor.py:186} INFO - Started process (PID=126526) to work on /home/airflow/.local/lib/python3.12/site-packages/airflow/example_dags/tutorial_objectstorage.py
[2024-10-16T11:37:32.820+0000] {processor.py:914} INFO - Processing file /home/airflow/.local/lib/python3.12/site-packages/airflow/example_dags/tutorial_objectstorage.py for tasks to queue
[2024-10-16T11:37:32.821+0000] {logging_mixin.py:190} INFO - [2024-10-16T11:37:32.821+0000] {dagbag.py:588} INFO - Filling up the DagBag from /home/airflow/.local/lib/python3.12/site-packages/airflow/example_dags/tutorial_objectstorage.py
[2024-10-16T11:37:32.834+0000] {processor.py:925} INFO - DAG(s) 'tutorial_objectstorage' retrieved from /home/airflow/.local/lib/python3.12/site-packages/airflow/example_dags/tutorial_objectstorage.py
[2024-10-16T11:37:32.859+0000] {logging_mixin.py:190} INFO - [2024-10-16T11:37:32.858+0000] {dag.py:3239} INFO - Sync 1 DAGs
[2024-10-16T11:37:32.877+0000] {logging_mixin.py:190} INFO - [2024-10-16T11:37:32.877+0000] {dag.py:4180} INFO - Setting next_dagrun for tutorial_objectstorage to None, run_after=None
[2024-10-16T11:37:32.904+0000] {processor.py:208} INFO - Processing /home/airflow/.local/lib/python3.12/site-packages/airflow/example_dags/tutorial_objectstorage.py took 0.095 seconds
[2024-10-16T11:38:03.004+0000] {processor.py:186} INFO - Started process (PID=126589) to work on /home/airflow/.local/lib/python3.12/site-packages/airflow/example_dags/tutorial_objectstorage.py
[2024-10-16T11:38:03.005+0000] {processor.py:914} INFO - Processing file /home/airflow/.local/lib/python3.12/site-packages/airflow/example_dags/tutorial_objectstorage.py for tasks to queue
[2024-10-16T11:38:03.006+0000] {logging_mixin.py:190} INFO - [2024-10-16T11:38:03.006+0000] {dagbag.py:588} INFO - Filling up the DagBag from /home/airflow/.local/lib/python3.12/site-packages/airflow/example_dags/tutorial_objectstorage.py
[2024-10-16T11:38:03.018+0000] {processor.py:925} INFO - DAG(s) 'tutorial_objectstorage' retrieved from /home/airflow/.local/lib/python3.12/site-packages/airflow/example_dags/tutorial_objectstorage.py
[2024-10-16T11:38:03.040+0000] {logging_mixin.py:190} INFO - [2024-10-16T11:38:03.040+0000] {dag.py:3239} INFO - Sync 1 DAGs
[2024-10-16T11:38:03.057+0000] {logging_mixin.py:190} INFO - [2024-10-16T11:38:03.056+0000] {dag.py:4180} INFO - Setting next_dagrun for tutorial_objectstorage to None, run_after=None
[2024-10-16T11:38:03.077+0000] {processor.py:208} INFO - Processing /home/airflow/.local/lib/python3.12/site-packages/airflow/example_dags/tutorial_objectstorage.py took 0.081 seconds
[2024-10-16T11:38:33.694+0000] {processor.py:186} INFO - Started process (PID=126653) to work on /home/airflow/.local/lib/python3.12/site-packages/airflow/example_dags/tutorial_objectstorage.py
[2024-10-16T11:38:33.695+0000] {processor.py:914} INFO - Processing file /home/airflow/.local/lib/python3.12/site-packages/airflow/example_dags/tutorial_objectstorage.py for tasks to queue
[2024-10-16T11:38:33.696+0000] {logging_mixin.py:190} INFO - [2024-10-16T11:38:33.696+0000] {dagbag.py:588} INFO - Filling up the DagBag from /home/airflow/.local/lib/python3.12/site-packages/airflow/example_dags/tutorial_objectstorage.py
[2024-10-16T11:38:33.708+0000] {processor.py:925} INFO - DAG(s) 'tutorial_objectstorage' retrieved from /home/airflow/.local/lib/python3.12/site-packages/airflow/example_dags/tutorial_objectstorage.py
[2024-10-16T11:38:33.728+0000] {logging_mixin.py:190} INFO - [2024-10-16T11:38:33.728+0000] {dag.py:3239} INFO - Sync 1 DAGs
[2024-10-16T11:38:33.745+0000] {logging_mixin.py:190} INFO - [2024-10-16T11:38:33.745+0000] {dag.py:4180} INFO - Setting next_dagrun for tutorial_objectstorage to None, run_after=None
[2024-10-16T11:38:33.767+0000] {processor.py:208} INFO - Processing /home/airflow/.local/lib/python3.12/site-packages/airflow/example_dags/tutorial_objectstorage.py took 0.080 seconds
[2024-10-16T11:39:04.628+0000] {processor.py:186} INFO - Started process (PID=126715) to work on /home/airflow/.local/lib/python3.12/site-packages/airflow/example_dags/tutorial_objectstorage.py
[2024-10-16T11:39:04.629+0000] {processor.py:914} INFO - Processing file /home/airflow/.local/lib/python3.12/site-packages/airflow/example_dags/tutorial_objectstorage.py for tasks to queue
[2024-10-16T11:39:04.630+0000] {logging_mixin.py:190} INFO - [2024-10-16T11:39:04.630+0000] {dagbag.py:588} INFO - Filling up the DagBag from /home/airflow/.local/lib/python3.12/site-packages/airflow/example_dags/tutorial_objectstorage.py
[2024-10-16T11:39:04.643+0000] {processor.py:925} INFO - DAG(s) 'tutorial_objectstorage' retrieved from /home/airflow/.local/lib/python3.12/site-packages/airflow/example_dags/tutorial_objectstorage.py
[2024-10-16T11:39:04.663+0000] {logging_mixin.py:190} INFO - [2024-10-16T11:39:04.663+0000] {dag.py:3239} INFO - Sync 1 DAGs
[2024-10-16T11:39:04.679+0000] {logging_mixin.py:190} INFO - [2024-10-16T11:39:04.678+0000] {dag.py:4180} INFO - Setting next_dagrun for tutorial_objectstorage to None, run_after=None
[2024-10-16T11:39:04.699+0000] {processor.py:208} INFO - Processing /home/airflow/.local/lib/python3.12/site-packages/airflow/example_dags/tutorial_objectstorage.py took 0.077 seconds
[2024-10-16T11:39:35.468+0000] {processor.py:186} INFO - Started process (PID=126778) to work on /home/airflow/.local/lib/python3.12/site-packages/airflow/example_dags/tutorial_objectstorage.py
[2024-10-16T11:39:35.469+0000] {processor.py:914} INFO - Processing file /home/airflow/.local/lib/python3.12/site-packages/airflow/example_dags/tutorial_objectstorage.py for tasks to queue
[2024-10-16T11:39:35.471+0000] {logging_mixin.py:190} INFO - [2024-10-16T11:39:35.471+0000] {dagbag.py:588} INFO - Filling up the DagBag from /home/airflow/.local/lib/python3.12/site-packages/airflow/example_dags/tutorial_objectstorage.py
[2024-10-16T11:39:35.486+0000] {processor.py:925} INFO - DAG(s) 'tutorial_objectstorage' retrieved from /home/airflow/.local/lib/python3.12/site-packages/airflow/example_dags/tutorial_objectstorage.py
[2024-10-16T11:39:35.506+0000] {logging_mixin.py:190} INFO - [2024-10-16T11:39:35.505+0000] {dag.py:3239} INFO - Sync 1 DAGs
[2024-10-16T11:39:35.522+0000] {logging_mixin.py:190} INFO - [2024-10-16T11:39:35.522+0000] {dag.py:4180} INFO - Setting next_dagrun for tutorial_objectstorage to None, run_after=None
[2024-10-16T11:39:35.544+0000] {processor.py:208} INFO - Processing /home/airflow/.local/lib/python3.12/site-packages/airflow/example_dags/tutorial_objectstorage.py took 0.083 seconds
[2024-10-16T11:40:06.223+0000] {processor.py:186} INFO - Started process (PID=126841) to work on /home/airflow/.local/lib/python3.12/site-packages/airflow/example_dags/tutorial_objectstorage.py
[2024-10-16T11:40:06.224+0000] {processor.py:914} INFO - Processing file /home/airflow/.local/lib/python3.12/site-packages/airflow/example_dags/tutorial_objectstorage.py for tasks to queue
[2024-10-16T11:40:06.226+0000] {logging_mixin.py:190} INFO - [2024-10-16T11:40:06.225+0000] {dagbag.py:588} INFO - Filling up the DagBag from /home/airflow/.local/lib/python3.12/site-packages/airflow/example_dags/tutorial_objectstorage.py
[2024-10-16T11:40:06.238+0000] {processor.py:925} INFO - DAG(s) 'tutorial_objectstorage' retrieved from /home/airflow/.local/lib/python3.12/site-packages/airflow/example_dags/tutorial_objectstorage.py
[2024-10-16T11:40:06.258+0000] {logging_mixin.py:190} INFO - [2024-10-16T11:40:06.258+0000] {dag.py:3239} INFO - Sync 1 DAGs
[2024-10-16T11:40:06.274+0000] {logging_mixin.py:190} INFO - [2024-10-16T11:40:06.274+0000] {dag.py:4180} INFO - Setting next_dagrun for tutorial_objectstorage to None, run_after=None
[2024-10-16T11:40:06.294+0000] {processor.py:208} INFO - Processing /home/airflow/.local/lib/python3.12/site-packages/airflow/example_dags/tutorial_objectstorage.py took 0.078 seconds
[2024-10-16T11:40:36.461+0000] {processor.py:186} INFO - Started process (PID=126903) to work on /home/airflow/.local/lib/python3.12/site-packages/airflow/example_dags/tutorial_objectstorage.py
[2024-10-16T11:40:36.462+0000] {processor.py:914} INFO - Processing file /home/airflow/.local/lib/python3.12/site-packages/airflow/example_dags/tutorial_objectstorage.py for tasks to queue
[2024-10-16T11:40:36.463+0000] {logging_mixin.py:190} INFO - [2024-10-16T11:40:36.463+0000] {dagbag.py:588} INFO - Filling up the DagBag from /home/airflow/.local/lib/python3.12/site-packages/airflow/example_dags/tutorial_objectstorage.py
[2024-10-16T11:40:36.474+0000] {processor.py:925} INFO - DAG(s) 'tutorial_objectstorage' retrieved from /home/airflow/.local/lib/python3.12/site-packages/airflow/example_dags/tutorial_objectstorage.py
[2024-10-16T11:40:36.491+0000] {logging_mixin.py:190} INFO - [2024-10-16T11:40:36.491+0000] {dag.py:3239} INFO - Sync 1 DAGs
[2024-10-16T11:40:36.506+0000] {logging_mixin.py:190} INFO - [2024-10-16T11:40:36.506+0000] {dag.py:4180} INFO - Setting next_dagrun for tutorial_objectstorage to None, run_after=None
[2024-10-16T11:40:36.528+0000] {processor.py:208} INFO - Processing /home/airflow/.local/lib/python3.12/site-packages/airflow/example_dags/tutorial_objectstorage.py took 0.080 seconds
[2024-10-16T11:41:06.717+0000] {processor.py:186} INFO - Started process (PID=126966) to work on /home/airflow/.local/lib/python3.12/site-packages/airflow/example_dags/tutorial_objectstorage.py
[2024-10-16T11:41:06.718+0000] {processor.py:914} INFO - Processing file /home/airflow/.local/lib/python3.12/site-packages/airflow/example_dags/tutorial_objectstorage.py for tasks to queue
[2024-10-16T11:41:06.719+0000] {logging_mixin.py:190} INFO - [2024-10-16T11:41:06.719+0000] {dagbag.py:588} INFO - Filling up the DagBag from /home/airflow/.local/lib/python3.12/site-packages/airflow/example_dags/tutorial_objectstorage.py
[2024-10-16T11:41:06.731+0000] {processor.py:925} INFO - DAG(s) 'tutorial_objectstorage' retrieved from /home/airflow/.local/lib/python3.12/site-packages/airflow/example_dags/tutorial_objectstorage.py
[2024-10-16T11:41:06.754+0000] {logging_mixin.py:190} INFO - [2024-10-16T11:41:06.754+0000] {dag.py:3239} INFO - Sync 1 DAGs
[2024-10-16T11:41:06.771+0000] {logging_mixin.py:190} INFO - [2024-10-16T11:41:06.771+0000] {dag.py:4180} INFO - Setting next_dagrun for tutorial_objectstorage to None, run_after=None
[2024-10-16T11:41:06.791+0000] {processor.py:208} INFO - Processing /home/airflow/.local/lib/python3.12/site-packages/airflow/example_dags/tutorial_objectstorage.py took 0.081 seconds
[2024-10-16T11:41:37.108+0000] {processor.py:186} INFO - Started process (PID=127029) to work on /home/airflow/.local/lib/python3.12/site-packages/airflow/example_dags/tutorial_objectstorage.py
[2024-10-16T11:41:37.109+0000] {processor.py:914} INFO - Processing file /home/airflow/.local/lib/python3.12/site-packages/airflow/example_dags/tutorial_objectstorage.py for tasks to queue
[2024-10-16T11:41:37.111+0000] {logging_mixin.py:190} INFO - [2024-10-16T11:41:37.111+0000] {dagbag.py:588} INFO - Filling up the DagBag from /home/airflow/.local/lib/python3.12/site-packages/airflow/example_dags/tutorial_objectstorage.py
[2024-10-16T11:41:37.123+0000] {processor.py:925} INFO - DAG(s) 'tutorial_objectstorage' retrieved from /home/airflow/.local/lib/python3.12/site-packages/airflow/example_dags/tutorial_objectstorage.py
[2024-10-16T11:41:37.142+0000] {logging_mixin.py:190} INFO - [2024-10-16T11:41:37.142+0000] {dag.py:3239} INFO - Sync 1 DAGs
[2024-10-16T11:41:37.158+0000] {logging_mixin.py:190} INFO - [2024-10-16T11:41:37.158+0000] {dag.py:4180} INFO - Setting next_dagrun for tutorial_objectstorage to None, run_after=None
[2024-10-16T11:41:37.178+0000] {processor.py:208} INFO - Processing /home/airflow/.local/lib/python3.12/site-packages/airflow/example_dags/tutorial_objectstorage.py took 0.078 seconds
[2024-10-16T11:42:08.083+0000] {processor.py:186} INFO - Started process (PID=127092) to work on /home/airflow/.local/lib/python3.12/site-packages/airflow/example_dags/tutorial_objectstorage.py
[2024-10-16T11:42:08.084+0000] {processor.py:914} INFO - Processing file /home/airflow/.local/lib/python3.12/site-packages/airflow/example_dags/tutorial_objectstorage.py for tasks to queue
[2024-10-16T11:42:08.085+0000] {logging_mixin.py:190} INFO - [2024-10-16T11:42:08.085+0000] {dagbag.py:588} INFO - Filling up the DagBag from /home/airflow/.local/lib/python3.12/site-packages/airflow/example_dags/tutorial_objectstorage.py
[2024-10-16T11:42:08.097+0000] {processor.py:925} INFO - DAG(s) 'tutorial_objectstorage' retrieved from /home/airflow/.local/lib/python3.12/site-packages/airflow/example_dags/tutorial_objectstorage.py
[2024-10-16T11:42:08.116+0000] {logging_mixin.py:190} INFO - [2024-10-16T11:42:08.116+0000] {dag.py:3239} INFO - Sync 1 DAGs
[2024-10-16T11:42:08.135+0000] {logging_mixin.py:190} INFO - [2024-10-16T11:42:08.134+0000] {dag.py:4180} INFO - Setting next_dagrun for tutorial_objectstorage to None, run_after=None
[2024-10-16T11:42:08.155+0000] {processor.py:208} INFO - Processing /home/airflow/.local/lib/python3.12/site-packages/airflow/example_dags/tutorial_objectstorage.py took 0.079 seconds
[2024-10-16T11:42:38.228+0000] {processor.py:186} INFO - Started process (PID=127155) to work on /home/airflow/.local/lib/python3.12/site-packages/airflow/example_dags/tutorial_objectstorage.py
[2024-10-16T11:42:38.230+0000] {processor.py:914} INFO - Processing file /home/airflow/.local/lib/python3.12/site-packages/airflow/example_dags/tutorial_objectstorage.py for tasks to queue
[2024-10-16T11:42:38.231+0000] {logging_mixin.py:190} INFO - [2024-10-16T11:42:38.231+0000] {dagbag.py:588} INFO - Filling up the DagBag from /home/airflow/.local/lib/python3.12/site-packages/airflow/example_dags/tutorial_objectstorage.py
[2024-10-16T11:42:38.242+0000] {processor.py:925} INFO - DAG(s) 'tutorial_objectstorage' retrieved from /home/airflow/.local/lib/python3.12/site-packages/airflow/example_dags/tutorial_objectstorage.py
[2024-10-16T11:42:38.263+0000] {logging_mixin.py:190} INFO - [2024-10-16T11:42:38.263+0000] {dag.py:3239} INFO - Sync 1 DAGs
[2024-10-16T11:42:38.278+0000] {logging_mixin.py:190} INFO - [2024-10-16T11:42:38.277+0000] {dag.py:4180} INFO - Setting next_dagrun for tutorial_objectstorage to None, run_after=None
[2024-10-16T11:42:38.298+0000] {processor.py:208} INFO - Processing /home/airflow/.local/lib/python3.12/site-packages/airflow/example_dags/tutorial_objectstorage.py took 0.076 seconds
[2024-10-16T11:43:08.948+0000] {processor.py:186} INFO - Started process (PID=127218) to work on /home/airflow/.local/lib/python3.12/site-packages/airflow/example_dags/tutorial_objectstorage.py
[2024-10-16T11:43:08.949+0000] {processor.py:914} INFO - Processing file /home/airflow/.local/lib/python3.12/site-packages/airflow/example_dags/tutorial_objectstorage.py for tasks to queue
[2024-10-16T11:43:08.950+0000] {logging_mixin.py:190} INFO - [2024-10-16T11:43:08.950+0000] {dagbag.py:588} INFO - Filling up the DagBag from /home/airflow/.local/lib/python3.12/site-packages/airflow/example_dags/tutorial_objectstorage.py
[2024-10-16T11:43:08.963+0000] {processor.py:925} INFO - DAG(s) 'tutorial_objectstorage' retrieved from /home/airflow/.local/lib/python3.12/site-packages/airflow/example_dags/tutorial_objectstorage.py
[2024-10-16T11:43:08.990+0000] {logging_mixin.py:190} INFO - [2024-10-16T11:43:08.990+0000] {dag.py:3239} INFO - Sync 1 DAGs
[2024-10-16T11:43:09.008+0000] {logging_mixin.py:190} INFO - [2024-10-16T11:43:09.008+0000] {dag.py:4180} INFO - Setting next_dagrun for tutorial_objectstorage to None, run_after=None
[2024-10-16T11:43:09.033+0000] {processor.py:208} INFO - Processing /home/airflow/.local/lib/python3.12/site-packages/airflow/example_dags/tutorial_objectstorage.py took 0.092 seconds
[2024-10-16T11:43:39.261+0000] {processor.py:186} INFO - Started process (PID=127281) to work on /home/airflow/.local/lib/python3.12/site-packages/airflow/example_dags/tutorial_objectstorage.py
[2024-10-16T11:43:39.262+0000] {processor.py:914} INFO - Processing file /home/airflow/.local/lib/python3.12/site-packages/airflow/example_dags/tutorial_objectstorage.py for tasks to queue
[2024-10-16T11:43:39.264+0000] {logging_mixin.py:190} INFO - [2024-10-16T11:43:39.264+0000] {dagbag.py:588} INFO - Filling up the DagBag from /home/airflow/.local/lib/python3.12/site-packages/airflow/example_dags/tutorial_objectstorage.py
[2024-10-16T11:43:39.276+0000] {processor.py:925} INFO - DAG(s) 'tutorial_objectstorage' retrieved from /home/airflow/.local/lib/python3.12/site-packages/airflow/example_dags/tutorial_objectstorage.py
[2024-10-16T11:43:39.297+0000] {logging_mixin.py:190} INFO - [2024-10-16T11:43:39.296+0000] {dag.py:3239} INFO - Sync 1 DAGs
[2024-10-16T11:43:39.312+0000] {logging_mixin.py:190} INFO - [2024-10-16T11:43:39.312+0000] {dag.py:4180} INFO - Setting next_dagrun for tutorial_objectstorage to None, run_after=None
[2024-10-16T11:43:39.334+0000] {processor.py:208} INFO - Processing /home/airflow/.local/lib/python3.12/site-packages/airflow/example_dags/tutorial_objectstorage.py took 0.080 seconds
[2024-10-16T11:44:09.496+0000] {processor.py:186} INFO - Started process (PID=127344) to work on /home/airflow/.local/lib/python3.12/site-packages/airflow/example_dags/tutorial_objectstorage.py
[2024-10-16T11:44:09.497+0000] {processor.py:914} INFO - Processing file /home/airflow/.local/lib/python3.12/site-packages/airflow/example_dags/tutorial_objectstorage.py for tasks to queue
[2024-10-16T11:44:09.498+0000] {logging_mixin.py:190} INFO - [2024-10-16T11:44:09.498+0000] {dagbag.py:588} INFO - Filling up the DagBag from /home/airflow/.local/lib/python3.12/site-packages/airflow/example_dags/tutorial_objectstorage.py
[2024-10-16T11:44:09.510+0000] {processor.py:925} INFO - DAG(s) 'tutorial_objectstorage' retrieved from /home/airflow/.local/lib/python3.12/site-packages/airflow/example_dags/tutorial_objectstorage.py
[2024-10-16T11:44:09.529+0000] {logging_mixin.py:190} INFO - [2024-10-16T11:44:09.528+0000] {dag.py:3239} INFO - Sync 1 DAGs
[2024-10-16T11:44:09.545+0000] {logging_mixin.py:190} INFO - [2024-10-16T11:44:09.545+0000] {dag.py:4180} INFO - Setting next_dagrun for tutorial_objectstorage to None, run_after=None
[2024-10-16T11:44:09.566+0000] {processor.py:208} INFO - Processing /home/airflow/.local/lib/python3.12/site-packages/airflow/example_dags/tutorial_objectstorage.py took 0.078 seconds
[2024-10-16T11:44:40.121+0000] {processor.py:186} INFO - Started process (PID=127408) to work on /home/airflow/.local/lib/python3.12/site-packages/airflow/example_dags/tutorial_objectstorage.py
[2024-10-16T11:44:40.122+0000] {processor.py:914} INFO - Processing file /home/airflow/.local/lib/python3.12/site-packages/airflow/example_dags/tutorial_objectstorage.py for tasks to queue
[2024-10-16T11:44:40.124+0000] {logging_mixin.py:190} INFO - [2024-10-16T11:44:40.124+0000] {dagbag.py:588} INFO - Filling up the DagBag from /home/airflow/.local/lib/python3.12/site-packages/airflow/example_dags/tutorial_objectstorage.py
[2024-10-16T11:44:40.138+0000] {processor.py:925} INFO - DAG(s) 'tutorial_objectstorage' retrieved from /home/airflow/.local/lib/python3.12/site-packages/airflow/example_dags/tutorial_objectstorage.py
[2024-10-16T11:44:40.162+0000] {logging_mixin.py:190} INFO - [2024-10-16T11:44:40.162+0000] {dag.py:3239} INFO - Sync 1 DAGs
[2024-10-16T11:44:40.179+0000] {logging_mixin.py:190} INFO - [2024-10-16T11:44:40.178+0000] {dag.py:4180} INFO - Setting next_dagrun for tutorial_objectstorage to None, run_after=None
[2024-10-16T11:44:40.202+0000] {processor.py:208} INFO - Processing /home/airflow/.local/lib/python3.12/site-packages/airflow/example_dags/tutorial_objectstorage.py took 0.087 seconds
[2024-10-16T11:45:10.486+0000] {processor.py:186} INFO - Started process (PID=127471) to work on /home/airflow/.local/lib/python3.12/site-packages/airflow/example_dags/tutorial_objectstorage.py
[2024-10-16T11:45:10.487+0000] {processor.py:914} INFO - Processing file /home/airflow/.local/lib/python3.12/site-packages/airflow/example_dags/tutorial_objectstorage.py for tasks to queue
[2024-10-16T11:45:10.488+0000] {logging_mixin.py:190} INFO - [2024-10-16T11:45:10.488+0000] {dagbag.py:588} INFO - Filling up the DagBag from /home/airflow/.local/lib/python3.12/site-packages/airflow/example_dags/tutorial_objectstorage.py
[2024-10-16T11:45:10.501+0000] {processor.py:925} INFO - DAG(s) 'tutorial_objectstorage' retrieved from /home/airflow/.local/lib/python3.12/site-packages/airflow/example_dags/tutorial_objectstorage.py
[2024-10-16T11:45:10.523+0000] {logging_mixin.py:190} INFO - [2024-10-16T11:45:10.523+0000] {dag.py:3239} INFO - Sync 1 DAGs
[2024-10-16T11:45:10.541+0000] {logging_mixin.py:190} INFO - [2024-10-16T11:45:10.540+0000] {dag.py:4180} INFO - Setting next_dagrun for tutorial_objectstorage to None, run_after=None
[2024-10-16T11:45:10.564+0000] {processor.py:208} INFO - Processing /home/airflow/.local/lib/python3.12/site-packages/airflow/example_dags/tutorial_objectstorage.py took 0.085 seconds
[2024-10-16T11:45:40.871+0000] {processor.py:186} INFO - Started process (PID=127534) to work on /home/airflow/.local/lib/python3.12/site-packages/airflow/example_dags/tutorial_objectstorage.py
[2024-10-16T11:45:40.872+0000] {processor.py:914} INFO - Processing file /home/airflow/.local/lib/python3.12/site-packages/airflow/example_dags/tutorial_objectstorage.py for tasks to queue
[2024-10-16T11:45:40.874+0000] {logging_mixin.py:190} INFO - [2024-10-16T11:45:40.873+0000] {dagbag.py:588} INFO - Filling up the DagBag from /home/airflow/.local/lib/python3.12/site-packages/airflow/example_dags/tutorial_objectstorage.py
[2024-10-16T11:45:40.885+0000] {processor.py:925} INFO - DAG(s) 'tutorial_objectstorage' retrieved from /home/airflow/.local/lib/python3.12/site-packages/airflow/example_dags/tutorial_objectstorage.py
[2024-10-16T11:45:40.906+0000] {logging_mixin.py:190} INFO - [2024-10-16T11:45:40.906+0000] {dag.py:3239} INFO - Sync 1 DAGs
[2024-10-16T11:45:40.922+0000] {logging_mixin.py:190} INFO - [2024-10-16T11:45:40.922+0000] {dag.py:4180} INFO - Setting next_dagrun for tutorial_objectstorage to None, run_after=None
[2024-10-16T11:45:40.943+0000] {processor.py:208} INFO - Processing /home/airflow/.local/lib/python3.12/site-packages/airflow/example_dags/tutorial_objectstorage.py took 0.081 seconds
