[2024-10-16T11:30:03.136+0000] {processor.py:186} INFO - Started process (PID=125601) to work on /home/airflow/.local/lib/python3.12/site-packages/airflow/example_dags/tutorial.py
[2024-10-16T11:30:03.138+0000] {processor.py:914} INFO - Processing file /home/airflow/.local/lib/python3.12/site-packages/airflow/example_dags/tutorial.py for tasks to queue
[2024-10-16T11:30:03.141+0000] {logging_mixin.py:190} INFO - [2024-10-16T11:30:03.140+0000] {dagbag.py:588} INFO - Filling up the DagBag from /home/airflow/.local/lib/python3.12/site-packages/airflow/example_dags/tutorial.py
[2024-10-16T11:30:03.164+0000] {processor.py:925} INFO - DAG(s) 'tutorial' retrieved from /home/airflow/.local/lib/python3.12/site-packages/airflow/example_dags/tutorial.py
[2024-10-16T11:30:03.218+0000] {logging_mixin.py:190} INFO - [2024-10-16T11:30:03.217+0000] {dag.py:3239} INFO - Sync 1 DAGs
[2024-10-16T11:30:03.319+0000] {logging_mixin.py:190} INFO - [2024-10-16T11:30:03.319+0000] {dag.py:4180} INFO - Setting next_dagrun for tutorial to 2024-10-15 00:00:00+00:00, run_after=2024-10-16 00:00:00+00:00
[2024-10-16T11:30:03.367+0000] {processor.py:208} INFO - Processing /home/airflow/.local/lib/python3.12/site-packages/airflow/example_dags/tutorial.py took 0.247 seconds
[2024-10-16T11:30:33.482+0000] {processor.py:186} INFO - Started process (PID=125665) to work on /home/airflow/.local/lib/python3.12/site-packages/airflow/example_dags/tutorial.py
[2024-10-16T11:30:33.483+0000] {processor.py:914} INFO - Processing file /home/airflow/.local/lib/python3.12/site-packages/airflow/example_dags/tutorial.py for tasks to queue
[2024-10-16T11:30:33.485+0000] {logging_mixin.py:190} INFO - [2024-10-16T11:30:33.485+0000] {dagbag.py:588} INFO - Filling up the DagBag from /home/airflow/.local/lib/python3.12/site-packages/airflow/example_dags/tutorial.py
[2024-10-16T11:30:33.499+0000] {processor.py:925} INFO - DAG(s) 'tutorial' retrieved from /home/airflow/.local/lib/python3.12/site-packages/airflow/example_dags/tutorial.py
[2024-10-16T11:30:33.523+0000] {logging_mixin.py:190} INFO - [2024-10-16T11:30:33.523+0000] {dag.py:3239} INFO - Sync 1 DAGs
[2024-10-16T11:30:33.554+0000] {logging_mixin.py:190} INFO - [2024-10-16T11:30:33.554+0000] {dag.py:4180} INFO - Setting next_dagrun for tutorial to 2024-10-15 00:00:00+00:00, run_after=2024-10-16 00:00:00+00:00
[2024-10-16T11:30:33.576+0000] {processor.py:208} INFO - Processing /home/airflow/.local/lib/python3.12/site-packages/airflow/example_dags/tutorial.py took 0.103 seconds
[2024-10-16T11:31:04.297+0000] {processor.py:186} INFO - Started process (PID=125728) to work on /home/airflow/.local/lib/python3.12/site-packages/airflow/example_dags/tutorial.py
[2024-10-16T11:31:04.298+0000] {processor.py:914} INFO - Processing file /home/airflow/.local/lib/python3.12/site-packages/airflow/example_dags/tutorial.py for tasks to queue
[2024-10-16T11:31:04.299+0000] {logging_mixin.py:190} INFO - [2024-10-16T11:31:04.299+0000] {dagbag.py:588} INFO - Filling up the DagBag from /home/airflow/.local/lib/python3.12/site-packages/airflow/example_dags/tutorial.py
[2024-10-16T11:31:04.308+0000] {processor.py:925} INFO - DAG(s) 'tutorial' retrieved from /home/airflow/.local/lib/python3.12/site-packages/airflow/example_dags/tutorial.py
[2024-10-16T11:31:04.328+0000] {logging_mixin.py:190} INFO - [2024-10-16T11:31:04.327+0000] {dag.py:3239} INFO - Sync 1 DAGs
[2024-10-16T11:31:04.356+0000] {logging_mixin.py:190} INFO - [2024-10-16T11:31:04.356+0000] {dag.py:4180} INFO - Setting next_dagrun for tutorial to 2024-10-15 00:00:00+00:00, run_after=2024-10-16 00:00:00+00:00
[2024-10-16T11:31:04.375+0000] {processor.py:208} INFO - Processing /home/airflow/.local/lib/python3.12/site-packages/airflow/example_dags/tutorial.py took 0.083 seconds
[2024-10-16T11:31:34.944+0000] {processor.py:186} INFO - Started process (PID=125791) to work on /home/airflow/.local/lib/python3.12/site-packages/airflow/example_dags/tutorial.py
[2024-10-16T11:31:34.945+0000] {processor.py:914} INFO - Processing file /home/airflow/.local/lib/python3.12/site-packages/airflow/example_dags/tutorial.py for tasks to queue
[2024-10-16T11:31:34.946+0000] {logging_mixin.py:190} INFO - [2024-10-16T11:31:34.946+0000] {dagbag.py:588} INFO - Filling up the DagBag from /home/airflow/.local/lib/python3.12/site-packages/airflow/example_dags/tutorial.py
[2024-10-16T11:31:34.956+0000] {processor.py:925} INFO - DAG(s) 'tutorial' retrieved from /home/airflow/.local/lib/python3.12/site-packages/airflow/example_dags/tutorial.py
[2024-10-16T11:31:34.977+0000] {logging_mixin.py:190} INFO - [2024-10-16T11:31:34.976+0000] {dag.py:3239} INFO - Sync 1 DAGs
[2024-10-16T11:31:34.998+0000] {logging_mixin.py:190} INFO - [2024-10-16T11:31:34.998+0000] {dag.py:4180} INFO - Setting next_dagrun for tutorial to 2024-10-15 00:00:00+00:00, run_after=2024-10-16 00:00:00+00:00
[2024-10-16T11:31:35.016+0000] {processor.py:208} INFO - Processing /home/airflow/.local/lib/python3.12/site-packages/airflow/example_dags/tutorial.py took 0.080 seconds
[2024-10-16T11:32:06.225+0000] {processor.py:186} INFO - Started process (PID=125854) to work on /home/airflow/.local/lib/python3.12/site-packages/airflow/example_dags/tutorial.py
[2024-10-16T11:32:06.226+0000] {processor.py:914} INFO - Processing file /home/airflow/.local/lib/python3.12/site-packages/airflow/example_dags/tutorial.py for tasks to queue
[2024-10-16T11:32:06.228+0000] {logging_mixin.py:190} INFO - [2024-10-16T11:32:06.227+0000] {dagbag.py:588} INFO - Filling up the DagBag from /home/airflow/.local/lib/python3.12/site-packages/airflow/example_dags/tutorial.py
[2024-10-16T11:32:06.238+0000] {processor.py:925} INFO - DAG(s) 'tutorial' retrieved from /home/airflow/.local/lib/python3.12/site-packages/airflow/example_dags/tutorial.py
[2024-10-16T11:32:06.262+0000] {logging_mixin.py:190} INFO - [2024-10-16T11:32:06.262+0000] {dag.py:3239} INFO - Sync 1 DAGs
[2024-10-16T11:32:06.293+0000] {logging_mixin.py:190} INFO - [2024-10-16T11:32:06.292+0000] {dag.py:4180} INFO - Setting next_dagrun for tutorial to 2024-10-15 00:00:00+00:00, run_after=2024-10-16 00:00:00+00:00
[2024-10-16T11:32:06.319+0000] {processor.py:208} INFO - Processing /home/airflow/.local/lib/python3.12/site-packages/airflow/example_dags/tutorial.py took 0.100 seconds
[2024-10-16T11:32:37.080+0000] {processor.py:186} INFO - Started process (PID=125917) to work on /home/airflow/.local/lib/python3.12/site-packages/airflow/example_dags/tutorial.py
[2024-10-16T11:32:37.081+0000] {processor.py:914} INFO - Processing file /home/airflow/.local/lib/python3.12/site-packages/airflow/example_dags/tutorial.py for tasks to queue
[2024-10-16T11:32:37.082+0000] {logging_mixin.py:190} INFO - [2024-10-16T11:32:37.082+0000] {dagbag.py:588} INFO - Filling up the DagBag from /home/airflow/.local/lib/python3.12/site-packages/airflow/example_dags/tutorial.py
[2024-10-16T11:32:37.092+0000] {processor.py:925} INFO - DAG(s) 'tutorial' retrieved from /home/airflow/.local/lib/python3.12/site-packages/airflow/example_dags/tutorial.py
[2024-10-16T11:32:37.113+0000] {logging_mixin.py:190} INFO - [2024-10-16T11:32:37.113+0000] {dag.py:3239} INFO - Sync 1 DAGs
[2024-10-16T11:32:37.142+0000] {logging_mixin.py:190} INFO - [2024-10-16T11:32:37.141+0000] {dag.py:4180} INFO - Setting next_dagrun for tutorial to 2024-10-15 00:00:00+00:00, run_after=2024-10-16 00:00:00+00:00
[2024-10-16T11:32:37.162+0000] {processor.py:208} INFO - Processing /home/airflow/.local/lib/python3.12/site-packages/airflow/example_dags/tutorial.py took 0.088 seconds
[2024-10-16T11:33:07.484+0000] {processor.py:186} INFO - Started process (PID=125980) to work on /home/airflow/.local/lib/python3.12/site-packages/airflow/example_dags/tutorial.py
[2024-10-16T11:33:07.485+0000] {processor.py:914} INFO - Processing file /home/airflow/.local/lib/python3.12/site-packages/airflow/example_dags/tutorial.py for tasks to queue
[2024-10-16T11:33:07.487+0000] {logging_mixin.py:190} INFO - [2024-10-16T11:33:07.486+0000] {dagbag.py:588} INFO - Filling up the DagBag from /home/airflow/.local/lib/python3.12/site-packages/airflow/example_dags/tutorial.py
[2024-10-16T11:33:07.496+0000] {processor.py:925} INFO - DAG(s) 'tutorial' retrieved from /home/airflow/.local/lib/python3.12/site-packages/airflow/example_dags/tutorial.py
[2024-10-16T11:33:07.516+0000] {logging_mixin.py:190} INFO - [2024-10-16T11:33:07.516+0000] {dag.py:3239} INFO - Sync 1 DAGs
[2024-10-16T11:33:07.550+0000] {logging_mixin.py:190} INFO - [2024-10-16T11:33:07.549+0000] {dag.py:4180} INFO - Setting next_dagrun for tutorial to 2024-10-15 00:00:00+00:00, run_after=2024-10-16 00:00:00+00:00
[2024-10-16T11:33:07.580+0000] {processor.py:208} INFO - Processing /home/airflow/.local/lib/python3.12/site-packages/airflow/example_dags/tutorial.py took 0.100 seconds
[2024-10-16T11:33:37.815+0000] {processor.py:186} INFO - Started process (PID=126043) to work on /home/airflow/.local/lib/python3.12/site-packages/airflow/example_dags/tutorial.py
[2024-10-16T11:33:37.816+0000] {processor.py:914} INFO - Processing file /home/airflow/.local/lib/python3.12/site-packages/airflow/example_dags/tutorial.py for tasks to queue
[2024-10-16T11:33:37.818+0000] {logging_mixin.py:190} INFO - [2024-10-16T11:33:37.817+0000] {dagbag.py:588} INFO - Filling up the DagBag from /home/airflow/.local/lib/python3.12/site-packages/airflow/example_dags/tutorial.py
[2024-10-16T11:33:37.827+0000] {processor.py:925} INFO - DAG(s) 'tutorial' retrieved from /home/airflow/.local/lib/python3.12/site-packages/airflow/example_dags/tutorial.py
[2024-10-16T11:33:37.847+0000] {logging_mixin.py:190} INFO - [2024-10-16T11:33:37.846+0000] {dag.py:3239} INFO - Sync 1 DAGs
[2024-10-16T11:33:37.876+0000] {logging_mixin.py:190} INFO - [2024-10-16T11:33:37.876+0000] {dag.py:4180} INFO - Setting next_dagrun for tutorial to 2024-10-15 00:00:00+00:00, run_after=2024-10-16 00:00:00+00:00
[2024-10-16T11:33:37.905+0000] {processor.py:208} INFO - Processing /home/airflow/.local/lib/python3.12/site-packages/airflow/example_dags/tutorial.py took 0.097 seconds
[2024-10-16T11:34:08.325+0000] {processor.py:186} INFO - Started process (PID=126106) to work on /home/airflow/.local/lib/python3.12/site-packages/airflow/example_dags/tutorial.py
[2024-10-16T11:34:08.326+0000] {processor.py:914} INFO - Processing file /home/airflow/.local/lib/python3.12/site-packages/airflow/example_dags/tutorial.py for tasks to queue
[2024-10-16T11:34:08.329+0000] {logging_mixin.py:190} INFO - [2024-10-16T11:34:08.328+0000] {dagbag.py:588} INFO - Filling up the DagBag from /home/airflow/.local/lib/python3.12/site-packages/airflow/example_dags/tutorial.py
[2024-10-16T11:34:08.343+0000] {processor.py:925} INFO - DAG(s) 'tutorial' retrieved from /home/airflow/.local/lib/python3.12/site-packages/airflow/example_dags/tutorial.py
[2024-10-16T11:34:08.373+0000] {logging_mixin.py:190} INFO - [2024-10-16T11:34:08.372+0000] {dag.py:3239} INFO - Sync 1 DAGs
[2024-10-16T11:34:08.413+0000] {logging_mixin.py:190} INFO - [2024-10-16T11:34:08.412+0000] {dag.py:4180} INFO - Setting next_dagrun for tutorial to 2024-10-15 00:00:00+00:00, run_after=2024-10-16 00:00:00+00:00
[2024-10-16T11:34:08.442+0000] {processor.py:208} INFO - Processing /home/airflow/.local/lib/python3.12/site-packages/airflow/example_dags/tutorial.py took 0.126 seconds
[2024-10-16T11:34:38.666+0000] {processor.py:186} INFO - Started process (PID=126170) to work on /home/airflow/.local/lib/python3.12/site-packages/airflow/example_dags/tutorial.py
[2024-10-16T11:34:38.667+0000] {processor.py:914} INFO - Processing file /home/airflow/.local/lib/python3.12/site-packages/airflow/example_dags/tutorial.py for tasks to queue
[2024-10-16T11:34:38.668+0000] {logging_mixin.py:190} INFO - [2024-10-16T11:34:38.668+0000] {dagbag.py:588} INFO - Filling up the DagBag from /home/airflow/.local/lib/python3.12/site-packages/airflow/example_dags/tutorial.py
[2024-10-16T11:34:38.676+0000] {processor.py:925} INFO - DAG(s) 'tutorial' retrieved from /home/airflow/.local/lib/python3.12/site-packages/airflow/example_dags/tutorial.py
[2024-10-16T11:34:38.696+0000] {logging_mixin.py:190} INFO - [2024-10-16T11:34:38.696+0000] {dag.py:3239} INFO - Sync 1 DAGs
[2024-10-16T11:34:38.721+0000] {logging_mixin.py:190} INFO - [2024-10-16T11:34:38.721+0000] {dag.py:4180} INFO - Setting next_dagrun for tutorial to 2024-10-15 00:00:00+00:00, run_after=2024-10-16 00:00:00+00:00
[2024-10-16T11:34:38.741+0000] {processor.py:208} INFO - Processing /home/airflow/.local/lib/python3.12/site-packages/airflow/example_dags/tutorial.py took 0.081 seconds
[2024-10-16T11:35:09.632+0000] {processor.py:186} INFO - Started process (PID=126233) to work on /home/airflow/.local/lib/python3.12/site-packages/airflow/example_dags/tutorial.py
[2024-10-16T11:35:09.633+0000] {processor.py:914} INFO - Processing file /home/airflow/.local/lib/python3.12/site-packages/airflow/example_dags/tutorial.py for tasks to queue
[2024-10-16T11:35:09.635+0000] {logging_mixin.py:190} INFO - [2024-10-16T11:35:09.634+0000] {dagbag.py:588} INFO - Filling up the DagBag from /home/airflow/.local/lib/python3.12/site-packages/airflow/example_dags/tutorial.py
[2024-10-16T11:35:09.642+0000] {processor.py:925} INFO - DAG(s) 'tutorial' retrieved from /home/airflow/.local/lib/python3.12/site-packages/airflow/example_dags/tutorial.py
[2024-10-16T11:35:09.660+0000] {logging_mixin.py:190} INFO - [2024-10-16T11:35:09.660+0000] {dag.py:3239} INFO - Sync 1 DAGs
[2024-10-16T11:35:09.682+0000] {logging_mixin.py:190} INFO - [2024-10-16T11:35:09.682+0000] {dag.py:4180} INFO - Setting next_dagrun for tutorial to 2024-10-15 00:00:00+00:00, run_after=2024-10-16 00:00:00+00:00
[2024-10-16T11:35:09.701+0000] {processor.py:208} INFO - Processing /home/airflow/.local/lib/python3.12/site-packages/airflow/example_dags/tutorial.py took 0.073 seconds
[2024-10-16T11:35:40.069+0000] {processor.py:186} INFO - Started process (PID=126296) to work on /home/airflow/.local/lib/python3.12/site-packages/airflow/example_dags/tutorial.py
[2024-10-16T11:35:40.070+0000] {processor.py:914} INFO - Processing file /home/airflow/.local/lib/python3.12/site-packages/airflow/example_dags/tutorial.py for tasks to queue
[2024-10-16T11:35:40.071+0000] {logging_mixin.py:190} INFO - [2024-10-16T11:35:40.071+0000] {dagbag.py:588} INFO - Filling up the DagBag from /home/airflow/.local/lib/python3.12/site-packages/airflow/example_dags/tutorial.py
[2024-10-16T11:35:40.080+0000] {processor.py:925} INFO - DAG(s) 'tutorial' retrieved from /home/airflow/.local/lib/python3.12/site-packages/airflow/example_dags/tutorial.py
[2024-10-16T11:35:40.102+0000] {logging_mixin.py:190} INFO - [2024-10-16T11:35:40.102+0000] {dag.py:3239} INFO - Sync 1 DAGs
[2024-10-16T11:35:40.125+0000] {logging_mixin.py:190} INFO - [2024-10-16T11:35:40.125+0000] {dag.py:4180} INFO - Setting next_dagrun for tutorial to 2024-10-15 00:00:00+00:00, run_after=2024-10-16 00:00:00+00:00
[2024-10-16T11:35:40.143+0000] {processor.py:208} INFO - Processing /home/airflow/.local/lib/python3.12/site-packages/airflow/example_dags/tutorial.py took 0.081 seconds
[2024-10-16T11:36:10.839+0000] {processor.py:186} INFO - Started process (PID=126359) to work on /home/airflow/.local/lib/python3.12/site-packages/airflow/example_dags/tutorial.py
[2024-10-16T11:36:10.840+0000] {processor.py:914} INFO - Processing file /home/airflow/.local/lib/python3.12/site-packages/airflow/example_dags/tutorial.py for tasks to queue
[2024-10-16T11:36:10.843+0000] {logging_mixin.py:190} INFO - [2024-10-16T11:36:10.842+0000] {dagbag.py:588} INFO - Filling up the DagBag from /home/airflow/.local/lib/python3.12/site-packages/airflow/example_dags/tutorial.py
[2024-10-16T11:36:10.863+0000] {processor.py:925} INFO - DAG(s) 'tutorial' retrieved from /home/airflow/.local/lib/python3.12/site-packages/airflow/example_dags/tutorial.py
[2024-10-16T11:36:10.885+0000] {logging_mixin.py:190} INFO - [2024-10-16T11:36:10.885+0000] {dag.py:3239} INFO - Sync 1 DAGs
[2024-10-16T11:36:10.912+0000] {logging_mixin.py:190} INFO - [2024-10-16T11:36:10.911+0000] {dag.py:4180} INFO - Setting next_dagrun for tutorial to 2024-10-15 00:00:00+00:00, run_after=2024-10-16 00:00:00+00:00
[2024-10-16T11:36:10.936+0000] {processor.py:208} INFO - Processing /home/airflow/.local/lib/python3.12/site-packages/airflow/example_dags/tutorial.py took 0.103 seconds
[2024-10-16T11:36:41.406+0000] {processor.py:186} INFO - Started process (PID=126423) to work on /home/airflow/.local/lib/python3.12/site-packages/airflow/example_dags/tutorial.py
[2024-10-16T11:36:41.407+0000] {processor.py:914} INFO - Processing file /home/airflow/.local/lib/python3.12/site-packages/airflow/example_dags/tutorial.py for tasks to queue
[2024-10-16T11:36:41.409+0000] {logging_mixin.py:190} INFO - [2024-10-16T11:36:41.409+0000] {dagbag.py:588} INFO - Filling up the DagBag from /home/airflow/.local/lib/python3.12/site-packages/airflow/example_dags/tutorial.py
[2024-10-16T11:36:41.420+0000] {processor.py:925} INFO - DAG(s) 'tutorial' retrieved from /home/airflow/.local/lib/python3.12/site-packages/airflow/example_dags/tutorial.py
[2024-10-16T11:36:41.441+0000] {logging_mixin.py:190} INFO - [2024-10-16T11:36:41.441+0000] {dag.py:3239} INFO - Sync 1 DAGs
[2024-10-16T11:36:41.464+0000] {logging_mixin.py:190} INFO - [2024-10-16T11:36:41.463+0000] {dag.py:4180} INFO - Setting next_dagrun for tutorial to 2024-10-15 00:00:00+00:00, run_after=2024-10-16 00:00:00+00:00
[2024-10-16T11:36:41.482+0000] {processor.py:208} INFO - Processing /home/airflow/.local/lib/python3.12/site-packages/airflow/example_dags/tutorial.py took 0.083 seconds
[2024-10-16T11:37:11.743+0000] {processor.py:186} INFO - Started process (PID=126486) to work on /home/airflow/.local/lib/python3.12/site-packages/airflow/example_dags/tutorial.py
[2024-10-16T11:37:11.744+0000] {processor.py:914} INFO - Processing file /home/airflow/.local/lib/python3.12/site-packages/airflow/example_dags/tutorial.py for tasks to queue
[2024-10-16T11:37:11.745+0000] {logging_mixin.py:190} INFO - [2024-10-16T11:37:11.745+0000] {dagbag.py:588} INFO - Filling up the DagBag from /home/airflow/.local/lib/python3.12/site-packages/airflow/example_dags/tutorial.py
[2024-10-16T11:37:11.754+0000] {processor.py:925} INFO - DAG(s) 'tutorial' retrieved from /home/airflow/.local/lib/python3.12/site-packages/airflow/example_dags/tutorial.py
[2024-10-16T11:37:11.772+0000] {logging_mixin.py:190} INFO - [2024-10-16T11:37:11.772+0000] {dag.py:3239} INFO - Sync 1 DAGs
[2024-10-16T11:37:11.794+0000] {logging_mixin.py:190} INFO - [2024-10-16T11:37:11.794+0000] {dag.py:4180} INFO - Setting next_dagrun for tutorial to 2024-10-15 00:00:00+00:00, run_after=2024-10-16 00:00:00+00:00
[2024-10-16T11:37:11.812+0000] {processor.py:208} INFO - Processing /home/airflow/.local/lib/python3.12/site-packages/airflow/example_dags/tutorial.py took 0.074 seconds
[2024-10-16T11:37:42.453+0000] {processor.py:186} INFO - Started process (PID=126549) to work on /home/airflow/.local/lib/python3.12/site-packages/airflow/example_dags/tutorial.py
[2024-10-16T11:37:42.454+0000] {processor.py:914} INFO - Processing file /home/airflow/.local/lib/python3.12/site-packages/airflow/example_dags/tutorial.py for tasks to queue
[2024-10-16T11:37:42.455+0000] {logging_mixin.py:190} INFO - [2024-10-16T11:37:42.455+0000] {dagbag.py:588} INFO - Filling up the DagBag from /home/airflow/.local/lib/python3.12/site-packages/airflow/example_dags/tutorial.py
[2024-10-16T11:37:42.464+0000] {processor.py:925} INFO - DAG(s) 'tutorial' retrieved from /home/airflow/.local/lib/python3.12/site-packages/airflow/example_dags/tutorial.py
[2024-10-16T11:37:42.483+0000] {logging_mixin.py:190} INFO - [2024-10-16T11:37:42.482+0000] {dag.py:3239} INFO - Sync 1 DAGs
[2024-10-16T11:37:42.504+0000] {logging_mixin.py:190} INFO - [2024-10-16T11:37:42.503+0000] {dag.py:4180} INFO - Setting next_dagrun for tutorial to 2024-10-15 00:00:00+00:00, run_after=2024-10-16 00:00:00+00:00
[2024-10-16T11:37:42.521+0000] {processor.py:208} INFO - Processing /home/airflow/.local/lib/python3.12/site-packages/airflow/example_dags/tutorial.py took 0.073 seconds
[2024-10-16T11:38:13.015+0000] {processor.py:186} INFO - Started process (PID=126612) to work on /home/airflow/.local/lib/python3.12/site-packages/airflow/example_dags/tutorial.py
[2024-10-16T11:38:13.016+0000] {processor.py:914} INFO - Processing file /home/airflow/.local/lib/python3.12/site-packages/airflow/example_dags/tutorial.py for tasks to queue
[2024-10-16T11:38:13.018+0000] {logging_mixin.py:190} INFO - [2024-10-16T11:38:13.017+0000] {dagbag.py:588} INFO - Filling up the DagBag from /home/airflow/.local/lib/python3.12/site-packages/airflow/example_dags/tutorial.py
[2024-10-16T11:38:13.028+0000] {processor.py:925} INFO - DAG(s) 'tutorial' retrieved from /home/airflow/.local/lib/python3.12/site-packages/airflow/example_dags/tutorial.py
[2024-10-16T11:38:13.049+0000] {logging_mixin.py:190} INFO - [2024-10-16T11:38:13.048+0000] {dag.py:3239} INFO - Sync 1 DAGs
[2024-10-16T11:38:13.075+0000] {logging_mixin.py:190} INFO - [2024-10-16T11:38:13.075+0000] {dag.py:4180} INFO - Setting next_dagrun for tutorial to 2024-10-15 00:00:00+00:00, run_after=2024-10-16 00:00:00+00:00
[2024-10-16T11:38:13.097+0000] {processor.py:208} INFO - Processing /home/airflow/.local/lib/python3.12/site-packages/airflow/example_dags/tutorial.py took 0.088 seconds
[2024-10-16T11:38:43.382+0000] {processor.py:186} INFO - Started process (PID=126676) to work on /home/airflow/.local/lib/python3.12/site-packages/airflow/example_dags/tutorial.py
[2024-10-16T11:38:43.383+0000] {processor.py:914} INFO - Processing file /home/airflow/.local/lib/python3.12/site-packages/airflow/example_dags/tutorial.py for tasks to queue
[2024-10-16T11:38:43.385+0000] {logging_mixin.py:190} INFO - [2024-10-16T11:38:43.384+0000] {dagbag.py:588} INFO - Filling up the DagBag from /home/airflow/.local/lib/python3.12/site-packages/airflow/example_dags/tutorial.py
[2024-10-16T11:38:43.398+0000] {processor.py:925} INFO - DAG(s) 'tutorial' retrieved from /home/airflow/.local/lib/python3.12/site-packages/airflow/example_dags/tutorial.py
[2024-10-16T11:38:43.419+0000] {logging_mixin.py:190} INFO - [2024-10-16T11:38:43.419+0000] {dag.py:3239} INFO - Sync 1 DAGs
[2024-10-16T11:38:43.447+0000] {logging_mixin.py:190} INFO - [2024-10-16T11:38:43.447+0000] {dag.py:4180} INFO - Setting next_dagrun for tutorial to 2024-10-15 00:00:00+00:00, run_after=2024-10-16 00:00:00+00:00
[2024-10-16T11:38:43.469+0000] {processor.py:208} INFO - Processing /home/airflow/.local/lib/python3.12/site-packages/airflow/example_dags/tutorial.py took 0.097 seconds
[2024-10-16T11:39:14.299+0000] {processor.py:186} INFO - Started process (PID=126744) to work on /home/airflow/.local/lib/python3.12/site-packages/airflow/example_dags/tutorial.py
[2024-10-16T11:39:14.300+0000] {processor.py:914} INFO - Processing file /home/airflow/.local/lib/python3.12/site-packages/airflow/example_dags/tutorial.py for tasks to queue
[2024-10-16T11:39:14.302+0000] {logging_mixin.py:190} INFO - [2024-10-16T11:39:14.301+0000] {dagbag.py:588} INFO - Filling up the DagBag from /home/airflow/.local/lib/python3.12/site-packages/airflow/example_dags/tutorial.py
[2024-10-16T11:39:14.312+0000] {processor.py:925} INFO - DAG(s) 'tutorial' retrieved from /home/airflow/.local/lib/python3.12/site-packages/airflow/example_dags/tutorial.py
[2024-10-16T11:39:14.337+0000] {logging_mixin.py:190} INFO - [2024-10-16T11:39:14.337+0000] {dag.py:3239} INFO - Sync 1 DAGs
[2024-10-16T11:39:14.365+0000] {logging_mixin.py:190} INFO - [2024-10-16T11:39:14.365+0000] {dag.py:4180} INFO - Setting next_dagrun for tutorial to 2024-10-15 00:00:00+00:00, run_after=2024-10-16 00:00:00+00:00
[2024-10-16T11:39:14.386+0000] {processor.py:208} INFO - Processing /home/airflow/.local/lib/python3.12/site-packages/airflow/example_dags/tutorial.py took 0.093 seconds
[2024-10-16T11:39:45.115+0000] {processor.py:186} INFO - Started process (PID=126807) to work on /home/airflow/.local/lib/python3.12/site-packages/airflow/example_dags/tutorial.py
[2024-10-16T11:39:45.116+0000] {processor.py:914} INFO - Processing file /home/airflow/.local/lib/python3.12/site-packages/airflow/example_dags/tutorial.py for tasks to queue
[2024-10-16T11:39:45.118+0000] {logging_mixin.py:190} INFO - [2024-10-16T11:39:45.117+0000] {dagbag.py:588} INFO - Filling up the DagBag from /home/airflow/.local/lib/python3.12/site-packages/airflow/example_dags/tutorial.py
[2024-10-16T11:39:45.127+0000] {processor.py:925} INFO - DAG(s) 'tutorial' retrieved from /home/airflow/.local/lib/python3.12/site-packages/airflow/example_dags/tutorial.py
[2024-10-16T11:39:45.149+0000] {logging_mixin.py:190} INFO - [2024-10-16T11:39:45.149+0000] {dag.py:3239} INFO - Sync 1 DAGs
[2024-10-16T11:39:45.175+0000] {logging_mixin.py:190} INFO - [2024-10-16T11:39:45.174+0000] {dag.py:4180} INFO - Setting next_dagrun for tutorial to 2024-10-15 00:00:00+00:00, run_after=2024-10-16 00:00:00+00:00
[2024-10-16T11:39:45.195+0000] {processor.py:208} INFO - Processing /home/airflow/.local/lib/python3.12/site-packages/airflow/example_dags/tutorial.py took 0.086 seconds
[2024-10-16T11:40:15.927+0000] {processor.py:186} INFO - Started process (PID=126869) to work on /home/airflow/.local/lib/python3.12/site-packages/airflow/example_dags/tutorial.py
[2024-10-16T11:40:15.928+0000] {processor.py:914} INFO - Processing file /home/airflow/.local/lib/python3.12/site-packages/airflow/example_dags/tutorial.py for tasks to queue
[2024-10-16T11:40:15.930+0000] {logging_mixin.py:190} INFO - [2024-10-16T11:40:15.929+0000] {dagbag.py:588} INFO - Filling up the DagBag from /home/airflow/.local/lib/python3.12/site-packages/airflow/example_dags/tutorial.py
[2024-10-16T11:40:15.945+0000] {processor.py:925} INFO - DAG(s) 'tutorial' retrieved from /home/airflow/.local/lib/python3.12/site-packages/airflow/example_dags/tutorial.py
[2024-10-16T11:40:15.969+0000] {logging_mixin.py:190} INFO - [2024-10-16T11:40:15.968+0000] {dag.py:3239} INFO - Sync 1 DAGs
[2024-10-16T11:40:16.001+0000] {logging_mixin.py:190} INFO - [2024-10-16T11:40:16.000+0000] {dag.py:4180} INFO - Setting next_dagrun for tutorial to 2024-10-15 00:00:00+00:00, run_after=2024-10-16 00:00:00+00:00
[2024-10-16T11:40:16.021+0000] {processor.py:208} INFO - Processing /home/airflow/.local/lib/python3.12/site-packages/airflow/example_dags/tutorial.py took 0.101 seconds
[2024-10-16T11:40:46.322+0000] {processor.py:186} INFO - Started process (PID=126932) to work on /home/airflow/.local/lib/python3.12/site-packages/airflow/example_dags/tutorial.py
[2024-10-16T11:40:46.323+0000] {processor.py:914} INFO - Processing file /home/airflow/.local/lib/python3.12/site-packages/airflow/example_dags/tutorial.py for tasks to queue
[2024-10-16T11:40:46.325+0000] {logging_mixin.py:190} INFO - [2024-10-16T11:40:46.324+0000] {dagbag.py:588} INFO - Filling up the DagBag from /home/airflow/.local/lib/python3.12/site-packages/airflow/example_dags/tutorial.py
[2024-10-16T11:40:46.334+0000] {processor.py:925} INFO - DAG(s) 'tutorial' retrieved from /home/airflow/.local/lib/python3.12/site-packages/airflow/example_dags/tutorial.py
[2024-10-16T11:40:46.356+0000] {logging_mixin.py:190} INFO - [2024-10-16T11:40:46.356+0000] {dag.py:3239} INFO - Sync 1 DAGs
[2024-10-16T11:40:46.381+0000] {logging_mixin.py:190} INFO - [2024-10-16T11:40:46.381+0000] {dag.py:4180} INFO - Setting next_dagrun for tutorial to 2024-10-15 00:00:00+00:00, run_after=2024-10-16 00:00:00+00:00
[2024-10-16T11:40:46.402+0000] {processor.py:208} INFO - Processing /home/airflow/.local/lib/python3.12/site-packages/airflow/example_dags/tutorial.py took 0.086 seconds
[2024-10-16T11:41:16.710+0000] {processor.py:186} INFO - Started process (PID=126995) to work on /home/airflow/.local/lib/python3.12/site-packages/airflow/example_dags/tutorial.py
[2024-10-16T11:41:16.711+0000] {processor.py:914} INFO - Processing file /home/airflow/.local/lib/python3.12/site-packages/airflow/example_dags/tutorial.py for tasks to queue
[2024-10-16T11:41:16.713+0000] {logging_mixin.py:190} INFO - [2024-10-16T11:41:16.713+0000] {dagbag.py:588} INFO - Filling up the DagBag from /home/airflow/.local/lib/python3.12/site-packages/airflow/example_dags/tutorial.py
[2024-10-16T11:41:16.722+0000] {processor.py:925} INFO - DAG(s) 'tutorial' retrieved from /home/airflow/.local/lib/python3.12/site-packages/airflow/example_dags/tutorial.py
[2024-10-16T11:41:16.743+0000] {logging_mixin.py:190} INFO - [2024-10-16T11:41:16.743+0000] {dag.py:3239} INFO - Sync 1 DAGs
[2024-10-16T11:41:16.768+0000] {logging_mixin.py:190} INFO - [2024-10-16T11:41:16.768+0000] {dag.py:4180} INFO - Setting next_dagrun for tutorial to 2024-10-15 00:00:00+00:00, run_after=2024-10-16 00:00:00+00:00
[2024-10-16T11:41:16.788+0000] {processor.py:208} INFO - Processing /home/airflow/.local/lib/python3.12/site-packages/airflow/example_dags/tutorial.py took 0.084 seconds
[2024-10-16T11:41:47.653+0000] {processor.py:186} INFO - Started process (PID=127058) to work on /home/airflow/.local/lib/python3.12/site-packages/airflow/example_dags/tutorial.py
[2024-10-16T11:41:47.654+0000] {processor.py:914} INFO - Processing file /home/airflow/.local/lib/python3.12/site-packages/airflow/example_dags/tutorial.py for tasks to queue
[2024-10-16T11:41:47.656+0000] {logging_mixin.py:190} INFO - [2024-10-16T11:41:47.655+0000] {dagbag.py:588} INFO - Filling up the DagBag from /home/airflow/.local/lib/python3.12/site-packages/airflow/example_dags/tutorial.py
[2024-10-16T11:41:47.665+0000] {processor.py:925} INFO - DAG(s) 'tutorial' retrieved from /home/airflow/.local/lib/python3.12/site-packages/airflow/example_dags/tutorial.py
[2024-10-16T11:41:47.686+0000] {logging_mixin.py:190} INFO - [2024-10-16T11:41:47.685+0000] {dag.py:3239} INFO - Sync 1 DAGs
[2024-10-16T11:41:47.714+0000] {logging_mixin.py:190} INFO - [2024-10-16T11:41:47.713+0000] {dag.py:4180} INFO - Setting next_dagrun for tutorial to 2024-10-15 00:00:00+00:00, run_after=2024-10-16 00:00:00+00:00
[2024-10-16T11:41:47.737+0000] {processor.py:208} INFO - Processing /home/airflow/.local/lib/python3.12/site-packages/airflow/example_dags/tutorial.py took 0.090 seconds
[2024-10-16T11:42:18.703+0000] {processor.py:186} INFO - Started process (PID=127121) to work on /home/airflow/.local/lib/python3.12/site-packages/airflow/example_dags/tutorial.py
[2024-10-16T11:42:18.704+0000] {processor.py:914} INFO - Processing file /home/airflow/.local/lib/python3.12/site-packages/airflow/example_dags/tutorial.py for tasks to queue
[2024-10-16T11:42:18.706+0000] {logging_mixin.py:190} INFO - [2024-10-16T11:42:18.705+0000] {dagbag.py:588} INFO - Filling up the DagBag from /home/airflow/.local/lib/python3.12/site-packages/airflow/example_dags/tutorial.py
[2024-10-16T11:42:18.721+0000] {processor.py:925} INFO - DAG(s) 'tutorial' retrieved from /home/airflow/.local/lib/python3.12/site-packages/airflow/example_dags/tutorial.py
[2024-10-16T11:42:18.747+0000] {logging_mixin.py:190} INFO - [2024-10-16T11:42:18.747+0000] {dag.py:3239} INFO - Sync 1 DAGs
[2024-10-16T11:42:18.785+0000] {logging_mixin.py:190} INFO - [2024-10-16T11:42:18.785+0000] {dag.py:4180} INFO - Setting next_dagrun for tutorial to 2024-10-15 00:00:00+00:00, run_after=2024-10-16 00:00:00+00:00
[2024-10-16T11:42:18.819+0000] {processor.py:208} INFO - Processing /home/airflow/.local/lib/python3.12/site-packages/airflow/example_dags/tutorial.py took 0.125 seconds
[2024-10-16T11:42:49.429+0000] {processor.py:186} INFO - Started process (PID=127184) to work on /home/airflow/.local/lib/python3.12/site-packages/airflow/example_dags/tutorial.py
[2024-10-16T11:42:49.430+0000] {processor.py:914} INFO - Processing file /home/airflow/.local/lib/python3.12/site-packages/airflow/example_dags/tutorial.py for tasks to queue
[2024-10-16T11:42:49.433+0000] {logging_mixin.py:190} INFO - [2024-10-16T11:42:49.432+0000] {dagbag.py:588} INFO - Filling up the DagBag from /home/airflow/.local/lib/python3.12/site-packages/airflow/example_dags/tutorial.py
[2024-10-16T11:42:49.448+0000] {processor.py:925} INFO - DAG(s) 'tutorial' retrieved from /home/airflow/.local/lib/python3.12/site-packages/airflow/example_dags/tutorial.py
[2024-10-16T11:42:49.477+0000] {logging_mixin.py:190} INFO - [2024-10-16T11:42:49.477+0000] {dag.py:3239} INFO - Sync 1 DAGs
[2024-10-16T11:42:49.526+0000] {logging_mixin.py:190} INFO - [2024-10-16T11:42:49.526+0000] {dag.py:4180} INFO - Setting next_dagrun for tutorial to 2024-10-15 00:00:00+00:00, run_after=2024-10-16 00:00:00+00:00
[2024-10-16T11:42:49.570+0000] {processor.py:208} INFO - Processing /home/airflow/.local/lib/python3.12/site-packages/airflow/example_dags/tutorial.py took 0.150 seconds
[2024-10-16T11:43:19.712+0000] {processor.py:186} INFO - Started process (PID=127247) to work on /home/airflow/.local/lib/python3.12/site-packages/airflow/example_dags/tutorial.py
[2024-10-16T11:43:19.712+0000] {processor.py:914} INFO - Processing file /home/airflow/.local/lib/python3.12/site-packages/airflow/example_dags/tutorial.py for tasks to queue
[2024-10-16T11:43:19.714+0000] {logging_mixin.py:190} INFO - [2024-10-16T11:43:19.714+0000] {dagbag.py:588} INFO - Filling up the DagBag from /home/airflow/.local/lib/python3.12/site-packages/airflow/example_dags/tutorial.py
[2024-10-16T11:43:19.723+0000] {processor.py:925} INFO - DAG(s) 'tutorial' retrieved from /home/airflow/.local/lib/python3.12/site-packages/airflow/example_dags/tutorial.py
[2024-10-16T11:43:19.745+0000] {logging_mixin.py:190} INFO - [2024-10-16T11:43:19.745+0000] {dag.py:3239} INFO - Sync 1 DAGs
[2024-10-16T11:43:19.774+0000] {logging_mixin.py:190} INFO - [2024-10-16T11:43:19.774+0000] {dag.py:4180} INFO - Setting next_dagrun for tutorial to 2024-10-15 00:00:00+00:00, run_after=2024-10-16 00:00:00+00:00
[2024-10-16T11:43:19.794+0000] {processor.py:208} INFO - Processing /home/airflow/.local/lib/python3.12/site-packages/airflow/example_dags/tutorial.py took 0.088 seconds
[2024-10-16T11:43:50.271+0000] {processor.py:186} INFO - Started process (PID=127310) to work on /home/airflow/.local/lib/python3.12/site-packages/airflow/example_dags/tutorial.py
[2024-10-16T11:43:50.272+0000] {processor.py:914} INFO - Processing file /home/airflow/.local/lib/python3.12/site-packages/airflow/example_dags/tutorial.py for tasks to queue
[2024-10-16T11:43:50.274+0000] {logging_mixin.py:190} INFO - [2024-10-16T11:43:50.273+0000] {dagbag.py:588} INFO - Filling up the DagBag from /home/airflow/.local/lib/python3.12/site-packages/airflow/example_dags/tutorial.py
[2024-10-16T11:43:50.284+0000] {processor.py:925} INFO - DAG(s) 'tutorial' retrieved from /home/airflow/.local/lib/python3.12/site-packages/airflow/example_dags/tutorial.py
[2024-10-16T11:43:50.305+0000] {logging_mixin.py:190} INFO - [2024-10-16T11:43:50.305+0000] {dag.py:3239} INFO - Sync 1 DAGs
[2024-10-16T11:43:50.332+0000] {logging_mixin.py:190} INFO - [2024-10-16T11:43:50.332+0000] {dag.py:4180} INFO - Setting next_dagrun for tutorial to 2024-10-15 00:00:00+00:00, run_after=2024-10-16 00:00:00+00:00
[2024-10-16T11:43:50.355+0000] {processor.py:208} INFO - Processing /home/airflow/.local/lib/python3.12/site-packages/airflow/example_dags/tutorial.py took 0.090 seconds
[2024-10-16T11:44:21.629+0000] {processor.py:186} INFO - Started process (PID=127374) to work on /home/airflow/.local/lib/python3.12/site-packages/airflow/example_dags/tutorial.py
[2024-10-16T11:44:21.630+0000] {processor.py:914} INFO - Processing file /home/airflow/.local/lib/python3.12/site-packages/airflow/example_dags/tutorial.py for tasks to queue
[2024-10-16T11:44:21.632+0000] {logging_mixin.py:190} INFO - [2024-10-16T11:44:21.631+0000] {dagbag.py:588} INFO - Filling up the DagBag from /home/airflow/.local/lib/python3.12/site-packages/airflow/example_dags/tutorial.py
[2024-10-16T11:44:21.641+0000] {processor.py:925} INFO - DAG(s) 'tutorial' retrieved from /home/airflow/.local/lib/python3.12/site-packages/airflow/example_dags/tutorial.py
[2024-10-16T11:44:21.663+0000] {logging_mixin.py:190} INFO - [2024-10-16T11:44:21.663+0000] {dag.py:3239} INFO - Sync 1 DAGs
[2024-10-16T11:44:21.688+0000] {logging_mixin.py:190} INFO - [2024-10-16T11:44:21.688+0000] {dag.py:4180} INFO - Setting next_dagrun for tutorial to 2024-10-15 00:00:00+00:00, run_after=2024-10-16 00:00:00+00:00
[2024-10-16T11:44:21.710+0000] {processor.py:208} INFO - Processing /home/airflow/.local/lib/python3.12/site-packages/airflow/example_dags/tutorial.py took 0.088 seconds
[2024-10-16T11:44:52.112+0000] {processor.py:186} INFO - Started process (PID=127437) to work on /home/airflow/.local/lib/python3.12/site-packages/airflow/example_dags/tutorial.py
[2024-10-16T11:44:52.113+0000] {processor.py:914} INFO - Processing file /home/airflow/.local/lib/python3.12/site-packages/airflow/example_dags/tutorial.py for tasks to queue
[2024-10-16T11:44:52.114+0000] {logging_mixin.py:190} INFO - [2024-10-16T11:44:52.114+0000] {dagbag.py:588} INFO - Filling up the DagBag from /home/airflow/.local/lib/python3.12/site-packages/airflow/example_dags/tutorial.py
[2024-10-16T11:44:52.124+0000] {processor.py:925} INFO - DAG(s) 'tutorial' retrieved from /home/airflow/.local/lib/python3.12/site-packages/airflow/example_dags/tutorial.py
[2024-10-16T11:44:52.145+0000] {logging_mixin.py:190} INFO - [2024-10-16T11:44:52.145+0000] {dag.py:3239} INFO - Sync 1 DAGs
[2024-10-16T11:44:52.178+0000] {logging_mixin.py:190} INFO - [2024-10-16T11:44:52.177+0000] {dag.py:4180} INFO - Setting next_dagrun for tutorial to 2024-10-15 00:00:00+00:00, run_after=2024-10-16 00:00:00+00:00
[2024-10-16T11:44:52.199+0000] {processor.py:208} INFO - Processing /home/airflow/.local/lib/python3.12/site-packages/airflow/example_dags/tutorial.py took 0.094 seconds
[2024-10-16T11:45:23.786+0000] {processor.py:186} INFO - Started process (PID=127500) to work on /home/airflow/.local/lib/python3.12/site-packages/airflow/example_dags/tutorial.py
[2024-10-16T11:45:23.787+0000] {processor.py:914} INFO - Processing file /home/airflow/.local/lib/python3.12/site-packages/airflow/example_dags/tutorial.py for tasks to queue
[2024-10-16T11:45:23.789+0000] {logging_mixin.py:190} INFO - [2024-10-16T11:45:23.789+0000] {dagbag.py:588} INFO - Filling up the DagBag from /home/airflow/.local/lib/python3.12/site-packages/airflow/example_dags/tutorial.py
[2024-10-16T11:45:23.800+0000] {processor.py:925} INFO - DAG(s) 'tutorial' retrieved from /home/airflow/.local/lib/python3.12/site-packages/airflow/example_dags/tutorial.py
[2024-10-16T11:45:23.826+0000] {logging_mixin.py:190} INFO - [2024-10-16T11:45:23.825+0000] {dag.py:3239} INFO - Sync 1 DAGs
[2024-10-16T11:45:23.857+0000] {logging_mixin.py:190} INFO - [2024-10-16T11:45:23.857+0000] {dag.py:4180} INFO - Setting next_dagrun for tutorial to 2024-10-15 00:00:00+00:00, run_after=2024-10-16 00:00:00+00:00
[2024-10-16T11:45:23.886+0000] {processor.py:208} INFO - Processing /home/airflow/.local/lib/python3.12/site-packages/airflow/example_dags/tutorial.py took 0.106 seconds
[2024-10-16T11:45:56.138+0000] {processor.py:186} INFO - Started process (PID=127564) to work on /home/airflow/.local/lib/python3.12/site-packages/airflow/example_dags/tutorial.py
[2024-10-16T11:45:56.139+0000] {processor.py:914} INFO - Processing file /home/airflow/.local/lib/python3.12/site-packages/airflow/example_dags/tutorial.py for tasks to queue
[2024-10-16T11:45:56.142+0000] {logging_mixin.py:190} INFO - [2024-10-16T11:45:56.141+0000] {dagbag.py:588} INFO - Filling up the DagBag from /home/airflow/.local/lib/python3.12/site-packages/airflow/example_dags/tutorial.py
[2024-10-16T11:45:56.157+0000] {processor.py:925} INFO - DAG(s) 'tutorial' retrieved from /home/airflow/.local/lib/python3.12/site-packages/airflow/example_dags/tutorial.py
[2024-10-16T11:45:56.193+0000] {logging_mixin.py:190} INFO - [2024-10-16T11:45:56.192+0000] {dag.py:3239} INFO - Sync 1 DAGs
[2024-10-16T11:45:56.231+0000] {logging_mixin.py:190} INFO - [2024-10-16T11:45:56.231+0000] {dag.py:4180} INFO - Setting next_dagrun for tutorial to 2024-10-15 00:00:00+00:00, run_after=2024-10-16 00:00:00+00:00
[2024-10-16T11:45:56.257+0000] {processor.py:208} INFO - Processing /home/airflow/.local/lib/python3.12/site-packages/airflow/example_dags/tutorial.py took 0.128 seconds
