[2024-10-16T11:29:46.299+0000] {processor.py:186} INFO - Started process (PID=125563) to work on /home/airflow/.local/lib/python3.12/site-packages/airflow/example_dags/tutorial_dag.py
[2024-10-16T11:29:46.320+0000] {processor.py:914} INFO - Processing file /home/airflow/.local/lib/python3.12/site-packages/airflow/example_dags/tutorial_dag.py for tasks to queue
[2024-10-16T11:29:46.400+0000] {logging_mixin.py:190} INFO - [2024-10-16T11:29:46.386+0000] {dagbag.py:588} INFO - Filling up the DagBag from /home/airflow/.local/lib/python3.12/site-packages/airflow/example_dags/tutorial_dag.py
[2024-10-16T11:29:46.473+0000] {processor.py:925} INFO - DAG(s) 'tutorial_dag' retrieved from /home/airflow/.local/lib/python3.12/site-packages/airflow/example_dags/tutorial_dag.py
[2024-10-16T11:29:46.764+0000] {logging_mixin.py:190} INFO - [2024-10-16T11:29:46.764+0000] {dag.py:3239} INFO - Sync 1 DAGs
[2024-10-16T11:29:46.911+0000] {logging_mixin.py:190} INFO - [2024-10-16T11:29:46.910+0000] {dag.py:4180} INFO - Setting next_dagrun for tutorial_dag to None, run_after=None
[2024-10-16T11:29:47.079+0000] {processor.py:208} INFO - Processing /home/airflow/.local/lib/python3.12/site-packages/airflow/example_dags/tutorial_dag.py took 0.933 seconds
[2024-10-16T11:30:17.429+0000] {processor.py:186} INFO - Started process (PID=125627) to work on /home/airflow/.local/lib/python3.12/site-packages/airflow/example_dags/tutorial_dag.py
[2024-10-16T11:30:17.440+0000] {processor.py:914} INFO - Processing file /home/airflow/.local/lib/python3.12/site-packages/airflow/example_dags/tutorial_dag.py for tasks to queue
[2024-10-16T11:30:17.442+0000] {logging_mixin.py:190} INFO - [2024-10-16T11:30:17.442+0000] {dagbag.py:588} INFO - Filling up the DagBag from /home/airflow/.local/lib/python3.12/site-packages/airflow/example_dags/tutorial_dag.py
[2024-10-16T11:30:17.457+0000] {processor.py:925} INFO - DAG(s) 'tutorial_dag' retrieved from /home/airflow/.local/lib/python3.12/site-packages/airflow/example_dags/tutorial_dag.py
[2024-10-16T11:30:17.502+0000] {logging_mixin.py:190} INFO - [2024-10-16T11:30:17.501+0000] {dag.py:3239} INFO - Sync 1 DAGs
[2024-10-16T11:30:17.555+0000] {logging_mixin.py:190} INFO - [2024-10-16T11:30:17.555+0000] {dag.py:4180} INFO - Setting next_dagrun for tutorial_dag to None, run_after=None
[2024-10-16T11:30:17.576+0000] {processor.py:208} INFO - Processing /home/airflow/.local/lib/python3.12/site-packages/airflow/example_dags/tutorial_dag.py took 0.157 seconds
[2024-10-16T11:30:47.911+0000] {processor.py:186} INFO - Started process (PID=125690) to work on /home/airflow/.local/lib/python3.12/site-packages/airflow/example_dags/tutorial_dag.py
[2024-10-16T11:30:47.912+0000] {processor.py:914} INFO - Processing file /home/airflow/.local/lib/python3.12/site-packages/airflow/example_dags/tutorial_dag.py for tasks to queue
[2024-10-16T11:30:47.913+0000] {logging_mixin.py:190} INFO - [2024-10-16T11:30:47.913+0000] {dagbag.py:588} INFO - Filling up the DagBag from /home/airflow/.local/lib/python3.12/site-packages/airflow/example_dags/tutorial_dag.py
[2024-10-16T11:30:47.920+0000] {processor.py:925} INFO - DAG(s) 'tutorial_dag' retrieved from /home/airflow/.local/lib/python3.12/site-packages/airflow/example_dags/tutorial_dag.py
[2024-10-16T11:30:47.939+0000] {logging_mixin.py:190} INFO - [2024-10-16T11:30:47.939+0000] {dag.py:3239} INFO - Sync 1 DAGs
[2024-10-16T11:30:47.954+0000] {logging_mixin.py:190} INFO - [2024-10-16T11:30:47.954+0000] {dag.py:4180} INFO - Setting next_dagrun for tutorial_dag to None, run_after=None
[2024-10-16T11:30:47.975+0000] {processor.py:208} INFO - Processing /home/airflow/.local/lib/python3.12/site-packages/airflow/example_dags/tutorial_dag.py took 0.070 seconds
[2024-10-16T11:31:18.680+0000] {processor.py:186} INFO - Started process (PID=125753) to work on /home/airflow/.local/lib/python3.12/site-packages/airflow/example_dags/tutorial_dag.py
[2024-10-16T11:31:18.681+0000] {processor.py:914} INFO - Processing file /home/airflow/.local/lib/python3.12/site-packages/airflow/example_dags/tutorial_dag.py for tasks to queue
[2024-10-16T11:31:18.683+0000] {logging_mixin.py:190} INFO - [2024-10-16T11:31:18.682+0000] {dagbag.py:588} INFO - Filling up the DagBag from /home/airflow/.local/lib/python3.12/site-packages/airflow/example_dags/tutorial_dag.py
[2024-10-16T11:31:18.691+0000] {processor.py:925} INFO - DAG(s) 'tutorial_dag' retrieved from /home/airflow/.local/lib/python3.12/site-packages/airflow/example_dags/tutorial_dag.py
[2024-10-16T11:31:18.714+0000] {logging_mixin.py:190} INFO - [2024-10-16T11:31:18.714+0000] {dag.py:3239} INFO - Sync 1 DAGs
[2024-10-16T11:31:18.733+0000] {logging_mixin.py:190} INFO - [2024-10-16T11:31:18.733+0000] {dag.py:4180} INFO - Setting next_dagrun for tutorial_dag to None, run_after=None
[2024-10-16T11:31:18.753+0000] {processor.py:208} INFO - Processing /home/airflow/.local/lib/python3.12/site-packages/airflow/example_dags/tutorial_dag.py took 0.080 seconds
[2024-10-16T11:31:48.793+0000] {processor.py:186} INFO - Started process (PID=125815) to work on /home/airflow/.local/lib/python3.12/site-packages/airflow/example_dags/tutorial_dag.py
[2024-10-16T11:31:48.793+0000] {processor.py:914} INFO - Processing file /home/airflow/.local/lib/python3.12/site-packages/airflow/example_dags/tutorial_dag.py for tasks to queue
[2024-10-16T11:31:48.795+0000] {logging_mixin.py:190} INFO - [2024-10-16T11:31:48.794+0000] {dagbag.py:588} INFO - Filling up the DagBag from /home/airflow/.local/lib/python3.12/site-packages/airflow/example_dags/tutorial_dag.py
[2024-10-16T11:31:48.802+0000] {processor.py:925} INFO - DAG(s) 'tutorial_dag' retrieved from /home/airflow/.local/lib/python3.12/site-packages/airflow/example_dags/tutorial_dag.py
[2024-10-16T11:31:48.819+0000] {logging_mixin.py:190} INFO - [2024-10-16T11:31:48.819+0000] {dag.py:3239} INFO - Sync 1 DAGs
[2024-10-16T11:31:48.833+0000] {logging_mixin.py:190} INFO - [2024-10-16T11:31:48.833+0000] {dag.py:4180} INFO - Setting next_dagrun for tutorial_dag to None, run_after=None
[2024-10-16T11:31:48.854+0000] {processor.py:208} INFO - Processing /home/airflow/.local/lib/python3.12/site-packages/airflow/example_dags/tutorial_dag.py took 0.067 seconds
[2024-10-16T11:32:19.749+0000] {processor.py:186} INFO - Started process (PID=125879) to work on /home/airflow/.local/lib/python3.12/site-packages/airflow/example_dags/tutorial_dag.py
[2024-10-16T11:32:19.749+0000] {processor.py:914} INFO - Processing file /home/airflow/.local/lib/python3.12/site-packages/airflow/example_dags/tutorial_dag.py for tasks to queue
[2024-10-16T11:32:19.751+0000] {logging_mixin.py:190} INFO - [2024-10-16T11:32:19.750+0000] {dagbag.py:588} INFO - Filling up the DagBag from /home/airflow/.local/lib/python3.12/site-packages/airflow/example_dags/tutorial_dag.py
[2024-10-16T11:32:19.757+0000] {processor.py:925} INFO - DAG(s) 'tutorial_dag' retrieved from /home/airflow/.local/lib/python3.12/site-packages/airflow/example_dags/tutorial_dag.py
[2024-10-16T11:32:19.774+0000] {logging_mixin.py:190} INFO - [2024-10-16T11:32:19.774+0000] {dag.py:3239} INFO - Sync 1 DAGs
[2024-10-16T11:32:19.787+0000] {logging_mixin.py:190} INFO - [2024-10-16T11:32:19.787+0000] {dag.py:4180} INFO - Setting next_dagrun for tutorial_dag to None, run_after=None
[2024-10-16T11:32:19.807+0000] {processor.py:208} INFO - Processing /home/airflow/.local/lib/python3.12/site-packages/airflow/example_dags/tutorial_dag.py took 0.064 seconds
[2024-10-16T11:32:50.211+0000] {processor.py:186} INFO - Started process (PID=125942) to work on /home/airflow/.local/lib/python3.12/site-packages/airflow/example_dags/tutorial_dag.py
[2024-10-16T11:32:50.212+0000] {processor.py:914} INFO - Processing file /home/airflow/.local/lib/python3.12/site-packages/airflow/example_dags/tutorial_dag.py for tasks to queue
[2024-10-16T11:32:50.213+0000] {logging_mixin.py:190} INFO - [2024-10-16T11:32:50.212+0000] {dagbag.py:588} INFO - Filling up the DagBag from /home/airflow/.local/lib/python3.12/site-packages/airflow/example_dags/tutorial_dag.py
[2024-10-16T11:32:50.219+0000] {processor.py:925} INFO - DAG(s) 'tutorial_dag' retrieved from /home/airflow/.local/lib/python3.12/site-packages/airflow/example_dags/tutorial_dag.py
[2024-10-16T11:32:50.238+0000] {logging_mixin.py:190} INFO - [2024-10-16T11:32:50.238+0000] {dag.py:3239} INFO - Sync 1 DAGs
[2024-10-16T11:32:50.252+0000] {logging_mixin.py:190} INFO - [2024-10-16T11:32:50.252+0000] {dag.py:4180} INFO - Setting next_dagrun for tutorial_dag to None, run_after=None
[2024-10-16T11:32:50.271+0000] {processor.py:208} INFO - Processing /home/airflow/.local/lib/python3.12/site-packages/airflow/example_dags/tutorial_dag.py took 0.065 seconds
[2024-10-16T11:33:20.435+0000] {processor.py:186} INFO - Started process (PID=126005) to work on /home/airflow/.local/lib/python3.12/site-packages/airflow/example_dags/tutorial_dag.py
[2024-10-16T11:33:20.436+0000] {processor.py:914} INFO - Processing file /home/airflow/.local/lib/python3.12/site-packages/airflow/example_dags/tutorial_dag.py for tasks to queue
[2024-10-16T11:33:20.438+0000] {logging_mixin.py:190} INFO - [2024-10-16T11:33:20.437+0000] {dagbag.py:588} INFO - Filling up the DagBag from /home/airflow/.local/lib/python3.12/site-packages/airflow/example_dags/tutorial_dag.py
[2024-10-16T11:33:20.451+0000] {processor.py:925} INFO - DAG(s) 'tutorial_dag' retrieved from /home/airflow/.local/lib/python3.12/site-packages/airflow/example_dags/tutorial_dag.py
[2024-10-16T11:33:20.479+0000] {logging_mixin.py:190} INFO - [2024-10-16T11:33:20.479+0000] {dag.py:3239} INFO - Sync 1 DAGs
[2024-10-16T11:33:20.498+0000] {logging_mixin.py:190} INFO - [2024-10-16T11:33:20.497+0000] {dag.py:4180} INFO - Setting next_dagrun for tutorial_dag to None, run_after=None
[2024-10-16T11:33:20.522+0000] {processor.py:208} INFO - Processing /home/airflow/.local/lib/python3.12/site-packages/airflow/example_dags/tutorial_dag.py took 0.094 seconds
[2024-10-16T11:33:51.468+0000] {processor.py:186} INFO - Started process (PID=126068) to work on /home/airflow/.local/lib/python3.12/site-packages/airflow/example_dags/tutorial_dag.py
[2024-10-16T11:33:51.469+0000] {processor.py:914} INFO - Processing file /home/airflow/.local/lib/python3.12/site-packages/airflow/example_dags/tutorial_dag.py for tasks to queue
[2024-10-16T11:33:51.472+0000] {logging_mixin.py:190} INFO - [2024-10-16T11:33:51.471+0000] {dagbag.py:588} INFO - Filling up the DagBag from /home/airflow/.local/lib/python3.12/site-packages/airflow/example_dags/tutorial_dag.py
[2024-10-16T11:33:51.487+0000] {processor.py:925} INFO - DAG(s) 'tutorial_dag' retrieved from /home/airflow/.local/lib/python3.12/site-packages/airflow/example_dags/tutorial_dag.py
[2024-10-16T11:33:51.524+0000] {logging_mixin.py:190} INFO - [2024-10-16T11:33:51.523+0000] {dag.py:3239} INFO - Sync 1 DAGs
[2024-10-16T11:33:51.554+0000] {logging_mixin.py:190} INFO - [2024-10-16T11:33:51.554+0000] {dag.py:4180} INFO - Setting next_dagrun for tutorial_dag to None, run_after=None
[2024-10-16T11:33:51.591+0000] {processor.py:208} INFO - Processing /home/airflow/.local/lib/python3.12/site-packages/airflow/example_dags/tutorial_dag.py took 0.139 seconds
[2024-10-16T11:34:21.939+0000] {processor.py:186} INFO - Started process (PID=126132) to work on /home/airflow/.local/lib/python3.12/site-packages/airflow/example_dags/tutorial_dag.py
[2024-10-16T11:34:21.941+0000] {processor.py:914} INFO - Processing file /home/airflow/.local/lib/python3.12/site-packages/airflow/example_dags/tutorial_dag.py for tasks to queue
[2024-10-16T11:34:21.943+0000] {logging_mixin.py:190} INFO - [2024-10-16T11:34:21.942+0000] {dagbag.py:588} INFO - Filling up the DagBag from /home/airflow/.local/lib/python3.12/site-packages/airflow/example_dags/tutorial_dag.py
[2024-10-16T11:34:21.955+0000] {processor.py:925} INFO - DAG(s) 'tutorial_dag' retrieved from /home/airflow/.local/lib/python3.12/site-packages/airflow/example_dags/tutorial_dag.py
[2024-10-16T11:34:21.989+0000] {logging_mixin.py:190} INFO - [2024-10-16T11:34:21.989+0000] {dag.py:3239} INFO - Sync 1 DAGs
[2024-10-16T11:34:22.012+0000] {logging_mixin.py:190} INFO - [2024-10-16T11:34:22.012+0000] {dag.py:4180} INFO - Setting next_dagrun for tutorial_dag to None, run_after=None
[2024-10-16T11:34:22.040+0000] {processor.py:208} INFO - Processing /home/airflow/.local/lib/python3.12/site-packages/airflow/example_dags/tutorial_dag.py took 0.109 seconds
[2024-10-16T11:34:52.207+0000] {processor.py:186} INFO - Started process (PID=126195) to work on /home/airflow/.local/lib/python3.12/site-packages/airflow/example_dags/tutorial_dag.py
[2024-10-16T11:34:52.208+0000] {processor.py:914} INFO - Processing file /home/airflow/.local/lib/python3.12/site-packages/airflow/example_dags/tutorial_dag.py for tasks to queue
[2024-10-16T11:34:52.210+0000] {logging_mixin.py:190} INFO - [2024-10-16T11:34:52.210+0000] {dagbag.py:588} INFO - Filling up the DagBag from /home/airflow/.local/lib/python3.12/site-packages/airflow/example_dags/tutorial_dag.py
[2024-10-16T11:34:52.218+0000] {processor.py:925} INFO - DAG(s) 'tutorial_dag' retrieved from /home/airflow/.local/lib/python3.12/site-packages/airflow/example_dags/tutorial_dag.py
[2024-10-16T11:34:52.238+0000] {logging_mixin.py:190} INFO - [2024-10-16T11:34:52.237+0000] {dag.py:3239} INFO - Sync 1 DAGs
[2024-10-16T11:34:52.252+0000] {logging_mixin.py:190} INFO - [2024-10-16T11:34:52.252+0000] {dag.py:4180} INFO - Setting next_dagrun for tutorial_dag to None, run_after=None
[2024-10-16T11:34:52.273+0000] {processor.py:208} INFO - Processing /home/airflow/.local/lib/python3.12/site-packages/airflow/example_dags/tutorial_dag.py took 0.072 seconds
[2024-10-16T11:35:22.964+0000] {processor.py:186} INFO - Started process (PID=126258) to work on /home/airflow/.local/lib/python3.12/site-packages/airflow/example_dags/tutorial_dag.py
[2024-10-16T11:35:22.965+0000] {processor.py:914} INFO - Processing file /home/airflow/.local/lib/python3.12/site-packages/airflow/example_dags/tutorial_dag.py for tasks to queue
[2024-10-16T11:35:22.967+0000] {logging_mixin.py:190} INFO - [2024-10-16T11:35:22.966+0000] {dagbag.py:588} INFO - Filling up the DagBag from /home/airflow/.local/lib/python3.12/site-packages/airflow/example_dags/tutorial_dag.py
[2024-10-16T11:35:22.973+0000] {processor.py:925} INFO - DAG(s) 'tutorial_dag' retrieved from /home/airflow/.local/lib/python3.12/site-packages/airflow/example_dags/tutorial_dag.py
[2024-10-16T11:35:22.991+0000] {logging_mixin.py:190} INFO - [2024-10-16T11:35:22.991+0000] {dag.py:3239} INFO - Sync 1 DAGs
[2024-10-16T11:35:23.006+0000] {logging_mixin.py:190} INFO - [2024-10-16T11:35:23.005+0000] {dag.py:4180} INFO - Setting next_dagrun for tutorial_dag to None, run_after=None
[2024-10-16T11:35:23.026+0000] {processor.py:208} INFO - Processing /home/airflow/.local/lib/python3.12/site-packages/airflow/example_dags/tutorial_dag.py took 0.067 seconds
[2024-10-16T11:35:53.479+0000] {processor.py:186} INFO - Started process (PID=126321) to work on /home/airflow/.local/lib/python3.12/site-packages/airflow/example_dags/tutorial_dag.py
[2024-10-16T11:35:53.480+0000] {processor.py:914} INFO - Processing file /home/airflow/.local/lib/python3.12/site-packages/airflow/example_dags/tutorial_dag.py for tasks to queue
[2024-10-16T11:35:53.481+0000] {logging_mixin.py:190} INFO - [2024-10-16T11:35:53.481+0000] {dagbag.py:588} INFO - Filling up the DagBag from /home/airflow/.local/lib/python3.12/site-packages/airflow/example_dags/tutorial_dag.py
[2024-10-16T11:35:53.490+0000] {processor.py:925} INFO - DAG(s) 'tutorial_dag' retrieved from /home/airflow/.local/lib/python3.12/site-packages/airflow/example_dags/tutorial_dag.py
[2024-10-16T11:35:53.513+0000] {logging_mixin.py:190} INFO - [2024-10-16T11:35:53.513+0000] {dag.py:3239} INFO - Sync 1 DAGs
[2024-10-16T11:35:53.531+0000] {logging_mixin.py:190} INFO - [2024-10-16T11:35:53.531+0000] {dag.py:4180} INFO - Setting next_dagrun for tutorial_dag to None, run_after=None
[2024-10-16T11:35:53.553+0000] {processor.py:208} INFO - Processing /home/airflow/.local/lib/python3.12/site-packages/airflow/example_dags/tutorial_dag.py took 0.084 seconds
[2024-10-16T11:36:24.176+0000] {processor.py:186} INFO - Started process (PID=126385) to work on /home/airflow/.local/lib/python3.12/site-packages/airflow/example_dags/tutorial_dag.py
[2024-10-16T11:36:24.177+0000] {processor.py:914} INFO - Processing file /home/airflow/.local/lib/python3.12/site-packages/airflow/example_dags/tutorial_dag.py for tasks to queue
[2024-10-16T11:36:24.178+0000] {logging_mixin.py:190} INFO - [2024-10-16T11:36:24.178+0000] {dagbag.py:588} INFO - Filling up the DagBag from /home/airflow/.local/lib/python3.12/site-packages/airflow/example_dags/tutorial_dag.py
[2024-10-16T11:36:24.186+0000] {processor.py:925} INFO - DAG(s) 'tutorial_dag' retrieved from /home/airflow/.local/lib/python3.12/site-packages/airflow/example_dags/tutorial_dag.py
[2024-10-16T11:36:24.203+0000] {logging_mixin.py:190} INFO - [2024-10-16T11:36:24.203+0000] {dag.py:3239} INFO - Sync 1 DAGs
[2024-10-16T11:36:24.218+0000] {logging_mixin.py:190} INFO - [2024-10-16T11:36:24.218+0000] {dag.py:4180} INFO - Setting next_dagrun for tutorial_dag to None, run_after=None
[2024-10-16T11:36:24.236+0000] {processor.py:208} INFO - Processing /home/airflow/.local/lib/python3.12/site-packages/airflow/example_dags/tutorial_dag.py took 0.065 seconds
[2024-10-16T11:36:54.585+0000] {processor.py:186} INFO - Started process (PID=126448) to work on /home/airflow/.local/lib/python3.12/site-packages/airflow/example_dags/tutorial_dag.py
[2024-10-16T11:36:54.586+0000] {processor.py:914} INFO - Processing file /home/airflow/.local/lib/python3.12/site-packages/airflow/example_dags/tutorial_dag.py for tasks to queue
[2024-10-16T11:36:54.588+0000] {logging_mixin.py:190} INFO - [2024-10-16T11:36:54.587+0000] {dagbag.py:588} INFO - Filling up the DagBag from /home/airflow/.local/lib/python3.12/site-packages/airflow/example_dags/tutorial_dag.py
[2024-10-16T11:36:54.594+0000] {processor.py:925} INFO - DAG(s) 'tutorial_dag' retrieved from /home/airflow/.local/lib/python3.12/site-packages/airflow/example_dags/tutorial_dag.py
[2024-10-16T11:36:54.613+0000] {logging_mixin.py:190} INFO - [2024-10-16T11:36:54.613+0000] {dag.py:3239} INFO - Sync 1 DAGs
[2024-10-16T11:36:54.628+0000] {logging_mixin.py:190} INFO - [2024-10-16T11:36:54.627+0000] {dag.py:4180} INFO - Setting next_dagrun for tutorial_dag to None, run_after=None
[2024-10-16T11:36:54.647+0000] {processor.py:208} INFO - Processing /home/airflow/.local/lib/python3.12/site-packages/airflow/example_dags/tutorial_dag.py took 0.067 seconds
[2024-10-16T11:37:25.053+0000] {processor.py:186} INFO - Started process (PID=126511) to work on /home/airflow/.local/lib/python3.12/site-packages/airflow/example_dags/tutorial_dag.py
[2024-10-16T11:37:25.054+0000] {processor.py:914} INFO - Processing file /home/airflow/.local/lib/python3.12/site-packages/airflow/example_dags/tutorial_dag.py for tasks to queue
[2024-10-16T11:37:25.055+0000] {logging_mixin.py:190} INFO - [2024-10-16T11:37:25.055+0000] {dagbag.py:588} INFO - Filling up the DagBag from /home/airflow/.local/lib/python3.12/site-packages/airflow/example_dags/tutorial_dag.py
[2024-10-16T11:37:25.063+0000] {processor.py:925} INFO - DAG(s) 'tutorial_dag' retrieved from /home/airflow/.local/lib/python3.12/site-packages/airflow/example_dags/tutorial_dag.py
[2024-10-16T11:37:25.082+0000] {logging_mixin.py:190} INFO - [2024-10-16T11:37:25.082+0000] {dag.py:3239} INFO - Sync 1 DAGs
[2024-10-16T11:37:25.098+0000] {logging_mixin.py:190} INFO - [2024-10-16T11:37:25.098+0000] {dag.py:4180} INFO - Setting next_dagrun for tutorial_dag to None, run_after=None
[2024-10-16T11:37:25.123+0000] {processor.py:208} INFO - Processing /home/airflow/.local/lib/python3.12/site-packages/airflow/example_dags/tutorial_dag.py took 0.076 seconds
[2024-10-16T11:37:55.918+0000] {processor.py:186} INFO - Started process (PID=126574) to work on /home/airflow/.local/lib/python3.12/site-packages/airflow/example_dags/tutorial_dag.py
[2024-10-16T11:37:55.920+0000] {processor.py:914} INFO - Processing file /home/airflow/.local/lib/python3.12/site-packages/airflow/example_dags/tutorial_dag.py for tasks to queue
[2024-10-16T11:37:55.923+0000] {logging_mixin.py:190} INFO - [2024-10-16T11:37:55.923+0000] {dagbag.py:588} INFO - Filling up the DagBag from /home/airflow/.local/lib/python3.12/site-packages/airflow/example_dags/tutorial_dag.py
[2024-10-16T11:37:55.933+0000] {processor.py:925} INFO - DAG(s) 'tutorial_dag' retrieved from /home/airflow/.local/lib/python3.12/site-packages/airflow/example_dags/tutorial_dag.py
[2024-10-16T11:37:55.960+0000] {logging_mixin.py:190} INFO - [2024-10-16T11:37:55.960+0000] {dag.py:3239} INFO - Sync 1 DAGs
[2024-10-16T11:37:55.975+0000] {logging_mixin.py:190} INFO - [2024-10-16T11:37:55.974+0000] {dag.py:4180} INFO - Setting next_dagrun for tutorial_dag to None, run_after=None
[2024-10-16T11:37:55.992+0000] {processor.py:208} INFO - Processing /home/airflow/.local/lib/python3.12/site-packages/airflow/example_dags/tutorial_dag.py took 0.079 seconds
[2024-10-16T11:38:26.572+0000] {processor.py:186} INFO - Started process (PID=126638) to work on /home/airflow/.local/lib/python3.12/site-packages/airflow/example_dags/tutorial_dag.py
[2024-10-16T11:38:26.573+0000] {processor.py:914} INFO - Processing file /home/airflow/.local/lib/python3.12/site-packages/airflow/example_dags/tutorial_dag.py for tasks to queue
[2024-10-16T11:38:26.575+0000] {logging_mixin.py:190} INFO - [2024-10-16T11:38:26.575+0000] {dagbag.py:588} INFO - Filling up the DagBag from /home/airflow/.local/lib/python3.12/site-packages/airflow/example_dags/tutorial_dag.py
[2024-10-16T11:38:26.583+0000] {processor.py:925} INFO - DAG(s) 'tutorial_dag' retrieved from /home/airflow/.local/lib/python3.12/site-packages/airflow/example_dags/tutorial_dag.py
[2024-10-16T11:38:26.605+0000] {logging_mixin.py:190} INFO - [2024-10-16T11:38:26.605+0000] {dag.py:3239} INFO - Sync 1 DAGs
[2024-10-16T11:38:26.621+0000] {logging_mixin.py:190} INFO - [2024-10-16T11:38:26.621+0000] {dag.py:4180} INFO - Setting next_dagrun for tutorial_dag to None, run_after=None
[2024-10-16T11:38:26.642+0000] {processor.py:208} INFO - Processing /home/airflow/.local/lib/python3.12/site-packages/airflow/example_dags/tutorial_dag.py took 0.076 seconds
[2024-10-16T11:38:56.839+0000] {processor.py:186} INFO - Started process (PID=126700) to work on /home/airflow/.local/lib/python3.12/site-packages/airflow/example_dags/tutorial_dag.py
[2024-10-16T11:38:56.840+0000] {processor.py:914} INFO - Processing file /home/airflow/.local/lib/python3.12/site-packages/airflow/example_dags/tutorial_dag.py for tasks to queue
[2024-10-16T11:38:56.842+0000] {logging_mixin.py:190} INFO - [2024-10-16T11:38:56.841+0000] {dagbag.py:588} INFO - Filling up the DagBag from /home/airflow/.local/lib/python3.12/site-packages/airflow/example_dags/tutorial_dag.py
[2024-10-16T11:38:56.851+0000] {processor.py:925} INFO - DAG(s) 'tutorial_dag' retrieved from /home/airflow/.local/lib/python3.12/site-packages/airflow/example_dags/tutorial_dag.py
[2024-10-16T11:38:56.874+0000] {logging_mixin.py:190} INFO - [2024-10-16T11:38:56.873+0000] {dag.py:3239} INFO - Sync 1 DAGs
[2024-10-16T11:38:56.892+0000] {logging_mixin.py:190} INFO - [2024-10-16T11:38:56.892+0000] {dag.py:4180} INFO - Setting next_dagrun for tutorial_dag to None, run_after=None
[2024-10-16T11:38:56.912+0000] {processor.py:208} INFO - Processing /home/airflow/.local/lib/python3.12/site-packages/airflow/example_dags/tutorial_dag.py took 0.081 seconds
[2024-10-16T11:39:27.711+0000] {processor.py:186} INFO - Started process (PID=126763) to work on /home/airflow/.local/lib/python3.12/site-packages/airflow/example_dags/tutorial_dag.py
[2024-10-16T11:39:27.712+0000] {processor.py:914} INFO - Processing file /home/airflow/.local/lib/python3.12/site-packages/airflow/example_dags/tutorial_dag.py for tasks to queue
[2024-10-16T11:39:27.714+0000] {logging_mixin.py:190} INFO - [2024-10-16T11:39:27.713+0000] {dagbag.py:588} INFO - Filling up the DagBag from /home/airflow/.local/lib/python3.12/site-packages/airflow/example_dags/tutorial_dag.py
[2024-10-16T11:39:27.723+0000] {processor.py:925} INFO - DAG(s) 'tutorial_dag' retrieved from /home/airflow/.local/lib/python3.12/site-packages/airflow/example_dags/tutorial_dag.py
[2024-10-16T11:39:27.745+0000] {logging_mixin.py:190} INFO - [2024-10-16T11:39:27.744+0000] {dag.py:3239} INFO - Sync 1 DAGs
[2024-10-16T11:39:27.763+0000] {logging_mixin.py:190} INFO - [2024-10-16T11:39:27.762+0000] {dag.py:4180} INFO - Setting next_dagrun for tutorial_dag to None, run_after=None
[2024-10-16T11:39:27.785+0000] {processor.py:208} INFO - Processing /home/airflow/.local/lib/python3.12/site-packages/airflow/example_dags/tutorial_dag.py took 0.080 seconds
[2024-10-16T11:39:58.490+0000] {processor.py:186} INFO - Started process (PID=126826) to work on /home/airflow/.local/lib/python3.12/site-packages/airflow/example_dags/tutorial_dag.py
[2024-10-16T11:39:58.491+0000] {processor.py:914} INFO - Processing file /home/airflow/.local/lib/python3.12/site-packages/airflow/example_dags/tutorial_dag.py for tasks to queue
[2024-10-16T11:39:58.493+0000] {logging_mixin.py:190} INFO - [2024-10-16T11:39:58.492+0000] {dagbag.py:588} INFO - Filling up the DagBag from /home/airflow/.local/lib/python3.12/site-packages/airflow/example_dags/tutorial_dag.py
[2024-10-16T11:39:58.501+0000] {processor.py:925} INFO - DAG(s) 'tutorial_dag' retrieved from /home/airflow/.local/lib/python3.12/site-packages/airflow/example_dags/tutorial_dag.py
[2024-10-16T11:39:58.521+0000] {logging_mixin.py:190} INFO - [2024-10-16T11:39:58.521+0000] {dag.py:3239} INFO - Sync 1 DAGs
[2024-10-16T11:39:58.538+0000] {logging_mixin.py:190} INFO - [2024-10-16T11:39:58.537+0000] {dag.py:4180} INFO - Setting next_dagrun for tutorial_dag to None, run_after=None
[2024-10-16T11:39:58.567+0000] {processor.py:208} INFO - Processing /home/airflow/.local/lib/python3.12/site-packages/airflow/example_dags/tutorial_dag.py took 0.083 seconds
[2024-10-16T11:40:29.547+0000] {processor.py:186} INFO - Started process (PID=126888) to work on /home/airflow/.local/lib/python3.12/site-packages/airflow/example_dags/tutorial_dag.py
[2024-10-16T11:40:29.548+0000] {processor.py:914} INFO - Processing file /home/airflow/.local/lib/python3.12/site-packages/airflow/example_dags/tutorial_dag.py for tasks to queue
[2024-10-16T11:40:29.549+0000] {logging_mixin.py:190} INFO - [2024-10-16T11:40:29.549+0000] {dagbag.py:588} INFO - Filling up the DagBag from /home/airflow/.local/lib/python3.12/site-packages/airflow/example_dags/tutorial_dag.py
[2024-10-16T11:40:29.557+0000] {processor.py:925} INFO - DAG(s) 'tutorial_dag' retrieved from /home/airflow/.local/lib/python3.12/site-packages/airflow/example_dags/tutorial_dag.py
[2024-10-16T11:40:29.580+0000] {logging_mixin.py:190} INFO - [2024-10-16T11:40:29.579+0000] {dag.py:3239} INFO - Sync 1 DAGs
[2024-10-16T11:40:29.596+0000] {logging_mixin.py:190} INFO - [2024-10-16T11:40:29.596+0000] {dag.py:4180} INFO - Setting next_dagrun for tutorial_dag to None, run_after=None
[2024-10-16T11:40:29.615+0000] {processor.py:208} INFO - Processing /home/airflow/.local/lib/python3.12/site-packages/airflow/example_dags/tutorial_dag.py took 0.075 seconds
[2024-10-16T11:40:59.804+0000] {processor.py:186} INFO - Started process (PID=126951) to work on /home/airflow/.local/lib/python3.12/site-packages/airflow/example_dags/tutorial_dag.py
[2024-10-16T11:40:59.805+0000] {processor.py:914} INFO - Processing file /home/airflow/.local/lib/python3.12/site-packages/airflow/example_dags/tutorial_dag.py for tasks to queue
[2024-10-16T11:40:59.807+0000] {logging_mixin.py:190} INFO - [2024-10-16T11:40:59.807+0000] {dagbag.py:588} INFO - Filling up the DagBag from /home/airflow/.local/lib/python3.12/site-packages/airflow/example_dags/tutorial_dag.py
[2024-10-16T11:40:59.815+0000] {processor.py:925} INFO - DAG(s) 'tutorial_dag' retrieved from /home/airflow/.local/lib/python3.12/site-packages/airflow/example_dags/tutorial_dag.py
[2024-10-16T11:40:59.835+0000] {logging_mixin.py:190} INFO - [2024-10-16T11:40:59.835+0000] {dag.py:3239} INFO - Sync 1 DAGs
[2024-10-16T11:40:59.852+0000] {logging_mixin.py:190} INFO - [2024-10-16T11:40:59.852+0000] {dag.py:4180} INFO - Setting next_dagrun for tutorial_dag to None, run_after=None
[2024-10-16T11:40:59.873+0000] {processor.py:208} INFO - Processing /home/airflow/.local/lib/python3.12/site-packages/airflow/example_dags/tutorial_dag.py took 0.075 seconds
[2024-10-16T11:41:30.217+0000] {processor.py:186} INFO - Started process (PID=127014) to work on /home/airflow/.local/lib/python3.12/site-packages/airflow/example_dags/tutorial_dag.py
[2024-10-16T11:41:30.218+0000] {processor.py:914} INFO - Processing file /home/airflow/.local/lib/python3.12/site-packages/airflow/example_dags/tutorial_dag.py for tasks to queue
[2024-10-16T11:41:30.219+0000] {logging_mixin.py:190} INFO - [2024-10-16T11:41:30.219+0000] {dagbag.py:588} INFO - Filling up the DagBag from /home/airflow/.local/lib/python3.12/site-packages/airflow/example_dags/tutorial_dag.py
[2024-10-16T11:41:30.228+0000] {processor.py:925} INFO - DAG(s) 'tutorial_dag' retrieved from /home/airflow/.local/lib/python3.12/site-packages/airflow/example_dags/tutorial_dag.py
[2024-10-16T11:41:30.248+0000] {logging_mixin.py:190} INFO - [2024-10-16T11:41:30.247+0000] {dag.py:3239} INFO - Sync 1 DAGs
[2024-10-16T11:41:30.263+0000] {logging_mixin.py:190} INFO - [2024-10-16T11:41:30.263+0000] {dag.py:4180} INFO - Setting next_dagrun for tutorial_dag to None, run_after=None
[2024-10-16T11:41:30.286+0000] {processor.py:208} INFO - Processing /home/airflow/.local/lib/python3.12/site-packages/airflow/example_dags/tutorial_dag.py took 0.076 seconds
[2024-10-16T11:42:01.028+0000] {processor.py:186} INFO - Started process (PID=127077) to work on /home/airflow/.local/lib/python3.12/site-packages/airflow/example_dags/tutorial_dag.py
[2024-10-16T11:42:01.030+0000] {processor.py:914} INFO - Processing file /home/airflow/.local/lib/python3.12/site-packages/airflow/example_dags/tutorial_dag.py for tasks to queue
[2024-10-16T11:42:01.031+0000] {logging_mixin.py:190} INFO - [2024-10-16T11:42:01.031+0000] {dagbag.py:588} INFO - Filling up the DagBag from /home/airflow/.local/lib/python3.12/site-packages/airflow/example_dags/tutorial_dag.py
[2024-10-16T11:42:01.039+0000] {processor.py:925} INFO - DAG(s) 'tutorial_dag' retrieved from /home/airflow/.local/lib/python3.12/site-packages/airflow/example_dags/tutorial_dag.py
[2024-10-16T11:42:01.058+0000] {logging_mixin.py:190} INFO - [2024-10-16T11:42:01.057+0000] {dag.py:3239} INFO - Sync 1 DAGs
[2024-10-16T11:42:01.074+0000] {logging_mixin.py:190} INFO - [2024-10-16T11:42:01.074+0000] {dag.py:4180} INFO - Setting next_dagrun for tutorial_dag to None, run_after=None
[2024-10-16T11:42:01.092+0000] {processor.py:208} INFO - Processing /home/airflow/.local/lib/python3.12/site-packages/airflow/example_dags/tutorial_dag.py took 0.071 seconds
[2024-10-16T11:42:31.278+0000] {processor.py:186} INFO - Started process (PID=127140) to work on /home/airflow/.local/lib/python3.12/site-packages/airflow/example_dags/tutorial_dag.py
[2024-10-16T11:42:31.279+0000] {processor.py:914} INFO - Processing file /home/airflow/.local/lib/python3.12/site-packages/airflow/example_dags/tutorial_dag.py for tasks to queue
[2024-10-16T11:42:31.281+0000] {logging_mixin.py:190} INFO - [2024-10-16T11:42:31.280+0000] {dagbag.py:588} INFO - Filling up the DagBag from /home/airflow/.local/lib/python3.12/site-packages/airflow/example_dags/tutorial_dag.py
[2024-10-16T11:42:31.289+0000] {processor.py:925} INFO - DAG(s) 'tutorial_dag' retrieved from /home/airflow/.local/lib/python3.12/site-packages/airflow/example_dags/tutorial_dag.py
[2024-10-16T11:42:31.311+0000] {logging_mixin.py:190} INFO - [2024-10-16T11:42:31.311+0000] {dag.py:3239} INFO - Sync 1 DAGs
[2024-10-16T11:42:31.328+0000] {logging_mixin.py:190} INFO - [2024-10-16T11:42:31.328+0000] {dag.py:4180} INFO - Setting next_dagrun for tutorial_dag to None, run_after=None
[2024-10-16T11:42:31.351+0000] {processor.py:208} INFO - Processing /home/airflow/.local/lib/python3.12/site-packages/airflow/example_dags/tutorial_dag.py took 0.079 seconds
[2024-10-16T11:43:02.146+0000] {processor.py:186} INFO - Started process (PID=127203) to work on /home/airflow/.local/lib/python3.12/site-packages/airflow/example_dags/tutorial_dag.py
[2024-10-16T11:43:02.147+0000] {processor.py:914} INFO - Processing file /home/airflow/.local/lib/python3.12/site-packages/airflow/example_dags/tutorial_dag.py for tasks to queue
[2024-10-16T11:43:02.148+0000] {logging_mixin.py:190} INFO - [2024-10-16T11:43:02.148+0000] {dagbag.py:588} INFO - Filling up the DagBag from /home/airflow/.local/lib/python3.12/site-packages/airflow/example_dags/tutorial_dag.py
[2024-10-16T11:43:02.157+0000] {processor.py:925} INFO - DAG(s) 'tutorial_dag' retrieved from /home/airflow/.local/lib/python3.12/site-packages/airflow/example_dags/tutorial_dag.py
[2024-10-16T11:43:02.179+0000] {logging_mixin.py:190} INFO - [2024-10-16T11:43:02.179+0000] {dag.py:3239} INFO - Sync 1 DAGs
[2024-10-16T11:43:02.196+0000] {logging_mixin.py:190} INFO - [2024-10-16T11:43:02.195+0000] {dag.py:4180} INFO - Setting next_dagrun for tutorial_dag to None, run_after=None
[2024-10-16T11:43:02.215+0000] {processor.py:208} INFO - Processing /home/airflow/.local/lib/python3.12/site-packages/airflow/example_dags/tutorial_dag.py took 0.076 seconds
[2024-10-16T11:43:32.342+0000] {processor.py:186} INFO - Started process (PID=127266) to work on /home/airflow/.local/lib/python3.12/site-packages/airflow/example_dags/tutorial_dag.py
[2024-10-16T11:43:32.343+0000] {processor.py:914} INFO - Processing file /home/airflow/.local/lib/python3.12/site-packages/airflow/example_dags/tutorial_dag.py for tasks to queue
[2024-10-16T11:43:32.345+0000] {logging_mixin.py:190} INFO - [2024-10-16T11:43:32.344+0000] {dagbag.py:588} INFO - Filling up the DagBag from /home/airflow/.local/lib/python3.12/site-packages/airflow/example_dags/tutorial_dag.py
[2024-10-16T11:43:32.353+0000] {processor.py:925} INFO - DAG(s) 'tutorial_dag' retrieved from /home/airflow/.local/lib/python3.12/site-packages/airflow/example_dags/tutorial_dag.py
[2024-10-16T11:43:32.377+0000] {logging_mixin.py:190} INFO - [2024-10-16T11:43:32.377+0000] {dag.py:3239} INFO - Sync 1 DAGs
[2024-10-16T11:43:32.393+0000] {logging_mixin.py:190} INFO - [2024-10-16T11:43:32.393+0000] {dag.py:4180} INFO - Setting next_dagrun for tutorial_dag to None, run_after=None
[2024-10-16T11:43:32.413+0000] {processor.py:208} INFO - Processing /home/airflow/.local/lib/python3.12/site-packages/airflow/example_dags/tutorial_dag.py took 0.079 seconds
[2024-10-16T11:44:02.538+0000] {processor.py:186} INFO - Started process (PID=127329) to work on /home/airflow/.local/lib/python3.12/site-packages/airflow/example_dags/tutorial_dag.py
[2024-10-16T11:44:02.539+0000] {processor.py:914} INFO - Processing file /home/airflow/.local/lib/python3.12/site-packages/airflow/example_dags/tutorial_dag.py for tasks to queue
[2024-10-16T11:44:02.541+0000] {logging_mixin.py:190} INFO - [2024-10-16T11:44:02.540+0000] {dagbag.py:588} INFO - Filling up the DagBag from /home/airflow/.local/lib/python3.12/site-packages/airflow/example_dags/tutorial_dag.py
[2024-10-16T11:44:02.549+0000] {processor.py:925} INFO - DAG(s) 'tutorial_dag' retrieved from /home/airflow/.local/lib/python3.12/site-packages/airflow/example_dags/tutorial_dag.py
[2024-10-16T11:44:02.572+0000] {logging_mixin.py:190} INFO - [2024-10-16T11:44:02.572+0000] {dag.py:3239} INFO - Sync 1 DAGs
[2024-10-16T11:44:02.589+0000] {logging_mixin.py:190} INFO - [2024-10-16T11:44:02.588+0000] {dag.py:4180} INFO - Setting next_dagrun for tutorial_dag to None, run_after=None
[2024-10-16T11:44:02.607+0000] {processor.py:208} INFO - Processing /home/airflow/.local/lib/python3.12/site-packages/airflow/example_dags/tutorial_dag.py took 0.076 seconds
[2024-10-16T11:44:33.304+0000] {processor.py:186} INFO - Started process (PID=127393) to work on /home/airflow/.local/lib/python3.12/site-packages/airflow/example_dags/tutorial_dag.py
[2024-10-16T11:44:33.305+0000] {processor.py:914} INFO - Processing file /home/airflow/.local/lib/python3.12/site-packages/airflow/example_dags/tutorial_dag.py for tasks to queue
[2024-10-16T11:44:33.307+0000] {logging_mixin.py:190} INFO - [2024-10-16T11:44:33.306+0000] {dagbag.py:588} INFO - Filling up the DagBag from /home/airflow/.local/lib/python3.12/site-packages/airflow/example_dags/tutorial_dag.py
[2024-10-16T11:44:33.315+0000] {processor.py:925} INFO - DAG(s) 'tutorial_dag' retrieved from /home/airflow/.local/lib/python3.12/site-packages/airflow/example_dags/tutorial_dag.py
[2024-10-16T11:44:33.337+0000] {logging_mixin.py:190} INFO - [2024-10-16T11:44:33.337+0000] {dag.py:3239} INFO - Sync 1 DAGs
[2024-10-16T11:44:33.354+0000] {logging_mixin.py:190} INFO - [2024-10-16T11:44:33.354+0000] {dag.py:4180} INFO - Setting next_dagrun for tutorial_dag to None, run_after=None
[2024-10-16T11:44:33.375+0000] {processor.py:208} INFO - Processing /home/airflow/.local/lib/python3.12/site-packages/airflow/example_dags/tutorial_dag.py took 0.078 seconds
[2024-10-16T11:45:03.598+0000] {processor.py:186} INFO - Started process (PID=127456) to work on /home/airflow/.local/lib/python3.12/site-packages/airflow/example_dags/tutorial_dag.py
[2024-10-16T11:45:03.599+0000] {processor.py:914} INFO - Processing file /home/airflow/.local/lib/python3.12/site-packages/airflow/example_dags/tutorial_dag.py for tasks to queue
[2024-10-16T11:45:03.601+0000] {logging_mixin.py:190} INFO - [2024-10-16T11:45:03.601+0000] {dagbag.py:588} INFO - Filling up the DagBag from /home/airflow/.local/lib/python3.12/site-packages/airflow/example_dags/tutorial_dag.py
[2024-10-16T11:45:03.609+0000] {processor.py:925} INFO - DAG(s) 'tutorial_dag' retrieved from /home/airflow/.local/lib/python3.12/site-packages/airflow/example_dags/tutorial_dag.py
[2024-10-16T11:45:03.631+0000] {logging_mixin.py:190} INFO - [2024-10-16T11:45:03.630+0000] {dag.py:3239} INFO - Sync 1 DAGs
[2024-10-16T11:45:03.647+0000] {logging_mixin.py:190} INFO - [2024-10-16T11:45:03.647+0000] {dag.py:4180} INFO - Setting next_dagrun for tutorial_dag to None, run_after=None
[2024-10-16T11:45:03.669+0000] {processor.py:208} INFO - Processing /home/airflow/.local/lib/python3.12/site-packages/airflow/example_dags/tutorial_dag.py took 0.078 seconds
[2024-10-16T11:45:33.913+0000] {processor.py:186} INFO - Started process (PID=127519) to work on /home/airflow/.local/lib/python3.12/site-packages/airflow/example_dags/tutorial_dag.py
[2024-10-16T11:45:33.915+0000] {processor.py:914} INFO - Processing file /home/airflow/.local/lib/python3.12/site-packages/airflow/example_dags/tutorial_dag.py for tasks to queue
[2024-10-16T11:45:33.916+0000] {logging_mixin.py:190} INFO - [2024-10-16T11:45:33.916+0000] {dagbag.py:588} INFO - Filling up the DagBag from /home/airflow/.local/lib/python3.12/site-packages/airflow/example_dags/tutorial_dag.py
[2024-10-16T11:45:33.925+0000] {processor.py:925} INFO - DAG(s) 'tutorial_dag' retrieved from /home/airflow/.local/lib/python3.12/site-packages/airflow/example_dags/tutorial_dag.py
[2024-10-16T11:45:33.947+0000] {logging_mixin.py:190} INFO - [2024-10-16T11:45:33.947+0000] {dag.py:3239} INFO - Sync 1 DAGs
[2024-10-16T11:45:33.963+0000] {logging_mixin.py:190} INFO - [2024-10-16T11:45:33.963+0000] {dag.py:4180} INFO - Setting next_dagrun for tutorial_dag to None, run_after=None
[2024-10-16T11:45:33.998+0000] {processor.py:208} INFO - Processing /home/airflow/.local/lib/python3.12/site-packages/airflow/example_dags/tutorial_dag.py took 0.093 seconds
