[2024-10-16T11:29:55.186+0000] {processor.py:186} INFO - Started process (PID=125580) to work on /home/airflow/.local/lib/python3.12/site-packages/airflow/example_dags/tutorial_taskflow_api.py
[2024-10-16T11:29:55.233+0000] {processor.py:914} INFO - Processing file /home/airflow/.local/lib/python3.12/site-packages/airflow/example_dags/tutorial_taskflow_api.py for tasks to queue
[2024-10-16T11:29:55.315+0000] {logging_mixin.py:190} INFO - [2024-10-16T11:29:55.314+0000] {dagbag.py:588} INFO - Filling up the DagBag from /home/airflow/.local/lib/python3.12/site-packages/airflow/example_dags/tutorial_taskflow_api.py
[2024-10-16T11:29:55.558+0000] {processor.py:925} INFO - DAG(s) 'tutorial_taskflow_api' retrieved from /home/airflow/.local/lib/python3.12/site-packages/airflow/example_dags/tutorial_taskflow_api.py
[2024-10-16T11:29:55.762+0000] {logging_mixin.py:190} INFO - [2024-10-16T11:29:55.761+0000] {dag.py:3239} INFO - Sync 1 DAGs
[2024-10-16T11:29:55.826+0000] {logging_mixin.py:190} INFO - [2024-10-16T11:29:55.825+0000] {dag.py:4180} INFO - Setting next_dagrun for tutorial_taskflow_api to None, run_after=None
[2024-10-16T11:29:55.906+0000] {processor.py:208} INFO - Processing /home/airflow/.local/lib/python3.12/site-packages/airflow/example_dags/tutorial_taskflow_api.py took 0.792 seconds
[2024-10-16T11:30:26.033+0000] {processor.py:186} INFO - Started process (PID=125643) to work on /home/airflow/.local/lib/python3.12/site-packages/airflow/example_dags/tutorial_taskflow_api.py
[2024-10-16T11:30:26.034+0000] {processor.py:914} INFO - Processing file /home/airflow/.local/lib/python3.12/site-packages/airflow/example_dags/tutorial_taskflow_api.py for tasks to queue
[2024-10-16T11:30:26.035+0000] {logging_mixin.py:190} INFO - [2024-10-16T11:30:26.035+0000] {dagbag.py:588} INFO - Filling up the DagBag from /home/airflow/.local/lib/python3.12/site-packages/airflow/example_dags/tutorial_taskflow_api.py
[2024-10-16T11:30:26.044+0000] {processor.py:925} INFO - DAG(s) 'tutorial_taskflow_api' retrieved from /home/airflow/.local/lib/python3.12/site-packages/airflow/example_dags/tutorial_taskflow_api.py
[2024-10-16T11:30:26.063+0000] {logging_mixin.py:190} INFO - [2024-10-16T11:30:26.062+0000] {dag.py:3239} INFO - Sync 1 DAGs
[2024-10-16T11:30:26.083+0000] {logging_mixin.py:190} INFO - [2024-10-16T11:30:26.083+0000] {dag.py:4180} INFO - Setting next_dagrun for tutorial_taskflow_api to None, run_after=None
[2024-10-16T11:30:26.104+0000] {processor.py:208} INFO - Processing /home/airflow/.local/lib/python3.12/site-packages/airflow/example_dags/tutorial_taskflow_api.py took 0.077 seconds
[2024-10-16T11:30:56.739+0000] {processor.py:186} INFO - Started process (PID=125706) to work on /home/airflow/.local/lib/python3.12/site-packages/airflow/example_dags/tutorial_taskflow_api.py
[2024-10-16T11:30:56.740+0000] {processor.py:914} INFO - Processing file /home/airflow/.local/lib/python3.12/site-packages/airflow/example_dags/tutorial_taskflow_api.py for tasks to queue
[2024-10-16T11:30:56.741+0000] {logging_mixin.py:190} INFO - [2024-10-16T11:30:56.741+0000] {dagbag.py:588} INFO - Filling up the DagBag from /home/airflow/.local/lib/python3.12/site-packages/airflow/example_dags/tutorial_taskflow_api.py
[2024-10-16T11:30:56.749+0000] {processor.py:925} INFO - DAG(s) 'tutorial_taskflow_api' retrieved from /home/airflow/.local/lib/python3.12/site-packages/airflow/example_dags/tutorial_taskflow_api.py
[2024-10-16T11:30:56.766+0000] {logging_mixin.py:190} INFO - [2024-10-16T11:30:56.766+0000] {dag.py:3239} INFO - Sync 1 DAGs
[2024-10-16T11:30:56.779+0000] {logging_mixin.py:190} INFO - [2024-10-16T11:30:56.779+0000] {dag.py:4180} INFO - Setting next_dagrun for tutorial_taskflow_api to None, run_after=None
[2024-10-16T11:30:56.796+0000] {processor.py:208} INFO - Processing /home/airflow/.local/lib/python3.12/site-packages/airflow/example_dags/tutorial_taskflow_api.py took 0.061 seconds
[2024-10-16T11:31:27.563+0000] {processor.py:186} INFO - Started process (PID=125769) to work on /home/airflow/.local/lib/python3.12/site-packages/airflow/example_dags/tutorial_taskflow_api.py
[2024-10-16T11:31:27.564+0000] {processor.py:914} INFO - Processing file /home/airflow/.local/lib/python3.12/site-packages/airflow/example_dags/tutorial_taskflow_api.py for tasks to queue
[2024-10-16T11:31:27.565+0000] {logging_mixin.py:190} INFO - [2024-10-16T11:31:27.565+0000] {dagbag.py:588} INFO - Filling up the DagBag from /home/airflow/.local/lib/python3.12/site-packages/airflow/example_dags/tutorial_taskflow_api.py
[2024-10-16T11:31:27.573+0000] {processor.py:925} INFO - DAG(s) 'tutorial_taskflow_api' retrieved from /home/airflow/.local/lib/python3.12/site-packages/airflow/example_dags/tutorial_taskflow_api.py
[2024-10-16T11:31:27.588+0000] {logging_mixin.py:190} INFO - [2024-10-16T11:31:27.588+0000] {dag.py:3239} INFO - Sync 1 DAGs
[2024-10-16T11:31:27.601+0000] {logging_mixin.py:190} INFO - [2024-10-16T11:31:27.601+0000] {dag.py:4180} INFO - Setting next_dagrun for tutorial_taskflow_api to None, run_after=None
[2024-10-16T11:31:27.617+0000] {processor.py:208} INFO - Processing /home/airflow/.local/lib/python3.12/site-packages/airflow/example_dags/tutorial_taskflow_api.py took 0.059 seconds
[2024-10-16T11:31:57.787+0000] {processor.py:186} INFO - Started process (PID=125832) to work on /home/airflow/.local/lib/python3.12/site-packages/airflow/example_dags/tutorial_taskflow_api.py
[2024-10-16T11:31:57.789+0000] {processor.py:914} INFO - Processing file /home/airflow/.local/lib/python3.12/site-packages/airflow/example_dags/tutorial_taskflow_api.py for tasks to queue
[2024-10-16T11:31:57.792+0000] {logging_mixin.py:190} INFO - [2024-10-16T11:31:57.791+0000] {dagbag.py:588} INFO - Filling up the DagBag from /home/airflow/.local/lib/python3.12/site-packages/airflow/example_dags/tutorial_taskflow_api.py
[2024-10-16T11:31:57.820+0000] {processor.py:925} INFO - DAG(s) 'tutorial_taskflow_api' retrieved from /home/airflow/.local/lib/python3.12/site-packages/airflow/example_dags/tutorial_taskflow_api.py
[2024-10-16T11:31:57.848+0000] {logging_mixin.py:190} INFO - [2024-10-16T11:31:57.847+0000] {dag.py:3239} INFO - Sync 1 DAGs
[2024-10-16T11:31:57.878+0000] {logging_mixin.py:190} INFO - [2024-10-16T11:31:57.878+0000] {dag.py:4180} INFO - Setting next_dagrun for tutorial_taskflow_api to None, run_after=None
[2024-10-16T11:31:57.923+0000] {processor.py:208} INFO - Processing /home/airflow/.local/lib/python3.12/site-packages/airflow/example_dags/tutorial_taskflow_api.py took 0.150 seconds
[2024-10-16T11:32:28.563+0000] {processor.py:186} INFO - Started process (PID=125895) to work on /home/airflow/.local/lib/python3.12/site-packages/airflow/example_dags/tutorial_taskflow_api.py
[2024-10-16T11:32:28.564+0000] {processor.py:914} INFO - Processing file /home/airflow/.local/lib/python3.12/site-packages/airflow/example_dags/tutorial_taskflow_api.py for tasks to queue
[2024-10-16T11:32:28.565+0000] {logging_mixin.py:190} INFO - [2024-10-16T11:32:28.564+0000] {dagbag.py:588} INFO - Filling up the DagBag from /home/airflow/.local/lib/python3.12/site-packages/airflow/example_dags/tutorial_taskflow_api.py
[2024-10-16T11:32:28.572+0000] {processor.py:925} INFO - DAG(s) 'tutorial_taskflow_api' retrieved from /home/airflow/.local/lib/python3.12/site-packages/airflow/example_dags/tutorial_taskflow_api.py
[2024-10-16T11:32:28.590+0000] {logging_mixin.py:190} INFO - [2024-10-16T11:32:28.589+0000] {dag.py:3239} INFO - Sync 1 DAGs
[2024-10-16T11:32:28.604+0000] {logging_mixin.py:190} INFO - [2024-10-16T11:32:28.604+0000] {dag.py:4180} INFO - Setting next_dagrun for tutorial_taskflow_api to None, run_after=None
[2024-10-16T11:32:28.621+0000] {processor.py:208} INFO - Processing /home/airflow/.local/lib/python3.12/site-packages/airflow/example_dags/tutorial_taskflow_api.py took 0.064 seconds
[2024-10-16T11:32:59.022+0000] {processor.py:186} INFO - Started process (PID=125958) to work on /home/airflow/.local/lib/python3.12/site-packages/airflow/example_dags/tutorial_taskflow_api.py
[2024-10-16T11:32:59.023+0000] {processor.py:914} INFO - Processing file /home/airflow/.local/lib/python3.12/site-packages/airflow/example_dags/tutorial_taskflow_api.py for tasks to queue
[2024-10-16T11:32:59.025+0000] {logging_mixin.py:190} INFO - [2024-10-16T11:32:59.025+0000] {dagbag.py:588} INFO - Filling up the DagBag from /home/airflow/.local/lib/python3.12/site-packages/airflow/example_dags/tutorial_taskflow_api.py
[2024-10-16T11:32:59.034+0000] {processor.py:925} INFO - DAG(s) 'tutorial_taskflow_api' retrieved from /home/airflow/.local/lib/python3.12/site-packages/airflow/example_dags/tutorial_taskflow_api.py
[2024-10-16T11:32:59.055+0000] {logging_mixin.py:190} INFO - [2024-10-16T11:32:59.055+0000] {dag.py:3239} INFO - Sync 1 DAGs
[2024-10-16T11:32:59.072+0000] {logging_mixin.py:190} INFO - [2024-10-16T11:32:59.072+0000] {dag.py:4180} INFO - Setting next_dagrun for tutorial_taskflow_api to None, run_after=None
[2024-10-16T11:32:59.093+0000] {processor.py:208} INFO - Processing /home/airflow/.local/lib/python3.12/site-packages/airflow/example_dags/tutorial_taskflow_api.py took 0.077 seconds
[2024-10-16T11:33:29.347+0000] {processor.py:186} INFO - Started process (PID=126021) to work on /home/airflow/.local/lib/python3.12/site-packages/airflow/example_dags/tutorial_taskflow_api.py
[2024-10-16T11:33:29.348+0000] {processor.py:914} INFO - Processing file /home/airflow/.local/lib/python3.12/site-packages/airflow/example_dags/tutorial_taskflow_api.py for tasks to queue
[2024-10-16T11:33:29.349+0000] {logging_mixin.py:190} INFO - [2024-10-16T11:33:29.349+0000] {dagbag.py:588} INFO - Filling up the DagBag from /home/airflow/.local/lib/python3.12/site-packages/airflow/example_dags/tutorial_taskflow_api.py
[2024-10-16T11:33:29.357+0000] {processor.py:925} INFO - DAG(s) 'tutorial_taskflow_api' retrieved from /home/airflow/.local/lib/python3.12/site-packages/airflow/example_dags/tutorial_taskflow_api.py
[2024-10-16T11:33:29.375+0000] {logging_mixin.py:190} INFO - [2024-10-16T11:33:29.375+0000] {dag.py:3239} INFO - Sync 1 DAGs
[2024-10-16T11:33:29.389+0000] {logging_mixin.py:190} INFO - [2024-10-16T11:33:29.389+0000] {dag.py:4180} INFO - Setting next_dagrun for tutorial_taskflow_api to None, run_after=None
[2024-10-16T11:33:29.404+0000] {processor.py:208} INFO - Processing /home/airflow/.local/lib/python3.12/site-packages/airflow/example_dags/tutorial_taskflow_api.py took 0.063 seconds
[2024-10-16T11:33:59.653+0000] {processor.py:186} INFO - Started process (PID=126084) to work on /home/airflow/.local/lib/python3.12/site-packages/airflow/example_dags/tutorial_taskflow_api.py
[2024-10-16T11:33:59.654+0000] {processor.py:914} INFO - Processing file /home/airflow/.local/lib/python3.12/site-packages/airflow/example_dags/tutorial_taskflow_api.py for tasks to queue
[2024-10-16T11:33:59.656+0000] {logging_mixin.py:190} INFO - [2024-10-16T11:33:59.655+0000] {dagbag.py:588} INFO - Filling up the DagBag from /home/airflow/.local/lib/python3.12/site-packages/airflow/example_dags/tutorial_taskflow_api.py
[2024-10-16T11:33:59.664+0000] {processor.py:925} INFO - DAG(s) 'tutorial_taskflow_api' retrieved from /home/airflow/.local/lib/python3.12/site-packages/airflow/example_dags/tutorial_taskflow_api.py
[2024-10-16T11:33:59.683+0000] {logging_mixin.py:190} INFO - [2024-10-16T11:33:59.683+0000] {dag.py:3239} INFO - Sync 1 DAGs
[2024-10-16T11:33:59.699+0000] {logging_mixin.py:190} INFO - [2024-10-16T11:33:59.699+0000] {dag.py:4180} INFO - Setting next_dagrun for tutorial_taskflow_api to None, run_after=None
[2024-10-16T11:33:59.719+0000] {processor.py:208} INFO - Processing /home/airflow/.local/lib/python3.12/site-packages/airflow/example_dags/tutorial_taskflow_api.py took 0.072 seconds
[2024-10-16T11:34:29.984+0000] {processor.py:186} INFO - Started process (PID=126148) to work on /home/airflow/.local/lib/python3.12/site-packages/airflow/example_dags/tutorial_taskflow_api.py
[2024-10-16T11:34:29.985+0000] {processor.py:914} INFO - Processing file /home/airflow/.local/lib/python3.12/site-packages/airflow/example_dags/tutorial_taskflow_api.py for tasks to queue
[2024-10-16T11:34:29.986+0000] {logging_mixin.py:190} INFO - [2024-10-16T11:34:29.986+0000] {dagbag.py:588} INFO - Filling up the DagBag from /home/airflow/.local/lib/python3.12/site-packages/airflow/example_dags/tutorial_taskflow_api.py
[2024-10-16T11:34:29.994+0000] {processor.py:925} INFO - DAG(s) 'tutorial_taskflow_api' retrieved from /home/airflow/.local/lib/python3.12/site-packages/airflow/example_dags/tutorial_taskflow_api.py
[2024-10-16T11:34:30.013+0000] {logging_mixin.py:190} INFO - [2024-10-16T11:34:30.013+0000] {dag.py:3239} INFO - Sync 1 DAGs
[2024-10-16T11:34:30.028+0000] {logging_mixin.py:190} INFO - [2024-10-16T11:34:30.027+0000] {dag.py:4180} INFO - Setting next_dagrun for tutorial_taskflow_api to None, run_after=None
[2024-10-16T11:34:30.045+0000] {processor.py:208} INFO - Processing /home/airflow/.local/lib/python3.12/site-packages/airflow/example_dags/tutorial_taskflow_api.py took 0.067 seconds
[2024-10-16T11:35:00.224+0000] {processor.py:186} INFO - Started process (PID=126211) to work on /home/airflow/.local/lib/python3.12/site-packages/airflow/example_dags/tutorial_taskflow_api.py
[2024-10-16T11:35:00.225+0000] {processor.py:914} INFO - Processing file /home/airflow/.local/lib/python3.12/site-packages/airflow/example_dags/tutorial_taskflow_api.py for tasks to queue
[2024-10-16T11:35:00.227+0000] {logging_mixin.py:190} INFO - [2024-10-16T11:35:00.226+0000] {dagbag.py:588} INFO - Filling up the DagBag from /home/airflow/.local/lib/python3.12/site-packages/airflow/example_dags/tutorial_taskflow_api.py
[2024-10-16T11:35:00.236+0000] {processor.py:925} INFO - DAG(s) 'tutorial_taskflow_api' retrieved from /home/airflow/.local/lib/python3.12/site-packages/airflow/example_dags/tutorial_taskflow_api.py
[2024-10-16T11:35:00.256+0000] {logging_mixin.py:190} INFO - [2024-10-16T11:35:00.256+0000] {dag.py:3239} INFO - Sync 1 DAGs
[2024-10-16T11:35:00.272+0000] {logging_mixin.py:190} INFO - [2024-10-16T11:35:00.271+0000] {dag.py:4180} INFO - Setting next_dagrun for tutorial_taskflow_api to None, run_after=None
[2024-10-16T11:35:00.290+0000] {processor.py:208} INFO - Processing /home/airflow/.local/lib/python3.12/site-packages/airflow/example_dags/tutorial_taskflow_api.py took 0.073 seconds
[2024-10-16T11:35:30.816+0000] {processor.py:186} INFO - Started process (PID=126274) to work on /home/airflow/.local/lib/python3.12/site-packages/airflow/example_dags/tutorial_taskflow_api.py
[2024-10-16T11:35:30.817+0000] {processor.py:914} INFO - Processing file /home/airflow/.local/lib/python3.12/site-packages/airflow/example_dags/tutorial_taskflow_api.py for tasks to queue
[2024-10-16T11:35:30.818+0000] {logging_mixin.py:190} INFO - [2024-10-16T11:35:30.818+0000] {dagbag.py:588} INFO - Filling up the DagBag from /home/airflow/.local/lib/python3.12/site-packages/airflow/example_dags/tutorial_taskflow_api.py
[2024-10-16T11:35:30.825+0000] {processor.py:925} INFO - DAG(s) 'tutorial_taskflow_api' retrieved from /home/airflow/.local/lib/python3.12/site-packages/airflow/example_dags/tutorial_taskflow_api.py
[2024-10-16T11:35:30.842+0000] {logging_mixin.py:190} INFO - [2024-10-16T11:35:30.842+0000] {dag.py:3239} INFO - Sync 1 DAGs
[2024-10-16T11:35:30.855+0000] {logging_mixin.py:190} INFO - [2024-10-16T11:35:30.855+0000] {dag.py:4180} INFO - Setting next_dagrun for tutorial_taskflow_api to None, run_after=None
[2024-10-16T11:35:30.874+0000] {processor.py:208} INFO - Processing /home/airflow/.local/lib/python3.12/site-packages/airflow/example_dags/tutorial_taskflow_api.py took 0.063 seconds
[2024-10-16T11:36:01.424+0000] {processor.py:186} INFO - Started process (PID=126337) to work on /home/airflow/.local/lib/python3.12/site-packages/airflow/example_dags/tutorial_taskflow_api.py
[2024-10-16T11:36:01.425+0000] {processor.py:914} INFO - Processing file /home/airflow/.local/lib/python3.12/site-packages/airflow/example_dags/tutorial_taskflow_api.py for tasks to queue
[2024-10-16T11:36:01.426+0000] {logging_mixin.py:190} INFO - [2024-10-16T11:36:01.426+0000] {dagbag.py:588} INFO - Filling up the DagBag from /home/airflow/.local/lib/python3.12/site-packages/airflow/example_dags/tutorial_taskflow_api.py
[2024-10-16T11:36:01.436+0000] {processor.py:925} INFO - DAG(s) 'tutorial_taskflow_api' retrieved from /home/airflow/.local/lib/python3.12/site-packages/airflow/example_dags/tutorial_taskflow_api.py
[2024-10-16T11:36:01.457+0000] {logging_mixin.py:190} INFO - [2024-10-16T11:36:01.457+0000] {dag.py:3239} INFO - Sync 1 DAGs
[2024-10-16T11:36:01.472+0000] {logging_mixin.py:190} INFO - [2024-10-16T11:36:01.472+0000] {dag.py:4180} INFO - Setting next_dagrun for tutorial_taskflow_api to None, run_after=None
[2024-10-16T11:36:01.489+0000] {processor.py:208} INFO - Processing /home/airflow/.local/lib/python3.12/site-packages/airflow/example_dags/tutorial_taskflow_api.py took 0.072 seconds
[2024-10-16T11:36:32.053+0000] {processor.py:186} INFO - Started process (PID=126401) to work on /home/airflow/.local/lib/python3.12/site-packages/airflow/example_dags/tutorial_taskflow_api.py
[2024-10-16T11:36:32.054+0000] {processor.py:914} INFO - Processing file /home/airflow/.local/lib/python3.12/site-packages/airflow/example_dags/tutorial_taskflow_api.py for tasks to queue
[2024-10-16T11:36:32.055+0000] {logging_mixin.py:190} INFO - [2024-10-16T11:36:32.055+0000] {dagbag.py:588} INFO - Filling up the DagBag from /home/airflow/.local/lib/python3.12/site-packages/airflow/example_dags/tutorial_taskflow_api.py
[2024-10-16T11:36:32.063+0000] {processor.py:925} INFO - DAG(s) 'tutorial_taskflow_api' retrieved from /home/airflow/.local/lib/python3.12/site-packages/airflow/example_dags/tutorial_taskflow_api.py
[2024-10-16T11:36:32.080+0000] {logging_mixin.py:190} INFO - [2024-10-16T11:36:32.079+0000] {dag.py:3239} INFO - Sync 1 DAGs
[2024-10-16T11:36:32.093+0000] {logging_mixin.py:190} INFO - [2024-10-16T11:36:32.093+0000] {dag.py:4180} INFO - Setting next_dagrun for tutorial_taskflow_api to None, run_after=None
[2024-10-16T11:36:32.109+0000] {processor.py:208} INFO - Processing /home/airflow/.local/lib/python3.12/site-packages/airflow/example_dags/tutorial_taskflow_api.py took 0.062 seconds
[2024-10-16T11:37:02.430+0000] {processor.py:186} INFO - Started process (PID=126464) to work on /home/airflow/.local/lib/python3.12/site-packages/airflow/example_dags/tutorial_taskflow_api.py
[2024-10-16T11:37:02.430+0000] {processor.py:914} INFO - Processing file /home/airflow/.local/lib/python3.12/site-packages/airflow/example_dags/tutorial_taskflow_api.py for tasks to queue
[2024-10-16T11:37:02.431+0000] {logging_mixin.py:190} INFO - [2024-10-16T11:37:02.431+0000] {dagbag.py:588} INFO - Filling up the DagBag from /home/airflow/.local/lib/python3.12/site-packages/airflow/example_dags/tutorial_taskflow_api.py
[2024-10-16T11:37:02.443+0000] {processor.py:925} INFO - DAG(s) 'tutorial_taskflow_api' retrieved from /home/airflow/.local/lib/python3.12/site-packages/airflow/example_dags/tutorial_taskflow_api.py
[2024-10-16T11:37:02.462+0000] {logging_mixin.py:190} INFO - [2024-10-16T11:37:02.462+0000] {dag.py:3239} INFO - Sync 1 DAGs
[2024-10-16T11:37:02.481+0000] {logging_mixin.py:190} INFO - [2024-10-16T11:37:02.481+0000] {dag.py:4180} INFO - Setting next_dagrun for tutorial_taskflow_api to None, run_after=None
[2024-10-16T11:37:02.497+0000] {processor.py:208} INFO - Processing /home/airflow/.local/lib/python3.12/site-packages/airflow/example_dags/tutorial_taskflow_api.py took 0.072 seconds
[2024-10-16T11:37:32.959+0000] {processor.py:186} INFO - Started process (PID=126527) to work on /home/airflow/.local/lib/python3.12/site-packages/airflow/example_dags/tutorial_taskflow_api.py
[2024-10-16T11:37:32.961+0000] {processor.py:914} INFO - Processing file /home/airflow/.local/lib/python3.12/site-packages/airflow/example_dags/tutorial_taskflow_api.py for tasks to queue
[2024-10-16T11:37:32.963+0000] {logging_mixin.py:190} INFO - [2024-10-16T11:37:32.963+0000] {dagbag.py:588} INFO - Filling up the DagBag from /home/airflow/.local/lib/python3.12/site-packages/airflow/example_dags/tutorial_taskflow_api.py
[2024-10-16T11:37:32.975+0000] {processor.py:925} INFO - DAG(s) 'tutorial_taskflow_api' retrieved from /home/airflow/.local/lib/python3.12/site-packages/airflow/example_dags/tutorial_taskflow_api.py
[2024-10-16T11:37:33.005+0000] {logging_mixin.py:190} INFO - [2024-10-16T11:37:33.005+0000] {dag.py:3239} INFO - Sync 1 DAGs
[2024-10-16T11:37:33.027+0000] {logging_mixin.py:190} INFO - [2024-10-16T11:37:33.027+0000] {dag.py:4180} INFO - Setting next_dagrun for tutorial_taskflow_api to None, run_after=None
[2024-10-16T11:37:33.057+0000] {processor.py:208} INFO - Processing /home/airflow/.local/lib/python3.12/site-packages/airflow/example_dags/tutorial_taskflow_api.py took 0.106 seconds
[2024-10-16T11:38:03.119+0000] {processor.py:186} INFO - Started process (PID=126590) to work on /home/airflow/.local/lib/python3.12/site-packages/airflow/example_dags/tutorial_taskflow_api.py
[2024-10-16T11:38:03.120+0000] {processor.py:914} INFO - Processing file /home/airflow/.local/lib/python3.12/site-packages/airflow/example_dags/tutorial_taskflow_api.py for tasks to queue
[2024-10-16T11:38:03.122+0000] {logging_mixin.py:190} INFO - [2024-10-16T11:38:03.121+0000] {dagbag.py:588} INFO - Filling up the DagBag from /home/airflow/.local/lib/python3.12/site-packages/airflow/example_dags/tutorial_taskflow_api.py
[2024-10-16T11:38:03.131+0000] {processor.py:925} INFO - DAG(s) 'tutorial_taskflow_api' retrieved from /home/airflow/.local/lib/python3.12/site-packages/airflow/example_dags/tutorial_taskflow_api.py
[2024-10-16T11:38:03.152+0000] {logging_mixin.py:190} INFO - [2024-10-16T11:38:03.152+0000] {dag.py:3239} INFO - Sync 1 DAGs
[2024-10-16T11:38:03.169+0000] {logging_mixin.py:190} INFO - [2024-10-16T11:38:03.169+0000] {dag.py:4180} INFO - Setting next_dagrun for tutorial_taskflow_api to None, run_after=None
[2024-10-16T11:38:03.190+0000] {processor.py:208} INFO - Processing /home/airflow/.local/lib/python3.12/site-packages/airflow/example_dags/tutorial_taskflow_api.py took 0.077 seconds
[2024-10-16T11:38:33.804+0000] {processor.py:186} INFO - Started process (PID=126654) to work on /home/airflow/.local/lib/python3.12/site-packages/airflow/example_dags/tutorial_taskflow_api.py
[2024-10-16T11:38:33.805+0000] {processor.py:914} INFO - Processing file /home/airflow/.local/lib/python3.12/site-packages/airflow/example_dags/tutorial_taskflow_api.py for tasks to queue
[2024-10-16T11:38:33.808+0000] {logging_mixin.py:190} INFO - [2024-10-16T11:38:33.807+0000] {dagbag.py:588} INFO - Filling up the DagBag from /home/airflow/.local/lib/python3.12/site-packages/airflow/example_dags/tutorial_taskflow_api.py
[2024-10-16T11:38:33.816+0000] {processor.py:925} INFO - DAG(s) 'tutorial_taskflow_api' retrieved from /home/airflow/.local/lib/python3.12/site-packages/airflow/example_dags/tutorial_taskflow_api.py
[2024-10-16T11:38:33.835+0000] {logging_mixin.py:190} INFO - [2024-10-16T11:38:33.835+0000] {dag.py:3239} INFO - Sync 1 DAGs
[2024-10-16T11:38:33.854+0000] {logging_mixin.py:190} INFO - [2024-10-16T11:38:33.854+0000] {dag.py:4180} INFO - Setting next_dagrun for tutorial_taskflow_api to None, run_after=None
[2024-10-16T11:38:33.876+0000] {processor.py:208} INFO - Processing /home/airflow/.local/lib/python3.12/site-packages/airflow/example_dags/tutorial_taskflow_api.py took 0.079 seconds
[2024-10-16T11:39:04.742+0000] {processor.py:186} INFO - Started process (PID=126716) to work on /home/airflow/.local/lib/python3.12/site-packages/airflow/example_dags/tutorial_taskflow_api.py
[2024-10-16T11:39:04.743+0000] {processor.py:914} INFO - Processing file /home/airflow/.local/lib/python3.12/site-packages/airflow/example_dags/tutorial_taskflow_api.py for tasks to queue
[2024-10-16T11:39:04.744+0000] {logging_mixin.py:190} INFO - [2024-10-16T11:39:04.744+0000] {dagbag.py:588} INFO - Filling up the DagBag from /home/airflow/.local/lib/python3.12/site-packages/airflow/example_dags/tutorial_taskflow_api.py
[2024-10-16T11:39:04.753+0000] {processor.py:925} INFO - DAG(s) 'tutorial_taskflow_api' retrieved from /home/airflow/.local/lib/python3.12/site-packages/airflow/example_dags/tutorial_taskflow_api.py
[2024-10-16T11:39:04.775+0000] {logging_mixin.py:190} INFO - [2024-10-16T11:39:04.775+0000] {dag.py:3239} INFO - Sync 1 DAGs
[2024-10-16T11:39:04.797+0000] {logging_mixin.py:190} INFO - [2024-10-16T11:39:04.797+0000] {dag.py:4180} INFO - Setting next_dagrun for tutorial_taskflow_api to None, run_after=None
[2024-10-16T11:39:04.819+0000] {processor.py:208} INFO - Processing /home/airflow/.local/lib/python3.12/site-packages/airflow/example_dags/tutorial_taskflow_api.py took 0.084 seconds
[2024-10-16T11:39:35.581+0000] {processor.py:186} INFO - Started process (PID=126779) to work on /home/airflow/.local/lib/python3.12/site-packages/airflow/example_dags/tutorial_taskflow_api.py
[2024-10-16T11:39:35.583+0000] {processor.py:914} INFO - Processing file /home/airflow/.local/lib/python3.12/site-packages/airflow/example_dags/tutorial_taskflow_api.py for tasks to queue
[2024-10-16T11:39:35.584+0000] {logging_mixin.py:190} INFO - [2024-10-16T11:39:35.584+0000] {dagbag.py:588} INFO - Filling up the DagBag from /home/airflow/.local/lib/python3.12/site-packages/airflow/example_dags/tutorial_taskflow_api.py
[2024-10-16T11:39:35.593+0000] {processor.py:925} INFO - DAG(s) 'tutorial_taskflow_api' retrieved from /home/airflow/.local/lib/python3.12/site-packages/airflow/example_dags/tutorial_taskflow_api.py
[2024-10-16T11:39:35.613+0000] {logging_mixin.py:190} INFO - [2024-10-16T11:39:35.613+0000] {dag.py:3239} INFO - Sync 1 DAGs
[2024-10-16T11:39:35.630+0000] {logging_mixin.py:190} INFO - [2024-10-16T11:39:35.629+0000] {dag.py:4180} INFO - Setting next_dagrun for tutorial_taskflow_api to None, run_after=None
[2024-10-16T11:39:35.652+0000] {processor.py:208} INFO - Processing /home/airflow/.local/lib/python3.12/site-packages/airflow/example_dags/tutorial_taskflow_api.py took 0.076 seconds
[2024-10-16T11:40:06.332+0000] {processor.py:186} INFO - Started process (PID=126842) to work on /home/airflow/.local/lib/python3.12/site-packages/airflow/example_dags/tutorial_taskflow_api.py
[2024-10-16T11:40:06.334+0000] {processor.py:914} INFO - Processing file /home/airflow/.local/lib/python3.12/site-packages/airflow/example_dags/tutorial_taskflow_api.py for tasks to queue
[2024-10-16T11:40:06.336+0000] {logging_mixin.py:190} INFO - [2024-10-16T11:40:06.335+0000] {dagbag.py:588} INFO - Filling up the DagBag from /home/airflow/.local/lib/python3.12/site-packages/airflow/example_dags/tutorial_taskflow_api.py
[2024-10-16T11:40:06.347+0000] {processor.py:925} INFO - DAG(s) 'tutorial_taskflow_api' retrieved from /home/airflow/.local/lib/python3.12/site-packages/airflow/example_dags/tutorial_taskflow_api.py
[2024-10-16T11:40:06.369+0000] {logging_mixin.py:190} INFO - [2024-10-16T11:40:06.369+0000] {dag.py:3239} INFO - Sync 1 DAGs
[2024-10-16T11:40:06.388+0000] {logging_mixin.py:190} INFO - [2024-10-16T11:40:06.387+0000] {dag.py:4180} INFO - Setting next_dagrun for tutorial_taskflow_api to None, run_after=None
[2024-10-16T11:40:06.409+0000] {processor.py:208} INFO - Processing /home/airflow/.local/lib/python3.12/site-packages/airflow/example_dags/tutorial_taskflow_api.py took 0.086 seconds
[2024-10-16T11:40:36.562+0000] {processor.py:186} INFO - Started process (PID=126904) to work on /home/airflow/.local/lib/python3.12/site-packages/airflow/example_dags/tutorial_taskflow_api.py
[2024-10-16T11:40:36.563+0000] {processor.py:914} INFO - Processing file /home/airflow/.local/lib/python3.12/site-packages/airflow/example_dags/tutorial_taskflow_api.py for tasks to queue
[2024-10-16T11:40:36.564+0000] {logging_mixin.py:190} INFO - [2024-10-16T11:40:36.564+0000] {dagbag.py:588} INFO - Filling up the DagBag from /home/airflow/.local/lib/python3.12/site-packages/airflow/example_dags/tutorial_taskflow_api.py
[2024-10-16T11:40:36.573+0000] {processor.py:925} INFO - DAG(s) 'tutorial_taskflow_api' retrieved from /home/airflow/.local/lib/python3.12/site-packages/airflow/example_dags/tutorial_taskflow_api.py
[2024-10-16T11:40:36.592+0000] {logging_mixin.py:190} INFO - [2024-10-16T11:40:36.592+0000] {dag.py:3239} INFO - Sync 1 DAGs
[2024-10-16T11:40:36.608+0000] {logging_mixin.py:190} INFO - [2024-10-16T11:40:36.608+0000] {dag.py:4180} INFO - Setting next_dagrun for tutorial_taskflow_api to None, run_after=None
[2024-10-16T11:40:36.627+0000] {processor.py:208} INFO - Processing /home/airflow/.local/lib/python3.12/site-packages/airflow/example_dags/tutorial_taskflow_api.py took 0.071 seconds
[2024-10-16T11:41:06.833+0000] {processor.py:186} INFO - Started process (PID=126967) to work on /home/airflow/.local/lib/python3.12/site-packages/airflow/example_dags/tutorial_taskflow_api.py
[2024-10-16T11:41:06.834+0000] {processor.py:914} INFO - Processing file /home/airflow/.local/lib/python3.12/site-packages/airflow/example_dags/tutorial_taskflow_api.py for tasks to queue
[2024-10-16T11:41:06.835+0000] {logging_mixin.py:190} INFO - [2024-10-16T11:41:06.835+0000] {dagbag.py:588} INFO - Filling up the DagBag from /home/airflow/.local/lib/python3.12/site-packages/airflow/example_dags/tutorial_taskflow_api.py
[2024-10-16T11:41:06.845+0000] {processor.py:925} INFO - DAG(s) 'tutorial_taskflow_api' retrieved from /home/airflow/.local/lib/python3.12/site-packages/airflow/example_dags/tutorial_taskflow_api.py
[2024-10-16T11:41:06.867+0000] {logging_mixin.py:190} INFO - [2024-10-16T11:41:06.866+0000] {dag.py:3239} INFO - Sync 1 DAGs
[2024-10-16T11:41:06.884+0000] {logging_mixin.py:190} INFO - [2024-10-16T11:41:06.884+0000] {dag.py:4180} INFO - Setting next_dagrun for tutorial_taskflow_api to None, run_after=None
[2024-10-16T11:41:06.905+0000] {processor.py:208} INFO - Processing /home/airflow/.local/lib/python3.12/site-packages/airflow/example_dags/tutorial_taskflow_api.py took 0.078 seconds
[2024-10-16T11:41:37.219+0000] {processor.py:186} INFO - Started process (PID=127030) to work on /home/airflow/.local/lib/python3.12/site-packages/airflow/example_dags/tutorial_taskflow_api.py
[2024-10-16T11:41:37.220+0000] {processor.py:914} INFO - Processing file /home/airflow/.local/lib/python3.12/site-packages/airflow/example_dags/tutorial_taskflow_api.py for tasks to queue
[2024-10-16T11:41:37.221+0000] {logging_mixin.py:190} INFO - [2024-10-16T11:41:37.221+0000] {dagbag.py:588} INFO - Filling up the DagBag from /home/airflow/.local/lib/python3.12/site-packages/airflow/example_dags/tutorial_taskflow_api.py
[2024-10-16T11:41:37.230+0000] {processor.py:925} INFO - DAG(s) 'tutorial_taskflow_api' retrieved from /home/airflow/.local/lib/python3.12/site-packages/airflow/example_dags/tutorial_taskflow_api.py
[2024-10-16T11:41:37.250+0000] {logging_mixin.py:190} INFO - [2024-10-16T11:41:37.250+0000] {dag.py:3239} INFO - Sync 1 DAGs
[2024-10-16T11:41:37.268+0000] {logging_mixin.py:190} INFO - [2024-10-16T11:41:37.267+0000] {dag.py:4180} INFO - Setting next_dagrun for tutorial_taskflow_api to None, run_after=None
[2024-10-16T11:41:37.288+0000] {processor.py:208} INFO - Processing /home/airflow/.local/lib/python3.12/site-packages/airflow/example_dags/tutorial_taskflow_api.py took 0.077 seconds
[2024-10-16T11:42:08.195+0000] {processor.py:186} INFO - Started process (PID=127093) to work on /home/airflow/.local/lib/python3.12/site-packages/airflow/example_dags/tutorial_taskflow_api.py
[2024-10-16T11:42:08.196+0000] {processor.py:914} INFO - Processing file /home/airflow/.local/lib/python3.12/site-packages/airflow/example_dags/tutorial_taskflow_api.py for tasks to queue
[2024-10-16T11:42:08.198+0000] {logging_mixin.py:190} INFO - [2024-10-16T11:42:08.197+0000] {dagbag.py:588} INFO - Filling up the DagBag from /home/airflow/.local/lib/python3.12/site-packages/airflow/example_dags/tutorial_taskflow_api.py
[2024-10-16T11:42:08.207+0000] {processor.py:925} INFO - DAG(s) 'tutorial_taskflow_api' retrieved from /home/airflow/.local/lib/python3.12/site-packages/airflow/example_dags/tutorial_taskflow_api.py
[2024-10-16T11:42:08.228+0000] {logging_mixin.py:190} INFO - [2024-10-16T11:42:08.228+0000] {dag.py:3239} INFO - Sync 1 DAGs
[2024-10-16T11:42:08.245+0000] {logging_mixin.py:190} INFO - [2024-10-16T11:42:08.244+0000] {dag.py:4180} INFO - Setting next_dagrun for tutorial_taskflow_api to None, run_after=None
[2024-10-16T11:42:08.267+0000] {processor.py:208} INFO - Processing /home/airflow/.local/lib/python3.12/site-packages/airflow/example_dags/tutorial_taskflow_api.py took 0.079 seconds
[2024-10-16T11:42:38.342+0000] {processor.py:186} INFO - Started process (PID=127156) to work on /home/airflow/.local/lib/python3.12/site-packages/airflow/example_dags/tutorial_taskflow_api.py
[2024-10-16T11:42:38.343+0000] {processor.py:914} INFO - Processing file /home/airflow/.local/lib/python3.12/site-packages/airflow/example_dags/tutorial_taskflow_api.py for tasks to queue
[2024-10-16T11:42:38.344+0000] {logging_mixin.py:190} INFO - [2024-10-16T11:42:38.344+0000] {dagbag.py:588} INFO - Filling up the DagBag from /home/airflow/.local/lib/python3.12/site-packages/airflow/example_dags/tutorial_taskflow_api.py
[2024-10-16T11:42:38.353+0000] {processor.py:925} INFO - DAG(s) 'tutorial_taskflow_api' retrieved from /home/airflow/.local/lib/python3.12/site-packages/airflow/example_dags/tutorial_taskflow_api.py
[2024-10-16T11:42:38.375+0000] {logging_mixin.py:190} INFO - [2024-10-16T11:42:38.375+0000] {dag.py:3239} INFO - Sync 1 DAGs
[2024-10-16T11:42:38.393+0000] {logging_mixin.py:190} INFO - [2024-10-16T11:42:38.392+0000] {dag.py:4180} INFO - Setting next_dagrun for tutorial_taskflow_api to None, run_after=None
[2024-10-16T11:42:38.414+0000] {processor.py:208} INFO - Processing /home/airflow/.local/lib/python3.12/site-packages/airflow/example_dags/tutorial_taskflow_api.py took 0.079 seconds
[2024-10-16T11:43:09.077+0000] {processor.py:186} INFO - Started process (PID=127219) to work on /home/airflow/.local/lib/python3.12/site-packages/airflow/example_dags/tutorial_taskflow_api.py
[2024-10-16T11:43:09.078+0000] {processor.py:914} INFO - Processing file /home/airflow/.local/lib/python3.12/site-packages/airflow/example_dags/tutorial_taskflow_api.py for tasks to queue
[2024-10-16T11:43:09.080+0000] {logging_mixin.py:190} INFO - [2024-10-16T11:43:09.080+0000] {dagbag.py:588} INFO - Filling up the DagBag from /home/airflow/.local/lib/python3.12/site-packages/airflow/example_dags/tutorial_taskflow_api.py
[2024-10-16T11:43:09.090+0000] {processor.py:925} INFO - DAG(s) 'tutorial_taskflow_api' retrieved from /home/airflow/.local/lib/python3.12/site-packages/airflow/example_dags/tutorial_taskflow_api.py
[2024-10-16T11:43:09.115+0000] {logging_mixin.py:190} INFO - [2024-10-16T11:43:09.114+0000] {dag.py:3239} INFO - Sync 1 DAGs
[2024-10-16T11:43:09.133+0000] {logging_mixin.py:190} INFO - [2024-10-16T11:43:09.133+0000] {dag.py:4180} INFO - Setting next_dagrun for tutorial_taskflow_api to None, run_after=None
[2024-10-16T11:43:09.157+0000] {processor.py:208} INFO - Processing /home/airflow/.local/lib/python3.12/site-packages/airflow/example_dags/tutorial_taskflow_api.py took 0.087 seconds
[2024-10-16T11:43:39.379+0000] {processor.py:186} INFO - Started process (PID=127282) to work on /home/airflow/.local/lib/python3.12/site-packages/airflow/example_dags/tutorial_taskflow_api.py
[2024-10-16T11:43:39.380+0000] {processor.py:914} INFO - Processing file /home/airflow/.local/lib/python3.12/site-packages/airflow/example_dags/tutorial_taskflow_api.py for tasks to queue
[2024-10-16T11:43:39.382+0000] {logging_mixin.py:190} INFO - [2024-10-16T11:43:39.381+0000] {dagbag.py:588} INFO - Filling up the DagBag from /home/airflow/.local/lib/python3.12/site-packages/airflow/example_dags/tutorial_taskflow_api.py
[2024-10-16T11:43:39.390+0000] {processor.py:925} INFO - DAG(s) 'tutorial_taskflow_api' retrieved from /home/airflow/.local/lib/python3.12/site-packages/airflow/example_dags/tutorial_taskflow_api.py
[2024-10-16T11:43:39.411+0000] {logging_mixin.py:190} INFO - [2024-10-16T11:43:39.411+0000] {dag.py:3239} INFO - Sync 1 DAGs
[2024-10-16T11:43:39.427+0000] {logging_mixin.py:190} INFO - [2024-10-16T11:43:39.427+0000] {dag.py:4180} INFO - Setting next_dagrun for tutorial_taskflow_api to None, run_after=None
[2024-10-16T11:43:39.446+0000] {processor.py:208} INFO - Processing /home/airflow/.local/lib/python3.12/site-packages/airflow/example_dags/tutorial_taskflow_api.py took 0.073 seconds
[2024-10-16T11:44:09.607+0000] {processor.py:186} INFO - Started process (PID=127345) to work on /home/airflow/.local/lib/python3.12/site-packages/airflow/example_dags/tutorial_taskflow_api.py
[2024-10-16T11:44:09.608+0000] {processor.py:914} INFO - Processing file /home/airflow/.local/lib/python3.12/site-packages/airflow/example_dags/tutorial_taskflow_api.py for tasks to queue
[2024-10-16T11:44:09.610+0000] {logging_mixin.py:190} INFO - [2024-10-16T11:44:09.609+0000] {dagbag.py:588} INFO - Filling up the DagBag from /home/airflow/.local/lib/python3.12/site-packages/airflow/example_dags/tutorial_taskflow_api.py
[2024-10-16T11:44:09.619+0000] {processor.py:925} INFO - DAG(s) 'tutorial_taskflow_api' retrieved from /home/airflow/.local/lib/python3.12/site-packages/airflow/example_dags/tutorial_taskflow_api.py
[2024-10-16T11:44:09.639+0000] {logging_mixin.py:190} INFO - [2024-10-16T11:44:09.638+0000] {dag.py:3239} INFO - Sync 1 DAGs
[2024-10-16T11:44:09.656+0000] {logging_mixin.py:190} INFO - [2024-10-16T11:44:09.656+0000] {dag.py:4180} INFO - Setting next_dagrun for tutorial_taskflow_api to None, run_after=None
[2024-10-16T11:44:09.675+0000] {processor.py:208} INFO - Processing /home/airflow/.local/lib/python3.12/site-packages/airflow/example_dags/tutorial_taskflow_api.py took 0.074 seconds
[2024-10-16T11:44:40.243+0000] {processor.py:186} INFO - Started process (PID=127409) to work on /home/airflow/.local/lib/python3.12/site-packages/airflow/example_dags/tutorial_taskflow_api.py
[2024-10-16T11:44:40.244+0000] {processor.py:914} INFO - Processing file /home/airflow/.local/lib/python3.12/site-packages/airflow/example_dags/tutorial_taskflow_api.py for tasks to queue
[2024-10-16T11:44:40.245+0000] {logging_mixin.py:190} INFO - [2024-10-16T11:44:40.245+0000] {dagbag.py:588} INFO - Filling up the DagBag from /home/airflow/.local/lib/python3.12/site-packages/airflow/example_dags/tutorial_taskflow_api.py
[2024-10-16T11:44:40.255+0000] {processor.py:925} INFO - DAG(s) 'tutorial_taskflow_api' retrieved from /home/airflow/.local/lib/python3.12/site-packages/airflow/example_dags/tutorial_taskflow_api.py
[2024-10-16T11:44:40.278+0000] {logging_mixin.py:190} INFO - [2024-10-16T11:44:40.278+0000] {dag.py:3239} INFO - Sync 1 DAGs
[2024-10-16T11:44:40.296+0000] {logging_mixin.py:190} INFO - [2024-10-16T11:44:40.296+0000] {dag.py:4180} INFO - Setting next_dagrun for tutorial_taskflow_api to None, run_after=None
[2024-10-16T11:44:40.318+0000] {processor.py:208} INFO - Processing /home/airflow/.local/lib/python3.12/site-packages/airflow/example_dags/tutorial_taskflow_api.py took 0.082 seconds
[2024-10-16T11:45:10.604+0000] {processor.py:186} INFO - Started process (PID=127472) to work on /home/airflow/.local/lib/python3.12/site-packages/airflow/example_dags/tutorial_taskflow_api.py
[2024-10-16T11:45:10.605+0000] {processor.py:914} INFO - Processing file /home/airflow/.local/lib/python3.12/site-packages/airflow/example_dags/tutorial_taskflow_api.py for tasks to queue
[2024-10-16T11:45:10.607+0000] {logging_mixin.py:190} INFO - [2024-10-16T11:45:10.606+0000] {dagbag.py:588} INFO - Filling up the DagBag from /home/airflow/.local/lib/python3.12/site-packages/airflow/example_dags/tutorial_taskflow_api.py
[2024-10-16T11:45:10.616+0000] {processor.py:925} INFO - DAG(s) 'tutorial_taskflow_api' retrieved from /home/airflow/.local/lib/python3.12/site-packages/airflow/example_dags/tutorial_taskflow_api.py
[2024-10-16T11:45:10.636+0000] {logging_mixin.py:190} INFO - [2024-10-16T11:45:10.635+0000] {dag.py:3239} INFO - Sync 1 DAGs
[2024-10-16T11:45:10.653+0000] {logging_mixin.py:190} INFO - [2024-10-16T11:45:10.652+0000] {dag.py:4180} INFO - Setting next_dagrun for tutorial_taskflow_api to None, run_after=None
[2024-10-16T11:45:10.675+0000] {processor.py:208} INFO - Processing /home/airflow/.local/lib/python3.12/site-packages/airflow/example_dags/tutorial_taskflow_api.py took 0.077 seconds
[2024-10-16T11:45:40.984+0000] {processor.py:186} INFO - Started process (PID=127535) to work on /home/airflow/.local/lib/python3.12/site-packages/airflow/example_dags/tutorial_taskflow_api.py
[2024-10-16T11:45:40.986+0000] {processor.py:914} INFO - Processing file /home/airflow/.local/lib/python3.12/site-packages/airflow/example_dags/tutorial_taskflow_api.py for tasks to queue
[2024-10-16T11:45:40.987+0000] {logging_mixin.py:190} INFO - [2024-10-16T11:45:40.987+0000] {dagbag.py:588} INFO - Filling up the DagBag from /home/airflow/.local/lib/python3.12/site-packages/airflow/example_dags/tutorial_taskflow_api.py
[2024-10-16T11:45:40.997+0000] {processor.py:925} INFO - DAG(s) 'tutorial_taskflow_api' retrieved from /home/airflow/.local/lib/python3.12/site-packages/airflow/example_dags/tutorial_taskflow_api.py
[2024-10-16T11:45:41.019+0000] {logging_mixin.py:190} INFO - [2024-10-16T11:45:41.019+0000] {dag.py:3239} INFO - Sync 1 DAGs
[2024-10-16T11:45:41.040+0000] {logging_mixin.py:190} INFO - [2024-10-16T11:45:41.039+0000] {dag.py:4180} INFO - Setting next_dagrun for tutorial_taskflow_api to None, run_after=None
[2024-10-16T11:45:41.060+0000] {processor.py:208} INFO - Processing /home/airflow/.local/lib/python3.12/site-packages/airflow/example_dags/tutorial_taskflow_api.py took 0.082 seconds
