[2024-10-17T12:45:48.297+0000] {local_task_job_runner.py:123} INFO - ::group::Pre task execution logs
[2024-10-17T12:45:48.314+0000] {taskinstance.py:2612} INFO - Dependencies all met for dep_context=non-requeueable deps ti=<TaskInstance: pipeline_cadastro_de_zonas.prepare_files manual__2024-10-17T12:45:43.382782+00:00 [queued]>
[2024-10-17T12:45:48.321+0000] {taskinstance.py:2612} INFO - Dependencies all met for dep_context=requeueable deps ti=<TaskInstance: pipeline_cadastro_de_zonas.prepare_files manual__2024-10-17T12:45:43.382782+00:00 [queued]>
[2024-10-17T12:45:48.322+0000] {taskinstance.py:2865} INFO - Starting attempt 1 of 2
[2024-10-17T12:45:48.337+0000] {taskinstance.py:2888} INFO - Executing <Task(PythonOperator): prepare_files> on 2024-10-17 12:45:43.382782+00:00
[2024-10-17T12:45:48.342+0000] {warnings.py:112} WARNING - /home/***/.local/lib/python3.12/site-packages/***/task/task_runner/standard_task_runner.py:70: DeprecationWarning: This process (pid=59) is multi-threaded, use of fork() may lead to deadlocks in the child.
  pid = os.fork()

[2024-10-17T12:45:48.344+0000] {standard_task_runner.py:72} INFO - Started process 61 to run task
[2024-10-17T12:45:48.345+0000] {standard_task_runner.py:104} INFO - Running: ['***', 'tasks', 'run', 'pipeline_cadastro_de_zonas', 'prepare_files', 'manual__2024-10-17T12:45:43.382782+00:00', '--job-id', '16', '--raw', '--subdir', 'DAGS_FOLDER/cadastro_de_zonas.py', '--cfg-path', '/tmp/tmpirhxgu9f']
[2024-10-17T12:45:48.353+0000] {standard_task_runner.py:105} INFO - Job 16: Subtask prepare_files
[2024-10-17T12:45:48.416+0000] {task_command.py:467} INFO - Running <TaskInstance: pipeline_cadastro_de_zonas.prepare_files manual__2024-10-17T12:45:43.382782+00:00 [running]> on host e8815a1e9280
[2024-10-17T12:45:48.502+0000] {taskinstance.py:3131} INFO - Exporting env vars: AIRFLOW_CTX_DAG_OWNER='***' AIRFLOW_CTX_DAG_ID='pipeline_cadastro_de_zonas' AIRFLOW_CTX_TASK_ID='prepare_files' AIRFLOW_CTX_EXECUTION_DATE='2024-10-17T12:45:43.382782+00:00' AIRFLOW_CTX_TRY_NUMBER='1' AIRFLOW_CTX_DAG_RUN_ID='manual__2024-10-17T12:45:43.382782+00:00'
[2024-10-17T12:45:48.504+0000] {logging_mixin.py:190} INFO - Task instance is in running state
[2024-10-17T12:45:48.504+0000] {logging_mixin.py:190} INFO -  Previous state of the Task instance: queued
[2024-10-17T12:45:48.504+0000] {logging_mixin.py:190} INFO - Current task name:prepare_files state:running start_date:2024-10-17 12:45:48.314894+00:00
[2024-10-17T12:45:48.505+0000] {logging_mixin.py:190} INFO - Dag name:pipeline_cadastro_de_zonas and current dag run status:running
[2024-10-17T12:45:48.505+0000] {taskinstance.py:731} INFO - ::endgroup::
[2024-10-17T12:45:48.506+0000] {cadastro_de_zonas.py:73} INFO - Baixando o arquivo CESP_1t_AC_061020241406.zip...
[2024-10-17T12:45:48.507+0000] {logging_mixin.py:190} INFO - Baixando CESP_1t_AC_061020241406.zip...
[2024-10-17T12:45:48.969+0000] {cadastro_de_zonas.py:81} INFO - Descompactando o arquivo CESP_1t_AC_061020241406.zip...
[2024-10-17T12:45:48.970+0000] {logging_mixin.py:190} INFO - Extraindo arquivos...
[2024-10-17T12:45:49.008+0000] {cadastro_de_zonas.py:73} INFO - Baixando o arquivo CESP_1t_AL_061020241406.zip...
[2024-10-17T12:45:49.009+0000] {logging_mixin.py:190} INFO - Baixando CESP_1t_AL_061020241406.zip...
[2024-10-17T12:45:49.250+0000] {cadastro_de_zonas.py:81} INFO - Descompactando o arquivo CESP_1t_AL_061020241406.zip...
[2024-10-17T12:45:49.251+0000] {logging_mixin.py:190} INFO - Extraindo arquivos...
[2024-10-17T12:45:49.288+0000] {python.py:240} INFO - Done. Returned value was: None
[2024-10-17T12:45:49.296+0000] {taskinstance.py:340} INFO - ::group::Post task execution logs
[2024-10-17T12:45:49.297+0000] {taskinstance.py:352} INFO - Marking task as SUCCESS. dag_id=pipeline_cadastro_de_zonas, task_id=prepare_files, run_id=manual__2024-10-17T12:45:43.382782+00:00, execution_date=20241017T124543, start_date=20241017T124548, end_date=20241017T124549
[2024-10-17T12:45:49.307+0000] {logging_mixin.py:190} INFO - Task instance in success state
[2024-10-17T12:45:49.307+0000] {logging_mixin.py:190} INFO -  Previous state of the Task instance: running
[2024-10-17T12:45:49.308+0000] {logging_mixin.py:190} INFO - Dag name:pipeline_cadastro_de_zonas queued_at:2024-10-17 12:45:43.833945+00:00
[2024-10-17T12:45:49.308+0000] {logging_mixin.py:190} INFO - Task hostname:e8815a1e9280 operator:PythonOperator
[2024-10-17T12:45:49.329+0000] {local_task_job_runner.py:266} INFO - Task exited with return code 0
[2024-10-17T12:45:49.345+0000] {taskinstance.py:3900} INFO - 0 downstream tasks scheduled from follow-on schedule check
[2024-10-17T12:45:49.348+0000] {local_task_job_runner.py:245} INFO - ::endgroup::
