[2024-10-17T12:32:23.265+0000] {local_task_job_runner.py:123} INFO - ::group::Pre task execution logs
[2024-10-17T12:32:23.280+0000] {taskinstance.py:2612} INFO - Dependencies all met for dep_context=non-requeueable deps ti=<TaskInstance: pipeline_cadastro_de_zonas.prepare_files scheduled__2024-10-16T00:00:00+00:00 [queued]>
[2024-10-17T12:32:23.289+0000] {taskinstance.py:2612} INFO - Dependencies all met for dep_context=requeueable deps ti=<TaskInstance: pipeline_cadastro_de_zonas.prepare_files scheduled__2024-10-16T00:00:00+00:00 [queued]>
[2024-10-17T12:32:23.289+0000] {taskinstance.py:2865} INFO - Starting attempt 1 of 2
[2024-10-17T12:32:23.303+0000] {taskinstance.py:2888} INFO - Executing <Task(PythonOperator): prepare_files> on 2024-10-16 00:00:00+00:00
[2024-10-17T12:32:23.309+0000] {warnings.py:112} WARNING - /home/***/.local/lib/python3.12/site-packages/***/task/task_runner/standard_task_runner.py:70: DeprecationWarning: This process (pid=87) is multi-threaded, use of fork() may lead to deadlocks in the child.
  pid = os.fork()

[2024-10-17T12:32:23.310+0000] {standard_task_runner.py:72} INFO - Started process 89 to run task
[2024-10-17T12:32:23.310+0000] {standard_task_runner.py:104} INFO - Running: ['***', 'tasks', 'run', 'pipeline_cadastro_de_zonas', 'prepare_files', 'scheduled__2024-10-16T00:00:00+00:00', '--job-id', '13', '--raw', '--subdir', 'DAGS_FOLDER/cadastro_de_zonas.py', '--cfg-path', '/tmp/tmp22_z1xe9']
[2024-10-17T12:32:23.311+0000] {standard_task_runner.py:105} INFO - Job 13: Subtask prepare_files
[2024-10-17T12:32:23.362+0000] {task_command.py:467} INFO - Running <TaskInstance: pipeline_cadastro_de_zonas.prepare_files scheduled__2024-10-16T00:00:00+00:00 [running]> on host b314392f40ca
[2024-10-17T12:32:23.445+0000] {taskinstance.py:3131} INFO - Exporting env vars: AIRFLOW_CTX_DAG_OWNER='***' AIRFLOW_CTX_DAG_ID='pipeline_cadastro_de_zonas' AIRFLOW_CTX_TASK_ID='prepare_files' AIRFLOW_CTX_EXECUTION_DATE='2024-10-16T00:00:00+00:00' AIRFLOW_CTX_TRY_NUMBER='1' AIRFLOW_CTX_DAG_RUN_ID='scheduled__2024-10-16T00:00:00+00:00'
[2024-10-17T12:32:23.447+0000] {logging_mixin.py:190} INFO - Task instance is in running state
[2024-10-17T12:32:23.448+0000] {logging_mixin.py:190} INFO -  Previous state of the Task instance: queued
[2024-10-17T12:32:23.449+0000] {logging_mixin.py:190} INFO - Current task name:prepare_files state:running start_date:2024-10-17 12:32:23.281324+00:00
[2024-10-17T12:32:23.449+0000] {logging_mixin.py:190} INFO - Dag name:pipeline_cadastro_de_zonas and current dag run status:running
[2024-10-17T12:32:23.450+0000] {taskinstance.py:731} INFO - ::endgroup::
[2024-10-17T12:32:23.450+0000] {cadastro_de_zonas.py:73} INFO - Baixando o arquivo CESP_1t_AC_061020241406.zip...
[2024-10-17T12:32:23.451+0000] {logging_mixin.py:190} INFO - Baixando CESP_1t_AC_061020241406.zip...
[2024-10-17T12:32:23.613+0000] {cadastro_de_zonas.py:76} ERROR - Erro ao baixar o arquivo CESP_1t_AC_061020241406.zip: [Errno 2] No such file or directory: '/opt/***/in/CESP_1t_AC_061020241406.zip'
[2024-10-17T12:32:23.614+0000] {cadastro_de_zonas.py:73} INFO - Baixando o arquivo CESP_1t_AL_061020241406.zip...
[2024-10-17T12:32:23.615+0000] {logging_mixin.py:190} INFO - Baixando CESP_1t_AL_061020241406.zip...
[2024-10-17T12:32:23.765+0000] {cadastro_de_zonas.py:76} ERROR - Erro ao baixar o arquivo CESP_1t_AL_061020241406.zip: [Errno 2] No such file or directory: '/opt/***/in/CESP_1t_AL_061020241406.zip'
[2024-10-17T12:32:23.766+0000] {python.py:240} INFO - Done. Returned value was: None
[2024-10-17T12:32:23.776+0000] {taskinstance.py:340} INFO - ::group::Post task execution logs
[2024-10-17T12:32:23.777+0000] {taskinstance.py:352} INFO - Marking task as SUCCESS. dag_id=pipeline_cadastro_de_zonas, task_id=prepare_files, run_id=scheduled__2024-10-16T00:00:00+00:00, execution_date=20241016T000000, start_date=20241017T123223, end_date=20241017T123223
[2024-10-17T12:32:23.790+0000] {logging_mixin.py:190} INFO - Task instance in success state
[2024-10-17T12:32:23.790+0000] {logging_mixin.py:190} INFO -  Previous state of the Task instance: running
[2024-10-17T12:32:23.791+0000] {logging_mixin.py:190} INFO - Dag name:pipeline_cadastro_de_zonas queued_at:2024-10-17 12:32:21.391909+00:00
[2024-10-17T12:32:23.791+0000] {logging_mixin.py:190} INFO - Task hostname:b314392f40ca operator:PythonOperator
[2024-10-17T12:32:23.808+0000] {local_task_job_runner.py:266} INFO - Task exited with return code 0
[2024-10-17T12:32:23.824+0000] {taskinstance.py:3900} INFO - 0 downstream tasks scheduled from follow-on schedule check
[2024-10-17T12:32:23.827+0000] {local_task_job_runner.py:245} INFO - ::endgroup::
